00:50:16.831 Table counts: notes: 301, revisions: 65, attachments: 38, branches: 304, attributes: 446, etapi_tokens: 0, blobs: 275
00:50:16.850 All consistency checks passed with no errors detected (took 19ms)
01:50:16.831 Table counts: notes: 301, revisions: 65, attachments: 38, branches: 304, attributes: 446, etapi_tokens: 0, blobs: 275
01:50:16.851 All consistency checks passed with no errors detected (took 20ms)
02:50:16.834 Table counts: notes: 301, revisions: 65, attachments: 38, branches: 304, attributes: 446, etapi_tokens: 0, blobs: 275
02:50:16.853 All consistency checks passed with no errors detected (took 19ms)
03:50:16.838 Table counts: notes: 301, revisions: 65, attachments: 38, branches: 304, attributes: 446, etapi_tokens: 0, blobs: 275
03:50:16.860 All consistency checks passed with no errors detected (took 23ms)
04:00:23.305 Error: Router not found for request GET /sitemap.xml
04:06:55.879 Error: Router not found for request GET /sitemap.xml
04:06:56.610 Shaca loaded 1 notes, 0 branches, 0 attributes took 21ms
04:06:57.339 Error: Router not found for request GET /v0.63.7/libraries/bootstrap/css/bootstrap.min.css
04:50:16.840 Table counts: notes: 301, revisions: 65, attachments: 38, branches: 304, attributes: 446, etapi_tokens: 0, blobs: 275
04:50:16.858 All consistency checks passed with no errors detected (took 18ms)
05:50:15.951 Optimizing database
05:50:15.954 Optimization finished in 1ms.
05:50:16.840 Table counts: notes: 301, revisions: 65, attachments: 38, branches: 304, attributes: 446, etapi_tokens: 0, blobs: 275
05:50:16.856 All consistency checks passed with no errors detected (took 16ms)
06:50:16.870 Table counts: notes: 301, revisions: 65, attachments: 38, branches: 304, attributes: 446, etapi_tokens: 0, blobs: 275
06:50:16.893 All consistency checks passed with no errors detected (took 24ms)
07:50:16.873 Table counts: notes: 301, revisions: 65, attachments: 38, branches: 304, attributes: 446, etapi_tokens: 0, blobs: 275
07:50:16.893 All consistency checks passed with no errors detected (took 21ms)
08:50:16.896 Table counts: notes: 301, revisions: 65, attachments: 38, branches: 304, attributes: 446, etapi_tokens: 0, blobs: 275
08:50:16.908 All consistency checks passed with no errors detected (took 13ms)
09:50:16.899 Table counts: notes: 301, revisions: 65, attachments: 38, branches: 304, attributes: 446, etapi_tokens: 0, blobs: 275
09:50:16.913 All consistency checks passed with no errors detected (took 15ms)
10:50:16.917 Table counts: notes: 301, revisions: 65, attachments: 38, branches: 304, attributes: 446, etapi_tokens: 0, blobs: 275
10:50:16.933 All consistency checks passed with no errors detected (took 16ms)
11:50:16.925 Table counts: notes: 301, revisions: 65, attachments: 38, branches: 304, attributes: 446, etapi_tokens: 0, blobs: 275
11:50:16.938 All consistency checks passed with no errors detected (took 13ms)
12:50:16.947 Table counts: notes: 301, revisions: 65, attachments: 38, branches: 304, attributes: 446, etapi_tokens: 0, blobs: 275
12:50:16.968 All consistency checks passed with no errors detected (took 22ms)
13:13:52.711 Error: Router not found for request GET /pdown
13:50:16.947 Table counts: notes: 301, revisions: 65, attachments: 38, branches: 304, attributes: 446, etapi_tokens: 0, blobs: 275
13:50:16.966 All consistency checks passed with no errors detected (took 20ms)
14:50:16.947 Table counts: notes: 301, revisions: 65, attachments: 38, branches: 304, attributes: 446, etapi_tokens: 0, blobs: 275
14:50:16.966 All consistency checks passed with no errors detected (took 20ms)
15:50:15.966 Optimizing database
15:50:15.969 Optimization finished in 1ms.
15:50:16.948 Table counts: notes: 301, revisions: 65, attachments: 38, branches: 304, attributes: 446, etapi_tokens: 0, blobs: 275
15:50:16.970 All consistency checks passed with no errors detected (took 22ms)
16:50:16.963 Table counts: notes: 301, revisions: 65, attachments: 38, branches: 304, attributes: 446, etapi_tokens: 0, blobs: 275
16:50:16.981 All consistency checks passed with no errors detected (took 17ms)
17:50:16.966 Table counts: notes: 301, revisions: 65, attachments: 38, branches: 304, attributes: 446, etapi_tokens: 0, blobs: 275
17:50:16.986 All consistency checks passed with no errors detected (took 20ms)
18:50:16.978 Table counts: notes: 301, revisions: 65, attachments: 38, branches: 304, attributes: 446, etapi_tokens: 0, blobs: 275
18:50:16.998 All consistency checks passed with no errors detected (took 21ms)
19:50:16.989 Table counts: notes: 301, revisions: 65, attachments: 38, branches: 304, attributes: 446, etapi_tokens: 0, blobs: 275
19:50:17.013 All consistency checks passed with no errors detected (took 25ms)
20:50:16.996 Table counts: notes: 301, revisions: 65, attachments: 38, branches: 304, attributes: 446, etapi_tokens: 0, blobs: 275
20:50:17.016 All consistency checks passed with no errors detected (took 20ms)
21:50:16.997 Table counts: notes: 301, revisions: 65, attachments: 38, branches: 304, attributes: 446, etapi_tokens: 0, blobs: 275
21:50:17.021 All consistency checks passed with no errors detected (took 25ms)
22:50:17.002 Table counts: notes: 301, revisions: 65, attachments: 38, branches: 304, attributes: 446, etapi_tokens: 0, blobs: 275
22:50:17.021 All consistency checks passed with no errors detected (took 20ms)
23:50:17.006 Table counts: notes: 301, revisions: 65, attachments: 38, branches: 304, attributes: 446, etapi_tokens: 0, blobs: 275
23:50:17.023 All consistency checks passed with no errors detected (took 18ms)
