00:50:15.999 Table counts: notes: 299, revisions: 59, attachments: 38, branches: 302, attributes: 446, etapi_tokens: 0, blobs: 270
00:50:16.014 All consistency checks passed with no errors detected (took 16ms)
01:50:15.999 Table counts: notes: 299, revisions: 59, attachments: 38, branches: 302, attributes: 446, etapi_tokens: 0, blobs: 270
01:50:16.014 All consistency checks passed with no errors detected (took 16ms)
02:50:16.003 Table counts: notes: 299, revisions: 59, attachments: 38, branches: 302, attributes: 446, etapi_tokens: 0, blobs: 270
02:50:16.019 All consistency checks passed with no errors detected (took 17ms)
03:50:16.003 Table counts: notes: 299, revisions: 59, attachments: 38, branches: 302, attributes: 446, etapi_tokens: 0, blobs: 270
03:50:16.018 All consistency checks passed with no errors detected (took 16ms)
04:50:16.006 Table counts: notes: 299, revisions: 59, attachments: 38, branches: 302, attributes: 446, etapi_tokens: 0, blobs: 270
04:50:16.023 All consistency checks passed with no errors detected (took 18ms)
05:50:15.757 Optimizing database
05:50:15.759 Optimization finished in 1ms.
05:50:16.007 Table counts: notes: 299, revisions: 59, attachments: 38, branches: 302, attributes: 446, etapi_tokens: 0, blobs: 270
05:50:16.031 All consistency checks passed with no errors detected (took 24ms)
05:53:53.542 Error: Router not found for request GET /.git/config
06:50:16.010 Table counts: notes: 299, revisions: 59, attachments: 38, branches: 302, attributes: 446, etapi_tokens: 0, blobs: 270
06:50:16.028 All consistency checks passed with no errors detected (took 19ms)
07:50:16.014 Table counts: notes: 299, revisions: 59, attachments: 38, branches: 302, attributes: 446, etapi_tokens: 0, blobs: 270
07:50:16.033 All consistency checks passed with no errors detected (took 20ms)
08:50:16.017 Table counts: notes: 299, revisions: 59, attachments: 38, branches: 302, attributes: 446, etapi_tokens: 0, blobs: 270
08:50:16.037 All consistency checks passed with no errors detected (took 21ms)
09:50:16.016 Table counts: notes: 299, revisions: 59, attachments: 38, branches: 302, attributes: 446, etapi_tokens: 0, blobs: 270
09:50:16.036 All consistency checks passed with no errors detected (took 20ms)
10:50:16.017 Table counts: notes: 299, revisions: 59, attachments: 38, branches: 302, attributes: 446, etapi_tokens: 0, blobs: 270
10:50:16.038 All consistency checks passed with no errors detected (took 21ms)
11:50:16.020 Table counts: notes: 299, revisions: 59, attachments: 38, branches: 302, attributes: 446, etapi_tokens: 0, blobs: 270
11:50:16.042 All consistency checks passed with no errors detected (took 22ms)
12:50:16.022 Table counts: notes: 299, revisions: 59, attachments: 38, branches: 302, attributes: 446, etapi_tokens: 0, blobs: 270
12:50:16.035 All consistency checks passed with no errors detected (took 14ms)
13:50:16.022 Table counts: notes: 299, revisions: 59, attachments: 38, branches: 302, attributes: 446, etapi_tokens: 0, blobs: 270
13:50:16.037 All consistency checks passed with no errors detected (took 15ms)
14:50:16.026 Table counts: notes: 299, revisions: 59, attachments: 38, branches: 302, attributes: 446, etapi_tokens: 0, blobs: 270
14:50:16.041 All consistency checks passed with no errors detected (took 16ms)
15:50:15.760 Optimizing database
15:50:15.762 Optimization finished in 1ms.
15:50:16.027 Table counts: notes: 299, revisions: 59, attachments: 38, branches: 302, attributes: 446, etapi_tokens: 0, blobs: 270
15:50:16.048 All consistency checks passed with no errors detected (took 22ms)
16:50:16.030 Table counts: notes: 299, revisions: 59, attachments: 38, branches: 302, attributes: 446, etapi_tokens: 0, blobs: 270
16:50:16.054 All consistency checks passed with no errors detected (took 25ms)
17:50:16.029 Table counts: notes: 299, revisions: 59, attachments: 38, branches: 302, attributes: 446, etapi_tokens: 0, blobs: 270
17:50:16.047 All consistency checks passed with no errors detected (took 18ms)
18:50:16.033 Table counts: notes: 299, revisions: 59, attachments: 38, branches: 302, attributes: 446, etapi_tokens: 0, blobs: 270
18:50:16.059 All consistency checks passed with no errors detected (took 27ms)
19:50:16.035 Table counts: notes: 299, revisions: 59, attachments: 38, branches: 302, attributes: 446, etapi_tokens: 0, blobs: 270
19:50:16.056 All consistency checks passed with no errors detected (took 20ms)
20:50:16.039 Table counts: notes: 299, revisions: 59, attachments: 38, branches: 302, attributes: 446, etapi_tokens: 0, blobs: 270
20:50:16.060 All consistency checks passed with no errors detected (took 21ms)
21:50:16.039 Table counts: notes: 299, revisions: 59, attachments: 38, branches: 302, attributes: 446, etapi_tokens: 0, blobs: 270
21:50:16.054 All consistency checks passed with no errors detected (took 15ms)
22:50:16.042 Table counts: notes: 299, revisions: 59, attachments: 38, branches: 302, attributes: 446, etapi_tokens: 0, blobs: 270
22:50:16.062 All consistency checks passed with no errors detected (took 20ms)
23:50:16.044 Table counts: notes: 299, revisions: 59, attachments: 38, branches: 302, attributes: 446, etapi_tokens: 0, blobs: 270
23:50:16.059 All consistency checks passed with no errors detected (took 15ms)
