00:22:03.649 Table counts: notes: 287, revisions: 18, attachments: 40, branches: 290, attributes: 441, etapi_tokens: 0, blobs: 227
00:22:03.670 All consistency checks passed with no errors detected (took 21ms)
01:22:03.651 Table counts: notes: 287, revisions: 18, attachments: 40, branches: 290, attributes: 441, etapi_tokens: 0, blobs: 227
01:22:03.664 All consistency checks passed with no errors detected (took 13ms)
02:22:03.660 Table counts: notes: 287, revisions: 18, attachments: 40, branches: 290, attributes: 441, etapi_tokens: 0, blobs: 227
02:22:03.672 All consistency checks passed with no errors detected (took 11ms)
03:22:03.666 Table counts: notes: 287, revisions: 18, attachments: 40, branches: 290, attributes: 441, etapi_tokens: 0, blobs: 227
03:22:03.679 All consistency checks passed with no errors detected (took 13ms)
04:22:03.670 Table counts: notes: 287, revisions: 18, attachments: 40, branches: 290, attributes: 441, etapi_tokens: 0, blobs: 227
04:22:03.683 All consistency checks passed with no errors detected (took 14ms)
05:22:03.669 Table counts: notes: 287, revisions: 18, attachments: 40, branches: 290, attributes: 441, etapi_tokens: 0, blobs: 227
05:22:03.684 All consistency checks passed with no errors detected (took 16ms)
06:22:03.672 Table counts: notes: 287, revisions: 18, attachments: 40, branches: 290, attributes: 441, etapi_tokens: 0, blobs: 227
06:22:03.689 All consistency checks passed with no errors detected (took 17ms)
07:22:03.679 Table counts: notes: 287, revisions: 18, attachments: 40, branches: 290, attributes: 441, etapi_tokens: 0, blobs: 227
07:22:03.697 All consistency checks passed with no errors detected (took 19ms)
08:22:03.704 Table counts: notes: 287, revisions: 18, attachments: 40, branches: 290, attributes: 441, etapi_tokens: 0, blobs: 227
08:22:03.723 All consistency checks passed with no errors detected (took 20ms)
09:21:59.426 Optimizing database
09:21:59.429 Optimization finished in 1ms.
09:21:59.855 Created backup at /root/.local/share/trilium-data/backup/backup-weekly.db
09:22:03.704 Table counts: notes: 287, revisions: 18, attachments: 40, branches: 290, attributes: 441, etapi_tokens: 0, blobs: 227
09:22:03.717 All consistency checks passed with no errors detected (took 14ms)
10:22:03.728 Table counts: notes: 287, revisions: 18, attachments: 40, branches: 290, attributes: 441, etapi_tokens: 0, blobs: 227
10:22:03.739 All consistency checks passed with no errors detected (took 12ms)
11:22:03.751 Table counts: notes: 287, revisions: 18, attachments: 40, branches: 290, attributes: 441, etapi_tokens: 0, blobs: 227
11:22:03.763 All consistency checks passed with no errors detected (took 12ms)
12:22:03.774 Table counts: notes: 287, revisions: 18, attachments: 40, branches: 290, attributes: 441, etapi_tokens: 0, blobs: 227
12:22:03.785 All consistency checks passed with no errors detected (took 11ms)
13:22:03.778 Table counts: notes: 287, revisions: 18, attachments: 40, branches: 290, attributes: 441, etapi_tokens: 0, blobs: 227
13:22:03.792 All consistency checks passed with no errors detected (took 14ms)
14:22:03.782 Table counts: notes: 287, revisions: 18, attachments: 40, branches: 290, attributes: 441, etapi_tokens: 0, blobs: 227
14:22:03.790 All consistency checks passed with no errors detected (took 9ms)
15:22:03.787 Table counts: notes: 287, revisions: 18, attachments: 40, branches: 290, attributes: 441, etapi_tokens: 0, blobs: 227
15:22:03.799 All consistency checks passed with no errors detected (took 14ms)
16:22:03.804 Table counts: notes: 287, revisions: 18, attachments: 40, branches: 290, attributes: 441, etapi_tokens: 0, blobs: 227
16:22:03.817 All consistency checks passed with no errors detected (took 13ms)
17:22:03.807 Table counts: notes: 287, revisions: 18, attachments: 40, branches: 290, attributes: 441, etapi_tokens: 0, blobs: 227
17:22:03.823 All consistency checks passed with no errors detected (took 16ms)
18:22:03.822 Table counts: notes: 287, revisions: 18, attachments: 40, branches: 290, attributes: 441, etapi_tokens: 0, blobs: 227
18:22:03.835 All consistency checks passed with no errors detected (took 12ms)
19:21:59.434 Optimizing database
19:21:59.437 Optimization finished in 1ms.
19:22:03.827 Table counts: notes: 287, revisions: 18, attachments: 40, branches: 290, attributes: 441, etapi_tokens: 0, blobs: 227
19:22:03.869 All consistency checks passed with no errors detected (took 43ms)
20:22:03.840 Table counts: notes: 287, revisions: 18, attachments: 40, branches: 290, attributes: 441, etapi_tokens: 0, blobs: 227
20:22:03.857 All consistency checks passed with no errors detected (took 17ms)
21:22:03.848 Table counts: notes: 287, revisions: 18, attachments: 40, branches: 290, attributes: 441, etapi_tokens: 0, blobs: 227
21:22:03.858 All consistency checks passed with no errors detected (took 11ms)
22:22:03.852 Table counts: notes: 287, revisions: 18, attachments: 40, branches: 290, attributes: 441, etapi_tokens: 0, blobs: 227
22:22:03.865 All consistency checks passed with no errors detected (took 14ms)
23:22:03.856 Table counts: notes: 287, revisions: 18, attachments: 40, branches: 290, attributes: 441, etapi_tokens: 0, blobs: 227
23:22:03.867 All consistency checks passed with no errors detected (took 11ms)
