00:00:44.167 Sync failed: 'Request to GET https://unix.free.svipss.top:8024/api/setup/status failed, error: Error: read ECONNRESET', stack: Error: Request to GET https://unix.free.svipss.top:8024/api/setup/status failed, error: Error: read ECONNRESET
    at generateError (/root/software/trilium-chinese/trilium-linux-x64-server/src/services/request.js:207:12)
    at ClientRequest.<anonymous> (/root/software/trilium-chinese/trilium-linux-x64-server/src/services/request.js:58:47)
    at ClientRequest.emit (node:events:517:28)
    at TLSSocket.socketErrorListener (node:_http_client:501:9)
    at TLSSocket.emit (node:events:517:28)
    at emitErrorNT (node:internal/streams/destroy:151:8)
    at emitErrorCloseNT (node:internal/streams/destroy:116:3)
    at process.processTicksAndRejections (node:internal/process/task_queues:82:21)
00:01:44.182 Sync failed: 'Request to GET https://unix.free.svipss.top:8024/api/setup/status failed, error: Error: read ECONNRESET', stack: Error: Request to GET https://unix.free.svipss.top:8024/api/setup/status failed, error: Error: read ECONNRESET
    at generateError (/root/software/trilium-chinese/trilium-linux-x64-server/src/services/request.js:207:12)
    at ClientRequest.<anonymous> (/root/software/trilium-chinese/trilium-linux-x64-server/src/services/request.js:58:47)
    at ClientRequest.emit (node:events:517:28)
    at TLSSocket.socketErrorListener (node:_http_client:501:9)
    at TLSSocket.emit (node:events:517:28)
    at emitErrorNT (node:internal/streams/destroy:151:8)
    at emitErrorCloseNT (node:internal/streams/destroy:116:3)
    at process.processTicksAndRejections (node:internal/process/task_queues:82:21)
00:02:44.194 Sync failed: 'Request to GET https://unix.free.svipss.top:8024/api/setup/status failed, error: Error: read ECONNRESET', stack: Error: Request to GET https://unix.free.svipss.top:8024/api/setup/status failed, error: Error: read ECONNRESET
    at generateError (/root/software/trilium-chinese/trilium-linux-x64-server/src/services/request.js:207:12)
    at ClientRequest.<anonymous> (/root/software/trilium-chinese/trilium-linux-x64-server/src/services/request.js:58:47)
    at ClientRequest.emit (node:events:517:28)
    at TLSSocket.socketErrorListener (node:_http_client:501:9)
    at TLSSocket.emit (node:events:517:28)
    at emitErrorNT (node:internal/streams/destroy:151:8)
    at emitErrorCloseNT (node:internal/streams/destroy:116:3)
    at process.processTicksAndRejections (node:internal/process/task_queues:82:21)
00:03:44.211 Sync failed: 'Request to GET https://unix.free.svipss.top:8024/api/setup/status failed, error: Error: read ECONNRESET', stack: Error: Request to GET https://unix.free.svipss.top:8024/api/setup/status failed, error: Error: read ECONNRESET
    at generateError (/root/software/trilium-chinese/trilium-linux-x64-server/src/services/request.js:207:12)
    at ClientRequest.<anonymous> (/root/software/trilium-chinese/trilium-linux-x64-server/src/services/request.js:58:47)
    at ClientRequest.emit (node:events:517:28)
    at TLSSocket.socketErrorListener (node:_http_client:501:9)
    at TLSSocket.emit (node:events:517:28)
    at emitErrorNT (node:internal/streams/destroy:151:8)
    at emitErrorCloseNT (node:internal/streams/destroy:116:3)
    at process.processTicksAndRejections (node:internal/process/task_queues:82:21)
00:04:44.226 Sync failed: 'Request to GET https://unix.free.svipss.top:8024/api/setup/status failed, error: Error: read ECONNRESET', stack: Error: Request to GET https://unix.free.svipss.top:8024/api/setup/status failed, error: Error: read ECONNRESET
    at generateError (/root/software/trilium-chinese/trilium-linux-x64-server/src/services/request.js:207:12)
    at ClientRequest.<anonymous> (/root/software/trilium-chinese/trilium-linux-x64-server/src/services/request.js:58:47)
    at ClientRequest.emit (node:events:517:28)
    at TLSSocket.socketErrorListener (node:_http_client:501:9)
    at TLSSocket.emit (node:events:517:28)
    at emitErrorNT (node:internal/streams/destroy:151:8)
    at emitErrorCloseNT (node:internal/streams/destroy:116:3)
    at process.processTicksAndRejections (node:internal/process/task_queues:82:21)
00:05:44.239 Sync failed: 'Request to GET https://unix.free.svipss.top:8024/api/setup/status failed, error: Error: read ECONNRESET', stack: Error: Request to GET https://unix.free.svipss.top:8024/api/setup/status failed, error: Error: read ECONNRESET
    at generateError (/root/software/trilium-chinese/trilium-linux-x64-server/src/services/request.js:207:12)
    at ClientRequest.<anonymous> (/root/software/trilium-chinese/trilium-linux-x64-server/src/services/request.js:58:47)
    at ClientRequest.emit (node:events:517:28)
    at TLSSocket.socketErrorListener (node:_http_client:501:9)
    at TLSSocket.emit (node:events:517:28)
    at emitErrorNT (node:internal/streams/destroy:151:8)
    at emitErrorCloseNT (node:internal/streams/destroy:116:3)
    at process.processTicksAndRejections (node:internal/process/task_queues:82:21)
00:06:44.249 Sync failed: 'Request to GET https://unix.free.svipss.top:8024/api/setup/status failed, error: Error: read ECONNRESET', stack: Error: Request to GET https://unix.free.svipss.top:8024/api/setup/status failed, error: Error: read ECONNRESET
    at generateError (/root/software/trilium-chinese/trilium-linux-x64-server/src/services/request.js:207:12)
    at ClientRequest.<anonymous> (/root/software/trilium-chinese/trilium-linux-x64-server/src/services/request.js:58:47)
    at ClientRequest.emit (node:events:517:28)
    at TLSSocket.socketErrorListener (node:_http_client:501:9)
    at TLSSocket.emit (node:events:517:28)
    at emitErrorNT (node:internal/streams/destroy:151:8)
    at emitErrorCloseNT (node:internal/streams/destroy:116:3)
    at process.processTicksAndRejections (node:internal/process/task_queues:82:21)
00:07:44.269 Sync failed: 'Request to GET https://unix.free.svipss.top:8024/api/setup/status failed, error: Error: read ECONNRESET', stack: Error: Request to GET https://unix.free.svipss.top:8024/api/setup/status failed, error: Error: read ECONNRESET
    at generateError (/root/software/trilium-chinese/trilium-linux-x64-server/src/services/request.js:207:12)
    at ClientRequest.<anonymous> (/root/software/trilium-chinese/trilium-linux-x64-server/src/services/request.js:58:47)
    at ClientRequest.emit (node:events:517:28)
    at TLSSocket.socketErrorListener (node:_http_client:501:9)
    at TLSSocket.emit (node:events:517:28)
    at emitErrorNT (node:internal/streams/destroy:151:8)
    at emitErrorCloseNT (node:internal/streams/destroy:116:3)
    at process.processTicksAndRejections (node:internal/process/task_queues:82:21)
00:08:44.271 Sync failed: 'Request to GET https://unix.free.svipss.top:8024/api/setup/status failed, error: Error: read ECONNRESET', stack: Error: Request to GET https://unix.free.svipss.top:8024/api/setup/status failed, error: Error: read ECONNRESET
    at generateError (/root/software/trilium-chinese/trilium-linux-x64-server/src/services/request.js:207:12)
    at ClientRequest.<anonymous> (/root/software/trilium-chinese/trilium-linux-x64-server/src/services/request.js:58:47)
    at ClientRequest.emit (node:events:517:28)
    at TLSSocket.socketErrorListener (node:_http_client:501:9)
    at TLSSocket.emit (node:events:517:28)
    at emitErrorNT (node:internal/streams/destroy:151:8)
    at emitErrorCloseNT (node:internal/streams/destroy:116:3)
    at process.processTicksAndRejections (node:internal/process/task_queues:82:21)
00:09:44.284 Sync failed: 'Request to GET https://unix.free.svipss.top:8024/api/setup/status failed, error: Error: read ECONNRESET', stack: Error: Request to GET https://unix.free.svipss.top:8024/api/setup/status failed, error: Error: read ECONNRESET
    at generateError (/root/software/trilium-chinese/trilium-linux-x64-server/src/services/request.js:207:12)
    at ClientRequest.<anonymous> (/root/software/trilium-chinese/trilium-linux-x64-server/src/services/request.js:58:47)
    at ClientRequest.emit (node:events:517:28)
    at TLSSocket.socketErrorListener (node:_http_client:501:9)
    at TLSSocket.emit (node:events:517:28)
    at emitErrorNT (node:internal/streams/destroy:151:8)
    at emitErrorCloseNT (node:internal/streams/destroy:116:3)
    at process.processTicksAndRejections (node:internal/process/task_queues:82:21)
00:10:44.299 Sync failed: 'Request to GET https://unix.free.svipss.top:8024/api/setup/status failed, error: Error: read ECONNRESET', stack: Error: Request to GET https://unix.free.svipss.top:8024/api/setup/status failed, error: Error: read ECONNRESET
    at generateError (/root/software/trilium-chinese/trilium-linux-x64-server/src/services/request.js:207:12)
    at ClientRequest.<anonymous> (/root/software/trilium-chinese/trilium-linux-x64-server/src/services/request.js:58:47)
    at ClientRequest.emit (node:events:517:28)
    at TLSSocket.socketErrorListener (node:_http_client:501:9)
    at TLSSocket.emit (node:events:517:28)
    at emitErrorNT (node:internal/streams/destroy:151:8)
    at emitErrorCloseNT (node:internal/streams/destroy:116:3)
    at process.processTicksAndRejections (node:internal/process/task_queues:82:21)
00:11:44.323 Sync failed: 'Request to GET https://unix.free.svipss.top:8024/api/setup/status failed, error: Error: read ECONNRESET', stack: Error: Request to GET https://unix.free.svipss.top:8024/api/setup/status failed, error: Error: read ECONNRESET
    at generateError (/root/software/trilium-chinese/trilium-linux-x64-server/src/services/request.js:207:12)
    at ClientRequest.<anonymous> (/root/software/trilium-chinese/trilium-linux-x64-server/src/services/request.js:58:47)
    at ClientRequest.emit (node:events:517:28)
    at TLSSocket.socketErrorListener (node:_http_client:501:9)
    at TLSSocket.emit (node:events:517:28)
    at emitErrorNT (node:internal/streams/destroy:151:8)
    at emitErrorCloseNT (node:internal/streams/destroy:116:3)
    at process.processTicksAndRejections (node:internal/process/task_queues:82:21)
00:12:44.314 Sync failed: 'Request to GET https://unix.free.svipss.top:8024/api/setup/status failed, error: Error: read ECONNRESET', stack: Error: Request to GET https://unix.free.svipss.top:8024/api/setup/status failed, error: Error: read ECONNRESET
    at generateError (/root/software/trilium-chinese/trilium-linux-x64-server/src/services/request.js:207:12)
    at ClientRequest.<anonymous> (/root/software/trilium-chinese/trilium-linux-x64-server/src/services/request.js:58:47)
    at ClientRequest.emit (node:events:517:28)
    at TLSSocket.socketErrorListener (node:_http_client:501:9)
    at TLSSocket.emit (node:events:517:28)
    at emitErrorNT (node:internal/streams/destroy:151:8)
    at emitErrorCloseNT (node:internal/streams/destroy:116:3)
    at process.processTicksAndRejections (node:internal/process/task_queues:82:21)
00:13:44.340 Sync failed: 'Request to GET https://unix.free.svipss.top:8024/api/setup/status failed, error: Error: read ECONNRESET', stack: Error: Request to GET https://unix.free.svipss.top:8024/api/setup/status failed, error: Error: read ECONNRESET
    at generateError (/root/software/trilium-chinese/trilium-linux-x64-server/src/services/request.js:207:12)
    at ClientRequest.<anonymous> (/root/software/trilium-chinese/trilium-linux-x64-server/src/services/request.js:58:47)
    at ClientRequest.emit (node:events:517:28)
    at TLSSocket.socketErrorListener (node:_http_client:501:9)
    at TLSSocket.emit (node:events:517:28)
    at emitErrorNT (node:internal/streams/destroy:151:8)
    at emitErrorCloseNT (node:internal/streams/destroy:116:3)
    at process.processTicksAndRejections (node:internal/process/task_queues:82:21)
00:14:44.340 Sync failed: 'Request to GET https://unix.free.svipss.top:8024/api/setup/status failed, error: Error: read ECONNRESET', stack: Error: Request to GET https://unix.free.svipss.top:8024/api/setup/status failed, error: Error: read ECONNRESET
    at generateError (/root/software/trilium-chinese/trilium-linux-x64-server/src/services/request.js:207:12)
    at ClientRequest.<anonymous> (/root/software/trilium-chinese/trilium-linux-x64-server/src/services/request.js:58:47)
    at ClientRequest.emit (node:events:517:28)
    at TLSSocket.socketErrorListener (node:_http_client:501:9)
    at TLSSocket.emit (node:events:517:28)
    at emitErrorNT (node:internal/streams/destroy:151:8)
    at emitErrorCloseNT (node:internal/streams/destroy:116:3)
    at process.processTicksAndRejections (node:internal/process/task_queues:82:21)
00:15:44.441 Sync failed: 'Request to GET https://unix.free.svipss.top:8024/api/setup/status failed, error: Error: read ECONNRESET', stack: Error: Request to GET https://unix.free.svipss.top:8024/api/setup/status failed, error: Error: read ECONNRESET
    at generateError (/root/software/trilium-chinese/trilium-linux-x64-server/src/services/request.js:207:12)
    at ClientRequest.<anonymous> (/root/software/trilium-chinese/trilium-linux-x64-server/src/services/request.js:58:47)
    at ClientRequest.emit (node:events:517:28)
    at TLSSocket.socketErrorListener (node:_http_client:501:9)
    at TLSSocket.emit (node:events:517:28)
    at emitErrorNT (node:internal/streams/destroy:151:8)
    at emitErrorCloseNT (node:internal/streams/destroy:116:3)
    at process.processTicksAndRejections (node:internal/process/task_queues:82:21)
00:16:44.367 Sync failed: 'Request to GET https://unix.free.svipss.top:8024/api/setup/status failed, error: Error: read ECONNRESET', stack: Error: Request to GET https://unix.free.svipss.top:8024/api/setup/status failed, error: Error: read ECONNRESET
    at generateError (/root/software/trilium-chinese/trilium-linux-x64-server/src/services/request.js:207:12)
    at ClientRequest.<anonymous> (/root/software/trilium-chinese/trilium-linux-x64-server/src/services/request.js:58:47)
    at ClientRequest.emit (node:events:517:28)
    at TLSSocket.socketErrorListener (node:_http_client:501:9)
    at TLSSocket.emit (node:events:517:28)
    at emitErrorNT (node:internal/streams/destroy:151:8)
    at emitErrorCloseNT (node:internal/streams/destroy:116:3)
    at process.processTicksAndRejections (node:internal/process/task_queues:82:21)
00:17:44.392 Sync failed: 'Request to GET https://unix.free.svipss.top:8024/api/setup/status failed, error: Error: read ECONNRESET', stack: Error: Request to GET https://unix.free.svipss.top:8024/api/setup/status failed, error: Error: read ECONNRESET
    at generateError (/root/software/trilium-chinese/trilium-linux-x64-server/src/services/request.js:207:12)
    at ClientRequest.<anonymous> (/root/software/trilium-chinese/trilium-linux-x64-server/src/services/request.js:58:47)
    at ClientRequest.emit (node:events:517:28)
    at TLSSocket.socketErrorListener (node:_http_client:501:9)
    at TLSSocket.emit (node:events:517:28)
    at emitErrorNT (node:internal/streams/destroy:151:8)
    at emitErrorCloseNT (node:internal/streams/destroy:116:3)
    at process.processTicksAndRejections (node:internal/process/task_queues:82:21)
00:18:44.396 Sync failed: 'Request to GET https://unix.free.svipss.top:8024/api/setup/status failed, error: Error: read ECONNRESET', stack: Error: Request to GET https://unix.free.svipss.top:8024/api/setup/status failed, error: Error: read ECONNRESET
    at generateError (/root/software/trilium-chinese/trilium-linux-x64-server/src/services/request.js:207:12)
    at ClientRequest.<anonymous> (/root/software/trilium-chinese/trilium-linux-x64-server/src/services/request.js:58:47)
    at ClientRequest.emit (node:events:517:28)
    at TLSSocket.socketErrorListener (node:_http_client:501:9)
    at TLSSocket.emit (node:events:517:28)
    at emitErrorNT (node:internal/streams/destroy:151:8)
    at emitErrorCloseNT (node:internal/streams/destroy:116:3)
    at process.processTicksAndRejections (node:internal/process/task_queues:82:21)
00:19:44.422 Sync failed: 'Request to GET https://unix.free.svipss.top:8024/api/setup/status failed, error: Error: read ECONNRESET', stack: Error: Request to GET https://unix.free.svipss.top:8024/api/setup/status failed, error: Error: read ECONNRESET
    at generateError (/root/software/trilium-chinese/trilium-linux-x64-server/src/services/request.js:207:12)
    at ClientRequest.<anonymous> (/root/software/trilium-chinese/trilium-linux-x64-server/src/services/request.js:58:47)
    at ClientRequest.emit (node:events:517:28)
    at TLSSocket.socketErrorListener (node:_http_client:501:9)
    at TLSSocket.emit (node:events:517:28)
    at emitErrorNT (node:internal/streams/destroy:151:8)
    at emitErrorCloseNT (node:internal/streams/destroy:116:3)
    at process.processTicksAndRejections (node:internal/process/task_queues:82:21)
00:20:44.426 Sync failed: 'Request to GET https://unix.free.svipss.top:8024/api/setup/status failed, error: Error: read ECONNRESET', stack: Error: Request to GET https://unix.free.svipss.top:8024/api/setup/status failed, error: Error: read ECONNRESET
    at generateError (/root/software/trilium-chinese/trilium-linux-x64-server/src/services/request.js:207:12)
    at ClientRequest.<anonymous> (/root/software/trilium-chinese/trilium-linux-x64-server/src/services/request.js:58:47)
    at ClientRequest.emit (node:events:517:28)
    at TLSSocket.socketErrorListener (node:_http_client:501:9)
    at TLSSocket.emit (node:events:517:28)
    at emitErrorNT (node:internal/streams/destroy:151:8)
    at emitErrorCloseNT (node:internal/streams/destroy:116:3)
    at process.processTicksAndRejections (node:internal/process/task_queues:82:21)
00:21:44.494 Sync failed: 'Request to GET https://unix.free.svipss.top:8024/api/setup/status failed, error: Error: read ECONNRESET', stack: Error: Request to GET https://unix.free.svipss.top:8024/api/setup/status failed, error: Error: read ECONNRESET
    at generateError (/root/software/trilium-chinese/trilium-linux-x64-server/src/services/request.js:207:12)
    at ClientRequest.<anonymous> (/root/software/trilium-chinese/trilium-linux-x64-server/src/services/request.js:58:47)
    at ClientRequest.emit (node:events:517:28)
    at TLSSocket.socketErrorListener (node:_http_client:501:9)
    at TLSSocket.emit (node:events:517:28)
    at emitErrorNT (node:internal/streams/destroy:151:8)
    at emitErrorCloseNT (node:internal/streams/destroy:116:3)
    at process.processTicksAndRejections (node:internal/process/task_queues:82:21)
00:22:44.456 Sync failed: 'Request to GET https://unix.free.svipss.top:8024/api/setup/status failed, error: Error: read ECONNRESET', stack: Error: Request to GET https://unix.free.svipss.top:8024/api/setup/status failed, error: Error: read ECONNRESET
    at generateError (/root/software/trilium-chinese/trilium-linux-x64-server/src/services/request.js:207:12)
    at ClientRequest.<anonymous> (/root/software/trilium-chinese/trilium-linux-x64-server/src/services/request.js:58:47)
    at ClientRequest.emit (node:events:517:28)
    at TLSSocket.socketErrorListener (node:_http_client:501:9)
    at TLSSocket.emit (node:events:517:28)
    at emitErrorNT (node:internal/streams/destroy:151:8)
    at emitErrorCloseNT (node:internal/streams/destroy:116:3)
    at process.processTicksAndRejections (node:internal/process/task_queues:82:21)
00:23:44.479 Sync failed: 'Request to GET https://unix.free.svipss.top:8024/api/setup/status failed, error: Error: read ECONNRESET', stack: Error: Request to GET https://unix.free.svipss.top:8024/api/setup/status failed, error: Error: read ECONNRESET
    at generateError (/root/software/trilium-chinese/trilium-linux-x64-server/src/services/request.js:207:12)
    at ClientRequest.<anonymous> (/root/software/trilium-chinese/trilium-linux-x64-server/src/services/request.js:58:47)
    at ClientRequest.emit (node:events:517:28)
    at TLSSocket.socketErrorListener (node:_http_client:501:9)
    at TLSSocket.emit (node:events:517:28)
    at emitErrorNT (node:internal/streams/destroy:151:8)
    at emitErrorCloseNT (node:internal/streams/destroy:116:3)
    at process.processTicksAndRejections (node:internal/process/task_queues:82:21)
00:24:44.483 Sync failed: 'Request to GET https://unix.free.svipss.top:8024/api/setup/status failed, error: Error: read ECONNRESET', stack: Error: Request to GET https://unix.free.svipss.top:8024/api/setup/status failed, error: Error: read ECONNRESET
    at generateError (/root/software/trilium-chinese/trilium-linux-x64-server/src/services/request.js:207:12)
    at ClientRequest.<anonymous> (/root/software/trilium-chinese/trilium-linux-x64-server/src/services/request.js:58:47)
    at ClientRequest.emit (node:events:517:28)
    at TLSSocket.socketErrorListener (node:_http_client:501:9)
    at TLSSocket.emit (node:events:517:28)
    at emitErrorNT (node:internal/streams/destroy:151:8)
    at emitErrorCloseNT (node:internal/streams/destroy:116:3)
    at process.processTicksAndRejections (node:internal/process/task_queues:82:21)
00:25:44.498 Sync failed: 'Request to GET https://unix.free.svipss.top:8024/api/setup/status failed, error: Error: read ECONNRESET', stack: Error: Request to GET https://unix.free.svipss.top:8024/api/setup/status failed, error: Error: read ECONNRESET
    at generateError (/root/software/trilium-chinese/trilium-linux-x64-server/src/services/request.js:207:12)
    at ClientRequest.<anonymous> (/root/software/trilium-chinese/trilium-linux-x64-server/src/services/request.js:58:47)
    at ClientRequest.emit (node:events:517:28)
    at TLSSocket.socketErrorListener (node:_http_client:501:9)
    at TLSSocket.emit (node:events:517:28)
    at emitErrorNT (node:internal/streams/destroy:151:8)
    at emitErrorCloseNT (node:internal/streams/destroy:116:3)
    at process.processTicksAndRejections (node:internal/process/task_queues:82:21)
00:26:44.497 Sync failed: 'Request to GET https://unix.free.svipss.top:8024/api/setup/status failed, error: Error: read ECONNRESET', stack: Error: Request to GET https://unix.free.svipss.top:8024/api/setup/status failed, error: Error: read ECONNRESET
    at generateError (/root/software/trilium-chinese/trilium-linux-x64-server/src/services/request.js:207:12)
    at ClientRequest.<anonymous> (/root/software/trilium-chinese/trilium-linux-x64-server/src/services/request.js:58:47)
    at ClientRequest.emit (node:events:517:28)
    at TLSSocket.socketErrorListener (node:_http_client:501:9)
    at TLSSocket.emit (node:events:517:28)
    at emitErrorNT (node:internal/streams/destroy:151:8)
    at emitErrorCloseNT (node:internal/streams/destroy:116:3)
    at process.processTicksAndRejections (node:internal/process/task_queues:82:21)
00:27:44.521 Sync failed: 'Request to GET https://unix.free.svipss.top:8024/api/setup/status failed, error: Error: read ECONNRESET', stack: Error: Request to GET https://unix.free.svipss.top:8024/api/setup/status failed, error: Error: read ECONNRESET
    at generateError (/root/software/trilium-chinese/trilium-linux-x64-server/src/services/request.js:207:12)
    at ClientRequest.<anonymous> (/root/software/trilium-chinese/trilium-linux-x64-server/src/services/request.js:58:47)
    at ClientRequest.emit (node:events:517:28)
    at TLSSocket.socketErrorListener (node:_http_client:501:9)
    at TLSSocket.emit (node:events:517:28)
    at emitErrorNT (node:internal/streams/destroy:151:8)
    at emitErrorCloseNT (node:internal/streams/destroy:116:3)
    at process.processTicksAndRejections (node:internal/process/task_queues:82:21)
00:28:44.521 Sync failed: 'Request to GET https://unix.free.svipss.top:8024/api/setup/status failed, error: Error: read ECONNRESET', stack: Error: Request to GET https://unix.free.svipss.top:8024/api/setup/status failed, error: Error: read ECONNRESET
    at generateError (/root/software/trilium-chinese/trilium-linux-x64-server/src/services/request.js:207:12)
    at ClientRequest.<anonymous> (/root/software/trilium-chinese/trilium-linux-x64-server/src/services/request.js:58:47)
    at ClientRequest.emit (node:events:517:28)
    at TLSSocket.socketErrorListener (node:_http_client:501:9)
    at TLSSocket.emit (node:events:517:28)
    at emitErrorNT (node:internal/streams/destroy:151:8)
    at emitErrorCloseNT (node:internal/streams/destroy:116:3)
    at process.processTicksAndRejections (node:internal/process/task_queues:82:21)
00:29:44.524 Sync failed: 'Request to GET https://unix.free.svipss.top:8024/api/setup/status failed, error: Error: read ECONNRESET', stack: Error: Request to GET https://unix.free.svipss.top:8024/api/setup/status failed, error: Error: read ECONNRESET
    at generateError (/root/software/trilium-chinese/trilium-linux-x64-server/src/services/request.js:207:12)
    at ClientRequest.<anonymous> (/root/software/trilium-chinese/trilium-linux-x64-server/src/services/request.js:58:47)
    at ClientRequest.emit (node:events:517:28)
    at TLSSocket.socketErrorListener (node:_http_client:501:9)
    at TLSSocket.emit (node:events:517:28)
    at emitErrorNT (node:internal/streams/destroy:151:8)
    at emitErrorCloseNT (node:internal/streams/destroy:116:3)
    at process.processTicksAndRejections (node:internal/process/task_queues:82:21)
00:30:44.613 Sync failed: 'Request to GET https://unix.free.svipss.top:8024/api/setup/status failed, error: Error: read ECONNRESET', stack: Error: Request to GET https://unix.free.svipss.top:8024/api/setup/status failed, error: Error: read ECONNRESET
    at generateError (/root/software/trilium-chinese/trilium-linux-x64-server/src/services/request.js:207:12)
    at ClientRequest.<anonymous> (/root/software/trilium-chinese/trilium-linux-x64-server/src/services/request.js:58:47)
    at ClientRequest.emit (node:events:517:28)
    at TLSSocket.socketErrorListener (node:_http_client:501:9)
    at TLSSocket.emit (node:events:517:28)
    at emitErrorNT (node:internal/streams/destroy:151:8)
    at emitErrorCloseNT (node:internal/streams/destroy:116:3)
    at process.processTicksAndRejections (node:internal/process/task_queues:82:21)
00:31:44.560 Sync failed: 'Request to GET https://unix.free.svipss.top:8024/api/setup/status failed, error: Error: read ECONNRESET', stack: Error: Request to GET https://unix.free.svipss.top:8024/api/setup/status failed, error: Error: read ECONNRESET
    at generateError (/root/software/trilium-chinese/trilium-linux-x64-server/src/services/request.js:207:12)
    at ClientRequest.<anonymous> (/root/software/trilium-chinese/trilium-linux-x64-server/src/services/request.js:58:47)
    at ClientRequest.emit (node:events:517:28)
    at TLSSocket.socketErrorListener (node:_http_client:501:9)
    at TLSSocket.emit (node:events:517:28)
    at emitErrorNT (node:internal/streams/destroy:151:8)
    at emitErrorCloseNT (node:internal/streams/destroy:116:3)
    at process.processTicksAndRejections (node:internal/process/task_queues:82:21)
00:32:44.566 Sync failed: 'Request to GET https://unix.free.svipss.top:8024/api/setup/status failed, error: Error: read ECONNRESET', stack: Error: Request to GET https://unix.free.svipss.top:8024/api/setup/status failed, error: Error: read ECONNRESET
    at generateError (/root/software/trilium-chinese/trilium-linux-x64-server/src/services/request.js:207:12)
    at ClientRequest.<anonymous> (/root/software/trilium-chinese/trilium-linux-x64-server/src/services/request.js:58:47)
    at ClientRequest.emit (node:events:517:28)
    at TLSSocket.socketErrorListener (node:_http_client:501:9)
    at TLSSocket.emit (node:events:517:28)
    at emitErrorNT (node:internal/streams/destroy:151:8)
    at emitErrorCloseNT (node:internal/streams/destroy:116:3)
    at process.processTicksAndRejections (node:internal/process/task_queues:82:21)
00:33:44.580 Sync failed: 'Request to GET https://unix.free.svipss.top:8024/api/setup/status failed, error: Error: read ECONNRESET', stack: Error: Request to GET https://unix.free.svipss.top:8024/api/setup/status failed, error: Error: read ECONNRESET
    at generateError (/root/software/trilium-chinese/trilium-linux-x64-server/src/services/request.js:207:12)
    at ClientRequest.<anonymous> (/root/software/trilium-chinese/trilium-linux-x64-server/src/services/request.js:58:47)
    at ClientRequest.emit (node:events:517:28)
    at TLSSocket.socketErrorListener (node:_http_client:501:9)
    at TLSSocket.emit (node:events:517:28)
    at emitErrorNT (node:internal/streams/destroy:151:8)
    at emitErrorCloseNT (node:internal/streams/destroy:116:3)
    at process.processTicksAndRejections (node:internal/process/task_queues:82:21)
00:34:44.593 Sync failed: 'Request to GET https://unix.free.svipss.top:8024/api/setup/status failed, error: Error: read ECONNRESET', stack: Error: Request to GET https://unix.free.svipss.top:8024/api/setup/status failed, error: Error: read ECONNRESET
    at generateError (/root/software/trilium-chinese/trilium-linux-x64-server/src/services/request.js:207:12)
    at ClientRequest.<anonymous> (/root/software/trilium-chinese/trilium-linux-x64-server/src/services/request.js:58:47)
    at ClientRequest.emit (node:events:517:28)
    at TLSSocket.socketErrorListener (node:_http_client:501:9)
    at TLSSocket.emit (node:events:517:28)
    at emitErrorNT (node:internal/streams/destroy:151:8)
    at emitErrorCloseNT (node:internal/streams/destroy:116:3)
    at process.processTicksAndRejections (node:internal/process/task_queues:82:21)
00:35:44.615 Sync failed: 'Request to GET https://unix.free.svipss.top:8024/api/setup/status failed, error: Error: read ECONNRESET', stack: Error: Request to GET https://unix.free.svipss.top:8024/api/setup/status failed, error: Error: read ECONNRESET
    at generateError (/root/software/trilium-chinese/trilium-linux-x64-server/src/services/request.js:207:12)
    at ClientRequest.<anonymous> (/root/software/trilium-chinese/trilium-linux-x64-server/src/services/request.js:58:47)
    at ClientRequest.emit (node:events:517:28)
    at TLSSocket.socketErrorListener (node:_http_client:501:9)
    at TLSSocket.emit (node:events:517:28)
    at emitErrorNT (node:internal/streams/destroy:151:8)
    at emitErrorCloseNT (node:internal/streams/destroy:116:3)
    at process.processTicksAndRejections (node:internal/process/task_queues:82:21)
00:36:44.623 Sync failed: 'Request to GET https://unix.free.svipss.top:8024/api/setup/status failed, error: Error: read ECONNRESET', stack: Error: Request to GET https://unix.free.svipss.top:8024/api/setup/status failed, error: Error: read ECONNRESET
    at generateError (/root/software/trilium-chinese/trilium-linux-x64-server/src/services/request.js:207:12)
    at ClientRequest.<anonymous> (/root/software/trilium-chinese/trilium-linux-x64-server/src/services/request.js:58:47)
    at ClientRequest.emit (node:events:517:28)
    at TLSSocket.socketErrorListener (node:_http_client:501:9)
    at TLSSocket.emit (node:events:517:28)
    at emitErrorNT (node:internal/streams/destroy:151:8)
    at emitErrorCloseNT (node:internal/streams/destroy:116:3)
    at process.processTicksAndRejections (node:internal/process/task_queues:82:21)
00:37:44.638 Sync failed: 'Request to GET https://unix.free.svipss.top:8024/api/setup/status failed, error: Error: read ECONNRESET', stack: Error: Request to GET https://unix.free.svipss.top:8024/api/setup/status failed, error: Error: read ECONNRESET
    at generateError (/root/software/trilium-chinese/trilium-linux-x64-server/src/services/request.js:207:12)
    at ClientRequest.<anonymous> (/root/software/trilium-chinese/trilium-linux-x64-server/src/services/request.js:58:47)
    at ClientRequest.emit (node:events:517:28)
    at TLSSocket.socketErrorListener (node:_http_client:501:9)
    at TLSSocket.emit (node:events:517:28)
    at emitErrorNT (node:internal/streams/destroy:151:8)
    at emitErrorCloseNT (node:internal/streams/destroy:116:3)
    at process.processTicksAndRejections (node:internal/process/task_queues:82:21)
00:38:44.650 Sync failed: 'Request to GET https://unix.free.svipss.top:8024/api/setup/status failed, error: Error: read ECONNRESET', stack: Error: Request to GET https://unix.free.svipss.top:8024/api/setup/status failed, error: Error: read ECONNRESET
    at generateError (/root/software/trilium-chinese/trilium-linux-x64-server/src/services/request.js:207:12)
    at ClientRequest.<anonymous> (/root/software/trilium-chinese/trilium-linux-x64-server/src/services/request.js:58:47)
    at ClientRequest.emit (node:events:517:28)
    at TLSSocket.socketErrorListener (node:_http_client:501:9)
    at TLSSocket.emit (node:events:517:28)
    at emitErrorNT (node:internal/streams/destroy:151:8)
    at emitErrorCloseNT (node:internal/streams/destroy:116:3)
    at process.processTicksAndRejections (node:internal/process/task_queues:82:21)
00:39:44.668 Sync failed: 'Request to GET https://unix.free.svipss.top:8024/api/setup/status failed, error: Error: read ECONNRESET', stack: Error: Request to GET https://unix.free.svipss.top:8024/api/setup/status failed, error: Error: read ECONNRESET
    at generateError (/root/software/trilium-chinese/trilium-linux-x64-server/src/services/request.js:207:12)
    at ClientRequest.<anonymous> (/root/software/trilium-chinese/trilium-linux-x64-server/src/services/request.js:58:47)
    at ClientRequest.emit (node:events:517:28)
    at TLSSocket.socketErrorListener (node:_http_client:501:9)
    at TLSSocket.emit (node:events:517:28)
    at emitErrorNT (node:internal/streams/destroy:151:8)
    at emitErrorCloseNT (node:internal/streams/destroy:116:3)
    at process.processTicksAndRejections (node:internal/process/task_queues:82:21)
00:40:44.676 Sync failed: 'Request to GET https://unix.free.svipss.top:8024/api/setup/status failed, error: Error: read ECONNRESET', stack: Error: Request to GET https://unix.free.svipss.top:8024/api/setup/status failed, error: Error: read ECONNRESET
    at generateError (/root/software/trilium-chinese/trilium-linux-x64-server/src/services/request.js:207:12)
    at ClientRequest.<anonymous> (/root/software/trilium-chinese/trilium-linux-x64-server/src/services/request.js:58:47)
    at ClientRequest.emit (node:events:517:28)
    at TLSSocket.socketErrorListener (node:_http_client:501:9)
    at TLSSocket.emit (node:events:517:28)
    at emitErrorNT (node:internal/streams/destroy:151:8)
    at emitErrorCloseNT (node:internal/streams/destroy:116:3)
    at process.processTicksAndRejections (node:internal/process/task_queues:82:21)
00:41:45.706 Sync failed: 'Request to GET https://unix.free.svipss.top:8024/api/setup/status failed, error: Error: read ECONNRESET', stack: Error: Request to GET https://unix.free.svipss.top:8024/api/setup/status failed, error: Error: read ECONNRESET
    at generateError (/root/software/trilium-chinese/trilium-linux-x64-server/src/services/request.js:207:12)
    at ClientRequest.<anonymous> (/root/software/trilium-chinese/trilium-linux-x64-server/src/services/request.js:58:47)
    at ClientRequest.emit (node:events:517:28)
    at TLSSocket.socketErrorListener (node:_http_client:501:9)
    at TLSSocket.emit (node:events:517:28)
    at emitErrorNT (node:internal/streams/destroy:151:8)
    at emitErrorCloseNT (node:internal/streams/destroy:116:3)
    at process.processTicksAndRejections (node:internal/process/task_queues:82:21)
00:42:44.703 Sync failed: 'Request to GET https://unix.free.svipss.top:8024/api/setup/status failed, error: Error: read ECONNRESET', stack: Error: Request to GET https://unix.free.svipss.top:8024/api/setup/status failed, error: Error: read ECONNRESET
    at generateError (/root/software/trilium-chinese/trilium-linux-x64-server/src/services/request.js:207:12)
    at ClientRequest.<anonymous> (/root/software/trilium-chinese/trilium-linux-x64-server/src/services/request.js:58:47)
    at ClientRequest.emit (node:events:517:28)
    at TLSSocket.socketErrorListener (node:_http_client:501:9)
    at TLSSocket.emit (node:events:517:28)
    at emitErrorNT (node:internal/streams/destroy:151:8)
    at emitErrorCloseNT (node:internal/streams/destroy:116:3)
    at process.processTicksAndRejections (node:internal/process/task_queues:82:21)
00:43:44.729 Sync failed: 'Request to GET https://unix.free.svipss.top:8024/api/setup/status failed, error: Error: read ECONNRESET', stack: Error: Request to GET https://unix.free.svipss.top:8024/api/setup/status failed, error: Error: read ECONNRESET
    at generateError (/root/software/trilium-chinese/trilium-linux-x64-server/src/services/request.js:207:12)
    at ClientRequest.<anonymous> (/root/software/trilium-chinese/trilium-linux-x64-server/src/services/request.js:58:47)
    at ClientRequest.emit (node:events:517:28)
    at TLSSocket.socketErrorListener (node:_http_client:501:9)
    at TLSSocket.emit (node:events:517:28)
    at emitErrorNT (node:internal/streams/destroy:151:8)
    at emitErrorCloseNT (node:internal/streams/destroy:116:3)
    at process.processTicksAndRejections (node:internal/process/task_queues:82:21)
00:44:44.732 Sync failed: 'Request to GET https://unix.free.svipss.top:8024/api/setup/status failed, error: Error: read ECONNRESET', stack: Error: Request to GET https://unix.free.svipss.top:8024/api/setup/status failed, error: Error: read ECONNRESET
    at generateError (/root/software/trilium-chinese/trilium-linux-x64-server/src/services/request.js:207:12)
    at ClientRequest.<anonymous> (/root/software/trilium-chinese/trilium-linux-x64-server/src/services/request.js:58:47)
    at ClientRequest.emit (node:events:517:28)
    at TLSSocket.socketErrorListener (node:_http_client:501:9)
    at TLSSocket.emit (node:events:517:28)
    at emitErrorNT (node:internal/streams/destroy:151:8)
    at emitErrorCloseNT (node:internal/streams/destroy:116:3)
    at process.processTicksAndRejections (node:internal/process/task_queues:82:21)
00:45:44.759 Sync failed: 'Request to GET https://unix.free.svipss.top:8024/api/setup/status failed, error: Error: read ECONNRESET', stack: Error: Request to GET https://unix.free.svipss.top:8024/api/setup/status failed, error: Error: read ECONNRESET
    at generateError (/root/software/trilium-chinese/trilium-linux-x64-server/src/services/request.js:207:12)
    at ClientRequest.<anonymous> (/root/software/trilium-chinese/trilium-linux-x64-server/src/services/request.js:58:47)
    at ClientRequest.emit (node:events:517:28)
    at TLSSocket.socketErrorListener (node:_http_client:501:9)
    at TLSSocket.emit (node:events:517:28)
    at emitErrorNT (node:internal/streams/destroy:151:8)
    at emitErrorCloseNT (node:internal/streams/destroy:116:3)
    at process.processTicksAndRejections (node:internal/process/task_queues:82:21)
00:46:06.952 Table counts: notes: 309, revisions: 119, attachments: 66, branches: 312, attributes: 459, etapi_tokens: 0, blobs: 330
00:46:06.971 All consistency checks passed with no errors detected (took 20ms)
00:46:44.761 Sync failed: 'Request to GET https://unix.free.svipss.top:8024/api/setup/status failed, error: Error: read ECONNRESET', stack: Error: Request to GET https://unix.free.svipss.top:8024/api/setup/status failed, error: Error: read ECONNRESET
    at generateError (/root/software/trilium-chinese/trilium-linux-x64-server/src/services/request.js:207:12)
    at ClientRequest.<anonymous> (/root/software/trilium-chinese/trilium-linux-x64-server/src/services/request.js:58:47)
    at ClientRequest.emit (node:events:517:28)
    at TLSSocket.socketErrorListener (node:_http_client:501:9)
    at TLSSocket.emit (node:events:517:28)
    at emitErrorNT (node:internal/streams/destroy:151:8)
    at emitErrorCloseNT (node:internal/streams/destroy:116:3)
    at process.processTicksAndRejections (node:internal/process/task_queues:82:21)
00:47:44.779 Sync failed: 'Request to GET https://unix.free.svipss.top:8024/api/setup/status failed, error: Error: read ECONNRESET', stack: Error: Request to GET https://unix.free.svipss.top:8024/api/setup/status failed, error: Error: read ECONNRESET
    at generateError (/root/software/trilium-chinese/trilium-linux-x64-server/src/services/request.js:207:12)
    at ClientRequest.<anonymous> (/root/software/trilium-chinese/trilium-linux-x64-server/src/services/request.js:58:47)
    at ClientRequest.emit (node:events:517:28)
    at TLSSocket.socketErrorListener (node:_http_client:501:9)
    at TLSSocket.emit (node:events:517:28)
    at emitErrorNT (node:internal/streams/destroy:151:8)
    at emitErrorCloseNT (node:internal/streams/destroy:116:3)
    at process.processTicksAndRejections (node:internal/process/task_queues:82:21)
00:48:44.787 Sync failed: 'Request to GET https://unix.free.svipss.top:8024/api/setup/status failed, error: Error: read ECONNRESET', stack: Error: Request to GET https://unix.free.svipss.top:8024/api/setup/status failed, error: Error: read ECONNRESET
    at generateError (/root/software/trilium-chinese/trilium-linux-x64-server/src/services/request.js:207:12)
    at ClientRequest.<anonymous> (/root/software/trilium-chinese/trilium-linux-x64-server/src/services/request.js:58:47)
    at ClientRequest.emit (node:events:517:28)
    at TLSSocket.socketErrorListener (node:_http_client:501:9)
    at TLSSocket.emit (node:events:517:28)
    at emitErrorNT (node:internal/streams/destroy:151:8)
    at emitErrorCloseNT (node:internal/streams/destroy:116:3)
    at process.processTicksAndRejections (node:internal/process/task_queues:82:21)
00:49:44.807 Sync failed: 'Request to GET https://unix.free.svipss.top:8024/api/setup/status failed, error: Error: read ECONNRESET', stack: Error: Request to GET https://unix.free.svipss.top:8024/api/setup/status failed, error: Error: read ECONNRESET
    at generateError (/root/software/trilium-chinese/trilium-linux-x64-server/src/services/request.js:207:12)
    at ClientRequest.<anonymous> (/root/software/trilium-chinese/trilium-linux-x64-server/src/services/request.js:58:47)
    at ClientRequest.emit (node:events:517:28)
    at TLSSocket.socketErrorListener (node:_http_client:501:9)
    at TLSSocket.emit (node:events:517:28)
    at emitErrorNT (node:internal/streams/destroy:151:8)
    at emitErrorCloseNT (node:internal/streams/destroy:116:3)
    at process.processTicksAndRejections (node:internal/process/task_queues:82:21)
00:50:44.809 Sync failed: 'Request to GET https://unix.free.svipss.top:8024/api/setup/status failed, error: Error: read ECONNRESET', stack: Error: Request to GET https://unix.free.svipss.top:8024/api/setup/status failed, error: Error: read ECONNRESET
    at generateError (/root/software/trilium-chinese/trilium-linux-x64-server/src/services/request.js:207:12)
    at ClientRequest.<anonymous> (/root/software/trilium-chinese/trilium-linux-x64-server/src/services/request.js:58:47)
    at ClientRequest.emit (node:events:517:28)
    at TLSSocket.socketErrorListener (node:_http_client:501:9)
    at TLSSocket.emit (node:events:517:28)
    at emitErrorNT (node:internal/streams/destroy:151:8)
    at emitErrorCloseNT (node:internal/streams/destroy:116:3)
    at process.processTicksAndRejections (node:internal/process/task_queues:82:21)
00:51:44.829 Sync failed: 'Request to GET https://unix.free.svipss.top:8024/api/setup/status failed, error: Error: read ECONNRESET', stack: Error: Request to GET https://unix.free.svipss.top:8024/api/setup/status failed, error: Error: read ECONNRESET
    at generateError (/root/software/trilium-chinese/trilium-linux-x64-server/src/services/request.js:207:12)
    at ClientRequest.<anonymous> (/root/software/trilium-chinese/trilium-linux-x64-server/src/services/request.js:58:47)
    at ClientRequest.emit (node:events:517:28)
    at TLSSocket.socketErrorListener (node:_http_client:501:9)
    at TLSSocket.emit (node:events:517:28)
    at emitErrorNT (node:internal/streams/destroy:151:8)
    at emitErrorCloseNT (node:internal/streams/destroy:116:3)
    at process.processTicksAndRejections (node:internal/process/task_queues:82:21)
00:52:44.837 Sync failed: 'Request to GET https://unix.free.svipss.top:8024/api/setup/status failed, error: Error: read ECONNRESET', stack: Error: Request to GET https://unix.free.svipss.top:8024/api/setup/status failed, error: Error: read ECONNRESET
    at generateError (/root/software/trilium-chinese/trilium-linux-x64-server/src/services/request.js:207:12)
    at ClientRequest.<anonymous> (/root/software/trilium-chinese/trilium-linux-x64-server/src/services/request.js:58:47)
    at ClientRequest.emit (node:events:517:28)
    at TLSSocket.socketErrorListener (node:_http_client:501:9)
    at TLSSocket.emit (node:events:517:28)
    at emitErrorNT (node:internal/streams/destroy:151:8)
    at emitErrorCloseNT (node:internal/streams/destroy:116:3)
    at process.processTicksAndRejections (node:internal/process/task_queues:82:21)
00:53:44.855 Sync failed: 'Request to GET https://unix.free.svipss.top:8024/api/setup/status failed, error: Error: read ECONNRESET', stack: Error: Request to GET https://unix.free.svipss.top:8024/api/setup/status failed, error: Error: read ECONNRESET
    at generateError (/root/software/trilium-chinese/trilium-linux-x64-server/src/services/request.js:207:12)
    at ClientRequest.<anonymous> (/root/software/trilium-chinese/trilium-linux-x64-server/src/services/request.js:58:47)
    at ClientRequest.emit (node:events:517:28)
    at TLSSocket.socketErrorListener (node:_http_client:501:9)
    at TLSSocket.emit (node:events:517:28)
    at emitErrorNT (node:internal/streams/destroy:151:8)
    at emitErrorCloseNT (node:internal/streams/destroy:116:3)
    at process.processTicksAndRejections (node:internal/process/task_queues:82:21)
00:54:44.860 Sync failed: 'Request to GET https://unix.free.svipss.top:8024/api/setup/status failed, error: Error: read ECONNRESET', stack: Error: Request to GET https://unix.free.svipss.top:8024/api/setup/status failed, error: Error: read ECONNRESET
    at generateError (/root/software/trilium-chinese/trilium-linux-x64-server/src/services/request.js:207:12)
    at ClientRequest.<anonymous> (/root/software/trilium-chinese/trilium-linux-x64-server/src/services/request.js:58:47)
    at ClientRequest.emit (node:events:517:28)
    at TLSSocket.socketErrorListener (node:_http_client:501:9)
    at TLSSocket.emit (node:events:517:28)
    at emitErrorNT (node:internal/streams/destroy:151:8)
    at emitErrorCloseNT (node:internal/streams/destroy:116:3)
    at process.processTicksAndRejections (node:internal/process/task_queues:82:21)
00:55:44.878 Sync failed: 'Request to GET https://unix.free.svipss.top:8024/api/setup/status failed, error: Error: read ECONNRESET', stack: Error: Request to GET https://unix.free.svipss.top:8024/api/setup/status failed, error: Error: read ECONNRESET
    at generateError (/root/software/trilium-chinese/trilium-linux-x64-server/src/services/request.js:207:12)
    at ClientRequest.<anonymous> (/root/software/trilium-chinese/trilium-linux-x64-server/src/services/request.js:58:47)
    at ClientRequest.emit (node:events:517:28)
    at TLSSocket.socketErrorListener (node:_http_client:501:9)
    at TLSSocket.emit (node:events:517:28)
    at emitErrorNT (node:internal/streams/destroy:151:8)
    at emitErrorCloseNT (node:internal/streams/destroy:116:3)
    at process.processTicksAndRejections (node:internal/process/task_queues:82:21)
00:56:44.888 Sync failed: 'Request to GET https://unix.free.svipss.top:8024/api/setup/status failed, error: Error: read ECONNRESET', stack: Error: Request to GET https://unix.free.svipss.top:8024/api/setup/status failed, error: Error: read ECONNRESET
    at generateError (/root/software/trilium-chinese/trilium-linux-x64-server/src/services/request.js:207:12)
    at ClientRequest.<anonymous> (/root/software/trilium-chinese/trilium-linux-x64-server/src/services/request.js:58:47)
    at ClientRequest.emit (node:events:517:28)
    at TLSSocket.socketErrorListener (node:_http_client:501:9)
    at TLSSocket.emit (node:events:517:28)
    at emitErrorNT (node:internal/streams/destroy:151:8)
    at emitErrorCloseNT (node:internal/streams/destroy:116:3)
    at process.processTicksAndRejections (node:internal/process/task_queues:82:21)
00:57:44.908 Sync failed: 'Request to GET https://unix.free.svipss.top:8024/api/setup/status failed, error: Error: read ECONNRESET', stack: Error: Request to GET https://unix.free.svipss.top:8024/api/setup/status failed, error: Error: read ECONNRESET
    at generateError (/root/software/trilium-chinese/trilium-linux-x64-server/src/services/request.js:207:12)
    at ClientRequest.<anonymous> (/root/software/trilium-chinese/trilium-linux-x64-server/src/services/request.js:58:47)
    at ClientRequest.emit (node:events:517:28)
    at TLSSocket.socketErrorListener (node:_http_client:501:9)
    at TLSSocket.emit (node:events:517:28)
    at emitErrorNT (node:internal/streams/destroy:151:8)
    at emitErrorCloseNT (node:internal/streams/destroy:116:3)
    at process.processTicksAndRejections (node:internal/process/task_queues:82:21)
00:58:44.918 Sync failed: 'Request to GET https://unix.free.svipss.top:8024/api/setup/status failed, error: Error: read ECONNRESET', stack: Error: Request to GET https://unix.free.svipss.top:8024/api/setup/status failed, error: Error: read ECONNRESET
    at generateError (/root/software/trilium-chinese/trilium-linux-x64-server/src/services/request.js:207:12)
    at ClientRequest.<anonymous> (/root/software/trilium-chinese/trilium-linux-x64-server/src/services/request.js:58:47)
    at ClientRequest.emit (node:events:517:28)
    at TLSSocket.socketErrorListener (node:_http_client:501:9)
    at TLSSocket.emit (node:events:517:28)
    at emitErrorNT (node:internal/streams/destroy:151:8)
    at emitErrorCloseNT (node:internal/streams/destroy:116:3)
    at process.processTicksAndRejections (node:internal/process/task_queues:82:21)
00:59:44.942 Sync failed: 'Request to GET https://unix.free.svipss.top:8024/api/setup/status failed, error: Error: read ECONNRESET', stack: Error: Request to GET https://unix.free.svipss.top:8024/api/setup/status failed, error: Error: read ECONNRESET
    at generateError (/root/software/trilium-chinese/trilium-linux-x64-server/src/services/request.js:207:12)
    at ClientRequest.<anonymous> (/root/software/trilium-chinese/trilium-linux-x64-server/src/services/request.js:58:47)
    at ClientRequest.emit (node:events:517:28)
    at TLSSocket.socketErrorListener (node:_http_client:501:9)
    at TLSSocket.emit (node:events:517:28)
    at emitErrorNT (node:internal/streams/destroy:151:8)
    at emitErrorCloseNT (node:internal/streams/destroy:116:3)
    at process.processTicksAndRejections (node:internal/process/task_queues:82:21)
01:00:44.938 Sync failed: 'Request to GET https://unix.free.svipss.top:8024/api/setup/status failed, error: Error: read ECONNRESET', stack: Error: Request to GET https://unix.free.svipss.top:8024/api/setup/status failed, error: Error: read ECONNRESET
    at generateError (/root/software/trilium-chinese/trilium-linux-x64-server/src/services/request.js:207:12)
    at ClientRequest.<anonymous> (/root/software/trilium-chinese/trilium-linux-x64-server/src/services/request.js:58:47)
    at ClientRequest.emit (node:events:517:28)
    at TLSSocket.socketErrorListener (node:_http_client:501:9)
    at TLSSocket.emit (node:events:517:28)
    at emitErrorNT (node:internal/streams/destroy:151:8)
    at emitErrorCloseNT (node:internal/streams/destroy:116:3)
    at process.processTicksAndRejections (node:internal/process/task_queues:82:21)
01:01:44.977 Sync failed: 'Request to GET https://unix.free.svipss.top:8024/api/setup/status failed, error: Error: read ECONNRESET', stack: Error: Request to GET https://unix.free.svipss.top:8024/api/setup/status failed, error: Error: read ECONNRESET
    at generateError (/root/software/trilium-chinese/trilium-linux-x64-server/src/services/request.js:207:12)
    at ClientRequest.<anonymous> (/root/software/trilium-chinese/trilium-linux-x64-server/src/services/request.js:58:47)
    at ClientRequest.emit (node:events:517:28)
    at TLSSocket.socketErrorListener (node:_http_client:501:9)
    at TLSSocket.emit (node:events:517:28)
    at emitErrorNT (node:internal/streams/destroy:151:8)
    at emitErrorCloseNT (node:internal/streams/destroy:116:3)
    at process.processTicksAndRejections (node:internal/process/task_queues:82:21)
01:02:44.967 Sync failed: 'Request to GET https://unix.free.svipss.top:8024/api/setup/status failed, error: Error: read ECONNRESET', stack: Error: Request to GET https://unix.free.svipss.top:8024/api/setup/status failed, error: Error: read ECONNRESET
    at generateError (/root/software/trilium-chinese/trilium-linux-x64-server/src/services/request.js:207:12)
    at ClientRequest.<anonymous> (/root/software/trilium-chinese/trilium-linux-x64-server/src/services/request.js:58:47)
    at ClientRequest.emit (node:events:517:28)
    at TLSSocket.socketErrorListener (node:_http_client:501:9)
    at TLSSocket.emit (node:events:517:28)
    at emitErrorNT (node:internal/streams/destroy:151:8)
    at emitErrorCloseNT (node:internal/streams/destroy:116:3)
    at process.processTicksAndRejections (node:internal/process/task_queues:82:21)
01:03:45.001 Sync failed: 'Request to GET https://unix.free.svipss.top:8024/api/setup/status failed, error: Error: read ECONNRESET', stack: Error: Request to GET https://unix.free.svipss.top:8024/api/setup/status failed, error: Error: read ECONNRESET
    at generateError (/root/software/trilium-chinese/trilium-linux-x64-server/src/services/request.js:207:12)
    at ClientRequest.<anonymous> (/root/software/trilium-chinese/trilium-linux-x64-server/src/services/request.js:58:47)
    at ClientRequest.emit (node:events:517:28)
    at TLSSocket.socketErrorListener (node:_http_client:501:9)
    at TLSSocket.emit (node:events:517:28)
    at emitErrorNT (node:internal/streams/destroy:151:8)
    at emitErrorCloseNT (node:internal/streams/destroy:116:3)
    at process.processTicksAndRejections (node:internal/process/task_queues:82:21)
01:04:44.997 Sync failed: 'Request to GET https://unix.free.svipss.top:8024/api/setup/status failed, error: Error: read ECONNRESET', stack: Error: Request to GET https://unix.free.svipss.top:8024/api/setup/status failed, error: Error: read ECONNRESET
    at generateError (/root/software/trilium-chinese/trilium-linux-x64-server/src/services/request.js:207:12)
    at ClientRequest.<anonymous> (/root/software/trilium-chinese/trilium-linux-x64-server/src/services/request.js:58:47)
    at ClientRequest.emit (node:events:517:28)
    at TLSSocket.socketErrorListener (node:_http_client:501:9)
    at TLSSocket.emit (node:events:517:28)
    at emitErrorNT (node:internal/streams/destroy:151:8)
    at emitErrorCloseNT (node:internal/streams/destroy:116:3)
    at process.processTicksAndRejections (node:internal/process/task_queues:82:21)
01:05:45.012 Sync failed: 'Request to GET https://unix.free.svipss.top:8024/api/setup/status failed, error: Error: read ECONNRESET', stack: Error: Request to GET https://unix.free.svipss.top:8024/api/setup/status failed, error: Error: read ECONNRESET
    at generateError (/root/software/trilium-chinese/trilium-linux-x64-server/src/services/request.js:207:12)
    at ClientRequest.<anonymous> (/root/software/trilium-chinese/trilium-linux-x64-server/src/services/request.js:58:47)
    at ClientRequest.emit (node:events:517:28)
    at TLSSocket.socketErrorListener (node:_http_client:501:9)
    at TLSSocket.emit (node:events:517:28)
    at emitErrorNT (node:internal/streams/destroy:151:8)
    at emitErrorCloseNT (node:internal/streams/destroy:116:3)
    at process.processTicksAndRejections (node:internal/process/task_queues:82:21)
01:06:45.026 Sync failed: 'Request to GET https://unix.free.svipss.top:8024/api/setup/status failed, error: Error: read ECONNRESET', stack: Error: Request to GET https://unix.free.svipss.top:8024/api/setup/status failed, error: Error: read ECONNRESET
    at generateError (/root/software/trilium-chinese/trilium-linux-x64-server/src/services/request.js:207:12)
    at ClientRequest.<anonymous> (/root/software/trilium-chinese/trilium-linux-x64-server/src/services/request.js:58:47)
    at ClientRequest.emit (node:events:517:28)
    at TLSSocket.socketErrorListener (node:_http_client:501:9)
    at TLSSocket.emit (node:events:517:28)
    at emitErrorNT (node:internal/streams/destroy:151:8)
    at emitErrorCloseNT (node:internal/streams/destroy:116:3)
    at process.processTicksAndRejections (node:internal/process/task_queues:82:21)
01:07:45.042 Sync failed: 'Request to GET https://unix.free.svipss.top:8024/api/setup/status failed, error: Error: read ECONNRESET', stack: Error: Request to GET https://unix.free.svipss.top:8024/api/setup/status failed, error: Error: read ECONNRESET
    at generateError (/root/software/trilium-chinese/trilium-linux-x64-server/src/services/request.js:207:12)
    at ClientRequest.<anonymous> (/root/software/trilium-chinese/trilium-linux-x64-server/src/services/request.js:58:47)
    at ClientRequest.emit (node:events:517:28)
    at TLSSocket.socketErrorListener (node:_http_client:501:9)
    at TLSSocket.emit (node:events:517:28)
    at emitErrorNT (node:internal/streams/destroy:151:8)
    at emitErrorCloseNT (node:internal/streams/destroy:116:3)
    at process.processTicksAndRejections (node:internal/process/task_queues:82:21)
01:08:45.040 Sync failed: 'Request to GET https://unix.free.svipss.top:8024/api/setup/status failed, error: Error: read ECONNRESET', stack: Error: Request to GET https://unix.free.svipss.top:8024/api/setup/status failed, error: Error: read ECONNRESET
    at generateError (/root/software/trilium-chinese/trilium-linux-x64-server/src/services/request.js:207:12)
    at ClientRequest.<anonymous> (/root/software/trilium-chinese/trilium-linux-x64-server/src/services/request.js:58:47)
    at ClientRequest.emit (node:events:517:28)
    at TLSSocket.socketErrorListener (node:_http_client:501:9)
    at TLSSocket.emit (node:events:517:28)
    at emitErrorNT (node:internal/streams/destroy:151:8)
    at emitErrorCloseNT (node:internal/streams/destroy:116:3)
    at process.processTicksAndRejections (node:internal/process/task_queues:82:21)
01:09:45.067 Sync failed: 'Request to GET https://unix.free.svipss.top:8024/api/setup/status failed, error: Error: read ECONNRESET', stack: Error: Request to GET https://unix.free.svipss.top:8024/api/setup/status failed, error: Error: read ECONNRESET
    at generateError (/root/software/trilium-chinese/trilium-linux-x64-server/src/services/request.js:207:12)
    at ClientRequest.<anonymous> (/root/software/trilium-chinese/trilium-linux-x64-server/src/services/request.js:58:47)
    at ClientRequest.emit (node:events:517:28)
    at TLSSocket.socketErrorListener (node:_http_client:501:9)
    at TLSSocket.emit (node:events:517:28)
    at emitErrorNT (node:internal/streams/destroy:151:8)
    at emitErrorCloseNT (node:internal/streams/destroy:116:3)
    at process.processTicksAndRejections (node:internal/process/task_queues:82:21)
01:10:45.076 Sync failed: 'Request to GET https://unix.free.svipss.top:8024/api/setup/status failed, error: Error: read ECONNRESET', stack: Error: Request to GET https://unix.free.svipss.top:8024/api/setup/status failed, error: Error: read ECONNRESET
    at generateError (/root/software/trilium-chinese/trilium-linux-x64-server/src/services/request.js:207:12)
    at ClientRequest.<anonymous> (/root/software/trilium-chinese/trilium-linux-x64-server/src/services/request.js:58:47)
    at ClientRequest.emit (node:events:517:28)
    at TLSSocket.socketErrorListener (node:_http_client:501:9)
    at TLSSocket.emit (node:events:517:28)
    at emitErrorNT (node:internal/streams/destroy:151:8)
    at emitErrorCloseNT (node:internal/streams/destroy:116:3)
    at process.processTicksAndRejections (node:internal/process/task_queues:82:21)
01:11:45.094 Sync failed: 'Request to GET https://unix.free.svipss.top:8024/api/setup/status failed, error: Error: read ECONNRESET', stack: Error: Request to GET https://unix.free.svipss.top:8024/api/setup/status failed, error: Error: read ECONNRESET
    at generateError (/root/software/trilium-chinese/trilium-linux-x64-server/src/services/request.js:207:12)
    at ClientRequest.<anonymous> (/root/software/trilium-chinese/trilium-linux-x64-server/src/services/request.js:58:47)
    at ClientRequest.emit (node:events:517:28)
    at TLSSocket.socketErrorListener (node:_http_client:501:9)
    at TLSSocket.emit (node:events:517:28)
    at emitErrorNT (node:internal/streams/destroy:151:8)
    at emitErrorCloseNT (node:internal/streams/destroy:116:3)
    at process.processTicksAndRejections (node:internal/process/task_queues:82:21)
01:12:45.086 Sync failed: 'Request to GET https://unix.free.svipss.top:8024/api/setup/status failed, error: Error: read ECONNRESET', stack: Error: Request to GET https://unix.free.svipss.top:8024/api/setup/status failed, error: Error: read ECONNRESET
    at generateError (/root/software/trilium-chinese/trilium-linux-x64-server/src/services/request.js:207:12)
    at ClientRequest.<anonymous> (/root/software/trilium-chinese/trilium-linux-x64-server/src/services/request.js:58:47)
    at ClientRequest.emit (node:events:517:28)
    at TLSSocket.socketErrorListener (node:_http_client:501:9)
    at TLSSocket.emit (node:events:517:28)
    at emitErrorNT (node:internal/streams/destroy:151:8)
    at emitErrorCloseNT (node:internal/streams/destroy:116:3)
    at process.processTicksAndRejections (node:internal/process/task_queues:82:21)
01:13:45.110 Sync failed: 'Request to GET https://unix.free.svipss.top:8024/api/setup/status failed, error: Error: read ECONNRESET', stack: Error: Request to GET https://unix.free.svipss.top:8024/api/setup/status failed, error: Error: read ECONNRESET
    at generateError (/root/software/trilium-chinese/trilium-linux-x64-server/src/services/request.js:207:12)
    at ClientRequest.<anonymous> (/root/software/trilium-chinese/trilium-linux-x64-server/src/services/request.js:58:47)
    at ClientRequest.emit (node:events:517:28)
    at TLSSocket.socketErrorListener (node:_http_client:501:9)
    at TLSSocket.emit (node:events:517:28)
    at emitErrorNT (node:internal/streams/destroy:151:8)
    at emitErrorCloseNT (node:internal/streams/destroy:116:3)
    at process.processTicksAndRejections (node:internal/process/task_queues:82:21)
01:14:45.108 Sync failed: 'Request to GET https://unix.free.svipss.top:8024/api/setup/status failed, error: Error: read ECONNRESET', stack: Error: Request to GET https://unix.free.svipss.top:8024/api/setup/status failed, error: Error: read ECONNRESET
    at generateError (/root/software/trilium-chinese/trilium-linux-x64-server/src/services/request.js:207:12)
    at ClientRequest.<anonymous> (/root/software/trilium-chinese/trilium-linux-x64-server/src/services/request.js:58:47)
    at ClientRequest.emit (node:events:517:28)
    at TLSSocket.socketErrorListener (node:_http_client:501:9)
    at TLSSocket.emit (node:events:517:28)
    at emitErrorNT (node:internal/streams/destroy:151:8)
    at emitErrorCloseNT (node:internal/streams/destroy:116:3)
    at process.processTicksAndRejections (node:internal/process/task_queues:82:21)
01:15:45.130 Sync failed: 'Request to GET https://unix.free.svipss.top:8024/api/setup/status failed, error: Error: read ECONNRESET', stack: Error: Request to GET https://unix.free.svipss.top:8024/api/setup/status failed, error: Error: read ECONNRESET
    at generateError (/root/software/trilium-chinese/trilium-linux-x64-server/src/services/request.js:207:12)
    at ClientRequest.<anonymous> (/root/software/trilium-chinese/trilium-linux-x64-server/src/services/request.js:58:47)
    at ClientRequest.emit (node:events:517:28)
    at TLSSocket.socketErrorListener (node:_http_client:501:9)
    at TLSSocket.emit (node:events:517:28)
    at emitErrorNT (node:internal/streams/destroy:151:8)
    at emitErrorCloseNT (node:internal/streams/destroy:116:3)
    at process.processTicksAndRejections (node:internal/process/task_queues:82:21)
01:16:45.137 Sync failed: 'Request to GET https://unix.free.svipss.top:8024/api/setup/status failed, error: Error: read ECONNRESET', stack: Error: Request to GET https://unix.free.svipss.top:8024/api/setup/status failed, error: Error: read ECONNRESET
    at generateError (/root/software/trilium-chinese/trilium-linux-x64-server/src/services/request.js:207:12)
    at ClientRequest.<anonymous> (/root/software/trilium-chinese/trilium-linux-x64-server/src/services/request.js:58:47)
    at ClientRequest.emit (node:events:517:28)
    at TLSSocket.socketErrorListener (node:_http_client:501:9)
    at TLSSocket.emit (node:events:517:28)
    at emitErrorNT (node:internal/streams/destroy:151:8)
    at emitErrorCloseNT (node:internal/streams/destroy:116:3)
    at process.processTicksAndRejections (node:internal/process/task_queues:82:21)
01:17:45.160 Sync failed: 'Request to GET https://unix.free.svipss.top:8024/api/setup/status failed, error: Error: read ECONNRESET', stack: Error: Request to GET https://unix.free.svipss.top:8024/api/setup/status failed, error: Error: read ECONNRESET
    at generateError (/root/software/trilium-chinese/trilium-linux-x64-server/src/services/request.js:207:12)
    at ClientRequest.<anonymous> (/root/software/trilium-chinese/trilium-linux-x64-server/src/services/request.js:58:47)
    at ClientRequest.emit (node:events:517:28)
    at TLSSocket.socketErrorListener (node:_http_client:501:9)
    at TLSSocket.emit (node:events:517:28)
    at emitErrorNT (node:internal/streams/destroy:151:8)
    at emitErrorCloseNT (node:internal/streams/destroy:116:3)
    at process.processTicksAndRejections (node:internal/process/task_queues:82:21)
01:18:45.167 Sync failed: 'Request to GET https://unix.free.svipss.top:8024/api/setup/status failed, error: Error: read ECONNRESET', stack: Error: Request to GET https://unix.free.svipss.top:8024/api/setup/status failed, error: Error: read ECONNRESET
    at generateError (/root/software/trilium-chinese/trilium-linux-x64-server/src/services/request.js:207:12)
    at ClientRequest.<anonymous> (/root/software/trilium-chinese/trilium-linux-x64-server/src/services/request.js:58:47)
    at ClientRequest.emit (node:events:517:28)
    at TLSSocket.socketErrorListener (node:_http_client:501:9)
    at TLSSocket.emit (node:events:517:28)
    at emitErrorNT (node:internal/streams/destroy:151:8)
    at emitErrorCloseNT (node:internal/streams/destroy:116:3)
    at process.processTicksAndRejections (node:internal/process/task_queues:82:21)
01:19:45.189 Sync failed: 'Request to GET https://unix.free.svipss.top:8024/api/setup/status failed, error: Error: read ECONNRESET', stack: Error: Request to GET https://unix.free.svipss.top:8024/api/setup/status failed, error: Error: read ECONNRESET
    at generateError (/root/software/trilium-chinese/trilium-linux-x64-server/src/services/request.js:207:12)
    at ClientRequest.<anonymous> (/root/software/trilium-chinese/trilium-linux-x64-server/src/services/request.js:58:47)
    at ClientRequest.emit (node:events:517:28)
    at TLSSocket.socketErrorListener (node:_http_client:501:9)
    at TLSSocket.emit (node:events:517:28)
    at emitErrorNT (node:internal/streams/destroy:151:8)
    at emitErrorCloseNT (node:internal/streams/destroy:116:3)
    at process.processTicksAndRejections (node:internal/process/task_queues:82:21)
01:20:45.190 Sync failed: 'Request to GET https://unix.free.svipss.top:8024/api/setup/status failed, error: Error: read ECONNRESET', stack: Error: Request to GET https://unix.free.svipss.top:8024/api/setup/status failed, error: Error: read ECONNRESET
    at generateError (/root/software/trilium-chinese/trilium-linux-x64-server/src/services/request.js:207:12)
    at ClientRequest.<anonymous> (/root/software/trilium-chinese/trilium-linux-x64-server/src/services/request.js:58:47)
    at ClientRequest.emit (node:events:517:28)
    at TLSSocket.socketErrorListener (node:_http_client:501:9)
    at TLSSocket.emit (node:events:517:28)
    at emitErrorNT (node:internal/streams/destroy:151:8)
    at emitErrorCloseNT (node:internal/streams/destroy:116:3)
    at process.processTicksAndRejections (node:internal/process/task_queues:82:21)
01:21:45.228 Sync failed: 'Request to GET https://unix.free.svipss.top:8024/api/setup/status failed, error: Error: read ECONNRESET', stack: Error: Request to GET https://unix.free.svipss.top:8024/api/setup/status failed, error: Error: read ECONNRESET
    at generateError (/root/software/trilium-chinese/trilium-linux-x64-server/src/services/request.js:207:12)
    at ClientRequest.<anonymous> (/root/software/trilium-chinese/trilium-linux-x64-server/src/services/request.js:58:47)
    at ClientRequest.emit (node:events:517:28)
    at TLSSocket.socketErrorListener (node:_http_client:501:9)
    at TLSSocket.emit (node:events:517:28)
    at emitErrorNT (node:internal/streams/destroy:151:8)
    at emitErrorCloseNT (node:internal/streams/destroy:116:3)
    at process.processTicksAndRejections (node:internal/process/task_queues:82:21)
01:22:45.218 Sync failed: 'Request to GET https://unix.free.svipss.top:8024/api/setup/status failed, error: Error: read ECONNRESET', stack: Error: Request to GET https://unix.free.svipss.top:8024/api/setup/status failed, error: Error: read ECONNRESET
    at generateError (/root/software/trilium-chinese/trilium-linux-x64-server/src/services/request.js:207:12)
    at ClientRequest.<anonymous> (/root/software/trilium-chinese/trilium-linux-x64-server/src/services/request.js:58:47)
    at ClientRequest.emit (node:events:517:28)
    at TLSSocket.socketErrorListener (node:_http_client:501:9)
    at TLSSocket.emit (node:events:517:28)
    at emitErrorNT (node:internal/streams/destroy:151:8)
    at emitErrorCloseNT (node:internal/streams/destroy:116:3)
    at process.processTicksAndRejections (node:internal/process/task_queues:82:21)
01:23:45.231 Sync failed: 'Request to GET https://unix.free.svipss.top:8024/api/setup/status failed, error: Error: read ECONNRESET', stack: Error: Request to GET https://unix.free.svipss.top:8024/api/setup/status failed, error: Error: read ECONNRESET
    at generateError (/root/software/trilium-chinese/trilium-linux-x64-server/src/services/request.js:207:12)
    at ClientRequest.<anonymous> (/root/software/trilium-chinese/trilium-linux-x64-server/src/services/request.js:58:47)
    at ClientRequest.emit (node:events:517:28)
    at TLSSocket.socketErrorListener (node:_http_client:501:9)
    at TLSSocket.emit (node:events:517:28)
    at emitErrorNT (node:internal/streams/destroy:151:8)
    at emitErrorCloseNT (node:internal/streams/destroy:116:3)
    at process.processTicksAndRejections (node:internal/process/task_queues:82:21)
01:24:45.244 Sync failed: 'Request to GET https://unix.free.svipss.top:8024/api/setup/status failed, error: Error: read ECONNRESET', stack: Error: Request to GET https://unix.free.svipss.top:8024/api/setup/status failed, error: Error: read ECONNRESET
    at generateError (/root/software/trilium-chinese/trilium-linux-x64-server/src/services/request.js:207:12)
    at ClientRequest.<anonymous> (/root/software/trilium-chinese/trilium-linux-x64-server/src/services/request.js:58:47)
    at ClientRequest.emit (node:events:517:28)
    at TLSSocket.socketErrorListener (node:_http_client:501:9)
    at TLSSocket.emit (node:events:517:28)
    at emitErrorNT (node:internal/streams/destroy:151:8)
    at emitErrorCloseNT (node:internal/streams/destroy:116:3)
    at process.processTicksAndRejections (node:internal/process/task_queues:82:21)
01:25:45.255 Sync failed: 'Request to GET https://unix.free.svipss.top:8024/api/setup/status failed, error: Error: read ECONNRESET', stack: Error: Request to GET https://unix.free.svipss.top:8024/api/setup/status failed, error: Error: read ECONNRESET
    at generateError (/root/software/trilium-chinese/trilium-linux-x64-server/src/services/request.js:207:12)
    at ClientRequest.<anonymous> (/root/software/trilium-chinese/trilium-linux-x64-server/src/services/request.js:58:47)
    at ClientRequest.emit (node:events:517:28)
    at TLSSocket.socketErrorListener (node:_http_client:501:9)
    at TLSSocket.emit (node:events:517:28)
    at emitErrorNT (node:internal/streams/destroy:151:8)
    at emitErrorCloseNT (node:internal/streams/destroy:116:3)
    at process.processTicksAndRejections (node:internal/process/task_queues:82:21)
01:26:45.273 Sync failed: 'Request to GET https://unix.free.svipss.top:8024/api/setup/status failed, error: Error: read ECONNRESET', stack: Error: Request to GET https://unix.free.svipss.top:8024/api/setup/status failed, error: Error: read ECONNRESET
    at generateError (/root/software/trilium-chinese/trilium-linux-x64-server/src/services/request.js:207:12)
    at ClientRequest.<anonymous> (/root/software/trilium-chinese/trilium-linux-x64-server/src/services/request.js:58:47)
    at ClientRequest.emit (node:events:517:28)
    at TLSSocket.socketErrorListener (node:_http_client:501:9)
    at TLSSocket.emit (node:events:517:28)
    at emitErrorNT (node:internal/streams/destroy:151:8)
    at emitErrorCloseNT (node:internal/streams/destroy:116:3)
    at process.processTicksAndRejections (node:internal/process/task_queues:82:21)
01:27:45.275 Sync failed: 'Request to GET https://unix.free.svipss.top:8024/api/setup/status failed, error: Error: read ECONNRESET', stack: Error: Request to GET https://unix.free.svipss.top:8024/api/setup/status failed, error: Error: read ECONNRESET
    at generateError (/root/software/trilium-chinese/trilium-linux-x64-server/src/services/request.js:207:12)
    at ClientRequest.<anonymous> (/root/software/trilium-chinese/trilium-linux-x64-server/src/services/request.js:58:47)
    at ClientRequest.emit (node:events:517:28)
    at TLSSocket.socketErrorListener (node:_http_client:501:9)
    at TLSSocket.emit (node:events:517:28)
    at emitErrorNT (node:internal/streams/destroy:151:8)
    at emitErrorCloseNT (node:internal/streams/destroy:116:3)
    at process.processTicksAndRejections (node:internal/process/task_queues:82:21)
01:28:45.304 Sync failed: 'Request to GET https://unix.free.svipss.top:8024/api/setup/status failed, error: Error: read ECONNRESET', stack: Error: Request to GET https://unix.free.svipss.top:8024/api/setup/status failed, error: Error: read ECONNRESET
    at generateError (/root/software/trilium-chinese/trilium-linux-x64-server/src/services/request.js:207:12)
    at ClientRequest.<anonymous> (/root/software/trilium-chinese/trilium-linux-x64-server/src/services/request.js:58:47)
    at ClientRequest.emit (node:events:517:28)
    at TLSSocket.socketErrorListener (node:_http_client:501:9)
    at TLSSocket.emit (node:events:517:28)
    at emitErrorNT (node:internal/streams/destroy:151:8)
    at emitErrorCloseNT (node:internal/streams/destroy:116:3)
    at process.processTicksAndRejections (node:internal/process/task_queues:82:21)
01:29:45.303 Sync failed: 'Request to GET https://unix.free.svipss.top:8024/api/setup/status failed, error: Error: read ECONNRESET', stack: Error: Request to GET https://unix.free.svipss.top:8024/api/setup/status failed, error: Error: read ECONNRESET
    at generateError (/root/software/trilium-chinese/trilium-linux-x64-server/src/services/request.js:207:12)
    at ClientRequest.<anonymous> (/root/software/trilium-chinese/trilium-linux-x64-server/src/services/request.js:58:47)
    at ClientRequest.emit (node:events:517:28)
    at TLSSocket.socketErrorListener (node:_http_client:501:9)
    at TLSSocket.emit (node:events:517:28)
    at emitErrorNT (node:internal/streams/destroy:151:8)
    at emitErrorCloseNT (node:internal/streams/destroy:116:3)
    at process.processTicksAndRejections (node:internal/process/task_queues:82:21)
