00:22:01.377 Table counts: notes: 287, revisions: 18, attachments: 40, branches: 290, attributes: 441, etapi_tokens: 0, blobs: 227
00:22:01.395 All consistency checks passed with no errors detected (took 19ms)
01:22:01.379 Table counts: notes: 287, revisions: 18, attachments: 40, branches: 290, attributes: 441, etapi_tokens: 0, blobs: 227
01:22:01.390 All consistency checks passed with no errors detected (took 12ms)
02:22:01.394 Table counts: notes: 287, revisions: 18, attachments: 40, branches: 290, attributes: 441, etapi_tokens: 0, blobs: 227
02:22:01.408 All consistency checks passed with no errors detected (took 14ms)
03:21:59.119 Optimizing database
03:21:59.122 Optimization finished in 1ms.
03:22:01.396 Table counts: notes: 287, revisions: 18, attachments: 40, branches: 290, attributes: 441, etapi_tokens: 0, blobs: 227
03:22:01.409 All consistency checks passed with no errors detected (took 13ms)
04:22:01.408 Table counts: notes: 287, revisions: 18, attachments: 40, branches: 290, attributes: 441, etapi_tokens: 0, blobs: 227
04:22:01.419 All consistency checks passed with no errors detected (took 11ms)
05:22:01.410 Table counts: notes: 287, revisions: 18, attachments: 40, branches: 290, attributes: 441, etapi_tokens: 0, blobs: 227
05:22:01.419 All consistency checks passed with no errors detected (took 9ms)
06:22:01.420 Table counts: notes: 287, revisions: 18, attachments: 40, branches: 290, attributes: 441, etapi_tokens: 0, blobs: 227
06:22:01.430 All consistency checks passed with no errors detected (took 10ms)
07:11:01.444 Error: Router not found for request GET /sitemap.xml
07:22:01.428 Table counts: notes: 287, revisions: 18, attachments: 40, branches: 290, attributes: 441, etapi_tokens: 0, blobs: 227
07:22:01.445 All consistency checks passed with no errors detected (took 18ms)
08:22:01.433 Table counts: notes: 287, revisions: 18, attachments: 40, branches: 290, attributes: 441, etapi_tokens: 0, blobs: 227
08:22:01.448 All consistency checks passed with no errors detected (took 16ms)
09:22:01.436 Table counts: notes: 287, revisions: 18, attachments: 40, branches: 290, attributes: 441, etapi_tokens: 0, blobs: 227
09:22:01.452 All consistency checks passed with no errors detected (took 16ms)
10:22:01.438 Table counts: notes: 287, revisions: 18, attachments: 40, branches: 290, attributes: 441, etapi_tokens: 0, blobs: 227
10:22:01.451 All consistency checks passed with no errors detected (took 13ms)
11:22:01.450 Table counts: notes: 287, revisions: 18, attachments: 40, branches: 290, attributes: 441, etapi_tokens: 0, blobs: 227
11:22:01.460 All consistency checks passed with no errors detected (took 10ms)
12:22:01.454 Table counts: notes: 287, revisions: 18, attachments: 40, branches: 290, attributes: 441, etapi_tokens: 0, blobs: 227
12:22:01.463 All consistency checks passed with no errors detected (took 10ms)
13:21:59.128 Optimizing database
13:21:59.131 Optimization finished in 1ms.
13:22:01.456 Table counts: notes: 287, revisions: 18, attachments: 40, branches: 290, attributes: 441, etapi_tokens: 0, blobs: 227
13:22:01.473 All consistency checks passed with no errors detected (took 17ms)
14:22:01.465 Table counts: notes: 287, revisions: 18, attachments: 40, branches: 290, attributes: 441, etapi_tokens: 0, blobs: 227
14:22:01.475 All consistency checks passed with no errors detected (took 10ms)
15:22:01.476 Table counts: notes: 287, revisions: 18, attachments: 40, branches: 290, attributes: 441, etapi_tokens: 0, blobs: 227
15:22:01.485 All consistency checks passed with no errors detected (took 10ms)
16:22:01.486 Table counts: notes: 287, revisions: 18, attachments: 40, branches: 290, attributes: 441, etapi_tokens: 0, blobs: 227
16:22:01.501 All consistency checks passed with no errors detected (took 15ms)
17:22:01.489 Table counts: notes: 287, revisions: 18, attachments: 40, branches: 290, attributes: 441, etapi_tokens: 0, blobs: 227
17:22:01.504 All consistency checks passed with no errors detected (took 15ms)
18:22:01.497 Table counts: notes: 287, revisions: 18, attachments: 40, branches: 290, attributes: 441, etapi_tokens: 0, blobs: 227
18:22:01.510 All consistency checks passed with no errors detected (took 14ms)
19:22:01.499 Table counts: notes: 287, revisions: 18, attachments: 40, branches: 290, attributes: 441, etapi_tokens: 0, blobs: 227
19:22:01.513 All consistency checks passed with no errors detected (took 14ms)
20:22:01.502 Table counts: notes: 287, revisions: 18, attachments: 40, branches: 290, attributes: 441, etapi_tokens: 0, blobs: 227
20:22:01.514 All consistency checks passed with no errors detected (took 12ms)
21:22:01.518 Table counts: notes: 287, revisions: 18, attachments: 40, branches: 290, attributes: 441, etapi_tokens: 0, blobs: 227
21:22:01.543 All consistency checks passed with no errors detected (took 36ms)
22:22:01.511 Table counts: notes: 287, revisions: 18, attachments: 40, branches: 290, attributes: 441, etapi_tokens: 0, blobs: 227
22:22:01.524 All consistency checks passed with no errors detected (took 13ms)
23:21:59.131 Optimizing database
23:21:59.142 Optimization finished in 1ms.
23:22:01.512 Table counts: notes: 287, revisions: 18, attachments: 40, branches: 290, attributes: 441, etapi_tokens: 0, blobs: 227
23:22:01.527 All consistency checks passed with no errors detected (took 16ms)
