00:50:18.749 Table counts: notes: 301, revisions: 65, attachments: 38, branches: 304, attributes: 446, etapi_tokens: 0, blobs: 275
00:50:18.765 All consistency checks passed with no errors detected (took 16ms)
01:50:18.751 Table counts: notes: 301, revisions: 65, attachments: 38, branches: 304, attributes: 446, etapi_tokens: 0, blobs: 275
01:50:18.764 All consistency checks passed with no errors detected (took 13ms)
02:50:18.763 Table counts: notes: 301, revisions: 65, attachments: 38, branches: 304, attributes: 446, etapi_tokens: 0, blobs: 275
02:50:18.779 All consistency checks passed with no errors detected (took 17ms)
03:50:18.774 Table counts: notes: 301, revisions: 65, attachments: 38, branches: 304, attributes: 446, etapi_tokens: 0, blobs: 275
03:50:18.795 All consistency checks passed with no errors detected (took 22ms)
04:50:18.779 Table counts: notes: 301, revisions: 65, attachments: 38, branches: 304, attributes: 446, etapi_tokens: 0, blobs: 275
04:50:18.796 All consistency checks passed with no errors detected (took 17ms)
05:50:16.242 Optimizing database
05:50:16.245 Optimization finished in 1ms.
05:50:18.782 Table counts: notes: 301, revisions: 65, attachments: 38, branches: 304, attributes: 446, etapi_tokens: 0, blobs: 275
05:50:18.804 All consistency checks passed with no errors detected (took 23ms)
06:50:18.789 Table counts: notes: 301, revisions: 65, attachments: 38, branches: 304, attributes: 446, etapi_tokens: 0, blobs: 275
06:50:18.812 All consistency checks passed with no errors detected (took 24ms)
07:50:18.792 Table counts: notes: 301, revisions: 65, attachments: 38, branches: 304, attributes: 446, etapi_tokens: 0, blobs: 275
07:50:18.805 All consistency checks passed with no errors detected (took 14ms)
08:50:18.798 Table counts: notes: 301, revisions: 65, attachments: 38, branches: 304, attributes: 446, etapi_tokens: 0, blobs: 275
08:50:18.820 All consistency checks passed with no errors detected (took 24ms)
09:50:18.797 Table counts: notes: 301, revisions: 65, attachments: 38, branches: 304, attributes: 446, etapi_tokens: 0, blobs: 275
09:50:18.812 All consistency checks passed with no errors detected (took 16ms)
10:50:18.798 Table counts: notes: 301, revisions: 65, attachments: 38, branches: 304, attributes: 446, etapi_tokens: 0, blobs: 275
10:50:18.817 All consistency checks passed with no errors detected (took 20ms)
11:50:18.823 Table counts: notes: 301, revisions: 65, attachments: 38, branches: 304, attributes: 446, etapi_tokens: 0, blobs: 275
11:50:18.837 All consistency checks passed with no errors detected (took 15ms)
12:50:18.825 Table counts: notes: 301, revisions: 65, attachments: 38, branches: 304, attributes: 446, etapi_tokens: 0, blobs: 275
12:50:18.841 All consistency checks passed with no errors detected (took 16ms)
13:14:27.697 Error: Router not found for request GET /pdown
13:50:18.828 Table counts: notes: 301, revisions: 65, attachments: 38, branches: 304, attributes: 446, etapi_tokens: 0, blobs: 275
13:50:18.852 All consistency checks passed with no errors detected (took 24ms)
14:50:18.860 Table counts: notes: 301, revisions: 65, attachments: 38, branches: 304, attributes: 446, etapi_tokens: 0, blobs: 275
14:50:18.880 All consistency checks passed with no errors detected (took 20ms)
15:50:16.260 Optimizing database
15:50:16.263 Optimization finished in 1ms.
15:50:18.861 Table counts: notes: 301, revisions: 65, attachments: 38, branches: 304, attributes: 446, etapi_tokens: 0, blobs: 275
15:50:18.883 All consistency checks passed with no errors detected (took 23ms)
16:50:18.867 Table counts: notes: 301, revisions: 65, attachments: 38, branches: 304, attributes: 446, etapi_tokens: 0, blobs: 275
16:50:18.883 All consistency checks passed with no errors detected (took 16ms)
17:50:18.870 Table counts: notes: 301, revisions: 65, attachments: 38, branches: 304, attributes: 446, etapi_tokens: 0, blobs: 275
17:50:18.889 All consistency checks passed with no errors detected (took 20ms)
18:50:18.874 Table counts: notes: 301, revisions: 65, attachments: 38, branches: 304, attributes: 446, etapi_tokens: 0, blobs: 275
18:50:18.900 All consistency checks passed with no errors detected (took 27ms)
19:50:18.877 Table counts: notes: 301, revisions: 65, attachments: 38, branches: 304, attributes: 446, etapi_tokens: 0, blobs: 275
19:50:18.910 All consistency checks passed with no errors detected (took 34ms)
20:50:18.889 Table counts: notes: 301, revisions: 65, attachments: 38, branches: 304, attributes: 446, etapi_tokens: 0, blobs: 275
20:50:18.903 All consistency checks passed with no errors detected (took 14ms)
21:50:18.891 Table counts: notes: 301, revisions: 65, attachments: 38, branches: 304, attributes: 446, etapi_tokens: 0, blobs: 275
21:50:18.906 All consistency checks passed with no errors detected (took 15ms)
22:50:18.894 Table counts: notes: 301, revisions: 65, attachments: 38, branches: 304, attributes: 446, etapi_tokens: 0, blobs: 275
22:50:18.910 All consistency checks passed with no errors detected (took 16ms)
23:50:18.902 Table counts: notes: 301, revisions: 65, attachments: 38, branches: 304, attributes: 446, etapi_tokens: 0, blobs: 275
23:50:18.915 All consistency checks passed with no errors detected (took 14ms)
