00:00:59.439 No connection to sync server.
00:01:59.455 No connection to sync server.
00:02:59.468 No connection to sync server.
00:03:59.484 No connection to sync server.
00:04:59.515 No connection to sync server.
00:05:59.513 No connection to sync server.
00:06:59.529 No connection to sync server.
00:07:59.537 No connection to sync server.
00:08:59.552 No connection to sync server.
00:09:59.562 No connection to sync server.
00:10:59.592 No connection to sync server.
00:11:59.598 No connection to sync server.
00:12:59.623 No connection to sync server.
00:13:59.606 No connection to sync server.
00:14:59.635 No connection to sync server.
00:15:59.630 No connection to sync server.
00:16:59.653 No connection to sync server.
00:17:07.195 Table counts: notes: 308, revisions: 122, attachments: 64, branches: 311, attributes: 457, etapi_tokens: 0, blobs: 333
00:17:07.213 All consistency checks passed with no errors detected (took 18ms)
00:17:59.651 No connection to sync server.
00:18:59.673 No connection to sync server.
00:19:59.684 No connection to sync server.
00:20:59.707 No connection to sync server.
00:21:59.718 No connection to sync server.
00:22:59.722 No connection to sync server.
00:23:59.729 No connection to sync server.
00:24:59.760 No connection to sync server.
00:25:59.754 No connection to sync server.
00:26:59.784 No connection to sync server.
00:27:59.791 No connection to sync server.
00:28:59.817 No connection to sync server.
00:29:59.821 No connection to sync server.
00:30:59.832 No connection to sync server.
00:31:59.849 No connection to sync server.
00:32:59.855 No connection to sync server.
00:33:59.862 No connection to sync server.
00:34:59.899 No connection to sync server.
00:35:59.896 No connection to sync server.
00:36:59.916 No connection to sync server.
00:37:59.932 No connection to sync server.
00:38:59.940 No connection to sync server.
00:39:59.953 No connection to sync server.
00:40:59.963 No connection to sync server.
00:41:59.971 No connection to sync server.
00:42:59.990 No connection to sync server.
00:43:59.991 No connection to sync server.
00:45:00.018 No connection to sync server.
00:46:00.031 No connection to sync server.
00:47:00.042 No connection to sync server.
00:48:00.055 No connection to sync server.
00:49:00.060 No connection to sync server.
00:50:00.076 No connection to sync server.
00:51:00.092 No connection to sync server.
00:52:00.099 No connection to sync server.
00:53:00.127 No connection to sync server.
00:54:00.125 No connection to sync server.
00:55:00.148 No connection to sync server.
00:56:00.144 No connection to sync server.
00:57:00.160 No connection to sync server.
00:58:00.168 No connection to sync server.
00:59:00.179 No connection to sync server.
01:00:00.174 No connection to sync server.
01:01:00.200 No connection to sync server.
01:02:00.205 No connection to sync server.
01:03:00.222 No connection to sync server.
01:04:00.229 No connection to sync server.
01:05:00.245 No connection to sync server.
01:06:00.244 No connection to sync server.
01:07:00.280 No connection to sync server.
01:08:00.282 No connection to sync server.
01:09:00.294 No connection to sync server.
01:10:00.304 No connection to sync server.
01:11:00.324 No connection to sync server.
01:12:00.330 No connection to sync server.
01:13:00.341 No connection to sync server.
01:14:00.349 No connection to sync server.
01:15:00.371 No connection to sync server.
01:16:00.369 No connection to sync server.
01:17:00.393 No connection to sync server.
01:17:07.196 Table counts: notes: 308, revisions: 122, attachments: 64, branches: 311, attributes: 457, etapi_tokens: 0, blobs: 333
01:17:07.213 All consistency checks passed with no errors detected (took 16ms)
01:18:00.401 No connection to sync server.
01:19:00.428 No connection to sync server.
01:20:00.417 No connection to sync server.
01:21:00.443 No connection to sync server.
01:22:00.445 No connection to sync server.
01:23:00.473 No connection to sync server.
01:24:00.464 No connection to sync server.
01:25:00.491 No connection to sync server.
01:26:00.487 No connection to sync server.
01:27:00.497 No connection to sync server.
01:28:00.512 No connection to sync server.
01:29:00.516 No connection to sync server.
01:30:00.538 No connection to sync server.
01:31:00.540 No connection to sync server.
01:32:00.565 No connection to sync server.
01:33:00.568 No connection to sync server.
01:34:00.575 No connection to sync server.
01:35:00.600 No connection to sync server.
01:36:00.588 No connection to sync server.
01:37:00.614 No connection to sync server.
01:38:00.619 No connection to sync server.
01:39:00.641 No connection to sync server.
01:40:00.642 No connection to sync server.
01:41:00.669 No connection to sync server.
01:42:00.675 No connection to sync server.
01:43:00.684 No connection to sync server.
01:44:00.698 No connection to sync server.
01:45:00.701 No connection to sync server.
01:46:00.708 No connection to sync server.
01:47:00.729 No connection to sync server.
01:48:00.746 No connection to sync server.
01:49:00.767 No connection to sync server.
01:50:00.763 No connection to sync server.
01:51:00.785 No connection to sync server.
01:52:00.786 No connection to sync server.
01:53:00.813 No connection to sync server.
01:54:00.815 No connection to sync server.
01:55:00.822 No connection to sync server.
01:56:00.835 No connection to sync server.
01:57:00.833 No connection to sync server.
01:58:00.858 No connection to sync server.
01:59:00.856 No connection to sync server.
02:00:00.880 No connection to sync server.
02:01:00.880 No connection to sync server.
02:02:00.898 No connection to sync server.
02:03:00.899 No connection to sync server.
02:04:00.923 No connection to sync server.
02:05:00.926 No connection to sync server.
02:06:00.938 No connection to sync server.
02:07:00.953 No connection to sync server.
02:08:00.968 No connection to sync server.
02:09:00.967 No connection to sync server.
02:10:00.997 No connection to sync server.
02:11:00.999 No connection to sync server.
02:12:02.024 No connection to sync server.
02:13:01.028 No connection to sync server.
02:14:01.048 No connection to sync server.
02:15:01.068 No connection to sync server.
02:16:01.055 No connection to sync server.
02:17:01.067 No connection to sync server.
02:17:06.716 Optimizing database
02:17:06.717 Optimization finished in 1ms.
02:17:07.198 Table counts: notes: 308, revisions: 122, attachments: 64, branches: 311, attributes: 457, etapi_tokens: 0, blobs: 333
02:17:07.220 All consistency checks passed with no errors detected (took 23ms)
02:18:01.076 No connection to sync server.
02:19:01.097 No connection to sync server.
02:20:01.103 No connection to sync server.
02:21:01.122 No connection to sync server.
02:22:01.132 No connection to sync server.
02:23:01.152 No connection to sync server.
02:24:01.149 No connection to sync server.
02:25:01.168 No connection to sync server.
02:26:01.176 No connection to sync server.
02:27:01.184 No connection to sync server.
02:28:01.203 No connection to sync server.
02:29:01.209 No connection to sync server.
02:30:01.215 No connection to sync server.
02:31:01.222 No connection to sync server.
02:32:01.244 No connection to sync server.
02:33:01.251 No connection to sync server.
02:34:01.265 No connection to sync server.
02:35:01.272 No connection to sync server.
02:36:01.284 No connection to sync server.
02:37:01.295 No connection to sync server.
02:38:01.311 No connection to sync server.
02:39:01.318 No connection to sync server.
02:40:01.340 No connection to sync server.
02:41:01.342 No connection to sync server.
02:42:01.367 No connection to sync server.
02:43:01.362 No connection to sync server.
02:44:01.390 No connection to sync server.
02:45:01.391 No connection to sync server.
02:46:01.404 No connection to sync server.
02:47:01.405 No connection to sync server.
02:48:01.427 No connection to sync server.
02:49:01.430 No connection to sync server.
02:50:01.449 No connection to sync server.
02:51:01.451 No connection to sync server.
02:52:01.472 No connection to sync server.
02:53:01.475 No connection to sync server.
02:54:01.494 No connection to sync server.
02:55:01.500 No connection to sync server.
02:56:01.514 No connection to sync server.
02:57:01.512 No connection to sync server.
02:58:01.538 No connection to sync server.
02:59:02.575 No connection to sync server.
03:00:01.557 No connection to sync server.
03:01:01.570 No connection to sync server.
03:02:01.584 No connection to sync server.
03:03:01.584 No connection to sync server.
03:04:01.598 No connection to sync server.
03:05:01.614 No connection to sync server.
03:06:01.627 No connection to sync server.
03:07:01.623 No connection to sync server.
03:08:01.625 No connection to sync server.
03:09:01.647 No connection to sync server.
03:10:01.651 No connection to sync server.
03:11:01.665 No connection to sync server.
03:12:01.678 No connection to sync server.
03:13:01.685 No connection to sync server.
03:14:01.703 No connection to sync server.
03:15:01.710 No connection to sync server.
03:16:01.743 No connection to sync server.
03:17:01.733 No connection to sync server.
03:17:07.198 Table counts: notes: 308, revisions: 122, attachments: 64, branches: 311, attributes: 457, etapi_tokens: 0, blobs: 333
03:17:07.222 All consistency checks passed with no errors detected (took 25ms)
03:18:01.765 No connection to sync server.
03:19:01.755 No connection to sync server.
03:20:01.783 No connection to sync server.
03:21:01.777 No connection to sync server.
03:22:01.796 No connection to sync server.
03:23:01.802 No connection to sync server.
03:24:01.832 No connection to sync server.
03:25:01.822 No connection to sync server.
03:26:01.847 No connection to sync server.
03:27:01.863 No connection to sync server.
03:28:01.864 No connection to sync server.
03:29:01.875 No connection to sync server.
03:30:01.900 No connection to sync server.
03:31:01.894 No connection to sync server.
03:32:01.907 No connection to sync server.
03:33:01.916 No connection to sync server.
03:34:01.923 No connection to sync server.
03:35:01.939 No connection to sync server.
03:36:01.942 No connection to sync server.
03:37:01.955 No connection to sync server.
03:38:01.969 No connection to sync server.
03:39:01.984 No connection to sync server.
03:40:01.995 No connection to sync server.
03:41:02.002 No connection to sync server.
03:42:02.014 No connection to sync server.
03:43:02.024 No connection to sync server.
03:44:02.045 No connection to sync server.
03:45:02.047 No connection to sync server.
03:46:02.060 No connection to sync server.
03:47:02.079 No connection to sync server.
03:48:02.079 No connection to sync server.
03:49:02.093 No connection to sync server.
03:50:02.115 No connection to sync server.
03:51:02.117 No connection to sync server.
03:52:02.135 No connection to sync server.
03:53:02.146 No connection to sync server.
03:54:02.138 No connection to sync server.
03:55:02.156 No connection to sync server.
03:56:02.172 No connection to sync server.
03:57:02.180 No connection to sync server.
03:58:02.176 No connection to sync server.
03:59:02.181 No connection to sync server.
04:00:02.209 No connection to sync server.
04:01:02.210 No connection to sync server.
04:02:02.224 No connection to sync server.
04:03:02.221 No connection to sync server.
04:04:02.236 No connection to sync server.
04:05:02.238 No connection to sync server.
04:06:02.260 No connection to sync server.
04:07:02.262 No connection to sync server.
04:08:02.278 No connection to sync server.
04:09:02.286 No connection to sync server.
04:10:02.283 No connection to sync server.
04:11:02.291 No connection to sync server.
04:12:02.313 No connection to sync server.
04:13:02.315 No connection to sync server.
04:14:02.327 No connection to sync server.
04:15:02.333 No connection to sync server.
04:16:02.352 No connection to sync server.
04:17:02.347 No connection to sync server.
04:17:07.197 Table counts: notes: 308, revisions: 122, attachments: 64, branches: 311, attributes: 457, etapi_tokens: 0, blobs: 333
04:17:07.233 All consistency checks passed with no errors detected (took 36ms)
04:18:02.365 No connection to sync server.
04:19:02.372 No connection to sync server.
04:20:02.390 No connection to sync server.
04:23:02.363 Sync failed: 'Process exceeded time limit 120000', stack: Error: Process exceeded time limit 120000
    at Object.timeLimit (/root/software/trilium-chinese/trilium-linux-x64-server/src/services/utils.js:250:19)
    at requestToSyncServer (/root/software/trilium-chinese/trilium-linux-x64-server/src/services/setup.js:49:24)
    at Object.hasSyncServerSchemaAndSeed (/root/software/trilium-chinese/trilium-linux-x64-server/src/services/setup.js:12:28)
    at login (/root/software/trilium-chinese/trilium-linux-x64-server/src/services/sync.js:89:29)
    at /root/software/trilium-chinese/trilium-linux-x64-server/src/services/sync.js:35:43
    at Object.doExclusively (/root/software/trilium-chinese/trilium-linux-x64-server/src/services/sync_mutex.js:13:22)
    at async sync (/root/software/trilium-chinese/trilium-linux-x64-server/src/services/sync.js:27:16)
04:23:02.422 No connection to sync server.
04:23:02.479 No connection to sync server.
04:24:02.437 No connection to sync server.
04:25:02.444 No connection to sync server.
04:26:02.450 No connection to sync server.
04:27:02.448 No connection to sync server.
04:28:02.480 No connection to sync server.
04:29:02.468 No connection to sync server.
04:30:02.495 No connection to sync server.
04:31:02.495 No connection to sync server.
04:32:02.507 No connection to sync server.
04:33:02.516 No connection to sync server.
04:34:02.540 No connection to sync server.
04:35:02.531 No connection to sync server.
04:36:02.537 No connection to sync server.
04:37:02.560 No connection to sync server.
04:38:02.564 No connection to sync server.
04:39:02.577 No connection to sync server.
04:40:02.588 No connection to sync server.
04:41:02.601 No connection to sync server.
04:42:02.601 No connection to sync server.
04:43:02.614 No connection to sync server.
04:44:02.629 No connection to sync server.
04:45:02.628 No connection to sync server.
04:46:02.647 No connection to sync server.
04:47:02.658 No connection to sync server.
04:48:02.666 No connection to sync server.
04:49:02.673 No connection to sync server.
04:50:02.681 No connection to sync server.
04:51:02.701 No connection to sync server.
04:52:02.699 No connection to sync server.
04:53:02.728 No connection to sync server.
04:54:02.733 No connection to sync server.
04:55:02.757 No connection to sync server.
04:56:02.740 No connection to sync server.
04:57:02.757 No connection to sync server.
04:58:02.759 No connection to sync server.
04:59:02.781 No connection to sync server.
05:00:02.787 No connection to sync server.
05:01:02.805 No connection to sync server.
05:02:02.810 No connection to sync server.
05:03:02.803 No connection to sync server.
05:04:02.824 No connection to sync server.
05:05:02.830 No connection to sync server.
05:06:02.853 No connection to sync server.
05:07:02.853 No connection to sync server.
05:08:02.875 No connection to sync server.
05:09:02.874 No connection to sync server.
05:10:02.895 No connection to sync server.
05:11:02.896 No connection to sync server.
05:12:02.906 No connection to sync server.
05:13:02.907 No connection to sync server.
05:14:02.931 No connection to sync server.
05:15:02.931 No connection to sync server.
05:16:02.950 No connection to sync server.
05:17:02.950 No connection to sync server.
05:17:07.198 Table counts: notes: 308, revisions: 122, attachments: 64, branches: 311, attributes: 457, etapi_tokens: 0, blobs: 333
05:17:07.225 All consistency checks passed with no errors detected (took 26ms)
05:18:02.970 No connection to sync server.
05:19:02.968 No connection to sync server.
05:20:02.978 No connection to sync server.
05:21:02.995 No connection to sync server.
05:22:03.004 No connection to sync server.
05:23:03.005 No connection to sync server.
05:24:03.024 No connection to sync server.
05:25:03.022 No connection to sync server.
05:26:03.051 No connection to sync server.
05:27:03.044 No connection to sync server.
05:28:03.059 No connection to sync server.
05:29:03.074 No connection to sync server.
05:30:03.074 No connection to sync server.
05:31:03.085 No connection to sync server.
05:32:03.084 No connection to sync server.
05:33:03.103 No connection to sync server.
05:34:03.105 No connection to sync server.
05:35:03.119 No connection to sync server.
05:36:03.150 No connection to sync server.
05:37:03.145 No connection to sync server.
05:38:03.149 No connection to sync server.
05:39:03.159 No connection to sync server.
05:40:03.179 No connection to sync server.
05:41:03.184 No connection to sync server.
05:42:03.180 No connection to sync server.
05:43:03.178 No connection to sync server.
05:44:03.198 No connection to sync server.
05:45:03.207 No connection to sync server.
05:46:03.216 No connection to sync server.
05:47:03.217 No connection to sync server.
05:48:03.226 No connection to sync server.
05:49:03.239 No connection to sync server.
05:50:03.255 No connection to sync server.
05:51:03.255 No connection to sync server.
05:52:03.271 No connection to sync server.
05:53:03.269 No connection to sync server.
05:54:03.292 No connection to sync server.
05:55:03.293 No connection to sync server.
05:56:03.312 No connection to sync server.
05:57:03.305 No connection to sync server.
05:58:03.339 No connection to sync server.
05:59:03.322 No connection to sync server.
06:00:03.340 No connection to sync server.
06:01:03.340 No connection to sync server.
06:02:03.357 No connection to sync server.
06:03:03.367 No connection to sync server.
06:04:03.372 No connection to sync server.
06:05:03.382 No connection to sync server.
06:06:03.394 No connection to sync server.
06:07:03.400 No connection to sync server.
06:08:03.424 No connection to sync server.
06:09:03.419 No connection to sync server.
06:10:03.438 No connection to sync server.
06:11:03.430 No connection to sync server.
06:12:03.450 No connection to sync server.
06:13:03.450 No connection to sync server.
06:14:03.474 No connection to sync server.
06:15:03.494 No connection to sync server.
06:16:03.487 No connection to sync server.
06:17:03.493 No connection to sync server.
06:17:07.200 Table counts: notes: 308, revisions: 122, attachments: 64, branches: 311, attributes: 457, etapi_tokens: 0, blobs: 333
06:17:07.218 All consistency checks passed with no errors detected (took 19ms)
06:18:03.498 No connection to sync server.
06:19:03.531 No connection to sync server.
06:20:03.523 No connection to sync server.
06:21:03.531 No connection to sync server.
06:22:03.544 No connection to sync server.
06:23:03.556 No connection to sync server.
06:24:03.563 No connection to sync server.
06:25:03.559 No connection to sync server.
06:26:03.587 No connection to sync server.
06:27:03.586 No connection to sync server.
06:28:03.600 No connection to sync server.
06:29:03.601 No connection to sync server.
06:30:03.608 No connection to sync server.
06:31:03.615 No connection to sync server.
06:32:03.624 No connection to sync server.
06:33:03.636 No connection to sync server.
06:34:03.651 No connection to sync server.
06:35:03.651 No connection to sync server.
06:36:03.673 No connection to sync server.
06:37:03.671 No connection to sync server.
06:38:03.686 No connection to sync server.
06:39:03.682 No connection to sync server.
06:40:03.693 No connection to sync server.
06:41:03.703 No connection to sync server.
06:42:03.724 No connection to sync server.
06:43:03.717 No connection to sync server.
06:44:03.739 No connection to sync server.
06:45:03.748 No connection to sync server.
06:46:03.747 No connection to sync server.
06:47:03.750 No connection to sync server.
06:48:03.758 No connection to sync server.
06:49:03.776 No connection to sync server.
06:50:03.779 No connection to sync server.
06:51:03.786 No connection to sync server.
06:52:03.801 No connection to sync server.
06:53:03.796 No connection to sync server.
06:54:03.818 No connection to sync server.
06:55:03.817 No connection to sync server.
06:56:03.832 No connection to sync server.
06:57:03.835 No connection to sync server.
06:58:03.861 No connection to sync server.
06:59:03.856 No connection to sync server.
07:00:03.865 No connection to sync server.
07:01:03.868 No connection to sync server.
07:02:03.888 No connection to sync server.
07:03:03.892 No connection to sync server.
07:04:03.902 No connection to sync server.
07:05:03.910 No connection to sync server.
07:06:03.922 No connection to sync server.
07:07:03.925 No connection to sync server.
07:08:03.938 No connection to sync server.
07:09:03.935 No connection to sync server.
07:10:03.950 No connection to sync server.
07:11:03.963 No connection to sync server.
07:12:03.963 No connection to sync server.
07:13:03.980 No connection to sync server.
07:14:03.979 No connection to sync server.
07:15:03.978 No connection to sync server.
07:16:04.007 No connection to sync server.
07:17:03.994 No connection to sync server.
07:17:07.200 Table counts: notes: 308, revisions: 122, attachments: 64, branches: 311, attributes: 457, etapi_tokens: 0, blobs: 333
07:17:07.219 All consistency checks passed with no errors detected (took 20ms)
07:18:04.017 No connection to sync server.
07:19:04.020 No connection to sync server.
07:20:04.030 No connection to sync server.
07:21:04.042 No connection to sync server.
07:22:04.055 No connection to sync server.
07:23:04.052 No connection to sync server.
07:24:04.073 No connection to sync server.
07:25:04.068 No connection to sync server.
07:26:04.080 No connection to sync server.
07:27:04.090 No connection to sync server.
07:28:04.096 No connection to sync server.
07:29:04.093 No connection to sync server.
07:30:04.117 No connection to sync server.
07:31:04.109 No connection to sync server.
07:32:04.144 No connection to sync server.
07:33:04.127 No connection to sync server.
07:34:04.154 No connection to sync server.
07:35:04.160 No connection to sync server.
07:36:04.156 No connection to sync server.
07:37:04.165 No connection to sync server.
07:38:04.165 No connection to sync server.
07:39:04.181 No connection to sync server.
07:40:04.187 No connection to sync server.
07:41:04.312 No connection to sync server.
07:42:04.197 No connection to sync server.
07:43:04.207 No connection to sync server.
07:44:04.208 No connection to sync server.
07:45:04.226 No connection to sync server.
07:46:04.223 No connection to sync server.
07:47:04.236 No connection to sync server.
07:48:04.245 No connection to sync server.
07:49:04.254 No connection to sync server.
07:50:04.262 No connection to sync server.
07:51:04.268 No connection to sync server.
07:52:04.286 No connection to sync server.
07:53:04.290 No connection to sync server.
07:54:04.294 No connection to sync server.
07:55:04.287 No connection to sync server.
07:56:04.310 No connection to sync server.
07:57:04.312 No connection to sync server.
07:58:04.325 No connection to sync server.
07:59:04.322 No connection to sync server.
08:00:04.342 No connection to sync server.
08:01:04.345 No connection to sync server.
08:02:04.349 No connection to sync server.
08:03:04.352 No connection to sync server.
08:04:04.358 No connection to sync server.
08:05:04.373 No connection to sync server.
08:06:04.371 No connection to sync server.
08:07:04.370 No connection to sync server.
08:08:04.446 No connection to sync server.
08:09:04.398 No connection to sync server.
08:10:04.412 No connection to sync server.
08:11:04.408 No connection to sync server.
08:12:04.430 No connection to sync server.
08:13:04.414 No connection to sync server.
08:14:04.442 No connection to sync server.
08:15:04.436 No connection to sync server.
08:16:04.450 No connection to sync server.
08:17:04.446 No connection to sync server.
08:17:07.201 Table counts: notes: 308, revisions: 122, attachments: 64, branches: 311, attributes: 457, etapi_tokens: 0, blobs: 333
08:17:07.219 All consistency checks passed with no errors detected (took 19ms)
08:18:04.454 No connection to sync server.
08:19:04.465 No connection to sync server.
08:20:04.478 No connection to sync server.
08:21:04.478 No connection to sync server.
08:22:04.496 No connection to sync server.
08:23:04.489 No connection to sync server.
08:24:04.514 No connection to sync server.
08:25:04.504 No connection to sync server.
08:26:04.511 No connection to sync server.
08:27:04.511 No connection to sync server.
08:28:04.518 No connection to sync server.
08:29:04.529 No connection to sync server.
08:30:04.546 No connection to sync server.
08:31:04.544 No connection to sync server.
08:32:04.550 No connection to sync server.
08:33:04.558 No connection to sync server.
08:34:04.570 No connection to sync server.
08:35:04.569 No connection to sync server.
08:36:04.580 No connection to sync server.
08:37:04.584 No connection to sync server.
08:38:04.598 No connection to sync server.
08:39:04.600 No connection to sync server.
08:40:04.618 No connection to sync server.
08:41:04.602 No connection to sync server.
08:42:04.621 No connection to sync server.
08:43:04.626 No connection to sync server.
08:44:04.638 No connection to sync server.
08:45:04.642 No connection to sync server.
08:46:04.642 No connection to sync server.
08:47:04.649 No connection to sync server.
08:48:04.650 No connection to sync server.
08:49:04.659 No connection to sync server.
08:50:04.666 No connection to sync server.
08:51:04.667 No connection to sync server.
08:52:04.685 No connection to sync server.
08:53:04.687 No connection to sync server.
08:54:04.708 No connection to sync server.
08:55:04.685 No connection to sync server.
08:56:04.702 No connection to sync server.
08:57:04.707 No connection to sync server.
08:58:04.723 No connection to sync server.
08:59:04.711 No connection to sync server.
09:00:04.729 No connection to sync server.
09:01:04.731 No connection to sync server.
09:02:04.741 No connection to sync server.
09:03:04.741 No connection to sync server.
09:04:04.738 No connection to sync server.
09:05:04.749 No connection to sync server.
09:06:04.774 No connection to sync server.
09:07:04.769 No connection to sync server.
09:08:04.768 No connection to sync server.
09:09:04.784 No connection to sync server.
09:10:04.791 No connection to sync server.
09:11:04.786 No connection to sync server.
09:12:04.800 No connection to sync server.
09:13:04.798 No connection to sync server.
09:14:04.814 No connection to sync server.
09:15:04.811 No connection to sync server.
09:16:04.822 No connection to sync server.
09:17:04.830 No connection to sync server.
09:17:07.201 Table counts: notes: 308, revisions: 122, attachments: 64, branches: 311, attributes: 457, etapi_tokens: 0, blobs: 333
09:17:07.229 All consistency checks passed with no errors detected (took 28ms)
09:18:04.829 No connection to sync server.
09:19:04.844 No connection to sync server.
09:20:04.847 No connection to sync server.
09:21:04.856 No connection to sync server.
09:22:04.851 No connection to sync server.
09:23:04.863 No connection to sync server.
09:24:04.861 No connection to sync server.
09:25:04.868 No connection to sync server.
09:26:04.880 No connection to sync server.
09:27:04.884 No connection to sync server.
09:28:04.880 No connection to sync server.
09:29:04.898 No connection to sync server.
09:30:04.913 No connection to sync server.
09:31:04.899 No connection to sync server.
09:32:04.906 No connection to sync server.
09:33:04.918 No connection to sync server.
09:34:04.928 No connection to sync server.
09:35:04.928 No connection to sync server.
09:36:04.927 No connection to sync server.
09:37:04.950 No connection to sync server.
09:38:04.941 No connection to sync server.
09:39:04.959 No connection to sync server.
09:40:04.957 No connection to sync server.
09:41:04.967 No connection to sync server.
09:42:04.970 No connection to sync server.
09:43:04.970 No connection to sync server.
09:44:04.975 No connection to sync server.
09:45:04.983 No connection to sync server.
09:46:04.984 No connection to sync server.
09:47:04.996 No connection to sync server.
09:48:05.002 No connection to sync server.
09:49:05.007 No connection to sync server.
09:50:05.028 No connection to sync server.
09:51:05.013 No connection to sync server.
09:52:05.016 No connection to sync server.
09:53:05.026 No connection to sync server.
09:54:05.139 No connection to sync server.
09:55:05.052 No connection to sync server.
09:56:05.055 No connection to sync server.
09:57:05.059 No connection to sync server.
09:58:05.065 No connection to sync server.
09:59:05.068 No connection to sync server.
10:00:05.072 No connection to sync server.
10:01:05.074 No connection to sync server.
10:02:05.082 No connection to sync server.
10:03:05.084 No connection to sync server.
10:04:05.098 No connection to sync server.
10:05:05.106 No connection to sync server.
10:06:05.096 No connection to sync server.
10:07:05.107 No connection to sync server.
10:08:05.111 No connection to sync server.
10:09:05.125 No connection to sync server.
10:10:05.133 No connection to sync server.
10:11:05.131 No connection to sync server.
10:12:05.140 No connection to sync server.
10:13:05.139 No connection to sync server.
10:14:05.155 No connection to sync server.
10:15:05.145 No connection to sync server.
10:16:05.148 No connection to sync server.
10:17:05.151 No connection to sync server.
10:17:07.201 Table counts: notes: 308, revisions: 122, attachments: 64, branches: 311, attributes: 457, etapi_tokens: 0, blobs: 333
10:17:07.225 All consistency checks passed with no errors detected (took 25ms)
10:18:05.175 No connection to sync server.
10:19:05.164 No connection to sync server.
10:20:05.177 No connection to sync server.
10:21:05.182 No connection to sync server.
10:22:05.182 No connection to sync server.
10:23:05.186 No connection to sync server.
10:24:05.186 No connection to sync server.
10:25:05.198 No connection to sync server.
10:26:05.191 No connection to sync server.
10:27:05.201 No connection to sync server.
10:28:05.223 No connection to sync server.
10:29:05.213 No connection to sync server.
10:30:05.228 No connection to sync server.
10:31:05.223 No connection to sync server.
10:32:05.219 No connection to sync server.
10:33:05.220 No connection to sync server.
10:34:05.230 No connection to sync server.
10:35:05.242 No connection to sync server.
10:36:05.256 No connection to sync server.
10:37:05.259 No connection to sync server.
10:38:05.253 No connection to sync server.
10:39:05.255 No connection to sync server.
10:40:05.260 No connection to sync server.
10:41:05.258 No connection to sync server.
10:42:05.272 No connection to sync server.
10:43:05.280 No connection to sync server.
10:44:05.273 No connection to sync server.
10:45:05.278 No connection to sync server.
10:46:05.289 No connection to sync server.
10:47:05.293 No connection to sync server.
10:48:05.291 No connection to sync server.
10:49:05.294 No connection to sync server.
10:50:05.298 No connection to sync server.
10:51:05.296 No connection to sync server.
10:52:05.308 No connection to sync server.
10:53:05.310 No connection to sync server.
10:54:05.318 No connection to sync server.
10:55:05.320 No connection to sync server.
10:56:05.331 No connection to sync server.
10:57:05.320 No connection to sync server.
10:58:05.333 No connection to sync server.
10:59:05.325 No connection to sync server.
11:00:05.346 No connection to sync server.
11:01:05.339 No connection to sync server.
11:02:05.349 No connection to sync server.
11:03:05.337 No connection to sync server.
11:04:05.347 No connection to sync server.
11:05:05.348 No connection to sync server.
11:06:05.372 No connection to sync server.
11:07:05.360 No connection to sync server.
11:08:05.352 No connection to sync server.
11:09:05.366 No connection to sync server.
11:10:05.371 No connection to sync server.
11:11:05.375 No connection to sync server.
11:12:05.382 No connection to sync server.
11:13:05.373 No connection to sync server.
11:14:05.376 No connection to sync server.
11:15:05.389 No connection to sync server.
11:16:05.396 No connection to sync server.
11:17:05.392 No connection to sync server.
11:17:07.202 Table counts: notes: 308, revisions: 122, attachments: 64, branches: 311, attributes: 457, etapi_tokens: 0, blobs: 333
11:17:07.221 All consistency checks passed with no errors detected (took 20ms)
11:18:05.400 No connection to sync server.
11:19:05.401 No connection to sync server.
11:20:05.407 No connection to sync server.
11:21:05.411 No connection to sync server.
11:22:05.414 No connection to sync server.
11:23:05.408 No connection to sync server.
11:24:05.423 No connection to sync server.
11:25:05.436 No connection to sync server.
11:26:05.424 No connection to sync server.
11:27:05.435 No connection to sync server.
11:28:05.440 No connection to sync server.
11:29:05.428 No connection to sync server.
11:30:05.442 No connection to sync server.
11:31:05.432 No connection to sync server.
11:32:05.444 No connection to sync server.
11:33:05.441 No connection to sync server.
11:34:05.442 No connection to sync server.
11:35:05.441 No connection to sync server.
11:36:05.453 No connection to sync server.
11:37:05.457 No connection to sync server.
11:38:05.458 No connection to sync server.
11:39:05.459 No connection to sync server.
11:40:05.457 No connection to sync server.
11:41:05.474 No connection to sync server.
11:42:05.468 No connection to sync server.
11:43:05.465 No connection to sync server.
11:44:05.480 No connection to sync server.
11:45:05.475 No connection to sync server.
11:46:05.478 No connection to sync server.
11:47:05.476 No connection to sync server.
11:48:05.489 No connection to sync server.
11:49:05.483 No connection to sync server.
11:50:05.490 No connection to sync server.
11:51:05.492 No connection to sync server.
11:52:05.490 No connection to sync server.
11:53:05.496 No connection to sync server.
11:54:05.489 No connection to sync server.
11:55:05.502 No connection to sync server.
11:56:05.510 No connection to sync server.
11:57:05.509 No connection to sync server.
11:58:05.511 No connection to sync server.
11:59:05.514 No connection to sync server.
12:00:05.515 No connection to sync server.
12:01:05.516 No connection to sync server.
12:02:05.514 No connection to sync server.
12:03:05.518 No connection to sync server.
12:04:15.485 Sync failed: 'Request to GET https://trilium.l2.bb1a.cn:8082/api/setup/status failed, error: Error: getaddrinfo ENOTFOUND trilium.l2.bb1a.cn', stack: Error: Request to GET https://trilium.l2.bb1a.cn:8082/api/setup/status failed, error: Error: getaddrinfo ENOTFOUND trilium.l2.bb1a.cn
    at generateError (/root/software/trilium-chinese/trilium-linux-x64-server/src/services/request.js:207:12)
    at ClientRequest.<anonymous> (/root/software/trilium-chinese/trilium-linux-x64-server/src/services/request.js:58:47)
    at ClientRequest.emit (node:events:517:28)
    at TLSSocket.socketErrorListener (node:_http_client:501:9)
    at TLSSocket.emit (node:events:517:28)
    at emitErrorNT (node:internal/streams/destroy:151:8)
    at emitErrorCloseNT (node:internal/streams/destroy:116:3)
    at process.processTicksAndRejections (node:internal/process/task_queues:82:21)
12:05:05.522 No connection to sync server.
12:06:05.531 No connection to sync server.
12:07:05.528 No connection to sync server.
12:08:05.529 No connection to sync server.
12:09:05.531 No connection to sync server.
12:10:05.541 No connection to sync server.
12:11:05.542 No connection to sync server.
12:12:05.542 No connection to sync server.
12:13:05.533 No connection to sync server.
12:14:05.545 No connection to sync server.
12:15:05.557 No connection to sync server.
12:16:05.537 No connection to sync server.
12:17:05.552 No connection to sync server.
12:17:06.717 Optimizing database
12:17:06.719 Optimization finished in 1ms.
12:17:07.203 Table counts: notes: 308, revisions: 122, attachments: 64, branches: 311, attributes: 457, etapi_tokens: 0, blobs: 333
12:17:07.242 All consistency checks passed with no errors detected (took 39ms)
12:18:05.548 No connection to sync server.
12:19:05.940 No connection to sync server.
12:20:05.545 No connection to sync server.
12:21:05.545 No connection to sync server.
12:22:05.550 No connection to sync server.
12:23:05.550 No connection to sync server.
12:24:05.548 No connection to sync server.
12:25:05.562 No connection to sync server.
12:26:05.547 No connection to sync server.
12:27:05.553 No connection to sync server.
12:28:05.556 No connection to sync server.
12:29:05.557 No connection to sync server.
12:30:05.557 No connection to sync server.
12:31:05.547 No connection to sync server.
12:32:05.553 No connection to sync server.
12:33:05.569 No connection to sync server.
12:34:05.550 No connection to sync server.
12:35:05.560 No connection to sync server.
12:36:05.565 No connection to sync server.
12:37:05.565 No connection to sync server.
12:38:05.585 No connection to sync server.
12:39:05.586 No connection to sync server.
12:40:05.625 No connection to sync server.
12:41:05.629 No connection to sync server.
12:42:05.656 No connection to sync server.
12:43:05.672 No connection to sync server.
12:44:05.691 No connection to sync server.
12:45:05.698 No connection to sync server.
12:46:05.721 No connection to sync server.
12:47:05.729 No connection to sync server.
12:48:05.763 No connection to sync server.
12:49:05.772 No connection to sync server.
12:50:05.795 No connection to sync server.
12:51:05.805 No connection to sync server.
12:52:05.825 No connection to sync server.
12:53:05.836 No connection to sync server.
12:54:05.876 No connection to sync server.
12:55:05.861 No connection to sync server.
12:56:05.868 No connection to sync server.
12:57:05.895 No connection to sync server.
12:58:05.905 No connection to sync server.
12:59:05.936 No connection to sync server.
13:00:05.931 No connection to sync server.
13:01:05.957 No connection to sync server.
13:02:05.960 No connection to sync server.
13:03:05.975 No connection to sync server.
13:04:06.001 No connection to sync server.
13:05:06.016 No connection to sync server.
13:06:06.023 No connection to sync server.
13:07:06.053 No connection to sync server.
13:08:06.056 No connection to sync server.
13:09:06.069 No connection to sync server.
13:10:06.101 No connection to sync server.
13:11:06.110 No connection to sync server.
13:12:06.128 No connection to sync server.
13:13:06.136 No connection to sync server.
13:14:06.173 No connection to sync server.
13:15:06.169 No connection to sync server.
13:16:06.178 No connection to sync server.
13:17:06.216 No connection to sync server.
13:17:07.203 Table counts: notes: 308, revisions: 122, attachments: 64, branches: 311, attributes: 457, etapi_tokens: 0, blobs: 333
13:17:07.219 All consistency checks passed with no errors detected (took 17ms)
13:18:06.207 No connection to sync server.
13:19:06.220 No connection to sync server.
13:20:06.247 No connection to sync server.
13:21:06.244 No connection to sync server.
13:22:06.303 No connection to sync server.
13:23:06.293 No connection to sync server.
13:24:06.313 No connection to sync server.
13:25:06.309 No connection to sync server.
13:26:06.341 No connection to sync server.
13:27:06.344 No connection to sync server.
13:28:06.368 No connection to sync server.
13:29:06.394 No connection to sync server.
13:30:06.406 No connection to sync server.
13:31:06.402 No connection to sync server.
13:32:06.413 No connection to sync server.
13:33:06.442 No connection to sync server.
13:34:06.462 No connection to sync server.
13:35:06.455 No connection to sync server.
13:36:06.455 No connection to sync server.
13:37:06.494 No connection to sync server.
13:38:06.484 No connection to sync server.
13:39:06.516 No connection to sync server.
13:40:06.534 No connection to sync server.
13:41:06.525 No connection to sync server.
13:42:06.626 No connection to sync server.
13:43:06.556 No connection to sync server.
13:44:06.568 No connection to sync server.
13:45:06.593 No connection to sync server.
13:46:06.588 No connection to sync server.
13:47:06.619 No connection to sync server.
13:48:06.624 No connection to sync server.
13:49:06.658 No connection to sync server.
13:50:06.661 No connection to sync server.
13:51:06.689 No connection to sync server.
13:52:06.702 No connection to sync server.
13:53:06.724 No connection to sync server.
13:54:06.731 No connection to sync server.
13:55:06.761 No connection to sync server.
13:56:06.768 No connection to sync server.
13:57:06.799 No connection to sync server.
13:58:06.801 No connection to sync server.
13:59:06.819 No connection to sync server.
14:00:06.826 No connection to sync server.
14:01:06.856 No connection to sync server.
14:02:11.859 No connection to sync server.
14:03:06.884 No connection to sync server.
14:04:06.897 No connection to sync server.
14:05:06.915 No connection to sync server.
14:06:06.925 No connection to sync server.
14:07:06.947 No connection to sync server.
14:08:06.964 No connection to sync server.
14:09:06.982 No connection to sync server.
14:10:06.988 No connection to sync server.
14:11:07.019 No connection to sync server.
14:12:07.032 No connection to sync server.
14:13:07.060 No connection to sync server.
14:14:07.063 No connection to sync server.
14:15:07.079 No connection to sync server.
14:16:07.089 No connection to sync server.
14:17:07.083 No connection to sync server.
14:17:07.203 Table counts: notes: 308, revisions: 122, attachments: 64, branches: 311, attributes: 457, etapi_tokens: 0, blobs: 333
14:17:07.225 All consistency checks passed with no errors detected (took 23ms)
14:18:07.121 No connection to sync server.
14:19:07.124 No connection to sync server.
14:20:07.151 No connection to sync server.
14:21:07.151 No connection to sync server.
14:22:07.175 No connection to sync server.
14:23:07.180 No connection to sync server.
14:24:07.205 No connection to sync server.
14:25:07.216 No connection to sync server.
14:26:07.235 No connection to sync server.
14:27:07.243 No connection to sync server.
14:28:07.302 No connection to sync server.
14:29:07.269 No connection to sync server.
14:30:07.282 No connection to sync server.
14:31:07.306 No connection to sync server.
14:32:07.308 No connection to sync server.
14:33:07.323 No connection to sync server.
14:34:07.359 No connection to sync server.
14:35:07.352 No connection to sync server.
14:36:08.386 No connection to sync server.
14:37:07.388 No connection to sync server.
14:38:07.415 No connection to sync server.
14:39:07.421 No connection to sync server.
14:40:07.442 No connection to sync server.
14:41:07.452 No connection to sync server.
14:42:07.461 No connection to sync server.
14:43:07.482 No connection to sync server.
14:44:07.494 No connection to sync server.
14:45:07.516 No connection to sync server.
14:46:07.529 No connection to sync server.
14:47:07.549 No connection to sync server.
14:48:07.546 No connection to sync server.
14:49:07.573 No connection to sync server.
14:50:07.602 No connection to sync server.
14:51:07.609 No connection to sync server.
14:52:07.625 No connection to sync server.
14:53:07.644 No connection to sync server.
14:54:07.643 No connection to sync server.
14:55:07.676 No connection to sync server.
14:56:07.690 No connection to sync server.
14:57:07.714 No connection to sync server.
14:58:07.721 No connection to sync server.
14:59:07.748 No connection to sync server.
15:00:07.751 No connection to sync server.
15:01:07.784 No connection to sync server.
15:02:07.793 No connection to sync server.
15:03:07.809 No connection to sync server.
15:04:07.818 No connection to sync server.
15:05:07.846 No connection to sync server.
15:06:07.849 No connection to sync server.
15:07:07.870 No connection to sync server.
15:08:07.885 No connection to sync server.
15:09:07.916 No connection to sync server.
15:10:07.912 No connection to sync server.
15:11:12.930 No connection to sync server.
15:12:07.947 No connection to sync server.
15:13:07.946 No connection to sync server.
15:14:07.967 No connection to sync server.
15:15:07.970 No connection to sync server.
15:16:08.000 No connection to sync server.
15:17:07.202 Table counts: notes: 308, revisions: 122, attachments: 64, branches: 311, attributes: 457, etapi_tokens: 0, blobs: 333
15:17:07.218 All consistency checks passed with no errors detected (took 16ms)
15:17:08.014 No connection to sync server.
15:18:08.037 No connection to sync server.
15:19:08.068 No connection to sync server.
15:20:08.059 No connection to sync server.
15:21:08.084 No connection to sync server.
15:22:08.108 No connection to sync server.
15:23:08.110 No connection to sync server.
15:24:08.126 No connection to sync server.
15:25:08.134 No connection to sync server.
15:26:08.157 No connection to sync server.
15:27:08.155 No connection to sync server.
15:28:08.172 No connection to sync server.
15:29:08.176 No connection to sync server.
15:30:08.217 No connection to sync server.
15:31:08.220 No connection to sync server.
15:32:08.243 No connection to sync server.
15:33:08.245 No connection to sync server.
15:33:27.090 Error: Router not found for request GET /pdown
15:34:08.264 No connection to sync server.
15:35:08.279 No connection to sync server.
15:36:08.292 No connection to sync server.
15:37:08.316 No connection to sync server.
15:38:08.331 No connection to sync server.
15:39:08.343 No connection to sync server.
15:40:08.393 No connection to sync server.
15:41:08.368 No connection to sync server.
15:42:08.380 No connection to sync server.
15:43:08.415 No connection to sync server.
15:44:08.420 No connection to sync server.
15:45:08.430 No connection to sync server.
15:46:08.465 No connection to sync server.
15:47:08.478 No connection to sync server.
15:48:08.474 No connection to sync server.
15:49:08.498 No connection to sync server.
15:50:08.499 No connection to sync server.
15:51:08.528 No connection to sync server.
15:52:08.534 No connection to sync server.
15:53:08.576 No connection to sync server.
15:54:08.572 No connection to sync server.
15:55:08.576 No connection to sync server.
15:56:08.586 No connection to sync server.
15:57:08.614 No connection to sync server.
15:58:08.609 No connection to sync server.
15:59:08.616 No connection to sync server.
16:00:08.637 No connection to sync server.
16:01:08.652 No connection to sync server.
16:02:08.660 No connection to sync server.
16:03:08.712 No connection to sync server.
16:04:08.686 No connection to sync server.
16:05:08.719 No connection to sync server.
16:06:08.728 No connection to sync server.
16:07:08.756 No connection to sync server.
16:08:08.749 No connection to sync server.
16:09:08.780 No connection to sync server.
16:10:08.778 No connection to sync server.
16:11:08.784 No connection to sync server.
16:12:08.815 No connection to sync server.
16:13:08.821 No connection to sync server.
16:14:08.852 No connection to sync server.
16:15:08.852 No connection to sync server.
16:16:08.882 No connection to sync server.
16:17:07.203 Table counts: notes: 308, revisions: 122, attachments: 64, branches: 311, attributes: 457, etapi_tokens: 0, blobs: 333
16:17:07.224 All consistency checks passed with no errors detected (took 21ms)
16:17:08.883 No connection to sync server.
16:18:08.914 No connection to sync server.
16:19:08.925 No connection to sync server.
16:20:08.953 No connection to sync server.
16:21:08.938 No connection to sync server.
16:22:08.975 No connection to sync server.
16:23:08.975 No connection to sync server.
16:24:09.000 No connection to sync server.
16:25:09.005 No connection to sync server.
16:26:09.038 No connection to sync server.
16:27:09.038 No connection to sync server.
16:28:09.063 No connection to sync server.
16:29:09.082 No connection to sync server.
16:30:09.100 No connection to sync server.
16:31:09.100 No connection to sync server.
16:32:09.130 No connection to sync server.
16:33:09.134 No connection to sync server.
16:34:09.162 No connection to sync server.
16:35:09.168 No connection to sync server.
16:36:09.196 No connection to sync server.
16:37:09.207 No connection to sync server.
16:38:09.226 No connection to sync server.
16:39:09.227 No connection to sync server.
16:40:09.261 No connection to sync server.
16:41:09.263 No connection to sync server.
16:42:09.277 No connection to sync server.
16:43:09.294 No connection to sync server.
16:44:09.302 No connection to sync server.
16:45:09.305 No connection to sync server.
16:46:09.328 No connection to sync server.
16:47:09.345 No connection to sync server.
16:48:09.354 No connection to sync server.
16:49:09.375 No connection to sync server.
16:50:09.383 No connection to sync server.
16:51:09.402 No connection to sync server.
16:52:09.418 No connection to sync server.
16:53:09.422 No connection to sync server.
16:54:09.441 No connection to sync server.
16:55:09.450 No connection to sync server.
16:56:09.480 No connection to sync server.
16:57:09.469 No connection to sync server.
16:58:09.497 No connection to sync server.
16:59:09.505 No connection to sync server.
17:00:09.533 No connection to sync server.
17:01:09.553 No connection to sync server.
17:02:09.546 No connection to sync server.
17:03:09.574 No connection to sync server.
17:04:09.579 No connection to sync server.
17:05:09.588 No connection to sync server.
17:06:09.608 No connection to sync server.
17:07:09.624 No connection to sync server.
17:08:09.653 No connection to sync server.
17:09:09.641 No connection to sync server.
17:10:09.672 No connection to sync server.
17:11:09.677 No connection to sync server.
17:12:09.705 No connection to sync server.
17:13:09.702 No connection to sync server.
17:14:09.703 No connection to sync server.
17:15:09.732 No connection to sync server.
17:16:09.738 No connection to sync server.
17:17:07.203 Table counts: notes: 308, revisions: 122, attachments: 64, branches: 311, attributes: 457, etapi_tokens: 0, blobs: 333
17:17:07.224 All consistency checks passed with no errors detected (took 22ms)
17:17:09.743 No connection to sync server.
17:18:09.762 No connection to sync server.
17:19:09.756 No connection to sync server.
17:20:09.786 No connection to sync server.
17:21:09.792 No connection to sync server.
17:22:09.812 No connection to sync server.
17:23:09.827 No connection to sync server.
17:24:09.838 No connection to sync server.
17:25:09.875 No connection to sync server.
17:26:09.884 No connection to sync server.
17:27:09.904 No connection to sync server.
17:28:09.907 No connection to sync server.
17:29:09.922 No connection to sync server.
17:30:09.943 No connection to sync server.
17:31:09.970 No connection to sync server.
17:32:09.975 No connection to sync server.
17:33:09.985 No connection to sync server.
17:34:10.000 No connection to sync server.
17:35:10.009 No connection to sync server.
17:36:10.018 No connection to sync server.
17:37:10.055 No connection to sync server.
17:38:10.049 No connection to sync server.
17:39:10.075 No connection to sync server.
17:40:10.085 No connection to sync server.
17:41:10.123 No connection to sync server.
17:42:10.103 No connection to sync server.
17:43:10.139 No connection to sync server.
17:44:10.138 No connection to sync server.
17:45:10.160 No connection to sync server.
17:46:10.165 No connection to sync server.
17:47:10.203 No connection to sync server.
17:48:10.202 No connection to sync server.
17:49:10.202 No connection to sync server.
17:50:10.205 No connection to sync server.
17:51:10.242 No connection to sync server.
17:52:10.233 No connection to sync server.
17:53:10.266 No connection to sync server.
17:54:10.272 No connection to sync server.
17:55:10.292 No connection to sync server.
17:56:10.305 No connection to sync server.
17:57:10.333 No connection to sync server.
17:58:10.335 No connection to sync server.
17:59:10.366 No connection to sync server.
18:00:10.364 No connection to sync server.
18:01:10.370 No connection to sync server.
18:02:10.410 No connection to sync server.
18:03:10.402 No connection to sync server.
18:04:10.419 No connection to sync server.
18:05:10.438 No connection to sync server.
18:06:10.449 No connection to sync server.
18:07:10.454 No connection to sync server.
18:08:10.456 No connection to sync server.
18:09:10.486 No connection to sync server.
18:10:10.483 No connection to sync server.
18:11:10.507 No connection to sync server.
18:12:10.514 No connection to sync server.
18:13:10.527 No connection to sync server.
18:14:10.532 No connection to sync server.
18:15:10.561 No connection to sync server.
18:16:10.571 No connection to sync server.
18:17:07.203 Table counts: notes: 308, revisions: 122, attachments: 64, branches: 311, attributes: 457, etapi_tokens: 0, blobs: 333
18:17:07.227 All consistency checks passed with no errors detected (took 24ms)
18:17:10.568 No connection to sync server.
18:18:10.594 No connection to sync server.
18:19:10.590 No connection to sync server.
18:20:10.622 No connection to sync server.
18:21:10.625 No connection to sync server.
18:22:10.667 No connection to sync server.
18:23:10.650 No connection to sync server.
18:24:10.679 No connection to sync server.
18:25:10.691 No connection to sync server.
18:26:10.713 No connection to sync server.
18:27:10.717 No connection to sync server.
18:28:10.720 No connection to sync server.
18:29:10.740 No connection to sync server.
18:30:10.768 No connection to sync server.
18:31:10.778 No connection to sync server.
18:32:10.789 No connection to sync server.
18:33:10.804 No connection to sync server.
18:34:10.799 No connection to sync server.
18:35:10.834 No connection to sync server.
18:36:10.838 No connection to sync server.
18:37:10.857 No connection to sync server.
18:38:10.860 No connection to sync server.
18:39:10.884 No connection to sync server.
18:40:10.909 No connection to sync server.
18:41:10.922 No connection to sync server.
18:42:10.929 No connection to sync server.
18:43:10.961 No connection to sync server.
18:44:10.953 No connection to sync server.
18:45:10.990 No connection to sync server.
18:46:10.996 No connection to sync server.
18:47:11.015 No connection to sync server.
18:48:11.013 No connection to sync server.
18:49:11.042 No connection to sync server.
18:50:11.039 No connection to sync server.
18:51:11.044 No connection to sync server.
18:52:11.051 No connection to sync server.
18:53:11.067 No connection to sync server.
18:54:11.068 No connection to sync server.
18:55:11.110 No connection to sync server.
18:56:11.103 No connection to sync server.
18:57:11.140 No connection to sync server.
18:58:11.131 No connection to sync server.
18:59:11.163 No connection to sync server.
19:00:11.160 No connection to sync server.
19:01:11.169 No connection to sync server.
19:02:11.188 No connection to sync server.
19:03:11.204 No connection to sync server.
19:04:11.219 No connection to sync server.
19:05:11.227 No connection to sync server.
19:06:11.246 No connection to sync server.
19:07:11.259 No connection to sync server.
19:08:11.279 No connection to sync server.
19:09:11.289 No connection to sync server.
19:10:11.315 No connection to sync server.
19:11:11.329 No connection to sync server.
19:12:11.343 No connection to sync server.
19:13:11.361 No connection to sync server.
19:14:11.380 No connection to sync server.
19:15:11.385 No connection to sync server.
19:16:11.400 No connection to sync server.
19:17:07.204 Table counts: notes: 308, revisions: 122, attachments: 64, branches: 311, attributes: 457, etapi_tokens: 0, blobs: 333
19:17:07.231 All consistency checks passed with no errors detected (took 28ms)
19:17:11.410 No connection to sync server.
19:18:11.427 No connection to sync server.
19:19:11.431 No connection to sync server.
19:20:11.462 No connection to sync server.
19:22:17.129 No connection to sync server.
19:22:17.185 No connection to sync server.
19:23:11.485 No connection to sync server.
19:24:11.518 No connection to sync server.
19:25:11.531 No connection to sync server.
19:26:11.548 No connection to sync server.
19:27:11.548 No connection to sync server.
19:28:11.575 No connection to sync server.
19:29:11.577 No connection to sync server.
19:30:11.595 No connection to sync server.
19:31:11.608 No connection to sync server.
19:32:11.640 No connection to sync server.
19:33:11.637 No connection to sync server.
19:34:11.665 No connection to sync server.
19:35:11.673 No connection to sync server.
19:36:11.694 No connection to sync server.
19:37:11.699 No connection to sync server.
19:38:11.712 No connection to sync server.
19:39:11.723 No connection to sync server.
19:40:11.760 No connection to sync server.
19:41:11.754 No connection to sync server.
19:42:11.768 No connection to sync server.
19:43:11.783 No connection to sync server.
19:44:11.802 No connection to sync server.
19:45:11.820 No connection to sync server.
19:46:11.827 No connection to sync server.
19:47:11.854 No connection to sync server.
19:48:11.856 No connection to sync server.
19:49:11.889 No connection to sync server.
19:50:11.880 No connection to sync server.
19:51:11.901 No connection to sync server.
19:52:11.920 No connection to sync server.
19:53:11.937 No connection to sync server.
19:54:11.941 No connection to sync server.
19:55:11.956 No connection to sync server.
19:56:11.975 No connection to sync server.
19:57:11.985 No connection to sync server.
19:58:11.984 No connection to sync server.
19:59:12.021 No connection to sync server.
20:00:12.024 No connection to sync server.
20:01:12.045 No connection to sync server.
20:02:12.043 No connection to sync server.
20:03:12.066 No connection to sync server.
20:04:12.077 No connection to sync server.
20:05:12.093 No connection to sync server.
20:06:12.106 No connection to sync server.
20:07:12.129 No connection to sync server.
20:08:12.126 No connection to sync server.
20:09:12.169 No connection to sync server.
20:10:12.164 No connection to sync server.
20:11:12.183 No connection to sync server.
20:12:12.180 No connection to sync server.
20:13:12.224 No connection to sync server.
20:14:12.213 No connection to sync server.
20:15:12.231 No connection to sync server.
20:16:12.246 No connection to sync server.
20:17:07.204 Table counts: notes: 308, revisions: 122, attachments: 64, branches: 311, attributes: 457, etapi_tokens: 0, blobs: 333
20:17:07.246 All consistency checks passed with no errors detected (took 43ms)
20:17:12.240 No connection to sync server.
20:18:12.269 No connection to sync server.
20:19:12.273 No connection to sync server.
20:20:12.289 No connection to sync server.
20:21:12.297 No connection to sync server.
20:22:12.331 No connection to sync server.
20:23:12.321 No connection to sync server.
20:24:12.354 No connection to sync server.
20:25:12.352 No connection to sync server.
20:26:12.385 No connection to sync server.
20:27:12.380 No connection to sync server.
20:28:12.402 No connection to sync server.
20:29:12.412 No connection to sync server.
20:30:12.431 No connection to sync server.
20:31:12.436 No connection to sync server.
20:32:12.460 No connection to sync server.
20:33:12.465 No connection to sync server.
20:34:12.488 No connection to sync server.
20:35:12.500 No connection to sync server.
20:36:12.514 No connection to sync server.
20:37:12.527 No connection to sync server.
20:38:12.546 No connection to sync server.
20:39:12.549 No connection to sync server.
20:40:12.573 No connection to sync server.
20:41:12.578 No connection to sync server.
20:42:12.600 No connection to sync server.
20:43:12.616 No connection to sync server.
20:44:12.620 No connection to sync server.
20:45:12.618 No connection to sync server.
20:46:12.628 No connection to sync server.
20:47:12.628 No connection to sync server.
20:48:12.636 No connection to sync server.
20:49:12.636 No connection to sync server.
20:50:12.670 No connection to sync server.
20:51:12.663 No connection to sync server.
20:52:12.703 No connection to sync server.
20:53:12.699 No connection to sync server.
20:54:12.727 No connection to sync server.
20:55:12.718 No connection to sync server.
20:56:12.743 No connection to sync server.
20:57:12.752 No connection to sync server.
20:58:12.757 No connection to sync server.
20:59:12.770 No connection to sync server.
21:00:12.779 No connection to sync server.
21:01:12.807 No connection to sync server.
21:02:12.806 No connection to sync server.
21:03:12.821 No connection to sync server.
21:04:12.835 No connection to sync server.
21:05:12.854 No connection to sync server.
21:06:12.868 No connection to sync server.
21:07:12.881 No connection to sync server.
21:08:12.884 No connection to sync server.
21:09:12.914 No connection to sync server.
21:10:12.917 No connection to sync server.
21:11:12.936 No connection to sync server.
21:12:12.958 No connection to sync server.
21:13:12.957 No connection to sync server.
21:14:12.975 No connection to sync server.
21:15:13.005 No connection to sync server.
21:16:13.008 No connection to sync server.
21:17:07.204 Table counts: notes: 308, revisions: 122, attachments: 64, branches: 311, attributes: 457, etapi_tokens: 0, blobs: 333
21:17:07.225 All consistency checks passed with no errors detected (took 22ms)
21:17:13.005 No connection to sync server.
21:18:13.038 No connection to sync server.
21:19:13.028 No connection to sync server.
21:20:13.059 No connection to sync server.
21:21:13.066 No connection to sync server.
21:22:13.078 No connection to sync server.
21:23:13.088 No connection to sync server.
21:24:13.107 No connection to sync server.
21:25:13.123 No connection to sync server.
21:26:13.142 No connection to sync server.
21:27:13.148 No connection to sync server.
21:28:13.168 No connection to sync server.
21:29:13.176 No connection to sync server.
21:30:13.202 No connection to sync server.
21:31:13.207 No connection to sync server.
21:32:13.206 No connection to sync server.
21:33:13.228 No connection to sync server.
21:34:13.238 No connection to sync server.
21:35:13.257 No connection to sync server.
21:36:13.261 No connection to sync server.
21:37:13.286 No connection to sync server.
21:38:13.294 No connection to sync server.
21:39:13.290 No connection to sync server.
21:40:13.297 No connection to sync server.
21:41:13.319 No connection to sync server.
21:42:13.327 No connection to sync server.
21:43:13.346 No connection to sync server.
21:44:13.351 No connection to sync server.
21:45:13.374 No connection to sync server.
21:46:13.371 No connection to sync server.
21:47:13.403 No connection to sync server.
21:48:13.405 No connection to sync server.
21:49:13.417 No connection to sync server.
21:50:13.422 No connection to sync server.
21:51:13.449 No connection to sync server.
21:52:13.447 No connection to sync server.
21:53:13.466 No connection to sync server.
21:54:13.477 No connection to sync server.
21:55:13.499 No connection to sync server.
21:56:13.501 No connection to sync server.
21:57:13.531 No connection to sync server.
21:58:13.531 No connection to sync server.
21:59:13.551 No connection to sync server.
22:00:13.550 No connection to sync server.
22:01:13.581 No connection to sync server.
22:02:13.583 No connection to sync server.
22:03:13.610 No connection to sync server.
22:04:13.604 No connection to sync server.
22:05:13.626 No connection to sync server.
22:06:13.640 No connection to sync server.
22:07:13.647 No connection to sync server.
22:08:13.657 No connection to sync server.
22:09:13.661 No connection to sync server.
22:10:13.688 No connection to sync server.
22:11:13.678 No connection to sync server.
22:12:13.712 No connection to sync server.
22:13:23.753 No connection to sync server.
22:14:13.745 No connection to sync server.
22:15:13.739 No connection to sync server.
22:16:13.753 No connection to sync server.
22:17:06.732 Optimizing database
22:17:06.734 Optimization finished in 1ms.
22:17:07.204 Table counts: notes: 308, revisions: 122, attachments: 64, branches: 311, attributes: 457, etapi_tokens: 0, blobs: 333
22:17:07.227 All consistency checks passed with no errors detected (took 24ms)
22:17:13.768 No connection to sync server.
22:18:13.779 No connection to sync server.
22:19:13.786 No connection to sync server.
22:20:13.802 No connection to sync server.
22:21:13.822 No connection to sync server.
22:22:13.835 No connection to sync server.
22:23:13.843 No connection to sync server.
22:24:13.850 No connection to sync server.
22:25:13.878 No connection to sync server.
22:26:13.880 No connection to sync server.
22:27:13.887 No connection to sync server.
22:28:13.908 No connection to sync server.
22:29:13.916 No connection to sync server.
22:30:13.937 No connection to sync server.
22:31:13.941 No connection to sync server.
22:32:13.969 No connection to sync server.
22:33:13.968 No connection to sync server.
22:34:13.995 No connection to sync server.
22:35:13.998 No connection to sync server.
22:36:14.015 No connection to sync server.
22:37:14.025 No connection to sync server.
22:38:14.042 No connection to sync server.
22:39:14.047 No connection to sync server.
22:40:14.071 No connection to sync server.
22:41:14.078 No connection to sync server.
22:42:14.098 No connection to sync server.
22:43:14.108 No connection to sync server.
22:44:14.122 No connection to sync server.
22:45:14.137 No connection to sync server.
22:46:14.158 No connection to sync server.
22:47:14.168 No connection to sync server.
22:48:14.179 No connection to sync server.
22:49:14.184 No connection to sync server.
22:50:14.207 No connection to sync server.
22:51:14.214 No connection to sync server.
22:52:14.212 No connection to sync server.
22:53:14.249 No connection to sync server.
22:54:14.254 No connection to sync server.
22:55:14.255 No connection to sync server.
22:56:14.263 No connection to sync server.
22:57:14.289 No connection to sync server.
22:58:14.282 No connection to sync server.
22:59:14.309 No connection to sync server.
23:00:14.336 No connection to sync server.
23:01:14.340 No connection to sync server.
23:02:14.343 No connection to sync server.
23:03:14.363 No connection to sync server.
23:04:14.381 No connection to sync server.
23:05:14.395 No connection to sync server.
23:06:14.401 No connection to sync server.
23:07:14.413 No connection to sync server.
23:08:14.410 No connection to sync server.
23:09:14.442 No connection to sync server.
23:10:14.442 No connection to sync server.
23:11:14.466 No connection to sync server.
23:12:14.466 No connection to sync server.
23:13:14.475 No connection to sync server.
23:14:14.504 No connection to sync server.
23:15:14.495 No connection to sync server.
23:16:14.506 No connection to sync server.
23:17:07.204 Table counts: notes: 308, revisions: 122, attachments: 64, branches: 311, attributes: 457, etapi_tokens: 0, blobs: 333
23:17:07.221 All consistency checks passed with no errors detected (took 18ms)
23:17:14.512 No connection to sync server.
23:18:14.518 No connection to sync server.
23:19:14.538 No connection to sync server.
23:20:14.543 No connection to sync server.
23:21:14.562 No connection to sync server.
23:22:14.562 No connection to sync server.
23:23:14.593 No connection to sync server.
23:24:14.585 No connection to sync server.
23:25:14.618 No connection to sync server.
23:26:14.670 No connection to sync server.
23:27:14.627 No connection to sync server.
23:28:14.636 No connection to sync server.
23:29:14.648 No connection to sync server.
23:30:14.666 No connection to sync server.
23:31:14.673 No connection to sync server.
23:32:14.685 No connection to sync server.
23:33:14.705 No connection to sync server.
23:34:14.694 No connection to sync server.
23:35:14.721 No connection to sync server.
23:36:14.730 No connection to sync server.
23:37:14.738 No connection to sync server.
23:38:14.748 No connection to sync server.
23:39:14.782 No connection to sync server.
23:40:14.778 No connection to sync server.
23:41:14.782 No connection to sync server.
23:42:14.800 No connection to sync server.
23:43:14.820 No connection to sync server.
23:44:14.814 No connection to sync server.
23:45:14.844 No connection to sync server.
23:46:14.836 No connection to sync server.
23:47:14.837 No connection to sync server.
23:48:14.865 No connection to sync server.
23:49:14.860 No connection to sync server.
23:50:14.875 No connection to sync server.
23:51:14.879 No connection to sync server.
23:52:14.889 No connection to sync server.
23:53:20.667 No connection to sync server.
23:54:14.932 No connection to sync server.
23:55:19.910 No connection to sync server.
23:56:14.946 No connection to sync server.
23:57:14.931 No connection to sync server.
23:58:14.945 No connection to sync server.
23:59:14.960 No connection to sync server.
