00:50:18.910 Table counts: notes: 301, revisions: 65, attachments: 38, branches: 304, attributes: 446, etapi_tokens: 0, blobs: 275
00:50:18.931 All consistency checks passed with no errors detected (took 22ms)
01:50:16.261 Optimizing database
01:50:16.264 Optimization finished in 1ms.
01:50:18.911 Table counts: notes: 301, revisions: 65, attachments: 38, branches: 304, attributes: 446, etapi_tokens: 0, blobs: 275
01:50:18.928 All consistency checks passed with no errors detected (took 18ms)
02:50:18.915 Table counts: notes: 301, revisions: 65, attachments: 38, branches: 304, attributes: 446, etapi_tokens: 0, blobs: 275
02:50:18.929 All consistency checks passed with no errors detected (took 15ms)
03:50:18.918 Table counts: notes: 301, revisions: 65, attachments: 38, branches: 304, attributes: 446, etapi_tokens: 0, blobs: 275
03:50:18.933 All consistency checks passed with no errors detected (took 15ms)
04:50:18.919 Table counts: notes: 301, revisions: 65, attachments: 38, branches: 304, attributes: 446, etapi_tokens: 0, blobs: 275
04:50:18.940 All consistency checks passed with no errors detected (took 22ms)
04:52:24.254 Error: Router not found for request GET /.well-known/security.txt
05:50:18.921 Table counts: notes: 301, revisions: 65, attachments: 38, branches: 304, attributes: 446, etapi_tokens: 0, blobs: 275
05:50:18.940 All consistency checks passed with no errors detected (took 19ms)
06:50:18.928 Table counts: notes: 301, revisions: 65, attachments: 38, branches: 304, attributes: 446, etapi_tokens: 0, blobs: 275
06:50:18.948 All consistency checks passed with no errors detected (took 21ms)
07:50:18.936 Table counts: notes: 301, revisions: 65, attachments: 38, branches: 304, attributes: 446, etapi_tokens: 0, blobs: 275
07:50:18.963 All consistency checks passed with no errors detected (took 28ms)
08:50:18.940 Table counts: notes: 301, revisions: 65, attachments: 38, branches: 304, attributes: 446, etapi_tokens: 0, blobs: 275
08:50:18.962 All consistency checks passed with no errors detected (took 23ms)
09:50:18.942 Table counts: notes: 301, revisions: 65, attachments: 38, branches: 304, attributes: 446, etapi_tokens: 0, blobs: 275
09:50:18.960 All consistency checks passed with no errors detected (took 19ms)
10:50:18.944 Table counts: notes: 301, revisions: 65, attachments: 38, branches: 304, attributes: 446, etapi_tokens: 0, blobs: 275
10:50:18.964 All consistency checks passed with no errors detected (took 20ms)
11:50:16.277 Optimizing database
11:50:16.280 Optimization finished in 1ms.
11:50:18.946 Table counts: notes: 301, revisions: 65, attachments: 38, branches: 304, attributes: 446, etapi_tokens: 0, blobs: 275
11:50:18.971 All consistency checks passed with no errors detected (took 26ms)
12:50:18.950 Table counts: notes: 301, revisions: 65, attachments: 38, branches: 304, attributes: 446, etapi_tokens: 0, blobs: 275
12:50:18.978 All consistency checks passed with no errors detected (took 29ms)
13:13:27.927 Error: Router not found for request GET /pdown
13:50:18.949 Table counts: notes: 301, revisions: 65, attachments: 38, branches: 304, attributes: 446, etapi_tokens: 0, blobs: 275
13:50:18.964 All consistency checks passed with no errors detected (took 15ms)
14:50:18.963 Table counts: notes: 301, revisions: 65, attachments: 38, branches: 304, attributes: 446, etapi_tokens: 0, blobs: 275
14:50:18.984 All consistency checks passed with no errors detected (took 22ms)
15:00:27.646 Error: Router not found for request GET /sitemap.xml
15:50:18.971 Table counts: notes: 301, revisions: 65, attachments: 38, branches: 304, attributes: 446, etapi_tokens: 0, blobs: 275
15:50:18.985 All consistency checks passed with no errors detected (took 14ms)
16:50:18.974 Table counts: notes: 301, revisions: 65, attachments: 38, branches: 304, attributes: 446, etapi_tokens: 0, blobs: 275
16:50:18.990 All consistency checks passed with no errors detected (took 16ms)
17:50:18.978 Table counts: notes: 301, revisions: 65, attachments: 38, branches: 304, attributes: 446, etapi_tokens: 0, blobs: 275
17:50:18.991 All consistency checks passed with no errors detected (took 14ms)
18:50:18.979 Table counts: notes: 301, revisions: 65, attachments: 38, branches: 304, attributes: 446, etapi_tokens: 0, blobs: 275
18:50:18.995 All consistency checks passed with no errors detected (took 17ms)
19:50:19.008 Table counts: notes: 301, revisions: 65, attachments: 38, branches: 304, attributes: 446, etapi_tokens: 0, blobs: 275
19:50:19.024 All consistency checks passed with no errors detected (took 17ms)
20:50:19.034 Table counts: notes: 301, revisions: 65, attachments: 38, branches: 304, attributes: 446, etapi_tokens: 0, blobs: 275
20:50:19.048 All consistency checks passed with no errors detected (took 15ms)
21:50:16.286 Optimizing database
21:50:16.289 Optimization finished in 1ms.
21:50:19.035 Table counts: notes: 301, revisions: 65, attachments: 38, branches: 304, attributes: 446, etapi_tokens: 0, blobs: 275
21:50:19.055 All consistency checks passed with no errors detected (took 21ms)
22:50:19.062 Table counts: notes: 301, revisions: 65, attachments: 38, branches: 304, attributes: 446, etapi_tokens: 0, blobs: 275
22:50:19.084 All consistency checks passed with no errors detected (took 23ms)
23:50:19.065 Table counts: notes: 301, revisions: 65, attachments: 38, branches: 304, attributes: 446, etapi_tokens: 0, blobs: 275
23:50:19.083 All consistency checks passed with no errors detected (took 18ms)
