00:27:14.376 Table counts: notes: 276, revisions: 10, attachments: 29, branches: 279, attributes: 426, etapi_tokens: 0, blobs: 216
00:27:14.390 All consistency checks passed with no errors detected (took 15ms)
00:47:47.067 Generated CSRF token 0aVCZBlF-23YjLMWc8oHPFRFSufJRG_5HflI with secret _csrf=pz2op0KMfFXNKm1m3tjpyilc; Path=/
00:47:47.278 200 GET /api/options with 6498 bytes took 2ms
00:47:47.281 200 GET /api/keyboard-actions with 12407 bytes took 3ms
00:47:47.287 200 GET /api/tree with 32697 bytes took 6ms
00:47:47.296 200 GET /api/script/widgets with 155155 bytes took 8ms
00:47:47.380 200 POST /api/tree/load with 6014 bytes took 1ms
00:47:47.455 200 POST /api/tree/load with 6178 bytes took 1ms
00:47:47.697 200 POST /api/tree/load with 5569 bytes took 1ms
00:47:47.792 200 GET /api/keyboard-shortcuts-for-notes with 2 bytes took 2ms
00:47:47.886 200 GET /api/notes/lsgJRCHtTh9a/blob with 9417 bytes took 5ms
00:47:47.888 200 GET /api/note-map/lsgJRCHtTh9a/backlink-count with 11 bytes took 1ms
00:47:48.183 200 GET /api/note-map/lsgJRCHtTh9a/backlink-count with 11 bytes took 2ms
00:47:48.775 204 PUT /api/options with 0 bytes took 4ms
00:47:50.620 200 GET /api/script/startup with 1804 bytes took 4ms
00:47:50.691 200 POST /api/tree/load with 6141 bytes took 2ms
00:47:50.766 200 POST /api/tree/load with 6295 bytes took 2ms
01:27:14.383 Table counts: notes: 276, revisions: 10, attachments: 29, branches: 279, attributes: 426, etapi_tokens: 0, blobs: 216
01:27:14.392 All consistency checks passed with no errors detected (took 9ms)
02:27:14.386 Table counts: notes: 276, revisions: 10, attachments: 29, branches: 279, attributes: 426, etapi_tokens: 0, blobs: 216
02:27:14.399 All consistency checks passed with no errors detected (took 14ms)
03:27:14.391 Table counts: notes: 276, revisions: 10, attachments: 29, branches: 279, attributes: 426, etapi_tokens: 0, blobs: 216
03:27:14.405 All consistency checks passed with no errors detected (took 15ms)
