00:22:00.665 Table counts: notes: 286, revisions: 17, attachments: 40, branches: 289, attributes: 441, etapi_tokens: 0, blobs: 226
00:22:00.678 All consistency checks passed with no errors detected (took 14ms)
01:22:00.666 Table counts: notes: 286, revisions: 17, attachments: 40, branches: 289, attributes: 441, etapi_tokens: 0, blobs: 226
01:22:00.679 All consistency checks passed with no errors detected (took 13ms)
02:22:00.683 Table counts: notes: 286, revisions: 17, attachments: 40, branches: 289, attributes: 441, etapi_tokens: 0, blobs: 226
02:22:00.698 All consistency checks passed with no errors detected (took 14ms)
03:22:00.686 Table counts: notes: 286, revisions: 17, attachments: 40, branches: 289, attributes: 441, etapi_tokens: 0, blobs: 226
03:22:00.703 All consistency checks passed with no errors detected (took 17ms)
04:22:00.689 Table counts: notes: 286, revisions: 17, attachments: 40, branches: 289, attributes: 441, etapi_tokens: 0, blobs: 226
04:22:00.707 All consistency checks passed with no errors detected (took 19ms)
05:22:00.690 Table counts: notes: 286, revisions: 17, attachments: 40, branches: 289, attributes: 441, etapi_tokens: 0, blobs: 226
05:22:00.703 All consistency checks passed with no errors detected (took 14ms)
06:22:00.698 Table counts: notes: 286, revisions: 17, attachments: 40, branches: 289, attributes: 441, etapi_tokens: 0, blobs: 226
06:22:00.711 All consistency checks passed with no errors detected (took 13ms)
07:22:00.701 Table counts: notes: 286, revisions: 17, attachments: 40, branches: 289, attributes: 441, etapi_tokens: 0, blobs: 226
07:22:00.713 All consistency checks passed with no errors detected (took 12ms)
08:22:00.709 Table counts: notes: 286, revisions: 17, attachments: 40, branches: 289, attributes: 441, etapi_tokens: 0, blobs: 226
08:22:00.718 All consistency checks passed with no errors detected (took 9ms)
09:21:59.007 Optimizing database
09:21:59.010 Optimization finished in 1ms.
09:22:00.709 Table counts: notes: 286, revisions: 17, attachments: 40, branches: 289, attributes: 441, etapi_tokens: 0, blobs: 226
09:22:00.720 All consistency checks passed with no errors detected (took 11ms)
10:22:00.713 Table counts: notes: 286, revisions: 17, attachments: 40, branches: 289, attributes: 441, etapi_tokens: 0, blobs: 226
10:22:00.724 All consistency checks passed with no errors detected (took 12ms)
10:46:56.872 Error: Router not found for request GET //wp-includes/wlwmanifest.xml
10:46:57.188 Error: Router not found for request GET //xmlrpc.php?rsd
10:46:57.819 Error: Router not found for request GET //blog/wp-includes/wlwmanifest.xml
10:46:58.135 Error: Router not found for request GET //web/wp-includes/wlwmanifest.xml
10:46:58.444 Error: Router not found for request GET //wordpress/wp-includes/wlwmanifest.xml
10:46:58.724 Error: Router not found for request GET //website/wp-includes/wlwmanifest.xml
10:46:59.019 Error: Router not found for request GET //wp/wp-includes/wlwmanifest.xml
10:46:59.328 Error: Router not found for request GET //news/wp-includes/wlwmanifest.xml
10:46:59.667 Error: Router not found for request GET //2018/wp-includes/wlwmanifest.xml
10:46:59.975 Error: Router not found for request GET //2019/wp-includes/wlwmanifest.xml
10:47:00.251 Error: Router not found for request GET //shop/wp-includes/wlwmanifest.xml
10:47:00.542 Error: Router not found for request GET //wp1/wp-includes/wlwmanifest.xml
10:47:00.819 Error: Router not found for request GET //test/wp-includes/wlwmanifest.xml
10:47:01.123 Error: Router not found for request GET //media/wp-includes/wlwmanifest.xml
10:47:01.444 Error: Router not found for request GET //wp2/wp-includes/wlwmanifest.xml
10:47:01.747 Error: Router not found for request GET //site/wp-includes/wlwmanifest.xml
10:47:02.080 Error: Router not found for request GET //cms/wp-includes/wlwmanifest.xml
10:47:02.392 Error: Router not found for request GET //sito/wp-includes/wlwmanifest.xml
11:22:00.714 Table counts: notes: 286, revisions: 17, attachments: 40, branches: 289, attributes: 441, etapi_tokens: 0, blobs: 226
11:22:00.732 All consistency checks passed with no errors detected (took 18ms)
12:22:00.716 Table counts: notes: 286, revisions: 17, attachments: 40, branches: 289, attributes: 441, etapi_tokens: 0, blobs: 226
12:22:00.729 All consistency checks passed with no errors detected (took 13ms)
13:22:00.717 Table counts: notes: 286, revisions: 17, attachments: 40, branches: 289, attributes: 441, etapi_tokens: 0, blobs: 226
13:22:00.735 All consistency checks passed with no errors detected (took 19ms)
14:22:00.745 Table counts: notes: 286, revisions: 17, attachments: 40, branches: 289, attributes: 441, etapi_tokens: 0, blobs: 226
14:22:00.762 All consistency checks passed with no errors detected (took 18ms)
15:22:00.772 Table counts: notes: 286, revisions: 17, attachments: 40, branches: 289, attributes: 441, etapi_tokens: 0, blobs: 226
15:22:00.790 All consistency checks passed with no errors detected (took 19ms)
16:22:00.782 Table counts: notes: 286, revisions: 17, attachments: 40, branches: 289, attributes: 441, etapi_tokens: 0, blobs: 226
16:22:00.793 All consistency checks passed with no errors detected (took 12ms)
17:22:00.783 Table counts: notes: 286, revisions: 17, attachments: 40, branches: 289, attributes: 441, etapi_tokens: 0, blobs: 226
17:22:00.793 All consistency checks passed with no errors detected (took 10ms)
18:22:00.787 Table counts: notes: 286, revisions: 17, attachments: 40, branches: 289, attributes: 441, etapi_tokens: 0, blobs: 226
18:22:00.799 All consistency checks passed with no errors detected (took 12ms)
19:21:59.026 Optimizing database
19:21:59.029 Optimization finished in 1ms.
19:22:00.788 Table counts: notes: 286, revisions: 17, attachments: 40, branches: 289, attributes: 441, etapi_tokens: 0, blobs: 226
19:22:00.799 All consistency checks passed with no errors detected (took 12ms)
20:22:00.807 Table counts: notes: 286, revisions: 17, attachments: 40, branches: 289, attributes: 441, etapi_tokens: 0, blobs: 226
20:22:00.819 All consistency checks passed with no errors detected (took 12ms)
21:22:00.810 Table counts: notes: 286, revisions: 17, attachments: 40, branches: 289, attributes: 441, etapi_tokens: 0, blobs: 226
21:22:00.820 All consistency checks passed with no errors detected (took 11ms)
22:22:00.828 Table counts: notes: 286, revisions: 17, attachments: 40, branches: 289, attributes: 441, etapi_tokens: 0, blobs: 226
22:22:00.838 All consistency checks passed with no errors detected (took 10ms)
23:22:00.838 Table counts: notes: 286, revisions: 17, attachments: 40, branches: 289, attributes: 441, etapi_tokens: 0, blobs: 226
23:22:00.847 All consistency checks passed with no errors detected (took 10ms)
