00:06:21.223 Table counts: notes: 301, revisions: 59, attachments: 38, branches: 304, attributes: 448, etapi_tokens: 0, blobs: 271
00:06:21.246 All consistency checks passed with no errors detected (took 24ms)
01:06:21.224 Table counts: notes: 301, revisions: 59, attachments: 38, branches: 304, attributes: 448, etapi_tokens: 0, blobs: 271
01:06:21.241 All consistency checks passed with no errors detected (took 18ms)
01:11:39.033 WARNING: Wrong password from 139.59.82.142, rejecting.
01:11:39.129 WARNING: Wrong password from 139.59.82.142, rejecting.
01:11:39.237 WARNING: Wrong password from 139.59.82.142, rejecting.
01:11:39.436 WARNING: Wrong password from 139.59.82.142, rejecting.
01:11:39.588 Generated CSRF token rJqwix6T-lXh4pIv5eO50D_BClmL6f3NHYAs with secret _csrf=UEGGxrdEQApc7l4HH_hMtG-i; Path=/
02:06:21.225 Table counts: notes: 301, revisions: 59, attachments: 38, branches: 304, attributes: 448, etapi_tokens: 0, blobs: 271
02:06:21.243 All consistency checks passed with no errors detected (took 19ms)
02:51:57.048 Error: Router not found for request GET //.env
03:06:21.226 Table counts: notes: 301, revisions: 59, attachments: 38, branches: 304, attributes: 448, etapi_tokens: 0, blobs: 271
03:06:21.241 All consistency checks passed with no errors detected (took 15ms)
04:06:21.228 Table counts: notes: 301, revisions: 59, attachments: 38, branches: 304, attributes: 448, etapi_tokens: 0, blobs: 271
04:06:21.260 All consistency checks passed with no errors detected (took 33ms)
05:06:21.227 Table counts: notes: 301, revisions: 59, attachments: 38, branches: 304, attributes: 448, etapi_tokens: 0, blobs: 271
05:06:21.247 All consistency checks passed with no errors detected (took 21ms)
06:06:21.228 Table counts: notes: 301, revisions: 59, attachments: 38, branches: 304, attributes: 448, etapi_tokens: 0, blobs: 271
06:06:21.253 All consistency checks passed with no errors detected (took 26ms)
07:06:20.868 Optimizing database
07:06:20.869 Optimization finished in 0ms.
07:06:21.229 Table counts: notes: 301, revisions: 59, attachments: 38, branches: 304, attributes: 448, etapi_tokens: 0, blobs: 271
07:06:21.245 All consistency checks passed with no errors detected (took 17ms)
08:06:21.231 Table counts: notes: 301, revisions: 59, attachments: 38, branches: 304, attributes: 448, etapi_tokens: 0, blobs: 271
08:06:21.257 All consistency checks passed with no errors detected (took 27ms)
09:06:21.231 Table counts: notes: 301, revisions: 59, attachments: 38, branches: 304, attributes: 448, etapi_tokens: 0, blobs: 271
09:06:21.247 All consistency checks passed with no errors detected (took 16ms)
10:06:21.233 Table counts: notes: 301, revisions: 59, attachments: 38, branches: 304, attributes: 448, etapi_tokens: 0, blobs: 271
10:06:21.248 All consistency checks passed with no errors detected (took 16ms)
10:58:39.190 Error: Router not found for request GET /sitemap.xml
11:06:21.234 Table counts: notes: 301, revisions: 59, attachments: 38, branches: 304, attributes: 448, etapi_tokens: 0, blobs: 271
11:06:21.257 All consistency checks passed with no errors detected (took 23ms)
12:06:21.236 Table counts: notes: 301, revisions: 59, attachments: 38, branches: 304, attributes: 448, etapi_tokens: 0, blobs: 271
12:06:21.251 All consistency checks passed with no errors detected (took 15ms)
13:06:21.237 Table counts: notes: 301, revisions: 59, attachments: 38, branches: 304, attributes: 448, etapi_tokens: 0, blobs: 271
13:06:21.256 All consistency checks passed with no errors detected (took 20ms)
14:06:21.238 Table counts: notes: 301, revisions: 59, attachments: 38, branches: 304, attributes: 448, etapi_tokens: 0, blobs: 271
14:06:21.258 All consistency checks passed with no errors detected (took 21ms)
15:06:21.240 Table counts: notes: 301, revisions: 59, attachments: 38, branches: 304, attributes: 448, etapi_tokens: 0, blobs: 271
15:06:21.255 All consistency checks passed with no errors detected (took 16ms)
16:06:21.242 Table counts: notes: 301, revisions: 59, attachments: 38, branches: 304, attributes: 448, etapi_tokens: 0, blobs: 271
16:06:21.264 All consistency checks passed with no errors detected (took 23ms)
17:06:20.870 Optimizing database
17:06:20.872 Optimization finished in 1ms.
17:06:21.243 Table counts: notes: 301, revisions: 59, attachments: 38, branches: 304, attributes: 448, etapi_tokens: 0, blobs: 271
17:06:21.262 All consistency checks passed with no errors detected (took 20ms)
18:06:21.244 Table counts: notes: 301, revisions: 59, attachments: 38, branches: 304, attributes: 448, etapi_tokens: 0, blobs: 271
18:06:21.262 All consistency checks passed with no errors detected (took 19ms)
19:06:21.245 Table counts: notes: 301, revisions: 59, attachments: 38, branches: 304, attributes: 448, etapi_tokens: 0, blobs: 271
19:06:21.261 All consistency checks passed with no errors detected (took 17ms)
20:06:21.246 Table counts: notes: 301, revisions: 59, attachments: 38, branches: 304, attributes: 448, etapi_tokens: 0, blobs: 271
20:06:21.265 All consistency checks passed with no errors detected (took 20ms)
21:06:21.246 Table counts: notes: 301, revisions: 59, attachments: 38, branches: 304, attributes: 448, etapi_tokens: 0, blobs: 271
21:06:21.262 All consistency checks passed with no errors detected (took 17ms)
22:06:21.248 Table counts: notes: 301, revisions: 59, attachments: 38, branches: 304, attributes: 448, etapi_tokens: 0, blobs: 271
22:06:21.269 All consistency checks passed with no errors detected (took 22ms)
23:06:21.250 Table counts: notes: 301, revisions: 59, attachments: 38, branches: 304, attributes: 448, etapi_tokens: 0, blobs: 271
23:06:21.265 All consistency checks passed with no errors detected (took 16ms)
