00:00:16.074 No connection to sync server.
00:01:16.076 No connection to sync server.
00:02:16.079 No connection to sync server.
00:03:16.101 No connection to sync server.
00:04:16.097 No connection to sync server.
00:05:16.411 No connection to sync server.
00:05:40.727 Error: Router not found for request GET /wp-content/plugins/hellopress/wp_filemanager.php
00:05:41.124 Error: Router not found for request GET /lock360.php
00:05:41.518 Error: Router not found for request GET /gmo.php
00:05:41.913 Error: Router not found for request GET /ar.php
00:05:42.312 Error: Router not found for request GET /we.php
00:05:42.707 Error: Router not found for request GET /abcd.php
00:05:43.108 Error: Router not found for request GET /modules/mod_simplefileuploadv1.3/elements/filemanager.php
00:05:43.505 Error: Router not found for request GET /pp.php
00:05:43.902 Error: Router not found for request GET /xc.php
00:05:44.296 Error: Router not found for request GET /wp.php
00:05:44.691 Error: Router not found for request GET /new.php
00:05:45.086 Error: Router not found for request GET /class20.php
00:05:45.486 Error: Router not found for request GET /ol.php
00:05:45.881 Error: Router not found for request GET /wp-gr.php
00:05:46.281 Error: Router not found for request GET /pp.php
00:05:46.677 Error: Router not found for request GET /error.php
00:05:47.073 Error: Router not found for request GET /axx.php
00:06:16.119 No connection to sync server.
00:07:16.145 No connection to sync server.
00:08:16.161 No connection to sync server.
00:09:16.185 No connection to sync server.
00:10:16.190 No connection to sync server.
00:11:16.200 No connection to sync server.
00:12:16.213 No connection to sync server.
00:13:16.215 No connection to sync server.
00:14:16.232 No connection to sync server.
00:15:16.237 No connection to sync server.
00:16:16.252 No connection to sync server.
00:17:06.662 Optimizing database
00:17:06.663 Optimization finished in 1ms.
00:17:07.033 Table counts: notes: 308, revisions: 122, attachments: 65, branches: 311, attributes: 457, etapi_tokens: 0, blobs: 333
00:17:07.055 All consistency checks passed with no errors detected (took 23ms)
00:17:16.253 No connection to sync server.
00:18:16.269 No connection to sync server.
00:19:16.271 No connection to sync server.
00:20:16.272 No connection to sync server.
00:21:16.305 No connection to sync server.
00:22:16.307 No connection to sync server.
00:23:16.303 No connection to sync server.
00:24:16.340 No connection to sync server.
00:25:16.334 No connection to sync server.
00:26:16.359 No connection to sync server.
00:27:16.367 No connection to sync server.
00:28:16.384 No connection to sync server.
00:29:16.385 No connection to sync server.
00:30:16.409 No connection to sync server.
00:31:16.890 No connection to sync server.
00:32:16.405 No connection to sync server.
00:33:16.429 No connection to sync server.
00:34:16.433 No connection to sync server.
00:35:16.467 No connection to sync server.
00:36:16.465 No connection to sync server.
00:37:16.486 No connection to sync server.
00:38:16.484 No connection to sync server.
00:39:16.520 No connection to sync server.
00:40:16.516 No connection to sync server.
00:41:16.537 No connection to sync server.
00:42:16.551 No connection to sync server.
00:43:16.557 No connection to sync server.
00:44:16.582 No connection to sync server.
00:45:16.564 No connection to sync server.
00:46:16.594 No connection to sync server.
00:47:16.593 No connection to sync server.
00:48:16.615 No connection to sync server.
00:49:16.616 No connection to sync server.
00:50:16.643 No connection to sync server.
00:51:16.645 No connection to sync server.
00:52:16.657 No connection to sync server.
00:53:16.669 No connection to sync server.
00:54:16.700 No connection to sync server.
00:55:16.698 No connection to sync server.
00:56:16.724 No connection to sync server.
00:57:16.724 No connection to sync server.
00:58:16.754 No connection to sync server.
00:59:16.743 No connection to sync server.
01:00:16.773 No connection to sync server.
01:01:16.771 No connection to sync server.
01:02:16.850 No connection to sync server.
01:03:16.807 No connection to sync server.
01:04:16.806 No connection to sync server.
01:05:16.827 No connection to sync server.
01:06:16.919 No connection to sync server.
01:07:16.851 No connection to sync server.
01:08:16.855 No connection to sync server.
01:09:16.876 No connection to sync server.
01:10:16.874 No connection to sync server.
01:11:16.902 No connection to sync server.
01:12:16.904 No connection to sync server.
01:13:16.935 No connection to sync server.
01:14:16.939 No connection to sync server.
01:15:16.950 No connection to sync server.
01:16:16.966 No connection to sync server.
01:17:07.036 Table counts: notes: 308, revisions: 122, attachments: 65, branches: 311, attributes: 457, etapi_tokens: 0, blobs: 333
01:17:07.054 All consistency checks passed with no errors detected (took 19ms)
01:17:16.964 No connection to sync server.
01:18:16.991 No connection to sync server.
01:19:16.988 No connection to sync server.
01:20:16.999 No connection to sync server.
01:21:17.007 No connection to sync server.
01:22:17.034 No connection to sync server.
01:23:17.032 No connection to sync server.
01:24:17.056 No connection to sync server.
01:25:17.049 No connection to sync server.
01:26:17.070 No connection to sync server.
01:27:17.085 No connection to sync server.
01:28:17.099 No connection to sync server.
01:29:17.118 No connection to sync server.
01:30:17.128 No connection to sync server.
01:31:17.126 No connection to sync server.
01:32:17.130 No connection to sync server.
01:33:17.157 No connection to sync server.
01:34:17.149 No connection to sync server.
01:35:17.176 No connection to sync server.
01:36:17.171 No connection to sync server.
01:37:17.203 No connection to sync server.
01:38:17.208 No connection to sync server.
01:39:17.217 No connection to sync server.
01:40:17.226 No connection to sync server.
01:41:17.246 No connection to sync server.
01:42:17.252 No connection to sync server.
01:43:17.275 No connection to sync server.
01:44:17.265 No connection to sync server.
01:45:17.293 No connection to sync server.
01:46:17.295 No connection to sync server.
01:47:17.301 No connection to sync server.
01:48:17.323 No connection to sync server.
01:49:17.325 No connection to sync server.
01:50:17.345 No connection to sync server.
01:51:17.345 No connection to sync server.
01:52:17.368 No connection to sync server.
01:53:17.376 No connection to sync server.
01:54:17.401 No connection to sync server.
01:55:17.390 No connection to sync server.
01:56:17.401 No connection to sync server.
01:57:17.428 No connection to sync server.
01:58:17.425 No connection to sync server.
01:59:17.469 No connection to sync server.
02:00:17.454 No connection to sync server.
02:01:17.464 No connection to sync server.
02:02:17.465 No connection to sync server.
02:03:17.479 No connection to sync server.
02:04:17.950 No connection to sync server.
02:05:17.516 No connection to sync server.
02:06:17.527 No connection to sync server.
02:07:17.541 No connection to sync server.
02:08:17.588 No connection to sync server.
02:09:17.563 No connection to sync server.
02:10:17.569 No connection to sync server.
02:11:17.590 No connection to sync server.
02:12:17.589 No connection to sync server.
02:13:17.616 No connection to sync server.
02:14:17.616 No connection to sync server.
02:15:17.639 No connection to sync server.
02:16:17.662 No connection to sync server.
02:17:07.035 Table counts: notes: 308, revisions: 122, attachments: 65, branches: 311, attributes: 457, etapi_tokens: 0, blobs: 333
02:17:07.048 All consistency checks passed with no errors detected (took 13ms)
02:17:17.639 No connection to sync server.
02:18:17.670 No connection to sync server.
02:19:17.674 No connection to sync server.
02:20:17.676 No connection to sync server.
02:21:17.699 No connection to sync server.
02:22:17.703 No connection to sync server.
02:23:17.717 No connection to sync server.
02:24:17.728 No connection to sync server.
02:25:17.736 No connection to sync server.
02:26:17.756 No connection to sync server.
02:27:17.767 No connection to sync server.
02:28:17.765 No connection to sync server.
02:29:17.783 No connection to sync server.
02:30:17.789 No connection to sync server.
02:31:17.813 No connection to sync server.
02:32:17.808 No connection to sync server.
02:33:17.834 No connection to sync server.
02:34:17.834 No connection to sync server.
02:35:17.868 No connection to sync server.
02:36:17.860 No connection to sync server.
02:37:17.884 No connection to sync server.
02:38:17.887 No connection to sync server.
02:39:17.897 No connection to sync server.
02:40:17.910 No connection to sync server.
02:41:17.918 No connection to sync server.
02:42:17.939 No connection to sync server.
02:43:17.946 No connection to sync server.
02:44:17.953 No connection to sync server.
02:45:17.962 No connection to sync server.
02:46:17.981 No connection to sync server.
02:47:17.968 No connection to sync server.
02:48:17.996 No connection to sync server.
02:49:18.003 No connection to sync server.
02:50:18.018 No connection to sync server.
02:51:18.022 No connection to sync server.
02:52:18.053 No connection to sync server.
02:53:18.054 No connection to sync server.
02:54:18.073 No connection to sync server.
02:55:18.068 No connection to sync server.
02:56:18.089 No connection to sync server.
02:57:18.100 No connection to sync server.
02:58:18.113 No connection to sync server.
02:59:18.105 No connection to sync server.
03:00:18.152 No connection to sync server.
03:01:18.139 No connection to sync server.
03:02:18.148 No connection to sync server.
03:03:18.169 No connection to sync server.
03:04:18.175 No connection to sync server.
03:05:18.158 No connection to sync server.
03:06:18.186 No connection to sync server.
03:07:18.180 No connection to sync server.
03:08:18.211 No connection to sync server.
03:09:18.214 No connection to sync server.
03:10:18.225 No connection to sync server.
03:11:18.233 No connection to sync server.
03:12:18.249 No connection to sync server.
03:13:18.249 No connection to sync server.
03:14:18.279 No connection to sync server.
03:15:18.293 No connection to sync server.
03:16:18.714 No connection to sync server.
03:17:07.038 Table counts: notes: 308, revisions: 122, attachments: 65, branches: 311, attributes: 457, etapi_tokens: 0, blobs: 333
03:17:07.056 All consistency checks passed with no errors detected (took 19ms)
03:17:18.296 No connection to sync server.
03:18:18.313 No connection to sync server.
03:19:18.309 No connection to sync server.
03:20:18.342 No connection to sync server.
03:21:18.347 No connection to sync server.
03:22:18.336 No connection to sync server.
03:23:18.362 No connection to sync server.
03:24:18.368 No connection to sync server.
03:25:18.377 No connection to sync server.
03:26:18.381 No connection to sync server.
03:27:18.391 No connection to sync server.
03:28:18.395 No connection to sync server.
03:29:18.419 No connection to sync server.
03:30:18.433 No connection to sync server.
03:31:18.443 No connection to sync server.
03:32:18.439 No connection to sync server.
03:33:18.449 No connection to sync server.
03:34:18.454 No connection to sync server.
03:35:18.480 No connection to sync server.
03:36:18.487 No connection to sync server.
03:37:18.488 No connection to sync server.
03:38:18.515 No connection to sync server.
03:39:18.518 No connection to sync server.
03:40:18.549 No connection to sync server.
03:41:18.540 No connection to sync server.
03:42:19.014 No connection to sync server.
03:43:18.569 No connection to sync server.
03:44:18.584 No connection to sync server.
03:45:18.581 No connection to sync server.
03:46:18.603 No connection to sync server.
03:47:18.600 No connection to sync server.
03:48:18.629 No connection to sync server.
03:49:18.630 No connection to sync server.
03:50:18.658 No connection to sync server.
03:51:18.655 No connection to sync server.
03:52:18.670 No connection to sync server.
03:53:18.672 No connection to sync server.
03:54:18.703 No connection to sync server.
03:55:18.696 No connection to sync server.
03:56:18.712 No connection to sync server.
03:57:18.719 No connection to sync server.
03:58:18.732 No connection to sync server.
03:59:18.743 No connection to sync server.
04:00:18.762 No connection to sync server.
04:01:18.759 No connection to sync server.
04:02:18.766 No connection to sync server.
04:03:18.781 No connection to sync server.
04:04:18.791 No connection to sync server.
04:05:18.784 No connection to sync server.
04:06:18.812 No connection to sync server.
04:07:18.815 No connection to sync server.
04:08:18.830 No connection to sync server.
04:09:18.832 No connection to sync server.
04:10:18.856 No connection to sync server.
04:11:18.848 No connection to sync server.
04:12:18.880 No connection to sync server.
04:13:18.876 No connection to sync server.
04:14:18.891 No connection to sync server.
04:15:18.898 No connection to sync server.
04:16:18.913 No connection to sync server.
04:17:07.040 Table counts: notes: 308, revisions: 122, attachments: 65, branches: 311, attributes: 457, etapi_tokens: 0, blobs: 333
04:17:07.060 All consistency checks passed with no errors detected (took 21ms)
04:17:18.913 No connection to sync server.
04:18:18.930 No connection to sync server.
04:19:18.934 No connection to sync server.
04:20:18.954 No connection to sync server.
04:21:18.961 No connection to sync server.
04:22:18.980 No connection to sync server.
04:23:18.977 No connection to sync server.
04:24:18.995 No connection to sync server.
04:25:19.000 No connection to sync server.
04:26:19.015 No connection to sync server.
04:27:19.026 No connection to sync server.
04:28:19.045 No connection to sync server.
04:29:19.118 No connection to sync server.
04:30:19.059 No connection to sync server.
04:31:19.062 No connection to sync server.
04:32:19.070 No connection to sync server.
04:33:19.084 No connection to sync server.
04:34:19.090 No connection to sync server.
04:35:19.706 No connection to sync server.
04:36:19.111 No connection to sync server.
04:37:19.127 No connection to sync server.
04:38:19.129 No connection to sync server.
04:39:19.142 No connection to sync server.
04:40:19.145 No connection to sync server.
04:41:19.159 No connection to sync server.
04:42:19.180 No connection to sync server.
04:43:19.159 No connection to sync server.
04:44:19.185 No connection to sync server.
04:45:19.179 No connection to sync server.
04:46:19.207 No connection to sync server.
04:47:19.204 No connection to sync server.
04:48:19.213 No connection to sync server.
04:49:19.221 No connection to sync server.
04:50:19.233 No connection to sync server.
04:51:19.250 No connection to sync server.
04:52:19.260 No connection to sync server.
04:53:19.256 No connection to sync server.
04:54:19.287 No connection to sync server.
04:55:19.278 No connection to sync server.
04:56:19.525 No connection to sync server.
04:57:19.307 No connection to sync server.
04:58:19.322 No connection to sync server.
04:59:19.319 No connection to sync server.
05:00:19.330 No connection to sync server.
05:01:19.346 No connection to sync server.
05:02:19.346 No connection to sync server.
05:03:19.364 No connection to sync server.
05:04:19.366 No connection to sync server.
05:05:19.371 No connection to sync server.
05:06:19.376 No connection to sync server.
05:07:19.385 No connection to sync server.
05:08:19.394 No connection to sync server.
05:09:19.399 No connection to sync server.
05:10:19.415 No connection to sync server.
05:11:19.430 No connection to sync server.
05:12:19.441 No connection to sync server.
05:13:19.459 No connection to sync server.
05:14:19.449 No connection to sync server.
05:15:19.467 No connection to sync server.
05:16:19.475 No connection to sync server.
05:17:07.041 Table counts: notes: 308, revisions: 122, attachments: 65, branches: 311, attributes: 457, etapi_tokens: 0, blobs: 333
05:17:07.059 All consistency checks passed with no errors detected (took 18ms)
05:17:19.484 No connection to sync server.
05:18:19.506 No connection to sync server.
05:19:19.493 No connection to sync server.
05:20:19.510 No connection to sync server.
05:21:19.512 No connection to sync server.
05:22:19.530 No connection to sync server.
05:23:19.526 No connection to sync server.
05:24:19.541 No connection to sync server.
05:25:19.553 No connection to sync server.
05:26:19.565 No connection to sync server.
05:27:19.580 No connection to sync server.
05:28:19.574 No connection to sync server.
05:29:19.605 No connection to sync server.
05:30:19.603 No connection to sync server.
05:31:19.608 No connection to sync server.
05:32:19.608 No connection to sync server.
05:33:19.647 No connection to sync server.
05:34:19.640 No connection to sync server.
05:35:19.639 No connection to sync server.
05:36:19.643 No connection to sync server.
05:37:19.659 No connection to sync server.
05:38:19.650 No connection to sync server.
05:39:19.905 No connection to sync server.
05:40:19.680 No connection to sync server.
05:41:19.692 No connection to sync server.
05:42:19.707 No connection to sync server.
05:43:19.698 No connection to sync server.
05:44:19.748 No connection to sync server.
05:45:19.730 No connection to sync server.
05:46:19.720 No connection to sync server.
05:47:19.740 No connection to sync server.
05:48:19.738 No connection to sync server.
05:49:19.749 No connection to sync server.
05:50:19.754 No connection to sync server.
05:51:19.761 No connection to sync server.
05:52:19.770 No connection to sync server.
05:53:19.780 No connection to sync server.
05:54:19.785 No connection to sync server.
05:55:19.807 No connection to sync server.
05:56:19.808 No connection to sync server.
05:57:19.817 No connection to sync server.
05:58:19.818 No connection to sync server.
05:59:19.823 No connection to sync server.
06:00:19.841 No connection to sync server.
06:01:19.843 No connection to sync server.
06:02:19.852 No connection to sync server.
06:03:19.860 No connection to sync server.
06:04:19.859 No connection to sync server.
06:05:19.864 No connection to sync server.
06:06:19.879 No connection to sync server.
06:07:19.886 No connection to sync server.
06:08:19.892 No connection to sync server.
06:09:19.916 No connection to sync server.
06:10:19.933 No connection to sync server.
06:11:19.920 No connection to sync server.
06:12:19.927 No connection to sync server.
06:13:19.945 No connection to sync server.
06:14:19.947 No connection to sync server.
06:15:19.958 No connection to sync server.
06:16:19.962 No connection to sync server.
06:17:07.041 Table counts: notes: 308, revisions: 122, attachments: 65, branches: 311, attributes: 457, etapi_tokens: 0, blobs: 333
06:17:07.060 All consistency checks passed with no errors detected (took 19ms)
06:17:19.964 No connection to sync server.
06:18:19.986 No connection to sync server.
06:19:19.978 No connection to sync server.
06:20:20.003 No connection to sync server.
06:21:20.009 No connection to sync server.
06:22:20.009 No connection to sync server.
06:23:20.020 No connection to sync server.
06:24:20.034 No connection to sync server.
06:25:20.043 No connection to sync server.
06:26:20.108 No connection to sync server.
06:27:20.054 No connection to sync server.
06:28:20.070 No connection to sync server.
06:29:20.087 No connection to sync server.
06:30:20.085 No connection to sync server.
06:31:25.113 No connection to sync server.
06:32:23.202 No connection to sync server.
06:33:28.189 No connection to sync server.
06:34:27.371 No connection to sync server.
06:35:20.133 No connection to sync server.
06:36:20.133 No connection to sync server.
06:37:20.141 No connection to sync server.
06:38:20.145 No connection to sync server.
06:39:20.157 No connection to sync server.
06:40:20.167 No connection to sync server.
06:41:20.173 No connection to sync server.
06:42:20.172 No connection to sync server.
06:43:20.188 No connection to sync server.
06:44:20.198 No connection to sync server.
06:45:20.207 No connection to sync server.
06:46:20.209 No connection to sync server.
06:47:20.217 No connection to sync server.
06:48:20.230 No connection to sync server.
06:49:20.226 No connection to sync server.
06:50:20.243 No connection to sync server.
06:51:20.248 No connection to sync server.
06:52:20.265 No connection to sync server.
06:53:20.269 No connection to sync server.
06:54:20.279 No connection to sync server.
06:55:20.282 No connection to sync server.
06:56:20.297 No connection to sync server.
06:57:20.299 No connection to sync server.
06:58:20.304 No connection to sync server.
06:59:20.313 No connection to sync server.
07:00:20.318 No connection to sync server.
07:01:20.330 No connection to sync server.
07:02:20.330 No connection to sync server.
07:03:20.346 No connection to sync server.
07:04:20.361 No connection to sync server.
07:05:20.359 No connection to sync server.
07:06:20.366 No connection to sync server.
07:07:20.378 No connection to sync server.
07:08:20.392 No connection to sync server.
07:09:20.398 No connection to sync server.
07:10:20.405 No connection to sync server.
07:11:20.410 No connection to sync server.
07:12:20.411 No connection to sync server.
07:13:20.430 No connection to sync server.
07:14:20.432 No connection to sync server.
07:15:20.452 No connection to sync server.
07:16:20.450 No connection to sync server.
07:17:07.042 Table counts: notes: 308, revisions: 122, attachments: 65, branches: 311, attributes: 457, etapi_tokens: 0, blobs: 333
07:17:07.061 All consistency checks passed with no errors detected (took 19ms)
07:17:20.458 No connection to sync server.
07:18:20.467 No connection to sync server.
07:19:20.473 No connection to sync server.
07:20:20.477 No connection to sync server.
07:21:20.497 No connection to sync server.
07:22:20.496 No connection to sync server.
07:23:20.502 No connection to sync server.
07:24:20.522 No connection to sync server.
07:25:20.524 No connection to sync server.
07:26:20.540 No connection to sync server.
07:27:20.545 No connection to sync server.
07:28:20.545 No connection to sync server.
07:29:20.560 No connection to sync server.
07:30:20.565 No connection to sync server.
07:31:20.567 No connection to sync server.
07:32:20.576 No connection to sync server.
07:33:20.582 No connection to sync server.
07:34:20.587 No connection to sync server.
07:35:20.609 No connection to sync server.
07:36:20.611 No connection to sync server.
07:37:20.611 No connection to sync server.
07:38:20.622 No connection to sync server.
07:39:20.631 No connection to sync server.
07:40:20.632 No connection to sync server.
07:41:20.646 No connection to sync server.
07:42:20.641 No connection to sync server.
07:43:20.657 No connection to sync server.
07:44:20.669 No connection to sync server.
07:45:20.668 No connection to sync server.
07:46:20.683 No connection to sync server.
07:47:20.679 No connection to sync server.
07:48:20.692 No connection to sync server.
07:49:20.702 No connection to sync server.
07:50:20.718 No connection to sync server.
07:51:20.711 No connection to sync server.
07:52:20.722 No connection to sync server.
07:53:20.730 No connection to sync server.
07:54:20.742 No connection to sync server.
07:55:20.736 No connection to sync server.
07:56:20.743 No connection to sync server.
07:57:20.764 No connection to sync server.
07:58:20.749 No connection to sync server.
07:59:20.779 No connection to sync server.
08:00:20.770 No connection to sync server.
08:01:20.784 No connection to sync server.
08:02:20.786 No connection to sync server.
08:03:20.792 No connection to sync server.
08:04:20.797 No connection to sync server.
08:05:20.804 No connection to sync server.
08:06:20.884 No connection to sync server.
08:07:20.820 No connection to sync server.
08:08:20.825 No connection to sync server.
08:09:20.827 No connection to sync server.
08:10:20.838 No connection to sync server.
08:11:20.840 No connection to sync server.
08:12:20.857 No connection to sync server.
08:13:20.854 No connection to sync server.
08:14:20.856 No connection to sync server.
08:15:20.859 No connection to sync server.
08:16:20.869 No connection to sync server.
08:17:07.045 Table counts: notes: 308, revisions: 122, attachments: 65, branches: 311, attributes: 457, etapi_tokens: 0, blobs: 333
08:17:07.068 All consistency checks passed with no errors detected (took 23ms)
08:17:20.877 No connection to sync server.
08:18:20.885 No connection to sync server.
08:19:20.887 No connection to sync server.
08:20:20.891 No connection to sync server.
08:21:20.903 No connection to sync server.
08:22:20.901 No connection to sync server.
08:23:20.917 No connection to sync server.
08:24:20.922 No connection to sync server.
08:25:20.926 No connection to sync server.
08:26:20.938 No connection to sync server.
08:27:20.946 No connection to sync server.
08:28:20.953 No connection to sync server.
08:29:20.958 No connection to sync server.
08:30:20.965 No connection to sync server.
08:31:20.974 No connection to sync server.
08:32:20.967 No connection to sync server.
08:33:20.983 No connection to sync server.
08:34:20.984 No connection to sync server.
08:35:20.987 No connection to sync server.
08:36:20.986 No connection to sync server.
08:37:21.005 No connection to sync server.
08:38:21.011 No connection to sync server.
08:39:21.022 No connection to sync server.
08:40:21.014 No connection to sync server.
08:41:21.060 No connection to sync server.
08:42:21.036 No connection to sync server.
08:43:21.044 No connection to sync server.
08:44:21.048 No connection to sync server.
08:45:21.058 No connection to sync server.
08:46:21.063 No connection to sync server.
08:47:21.065 No connection to sync server.
08:48:21.080 No connection to sync server.
08:49:21.084 No connection to sync server.
08:50:21.092 No connection to sync server.
08:51:21.094 No connection to sync server.
08:52:21.099 No connection to sync server.
08:53:21.115 No connection to sync server.
08:54:21.108 No connection to sync server.
08:55:21.123 No connection to sync server.
08:56:21.128 No connection to sync server.
08:57:21.132 No connection to sync server.
08:58:21.132 No connection to sync server.
08:59:21.156 No connection to sync server.
08:59:28.134 Error: Router not found for request GET /.well-known/security.txt
09:00:21.147 No connection to sync server.
09:01:21.158 No connection to sync server.
09:02:21.154 No connection to sync server.
09:03:21.162 No connection to sync server.
09:04:21.180 No connection to sync server.
09:05:21.184 No connection to sync server.
09:06:21.197 No connection to sync server.
09:07:21.192 No connection to sync server.
09:08:21.190 No connection to sync server.
09:09:21.205 No connection to sync server.
09:10:21.211 No connection to sync server.
09:11:21.208 No connection to sync server.
09:12:21.209 No connection to sync server.
09:13:21.225 No connection to sync server.
09:14:21.232 No connection to sync server.
09:15:21.237 No connection to sync server.
09:16:21.239 No connection to sync server.
09:17:07.046 Table counts: notes: 308, revisions: 122, attachments: 65, branches: 311, attributes: 457, etapi_tokens: 0, blobs: 333
09:17:07.072 All consistency checks passed with no errors detected (took 26ms)
09:17:21.248 No connection to sync server.
09:18:21.249 No connection to sync server.
09:19:21.250 No connection to sync server.
09:20:21.265 No connection to sync server.
09:21:21.264 No connection to sync server.
09:22:21.276 No connection to sync server.
09:23:21.271 No connection to sync server.
09:24:21.274 No connection to sync server.
09:25:21.284 No connection to sync server.
09:26:21.297 No connection to sync server.
09:27:21.298 No connection to sync server.
09:28:21.312 No connection to sync server.
09:29:21.311 No connection to sync server.
09:30:21.324 No connection to sync server.
09:31:21.326 No connection to sync server.
09:32:21.329 No connection to sync server.
09:33:21.333 No connection to sync server.
09:34:21.333 No connection to sync server.
09:35:21.365 No connection to sync server.
09:36:21.360 No connection to sync server.
09:37:21.369 No connection to sync server.
09:38:21.359 No connection to sync server.
09:39:21.368 No connection to sync server.
09:40:21.376 No connection to sync server.
09:41:21.385 No connection to sync server.
09:42:21.386 No connection to sync server.
09:43:21.395 No connection to sync server.
09:44:21.402 No connection to sync server.
09:45:21.420 No connection to sync server.
09:46:21.409 No connection to sync server.
09:47:21.412 No connection to sync server.
09:48:21.420 No connection to sync server.
09:49:21.418 No connection to sync server.
09:50:21.423 No connection to sync server.
09:51:21.430 No connection to sync server.
09:52:21.456 No connection to sync server.
09:53:21.454 No connection to sync server.
09:54:21.446 No connection to sync server.
09:55:21.463 No connection to sync server.
09:56:21.472 No connection to sync server.
09:57:21.469 No connection to sync server.
09:58:21.469 No connection to sync server.
09:59:21.488 No connection to sync server.
10:00:21.484 No connection to sync server.
10:01:21.485 No connection to sync server.
10:02:21.489 No connection to sync server.
10:03:21.497 No connection to sync server.
10:04:21.504 No connection to sync server.
10:05:21.521 No connection to sync server.
10:06:21.516 No connection to sync server.
10:07:21.522 No connection to sync server.
10:08:21.531 No connection to sync server.
10:09:21.532 No connection to sync server.
10:10:21.526 No connection to sync server.
10:11:21.541 No connection to sync server.
10:12:21.548 No connection to sync server.
10:13:21.557 No connection to sync server.
10:14:21.555 No connection to sync server.
10:15:21.560 No connection to sync server.
10:16:21.570 No connection to sync server.
10:17:06.663 Optimizing database
10:17:06.665 Optimization finished in 1ms.
10:17:07.047 Table counts: notes: 308, revisions: 122, attachments: 65, branches: 311, attributes: 457, etapi_tokens: 0, blobs: 333
10:17:07.078 All consistency checks passed with no errors detected (took 31ms)
10:17:21.574 No connection to sync server.
10:18:21.586 No connection to sync server.
10:19:21.593 No connection to sync server.
10:20:21.589 No connection to sync server.
10:21:21.608 No connection to sync server.
10:22:21.599 No connection to sync server.
10:23:21.604 No connection to sync server.
10:24:21.601 No connection to sync server.
10:25:21.622 No connection to sync server.
10:26:21.619 No connection to sync server.
10:27:21.628 No connection to sync server.
10:28:21.633 No connection to sync server.
10:29:21.638 No connection to sync server.
10:30:21.638 No connection to sync server.
10:31:21.646 No connection to sync server.
10:32:21.645 No connection to sync server.
10:33:21.648 No connection to sync server.
10:34:21.655 No connection to sync server.
10:35:21.664 No connection to sync server.
10:36:21.665 No connection to sync server.
10:37:21.663 No connection to sync server.
10:38:21.680 No connection to sync server.
10:39:21.682 No connection to sync server.
10:40:21.675 No connection to sync server.
10:41:21.682 No connection to sync server.
10:42:21.686 No connection to sync server.
10:43:21.699 No connection to sync server.
10:44:21.704 No connection to sync server.
10:45:21.701 No connection to sync server.
10:46:21.709 No connection to sync server.
10:47:21.714 No connection to sync server.
10:48:21.811 No connection to sync server.
10:49:21.728 No connection to sync server.
10:50:21.729 No connection to sync server.
10:51:21.725 No connection to sync server.
10:52:21.728 No connection to sync server.
10:53:21.744 No connection to sync server.
10:54:21.750 No connection to sync server.
10:55:21.753 No connection to sync server.
10:56:21.768 No connection to sync server.
10:57:21.763 No connection to sync server.
10:58:21.773 No connection to sync server.
10:59:21.764 No connection to sync server.
11:00:21.772 No connection to sync server.
11:01:21.779 No connection to sync server.
11:02:21.779 No connection to sync server.
11:03:21.784 No connection to sync server.
11:04:21.789 No connection to sync server.
11:05:21.806 No connection to sync server.
11:06:21.800 No connection to sync server.
11:07:21.803 No connection to sync server.
11:08:21.814 No connection to sync server.
11:09:21.812 No connection to sync server.
11:10:21.824 No connection to sync server.
11:11:21.829 No connection to sync server.
11:12:21.825 No connection to sync server.
11:13:21.828 No connection to sync server.
11:14:21.835 No connection to sync server.
11:15:21.834 No connection to sync server.
11:16:21.850 No connection to sync server.
11:17:07.049 Table counts: notes: 308, revisions: 122, attachments: 65, branches: 311, attributes: 457, etapi_tokens: 0, blobs: 333
11:17:07.070 All consistency checks passed with no errors detected (took 22ms)
11:17:21.843 No connection to sync server.
11:18:21.856 No connection to sync server.
11:19:21.859 No connection to sync server.
11:20:21.850 No connection to sync server.
11:21:21.872 No connection to sync server.
11:22:21.858 No connection to sync server.
11:23:21.868 No connection to sync server.
11:24:21.883 No connection to sync server.
11:25:21.891 No connection to sync server.
11:26:21.886 No connection to sync server.
11:27:21.885 No connection to sync server.
11:28:21.887 No connection to sync server.
11:29:21.896 No connection to sync server.
11:30:21.897 No connection to sync server.
11:31:21.897 No connection to sync server.
11:32:21.903 No connection to sync server.
11:33:21.907 No connection to sync server.
11:34:21.907 No connection to sync server.
11:35:21.910 No connection to sync server.
11:36:21.926 No connection to sync server.
11:37:21.926 No connection to sync server.
11:38:21.931 No connection to sync server.
11:39:21.932 No connection to sync server.
11:40:21.930 No connection to sync server.
11:41:21.938 No connection to sync server.
11:42:21.950 No connection to sync server.
11:43:21.942 No connection to sync server.
11:44:22.044 No connection to sync server.
11:45:21.948 No connection to sync server.
11:46:21.964 No connection to sync server.
11:47:21.956 No connection to sync server.
11:48:21.966 No connection to sync server.
11:49:21.969 No connection to sync server.
11:50:21.968 No connection to sync server.
11:51:21.972 No connection to sync server.
11:52:21.979 No connection to sync server.
11:53:21.980 No connection to sync server.
11:54:21.978 No connection to sync server.
11:55:21.997 No connection to sync server.
11:56:21.981 No connection to sync server.
11:57:21.998 No connection to sync server.
11:58:22.005 No connection to sync server.
11:59:22.017 No connection to sync server.
12:00:22.000 No connection to sync server.
12:01:22.001 No connection to sync server.
12:02:22.006 No connection to sync server.
12:03:22.013 No connection to sync server.
12:04:22.012 No connection to sync server.
12:05:22.017 No connection to sync server.
12:06:22.030 No connection to sync server.
12:07:22.018 No connection to sync server.
12:08:22.039 No connection to sync server.
12:09:22.033 No connection to sync server.
12:10:22.030 No connection to sync server.
12:11:22.034 No connection to sync server.
12:12:22.035 No connection to sync server.
12:13:22.038 No connection to sync server.
12:14:22.042 No connection to sync server.
12:15:22.050 No connection to sync server.
12:16:22.046 No connection to sync server.
12:17:07.050 Table counts: notes: 308, revisions: 122, attachments: 65, branches: 311, attributes: 457, etapi_tokens: 0, blobs: 333
12:17:07.068 All consistency checks passed with no errors detected (took 18ms)
12:17:22.067 No connection to sync server.
12:18:22.069 No connection to sync server.
12:19:22.057 No connection to sync server.
12:20:22.065 No connection to sync server.
12:21:22.073 No connection to sync server.
12:22:22.065 No connection to sync server.
12:23:22.076 No connection to sync server.
12:24:22.093 No connection to sync server.
12:25:22.080 No connection to sync server.
12:26:22.086 No connection to sync server.
12:27:22.077 No connection to sync server.
12:28:22.090 No connection to sync server.
12:29:22.094 No connection to sync server.
12:30:22.083 No connection to sync server.
12:31:22.090 No connection to sync server.
12:32:22.092 No connection to sync server.
12:33:22.094 No connection to sync server.
12:34:22.097 No connection to sync server.
12:35:22.109 No connection to sync server.
12:36:22.093 No connection to sync server.
12:37:22.120 No connection to sync server.
12:38:22.103 No connection to sync server.
12:39:22.108 No connection to sync server.
12:40:22.115 No connection to sync server.
12:41:22.109 No connection to sync server.
12:42:22.120 No connection to sync server.
12:43:22.107 No connection to sync server.
12:44:22.114 No connection to sync server.
12:45:22.135 No connection to sync server.
12:46:22.113 No connection to sync server.
12:47:22.185 No connection to sync server.
12:48:22.126 No connection to sync server.
12:49:22.123 No connection to sync server.
12:50:22.136 No connection to sync server.
12:51:22.143 No connection to sync server.
12:52:22.125 No connection to sync server.
12:53:22.135 No connection to sync server.
12:54:22.133 No connection to sync server.
12:55:22.149 No connection to sync server.
12:56:22.135 No connection to sync server.
12:57:22.144 No connection to sync server.
12:58:22.135 No connection to sync server.
12:59:22.137 No connection to sync server.
13:00:22.141 No connection to sync server.
13:01:22.134 No connection to sync server.
13:02:22.143 No connection to sync server.
13:03:22.138 No connection to sync server.
13:04:22.139 No connection to sync server.
13:05:22.144 No connection to sync server.
13:06:22.148 No connection to sync server.
13:07:22.138 No connection to sync server.
13:08:22.158 No connection to sync server.
13:09:22.141 No connection to sync server.
13:10:22.139 No connection to sync server.
13:11:22.174 No connection to sync server.
13:12:22.141 No connection to sync server.
13:13:22.171 No connection to sync server.
13:14:19.514 Error: Router not found for request GET /pdown
13:14:22.171 No connection to sync server.
13:15:22.188 No connection to sync server.
13:16:22.185 No connection to sync server.
13:17:07.051 Table counts: notes: 308, revisions: 122, attachments: 65, branches: 311, attributes: 457, etapi_tokens: 0, blobs: 333
13:17:07.068 All consistency checks passed with no errors detected (took 17ms)
13:17:22.199 No connection to sync server.
13:18:22.220 No connection to sync server.
13:19:22.212 No connection to sync server.
13:20:22.250 No connection to sync server.
13:21:22.254 No connection to sync server.
13:22:22.278 No connection to sync server.
13:23:22.284 No connection to sync server.
13:24:22.498 No connection to sync server.
13:25:22.468 No connection to sync server.
13:26:22.345 No connection to sync server.
13:27:22.343 No connection to sync server.
13:28:22.361 No connection to sync server.
13:29:22.377 No connection to sync server.
13:30:22.387 No connection to sync server.
13:31:22.426 No connection to sync server.
13:32:22.419 No connection to sync server.
13:33:22.439 No connection to sync server.
13:34:22.442 No connection to sync server.
13:35:22.478 No connection to sync server.
13:36:22.477 No connection to sync server.
13:37:22.509 No connection to sync server.
13:38:22.515 No connection to sync server.
13:39:22.549 No connection to sync server.
13:40:22.555 No connection to sync server.
13:41:22.590 No connection to sync server.
13:42:22.597 No connection to sync server.
13:43:22.605 No connection to sync server.
13:44:22.618 No connection to sync server.
13:45:22.633 No connection to sync server.
13:46:22.643 No connection to sync server.
13:47:22.641 No connection to sync server.
13:48:22.688 No connection to sync server.
13:49:22.679 No connection to sync server.
13:50:22.718 No connection to sync server.
13:51:22.716 No connection to sync server.
13:52:22.748 No connection to sync server.
13:53:22.741 No connection to sync server.
13:54:22.775 No connection to sync server.
13:55:22.784 No connection to sync server.
13:56:22.812 No connection to sync server.
13:57:22.825 No connection to sync server.
13:58:22.852 No connection to sync server.
13:59:22.844 No connection to sync server.
14:00:22.881 No connection to sync server.
14:01:22.878 No connection to sync server.
14:02:22.879 No connection to sync server.
14:03:22.881 No connection to sync server.
14:04:22.911 No connection to sync server.
14:05:22.931 No connection to sync server.
14:06:22.944 No connection to sync server.
14:07:22.956 No connection to sync server.
14:08:23.040 No connection to sync server.
14:09:22.982 No connection to sync server.
14:10:23.007 No connection to sync server.
14:11:23.016 No connection to sync server.
14:12:23.338 No connection to sync server.
14:13:23.056 No connection to sync server.
14:14:23.078 No connection to sync server.
14:15:23.077 No connection to sync server.
14:16:23.107 No connection to sync server.
14:17:07.051 Table counts: notes: 308, revisions: 122, attachments: 65, branches: 311, attributes: 457, etapi_tokens: 0, blobs: 333
14:17:07.068 All consistency checks passed with no errors detected (took 18ms)
14:17:23.120 No connection to sync server.
14:18:23.148 No connection to sync server.
14:19:23.145 No connection to sync server.
14:20:23.145 No connection to sync server.
14:21:23.178 No connection to sync server.
14:22:23.173 No connection to sync server.
14:23:23.204 No connection to sync server.
14:24:23.213 No connection to sync server.
14:25:23.243 No connection to sync server.
14:26:23.243 No connection to sync server.
14:27:23.272 No connection to sync server.
14:28:23.270 No connection to sync server.
14:29:23.289 No connection to sync server.
14:30:23.304 No connection to sync server.
14:31:23.315 No connection to sync server.
14:32:23.322 No connection to sync server.
14:33:23.359 No connection to sync server.
14:34:23.353 No connection to sync server.
14:35:23.377 No connection to sync server.
14:36:23.386 No connection to sync server.
14:37:23.382 No connection to sync server.
14:38:23.416 No connection to sync server.
14:39:23.420 No connection to sync server.
14:40:23.459 No connection to sync server.
14:41:23.442 No connection to sync server.
14:42:23.472 No connection to sync server.
14:43:24.075 No connection to sync server.
14:44:23.501 No connection to sync server.
14:45:23.520 No connection to sync server.
14:46:23.546 No connection to sync server.
14:47:23.538 No connection to sync server.
14:48:23.576 No connection to sync server.
14:49:23.571 No connection to sync server.
14:50:23.590 No connection to sync server.
14:51:23.628 No connection to sync server.
14:52:23.617 No connection to sync server.
14:53:23.623 No connection to sync server.
14:54:23.640 No connection to sync server.
14:55:23.645 No connection to sync server.
14:56:23.678 No connection to sync server.
14:57:23.672 No connection to sync server.
14:58:23.705 No connection to sync server.
14:59:23.697 No connection to sync server.
15:00:23.793 No connection to sync server.
15:01:23.743 No connection to sync server.
15:02:23.744 No connection to sync server.
15:03:23.743 No connection to sync server.
15:04:23.778 No connection to sync server.
15:05:23.790 No connection to sync server.
15:06:23.812 No connection to sync server.
15:07:23.844 No connection to sync server.
15:08:23.850 No connection to sync server.
15:09:23.840 No connection to sync server.
15:10:23.878 No connection to sync server.
15:11:23.881 No connection to sync server.
15:12:23.903 No connection to sync server.
15:13:23.912 No connection to sync server.
15:14:23.944 No connection to sync server.
15:15:23.951 No connection to sync server.
15:16:23.964 No connection to sync server.
15:17:07.053 Table counts: notes: 308, revisions: 122, attachments: 65, branches: 311, attributes: 457, etapi_tokens: 0, blobs: 333
15:17:07.074 All consistency checks passed with no errors detected (took 21ms)
15:17:23.971 No connection to sync server.
15:18:23.987 No connection to sync server.
15:19:23.997 No connection to sync server.
15:20:24.020 No connection to sync server.
15:21:24.041 No connection to sync server.
15:22:24.063 No connection to sync server.
15:23:24.064 No connection to sync server.
15:24:24.079 No connection to sync server.
15:25:24.079 No connection to sync server.
15:26:24.108 No connection to sync server.
15:27:24.112 No connection to sync server.
15:28:24.116 No connection to sync server.
15:29:24.150 No connection to sync server.
15:30:24.156 No connection to sync server.
15:31:24.170 No connection to sync server.
15:32:24.169 No connection to sync server.
15:33:24.172 No connection to sync server.
15:34:24.188 No connection to sync server.
15:35:24.216 No connection to sync server.
15:36:24.211 No connection to sync server.
15:37:24.215 No connection to sync server.
15:38:24.237 No connection to sync server.
15:39:24.244 No connection to sync server.
15:40:24.249 No connection to sync server.
15:41:24.252 No connection to sync server.
15:42:24.274 No connection to sync server.
15:43:24.287 No connection to sync server.
15:44:24.307 No connection to sync server.
15:45:24.305 No connection to sync server.
15:46:24.341 No connection to sync server.
15:47:24.344 No connection to sync server.
15:48:24.372 No connection to sync server.
15:49:24.376 No connection to sync server.
15:50:24.404 No connection to sync server.
15:51:24.408 No connection to sync server.
15:52:24.428 No connection to sync server.
15:53:24.426 No connection to sync server.
15:54:24.460 No connection to sync server.
15:55:24.474 No connection to sync server.
15:56:24.495 No connection to sync server.
15:57:24.499 No connection to sync server.
15:58:24.505 No connection to sync server.
15:59:24.500 No connection to sync server.
16:00:24.541 No connection to sync server.
16:01:24.551 No connection to sync server.
16:02:24.549 No connection to sync server.
16:03:24.573 No connection to sync server.
16:04:24.579 No connection to sync server.
16:05:24.621 No connection to sync server.
16:06:24.614 No connection to sync server.
16:07:24.643 No connection to sync server.
16:08:24.654 No connection to sync server.
16:09:24.674 No connection to sync server.
16:10:24.664 No connection to sync server.
16:11:24.710 No connection to sync server.
16:12:24.704 No connection to sync server.
16:13:24.742 No connection to sync server.
16:14:24.736 No connection to sync server.
16:15:24.772 No connection to sync server.
16:16:24.780 No connection to sync server.
16:17:07.059 Table counts: notes: 308, revisions: 122, attachments: 65, branches: 311, attributes: 457, etapi_tokens: 0, blobs: 333
16:17:07.081 All consistency checks passed with no errors detected (took 26ms)
16:17:24.773 No connection to sync server.
16:18:24.803 No connection to sync server.
16:19:24.804 No connection to sync server.
16:20:24.830 No connection to sync server.
16:21:24.844 No connection to sync server.
16:22:24.861 No connection to sync server.
16:23:24.873 No connection to sync server.
16:24:24.897 No connection to sync server.
16:25:24.903 No connection to sync server.
16:26:24.937 No connection to sync server.
16:27:24.940 No connection to sync server.
16:28:24.973 No connection to sync server.
16:29:24.978 No connection to sync server.
16:30:24.974 No connection to sync server.
16:31:24.976 No connection to sync server.
16:32:24.986 No connection to sync server.
16:33:25.033 No connection to sync server.
16:34:25.021 No connection to sync server.
16:35:25.057 No connection to sync server.
16:36:25.046 No connection to sync server.
16:37:25.067 No connection to sync server.
16:38:25.088 No connection to sync server.
16:39:25.108 No connection to sync server.
16:40:25.125 No connection to sync server.
16:41:25.140 No connection to sync server.
16:42:25.145 No connection to sync server.
16:43:25.152 No connection to sync server.
16:44:25.201 No connection to sync server.
16:45:25.172 No connection to sync server.
16:46:25.186 No connection to sync server.
16:47:25.198 No connection to sync server.
16:48:25.210 No connection to sync server.
16:49:25.211 No connection to sync server.
16:50:25.243 No connection to sync server.
16:51:25.246 No connection to sync server.
16:52:25.270 No connection to sync server.
16:53:25.277 No connection to sync server.
16:54:25.301 No connection to sync server.
16:55:25.299 No connection to sync server.
16:56:25.330 No connection to sync server.
16:57:25.326 No connection to sync server.
16:58:25.354 No connection to sync server.
16:59:25.361 No connection to sync server.
17:00:25.389 No connection to sync server.
17:01:25.392 No connection to sync server.
17:02:25.398 No connection to sync server.
17:03:25.445 No connection to sync server.
17:04:25.435 No connection to sync server.
17:05:25.463 No connection to sync server.
17:06:25.482 No connection to sync server.
17:07:25.496 No connection to sync server.
17:08:25.512 No connection to sync server.
17:09:25.522 No connection to sync server.
17:10:25.539 No connection to sync server.
17:11:25.559 No connection to sync server.
17:12:25.560 No connection to sync server.
17:13:25.579 No connection to sync server.
17:14:25.600 No connection to sync server.
17:15:25.600 No connection to sync server.
17:16:25.620 No connection to sync server.
17:17:07.057 Table counts: notes: 308, revisions: 122, attachments: 65, branches: 311, attributes: 457, etapi_tokens: 0, blobs: 333
17:17:07.082 All consistency checks passed with no errors detected (took 25ms)
17:17:25.621 No connection to sync server.
17:18:25.800 No connection to sync server.
17:19:25.647 No connection to sync server.
17:20:25.682 No connection to sync server.
17:21:25.683 No connection to sync server.
17:22:25.712 No connection to sync server.
17:23:25.726 No connection to sync server.
17:24:25.768 No connection to sync server.
17:25:25.743 No connection to sync server.
17:26:25.779 No connection to sync server.
17:27:25.783 No connection to sync server.
17:28:25.784 No connection to sync server.
17:29:25.803 No connection to sync server.
17:30:25.836 No connection to sync server.
17:31:25.821 No connection to sync server.
17:32:25.836 No connection to sync server.
17:33:25.852 No connection to sync server.
17:34:25.846 No connection to sync server.
17:35:25.876 No connection to sync server.
17:36:25.891 No connection to sync server.
17:37:25.910 No connection to sync server.
17:38:25.927 No connection to sync server.
17:39:25.944 No connection to sync server.
17:40:25.945 No connection to sync server.
17:41:25.967 No connection to sync server.
17:42:25.972 No connection to sync server.
17:43:25.996 No connection to sync server.
17:44:26.000 No connection to sync server.
17:45:26.024 No connection to sync server.
17:46:26.036 No connection to sync server.
17:47:26.078 No connection to sync server.
17:48:26.051 No connection to sync server.
17:49:26.067 No connection to sync server.
17:50:26.068 No connection to sync server.
17:51:26.103 No connection to sync server.
17:52:26.104 No connection to sync server.
17:53:26.126 No connection to sync server.
17:54:26.133 No connection to sync server.
17:55:26.156 No connection to sync server.
17:56:26.197 No connection to sync server.
17:57:26.178 No connection to sync server.
17:58:26.185 No connection to sync server.
17:59:26.212 No connection to sync server.
18:00:26.202 No connection to sync server.
18:01:26.237 No connection to sync server.
18:02:26.235 No connection to sync server.
18:03:26.274 No connection to sync server.
18:04:26.268 No connection to sync server.
18:05:26.285 No connection to sync server.
18:06:26.298 No connection to sync server.
18:07:26.329 No connection to sync server.
18:08:26.316 No connection to sync server.
18:09:26.329 No connection to sync server.
18:10:26.344 No connection to sync server.
18:11:26.360 No connection to sync server.
18:12:26.354 No connection to sync server.
18:13:26.400 No connection to sync server.
18:14:26.383 No connection to sync server.
18:15:26.411 No connection to sync server.
18:16:26.418 No connection to sync server.
18:17:07.058 Table counts: notes: 308, revisions: 122, attachments: 65, branches: 311, attributes: 457, etapi_tokens: 0, blobs: 333
18:17:07.076 All consistency checks passed with no errors detected (took 19ms)
18:17:26.423 No connection to sync server.
18:18:26.451 No connection to sync server.
18:19:26.457 No connection to sync server.
18:20:26.445 No connection to sync server.
18:21:26.495 No connection to sync server.
18:22:26.480 No connection to sync server.
18:23:26.503 No connection to sync server.
18:24:26.510 No connection to sync server.
18:25:26.530 No connection to sync server.
18:26:26.535 No connection to sync server.
18:27:26.565 No connection to sync server.
18:28:26.559 No connection to sync server.
18:29:26.590 No connection to sync server.
18:30:26.596 No connection to sync server.
18:31:26.615 No connection to sync server.
18:32:26.657 No connection to sync server.
18:33:26.634 No connection to sync server.
18:34:26.637 No connection to sync server.
18:35:26.641 No connection to sync server.
18:36:26.667 No connection to sync server.
18:37:26.676 No connection to sync server.
18:38:26.692 No connection to sync server.
18:39:26.721 No connection to sync server.
18:40:26.729 No connection to sync server.
18:41:26.748 No connection to sync server.
18:42:26.752 No connection to sync server.
18:43:26.769 No connection to sync server.
18:44:26.785 No connection to sync server.
18:45:26.855 No connection to sync server.
18:46:26.813 No connection to sync server.
18:47:26.805 No connection to sync server.
18:48:26.844 No connection to sync server.
18:49:26.838 No connection to sync server.
18:50:26.860 No connection to sync server.
18:51:26.861 No connection to sync server.
18:52:26.901 No connection to sync server.
18:53:26.889 No connection to sync server.
18:54:26.922 No connection to sync server.
18:55:26.925 No connection to sync server.
18:56:26.947 No connection to sync server.
18:57:26.948 No connection to sync server.
18:58:26.969 No connection to sync server.
18:59:27.064 No connection to sync server.
19:00:27.003 No connection to sync server.
19:01:27.010 No connection to sync server.
19:02:27.020 No connection to sync server.
19:03:27.013 No connection to sync server.
19:04:27.038 No connection to sync server.
19:05:27.041 No connection to sync server.
19:06:27.047 No connection to sync server.
19:07:27.065 No connection to sync server.
19:08:27.079 No connection to sync server.
19:09:28.113 No connection to sync server.
19:10:27.140 No connection to sync server.
19:11:27.137 No connection to sync server.
19:12:27.182 Sync failed: 'Request to GET https://trilium.l2.bb1a.cn:8082/api/setup/status failed, error: Error: read ECONNRESET', stack: Error: Request to GET https://trilium.l2.bb1a.cn:8082/api/setup/status failed, error: Error: read ECONNRESET
    at generateError (/root/software/trilium-chinese/trilium-linux-x64-server/src/services/request.js:207:12)
    at ClientRequest.<anonymous> (/root/software/trilium-chinese/trilium-linux-x64-server/src/services/request.js:58:47)
    at ClientRequest.emit (node:events:517:28)
    at TLSSocket.socketErrorListener (node:_http_client:501:9)
    at TLSSocket.emit (node:events:517:28)
    at emitErrorNT (node:internal/streams/destroy:151:8)
    at emitErrorCloseNT (node:internal/streams/destroy:116:3)
    at process.processTicksAndRejections (node:internal/process/task_queues:82:21)
19:13:27.140 No connection to sync server.
19:14:27.167 No connection to sync server.
19:15:27.182 No connection to sync server.
19:16:27.175 No connection to sync server.
19:17:07.061 Table counts: notes: 308, revisions: 122, attachments: 65, branches: 311, attributes: 457, etapi_tokens: 0, blobs: 333
19:17:07.086 All consistency checks passed with no errors detected (took 26ms)
19:17:27.182 No connection to sync server.
19:18:27.210 No connection to sync server.
19:19:27.214 No connection to sync server.
19:20:27.242 No connection to sync server.
19:21:27.246 No connection to sync server.
19:22:27.261 No connection to sync server.
19:23:27.275 No connection to sync server.
19:24:27.286 No connection to sync server.
19:25:27.296 No connection to sync server.
19:26:27.314 No connection to sync server.
19:27:27.324 No connection to sync server.
19:28:27.361 No connection to sync server.
19:29:27.347 No connection to sync server.
19:30:27.382 No connection to sync server.
19:31:27.370 No connection to sync server.
19:32:27.388 No connection to sync server.
19:33:27.424 No connection to sync server.
19:34:27.416 No connection to sync server.
19:35:27.441 No connection to sync server.
19:36:27.442 No connection to sync server.
19:37:27.467 No connection to sync server.
19:38:27.475 No connection to sync server.
19:39:27.493 No connection to sync server.
19:40:27.500 No connection to sync server.
19:41:27.521 No connection to sync server.
19:42:27.527 No connection to sync server.
19:43:27.535 No connection to sync server.
19:44:27.575 No connection to sync server.
19:45:27.561 No connection to sync server.
19:46:27.593 No connection to sync server.
19:47:27.627 No connection to sync server.
19:48:28.288 No connection to sync server.
19:49:27.632 No connection to sync server.
19:50:27.644 No connection to sync server.
19:51:27.640 No connection to sync server.
19:52:27.669 No connection to sync server.
19:53:27.682 No connection to sync server.
19:54:27.696 No connection to sync server.
19:55:27.705 No connection to sync server.
19:56:27.720 No connection to sync server.
19:57:27.724 No connection to sync server.
19:58:27.747 No connection to sync server.
19:59:27.756 No connection to sync server.
20:00:27.785 No connection to sync server.
20:01:27.793 No connection to sync server.
20:02:27.787 No connection to sync server.
20:03:27.798 No connection to sync server.
20:04:27.823 No connection to sync server.
20:05:27.837 No connection to sync server.
20:06:27.849 No connection to sync server.
20:07:27.865 No connection to sync server.
20:08:27.864 No connection to sync server.
20:09:27.902 No connection to sync server.
20:10:27.897 No connection to sync server.
20:11:27.922 No connection to sync server.
20:12:27.916 No connection to sync server.
20:13:27.945 No connection to sync server.
20:14:27.947 No connection to sync server.
20:15:27.972 No connection to sync server.
20:16:27.972 No connection to sync server.
20:17:06.665 Optimizing database
20:17:06.666 Optimization finished in 1ms.
20:17:07.063 Table counts: notes: 308, revisions: 122, attachments: 65, branches: 311, attributes: 457, etapi_tokens: 0, blobs: 333
20:17:07.090 All consistency checks passed with no errors detected (took 28ms)
20:17:27.984 No connection to sync server.
20:18:28.001 No connection to sync server.
20:19:28.073 No connection to sync server.
20:20:28.037 No connection to sync server.
20:21:28.027 No connection to sync server.
20:22:28.110 No connection to sync server.
20:23:28.046 No connection to sync server.
20:24:28.064 No connection to sync server.
20:25:28.069 No connection to sync server.
20:26:28.075 No connection to sync server.
20:27:28.100 No connection to sync server.
20:28:28.114 No connection to sync server.
20:29:28.135 No connection to sync server.
20:30:28.203 No connection to sync server.
20:31:28.144 No connection to sync server.
20:32:28.702 No connection to sync server.
20:33:28.161 No connection to sync server.
20:34:28.177 No connection to sync server.
20:35:28.181 No connection to sync server.
20:36:28.207 No connection to sync server.
20:37:28.225 No connection to sync server.
20:38:28.219 No connection to sync server.
20:39:28.234 No connection to sync server.
20:40:28.252 No connection to sync server.
20:41:28.255 No connection to sync server.
20:42:28.284 No connection to sync server.
20:43:28.285 No connection to sync server.
20:44:28.313 No connection to sync server.
20:45:28.308 No connection to sync server.
20:46:28.324 No connection to sync server.
20:47:28.327 No connection to sync server.
20:48:28.346 No connection to sync server.
20:49:28.378 No connection to sync server.
20:50:28.377 No connection to sync server.
20:51:28.370 No connection to sync server.
20:52:28.402 No connection to sync server.
20:53:28.410 No connection to sync server.
20:54:28.434 No connection to sync server.
20:55:28.432 No connection to sync server.
20:56:28.525 No connection to sync server.
20:57:28.466 No connection to sync server.
20:58:28.459 No connection to sync server.
20:59:28.488 No connection to sync server.
21:00:28.507 No connection to sync server.
21:01:28.510 No connection to sync server.
21:02:28.517 No connection to sync server.
21:03:28.548 No connection to sync server.
21:04:28.553 No connection to sync server.
21:05:28.818 No connection to sync server.
21:06:28.571 No connection to sync server.
21:07:28.680 No connection to sync server.
21:08:28.603 No connection to sync server.
21:09:28.633 No connection to sync server.
21:10:28.617 No connection to sync server.
21:11:28.640 No connection to sync server.
21:12:28.656 No connection to sync server.
21:13:28.676 No connection to sync server.
21:14:28.683 No connection to sync server.
21:15:28.696 No connection to sync server.
21:16:28.689 No connection to sync server.
21:17:07.062 Table counts: notes: 308, revisions: 122, attachments: 65, branches: 311, attributes: 457, etapi_tokens: 0, blobs: 333
21:17:07.087 All consistency checks passed with no errors detected (took 25ms)
21:17:28.717 No connection to sync server.
21:18:28.727 No connection to sync server.
21:19:28.742 No connection to sync server.
21:20:29.010 No connection to sync server.
21:21:28.766 No connection to sync server.
21:22:28.771 No connection to sync server.
21:23:29.007 No connection to sync server.
21:24:28.793 No connection to sync server.
21:25:28.804 No connection to sync server.
21:26:28.820 No connection to sync server.
21:27:28.825 No connection to sync server.
21:28:28.871 No connection to sync server.
21:29:28.864 No connection to sync server.
21:30:28.866 No connection to sync server.
21:31:28.876 No connection to sync server.
21:32:28.886 No connection to sync server.
21:33:28.897 No connection to sync server.
21:34:28.922 No connection to sync server.
21:35:28.923 No connection to sync server.
21:36:28.942 No connection to sync server.
21:37:28.958 No connection to sync server.
21:38:28.969 No connection to sync server.
21:39:28.975 No connection to sync server.
21:40:29.004 No connection to sync server.
21:41:28.994 No connection to sync server.
21:42:29.018 No connection to sync server.
21:43:29.015 No connection to sync server.
21:44:29.044 No connection to sync server.
21:45:29.065 No connection to sync server.
21:46:29.071 No connection to sync server.
21:47:29.070 No connection to sync server.
21:48:29.090 No connection to sync server.
21:49:29.081 No connection to sync server.
21:50:29.107 No connection to sync server.
21:51:29.115 No connection to sync server.
21:52:29.136 No connection to sync server.
21:53:29.143 No connection to sync server.
21:54:29.145 No connection to sync server.
21:55:29.149 No connection to sync server.
21:56:29.167 No connection to sync server.
21:57:29.179 No connection to sync server.
21:58:29.205 No connection to sync server.
21:59:29.212 No connection to sync server.
22:00:29.229 No connection to sync server.
22:01:29.232 No connection to sync server.
22:02:29.242 No connection to sync server.
22:03:29.262 No connection to sync server.
22:04:29.257 No connection to sync server.
22:05:29.293 No connection to sync server.
22:06:29.290 No connection to sync server.
22:07:29.306 No connection to sync server.
22:08:29.321 No connection to sync server.
22:09:29.316 No connection to sync server.
22:10:29.335 No connection to sync server.
22:11:29.342 No connection to sync server.
22:12:29.373 No connection to sync server.
22:13:29.368 No connection to sync server.
22:14:29.390 No connection to sync server.
22:15:29.384 No connection to sync server.
22:16:29.414 No connection to sync server.
22:17:07.063 Table counts: notes: 308, revisions: 122, attachments: 65, branches: 311, attributes: 457, etapi_tokens: 0, blobs: 333
22:17:07.079 All consistency checks passed with no errors detected (took 17ms)
22:17:29.424 No connection to sync server.
22:18:29.432 No connection to sync server.
22:19:29.434 No connection to sync server.
22:20:29.454 No connection to sync server.
22:21:29.469 No connection to sync server.
22:22:29.480 No connection to sync server.
22:23:29.490 No connection to sync server.
22:24:29.516 No connection to sync server.
22:25:29.513 No connection to sync server.
22:26:29.538 No connection to sync server.
22:27:29.548 No connection to sync server.
22:28:29.558 No connection to sync server.
22:29:29.568 No connection to sync server.
22:30:29.592 No connection to sync server.
22:31:29.594 No connection to sync server.
22:32:29.588 No connection to sync server.
22:33:29.617 No connection to sync server.
22:34:29.612 No connection to sync server.
22:35:29.637 No connection to sync server.
22:36:29.644 No connection to sync server.
22:37:29.658 No connection to sync server.
22:38:29.671 No connection to sync server.
22:39:29.669 No connection to sync server.
22:40:29.684 No connection to sync server.
22:41:29.701 No connection to sync server.
22:42:29.714 No connection to sync server.
22:43:29.706 No connection to sync server.
22:44:29.738 No connection to sync server.
22:45:29.739 No connection to sync server.
22:46:29.839 No connection to sync server.
22:47:29.767 No connection to sync server.
22:48:29.794 No connection to sync server.
22:49:29.794 No connection to sync server.
22:50:29.820 No connection to sync server.
22:51:29.812 No connection to sync server.
22:52:29.838 No connection to sync server.
22:53:29.842 No connection to sync server.
22:54:29.857 No connection to sync server.
22:55:29.871 No connection to sync server.
22:56:29.882 No connection to sync server.
22:57:29.890 No connection to sync server.
22:58:29.905 No connection to sync server.
22:59:29.919 No connection to sync server.
23:00:29.937 No connection to sync server.
23:01:29.935 No connection to sync server.
23:02:29.959 No connection to sync server.
23:03:29.964 No connection to sync server.
23:04:29.964 No connection to sync server.
23:05:29.992 No connection to sync server.
23:06:29.989 No connection to sync server.
23:07:30.010 No connection to sync server.
23:08:30.019 No connection to sync server.
23:09:30.030 No connection to sync server.
23:10:30.040 No connection to sync server.
23:11:30.067 No connection to sync server.
23:12:30.050 No connection to sync server.
23:13:30.071 No connection to sync server.
23:14:30.083 No connection to sync server.
23:15:30.111 No connection to sync server.
23:16:30.115 No connection to sync server.
23:17:07.065 Table counts: notes: 308, revisions: 122, attachments: 65, branches: 311, attributes: 457, etapi_tokens: 0, blobs: 333
23:17:07.084 All consistency checks passed with no errors detected (took 20ms)
23:17:30.118 No connection to sync server.
23:18:30.117 No connection to sync server.
23:19:30.139 No connection to sync server.
23:20:30.583 No connection to sync server.
23:21:30.165 No connection to sync server.
23:22:30.189 No connection to sync server.
23:23:30.179 No connection to sync server.
23:24:30.204 No connection to sync server.
23:25:30.243 No connection to sync server.
23:26:30.228 No connection to sync server.
23:27:30.221 No connection to sync server.
23:28:30.242 No connection to sync server.
23:29:30.253 No connection to sync server.
23:30:30.277 No connection to sync server.
23:31:30.278 No connection to sync server.
23:32:30.363 No connection to sync server.
23:33:30.290 No connection to sync server.
23:34:30.324 No connection to sync server.
23:35:30.337 No connection to sync server.
23:36:30.335 No connection to sync server.
23:37:30.356 No connection to sync server.
23:38:30.333 No connection to sync server.
23:39:30.357 No connection to sync server.
23:40:30.358 No connection to sync server.
23:41:30.368 No connection to sync server.
23:42:30.381 No connection to sync server.
23:43:30.402 No connection to sync server.
23:44:30.414 No connection to sync server.
23:45:30.425 No connection to sync server.
23:46:30.428 No connection to sync server.
23:47:30.446 No connection to sync server.
23:48:30.454 No connection to sync server.
23:49:30.455 No connection to sync server.
23:50:30.469 No connection to sync server.
23:51:30.467 No connection to sync server.
23:52:30.495 No connection to sync server.
23:53:30.495 No connection to sync server.
23:54:30.511 No connection to sync server.
23:55:30.518 No connection to sync server.
23:56:30.533 No connection to sync server.
23:57:30.548 No connection to sync server.
23:58:30.553 No connection to sync server.
23:59:30.568 No connection to sync server.
