00:06:21.160 Table counts: notes: 301, revisions: 59, attachments: 38, branches: 304, attributes: 448, etapi_tokens: 0, blobs: 271
00:06:21.182 All consistency checks passed with no errors detected (took 23ms)
00:27:33.608 Error: Router not found for request GET /.git/config
01:06:21.159 Table counts: notes: 301, revisions: 59, attachments: 38, branches: 304, attributes: 448, etapi_tokens: 0, blobs: 271
01:06:21.188 All consistency checks passed with no errors detected (took 29ms)
02:06:21.163 Table counts: notes: 301, revisions: 59, attachments: 38, branches: 304, attributes: 448, etapi_tokens: 0, blobs: 271
02:06:21.191 All consistency checks passed with no errors detected (took 29ms)
03:06:21.164 Table counts: notes: 301, revisions: 59, attachments: 38, branches: 304, attributes: 448, etapi_tokens: 0, blobs: 271
03:06:21.196 All consistency checks passed with no errors detected (took 33ms)
04:06:21.164 Table counts: notes: 301, revisions: 59, attachments: 38, branches: 304, attributes: 448, etapi_tokens: 0, blobs: 271
04:06:21.187 All consistency checks passed with no errors detected (took 24ms)
05:06:20.862 Optimizing database
05:06:20.864 Optimization finished in 1ms.
05:06:21.165 Table counts: notes: 301, revisions: 59, attachments: 38, branches: 304, attributes: 448, etapi_tokens: 0, blobs: 271
05:06:21.190 All consistency checks passed with no errors detected (took 26ms)
06:06:21.165 Table counts: notes: 301, revisions: 59, attachments: 38, branches: 304, attributes: 448, etapi_tokens: 0, blobs: 271
06:06:21.181 All consistency checks passed with no errors detected (took 17ms)
07:06:21.167 Table counts: notes: 301, revisions: 59, attachments: 38, branches: 304, attributes: 448, etapi_tokens: 0, blobs: 271
07:06:21.184 All consistency checks passed with no errors detected (took 18ms)
08:06:21.171 Table counts: notes: 301, revisions: 59, attachments: 38, branches: 304, attributes: 448, etapi_tokens: 0, blobs: 271
08:06:21.191 All consistency checks passed with no errors detected (took 22ms)
09:06:21.169 Table counts: notes: 301, revisions: 59, attachments: 38, branches: 304, attributes: 448, etapi_tokens: 0, blobs: 271
09:06:21.193 All consistency checks passed with no errors detected (took 24ms)
10:06:21.172 Table counts: notes: 301, revisions: 59, attachments: 38, branches: 304, attributes: 448, etapi_tokens: 0, blobs: 271
10:06:21.196 All consistency checks passed with no errors detected (took 25ms)
11:06:21.173 Table counts: notes: 301, revisions: 59, attachments: 38, branches: 304, attributes: 448, etapi_tokens: 0, blobs: 271
11:06:21.198 All consistency checks passed with no errors detected (took 25ms)
12:06:21.175 Table counts: notes: 301, revisions: 59, attachments: 38, branches: 304, attributes: 448, etapi_tokens: 0, blobs: 271
12:06:21.202 All consistency checks passed with no errors detected (took 28ms)
13:06:21.174 Table counts: notes: 301, revisions: 59, attachments: 38, branches: 304, attributes: 448, etapi_tokens: 0, blobs: 271
13:06:21.217 All consistency checks passed with no errors detected (took 43ms)
14:06:21.177 Table counts: notes: 301, revisions: 59, attachments: 38, branches: 304, attributes: 448, etapi_tokens: 0, blobs: 271
14:06:21.194 All consistency checks passed with no errors detected (took 17ms)
15:06:20.864 Optimizing database
15:06:20.866 Optimization finished in 1ms.
15:06:21.178 Table counts: notes: 301, revisions: 59, attachments: 38, branches: 304, attributes: 448, etapi_tokens: 0, blobs: 271
15:06:21.205 All consistency checks passed with no errors detected (took 28ms)
16:06:21.180 Table counts: notes: 301, revisions: 59, attachments: 38, branches: 304, attributes: 448, etapi_tokens: 0, blobs: 271
16:06:21.206 All consistency checks passed with no errors detected (took 27ms)
17:06:21.007 Created backup at /root/.local/share/trilium-data/backup/backup-weekly.db
17:06:21.180 Table counts: notes: 301, revisions: 59, attachments: 38, branches: 304, attributes: 448, etapi_tokens: 0, blobs: 271
17:06:21.195 All consistency checks passed with no errors detected (took 16ms)
17:38:17.460 Error: Router not found for request GET /.git/HEAD
18:06:21.183 Table counts: notes: 301, revisions: 59, attachments: 38, branches: 304, attributes: 448, etapi_tokens: 0, blobs: 271
18:06:21.204 All consistency checks passed with no errors detected (took 22ms)
18:33:44.682 Error: Router not found for request GET /.env
18:33:44.932 Error: Router not found for request GET /phpinfo
18:33:45.185 Error: Router not found for request GET /phpinfo.php
18:33:45.435 Error: Router not found for request GET /portal/.env
18:33:45.683 Error: Router not found for request GET /env/.env
18:33:45.933 Error: Router not found for request GET /api/.env
18:33:46.181 Error: Router not found for request GET /app/.env
18:33:46.431 Error: Router not found for request GET /dev/.env
18:33:46.680 Error: Router not found for request GET /new/.env
18:33:46.928 Error: Router not found for request GET /new/.env.local
18:33:47.179 Error: Router not found for request GET /new/.env.production
18:33:47.428 Error: Router not found for request GET /new/.env.staging
18:33:47.679 Error: Router not found for request GET /_phpinfo.php
18:33:47.927 Error: Router not found for request GET /_profiler/phpinfo
18:33:48.176 Error: Router not found for request GET /_profiler/phpinfo/info.php
18:33:48.425 Error: Router not found for request GET /_profiler/phpinfo/phpinfo.php
18:33:48.673 Error: Router not found for request GET /wp-config
18:33:48.925 Error: Router not found for request GET /aws-secret.yaml
18:33:49.173 Error: Router not found for request GET /awstats/.env
18:33:49.422 Error: Router not found for request GET /conf/.env
18:33:49.673 Error: Router not found for request GET /cron/.env
18:33:49.923 Error: Router not found for request GET /www/.env
18:33:50.171 Error: Router not found for request GET /docker/.env
18:33:50.420 Error: Router not found for request GET /docker/app/.env
18:33:50.674 Error: Router not found for request GET /env.backup
18:33:50.923 Error: Router not found for request GET /xampp/phpinfo.php
18:33:51.171 Error: Router not found for request GET /lara/info.php
18:33:51.425 Error: Router not found for request GET /lara/phpinfo.php
18:33:51.677 Error: Router not found for request GET /laravel/info.php
18:33:51.929 Error: Router not found for request GET /.vscode/.env
18:33:52.177 Error: Router not found for request GET /js/.env
18:33:52.429 Error: Router not found for request GET /laravel/.env
18:33:52.678 Error: Router not found for request GET /laravel/core/.env
18:33:52.929 Error: Router not found for request GET /mail/.env
18:33:53.177 Error: Router not found for request GET /mailer/.env
18:33:53.426 Error: Router not found for request GET /nginx/.env
18:33:53.675 Error: Router not found for request GET /public/.env
18:33:53.923 Error: Router not found for request GET /site/.env
18:33:54.173 Error: Router not found for request GET /xampp/.env
18:33:54.428 Error: Router not found for request GET /.docker/laravel/app/.env
18:33:54.679 Error: Router not found for request GET /laravel/.env.local
18:33:54.929 Error: Router not found for request GET /laravel/.env.production
18:33:55.178 Error: Router not found for request GET /laravel/.env.staging
18:33:55.427 Error: Router not found for request GET /laravel/core/.env.local
18:33:55.676 Error: Router not found for request GET /laravel/core/.env.production
18:33:55.924 Error: Router not found for request GET /laravel/core/.env.staging
18:33:56.176 Error: Router not found for request GET /main/.env
18:33:56.424 Error: Router not found for request GET /node_modules/.env
18:33:56.673 Error: Router not found for request GET /_profiler/phpinfo
18:33:56.921 Error: Router not found for request GET /_profiler/phpinfo.php
18:33:57.170 Error: Router not found for request GET /phpinfo
18:33:57.420 Error: Router not found for request GET /phpinfo.php
18:33:57.670 Error: Router not found for request GET /info
18:33:57.924 Error: Router not found for request GET /info.php
18:33:58.173 Error: Router not found for request GET /.env
18:33:58.423 Error: Router not found for request GET /app/.env
18:33:58.670 Error: Router not found for request GET /.env.bak
18:33:58.919 Error: Router not found for request GET /.env.example
18:33:59.185 Error: Router not found for request GET /.env.local
18:33:59.907 Error: Router not found for request GET /.env.old
18:34:00.155 Error: Router not found for request GET /.env.prod
18:34:00.409 Error: Router not found for request GET /.env.production.local
18:34:00.658 Error: Router not found for request GET /.env.stage
18:34:00.907 Error: Router not found for request GET /admin/.env
18:34:01.156 Error: Router not found for request GET /api/.env
18:34:01.417 Error: Router not found for request GET /apps/.env
18:34:01.666 Error: Router not found for request GET /.git/config
19:06:21.185 Table counts: notes: 301, revisions: 59, attachments: 38, branches: 304, attributes: 448, etapi_tokens: 0, blobs: 271
19:06:21.207 All consistency checks passed with no errors detected (took 22ms)
20:06:21.186 Table counts: notes: 301, revisions: 59, attachments: 38, branches: 304, attributes: 448, etapi_tokens: 0, blobs: 271
20:06:21.205 All consistency checks passed with no errors detected (took 19ms)
21:06:21.185 Table counts: notes: 301, revisions: 59, attachments: 38, branches: 304, attributes: 448, etapi_tokens: 0, blobs: 271
21:06:21.202 All consistency checks passed with no errors detected (took 17ms)
22:06:21.188 Table counts: notes: 301, revisions: 59, attachments: 38, branches: 304, attributes: 448, etapi_tokens: 0, blobs: 271
22:06:21.209 All consistency checks passed with no errors detected (took 21ms)
23:06:21.190 Table counts: notes: 301, revisions: 59, attachments: 38, branches: 304, attributes: 448, etapi_tokens: 0, blobs: 271
23:06:21.208 All consistency checks passed with no errors detected (took 18ms)
