00:00:16.255 No connection to sync server.
00:01:16.248 No connection to sync server.
00:02:16.258 No connection to sync server.
00:03:16.244 No connection to sync server.
00:04:16.252 No connection to sync server.
00:05:16.257 No connection to sync server.
00:06:16.255 No connection to sync server.
00:07:16.262 No connection to sync server.
00:08:16.258 No connection to sync server.
00:09:16.257 No connection to sync server.
00:10:16.263 No connection to sync server.
00:11:16.264 No connection to sync server.
00:12:16.257 No connection to sync server.
00:13:16.273 No connection to sync server.
00:14:16.259 No connection to sync server.
00:15:16.265 No connection to sync server.
00:16:16.264 No connection to sync server.
00:17:06.685 Table counts: notes: 308, revisions: 122, attachments: 66, branches: 311, attributes: 457, etapi_tokens: 0, blobs: 333
00:17:06.706 All consistency checks passed with no errors detected (took 22ms)
00:17:16.266 No connection to sync server.
00:18:16.267 No connection to sync server.
00:19:16.272 No connection to sync server.
00:20:16.269 No connection to sync server.
00:21:16.272 No connection to sync server.
00:22:16.268 No connection to sync server.
00:23:16.279 No connection to sync server.
00:24:16.296 No connection to sync server.
00:25:16.306 No connection to sync server.
00:26:16.343 No connection to sync server.
00:27:16.351 No connection to sync server.
00:28:16.365 No connection to sync server.
00:29:16.373 No connection to sync server.
00:30:16.369 No connection to sync server.
00:31:16.402 No connection to sync server.
00:32:16.410 No connection to sync server.
00:33:16.426 No connection to sync server.
00:34:16.432 No connection to sync server.
00:35:16.457 No connection to sync server.
00:36:16.474 No connection to sync server.
00:37:16.480 No connection to sync server.
00:38:16.502 No connection to sync server.
00:39:16.522 No connection to sync server.
00:40:16.534 No connection to sync server.
00:41:16.562 No connection to sync server.
00:42:16.578 No connection to sync server.
00:43:16.589 No connection to sync server.
00:44:16.614 No connection to sync server.
00:45:16.626 No connection to sync server.
00:46:16.641 No connection to sync server.
00:47:16.638 No connection to sync server.
00:48:16.664 No connection to sync server.
00:49:16.674 No connection to sync server.
00:50:16.689 No connection to sync server.
00:51:16.715 No connection to sync server.
00:52:16.721 No connection to sync server.
00:53:16.739 No connection to sync server.
00:54:16.768 No connection to sync server.
00:55:16.776 No connection to sync server.
00:56:16.804 No connection to sync server.
00:57:16.812 No connection to sync server.
00:58:16.818 No connection to sync server.
00:59:16.858 No connection to sync server.
01:00:16.860 No connection to sync server.
01:01:16.873 No connection to sync server.
01:02:16.886 No connection to sync server.
01:03:16.906 No connection to sync server.
01:04:16.903 No connection to sync server.
01:05:16.938 No connection to sync server.
01:06:16.941 No connection to sync server.
01:07:16.968 No connection to sync server.
01:08:16.975 No connection to sync server.
01:09:17.007 No connection to sync server.
01:10:17.017 No connection to sync server.
01:11:17.025 No connection to sync server.
01:12:17.037 No connection to sync server.
01:13:17.061 No connection to sync server.
01:14:17.081 No connection to sync server.
01:15:17.085 No connection to sync server.
01:16:17.108 No connection to sync server.
01:17:06.688 Table counts: notes: 308, revisions: 122, attachments: 66, branches: 311, attributes: 457, etapi_tokens: 0, blobs: 333
01:17:06.703 All consistency checks passed with no errors detected (took 16ms)
01:17:17.112 No connection to sync server.
01:18:17.118 No connection to sync server.
01:19:17.147 No connection to sync server.
01:20:17.144 No connection to sync server.
01:21:17.174 No connection to sync server.
01:22:17.176 No connection to sync server.
01:23:17.205 No connection to sync server.
01:24:17.205 No connection to sync server.
01:25:17.239 No connection to sync server.
01:26:17.235 No connection to sync server.
01:27:17.270 No connection to sync server.
01:28:17.272 No connection to sync server.
01:29:17.299 No connection to sync server.
01:30:17.296 No connection to sync server.
01:31:17.330 No connection to sync server.
01:32:17.330 No connection to sync server.
01:33:17.358 No connection to sync server.
01:34:17.365 No connection to sync server.
01:35:17.386 No connection to sync server.
01:36:17.400 No connection to sync server.
01:37:17.410 No connection to sync server.
01:38:17.414 No connection to sync server.
01:39:17.453 No connection to sync server.
01:40:17.444 No connection to sync server.
01:41:17.484 No connection to sync server.
01:42:17.477 No connection to sync server.
01:43:17.513 No connection to sync server.
01:44:17.516 No connection to sync server.
01:45:17.537 No connection to sync server.
01:46:17.539 No connection to sync server.
01:47:17.544 No connection to sync server.
01:48:17.568 No connection to sync server.
01:49:17.589 No connection to sync server.
01:50:17.602 No connection to sync server.
01:51:17.612 No connection to sync server.
01:52:17.618 No connection to sync server.
01:53:17.647 No connection to sync server.
01:54:17.655 No connection to sync server.
01:55:17.669 No connection to sync server.
01:56:17.679 No connection to sync server.
01:57:17.693 No connection to sync server.
01:58:17.706 No connection to sync server.
01:59:17.723 No connection to sync server.
02:00:17.737 No connection to sync server.
02:01:17.758 No connection to sync server.
02:02:17.748 No connection to sync server.
02:03:17.778 No connection to sync server.
02:04:17.798 No connection to sync server.
02:05:17.820 No connection to sync server.
02:06:17.821 No connection to sync server.
02:07:17.836 No connection to sync server.
02:08:17.846 No connection to sync server.
02:09:17.879 No connection to sync server.
02:10:17.887 No connection to sync server.
02:11:17.897 No connection to sync server.
02:12:17.920 No connection to sync server.
02:13:17.922 No connection to sync server.
02:14:17.958 No connection to sync server.
02:15:17.953 No connection to sync server.
02:16:17.990 No connection to sync server.
02:17:06.618 Optimizing database
02:17:06.619 Optimization finished in 0ms.
02:17:06.688 Table counts: notes: 308, revisions: 122, attachments: 66, branches: 311, attributes: 457, etapi_tokens: 0, blobs: 333
02:17:06.709 All consistency checks passed with no errors detected (took 22ms)
02:17:18.012 No connection to sync server.
02:18:18.008 No connection to sync server.
02:19:18.055 No connection to sync server.
02:20:18.040 No connection to sync server.
02:21:18.045 No connection to sync server.
02:22:18.064 No connection to sync server.
02:23:18.080 No connection to sync server.
02:24:18.090 No connection to sync server.
02:25:18.119 No connection to sync server.
02:26:18.133 No connection to sync server.
02:27:18.153 No connection to sync server.
02:28:18.142 No connection to sync server.
02:29:18.179 No connection to sync server.
02:30:18.183 No connection to sync server.
02:31:18.208 No connection to sync server.
02:32:18.214 No connection to sync server.
02:33:18.238 No connection to sync server.
02:34:18.238 No connection to sync server.
02:35:18.272 No connection to sync server.
02:36:18.267 No connection to sync server.
02:37:18.290 No connection to sync server.
02:38:18.296 No connection to sync server.
02:39:18.337 No connection to sync server.
02:40:18.338 No connection to sync server.
02:41:18.349 No connection to sync server.
02:42:18.360 No connection to sync server.
02:43:18.385 No connection to sync server.
02:44:18.382 No connection to sync server.
02:45:18.425 No connection to sync server.
02:46:18.420 No connection to sync server.
02:47:18.433 No connection to sync server.
02:48:18.439 No connection to sync server.
02:49:18.468 No connection to sync server.
02:50:18.465 No connection to sync server.
02:51:18.485 No connection to sync server.
02:52:18.494 No connection to sync server.
02:53:18.522 No connection to sync server.
02:54:18.526 No connection to sync server.
02:55:18.544 No connection to sync server.
02:56:18.559 No connection to sync server.
02:57:18.572 No connection to sync server.
02:58:18.584 No connection to sync server.
02:59:18.588 No connection to sync server.
03:00:18.605 No connection to sync server.
03:01:18.611 No connection to sync server.
03:02:18.605 No connection to sync server.
03:03:18.632 No connection to sync server.
03:04:18.638 No connection to sync server.
03:05:18.661 No connection to sync server.
03:06:18.670 No connection to sync server.
03:07:18.704 No connection to sync server.
03:08:18.720 No connection to sync server.
03:09:18.704 No connection to sync server.
03:10:18.708 No connection to sync server.
03:11:18.733 No connection to sync server.
03:12:18.734 No connection to sync server.
03:13:18.767 No connection to sync server.
03:14:18.766 No connection to sync server.
03:15:18.765 No connection to sync server.
03:16:18.804 No connection to sync server.
03:17:06.688 Table counts: notes: 308, revisions: 122, attachments: 66, branches: 311, attributes: 457, etapi_tokens: 0, blobs: 333
03:17:06.709 All consistency checks passed with no errors detected (took 21ms)
03:17:18.793 No connection to sync server.
03:18:18.806 No connection to sync server.
03:19:18.827 No connection to sync server.
03:20:18.822 No connection to sync server.
03:21:18.854 No connection to sync server.
03:22:18.857 No connection to sync server.
03:23:18.884 No connection to sync server.
03:24:18.892 No connection to sync server.
03:25:18.919 No connection to sync server.
03:26:18.917 No connection to sync server.
03:27:18.955 No connection to sync server.
03:28:18.954 No connection to sync server.
03:29:18.980 No connection to sync server.
03:30:18.986 No connection to sync server.
03:31:18.991 No connection to sync server.
03:32:18.993 No connection to sync server.
03:33:19.022 No connection to sync server.
03:34:19.029 No connection to sync server.
03:35:19.042 No connection to sync server.
03:36:19.050 No connection to sync server.
03:37:19.081 No connection to sync server.
03:38:19.082 No connection to sync server.
03:39:19.108 No connection to sync server.
03:40:19.112 No connection to sync server.
03:41:19.118 No connection to sync server.
03:42:19.126 No connection to sync server.
03:43:19.145 No connection to sync server.
03:44:19.154 No connection to sync server.
03:45:19.182 No connection to sync server.
03:46:19.182 No connection to sync server.
03:47:19.198 No connection to sync server.
03:48:19.217 No connection to sync server.
03:49:19.237 No connection to sync server.
03:50:19.248 No connection to sync server.
03:51:19.249 No connection to sync server.
03:52:19.275 No connection to sync server.
03:53:19.281 No connection to sync server.
03:54:19.313 No connection to sync server.
03:55:19.303 No connection to sync server.
03:56:19.325 No connection to sync server.
03:57:19.340 No connection to sync server.
03:58:19.362 No connection to sync server.
03:59:19.368 No connection to sync server.
04:00:19.393 No connection to sync server.
04:01:19.387 No connection to sync server.
04:02:19.408 No connection to sync server.
04:03:19.437 No connection to sync server.
04:04:19.441 No connection to sync server.
04:05:19.456 No connection to sync server.
04:06:19.464 No connection to sync server.
04:07:19.495 No connection to sync server.
04:08:19.492 No connection to sync server.
04:09:19.516 No connection to sync server.
04:10:19.532 No connection to sync server.
04:11:19.725 No connection to sync server.
04:12:19.552 No connection to sync server.
04:13:19.574 No connection to sync server.
04:14:19.573 No connection to sync server.
04:15:19.600 No connection to sync server.
04:16:19.612 No connection to sync server.
04:17:06.689 Table counts: notes: 308, revisions: 122, attachments: 66, branches: 311, attributes: 457, etapi_tokens: 0, blobs: 333
04:17:06.707 All consistency checks passed with no errors detected (took 19ms)
04:17:19.618 No connection to sync server.
04:18:19.636 No connection to sync server.
04:19:19.856 No connection to sync server.
04:20:19.677 No connection to sync server.
04:21:19.672 No connection to sync server.
04:22:19.678 No connection to sync server.
04:23:19.702 No connection to sync server.
04:24:19.719 No connection to sync server.
04:25:19.725 No connection to sync server.
04:26:19.740 No connection to sync server.
04:27:19.770 No connection to sync server.
04:28:19.781 No connection to sync server.
04:29:19.797 No connection to sync server.
04:30:19.803 No connection to sync server.
04:31:19.838 No connection to sync server.
04:32:19.821 No connection to sync server.
04:33:19.831 No connection to sync server.
04:34:19.822 No connection to sync server.
04:35:19.858 No connection to sync server.
04:36:19.864 No connection to sync server.
04:37:19.882 No connection to sync server.
04:38:19.888 No connection to sync server.
04:39:19.924 No connection to sync server.
04:40:19.924 No connection to sync server.
04:41:19.942 No connection to sync server.
04:42:19.942 No connection to sync server.
04:43:19.960 No connection to sync server.
04:44:19.976 No connection to sync server.
04:45:19.980 No connection to sync server.
04:46:19.989 No connection to sync server.
04:47:19.995 No connection to sync server.
04:48:20.026 No connection to sync server.
04:49:20.022 No connection to sync server.
04:50:20.053 No connection to sync server.
04:51:20.060 No connection to sync server.
04:52:20.084 No connection to sync server.
04:53:20.081 No connection to sync server.
04:54:20.111 No connection to sync server.
04:55:20.117 No connection to sync server.
04:56:20.141 No connection to sync server.
04:57:20.148 No connection to sync server.
04:58:20.183 No connection to sync server.
04:59:20.165 No connection to sync server.
05:00:20.190 No connection to sync server.
05:01:20.194 No connection to sync server.
05:02:20.205 No connection to sync server.
05:03:20.232 No connection to sync server.
05:04:20.249 No connection to sync server.
05:05:20.264 No connection to sync server.
05:06:20.274 No connection to sync server.
05:07:20.280 No connection to sync server.
05:08:20.304 No connection to sync server.
05:09:20.308 No connection to sync server.
05:10:20.337 No connection to sync server.
05:11:20.345 No connection to sync server.
05:12:20.354 No connection to sync server.
05:13:20.366 No connection to sync server.
05:14:20.373 No connection to sync server.
05:15:20.400 No connection to sync server.
05:16:20.404 No connection to sync server.
05:17:06.693 Table counts: notes: 308, revisions: 122, attachments: 66, branches: 311, attributes: 457, etapi_tokens: 0, blobs: 333
05:17:06.718 All consistency checks passed with no errors detected (took 25ms)
05:17:20.416 No connection to sync server.
05:18:20.433 No connection to sync server.
05:19:20.443 No connection to sync server.
05:20:20.456 No connection to sync server.
05:21:20.467 No connection to sync server.
05:22:20.747 No connection to sync server.
05:23:20.492 No connection to sync server.
05:24:20.529 No connection to sync server.
05:25:20.528 No connection to sync server.
05:26:20.548 No connection to sync server.
05:27:20.564 No connection to sync server.
05:28:20.573 No connection to sync server.
05:29:20.586 No connection to sync server.
05:30:20.610 No connection to sync server.
05:31:20.616 No connection to sync server.
05:32:20.617 No connection to sync server.
05:33:20.654 No connection to sync server.
05:34:20.648 No connection to sync server.
05:35:20.674 No connection to sync server.
05:36:20.678 No connection to sync server.
05:37:20.705 No connection to sync server.
05:38:20.708 No connection to sync server.
05:39:20.732 No connection to sync server.
05:40:20.740 No connection to sync server.
05:41:20.753 No connection to sync server.
05:42:20.764 No connection to sync server.
05:43:20.795 No connection to sync server.
05:44:20.797 No connection to sync server.
05:45:20.818 No connection to sync server.
05:46:20.831 No connection to sync server.
05:47:20.835 No connection to sync server.
05:48:20.851 No connection to sync server.
05:49:20.859 No connection to sync server.
05:50:20.865 No connection to sync server.
05:51:20.892 No connection to sync server.
05:52:20.890 No connection to sync server.
05:53:20.924 No connection to sync server.
05:54:20.930 No connection to sync server.
05:55:20.942 No connection to sync server.
05:56:20.958 No connection to sync server.
05:57:20.981 No connection to sync server.
05:58:20.985 No connection to sync server.
05:59:21.007 No connection to sync server.
06:00:21.013 No connection to sync server.
06:01:21.028 No connection to sync server.
06:02:21.042 No connection to sync server.
06:03:21.056 No connection to sync server.
06:04:21.064 No connection to sync server.
06:05:21.084 No connection to sync server.
06:06:21.092 No connection to sync server.
06:07:21.112 No connection to sync server.
06:08:21.129 No connection to sync server.
06:09:21.133 No connection to sync server.
06:10:21.145 No connection to sync server.
06:11:21.163 No connection to sync server.
06:12:21.178 No connection to sync server.
06:13:21.168 No connection to sync server.
06:14:21.198 No connection to sync server.
06:15:21.202 No connection to sync server.
06:16:21.212 No connection to sync server.
06:17:06.693 Table counts: notes: 308, revisions: 122, attachments: 66, branches: 311, attributes: 457, etapi_tokens: 0, blobs: 333
06:17:06.708 All consistency checks passed with no errors detected (took 14ms)
06:17:21.216 No connection to sync server.
06:18:21.247 No connection to sync server.
06:19:21.243 No connection to sync server.
06:20:21.263 No connection to sync server.
06:21:21.268 No connection to sync server.
06:22:21.287 No connection to sync server.
06:23:21.296 No connection to sync server.
06:24:21.323 No connection to sync server.
06:25:21.316 No connection to sync server.
06:26:21.340 No connection to sync server.
06:27:21.352 No connection to sync server.
06:28:21.377 No connection to sync server.
06:29:21.376 No connection to sync server.
06:30:21.411 No connection to sync server.
06:31:21.409 No connection to sync server.
06:32:21.434 No connection to sync server.
06:33:21.439 No connection to sync server.
06:34:21.451 No connection to sync server.
06:35:21.489 No connection to sync server.
06:36:21.469 No connection to sync server.
06:37:21.497 No connection to sync server.
06:38:21.500 No connection to sync server.
06:39:21.524 No connection to sync server.
06:40:21.534 No connection to sync server.
06:41:21.558 No connection to sync server.
06:42:21.568 No connection to sync server.
06:43:21.582 No connection to sync server.
06:44:21.603 No connection to sync server.
06:45:21.603 No connection to sync server.
06:46:21.623 No connection to sync server.
06:47:21.632 No connection to sync server.
06:48:21.646 No connection to sync server.
06:49:21.652 No connection to sync server.
06:50:21.669 No connection to sync server.
06:51:21.675 No connection to sync server.
06:52:21.698 No connection to sync server.
06:53:21.701 No connection to sync server.
06:54:21.716 No connection to sync server.
06:55:21.728 No connection to sync server.
06:56:21.750 No connection to sync server.
06:57:21.750 No connection to sync server.
06:58:21.774 No connection to sync server.
06:59:21.790 No connection to sync server.
07:00:21.798 No connection to sync server.
07:01:21.813 No connection to sync server.
07:02:21.827 No connection to sync server.
07:03:21.834 No connection to sync server.
07:04:21.848 No connection to sync server.
07:05:21.866 No connection to sync server.
07:06:21.873 No connection to sync server.
07:07:21.912 No connection to sync server.
07:08:21.905 No connection to sync server.
07:09:21.919 No connection to sync server.
07:10:21.917 No connection to sync server.
07:11:22.008 No connection to sync server.
07:12:21.956 No connection to sync server.
07:13:21.970 No connection to sync server.
07:14:21.986 No connection to sync server.
07:15:22.004 No connection to sync server.
07:16:21.996 No connection to sync server.
07:17:06.698 Table counts: notes: 308, revisions: 122, attachments: 66, branches: 311, attributes: 457, etapi_tokens: 0, blobs: 333
07:17:06.713 All consistency checks passed with no errors detected (took 15ms)
07:17:22.003 No connection to sync server.
07:18:22.030 No connection to sync server.
07:19:22.031 No connection to sync server.
07:20:22.057 No connection to sync server.
07:21:22.060 No connection to sync server.
07:22:22.090 No connection to sync server.
07:23:22.089 No connection to sync server.
07:24:22.113 No connection to sync server.
07:25:22.113 No connection to sync server.
07:26:22.137 No connection to sync server.
07:27:22.141 No connection to sync server.
07:28:22.165 No connection to sync server.
07:29:22.161 No connection to sync server.
07:30:22.172 No connection to sync server.
07:31:22.182 No connection to sync server.
07:32:22.186 No connection to sync server.
07:33:22.203 No connection to sync server.
07:34:22.197 No connection to sync server.
07:35:22.220 No connection to sync server.
07:36:22.211 No connection to sync server.
07:37:22.224 No connection to sync server.
07:38:22.238 No connection to sync server.
07:39:22.472 No connection to sync server.
07:40:22.258 No connection to sync server.
07:41:22.257 No connection to sync server.
07:42:22.281 No connection to sync server.
07:43:22.294 No connection to sync server.
07:44:22.308 No connection to sync server.
07:45:22.319 No connection to sync server.
07:46:22.339 No connection to sync server.
07:47:22.337 No connection to sync server.
07:48:22.368 No connection to sync server.
07:49:22.357 No connection to sync server.
07:50:22.386 No connection to sync server.
07:51:22.389 No connection to sync server.
07:52:22.409 No connection to sync server.
07:53:22.409 No connection to sync server.
07:54:22.438 No connection to sync server.
07:55:22.452 No connection to sync server.
07:56:22.461 No connection to sync server.
07:57:22.472 No connection to sync server.
07:58:22.478 No connection to sync server.
07:59:22.589 No connection to sync server.
08:00:22.514 No connection to sync server.
08:01:22.522 No connection to sync server.
08:02:22.529 No connection to sync server.
08:03:22.552 No connection to sync server.
08:04:22.549 No connection to sync server.
08:05:22.572 No connection to sync server.
08:06:22.583 No connection to sync server.
08:07:22.606 No connection to sync server.
08:08:22.615 No connection to sync server.
08:09:22.633 No connection to sync server.
08:10:22.636 No connection to sync server.
08:11:22.657 No connection to sync server.
08:12:22.656 No connection to sync server.
08:13:22.679 No connection to sync server.
08:14:22.688 No connection to sync server.
08:15:22.703 No connection to sync server.
08:16:22.719 No connection to sync server.
08:17:06.701 Table counts: notes: 308, revisions: 122, attachments: 66, branches: 311, attributes: 457, etapi_tokens: 0, blobs: 333
08:17:06.719 All consistency checks passed with no errors detected (took 18ms)
08:17:22.725 No connection to sync server.
08:18:22.748 No connection to sync server.
08:19:22.745 No connection to sync server.
08:20:22.779 No connection to sync server.
08:21:22.768 No connection to sync server.
08:22:22.808 No connection to sync server.
08:23:22.804 No connection to sync server.
08:24:22.806 No connection to sync server.
08:25:22.834 No connection to sync server.
08:26:22.831 No connection to sync server.
08:27:22.849 No connection to sync server.
08:28:22.859 No connection to sync server.
08:29:22.875 No connection to sync server.
08:30:22.886 No connection to sync server.
08:31:22.897 No connection to sync server.
08:32:22.896 No connection to sync server.
08:33:22.918 No connection to sync server.
08:34:22.930 No connection to sync server.
08:35:22.942 No connection to sync server.
08:36:22.947 No connection to sync server.
08:37:22.962 No connection to sync server.
08:38:22.973 No connection to sync server.
08:39:22.986 No connection to sync server.
08:40:22.993 No connection to sync server.
08:41:23.011 No connection to sync server.
08:42:23.037 No connection to sync server.
08:43:23.059 No connection to sync server.
08:44:23.057 No connection to sync server.
08:45:23.064 No connection to sync server.
08:46:23.080 No connection to sync server.
08:47:23.085 No connection to sync server.
08:48:23.107 No connection to sync server.
08:49:23.107 No connection to sync server.
08:50:23.117 No connection to sync server.
08:51:23.124 No connection to sync server.
08:52:23.152 No connection to sync server.
08:53:23.151 No connection to sync server.
08:54:23.169 No connection to sync server.
08:55:23.171 No connection to sync server.
08:56:23.185 No connection to sync server.
08:57:23.199 No connection to sync server.
08:58:23.208 No connection to sync server.
08:59:23.422 No connection to sync server.
09:00:23.236 No connection to sync server.
09:01:23.246 No connection to sync server.
09:02:23.261 No connection to sync server.
09:03:23.275 No connection to sync server.
09:04:23.269 No connection to sync server.
09:05:23.289 No connection to sync server.
09:06:23.301 No connection to sync server.
09:07:23.321 No connection to sync server.
09:08:23.321 No connection to sync server.
09:09:23.345 No connection to sync server.
09:10:23.343 No connection to sync server.
09:11:23.365 No connection to sync server.
09:12:23.370 No connection to sync server.
09:13:23.388 No connection to sync server.
09:14:23.392 No connection to sync server.
09:15:23.401 No connection to sync server.
09:16:23.414 No connection to sync server.
09:17:06.705 Table counts: notes: 308, revisions: 122, attachments: 66, branches: 311, attributes: 457, etapi_tokens: 0, blobs: 333
09:17:06.723 All consistency checks passed with no errors detected (took 19ms)
09:17:23.415 No connection to sync server.
09:18:23.438 No connection to sync server.
09:19:23.439 No connection to sync server.
09:20:23.470 No connection to sync server.
09:21:23.469 No connection to sync server.
09:22:23.496 No connection to sync server.
09:23:23.495 No connection to sync server.
09:24:23.519 No connection to sync server.
09:25:23.520 No connection to sync server.
09:25:39.559 Error: Router not found for request GET //wp-includes/wlwmanifest.xml
09:25:39.767 Error: Router not found for request GET //xmlrpc.php?rsd
09:25:40.182 Error: Router not found for request GET //blog/wp-includes/wlwmanifest.xml
09:25:40.388 Error: Router not found for request GET //web/wp-includes/wlwmanifest.xml
09:25:40.631 Error: Router not found for request GET //wordpress/wp-includes/wlwmanifest.xml
09:25:40.835 Error: Router not found for request GET //website/wp-includes/wlwmanifest.xml
09:25:41.153 Error: Router not found for request GET //wp/wp-includes/wlwmanifest.xml
09:25:41.396 Error: Router not found for request GET //news/wp-includes/wlwmanifest.xml
09:25:41.600 Error: Router not found for request GET //2018/wp-includes/wlwmanifest.xml
09:25:41.994 Error: Router not found for request GET //2019/wp-includes/wlwmanifest.xml
09:25:42.259 Error: Router not found for request GET //shop/wp-includes/wlwmanifest.xml
09:25:42.466 Error: Router not found for request GET //wp1/wp-includes/wlwmanifest.xml
09:25:42.671 Error: Router not found for request GET //test/wp-includes/wlwmanifest.xml
09:25:42.875 Error: Router not found for request GET //media/wp-includes/wlwmanifest.xml
09:25:43.080 Error: Router not found for request GET //wp2/wp-includes/wlwmanifest.xml
09:25:43.289 Error: Router not found for request GET //site/wp-includes/wlwmanifest.xml
09:25:43.495 Error: Router not found for request GET //cms/wp-includes/wlwmanifest.xml
09:25:43.924 Error: Router not found for request GET //sito/wp-includes/wlwmanifest.xml
09:26:23.543 No connection to sync server.
09:27:23.534 No connection to sync server.
09:28:23.555 No connection to sync server.
09:29:23.569 No connection to sync server.
09:30:23.583 No connection to sync server.
09:31:23.585 No connection to sync server.
09:32:23.608 No connection to sync server.
09:33:23.605 No connection to sync server.
09:34:23.629 No connection to sync server.
09:35:23.629 No connection to sync server.
09:36:23.664 No connection to sync server.
09:37:23.666 No connection to sync server.
09:38:23.676 No connection to sync server.
09:39:23.683 No connection to sync server.
09:40:23.704 No connection to sync server.
09:41:23.709 No connection to sync server.
09:42:23.727 No connection to sync server.
09:43:23.733 No connection to sync server.
09:44:23.757 No connection to sync server.
09:45:23.746 No connection to sync server.
09:46:23.763 No connection to sync server.
09:47:23.771 No connection to sync server.
09:48:23.802 No connection to sync server.
09:49:23.792 No connection to sync server.
09:50:23.793 No connection to sync server.
09:51:23.816 No connection to sync server.
09:52:23.823 No connection to sync server.
09:53:23.838 No connection to sync server.
09:54:23.846 No connection to sync server.
09:55:23.860 No connection to sync server.
09:56:23.857 No connection to sync server.
09:57:23.886 No connection to sync server.
09:58:23.896 No connection to sync server.
09:59:23.907 No connection to sync server.
10:00:24.129 No connection to sync server.
10:01:23.931 No connection to sync server.
10:02:23.933 No connection to sync server.
10:03:23.952 No connection to sync server.
10:04:23.967 No connection to sync server.
10:05:23.981 No connection to sync server.
10:06:23.979 No connection to sync server.
10:07:24.000 No connection to sync server.
10:08:24.013 No connection to sync server.
10:09:24.015 No connection to sync server.
10:10:24.021 No connection to sync server.
10:11:24.036 No connection to sync server.
10:12:24.051 No connection to sync server.
10:13:24.050 No connection to sync server.
10:14:24.078 No connection to sync server.
10:15:24.085 No connection to sync server.
10:16:24.106 No connection to sync server.
10:17:06.752 Created backup at /root/.local/share/trilium-data/backup/backup-weekly.db
10:17:06.753 Table counts: notes: 308, revisions: 122, attachments: 66, branches: 311, attributes: 457, etapi_tokens: 0, blobs: 333
10:17:06.777 All consistency checks passed with no errors detected (took 24ms)
10:17:24.091 No connection to sync server.
10:18:24.114 No connection to sync server.
10:19:24.108 No connection to sync server.
10:20:24.137 No connection to sync server.
10:21:24.142 No connection to sync server.
10:22:24.150 No connection to sync server.
10:23:24.158 No connection to sync server.
10:24:24.176 No connection to sync server.
10:25:24.191 No connection to sync server.
10:26:24.192 No connection to sync server.
10:27:24.204 No connection to sync server.
10:28:24.207 No connection to sync server.
10:29:24.228 No connection to sync server.
10:30:24.229 No connection to sync server.
10:31:24.254 No connection to sync server.
10:32:24.254 No connection to sync server.
10:33:24.282 No connection to sync server.
10:34:24.315 No connection to sync server.
10:35:24.304 No connection to sync server.
10:36:24.294 No connection to sync server.
10:37:24.324 No connection to sync server.
10:38:24.328 No connection to sync server.
10:39:24.338 No connection to sync server.
10:40:24.342 No connection to sync server.
10:41:24.368 No connection to sync server.
10:42:24.382 No connection to sync server.
10:43:24.382 No connection to sync server.
10:44:24.386 No connection to sync server.
10:45:24.403 No connection to sync server.
10:46:24.408 No connection to sync server.
10:47:24.416 No connection to sync server.
10:48:24.433 No connection to sync server.
10:49:24.442 No connection to sync server.
10:50:24.443 No connection to sync server.
10:51:24.470 No connection to sync server.
10:52:24.473 No connection to sync server.
10:53:24.492 No connection to sync server.
10:54:24.498 No connection to sync server.
10:55:24.506 No connection to sync server.
10:56:24.515 No connection to sync server.
10:57:24.529 No connection to sync server.
10:58:24.541 No connection to sync server.
10:59:24.556 No connection to sync server.
11:00:24.558 No connection to sync server.
11:01:24.573 No connection to sync server.
11:02:24.584 No connection to sync server.
11:03:24.608 No connection to sync server.
11:04:24.616 No connection to sync server.
11:05:24.622 No connection to sync server.
11:06:24.631 No connection to sync server.
11:07:24.652 No connection to sync server.
11:08:24.645 No connection to sync server.
11:09:24.649 No connection to sync server.
11:10:24.674 No connection to sync server.
11:11:24.676 No connection to sync server.
11:12:24.698 No connection to sync server.
11:13:24.700 No connection to sync server.
11:14:24.709 No connection to sync server.
11:15:24.716 No connection to sync server.
11:16:24.731 No connection to sync server.
11:17:06.706 Table counts: notes: 308, revisions: 122, attachments: 66, branches: 311, attributes: 457, etapi_tokens: 0, blobs: 333
11:17:06.732 All consistency checks passed with no errors detected (took 26ms)
11:17:24.745 No connection to sync server.
11:18:24.755 No connection to sync server.
11:19:24.759 No connection to sync server.
11:20:24.776 No connection to sync server.
11:21:24.781 No connection to sync server.
11:22:24.808 No connection to sync server.
11:23:24.813 No connection to sync server.
11:24:24.817 No connection to sync server.
11:25:24.825 No connection to sync server.
11:26:24.839 No connection to sync server.
11:27:24.858 No connection to sync server.
11:28:24.868 No connection to sync server.
11:29:24.866 No connection to sync server.
11:30:24.878 No connection to sync server.
11:31:24.894 No connection to sync server.
11:32:24.906 No connection to sync server.
11:33:24.917 No connection to sync server.
11:34:24.926 No connection to sync server.
11:35:24.937 No connection to sync server.
11:36:24.944 No connection to sync server.
11:37:24.963 No connection to sync server.
11:38:24.962 No connection to sync server.
11:39:24.976 No connection to sync server.
11:40:24.990 No connection to sync server.
11:41:25.000 No connection to sync server.
11:42:25.017 No connection to sync server.
11:43:25.031 No connection to sync server.
11:44:25.035 No connection to sync server.
11:45:25.049 No connection to sync server.
11:46:25.053 No connection to sync server.
11:47:25.081 No connection to sync server.
11:48:25.090 No connection to sync server.
11:49:25.090 No connection to sync server.
11:50:25.104 No connection to sync server.
11:51:25.111 No connection to sync server.
11:52:25.117 No connection to sync server.
11:53:25.126 No connection to sync server.
11:54:25.135 No connection to sync server.
11:55:25.146 No connection to sync server.
11:56:25.150 No connection to sync server.
11:57:25.170 No connection to sync server.
11:58:25.171 No connection to sync server.
11:59:06.996 Error: Router not found for request GET //wp-includes/wlwmanifest.xml
11:59:07.192 Error: Router not found for request GET //xmlrpc.php?rsd
11:59:07.584 Error: Router not found for request GET //blog/wp-includes/wlwmanifest.xml
11:59:07.793 Error: Router not found for request GET //web/wp-includes/wlwmanifest.xml
11:59:07.987 Error: Router not found for request GET //wordpress/wp-includes/wlwmanifest.xml
11:59:08.187 Error: Router not found for request GET //website/wp-includes/wlwmanifest.xml
11:59:08.381 Error: Router not found for request GET //wp/wp-includes/wlwmanifest.xml
11:59:08.580 Error: Router not found for request GET //news/wp-includes/wlwmanifest.xml
11:59:08.796 Error: Router not found for request GET //2018/wp-includes/wlwmanifest.xml
11:59:08.992 Error: Router not found for request GET //2019/wp-includes/wlwmanifest.xml
11:59:09.186 Error: Router not found for request GET //shop/wp-includes/wlwmanifest.xml
11:59:09.381 Error: Router not found for request GET //wp1/wp-includes/wlwmanifest.xml
11:59:09.597 Error: Router not found for request GET //test/wp-includes/wlwmanifest.xml
11:59:09.791 Error: Router not found for request GET //media/wp-includes/wlwmanifest.xml
11:59:09.990 Error: Router not found for request GET //wp2/wp-includes/wlwmanifest.xml
11:59:10.184 Error: Router not found for request GET //site/wp-includes/wlwmanifest.xml
11:59:10.382 Error: Router not found for request GET //cms/wp-includes/wlwmanifest.xml
11:59:10.576 Error: Router not found for request GET //sito/wp-includes/wlwmanifest.xml
11:59:25.181 No connection to sync server.
12:00:25.175 No connection to sync server.
12:01:25.201 No connection to sync server.
12:02:25.204 No connection to sync server.
12:03:25.228 No connection to sync server.
12:04:25.219 No connection to sync server.
12:05:25.229 No connection to sync server.
12:06:25.232 No connection to sync server.
12:07:25.234 No connection to sync server.
12:08:25.267 No connection to sync server.
12:09:25.266 No connection to sync server.
12:10:25.268 No connection to sync server.
12:11:25.283 No connection to sync server.
12:12:25.284 No connection to sync server.
12:13:25.292 No connection to sync server.
12:14:25.299 No connection to sync server.
12:15:25.321 No connection to sync server.
12:16:25.324 No connection to sync server.
12:17:06.622 Optimizing database
12:17:06.623 Optimization finished in 1ms.
12:17:06.706 Table counts: notes: 308, revisions: 122, attachments: 66, branches: 311, attributes: 457, etapi_tokens: 0, blobs: 333
12:17:06.727 All consistency checks passed with no errors detected (took 22ms)
12:17:25.339 No connection to sync server.
12:18:25.346 No connection to sync server.
12:19:25.368 No connection to sync server.
12:20:25.364 No connection to sync server.
12:21:25.380 No connection to sync server.
12:22:25.379 No connection to sync server.
12:23:25.390 No connection to sync server.
12:24:25.413 No connection to sync server.
12:25:25.416 No connection to sync server.
12:26:25.423 No connection to sync server.
12:27:25.444 No connection to sync server.
12:28:25.437 No connection to sync server.
12:29:25.451 No connection to sync server.
12:30:25.456 No connection to sync server.
12:31:25.476 No connection to sync server.
12:32:25.478 No connection to sync server.
12:33:25.494 No connection to sync server.
12:34:25.500 No connection to sync server.
12:35:25.506 No connection to sync server.
12:36:25.516 No connection to sync server.
12:37:25.530 No connection to sync server.
12:38:25.532 No connection to sync server.
12:39:25.558 No connection to sync server.
12:40:25.563 No connection to sync server.
12:41:25.558 No connection to sync server.
12:42:25.577 No connection to sync server.
12:43:25.632 No connection to sync server.
12:44:25.593 No connection to sync server.
12:45:25.598 No connection to sync server.
12:46:25.616 No connection to sync server.
12:47:25.626 No connection to sync server.
12:48:25.631 No connection to sync server.
12:49:25.640 No connection to sync server.
12:50:25.652 No connection to sync server.
12:51:25.645 No connection to sync server.
12:52:25.678 No connection to sync server.
12:53:25.670 No connection to sync server.
12:54:25.687 No connection to sync server.
12:55:25.694 No connection to sync server.
12:56:25.700 No connection to sync server.
12:57:25.718 No connection to sync server.
12:58:25.728 No connection to sync server.
12:59:25.745 No connection to sync server.
13:00:25.746 No connection to sync server.
13:01:25.749 No connection to sync server.
13:02:25.761 No connection to sync server.
13:03:25.761 No connection to sync server.
13:04:25.778 No connection to sync server.
13:05:25.781 No connection to sync server.
13:06:25.802 No connection to sync server.
13:07:25.818 No connection to sync server.
13:08:25.819 No connection to sync server.
13:09:25.842 No connection to sync server.
13:10:25.844 No connection to sync server.
13:11:25.841 No connection to sync server.
13:12:25.865 No connection to sync server.
13:13:25.862 No connection to sync server.
13:14:25.863 No connection to sync server.
13:15:25.883 No connection to sync server.
13:16:25.889 No connection to sync server.
13:17:06.708 Table counts: notes: 308, revisions: 122, attachments: 66, branches: 311, attributes: 457, etapi_tokens: 0, blobs: 333
13:17:06.727 All consistency checks passed with no errors detected (took 19ms)
13:17:25.902 No connection to sync server.
13:18:25.899 No connection to sync server.
13:19:25.917 No connection to sync server.
13:20:25.915 No connection to sync server.
13:21:25.924 No connection to sync server.
13:22:25.947 No connection to sync server.
13:23:25.946 No connection to sync server.
13:24:25.966 No connection to sync server.
13:25:25.975 No connection to sync server.
13:26:25.978 No connection to sync server.
13:27:25.983 No connection to sync server.
13:28:25.999 No connection to sync server.
13:29:26.009 No connection to sync server.
13:30:26.019 No connection to sync server.
13:31:26.013 No connection to sync server.
13:32:26.030 No connection to sync server.
13:33:26.043 No connection to sync server.
13:34:26.061 No connection to sync server.
13:35:26.058 No connection to sync server.
13:36:26.073 No connection to sync server.
13:37:26.075 No connection to sync server.
13:38:26.093 No connection to sync server.
13:39:26.103 No connection to sync server.
13:40:26.103 No connection to sync server.
13:41:26.118 No connection to sync server.
13:42:26.129 No connection to sync server.
13:43:26.135 No connection to sync server.
13:44:26.142 No connection to sync server.
13:45:26.146 No connection to sync server.
13:46:26.157 No connection to sync server.
13:47:26.165 No connection to sync server.
13:48:26.168 No connection to sync server.
13:49:26.209 No connection to sync server.
13:50:26.191 No connection to sync server.
13:51:26.197 No connection to sync server.
13:52:26.220 No connection to sync server.
13:53:26.220 No connection to sync server.
13:54:26.233 No connection to sync server.
13:55:26.244 No connection to sync server.
13:56:26.239 No connection to sync server.
13:57:26.253 No connection to sync server.
13:58:26.255 No connection to sync server.
13:59:26.277 No connection to sync server.
14:00:26.269 No connection to sync server.
14:01:26.291 No connection to sync server.
14:02:26.293 No connection to sync server.
14:03:26.312 No connection to sync server.
14:04:26.302 No connection to sync server.
14:05:26.334 No connection to sync server.
14:06:26.325 No connection to sync server.
14:07:26.334 No connection to sync server.
14:08:26.339 No connection to sync server.
14:09:26.360 No connection to sync server.
14:10:26.375 No connection to sync server.
14:11:26.375 No connection to sync server.
14:12:26.369 No connection to sync server.
14:13:26.382 No connection to sync server.
14:14:26.394 No connection to sync server.
14:15:26.387 No connection to sync server.
14:16:26.410 No connection to sync server.
14:17:06.709 Table counts: notes: 308, revisions: 122, attachments: 66, branches: 311, attributes: 457, etapi_tokens: 0, blobs: 333
14:17:06.726 All consistency checks passed with no errors detected (took 18ms)
14:17:26.410 No connection to sync server.
14:18:26.422 No connection to sync server.
14:19:26.437 No connection to sync server.
14:20:26.446 No connection to sync server.
14:21:26.447 No connection to sync server.
14:22:26.462 No connection to sync server.
14:23:26.467 No connection to sync server.
14:24:26.483 No connection to sync server.
14:25:26.481 No connection to sync server.
14:26:26.494 No connection to sync server.
14:27:26.496 No connection to sync server.
14:28:26.503 No connection to sync server.
14:29:26.519 No connection to sync server.
14:30:26.516 No connection to sync server.
14:31:26.523 No connection to sync server.
14:32:26.536 No connection to sync server.
14:33:26.535 No connection to sync server.
14:34:26.541 No connection to sync server.
14:35:26.550 No connection to sync server.
14:36:26.578 No connection to sync server.
14:37:26.564 No connection to sync server.
14:38:26.583 No connection to sync server.
14:39:26.594 No connection to sync server.
14:40:26.594 No connection to sync server.
14:41:26.597 No connection to sync server.
14:42:26.612 No connection to sync server.
14:43:26.622 No connection to sync server.
14:44:26.626 No connection to sync server.
14:45:26.637 No connection to sync server.
14:46:26.644 No connection to sync server.
14:47:26.656 No connection to sync server.
14:48:26.654 No connection to sync server.
14:49:26.678 No connection to sync server.
14:50:26.679 No connection to sync server.
14:51:26.681 No connection to sync server.
14:52:26.685 No connection to sync server.
14:53:26.705 No connection to sync server.
14:54:26.702 No connection to sync server.
14:55:26.716 No connection to sync server.
14:56:26.717 No connection to sync server.
14:57:26.716 No connection to sync server.
14:58:26.732 No connection to sync server.
14:59:26.738 No connection to sync server.
15:00:26.750 No connection to sync server.
15:01:26.748 No connection to sync server.
15:02:26.754 No connection to sync server.
15:03:26.774 No connection to sync server.
15:04:26.777 No connection to sync server.
15:05:26.784 No connection to sync server.
15:06:26.783 No connection to sync server.
15:07:26.797 No connection to sync server.
15:08:26.803 No connection to sync server.
15:09:26.817 No connection to sync server.
15:10:26.813 No connection to sync server.
15:11:26.828 No connection to sync server.
15:12:26.832 No connection to sync server.
15:13:26.853 No connection to sync server.
15:14:26.845 No connection to sync server.
15:15:26.862 No connection to sync server.
15:16:26.870 No connection to sync server.
15:17:06.713 Table counts: notes: 308, revisions: 122, attachments: 66, branches: 311, attributes: 457, etapi_tokens: 0, blobs: 333
15:17:06.732 All consistency checks passed with no errors detected (took 19ms)
15:17:26.870 No connection to sync server.
15:18:26.881 No connection to sync server.
15:19:26.885 No connection to sync server.
15:20:26.897 No connection to sync server.
15:21:26.904 No connection to sync server.
15:22:26.908 No connection to sync server.
15:23:26.920 No connection to sync server.
15:24:26.922 No connection to sync server.
15:25:26.936 No connection to sync server.
15:26:26.942 No connection to sync server.
15:27:26.946 No connection to sync server.
15:28:26.964 No connection to sync server.
15:29:26.955 No connection to sync server.
15:30:26.966 No connection to sync server.
15:31:26.973 No connection to sync server.
15:32:26.977 No connection to sync server.
15:33:26.996 No connection to sync server.
15:34:26.999 No connection to sync server.
15:35:27.001 No connection to sync server.
15:36:27.013 No connection to sync server.
15:37:27.016 No connection to sync server.
15:38:27.038 No connection to sync server.
15:39:27.042 No connection to sync server.
15:40:27.044 No connection to sync server.
15:41:27.045 No connection to sync server.
15:42:27.059 No connection to sync server.
15:43:27.068 No connection to sync server.
15:44:27.071 No connection to sync server.
15:45:27.083 No connection to sync server.
15:46:27.094 No connection to sync server.
15:47:27.095 No connection to sync server.
15:48:27.102 No connection to sync server.
15:49:27.107 No connection to sync server.
15:50:27.119 No connection to sync server.
15:51:27.127 No connection to sync server.
15:52:27.118 No connection to sync server.
15:53:27.161 No connection to sync server.
15:54:27.137 No connection to sync server.
15:55:27.163 No connection to sync server.
15:56:27.155 No connection to sync server.
15:57:27.165 No connection to sync server.
15:58:27.180 No connection to sync server.
15:59:27.181 No connection to sync server.
16:00:27.180 No connection to sync server.
16:01:27.190 No connection to sync server.
16:02:27.185 No connection to sync server.
16:03:27.199 No connection to sync server.
16:04:27.202 No connection to sync server.
16:05:27.215 No connection to sync server.
16:06:27.215 No connection to sync server.
16:07:27.226 No connection to sync server.
16:08:27.232 No connection to sync server.
16:09:27.243 No connection to sync server.
16:10:27.247 No connection to sync server.
16:11:27.252 No connection to sync server.
16:12:27.260 No connection to sync server.
16:13:27.269 No connection to sync server.
16:14:27.264 No connection to sync server.
16:15:27.281 No connection to sync server.
16:16:27.275 No connection to sync server.
16:17:06.717 Table counts: notes: 308, revisions: 122, attachments: 66, branches: 311, attributes: 457, etapi_tokens: 0, blobs: 333
16:17:06.735 All consistency checks passed with no errors detected (took 19ms)
16:17:27.302 No connection to sync server.
16:18:27.293 No connection to sync server.
16:19:27.301 No connection to sync server.
16:20:27.304 No connection to sync server.
16:21:27.311 No connection to sync server.
16:22:27.326 No connection to sync server.
16:23:27.327 No connection to sync server.
16:24:27.337 No connection to sync server.
16:25:27.347 No connection to sync server.
16:26:27.341 No connection to sync server.
16:27:27.355 No connection to sync server.
16:28:27.364 No connection to sync server.
16:29:27.361 No connection to sync server.
16:30:27.366 No connection to sync server.
16:31:27.374 No connection to sync server.
16:32:27.400 No connection to sync server.
16:33:27.411 No connection to sync server.
16:34:27.389 No connection to sync server.
16:35:27.401 No connection to sync server.
16:36:27.413 No connection to sync server.
16:37:27.409 No connection to sync server.
16:38:27.429 No connection to sync server.
16:39:27.427 No connection to sync server.
16:40:27.432 No connection to sync server.
16:41:27.442 No connection to sync server.
16:42:27.451 No connection to sync server.
16:43:27.444 No connection to sync server.
16:44:27.463 No connection to sync server.
16:45:27.463 No connection to sync server.
16:46:27.468 No connection to sync server.
16:47:27.469 No connection to sync server.
16:48:27.474 No connection to sync server.
16:49:27.482 No connection to sync server.
16:50:27.497 No connection to sync server.
16:51:27.494 No connection to sync server.
16:52:27.500 No connection to sync server.
16:53:27.503 No connection to sync server.
16:54:27.508 No connection to sync server.
16:55:27.523 No connection to sync server.
16:56:27.512 No connection to sync server.
16:57:27.524 No connection to sync server.
16:58:27.526 No connection to sync server.
16:59:27.534 No connection to sync server.
17:00:27.539 No connection to sync server.
17:01:27.535 No connection to sync server.
17:02:27.544 No connection to sync server.
17:03:27.547 No connection to sync server.
17:04:27.552 No connection to sync server.
17:05:27.563 No connection to sync server.
17:06:27.565 No connection to sync server.
17:07:27.576 No connection to sync server.
17:08:27.578 No connection to sync server.
17:09:27.586 No connection to sync server.
17:10:27.585 No connection to sync server.
17:11:27.593 No connection to sync server.
17:12:27.599 No connection to sync server.
17:13:27.614 No connection to sync server.
17:14:27.611 No connection to sync server.
17:15:27.624 No connection to sync server.
17:16:27.628 No connection to sync server.
17:17:06.717 Table counts: notes: 308, revisions: 122, attachments: 66, branches: 311, attributes: 457, etapi_tokens: 0, blobs: 333
17:17:06.744 All consistency checks passed with no errors detected (took 28ms)
17:17:27.624 No connection to sync server.
17:18:27.633 No connection to sync server.
17:19:27.635 No connection to sync server.
17:20:27.648 No connection to sync server.
17:21:27.648 No connection to sync server.
17:22:27.654 No connection to sync server.
17:23:27.655 No connection to sync server.
17:24:27.668 No connection to sync server.
17:25:27.671 No connection to sync server.
17:26:27.676 No connection to sync server.
17:27:27.676 No connection to sync server.
17:28:27.688 No connection to sync server.
17:29:27.692 No connection to sync server.
17:30:27.718 No connection to sync server.
17:31:27.694 No connection to sync server.
17:32:27.703 No connection to sync server.
17:33:27.705 No connection to sync server.
17:34:27.718 No connection to sync server.
17:35:27.723 No connection to sync server.
17:36:27.716 No connection to sync server.
17:37:27.733 No connection to sync server.
17:38:27.736 No connection to sync server.
17:39:27.747 No connection to sync server.
17:40:27.744 No connection to sync server.
17:41:27.747 No connection to sync server.
17:42:27.755 No connection to sync server.
17:43:27.760 No connection to sync server.
17:44:27.771 No connection to sync server.
17:45:27.768 No connection to sync server.
17:46:27.775 No connection to sync server.
17:47:27.785 No connection to sync server.
17:48:27.790 No connection to sync server.
17:49:27.788 No connection to sync server.
17:50:27.798 No connection to sync server.
17:51:27.795 No connection to sync server.
17:52:27.821 No connection to sync server.
17:53:27.808 No connection to sync server.
17:54:27.819 No connection to sync server.
17:55:27.816 No connection to sync server.
17:56:27.820 No connection to sync server.
17:57:27.836 No connection to sync server.
17:58:27.836 No connection to sync server.
17:59:27.837 No connection to sync server.
18:00:27.845 No connection to sync server.
18:01:27.857 No connection to sync server.
18:02:27.863 No connection to sync server.
18:03:27.853 No connection to sync server.
18:04:27.869 No connection to sync server.
18:05:27.863 No connection to sync server.
18:06:27.872 No connection to sync server.
18:07:27.876 No connection to sync server.
18:08:27.884 No connection to sync server.
18:09:27.888 No connection to sync server.
18:10:27.897 No connection to sync server.
18:11:27.886 No connection to sync server.
18:12:27.902 No connection to sync server.
18:13:27.904 No connection to sync server.
18:14:27.904 No connection to sync server.
18:15:27.917 No connection to sync server.
18:16:27.923 No connection to sync server.
18:17:06.716 Table counts: notes: 308, revisions: 122, attachments: 66, branches: 311, attributes: 457, etapi_tokens: 0, blobs: 333
18:17:06.735 All consistency checks passed with no errors detected (took 19ms)
18:17:27.916 No connection to sync server.
18:18:27.919 No connection to sync server.
18:19:27.921 No connection to sync server.
18:20:27.940 No connection to sync server.
18:21:27.934 No connection to sync server.
18:22:27.944 No connection to sync server.
18:23:27.947 No connection to sync server.
18:24:27.953 No connection to sync server.
18:25:27.953 No connection to sync server.
18:26:27.963 No connection to sync server.
18:27:27.963 No connection to sync server.
18:28:27.963 No connection to sync server.
18:29:27.972 No connection to sync server.
18:30:27.980 No connection to sync server.
18:31:27.974 No connection to sync server.
18:32:27.987 No connection to sync server.
18:33:27.994 No connection to sync server.
18:34:27.995 No connection to sync server.
18:35:28.000 No connection to sync server.
18:36:28.005 No connection to sync server.
18:37:27.998 No connection to sync server.
18:38:28.009 No connection to sync server.
18:39:28.021 No connection to sync server.
18:40:28.011 No connection to sync server.
18:41:28.029 No connection to sync server.
18:42:28.028 No connection to sync server.
18:43:28.028 No connection to sync server.
18:44:28.028 No connection to sync server.
18:45:28.034 No connection to sync server.
18:46:28.036 No connection to sync server.
18:47:28.043 No connection to sync server.
18:48:28.045 No connection to sync server.
18:49:28.050 No connection to sync server.
18:50:28.060 No connection to sync server.
18:51:28.075 No connection to sync server.
18:52:28.059 No connection to sync server.
18:53:28.068 No connection to sync server.
18:54:28.071 No connection to sync server.
18:55:28.064 No connection to sync server.
18:56:28.071 No connection to sync server.
18:57:28.078 No connection to sync server.
18:58:28.079 No connection to sync server.
18:59:28.085 No connection to sync server.
19:00:28.083 No connection to sync server.
19:01:28.096 No connection to sync server.
19:02:28.093 No connection to sync server.
19:03:28.097 No connection to sync server.
19:04:28.102 No connection to sync server.
19:05:28.105 No connection to sync server.
19:06:28.106 No connection to sync server.
19:07:28.107 No connection to sync server.
19:08:28.120 No connection to sync server.
19:09:28.124 No connection to sync server.
19:10:28.119 No connection to sync server.
19:11:28.121 No connection to sync server.
19:12:28.120 No connection to sync server.
19:13:28.130 No connection to sync server.
19:14:28.139 No connection to sync server.
19:15:28.133 No connection to sync server.
19:16:28.133 No connection to sync server.
19:17:06.720 Table counts: notes: 308, revisions: 122, attachments: 66, branches: 311, attributes: 457, etapi_tokens: 0, blobs: 333
19:17:06.733 All consistency checks passed with no errors detected (took 14ms)
19:17:28.144 No connection to sync server.
19:18:28.142 No connection to sync server.
19:19:28.150 No connection to sync server.
19:20:28.150 No connection to sync server.
19:21:28.152 No connection to sync server.
19:22:28.163 No connection to sync server.
19:23:28.209 No connection to sync server.
19:24:28.156 No connection to sync server.
19:25:28.160 No connection to sync server.
19:26:28.161 No connection to sync server.
19:27:28.161 No connection to sync server.
19:28:28.162 No connection to sync server.
19:29:28.171 No connection to sync server.
19:30:28.177 No connection to sync server.
19:31:28.173 No connection to sync server.
19:32:28.175 No connection to sync server.
19:33:28.173 No connection to sync server.
19:34:28.176 No connection to sync server.
19:35:28.188 No connection to sync server.
19:36:28.178 No connection to sync server.
19:37:28.190 No connection to sync server.
19:38:28.189 No connection to sync server.
19:39:28.188 No connection to sync server.
19:40:28.189 No connection to sync server.
19:41:28.189 No connection to sync server.
19:42:28.190 No connection to sync server.
19:43:28.193 No connection to sync server.
19:44:28.199 No connection to sync server.
19:45:28.193 No connection to sync server.
19:46:28.202 No connection to sync server.
19:47:28.202 No connection to sync server.
19:48:28.202 No connection to sync server.
19:49:28.200 No connection to sync server.
19:50:28.201 No connection to sync server.
19:51:28.212 No connection to sync server.
19:52:28.200 No connection to sync server.
19:53:28.198 No connection to sync server.
19:54:28.217 No connection to sync server.
19:55:28.204 No connection to sync server.
19:56:28.210 No connection to sync server.
19:57:28.208 No connection to sync server.
19:58:28.206 No connection to sync server.
19:59:28.209 No connection to sync server.
20:00:28.212 No connection to sync server.
20:01:28.205 No connection to sync server.
20:02:28.210 No connection to sync server.
20:03:28.206 No connection to sync server.
20:04:28.230 No connection to sync server.
20:05:28.212 No connection to sync server.
20:06:28.222 No connection to sync server.
20:07:28.218 No connection to sync server.
20:08:28.217 No connection to sync server.
20:09:28.217 No connection to sync server.
20:10:28.213 No connection to sync server.
20:11:28.232 No connection to sync server.
20:12:28.247 No connection to sync server.
20:13:28.264 No connection to sync server.
20:14:28.291 No connection to sync server.
20:15:28.297 No connection to sync server.
20:16:28.317 No connection to sync server.
20:17:06.723 Table counts: notes: 308, revisions: 122, attachments: 66, branches: 311, attributes: 457, etapi_tokens: 0, blobs: 333
20:17:06.741 All consistency checks passed with no errors detected (took 18ms)
20:17:28.319 No connection to sync server.
20:18:28.345 No connection to sync server.
20:19:28.347 No connection to sync server.
20:20:28.377 No connection to sync server.
20:21:28.386 No connection to sync server.
20:22:28.411 No connection to sync server.
20:23:28.422 No connection to sync server.
20:24:28.442 No connection to sync server.
20:25:28.447 No connection to sync server.
20:26:28.453 No connection to sync server.
20:27:28.493 No connection to sync server.
20:28:28.484 No connection to sync server.
20:29:28.515 No connection to sync server.
20:30:28.523 No connection to sync server.
20:31:28.543 No connection to sync server.
20:32:28.557 No connection to sync server.
20:33:28.576 No connection to sync server.
20:34:28.588 No connection to sync server.
20:35:28.592 No connection to sync server.
20:36:28.621 No connection to sync server.
20:37:28.624 No connection to sync server.
20:38:28.662 No connection to sync server.
20:39:28.648 No connection to sync server.
20:40:28.682 No connection to sync server.
20:41:28.685 No connection to sync server.
20:42:28.712 No connection to sync server.
20:43:28.721 No connection to sync server.
20:44:28.749 No connection to sync server.
20:45:28.748 No connection to sync server.
20:46:28.785 No connection to sync server.
20:47:28.773 No connection to sync server.
20:48:28.804 No connection to sync server.
20:49:28.808 No connection to sync server.
20:50:28.846 No connection to sync server.
20:51:28.850 No connection to sync server.
20:52:28.871 No connection to sync server.
20:53:28.879 No connection to sync server.
20:54:28.918 No connection to sync server.
20:55:28.911 No connection to sync server.
20:56:28.935 No connection to sync server.
20:57:28.939 No connection to sync server.
20:58:28.968 No connection to sync server.
20:59:28.971 No connection to sync server.
21:00:29.002 No connection to sync server.
21:01:29.013 No connection to sync server.
21:02:29.023 No connection to sync server.
21:03:29.041 No connection to sync server.
21:04:29.062 No connection to sync server.
21:05:29.075 No connection to sync server.
21:06:29.096 No connection to sync server.
21:07:29.103 No connection to sync server.
21:08:29.133 No connection to sync server.
21:09:29.147 No connection to sync server.
21:10:29.163 No connection to sync server.
21:11:29.174 No connection to sync server.
21:12:29.179 No connection to sync server.
21:13:29.205 No connection to sync server.
21:14:29.203 No connection to sync server.
21:15:29.212 No connection to sync server.
21:16:29.239 No connection to sync server.
21:17:06.727 Table counts: notes: 308, revisions: 122, attachments: 66, branches: 311, attributes: 457, etapi_tokens: 0, blobs: 333
21:17:06.745 All consistency checks passed with no errors detected (took 19ms)
21:17:29.247 No connection to sync server.
21:18:29.266 No connection to sync server.
21:19:29.270 No connection to sync server.
21:20:29.309 No connection to sync server.
21:21:29.317 No connection to sync server.
21:22:29.330 No connection to sync server.
21:23:29.354 No connection to sync server.
21:24:29.381 No connection to sync server.
21:25:29.367 No connection to sync server.
21:26:29.403 No connection to sync server.
21:27:29.400 No connection to sync server.
21:28:29.432 No connection to sync server.
21:29:29.436 No connection to sync server.
21:30:29.458 No connection to sync server.
21:31:29.470 No connection to sync server.
21:32:29.502 No connection to sync server.
21:33:29.505 No connection to sync server.
21:34:29.524 No connection to sync server.
21:35:29.533 No connection to sync server.
21:36:29.554 No connection to sync server.
21:37:29.578 No connection to sync server.
21:38:29.584 No connection to sync server.
21:39:29.605 No connection to sync server.
21:40:29.627 No connection to sync server.
21:41:29.632 No connection to sync server.
21:42:29.674 No connection to sync server.
21:43:29.674 No connection to sync server.
21:44:29.698 No connection to sync server.
21:45:29.699 No connection to sync server.
21:46:29.723 No connection to sync server.
21:47:29.725 No connection to sync server.
21:48:29.758 No connection to sync server.
21:49:29.769 No connection to sync server.
21:50:29.789 No connection to sync server.
21:51:29.796 No connection to sync server.
21:52:29.822 No connection to sync server.
21:53:29.838 No connection to sync server.
21:54:29.853 No connection to sync server.
21:55:29.864 No connection to sync server.
21:56:29.882 No connection to sync server.
21:57:29.899 No connection to sync server.
21:58:29.920 No connection to sync server.
21:59:29.935 No connection to sync server.
22:00:29.953 No connection to sync server.
22:01:29.967 No connection to sync server.
22:02:29.976 No connection to sync server.
22:03:30.003 No connection to sync server.
22:04:30.024 No connection to sync server.
22:05:30.020 No connection to sync server.
22:06:30.049 No connection to sync server.
22:07:30.056 No connection to sync server.
22:08:30.086 No connection to sync server.
22:09:30.093 No connection to sync server.
22:10:30.118 No connection to sync server.
22:11:30.112 No connection to sync server.
22:12:30.142 No connection to sync server.
22:13:30.145 No connection to sync server.
22:14:30.166 No connection to sync server.
22:15:30.185 No connection to sync server.
22:16:30.199 No connection to sync server.
22:17:06.625 Optimizing database
22:17:06.627 Optimization finished in 1ms.
22:17:06.728 Table counts: notes: 308, revisions: 122, attachments: 66, branches: 311, attributes: 457, etapi_tokens: 0, blobs: 333
22:17:06.750 All consistency checks passed with no errors detected (took 23ms)
22:17:30.201 No connection to sync server.
22:18:30.199 No connection to sync server.
22:19:30.221 No connection to sync server.
22:20:30.241 No connection to sync server.
22:21:30.237 No connection to sync server.
22:22:30.276 No connection to sync server.
22:23:30.268 No connection to sync server.
22:24:30.298 No connection to sync server.
22:25:30.310 No connection to sync server.
22:26:30.342 No connection to sync server.
22:27:30.333 No connection to sync server.
22:28:30.368 No connection to sync server.
22:29:30.365 No connection to sync server.
22:30:30.387 No connection to sync server.
22:31:30.398 No connection to sync server.
22:32:30.422 No connection to sync server.
22:33:30.443 No connection to sync server.
22:34:30.435 No connection to sync server.
22:35:30.460 No connection to sync server.
22:36:30.464 No connection to sync server.
22:37:30.492 No connection to sync server.
22:38:30.494 No connection to sync server.
22:39:30.526 No connection to sync server.
22:40:30.531 No connection to sync server.
22:41:30.553 No connection to sync server.
22:42:30.559 No connection to sync server.
22:43:30.590 No connection to sync server.
22:44:30.594 No connection to sync server.
22:45:30.624 No connection to sync server.
22:46:30.620 No connection to sync server.
22:47:30.640 No connection to sync server.
22:48:30.642 No connection to sync server.
22:49:30.669 No connection to sync server.
22:50:30.674 No connection to sync server.
22:51:30.703 No connection to sync server.
22:52:30.712 No connection to sync server.
22:53:30.712 No connection to sync server.
22:54:30.743 No connection to sync server.
22:55:30.752 No connection to sync server.
22:56:30.773 No connection to sync server.
22:57:30.787 No connection to sync server.
22:58:30.812 No connection to sync server.
22:59:30.813 No connection to sync server.
23:00:30.844 No connection to sync server.
23:01:30.841 No connection to sync server.
23:02:30.848 No connection to sync server.
23:03:30.874 No connection to sync server.
23:04:30.876 No connection to sync server.
23:05:30.902 No connection to sync server.
23:06:30.903 No connection to sync server.
23:07:30.936 No connection to sync server.
23:08:30.938 No connection to sync server.
23:09:30.960 No connection to sync server.
23:10:30.971 No connection to sync server.
23:11:30.995 No connection to sync server.
23:12:31.001 No connection to sync server.
23:13:31.020 No connection to sync server.
23:14:31.037 No connection to sync server.
23:15:31.053 No connection to sync server.
23:16:31.073 No connection to sync server.
23:17:06.732 Table counts: notes: 308, revisions: 122, attachments: 66, branches: 311, attributes: 457, etapi_tokens: 0, blobs: 333
23:17:06.751 All consistency checks passed with no errors detected (took 19ms)
23:17:31.087 No connection to sync server.
23:18:31.093 No connection to sync server.
23:19:31.085 No connection to sync server.
23:20:31.123 No connection to sync server.
23:21:31.124 No connection to sync server.
23:22:31.119 No connection to sync server.
23:23:31.152 No connection to sync server.
23:24:31.164 No connection to sync server.
23:25:31.170 No connection to sync server.
23:26:31.168 No connection to sync server.
23:27:31.212 No connection to sync server.
23:28:31.196 No connection to sync server.
23:29:31.235 No connection to sync server.
23:30:31.231 No connection to sync server.
23:31:31.259 No connection to sync server.
23:32:31.265 No connection to sync server.
23:33:31.290 No connection to sync server.
23:34:31.296 No connection to sync server.
23:35:31.319 No connection to sync server.
23:36:31.325 No connection to sync server.
23:37:31.363 No connection to sync server.
23:38:31.359 No connection to sync server.
23:39:31.373 No connection to sync server.
23:40:31.390 No connection to sync server.
23:41:31.409 No connection to sync server.
23:42:31.416 No connection to sync server.
23:43:31.456 No connection to sync server.
23:44:31.457 No connection to sync server.
23:45:31.473 No connection to sync server.
23:46:31.484 No connection to sync server.
23:47:31.513 No connection to sync server.
23:48:31.516 No connection to sync server.
23:49:31.537 No connection to sync server.
23:50:31.554 No connection to sync server.
23:51:31.549 No connection to sync server.
23:52:31.546 No connection to sync server.
23:53:31.567 No connection to sync server.
23:54:31.601 No connection to sync server.
23:55:31.618 No connection to sync server.
23:56:31.618 No connection to sync server.
23:57:31.642 No connection to sync server.
23:58:31.633 No connection to sync server.
23:59:31.673 No connection to sync server.
