00:27:12.581 Table counts: notes: 276, revisions: 10, attachments: 29, branches: 279, attributes: 426, etapi_tokens: 0, blobs: 216
00:27:12.591 All consistency checks passed with no errors detected (took 10ms)
01:27:12.592 Table counts: notes: 276, revisions: 10, attachments: 29, branches: 279, attributes: 426, etapi_tokens: 0, blobs: 216
01:27:12.603 All consistency checks passed with no errors detected (took 11ms)
02:27:12.594 Table counts: notes: 276, revisions: 10, attachments: 29, branches: 279, attributes: 426, etapi_tokens: 0, blobs: 216
02:27:12.606 All consistency checks passed with no errors detected (took 13ms)
03:27:12.602 Table counts: notes: 276, revisions: 10, attachments: 29, branches: 279, attributes: 426, etapi_tokens: 0, blobs: 216
03:27:12.611 All consistency checks passed with no errors detected (took 10ms)
04:27:12.020 Optimizing database
04:27:12.023 Optimization finished in 1ms.
04:27:12.602 Table counts: notes: 276, revisions: 10, attachments: 29, branches: 279, attributes: 426, etapi_tokens: 0, blobs: 216
04:27:12.617 All consistency checks passed with no errors detected (took 16ms)
05:27:12.606 Table counts: notes: 276, revisions: 10, attachments: 29, branches: 279, attributes: 426, etapi_tokens: 0, blobs: 216
05:27:12.618 All consistency checks passed with no errors detected (took 13ms)
05:40:55.505 Error: Router not found for request GET /oo1M
05:40:55.820 Error: Router not found for request GET /jURL
05:40:56.114 Error: Router not found for request GET /aab8
05:40:56.407 Error: Router not found for request GET /jquery-3.3.1.slim.min.js
05:40:56.721 Error: Router not found for request GET /aab9
05:40:57.054 Error: Router not found for request GET /jquery-3.3.2.slim.min.js
06:27:12.605 Table counts: notes: 276, revisions: 10, attachments: 29, branches: 279, attributes: 426, etapi_tokens: 0, blobs: 216
06:27:12.614 All consistency checks passed with no errors detected (took 9ms)
06:58:01.097 Error: Router not found for request GET /ads.txt
07:27:12.610 Table counts: notes: 276, revisions: 10, attachments: 29, branches: 279, attributes: 426, etapi_tokens: 0, blobs: 216
07:27:12.621 All consistency checks passed with no errors detected (took 11ms)
08:27:12.610 Table counts: notes: 276, revisions: 10, attachments: 29, branches: 279, attributes: 426, etapi_tokens: 0, blobs: 216
08:27:12.620 All consistency checks passed with no errors detected (took 10ms)
09:27:12.638 Table counts: notes: 276, revisions: 10, attachments: 29, branches: 279, attributes: 426, etapi_tokens: 0, blobs: 216
09:27:12.654 All consistency checks passed with no errors detected (took 16ms)
10:27:12.639 Table counts: notes: 276, revisions: 10, attachments: 29, branches: 279, attributes: 426, etapi_tokens: 0, blobs: 216
10:27:12.649 All consistency checks passed with no errors detected (took 11ms)
11:27:12.641 Table counts: notes: 276, revisions: 10, attachments: 29, branches: 279, attributes: 426, etapi_tokens: 0, blobs: 216
11:27:12.651 All consistency checks passed with no errors detected (took 11ms)
12:27:12.663 Table counts: notes: 276, revisions: 10, attachments: 29, branches: 279, attributes: 426, etapi_tokens: 0, blobs: 216
12:27:12.679 All consistency checks passed with no errors detected (took 17ms)
13:27:12.677 Table counts: notes: 276, revisions: 10, attachments: 29, branches: 279, attributes: 426, etapi_tokens: 0, blobs: 216
13:27:12.685 All consistency checks passed with no errors detected (took 8ms)
14:27:12.041 Optimizing database
14:27:12.045 Optimization finished in 1ms.
14:27:12.677 Table counts: notes: 276, revisions: 10, attachments: 29, branches: 279, attributes: 426, etapi_tokens: 0, blobs: 216
14:27:12.693 All consistency checks passed with no errors detected (took 15ms)
15:27:12.699 Table counts: notes: 276, revisions: 10, attachments: 29, branches: 279, attributes: 426, etapi_tokens: 0, blobs: 216
15:27:12.715 All consistency checks passed with no errors detected (took 16ms)
16:27:12.716 Table counts: notes: 276, revisions: 10, attachments: 29, branches: 279, attributes: 426, etapi_tokens: 0, blobs: 216
16:27:12.731 All consistency checks passed with no errors detected (took 15ms)
17:27:12.724 Table counts: notes: 276, revisions: 10, attachments: 29, branches: 279, attributes: 426, etapi_tokens: 0, blobs: 216
17:27:12.745 All consistency checks passed with no errors detected (took 21ms)
18:27:12.724 Table counts: notes: 276, revisions: 10, attachments: 29, branches: 279, attributes: 426, etapi_tokens: 0, blobs: 216
18:27:12.738 All consistency checks passed with no errors detected (took 15ms)
19:27:12.729 Table counts: notes: 276, revisions: 10, attachments: 29, branches: 279, attributes: 426, etapi_tokens: 0, blobs: 216
19:27:12.746 All consistency checks passed with no errors detected (took 18ms)
20:27:12.732 Table counts: notes: 276, revisions: 10, attachments: 29, branches: 279, attributes: 426, etapi_tokens: 0, blobs: 216
20:27:12.747 All consistency checks passed with no errors detected (took 15ms)
21:27:12.737 Table counts: notes: 276, revisions: 10, attachments: 29, branches: 279, attributes: 426, etapi_tokens: 0, blobs: 216
21:27:12.750 All consistency checks passed with no errors detected (took 13ms)
22:27:12.740 Table counts: notes: 276, revisions: 10, attachments: 29, branches: 279, attributes: 426, etapi_tokens: 0, blobs: 216
22:27:12.751 All consistency checks passed with no errors detected (took 11ms)
23:27:12.747 Table counts: notes: 276, revisions: 10, attachments: 29, branches: 279, attributes: 426, etapi_tokens: 0, blobs: 216
23:27:12.757 All consistency checks passed with no errors detected (took 11ms)
