00:22:00.009 Table counts: notes: 286, revisions: 17, attachments: 40, branches: 290, attributes: 441, etapi_tokens: 0, blobs: 226
00:22:00.022 All consistency checks passed with no errors detected (took 14ms)
01:21:58.900 Optimizing database
01:21:58.903 Optimization finished in 1ms.
01:22:00.009 Table counts: notes: 286, revisions: 17, attachments: 40, branches: 290, attributes: 441, etapi_tokens: 0, blobs: 226
01:22:00.024 All consistency checks passed with no errors detected (took 15ms)
02:22:00.034 Table counts: notes: 286, revisions: 17, attachments: 40, branches: 290, attributes: 441, etapi_tokens: 0, blobs: 226
02:22:00.047 All consistency checks passed with no errors detected (took 13ms)
03:22:00.057 Table counts: notes: 286, revisions: 17, attachments: 40, branches: 290, attributes: 441, etapi_tokens: 0, blobs: 226
03:22:00.077 All consistency checks passed with no errors detected (took 21ms)
04:22:00.076 Table counts: notes: 286, revisions: 17, attachments: 40, branches: 290, attributes: 441, etapi_tokens: 0, blobs: 226
04:22:00.087 All consistency checks passed with no errors detected (took 12ms)
05:21:59.071 Erased branches: ["root_Bl9MT1OP4oLR"]
05:22:00.075 Table counts: notes: 286, revisions: 17, attachments: 40, branches: 289, attributes: 441, etapi_tokens: 0, blobs: 226
05:22:00.087 All consistency checks passed with no errors detected (took 12ms)
06:22:00.093 Table counts: notes: 286, revisions: 17, attachments: 40, branches: 289, attributes: 441, etapi_tokens: 0, blobs: 226
06:22:00.104 All consistency checks passed with no errors detected (took 12ms)
07:22:00.109 Table counts: notes: 286, revisions: 17, attachments: 40, branches: 289, attributes: 441, etapi_tokens: 0, blobs: 226
07:22:00.123 All consistency checks passed with no errors detected (took 15ms)
08:22:00.122 Table counts: notes: 286, revisions: 17, attachments: 40, branches: 289, attributes: 441, etapi_tokens: 0, blobs: 226
08:22:00.131 All consistency checks passed with no errors detected (took 10ms)
09:22:00.124 Table counts: notes: 286, revisions: 17, attachments: 40, branches: 289, attributes: 441, etapi_tokens: 0, blobs: 226
09:22:00.134 All consistency checks passed with no errors detected (took 11ms)
10:22:00.135 Table counts: notes: 286, revisions: 17, attachments: 40, branches: 289, attributes: 441, etapi_tokens: 0, blobs: 226
10:22:00.145 All consistency checks passed with no errors detected (took 11ms)
11:21:58.907 Optimizing database
11:21:58.911 Optimization finished in 1ms.
11:22:00.136 Table counts: notes: 286, revisions: 17, attachments: 40, branches: 289, attributes: 441, etapi_tokens: 0, blobs: 226
11:22:00.149 All consistency checks passed with no errors detected (took 13ms)
12:22:00.138 Table counts: notes: 286, revisions: 17, attachments: 40, branches: 289, attributes: 441, etapi_tokens: 0, blobs: 226
12:22:00.147 All consistency checks passed with no errors detected (took 9ms)
13:22:00.139 Table counts: notes: 286, revisions: 17, attachments: 40, branches: 289, attributes: 441, etapi_tokens: 0, blobs: 226
13:22:00.148 All consistency checks passed with no errors detected (took 9ms)
14:22:00.143 Table counts: notes: 286, revisions: 17, attachments: 40, branches: 289, attributes: 441, etapi_tokens: 0, blobs: 226
14:22:00.155 All consistency checks passed with no errors detected (took 13ms)
15:22:00.158 Table counts: notes: 286, revisions: 17, attachments: 40, branches: 289, attributes: 441, etapi_tokens: 0, blobs: 226
15:22:00.167 All consistency checks passed with no errors detected (took 9ms)
16:22:00.175 Table counts: notes: 286, revisions: 17, attachments: 40, branches: 289, attributes: 441, etapi_tokens: 0, blobs: 226
16:22:00.189 All consistency checks passed with no errors detected (took 14ms)
17:22:00.176 Table counts: notes: 286, revisions: 17, attachments: 40, branches: 289, attributes: 441, etapi_tokens: 0, blobs: 226
17:22:00.185 All consistency checks passed with no errors detected (took 10ms)
18:22:00.192 Table counts: notes: 286, revisions: 17, attachments: 40, branches: 289, attributes: 441, etapi_tokens: 0, blobs: 226
18:22:00.203 All consistency checks passed with no errors detected (took 12ms)
19:22:00.195 Table counts: notes: 286, revisions: 17, attachments: 40, branches: 289, attributes: 441, etapi_tokens: 0, blobs: 226
19:22:00.207 All consistency checks passed with no errors detected (took 13ms)
20:22:00.208 Table counts: notes: 286, revisions: 17, attachments: 40, branches: 289, attributes: 441, etapi_tokens: 0, blobs: 226
20:22:00.217 All consistency checks passed with no errors detected (took 9ms)
21:21:58.919 Optimizing database
21:21:58.922 Optimization finished in 1ms.
21:22:00.210 Table counts: notes: 286, revisions: 17, attachments: 40, branches: 289, attributes: 441, etapi_tokens: 0, blobs: 226
21:22:00.223 All consistency checks passed with no errors detected (took 13ms)
22:22:00.226 Table counts: notes: 286, revisions: 17, attachments: 40, branches: 289, attributes: 441, etapi_tokens: 0, blobs: 226
22:22:00.234 All consistency checks passed with no errors detected (took 9ms)
23:22:00.239 Table counts: notes: 286, revisions: 17, attachments: 40, branches: 289, attributes: 441, etapi_tokens: 0, blobs: 226
23:22:00.252 All consistency checks passed with no errors detected (took 14ms)
