00:22:01.775 Table counts: notes: 287, revisions: 18, attachments: 40, branches: 290, attributes: 441, etapi_tokens: 0, blobs: 227
00:22:01.785 All consistency checks passed with no errors detected (took 11ms)
01:22:01.776 Table counts: notes: 287, revisions: 18, attachments: 40, branches: 290, attributes: 441, etapi_tokens: 0, blobs: 227
01:22:01.785 All consistency checks passed with no errors detected (took 9ms)
02:22:01.787 Table counts: notes: 287, revisions: 18, attachments: 40, branches: 290, attributes: 441, etapi_tokens: 0, blobs: 227
02:22:01.796 All consistency checks passed with no errors detected (took 10ms)
03:22:01.799 Table counts: notes: 287, revisions: 18, attachments: 40, branches: 290, attributes: 441, etapi_tokens: 0, blobs: 227
03:22:01.812 All consistency checks passed with no errors detected (took 14ms)
04:22:01.819 Table counts: notes: 287, revisions: 18, attachments: 40, branches: 290, attributes: 441, etapi_tokens: 0, blobs: 227
04:22:01.833 All consistency checks passed with no errors detected (took 15ms)
05:21:59.157 Optimizing database
05:21:59.162 Optimization finished in 2ms.
05:22:01.821 Table counts: notes: 287, revisions: 18, attachments: 40, branches: 290, attributes: 441, etapi_tokens: 0, blobs: 227
05:22:01.835 All consistency checks passed with no errors detected (took 15ms)
06:22:01.824 Table counts: notes: 287, revisions: 18, attachments: 40, branches: 290, attributes: 441, etapi_tokens: 0, blobs: 227
06:22:01.838 All consistency checks passed with no errors detected (took 15ms)
07:22:01.839 Table counts: notes: 287, revisions: 18, attachments: 40, branches: 290, attributes: 441, etapi_tokens: 0, blobs: 227
07:22:01.852 All consistency checks passed with no errors detected (took 14ms)
08:22:01.854 Table counts: notes: 287, revisions: 18, attachments: 40, branches: 290, attributes: 441, etapi_tokens: 0, blobs: 227
08:22:01.862 All consistency checks passed with no errors detected (took 9ms)
09:22:01.855 Table counts: notes: 287, revisions: 18, attachments: 40, branches: 290, attributes: 441, etapi_tokens: 0, blobs: 227
09:22:01.865 All consistency checks passed with no errors detected (took 10ms)
09:46:50.001 Error: Router not found for request GET /ads.txt
10:22:01.861 Table counts: notes: 287, revisions: 18, attachments: 40, branches: 290, attributes: 441, etapi_tokens: 0, blobs: 227
10:22:01.878 All consistency checks passed with no errors detected (took 16ms)
11:22:01.869 Table counts: notes: 287, revisions: 18, attachments: 40, branches: 290, attributes: 441, etapi_tokens: 0, blobs: 227
11:22:01.885 All consistency checks passed with no errors detected (took 16ms)
12:22:01.874 Table counts: notes: 287, revisions: 18, attachments: 40, branches: 290, attributes: 441, etapi_tokens: 0, blobs: 227
12:22:01.886 All consistency checks passed with no errors detected (took 13ms)
13:22:01.876 Table counts: notes: 287, revisions: 18, attachments: 40, branches: 290, attributes: 441, etapi_tokens: 0, blobs: 227
13:22:01.888 All consistency checks passed with no errors detected (took 12ms)
14:22:01.881 Table counts: notes: 287, revisions: 18, attachments: 40, branches: 290, attributes: 441, etapi_tokens: 0, blobs: 227
14:22:01.896 All consistency checks passed with no errors detected (took 16ms)
15:21:59.175 Optimizing database
15:21:59.178 Optimization finished in 1ms.
15:22:01.882 Table counts: notes: 287, revisions: 18, attachments: 40, branches: 290, attributes: 441, etapi_tokens: 0, blobs: 227
15:22:01.894 All consistency checks passed with no errors detected (took 13ms)
16:22:01.892 Table counts: notes: 287, revisions: 18, attachments: 40, branches: 290, attributes: 441, etapi_tokens: 0, blobs: 227
16:22:01.902 All consistency checks passed with no errors detected (took 11ms)
17:22:01.894 Table counts: notes: 287, revisions: 18, attachments: 40, branches: 290, attributes: 441, etapi_tokens: 0, blobs: 227
17:22:01.905 All consistency checks passed with no errors detected (took 12ms)
18:22:01.903 Table counts: notes: 287, revisions: 18, attachments: 40, branches: 290, attributes: 441, etapi_tokens: 0, blobs: 227
18:22:01.912 All consistency checks passed with no errors detected (took 9ms)
19:22:01.922 Table counts: notes: 287, revisions: 18, attachments: 40, branches: 290, attributes: 441, etapi_tokens: 0, blobs: 227
19:22:01.933 All consistency checks passed with no errors detected (took 12ms)
20:22:01.925 Table counts: notes: 287, revisions: 18, attachments: 40, branches: 290, attributes: 441, etapi_tokens: 0, blobs: 227
20:22:01.935 All consistency checks passed with no errors detected (took 11ms)
21:22:01.927 Table counts: notes: 287, revisions: 18, attachments: 40, branches: 290, attributes: 441, etapi_tokens: 0, blobs: 227
21:22:01.937 All consistency checks passed with no errors detected (took 11ms)
22:22:01.944 Table counts: notes: 287, revisions: 18, attachments: 40, branches: 290, attributes: 441, etapi_tokens: 0, blobs: 227
22:22:01.956 All consistency checks passed with no errors detected (took 12ms)
23:22:01.957 Table counts: notes: 287, revisions: 18, attachments: 40, branches: 290, attributes: 441, etapi_tokens: 0, blobs: 227
23:22:01.975 All consistency checks passed with no errors detected (took 18ms)
