00:50:18.595 Table counts: notes: 301, revisions: 65, attachments: 38, branches: 304, attributes: 446, etapi_tokens: 0, blobs: 275
00:50:18.615 All consistency checks passed with no errors detected (took 20ms)
01:50:18.597 Table counts: notes: 301, revisions: 65, attachments: 38, branches: 304, attributes: 446, etapi_tokens: 0, blobs: 275
01:50:18.610 All consistency checks passed with no errors detected (took 14ms)
02:50:18.602 Table counts: notes: 301, revisions: 65, attachments: 38, branches: 304, attributes: 446, etapi_tokens: 0, blobs: 275
02:50:18.616 All consistency checks passed with no errors detected (took 14ms)
03:50:18.605 Table counts: notes: 301, revisions: 65, attachments: 38, branches: 304, attributes: 446, etapi_tokens: 0, blobs: 275
03:50:18.620 All consistency checks passed with no errors detected (took 16ms)
04:50:18.609 Table counts: notes: 301, revisions: 65, attachments: 38, branches: 304, attributes: 446, etapi_tokens: 0, blobs: 275
04:50:18.636 All consistency checks passed with no errors detected (took 27ms)
05:50:16.603 Created backup at /root/.local/share/trilium-data/backup/backup-weekly.db
05:50:18.609 Table counts: notes: 301, revisions: 65, attachments: 38, branches: 304, attributes: 446, etapi_tokens: 0, blobs: 275
05:50:18.624 All consistency checks passed with no errors detected (took 15ms)
06:50:18.613 Table counts: notes: 301, revisions: 65, attachments: 38, branches: 304, attributes: 446, etapi_tokens: 0, blobs: 275
06:50:18.632 All consistency checks passed with no errors detected (took 19ms)
07:50:18.627 Table counts: notes: 301, revisions: 65, attachments: 38, branches: 304, attributes: 446, etapi_tokens: 0, blobs: 275
07:50:18.642 All consistency checks passed with no errors detected (took 15ms)
08:50:18.631 Table counts: notes: 301, revisions: 65, attachments: 38, branches: 304, attributes: 446, etapi_tokens: 0, blobs: 275
08:50:18.650 All consistency checks passed with no errors detected (took 20ms)
09:50:16.219 Optimizing database
09:50:16.222 Optimization finished in 1ms.
09:50:18.632 Table counts: notes: 301, revisions: 65, attachments: 38, branches: 304, attributes: 446, etapi_tokens: 0, blobs: 275
09:50:18.652 All consistency checks passed with no errors detected (took 21ms)
10:50:18.642 Table counts: notes: 301, revisions: 65, attachments: 38, branches: 304, attributes: 446, etapi_tokens: 0, blobs: 275
10:50:18.656 All consistency checks passed with no errors detected (took 14ms)
11:50:18.651 Table counts: notes: 301, revisions: 65, attachments: 38, branches: 304, attributes: 446, etapi_tokens: 0, blobs: 275
11:50:18.669 All consistency checks passed with no errors detected (took 18ms)
12:50:18.658 Table counts: notes: 301, revisions: 65, attachments: 38, branches: 304, attributes: 446, etapi_tokens: 0, blobs: 275
12:50:18.680 All consistency checks passed with no errors detected (took 22ms)
13:09:26.698 Error: Router not found for request GET /sitemap.xml
13:15:00.975 Error: Router not found for request GET /pdown
13:50:18.660 Table counts: notes: 301, revisions: 65, attachments: 38, branches: 304, attributes: 446, etapi_tokens: 0, blobs: 275
13:50:18.684 All consistency checks passed with no errors detected (took 25ms)
14:50:18.662 Table counts: notes: 301, revisions: 65, attachments: 38, branches: 304, attributes: 446, etapi_tokens: 0, blobs: 275
14:50:18.688 All consistency checks passed with no errors detected (took 27ms)
15:50:18.665 Table counts: notes: 301, revisions: 65, attachments: 38, branches: 304, attributes: 446, etapi_tokens: 0, blobs: 275
15:50:18.685 All consistency checks passed with no errors detected (took 21ms)
16:50:18.688 Table counts: notes: 301, revisions: 65, attachments: 38, branches: 304, attributes: 446, etapi_tokens: 0, blobs: 275
16:50:18.707 All consistency checks passed with no errors detected (took 19ms)
17:50:18.691 Table counts: notes: 301, revisions: 65, attachments: 38, branches: 304, attributes: 446, etapi_tokens: 0, blobs: 275
17:50:18.711 All consistency checks passed with no errors detected (took 21ms)
18:50:18.698 Table counts: notes: 301, revisions: 65, attachments: 38, branches: 304, attributes: 446, etapi_tokens: 0, blobs: 275
18:50:18.715 All consistency checks passed with no errors detected (took 18ms)
19:50:16.237 Optimizing database
19:50:16.241 Optimization finished in 1ms.
19:50:18.700 Table counts: notes: 301, revisions: 65, attachments: 38, branches: 304, attributes: 446, etapi_tokens: 0, blobs: 275
19:50:18.720 All consistency checks passed with no errors detected (took 20ms)
20:50:18.719 Table counts: notes: 301, revisions: 65, attachments: 38, branches: 304, attributes: 446, etapi_tokens: 0, blobs: 275
20:50:18.735 All consistency checks passed with no errors detected (took 16ms)
21:50:18.722 Table counts: notes: 301, revisions: 65, attachments: 38, branches: 304, attributes: 446, etapi_tokens: 0, blobs: 275
21:50:18.735 All consistency checks passed with no errors detected (took 14ms)
22:50:18.725 Table counts: notes: 301, revisions: 65, attachments: 38, branches: 304, attributes: 446, etapi_tokens: 0, blobs: 275
22:50:18.744 All consistency checks passed with no errors detected (took 20ms)
23:50:18.739 Table counts: notes: 301, revisions: 65, attachments: 38, branches: 304, attributes: 446, etapi_tokens: 0, blobs: 275
23:50:18.753 All consistency checks passed with no errors detected (took 15ms)
