00:22:04.047 Table counts: notes: 287, revisions: 18, attachments: 40, branches: 290, attributes: 441, etapi_tokens: 0, blobs: 227
00:22:04.059 All consistency checks passed with no errors detected (took 12ms)
01:21:59.486 Optimizing database
01:21:59.489 Optimization finished in 1ms.
01:22:04.049 Table counts: notes: 287, revisions: 18, attachments: 40, branches: 290, attributes: 441, etapi_tokens: 0, blobs: 227
01:22:04.066 All consistency checks passed with no errors detected (took 16ms)
02:22:04.066 Table counts: notes: 287, revisions: 18, attachments: 40, branches: 290, attributes: 441, etapi_tokens: 0, blobs: 227
02:22:04.076 All consistency checks passed with no errors detected (took 10ms)
03:22:04.068 Table counts: notes: 287, revisions: 18, attachments: 40, branches: 290, attributes: 441, etapi_tokens: 0, blobs: 227
03:22:04.077 All consistency checks passed with no errors detected (took 9ms)
04:22:04.081 Table counts: notes: 287, revisions: 18, attachments: 40, branches: 290, attributes: 441, etapi_tokens: 0, blobs: 227
04:22:04.099 All consistency checks passed with no errors detected (took 19ms)
05:22:04.083 Table counts: notes: 287, revisions: 18, attachments: 40, branches: 290, attributes: 441, etapi_tokens: 0, blobs: 227
05:22:04.093 All consistency checks passed with no errors detected (took 11ms)
06:22:04.091 Table counts: notes: 287, revisions: 18, attachments: 40, branches: 290, attributes: 441, etapi_tokens: 0, blobs: 227
06:22:04.104 All consistency checks passed with no errors detected (took 13ms)
07:22:04.098 Table counts: notes: 287, revisions: 18, attachments: 40, branches: 290, attributes: 441, etapi_tokens: 0, blobs: 227
07:22:04.111 All consistency checks passed with no errors detected (took 13ms)
08:22:04.103 Table counts: notes: 287, revisions: 18, attachments: 40, branches: 290, attributes: 441, etapi_tokens: 0, blobs: 227
08:22:04.117 All consistency checks passed with no errors detected (took 14ms)
09:22:04.107 Table counts: notes: 287, revisions: 18, attachments: 40, branches: 290, attributes: 441, etapi_tokens: 0, blobs: 227
09:22:04.121 All consistency checks passed with no errors detected (took 14ms)
10:22:04.111 Table counts: notes: 287, revisions: 18, attachments: 40, branches: 290, attributes: 441, etapi_tokens: 0, blobs: 227
10:22:04.121 All consistency checks passed with no errors detected (took 10ms)
11:21:59.513 Optimizing database
11:21:59.516 Optimization finished in 1ms.
11:22:04.112 Table counts: notes: 287, revisions: 18, attachments: 40, branches: 290, attributes: 441, etapi_tokens: 0, blobs: 227
11:22:04.126 All consistency checks passed with no errors detected (took 14ms)
12:22:04.114 Table counts: notes: 287, revisions: 18, attachments: 40, branches: 290, attributes: 441, etapi_tokens: 0, blobs: 227
12:22:04.122 All consistency checks passed with no errors detected (took 9ms)
13:22:04.118 Table counts: notes: 287, revisions: 18, attachments: 40, branches: 290, attributes: 441, etapi_tokens: 0, blobs: 227
13:22:04.127 All consistency checks passed with no errors detected (took 10ms)
14:22:04.145 Table counts: notes: 287, revisions: 18, attachments: 40, branches: 290, attributes: 441, etapi_tokens: 0, blobs: 227
14:22:04.155 All consistency checks passed with no errors detected (took 11ms)
15:22:04.150 Table counts: notes: 287, revisions: 18, attachments: 40, branches: 290, attributes: 441, etapi_tokens: 0, blobs: 227
15:22:04.163 All consistency checks passed with no errors detected (took 14ms)
16:22:04.154 Table counts: notes: 287, revisions: 18, attachments: 40, branches: 290, attributes: 441, etapi_tokens: 0, blobs: 227
16:22:04.173 All consistency checks passed with no errors detected (took 20ms)
17:22:04.157 Table counts: notes: 287, revisions: 18, attachments: 40, branches: 290, attributes: 441, etapi_tokens: 0, blobs: 227
17:22:04.172 All consistency checks passed with no errors detected (took 16ms)
18:22:04.180 Table counts: notes: 287, revisions: 18, attachments: 40, branches: 290, attributes: 441, etapi_tokens: 0, blobs: 227
18:22:04.194 All consistency checks passed with no errors detected (took 15ms)
19:22:04.199 Table counts: notes: 287, revisions: 18, attachments: 40, branches: 290, attributes: 441, etapi_tokens: 0, blobs: 227
19:22:04.216 All consistency checks passed with no errors detected (took 18ms)
20:22:04.218 Table counts: notes: 287, revisions: 18, attachments: 40, branches: 290, attributes: 441, etapi_tokens: 0, blobs: 227
20:22:04.230 All consistency checks passed with no errors detected (took 13ms)
20:44:59.953 Error: Router not found for request GET /sitemap.xml
20:45:18.435 Error: Router not found for request GET /config.json
21:21:59.525 Optimizing database
21:21:59.528 Optimization finished in 1ms.
21:22:04.220 Table counts: notes: 287, revisions: 18, attachments: 40, branches: 290, attributes: 441, etapi_tokens: 0, blobs: 227
21:22:04.231 All consistency checks passed with no errors detected (took 12ms)
22:22:04.231 Table counts: notes: 287, revisions: 18, attachments: 40, branches: 290, attributes: 441, etapi_tokens: 0, blobs: 227
22:22:04.243 All consistency checks passed with no errors detected (took 18ms)
23:22:04.240 Table counts: notes: 287, revisions: 18, attachments: 40, branches: 290, attributes: 441, etapi_tokens: 0, blobs: 227
23:22:04.254 All consistency checks passed with no errors detected (took 14ms)
