00:22:13.741 Table counts: notes: 301, revisions: 59, attachments: 38, branches: 304, attributes: 448, etapi_tokens: 0, blobs: 271
00:22:13.767 All consistency checks passed with no errors detected (took 27ms)
00:55:04.411 Error: Router not found for request GET /manage/account/login
00:55:30.226 Error: Router not found for request GET /index.html
00:55:42.145 Error: Router not found for request GET /+CSCOE+/logon.html
00:55:50.637 Error: Router not found for request GET /cgi-bin/login.cgi
00:56:03.266 Error: Router not found for request GET /login.htm
00:56:15.998 Error: Router not found for request GET /login.html
00:56:28.494 Error: Router not found for request GET /login.jsp
01:22:13.748 Table counts: notes: 301, revisions: 59, attachments: 38, branches: 304, attributes: 448, etapi_tokens: 0, blobs: 271
01:22:13.795 All consistency checks passed with no errors detected (took 48ms)
02:22:13.752 Table counts: notes: 301, revisions: 59, attachments: 38, branches: 304, attributes: 448, etapi_tokens: 0, blobs: 271
02:22:13.805 All consistency checks passed with no errors detected (took 54ms)
03:22:13.761 Table counts: notes: 301, revisions: 59, attachments: 38, branches: 304, attributes: 448, etapi_tokens: 0, blobs: 271
03:22:13.825 All consistency checks passed with no errors detected (took 65ms)
04:22:13.770 Table counts: notes: 301, revisions: 59, attachments: 38, branches: 304, attributes: 448, etapi_tokens: 0, blobs: 271
04:22:13.793 All consistency checks passed with no errors detected (took 25ms)
05:22:00.587 Optimizing database
05:22:00.592 Optimization finished in 3ms.
05:22:13.777 Table counts: notes: 301, revisions: 59, attachments: 38, branches: 304, attributes: 448, etapi_tokens: 0, blobs: 271
05:22:13.802 All consistency checks passed with no errors detected (took 26ms)
06:22:13.807 Table counts: notes: 301, revisions: 59, attachments: 38, branches: 304, attributes: 448, etapi_tokens: 0, blobs: 271
06:22:13.850 All consistency checks passed with no errors detected (took 45ms)
07:22:13.840 Table counts: notes: 301, revisions: 59, attachments: 38, branches: 304, attributes: 448, etapi_tokens: 0, blobs: 271
07:22:13.859 All consistency checks passed with no errors detected (took 32ms)
08:22:13.847 Table counts: notes: 301, revisions: 59, attachments: 38, branches: 304, attributes: 448, etapi_tokens: 0, blobs: 271
08:22:13.882 All consistency checks passed with no errors detected (took 36ms)
09:22:13.859 Table counts: notes: 301, revisions: 59, attachments: 38, branches: 304, attributes: 448, etapi_tokens: 0, blobs: 271
09:22:13.888 All consistency checks passed with no errors detected (took 30ms)
10:22:13.873 Table counts: notes: 301, revisions: 59, attachments: 38, branches: 304, attributes: 448, etapi_tokens: 0, blobs: 271
10:22:13.911 All consistency checks passed with no errors detected (took 40ms)
11:22:13.890 Table counts: notes: 301, revisions: 59, attachments: 38, branches: 304, attributes: 448, etapi_tokens: 0, blobs: 271
11:22:13.911 All consistency checks passed with no errors detected (took 21ms)
12:22:13.902 Table counts: notes: 301, revisions: 59, attachments: 38, branches: 304, attributes: 448, etapi_tokens: 0, blobs: 271
12:22:13.921 All consistency checks passed with no errors detected (took 20ms)
13:22:13.913 Table counts: notes: 301, revisions: 59, attachments: 38, branches: 304, attributes: 448, etapi_tokens: 0, blobs: 271
13:22:13.941 All consistency checks passed with no errors detected (took 28ms)
14:22:13.923 Table counts: notes: 301, revisions: 59, attachments: 38, branches: 304, attributes: 448, etapi_tokens: 0, blobs: 271
14:22:13.955 All consistency checks passed with no errors detected (took 33ms)
15:22:00.591 Optimizing database
15:22:00.596 Optimization finished in 1ms.
15:22:13.932 Table counts: notes: 301, revisions: 59, attachments: 38, branches: 304, attributes: 448, etapi_tokens: 0, blobs: 271
15:22:13.964 All consistency checks passed with no errors detected (took 34ms)
16:22:13.936 Table counts: notes: 301, revisions: 59, attachments: 38, branches: 304, attributes: 448, etapi_tokens: 0, blobs: 271
16:22:13.970 All consistency checks passed with no errors detected (took 33ms)
17:22:13.943 Table counts: notes: 301, revisions: 59, attachments: 38, branches: 304, attributes: 448, etapi_tokens: 0, blobs: 271
17:22:13.972 All consistency checks passed with no errors detected (took 29ms)
18:22:13.947 Table counts: notes: 301, revisions: 59, attachments: 38, branches: 304, attributes: 448, etapi_tokens: 0, blobs: 271
18:22:13.977 All consistency checks passed with no errors detected (took 31ms)
18:41:20.246 WARNING: Wrong password from 68.183.90.212, rejecting.
18:41:20.437 WARNING: Wrong password from 68.183.90.212, rejecting.
18:41:20.610 WARNING: Wrong password from 68.183.90.212, rejecting.
18:41:20.782 WARNING: Wrong password from 68.183.90.212, rejecting.
18:41:21.131 Generated CSRF token cg2TL946-NKbsxBSihmjwiAVJaOwEkQLC1rA with secret _csrf=UB_ZaN8OjF9ayGqY4fKtep2j; Path=/
19:22:13.953 Table counts: notes: 301, revisions: 59, attachments: 38, branches: 304, attributes: 448, etapi_tokens: 0, blobs: 271
19:22:13.988 All consistency checks passed with no errors detected (took 36ms)
20:22:13.961 Table counts: notes: 301, revisions: 59, attachments: 38, branches: 304, attributes: 448, etapi_tokens: 0, blobs: 271
20:22:14.011 All consistency checks passed with no errors detected (took 51ms)
21:22:13.972 Table counts: notes: 301, revisions: 59, attachments: 38, branches: 304, attributes: 448, etapi_tokens: 0, blobs: 271
21:22:14.001 All consistency checks passed with no errors detected (took 30ms)
22:22:13.984 Table counts: notes: 301, revisions: 59, attachments: 38, branches: 304, attributes: 448, etapi_tokens: 0, blobs: 271
22:22:14.045 All consistency checks passed with no errors detected (took 62ms)
23:22:13.999 Table counts: notes: 301, revisions: 59, attachments: 38, branches: 304, attributes: 448, etapi_tokens: 0, blobs: 271
23:22:14.030 All consistency checks passed with no errors detected (took 32ms)
