00:06:21.127 Table counts: notes: 301, revisions: 59, attachments: 38, branches: 304, attributes: 448, etapi_tokens: 0, blobs: 271
00:06:21.141 All consistency checks passed with no errors detected (took 15ms)
00:44:46.112 Error: Router not found for request GET /.git/config
01:06:21.127 Table counts: notes: 301, revisions: 59, attachments: 38, branches: 304, attributes: 448, etapi_tokens: 0, blobs: 271
01:06:21.150 All consistency checks passed with no errors detected (took 22ms)
02:06:21.128 Table counts: notes: 301, revisions: 59, attachments: 38, branches: 304, attributes: 448, etapi_tokens: 0, blobs: 271
02:06:21.154 All consistency checks passed with no errors detected (took 27ms)
03:06:21.130 Table counts: notes: 301, revisions: 59, attachments: 38, branches: 304, attributes: 448, etapi_tokens: 0, blobs: 271
03:06:21.151 All consistency checks passed with no errors detected (took 22ms)
04:06:21.132 Table counts: notes: 301, revisions: 59, attachments: 38, branches: 304, attributes: 448, etapi_tokens: 0, blobs: 271
04:06:21.151 All consistency checks passed with no errors detected (took 19ms)
05:06:21.132 Table counts: notes: 301, revisions: 59, attachments: 38, branches: 304, attributes: 448, etapi_tokens: 0, blobs: 271
05:06:21.152 All consistency checks passed with no errors detected (took 20ms)
06:06:21.134 Table counts: notes: 301, revisions: 59, attachments: 38, branches: 304, attributes: 448, etapi_tokens: 0, blobs: 271
06:06:21.174 All consistency checks passed with no errors detected (took 40ms)
07:06:21.136 Table counts: notes: 301, revisions: 59, attachments: 38, branches: 304, attributes: 448, etapi_tokens: 0, blobs: 271
07:06:21.174 All consistency checks passed with no errors detected (took 38ms)
08:06:21.139 Table counts: notes: 301, revisions: 59, attachments: 38, branches: 304, attributes: 448, etapi_tokens: 0, blobs: 271
08:06:21.156 All consistency checks passed with no errors detected (took 18ms)
09:06:20.858 Optimizing database
09:06:20.860 Optimization finished in 1ms.
09:06:21.140 Table counts: notes: 301, revisions: 59, attachments: 38, branches: 304, attributes: 448, etapi_tokens: 0, blobs: 271
09:06:21.179 All consistency checks passed with no errors detected (took 39ms)
10:06:21.142 Table counts: notes: 301, revisions: 59, attachments: 38, branches: 304, attributes: 448, etapi_tokens: 0, blobs: 271
10:06:21.167 All consistency checks passed with no errors detected (took 26ms)
11:06:21.141 Table counts: notes: 301, revisions: 59, attachments: 38, branches: 304, attributes: 448, etapi_tokens: 0, blobs: 271
11:06:21.168 All consistency checks passed with no errors detected (took 27ms)
12:06:21.145 Table counts: notes: 301, revisions: 59, attachments: 38, branches: 304, attributes: 448, etapi_tokens: 0, blobs: 271
12:06:21.173 All consistency checks passed with no errors detected (took 30ms)
13:06:21.144 Table counts: notes: 301, revisions: 59, attachments: 38, branches: 304, attributes: 448, etapi_tokens: 0, blobs: 271
13:06:21.176 All consistency checks passed with no errors detected (took 32ms)
14:06:21.147 Table counts: notes: 301, revisions: 59, attachments: 38, branches: 304, attributes: 448, etapi_tokens: 0, blobs: 271
14:06:21.178 All consistency checks passed with no errors detected (took 30ms)
15:06:21.149 Table counts: notes: 301, revisions: 59, attachments: 38, branches: 304, attributes: 448, etapi_tokens: 0, blobs: 271
15:06:21.170 All consistency checks passed with no errors detected (took 21ms)
16:06:21.149 Table counts: notes: 301, revisions: 59, attachments: 38, branches: 304, attributes: 448, etapi_tokens: 0, blobs: 271
16:06:21.197 All consistency checks passed with no errors detected (took 49ms)
17:06:21.149 Table counts: notes: 301, revisions: 59, attachments: 38, branches: 304, attributes: 448, etapi_tokens: 0, blobs: 271
17:06:21.165 All consistency checks passed with no errors detected (took 17ms)
18:06:21.151 Table counts: notes: 301, revisions: 59, attachments: 38, branches: 304, attributes: 448, etapi_tokens: 0, blobs: 271
18:06:21.177 All consistency checks passed with no errors detected (took 26ms)
19:06:20.860 Optimizing database
19:06:20.863 Optimization finished in 2ms.
19:06:21.152 Table counts: notes: 301, revisions: 59, attachments: 38, branches: 304, attributes: 448, etapi_tokens: 0, blobs: 271
19:06:21.190 All consistency checks passed with no errors detected (took 39ms)
20:06:21.154 Table counts: notes: 301, revisions: 59, attachments: 38, branches: 304, attributes: 448, etapi_tokens: 0, blobs: 271
20:06:21.193 All consistency checks passed with no errors detected (took 39ms)
21:06:21.154 Table counts: notes: 301, revisions: 59, attachments: 38, branches: 304, attributes: 448, etapi_tokens: 0, blobs: 271
21:06:21.176 All consistency checks passed with no errors detected (took 21ms)
22:06:21.158 Table counts: notes: 301, revisions: 59, attachments: 38, branches: 304, attributes: 448, etapi_tokens: 0, blobs: 271
22:06:21.193 All consistency checks passed with no errors detected (took 36ms)
23:06:21.157 Table counts: notes: 301, revisions: 59, attachments: 38, branches: 304, attributes: 448, etapi_tokens: 0, blobs: 271
23:06:21.175 All consistency checks passed with no errors detected (took 18ms)
