00:50:17.755 Table counts: notes: 301, revisions: 65, attachments: 38, branches: 304, attributes: 446, etapi_tokens: 0, blobs: 275
00:50:17.771 All consistency checks passed with no errors detected (took 16ms)
01:50:17.755 Table counts: notes: 301, revisions: 65, attachments: 38, branches: 304, attributes: 446, etapi_tokens: 0, blobs: 275
01:50:17.770 All consistency checks passed with no errors detected (took 16ms)
02:50:17.771 Table counts: notes: 301, revisions: 65, attachments: 38, branches: 304, attributes: 446, etapi_tokens: 0, blobs: 275
02:50:17.793 All consistency checks passed with no errors detected (took 23ms)
03:50:17.787 Table counts: notes: 301, revisions: 65, attachments: 38, branches: 304, attributes: 446, etapi_tokens: 0, blobs: 275
03:50:17.801 All consistency checks passed with no errors detected (took 15ms)
04:49:53.031 Error: Router not found for request GET //xmlrpc.php?rsd
04:49:53.380 Error: Router not found for request GET //blog/robots.txt
04:49:53.738 Error: Router not found for request GET //blog/
04:49:54.093 Error: Router not found for request GET //wordpress/
04:49:54.461 Error: Router not found for request GET //wp/
04:50:17.791 Table counts: notes: 301, revisions: 65, attachments: 38, branches: 304, attributes: 446, etapi_tokens: 0, blobs: 275
04:50:17.803 All consistency checks passed with no errors detected (took 13ms)
05:50:16.088 Optimizing database
05:50:16.091 Optimization finished in 1ms.
05:50:17.793 Table counts: notes: 301, revisions: 65, attachments: 38, branches: 304, attributes: 446, etapi_tokens: 0, blobs: 275
05:50:17.813 All consistency checks passed with no errors detected (took 21ms)
06:11:55.657 Error: Router not found for request GET //xmlrpc.php?rsd
06:11:55.967 Error: Router not found for request GET //blog/robots.txt
06:11:56.276 Error: Router not found for request GET //blog/
06:11:56.587 Error: Router not found for request GET //wordpress/
06:11:56.904 Error: Router not found for request GET //wp/
06:50:17.797 Table counts: notes: 301, revisions: 65, attachments: 38, branches: 304, attributes: 446, etapi_tokens: 0, blobs: 275
06:50:17.818 All consistency checks passed with no errors detected (took 22ms)
07:50:17.801 Table counts: notes: 301, revisions: 65, attachments: 38, branches: 304, attributes: 446, etapi_tokens: 0, blobs: 275
07:50:17.819 All consistency checks passed with no errors detected (took 18ms)
08:50:17.804 Table counts: notes: 301, revisions: 65, attachments: 38, branches: 304, attributes: 446, etapi_tokens: 0, blobs: 275
08:50:17.822 All consistency checks passed with no errors detected (took 18ms)
09:12:29.373 Error: Router not found for request GET /wiki
09:50:17.807 Table counts: notes: 301, revisions: 65, attachments: 38, branches: 304, attributes: 446, etapi_tokens: 0, blobs: 275
09:50:17.823 All consistency checks passed with no errors detected (took 17ms)
10:50:17.809 Table counts: notes: 301, revisions: 65, attachments: 38, branches: 304, attributes: 446, etapi_tokens: 0, blobs: 275
10:50:17.828 All consistency checks passed with no errors detected (took 19ms)
11:50:17.837 Table counts: notes: 301, revisions: 65, attachments: 38, branches: 304, attributes: 446, etapi_tokens: 0, blobs: 275
11:50:17.865 All consistency checks passed with no errors detected (took 29ms)
12:50:17.862 Table counts: notes: 301, revisions: 65, attachments: 38, branches: 304, attributes: 446, etapi_tokens: 0, blobs: 275
12:50:17.880 All consistency checks passed with no errors detected (took 18ms)
13:14:05.309 Error: Router not found for request GET /pdown
13:50:17.863 Table counts: notes: 301, revisions: 65, attachments: 38, branches: 304, attributes: 446, etapi_tokens: 0, blobs: 275
13:50:17.880 All consistency checks passed with no errors detected (took 18ms)
14:50:17.887 Table counts: notes: 301, revisions: 65, attachments: 38, branches: 304, attributes: 446, etapi_tokens: 0, blobs: 275
14:50:17.906 All consistency checks passed with no errors detected (took 20ms)
15:50:16.107 Optimizing database
15:50:16.111 Optimization finished in 1ms.
15:50:17.889 Table counts: notes: 301, revisions: 65, attachments: 38, branches: 304, attributes: 446, etapi_tokens: 0, blobs: 275
15:50:17.911 All consistency checks passed with no errors detected (took 23ms)
16:50:17.898 Table counts: notes: 301, revisions: 65, attachments: 38, branches: 304, attributes: 446, etapi_tokens: 0, blobs: 275
16:50:17.915 All consistency checks passed with no errors detected (took 17ms)
17:50:17.901 Table counts: notes: 301, revisions: 65, attachments: 38, branches: 304, attributes: 446, etapi_tokens: 0, blobs: 275
17:50:17.917 All consistency checks passed with no errors detected (took 17ms)
18:50:17.915 Table counts: notes: 301, revisions: 65, attachments: 38, branches: 304, attributes: 446, etapi_tokens: 0, blobs: 275
18:50:17.933 All consistency checks passed with no errors detected (took 19ms)
19:50:17.926 Table counts: notes: 301, revisions: 65, attachments: 38, branches: 304, attributes: 446, etapi_tokens: 0, blobs: 275
19:50:17.946 All consistency checks passed with no errors detected (took 20ms)
20:50:17.932 Table counts: notes: 301, revisions: 65, attachments: 38, branches: 304, attributes: 446, etapi_tokens: 0, blobs: 275
20:50:17.952 All consistency checks passed with no errors detected (took 21ms)
21:50:17.931 Table counts: notes: 301, revisions: 65, attachments: 38, branches: 304, attributes: 446, etapi_tokens: 0, blobs: 275
21:50:17.944 All consistency checks passed with no errors detected (took 13ms)
22:50:17.935 Table counts: notes: 301, revisions: 65, attachments: 38, branches: 304, attributes: 446, etapi_tokens: 0, blobs: 275
22:50:17.951 All consistency checks passed with no errors detected (took 17ms)
23:50:17.938 Table counts: notes: 301, revisions: 65, attachments: 38, branches: 304, attributes: 446, etapi_tokens: 0, blobs: 275
23:50:17.957 All consistency checks passed with no errors detected (took 19ms)
