00:22:02.429 Table counts: notes: 287, revisions: 18, attachments: 40, branches: 290, attributes: 441, etapi_tokens: 0, blobs: 227
00:22:02.448 All consistency checks passed with no errors detected (took 18ms)
01:22:02.432 Table counts: notes: 287, revisions: 18, attachments: 40, branches: 290, attributes: 441, etapi_tokens: 0, blobs: 227
01:22:02.444 All consistency checks passed with no errors detected (took 13ms)
02:22:02.446 Table counts: notes: 287, revisions: 18, attachments: 40, branches: 290, attributes: 441, etapi_tokens: 0, blobs: 227
02:22:02.456 All consistency checks passed with no errors detected (took 10ms)
03:21:59.259 Optimizing database
03:21:59.262 Optimization finished in 2ms.
03:22:02.449 Table counts: notes: 287, revisions: 18, attachments: 40, branches: 290, attributes: 441, etapi_tokens: 0, blobs: 227
03:22:02.462 All consistency checks passed with no errors detected (took 14ms)
04:22:02.453 Table counts: notes: 287, revisions: 18, attachments: 40, branches: 290, attributes: 441, etapi_tokens: 0, blobs: 227
04:22:02.467 All consistency checks passed with no errors detected (took 14ms)
05:22:02.456 Table counts: notes: 287, revisions: 18, attachments: 40, branches: 290, attributes: 441, etapi_tokens: 0, blobs: 227
05:22:02.469 All consistency checks passed with no errors detected (took 13ms)
05:25:23.038 Generated CSRF token K4KxqoKK-jlklEo_mAYGPmPkL-KJGB4pxY6E with secret _csrf=0uccFXbt5pVYe8dHHhjoBfpK; Path=/
05:25:23.298 200 GET /api/tree with 34300 bytes took 4ms
05:25:23.301 200 GET /api/options with 8458 bytes took 2ms
05:25:23.305 200 GET /api/keyboard-actions with 12407 bytes took 4ms
05:25:23.315 Slow 200 GET /api/script/widgets with 155155 bytes took 10ms
05:25:23.461 200 POST /api/tree/load with 6399 bytes took 2ms
05:25:23.548 200 POST /api/tree/load with 6563 bytes took 2ms
05:25:23.789 200 POST /api/tree/load with 5954 bytes took 1ms
05:25:23.885 200 GET /api/keyboard-shortcuts-for-notes with 2 bytes took 1ms
05:25:24.377 200 GET /api/note-map/QHp8TIFYUsiT/backlink-count with 11 bytes took 1ms
05:25:24.384 200 GET /api/notes/QHp8TIFYUsiT/blob with 22637 bytes took 4ms
05:25:24.788 200 GET /api/search/%23workspace%20%23!template with 2 bytes took 4ms
05:25:24.995 200 GET /api/notes/lsgJRCHtTh9a/blob with 9416 bytes took 2ms
05:25:25.012 204 PUT /api/options with 0 bytes took 3ms
05:25:25.014 200 GET /api/note-map/lsgJRCHtTh9a/backlink-count with 11 bytes took 1ms
05:25:25.896 200 GET /api/script/startup with 1804 bytes took 3ms
05:25:25.971 200 POST /api/tree/load with 6525 bytes took 1ms
05:25:26.056 200 POST /api/tree/load with 6679 bytes took 2ms
05:25:27.790 204 PUT /api/options with 0 bytes took 1ms
05:25:27.792 200 GET /api/note-map/0ocRr86nF47u/backlink-count with 11 bytes took 1ms
05:25:27.794 200 GET /api/notes/0ocRr86nF47u/blob with 14450 bytes took 2ms
05:25:41.914 200 GET /api/notes/nb4yx5qvVmy5/blob with 2590 bytes took 2ms
05:25:41.915 200 GET /api/note-map/nb4yx5qvVmy5/backlink-count with 11 bytes took 1ms
05:26:01.084 200 GET /api/notes/9GGMzeoUQJJM/blob with 5170 bytes took 2ms
05:26:01.086 200 GET /api/note-map/9GGMzeoUQJJM/backlink-count with 11 bytes took 1ms
05:26:39.376 JS Error: 0 PUT options - undefined
Stack: Error
    at Object.k [as logError] (https://xsunix.cn/assets/v0.63.7/app-dist/desktop.js:2:118317)
    at Object.throwError (https://xsunix.cn/assets/v0.63.7/app-dist/desktop.js:2:101226)
    at c (https://xsunix.cn/assets/v0.63.7/app-dist/desktop.js:2:97980)
    at async Object.error (https://xsunix.cn/assets/v0.63.7/app-dist/desktop.js:2:96737)
05:26:39.377 JS Error: 0 POST recent-notes - undefined
Stack: Error
    at Object.k [as logError] (https://xsunix.cn/assets/v0.63.7/app-dist/desktop.js:2:118317)
    at Object.throwError (https://xsunix.cn/assets/v0.63.7/app-dist/desktop.js:2:101226)
    at c (https://xsunix.cn/assets/v0.63.7/app-dist/desktop.js:2:97980)
    at async Object.error (https://xsunix.cn/assets/v0.63.7/app-dist/desktop.js:2:96737)
05:26:39.378 JS Error: 0 PUT options - undefined
Stack: Error
    at Object.k [as logError] (https://xsunix.cn/assets/v0.63.7/app-dist/desktop.js:2:118317)
    at Object.throwError (https://xsunix.cn/assets/v0.63.7/app-dist/desktop.js:2:101226)
    at c (https://xsunix.cn/assets/v0.63.7/app-dist/desktop.js:2:97980)
    at async Object.error (https://xsunix.cn/assets/v0.63.7/app-dist/desktop.js:2:96737)
05:45:34.355 204 PUT /api/options with 0 bytes took 8ms
05:45:34.362 200 GET /api/notes/lsgJRCHtTh9a/blob with 9416 bytes took 6ms
05:45:34.364 200 GET /api/note-map/lsgJRCHtTh9a/backlink-count with 11 bytes took 1ms
05:45:37.881 204 PUT /api/options with 0 bytes took 4ms
05:45:37.884 200 GET /api/notes/1g13lN5Vif5L/blob with 4643 bytes took 2ms
05:45:37.885 200 GET /api/note-map/1g13lN5Vif5L/backlink-count with 11 bytes took 1ms
05:45:40.884 200 GET /api/notes/1g13lN5Vif5L/blob with 4643 bytes took 3ms
06:22:02.466 Table counts: notes: 287, revisions: 18, attachments: 40, branches: 290, attributes: 441, etapi_tokens: 0, blobs: 227
06:22:02.483 All consistency checks passed with no errors detected (took 18ms)
07:22:02.474 Table counts: notes: 287, revisions: 18, attachments: 40, branches: 290, attributes: 441, etapi_tokens: 0, blobs: 227
07:22:02.488 All consistency checks passed with no errors detected (took 14ms)
08:22:02.478 Table counts: notes: 287, revisions: 18, attachments: 40, branches: 290, attributes: 441, etapi_tokens: 0, blobs: 227
08:22:02.493 All consistency checks passed with no errors detected (took 16ms)
09:22:02.481 Table counts: notes: 287, revisions: 18, attachments: 40, branches: 290, attributes: 441, etapi_tokens: 0, blobs: 227
09:22:02.498 All consistency checks passed with no errors detected (took 17ms)
10:22:02.485 Table counts: notes: 287, revisions: 18, attachments: 40, branches: 290, attributes: 441, etapi_tokens: 0, blobs: 227
10:22:02.498 All consistency checks passed with no errors detected (took 14ms)
11:22:02.486 Table counts: notes: 287, revisions: 18, attachments: 40, branches: 290, attributes: 441, etapi_tokens: 0, blobs: 227
11:22:02.495 All consistency checks passed with no errors detected (took 10ms)
12:22:02.492 Table counts: notes: 287, revisions: 18, attachments: 40, branches: 290, attributes: 441, etapi_tokens: 0, blobs: 227
12:22:02.503 All consistency checks passed with no errors detected (took 12ms)
13:21:59.260 Optimizing database
13:21:59.263 Optimization finished in 1ms.
13:22:02.493 Table counts: notes: 287, revisions: 18, attachments: 40, branches: 290, attributes: 441, etapi_tokens: 0, blobs: 227
13:22:02.512 All consistency checks passed with no errors detected (took 19ms)
14:22:02.500 Table counts: notes: 287, revisions: 18, attachments: 40, branches: 290, attributes: 441, etapi_tokens: 0, blobs: 227
14:22:02.513 All consistency checks passed with no errors detected (took 14ms)
15:22:02.503 Table counts: notes: 287, revisions: 18, attachments: 40, branches: 290, attributes: 441, etapi_tokens: 0, blobs: 227
15:22:02.518 All consistency checks passed with no errors detected (took 16ms)
16:22:02.503 Table counts: notes: 287, revisions: 18, attachments: 40, branches: 290, attributes: 441, etapi_tokens: 0, blobs: 227
16:22:02.516 All consistency checks passed with no errors detected (took 13ms)
17:22:02.506 Table counts: notes: 287, revisions: 18, attachments: 40, branches: 290, attributes: 441, etapi_tokens: 0, blobs: 227
17:22:02.532 All consistency checks passed with no errors detected (took 25ms)
18:22:02.510 Table counts: notes: 287, revisions: 18, attachments: 40, branches: 290, attributes: 441, etapi_tokens: 0, blobs: 227
18:22:02.519 All consistency checks passed with no errors detected (took 10ms)
19:22:02.525 Table counts: notes: 287, revisions: 18, attachments: 40, branches: 290, attributes: 441, etapi_tokens: 0, blobs: 227
19:22:02.535 All consistency checks passed with no errors detected (took 10ms)
20:22:02.539 Table counts: notes: 287, revisions: 18, attachments: 40, branches: 290, attributes: 441, etapi_tokens: 0, blobs: 227
20:22:02.550 All consistency checks passed with no errors detected (took 11ms)
21:22:02.541 Table counts: notes: 287, revisions: 18, attachments: 40, branches: 290, attributes: 441, etapi_tokens: 0, blobs: 227
21:22:02.551 All consistency checks passed with no errors detected (took 9ms)
22:22:02.554 Table counts: notes: 287, revisions: 18, attachments: 40, branches: 290, attributes: 441, etapi_tokens: 0, blobs: 227
22:22:02.568 All consistency checks passed with no errors detected (took 15ms)
23:01:00.637 Error: Router not found for request GET //wp-includes/wlwmanifest.xml
23:01:00.896 Error: Router not found for request GET //xmlrpc.php?rsd
23:01:01.404 Error: Router not found for request GET //blog/wp-includes/wlwmanifest.xml
23:01:01.660 Error: Router not found for request GET //web/wp-includes/wlwmanifest.xml
23:01:01.915 Error: Router not found for request GET //wordpress/wp-includes/wlwmanifest.xml
23:01:02.171 Error: Router not found for request GET //website/wp-includes/wlwmanifest.xml
23:01:02.431 Error: Router not found for request GET //wp/wp-includes/wlwmanifest.xml
23:01:02.685 Error: Router not found for request GET //news/wp-includes/wlwmanifest.xml
23:01:02.951 Error: Router not found for request GET //2018/wp-includes/wlwmanifest.xml
23:01:03.207 Error: Router not found for request GET //2019/wp-includes/wlwmanifest.xml
23:01:03.482 Error: Router not found for request GET //shop/wp-includes/wlwmanifest.xml
23:01:03.761 Error: Router not found for request GET //wp1/wp-includes/wlwmanifest.xml
23:01:04.486 Error: Router not found for request GET //test/wp-includes/wlwmanifest.xml
23:01:04.743 Error: Router not found for request GET //media/wp-includes/wlwmanifest.xml
23:01:04.999 Error: Router not found for request GET //wp2/wp-includes/wlwmanifest.xml
23:01:05.253 Error: Router not found for request GET //site/wp-includes/wlwmanifest.xml
23:01:05.508 Error: Router not found for request GET //cms/wp-includes/wlwmanifest.xml
23:01:05.764 Error: Router not found for request GET //sito/wp-includes/wlwmanifest.xml
23:21:59.264 Optimizing database
23:21:59.267 Optimization finished in 1ms.
23:22:02.556 Table counts: notes: 287, revisions: 18, attachments: 40, branches: 290, attributes: 441, etapi_tokens: 0, blobs: 227
23:22:02.577 All consistency checks passed with no errors detected (took 21ms)
