00:03:26.682 Error: Router not found for request GET /security.txt
00:50:16.340 Table counts: notes: 301, revisions: 65, attachments: 38, branches: 304, attributes: 446, etapi_tokens: 0, blobs: 275
00:50:16.353 All consistency checks passed with no errors detected (took 14ms)
01:50:15.826 Optimizing database
01:50:15.829 Optimization finished in 1ms.
01:50:16.340 Table counts: notes: 301, revisions: 65, attachments: 38, branches: 304, attributes: 446, etapi_tokens: 0, blobs: 275
01:50:16.357 All consistency checks passed with no errors detected (took 18ms)
02:50:16.342 Table counts: notes: 301, revisions: 65, attachments: 38, branches: 304, attributes: 446, etapi_tokens: 0, blobs: 275
02:50:16.362 All consistency checks passed with no errors detected (took 21ms)
03:50:16.343 Table counts: notes: 301, revisions: 65, attachments: 38, branches: 304, attributes: 446, etapi_tokens: 0, blobs: 275
03:50:16.369 All consistency checks passed with no errors detected (took 26ms)
04:50:16.343 Table counts: notes: 301, revisions: 65, attachments: 38, branches: 304, attributes: 446, etapi_tokens: 0, blobs: 275
04:50:16.357 All consistency checks passed with no errors detected (took 15ms)
05:12:44.104 Error: Router not found for request GET /wiki
05:50:16.343 Table counts: notes: 301, revisions: 65, attachments: 38, branches: 304, attributes: 446, etapi_tokens: 0, blobs: 275
05:50:16.358 All consistency checks passed with no errors detected (took 16ms)
06:50:16.344 Table counts: notes: 301, revisions: 65, attachments: 38, branches: 304, attributes: 446, etapi_tokens: 0, blobs: 275
06:50:16.362 All consistency checks passed with no errors detected (took 19ms)
07:50:16.344 Table counts: notes: 301, revisions: 65, attachments: 38, branches: 304, attributes: 446, etapi_tokens: 0, blobs: 275
07:50:16.368 All consistency checks passed with no errors detected (took 24ms)
08:50:16.344 Table counts: notes: 301, revisions: 65, attachments: 38, branches: 304, attributes: 446, etapi_tokens: 0, blobs: 275
08:50:16.366 All consistency checks passed with no errors detected (took 21ms)
09:50:16.345 Table counts: notes: 301, revisions: 65, attachments: 38, branches: 304, attributes: 446, etapi_tokens: 0, blobs: 275
09:50:16.358 All consistency checks passed with no errors detected (took 14ms)
10:50:16.345 Table counts: notes: 301, revisions: 65, attachments: 38, branches: 304, attributes: 446, etapi_tokens: 0, blobs: 275
10:50:16.361 All consistency checks passed with no errors detected (took 17ms)
11:50:15.831 Optimizing database
11:50:15.834 Optimization finished in 1ms.
11:50:16.345 Table counts: notes: 301, revisions: 65, attachments: 38, branches: 304, attributes: 446, etapi_tokens: 0, blobs: 275
11:50:16.363 All consistency checks passed with no errors detected (took 19ms)
12:50:16.346 Table counts: notes: 301, revisions: 65, attachments: 38, branches: 304, attributes: 446, etapi_tokens: 0, blobs: 275
12:50:16.368 All consistency checks passed with no errors detected (took 24ms)
13:14:50.952 Error: Router not found for request GET /pdown
13:50:16.345 Table counts: notes: 301, revisions: 65, attachments: 38, branches: 304, attributes: 446, etapi_tokens: 0, blobs: 275
13:50:16.359 All consistency checks passed with no errors detected (took 14ms)
14:50:16.346 Table counts: notes: 301, revisions: 65, attachments: 38, branches: 304, attributes: 446, etapi_tokens: 0, blobs: 275
14:50:16.361 All consistency checks passed with no errors detected (took 15ms)
15:50:16.352 Table counts: notes: 301, revisions: 65, attachments: 38, branches: 304, attributes: 446, etapi_tokens: 0, blobs: 275
15:50:16.393 All consistency checks passed with no errors detected (took 42ms)
16:50:16.351 Table counts: notes: 301, revisions: 65, attachments: 38, branches: 304, attributes: 446, etapi_tokens: 0, blobs: 275
16:50:16.373 All consistency checks passed with no errors detected (took 23ms)
17:50:16.351 Table counts: notes: 301, revisions: 65, attachments: 38, branches: 304, attributes: 446, etapi_tokens: 0, blobs: 275
17:50:16.378 All consistency checks passed with no errors detected (took 27ms)
18:50:16.351 Table counts: notes: 301, revisions: 65, attachments: 38, branches: 304, attributes: 446, etapi_tokens: 0, blobs: 275
18:50:16.378 All consistency checks passed with no errors detected (took 27ms)
19:50:16.351 Table counts: notes: 301, revisions: 65, attachments: 38, branches: 304, attributes: 446, etapi_tokens: 0, blobs: 275
19:50:16.375 All consistency checks passed with no errors detected (took 25ms)
20:50:16.351 Table counts: notes: 301, revisions: 65, attachments: 38, branches: 304, attributes: 446, etapi_tokens: 0, blobs: 275
20:50:16.370 All consistency checks passed with no errors detected (took 20ms)
21:50:15.850 Optimizing database
21:50:15.855 Optimization finished in 1ms.
21:50:16.351 Table counts: notes: 301, revisions: 65, attachments: 38, branches: 304, attributes: 446, etapi_tokens: 0, blobs: 275
21:50:16.372 All consistency checks passed with no errors detected (took 22ms)
22:42:17.941 Error: Router not found for request GET /.well-known/security.txt
22:50:16.362 Table counts: notes: 301, revisions: 65, attachments: 38, branches: 304, attributes: 446, etapi_tokens: 0, blobs: 275
22:50:16.379 All consistency checks passed with no errors detected (took 18ms)
23:50:16.382 Table counts: notes: 301, revisions: 65, attachments: 38, branches: 304, attributes: 446, etapi_tokens: 0, blobs: 275
23:50:16.403 All consistency checks passed with no errors detected (took 21ms)
