00:22:16.739 Table counts: notes: 301, revisions: 59, attachments: 38, branches: 304, attributes: 448, etapi_tokens: 0, blobs: 271
00:22:16.766 All consistency checks passed with no errors detected (took 28ms)
01:22:00.855 Optimizing database
01:22:00.858 Optimization finished in 1ms.
01:22:16.753 Table counts: notes: 301, revisions: 59, attachments: 38, branches: 304, attributes: 448, etapi_tokens: 0, blobs: 271
01:22:16.784 All consistency checks passed with no errors detected (took 32ms)
02:22:16.767 Table counts: notes: 301, revisions: 59, attachments: 38, branches: 304, attributes: 448, etapi_tokens: 0, blobs: 271
02:22:16.786 All consistency checks passed with no errors detected (took 20ms)
03:22:16.774 Table counts: notes: 301, revisions: 59, attachments: 38, branches: 304, attributes: 448, etapi_tokens: 0, blobs: 271
03:22:16.790 All consistency checks passed with no errors detected (took 17ms)
04:22:16.798 Table counts: notes: 301, revisions: 59, attachments: 38, branches: 304, attributes: 448, etapi_tokens: 0, blobs: 271
04:22:16.864 All consistency checks passed with no errors detected (took 67ms)
05:22:16.799 Table counts: notes: 301, revisions: 59, attachments: 38, branches: 304, attributes: 448, etapi_tokens: 0, blobs: 271
05:22:16.817 All consistency checks passed with no errors detected (took 19ms)
06:22:16.799 Table counts: notes: 301, revisions: 59, attachments: 38, branches: 304, attributes: 448, etapi_tokens: 0, blobs: 271
06:22:16.816 All consistency checks passed with no errors detected (took 18ms)
07:22:16.802 Table counts: notes: 301, revisions: 59, attachments: 38, branches: 304, attributes: 448, etapi_tokens: 0, blobs: 271
07:22:16.814 All consistency checks passed with no errors detected (took 13ms)
08:22:16.806 Table counts: notes: 301, revisions: 59, attachments: 38, branches: 304, attributes: 448, etapi_tokens: 0, blobs: 271
08:22:16.823 All consistency checks passed with no errors detected (took 17ms)
09:07:43.216 Generated CSRF token taOWqsh0-C8jIfmyycjP2xdLmUQ9RfwnJjoU with secret _csrf=ZrbDrv8Ywh-OQv77J9clZxpk; Path=/
09:07:43.909 200 GET /api/options with 6532 bytes took 2ms
09:07:43.916 200 GET /api/tree with 83910 bytes took 6ms
09:07:43.921 200 GET /api/keyboard-actions with 12407 bytes took 5ms
09:07:43.931 200 GET /api/script/widgets with 155155 bytes took 9ms
09:07:44.146 200 POST /api/tree/load with 6402 bytes took 2ms
09:07:44.294 200 POST /api/tree/load with 6566 bytes took 2ms
09:07:45.120 200 POST /api/tree/load with 5957 bytes took 2ms
09:07:45.297 200 GET /api/keyboard-shortcuts-for-notes with 2 bytes took 2ms
09:07:45.343 200 GET /api/tree?subTreeNoteId=nmGRBjLRBYx0 with 8656 bytes took 2ms
09:07:45.345 200 GET /api/tree?subTreeNoteId=MPdckOb6hmUt with 5783 bytes took 1ms
09:07:45.346 200 GET /api/tree?subTreeNoteId=Y1ssLHdTfg74 with 2378 bytes took 1ms
09:07:45.461 200 GET /api/notes/eaxgg24od19f/blob with 7225 bytes took 2ms
09:07:45.463 200 GET /api/note-map/eaxgg24od19f/backlink-count with 11 bytes took 1ms
09:07:47.309 200 GET /api/script/startup with 1804 bytes took 7ms
09:07:47.454 200 POST /api/tree/load with 6528 bytes took 2ms
09:07:47.601 200 POST /api/tree/load with 6682 bytes took 2ms
09:07:52.831 200 GET /api/notes/16ewVYb5lycl/blob with 549 bytes took 2ms
09:07:52.834 200 GET /api/note-map/16ewVYb5lycl/backlink-count with 11 bytes took 1ms
09:07:52.846 204 PUT /api/options with 0 bytes took 7ms
09:22:16.807 Table counts: notes: 301, revisions: 59, attachments: 38, branches: 304, attributes: 448, etapi_tokens: 0, blobs: 271
09:22:16.823 All consistency checks passed with no errors detected (took 17ms)
10:22:16.810 Table counts: notes: 301, revisions: 59, attachments: 38, branches: 304, attributes: 448, etapi_tokens: 0, blobs: 271
10:22:16.829 All consistency checks passed with no errors detected (took 22ms)
11:22:00.868 Optimizing database
11:22:00.873 Optimization finished in 2ms.
11:22:16.822 Table counts: notes: 301, revisions: 59, attachments: 38, branches: 304, attributes: 448, etapi_tokens: 0, blobs: 271
11:22:16.851 All consistency checks passed with no errors detected (took 29ms)
12:22:16.838 Table counts: notes: 301, revisions: 59, attachments: 38, branches: 304, attributes: 448, etapi_tokens: 0, blobs: 271
12:22:16.852 All consistency checks passed with no errors detected (took 15ms)
13:22:16.850 Table counts: notes: 301, revisions: 59, attachments: 38, branches: 304, attributes: 448, etapi_tokens: 0, blobs: 271
13:22:16.875 All consistency checks passed with no errors detected (took 25ms)
14:22:16.859 Table counts: notes: 301, revisions: 59, attachments: 38, branches: 304, attributes: 448, etapi_tokens: 0, blobs: 271
14:22:16.883 All consistency checks passed with no errors detected (took 26ms)
15:11:56.179 Error: Router not found for request GET /.well-known/security.txt
15:22:16.877 Table counts: notes: 301, revisions: 59, attachments: 38, branches: 304, attributes: 448, etapi_tokens: 0, blobs: 271
15:22:16.906 All consistency checks passed with no errors detected (took 31ms)
16:22:16.898 Table counts: notes: 301, revisions: 59, attachments: 38, branches: 304, attributes: 448, etapi_tokens: 0, blobs: 271
16:22:16.916 All consistency checks passed with no errors detected (took 20ms)
17:22:16.911 Table counts: notes: 301, revisions: 59, attachments: 38, branches: 304, attributes: 448, etapi_tokens: 0, blobs: 271
17:22:16.933 All consistency checks passed with no errors detected (took 23ms)
18:22:16.920 Table counts: notes: 301, revisions: 59, attachments: 38, branches: 304, attributes: 448, etapi_tokens: 0, blobs: 271
18:22:16.947 All consistency checks passed with no errors detected (took 28ms)
19:22:16.936 Table counts: notes: 301, revisions: 59, attachments: 38, branches: 304, attributes: 448, etapi_tokens: 0, blobs: 271
19:22:16.957 All consistency checks passed with no errors detected (took 22ms)
20:22:16.949 Table counts: notes: 301, revisions: 59, attachments: 38, branches: 304, attributes: 448, etapi_tokens: 0, blobs: 271
20:22:17.006 All consistency checks passed with no errors detected (took 58ms)
21:22:00.870 Optimizing database
21:22:00.873 Optimization finished in 1ms.
21:22:16.961 Table counts: notes: 301, revisions: 59, attachments: 38, branches: 304, attributes: 448, etapi_tokens: 0, blobs: 271
21:22:16.982 All consistency checks passed with no errors detected (took 22ms)
22:22:16.973 Table counts: notes: 301, revisions: 59, attachments: 38, branches: 304, attributes: 448, etapi_tokens: 0, blobs: 271
22:22:16.991 All consistency checks passed with no errors detected (took 19ms)
23:22:16.982 Table counts: notes: 301, revisions: 59, attachments: 38, branches: 304, attributes: 448, etapi_tokens: 0, blobs: 271
23:22:16.998 All consistency checks passed with no errors detected (took 16ms)
