00:22:17.493 Table counts: notes: 301, revisions: 59, attachments: 38, branches: 304, attributes: 448, etapi_tokens: 0, blobs: 271
00:22:17.531 All consistency checks passed with no errors detected (took 39ms)
01:22:17.503 Table counts: notes: 301, revisions: 59, attachments: 38, branches: 304, attributes: 448, etapi_tokens: 0, blobs: 271
01:22:17.529 All consistency checks passed with no errors detected (took 26ms)
02:22:17.511 Table counts: notes: 301, revisions: 59, attachments: 38, branches: 304, attributes: 448, etapi_tokens: 0, blobs: 271
02:22:17.545 All consistency checks passed with no errors detected (took 35ms)
03:22:17.520 Table counts: notes: 301, revisions: 59, attachments: 38, branches: 304, attributes: 448, etapi_tokens: 0, blobs: 271
03:22:17.567 Slow query took 28ms: SELECT noteId, parentNoteId FROM branches WHERE isDeleted = 0
03:22:17.572 All consistency checks passed with no errors detected (took 53ms)
04:22:17.527 Table counts: notes: 301, revisions: 59, attachments: 38, branches: 304, attributes: 448, etapi_tokens: 0, blobs: 271
04:22:17.555 All consistency checks passed with no errors detected (took 29ms)
05:22:17.532 Table counts: notes: 301, revisions: 59, attachments: 38, branches: 304, attributes: 448, etapi_tokens: 0, blobs: 271
05:22:17.545 All consistency checks passed with no errors detected (took 14ms)
06:22:17.534 Table counts: notes: 301, revisions: 59, attachments: 38, branches: 304, attributes: 448, etapi_tokens: 0, blobs: 271
06:22:17.551 All consistency checks passed with no errors detected (took 18ms)
07:22:17.555 Table counts: notes: 301, revisions: 59, attachments: 38, branches: 304, attributes: 448, etapi_tokens: 0, blobs: 271
07:22:17.580 All consistency checks passed with no errors detected (took 25ms)
08:22:17.556 Table counts: notes: 301, revisions: 59, attachments: 38, branches: 304, attributes: 448, etapi_tokens: 0, blobs: 271
08:22:17.574 All consistency checks passed with no errors detected (took 18ms)
09:22:00.955 Optimizing database
09:22:00.960 Optimization finished in 2ms.
09:22:17.556 Table counts: notes: 301, revisions: 59, attachments: 38, branches: 304, attributes: 448, etapi_tokens: 0, blobs: 271
09:22:17.580 All consistency checks passed with no errors detected (took 26ms)
10:22:17.559 Table counts: notes: 301, revisions: 59, attachments: 38, branches: 304, attributes: 448, etapi_tokens: 0, blobs: 271
10:22:17.579 All consistency checks passed with no errors detected (took 20ms)
11:22:17.563 Table counts: notes: 301, revisions: 59, attachments: 38, branches: 304, attributes: 448, etapi_tokens: 0, blobs: 271
11:22:17.583 All consistency checks passed with no errors detected (took 20ms)
12:22:17.568 Table counts: notes: 301, revisions: 59, attachments: 38, branches: 304, attributes: 448, etapi_tokens: 0, blobs: 271
12:22:17.583 All consistency checks passed with no errors detected (took 15ms)
13:22:17.571 Table counts: notes: 301, revisions: 59, attachments: 38, branches: 304, attributes: 448, etapi_tokens: 0, blobs: 271
13:22:17.584 All consistency checks passed with no errors detected (took 14ms)
14:22:17.576 Table counts: notes: 301, revisions: 59, attachments: 38, branches: 304, attributes: 448, etapi_tokens: 0, blobs: 271
14:22:17.590 All consistency checks passed with no errors detected (took 15ms)
15:22:17.580 Table counts: notes: 301, revisions: 59, attachments: 38, branches: 304, attributes: 448, etapi_tokens: 0, blobs: 271
15:22:17.593 All consistency checks passed with no errors detected (took 14ms)
16:22:17.583 Table counts: notes: 301, revisions: 59, attachments: 38, branches: 304, attributes: 448, etapi_tokens: 0, blobs: 271
16:22:17.598 All consistency checks passed with no errors detected (took 16ms)
17:22:17.582 Table counts: notes: 301, revisions: 59, attachments: 38, branches: 304, attributes: 448, etapi_tokens: 0, blobs: 271
17:22:17.596 All consistency checks passed with no errors detected (took 15ms)
18:22:17.585 Table counts: notes: 301, revisions: 59, attachments: 38, branches: 304, attributes: 448, etapi_tokens: 0, blobs: 271
18:22:17.606 All consistency checks passed with no errors detected (took 22ms)
19:22:00.973 Optimizing database
19:22:00.977 Optimization finished in 2ms.
19:22:17.584 Table counts: notes: 301, revisions: 59, attachments: 38, branches: 304, attributes: 448, etapi_tokens: 0, blobs: 271
19:22:17.610 All consistency checks passed with no errors detected (took 25ms)
20:22:17.592 Table counts: notes: 301, revisions: 59, attachments: 38, branches: 304, attributes: 448, etapi_tokens: 0, blobs: 271
20:22:17.605 All consistency checks passed with no errors detected (took 13ms)
21:22:17.598 Table counts: notes: 301, revisions: 59, attachments: 38, branches: 304, attributes: 448, etapi_tokens: 0, blobs: 271
21:22:17.611 All consistency checks passed with no errors detected (took 13ms)
22:22:17.624 Table counts: notes: 301, revisions: 59, attachments: 38, branches: 304, attributes: 448, etapi_tokens: 0, blobs: 271
22:22:17.644 All consistency checks passed with no errors detected (took 20ms)
23:22:17.652 Table counts: notes: 301, revisions: 59, attachments: 38, branches: 304, attributes: 448, etapi_tokens: 0, blobs: 271
23:22:17.671 All consistency checks passed with no errors detected (took 20ms)
