00:00:02.165 No connection to sync server.
00:01:02.155 No connection to sync server.
00:02:02.166 No connection to sync server.
00:03:02.168 No connection to sync server.
00:04:02.181 No connection to sync server.
00:05:02.189 No connection to sync server.
00:06:02.211 No connection to sync server.
00:07:02.202 No connection to sync server.
00:08:02.229 No connection to sync server.
00:09:02.250 No connection to sync server.
00:10:02.251 No connection to sync server.
00:11:02.265 No connection to sync server.
00:12:02.268 No connection to sync server.
00:13:02.267 No connection to sync server.
00:14:02.304 No connection to sync server.
00:15:02.305 No connection to sync server.
00:16:02.316 No connection to sync server.
00:17:02.311 No connection to sync server.
00:17:06.641 Optimizing database
00:17:06.642 Optimization finished in 1ms.
00:17:06.840 Table counts: notes: 308, revisions: 122, attachments: 65, branches: 311, attributes: 457, etapi_tokens: 0, blobs: 333
00:17:06.858 All consistency checks passed with no errors detected (took 19ms)
00:18:02.352 No connection to sync server.
00:19:02.344 No connection to sync server.
00:20:02.361 No connection to sync server.
00:21:02.371 No connection to sync server.
00:22:02.381 No connection to sync server.
00:23:02.384 No connection to sync server.
00:24:02.405 No connection to sync server.
00:25:02.413 No connection to sync server.
00:26:02.430 No connection to sync server.
00:27:02.440 No connection to sync server.
00:28:02.455 No connection to sync server.
00:29:02.455 No connection to sync server.
00:30:02.467 No connection to sync server.
00:31:02.481 No connection to sync server.
00:32:02.490 No connection to sync server.
00:33:02.498 No connection to sync server.
00:34:02.521 No connection to sync server.
00:35:02.527 No connection to sync server.
00:36:02.536 No connection to sync server.
00:37:02.553 No connection to sync server.
00:38:02.552 No connection to sync server.
00:39:02.567 No connection to sync server.
00:40:02.576 No connection to sync server.
00:41:02.581 No connection to sync server.
00:42:02.595 No connection to sync server.
00:43:02.598 No connection to sync server.
00:44:02.621 No connection to sync server.
00:45:02.629 No connection to sync server.
00:46:02.636 No connection to sync server.
00:47:02.639 No connection to sync server.
00:48:02.652 No connection to sync server.
00:49:02.651 No connection to sync server.
00:50:02.673 No connection to sync server.
00:51:02.679 No connection to sync server.
00:52:02.699 No connection to sync server.
00:53:02.686 No connection to sync server.
00:54:02.704 No connection to sync server.
00:55:02.700 No connection to sync server.
00:56:02.720 No connection to sync server.
00:57:02.735 No connection to sync server.
00:58:02.742 No connection to sync server.
00:59:02.760 No connection to sync server.
01:00:02.768 No connection to sync server.
01:01:02.761 No connection to sync server.
01:02:02.791 No connection to sync server.
01:03:02.792 No connection to sync server.
01:04:02.814 No connection to sync server.
01:05:02.810 No connection to sync server.
01:06:02.856 No connection to sync server.
01:07:02.835 No connection to sync server.
01:08:02.845 No connection to sync server.
01:09:02.842 No connection to sync server.
01:10:02.859 No connection to sync server.
01:11:02.866 No connection to sync server.
01:12:02.881 No connection to sync server.
01:13:02.886 No connection to sync server.
01:14:02.906 No connection to sync server.
01:15:02.909 No connection to sync server.
01:16:02.930 No connection to sync server.
01:17:02.932 No connection to sync server.
01:17:06.840 Table counts: notes: 308, revisions: 122, attachments: 65, branches: 311, attributes: 457, etapi_tokens: 0, blobs: 333
01:17:06.860 All consistency checks passed with no errors detected (took 20ms)
01:18:02.942 No connection to sync server.
01:19:02.950 No connection to sync server.
01:20:02.988 No connection to sync server.
01:21:02.964 No connection to sync server.
01:22:02.975 No connection to sync server.
01:23:02.993 No connection to sync server.
01:24:02.988 No connection to sync server.
01:25:02.999 No connection to sync server.
01:26:03.005 No connection to sync server.
01:27:03.013 No connection to sync server.
01:28:03.036 No connection to sync server.
01:29:03.033 No connection to sync server.
