00:50:18.165 Table counts: notes: 301, revisions: 65, attachments: 38, branches: 304, attributes: 446, etapi_tokens: 0, blobs: 275
00:50:18.183 All consistency checks passed with no errors detected (took 18ms)
01:49:29.764 Error: Router not found for request GET /.env
01:50:18.167 Table counts: notes: 301, revisions: 65, attachments: 38, branches: 304, attributes: 446, etapi_tokens: 0, blobs: 275
01:50:18.183 All consistency checks passed with no errors detected (took 17ms)
02:50:18.190 Table counts: notes: 301, revisions: 65, attachments: 38, branches: 304, attributes: 446, etapi_tokens: 0, blobs: 275
02:50:18.215 All consistency checks passed with no errors detected (took 25ms)
03:50:18.208 Table counts: notes: 301, revisions: 65, attachments: 38, branches: 304, attributes: 446, etapi_tokens: 0, blobs: 275
03:50:18.226 All consistency checks passed with no errors detected (took 19ms)
04:50:18.225 Table counts: notes: 301, revisions: 65, attachments: 38, branches: 304, attributes: 446, etapi_tokens: 0, blobs: 275
04:50:18.252 All consistency checks passed with no errors detected (took 27ms)
05:50:18.226 Table counts: notes: 301, revisions: 65, attachments: 38, branches: 304, attributes: 446, etapi_tokens: 0, blobs: 275
05:50:18.242 All consistency checks passed with no errors detected (took 17ms)
06:50:18.241 Table counts: notes: 301, revisions: 65, attachments: 38, branches: 304, attributes: 446, etapi_tokens: 0, blobs: 275
06:50:18.256 All consistency checks passed with no errors detected (took 16ms)
07:50:16.153 Optimizing database
07:50:16.156 Optimization finished in 1ms.
07:50:18.243 Table counts: notes: 301, revisions: 65, attachments: 38, branches: 304, attributes: 446, etapi_tokens: 0, blobs: 275
07:50:18.268 All consistency checks passed with no errors detected (took 26ms)
08:50:18.253 Table counts: notes: 301, revisions: 65, attachments: 38, branches: 304, attributes: 446, etapi_tokens: 0, blobs: 275
08:50:18.270 All consistency checks passed with no errors detected (took 18ms)
09:50:18.255 Table counts: notes: 301, revisions: 65, attachments: 38, branches: 304, attributes: 446, etapi_tokens: 0, blobs: 275
09:50:18.272 All consistency checks passed with no errors detected (took 18ms)
10:50:18.260 Table counts: notes: 301, revisions: 65, attachments: 38, branches: 304, attributes: 446, etapi_tokens: 0, blobs: 275
10:50:18.279 All consistency checks passed with no errors detected (took 19ms)
11:50:18.264 Table counts: notes: 301, revisions: 65, attachments: 38, branches: 304, attributes: 446, etapi_tokens: 0, blobs: 275
11:50:18.278 All consistency checks passed with no errors detected (took 14ms)
12:50:18.266 Table counts: notes: 301, revisions: 65, attachments: 38, branches: 304, attributes: 446, etapi_tokens: 0, blobs: 275
12:50:18.282 All consistency checks passed with no errors detected (took 16ms)
13:13:34.506 Error: Router not found for request GET /pdown
13:50:18.269 Table counts: notes: 301, revisions: 65, attachments: 38, branches: 304, attributes: 446, etapi_tokens: 0, blobs: 275
13:50:18.288 All consistency checks passed with no errors detected (took 19ms)
14:48:00.825 Error: Router not found for request GET /wiki
14:50:18.270 Table counts: notes: 301, revisions: 65, attachments: 38, branches: 304, attributes: 446, etapi_tokens: 0, blobs: 275
14:50:18.283 All consistency checks passed with no errors detected (took 14ms)
15:50:18.285 Table counts: notes: 301, revisions: 65, attachments: 38, branches: 304, attributes: 446, etapi_tokens: 0, blobs: 275
15:50:18.303 All consistency checks passed with no errors detected (took 18ms)
16:50:18.310 Table counts: notes: 301, revisions: 65, attachments: 38, branches: 304, attributes: 446, etapi_tokens: 0, blobs: 275
16:50:18.327 All consistency checks passed with no errors detected (took 18ms)
17:50:16.156 Optimizing database
17:50:16.160 Optimization finished in 1ms.
17:50:18.312 Table counts: notes: 301, revisions: 65, attachments: 38, branches: 304, attributes: 446, etapi_tokens: 0, blobs: 275
17:50:18.333 All consistency checks passed with no errors detected (took 22ms)
18:50:18.330 Table counts: notes: 301, revisions: 65, attachments: 38, branches: 304, attributes: 446, etapi_tokens: 0, blobs: 275
18:50:18.348 All consistency checks passed with no errors detected (took 19ms)
19:50:18.346 Table counts: notes: 301, revisions: 65, attachments: 38, branches: 304, attributes: 446, etapi_tokens: 0, blobs: 275
19:50:18.368 All consistency checks passed with no errors detected (took 22ms)
20:50:18.359 Table counts: notes: 301, revisions: 65, attachments: 38, branches: 304, attributes: 446, etapi_tokens: 0, blobs: 275
20:50:18.376 All consistency checks passed with no errors detected (took 17ms)
21:50:18.362 Table counts: notes: 301, revisions: 65, attachments: 38, branches: 304, attributes: 446, etapi_tokens: 0, blobs: 275
21:50:18.380 All consistency checks passed with no errors detected (took 18ms)
22:50:18.372 Table counts: notes: 301, revisions: 65, attachments: 38, branches: 304, attributes: 446, etapi_tokens: 0, blobs: 275
22:50:18.398 All consistency checks passed with no errors detected (took 27ms)
22:58:43.898 Error: Router not found for request GET /.env
23:50:18.379 Table counts: notes: 301, revisions: 65, attachments: 38, branches: 304, attributes: 446, etapi_tokens: 0, blobs: 275
23:50:18.395 All consistency checks passed with no errors detected (took 16ms)
