00:22:13.486 Table counts: notes: 301, revisions: 59, attachments: 38, branches: 304, attributes: 448, etapi_tokens: 0, blobs: 271
00:22:13.529 All consistency checks passed with no errors detected (took 43ms)
01:22:13.486 Table counts: notes: 301, revisions: 59, attachments: 38, branches: 304, attributes: 448, etapi_tokens: 0, blobs: 271
01:22:13.507 All consistency checks passed with no errors detected (took 22ms)
02:22:13.491 Table counts: notes: 301, revisions: 59, attachments: 38, branches: 304, attributes: 448, etapi_tokens: 0, blobs: 271
02:22:13.521 All consistency checks passed with no errors detected (took 31ms)
03:22:13.488 Table counts: notes: 301, revisions: 59, attachments: 38, branches: 304, attributes: 448, etapi_tokens: 0, blobs: 271
03:22:13.509 All consistency checks passed with no errors detected (took 22ms)
04:22:13.499 Table counts: notes: 301, revisions: 59, attachments: 38, branches: 304, attributes: 448, etapi_tokens: 0, blobs: 271
04:22:13.529 All consistency checks passed with no errors detected (took 31ms)
05:22:13.511 Table counts: notes: 301, revisions: 59, attachments: 38, branches: 304, attributes: 448, etapi_tokens: 0, blobs: 271
05:22:13.559 All consistency checks passed with no errors detected (took 59ms)
06:22:13.508 Table counts: notes: 301, revisions: 59, attachments: 38, branches: 304, attributes: 448, etapi_tokens: 0, blobs: 271
06:22:13.554 All consistency checks passed with no errors detected (took 47ms)
07:22:13.507 Table counts: notes: 301, revisions: 59, attachments: 38, branches: 304, attributes: 448, etapi_tokens: 0, blobs: 271
07:22:13.529 All consistency checks passed with no errors detected (took 22ms)
08:22:13.519 Table counts: notes: 301, revisions: 59, attachments: 38, branches: 304, attributes: 448, etapi_tokens: 0, blobs: 271
08:22:13.552 All consistency checks passed with no errors detected (took 33ms)
09:22:00.555 Optimizing database
09:22:00.562 Optimization finished in 3ms.
09:22:13.530 Table counts: notes: 301, revisions: 59, attachments: 38, branches: 304, attributes: 448, etapi_tokens: 0, blobs: 271
09:22:13.593 Slow query took 22ms: SELECT noteId, parentNoteId FROM branches WHERE isDeleted = 0
09:22:13.603 All consistency checks passed with no errors detected (took 74ms)
10:22:13.553 Table counts: notes: 301, revisions: 59, attachments: 38, branches: 304, attributes: 448, etapi_tokens: 0, blobs: 271
10:22:13.590 All consistency checks passed with no errors detected (took 38ms)
11:22:13.586 Table counts: notes: 301, revisions: 59, attachments: 38, branches: 304, attributes: 448, etapi_tokens: 0, blobs: 271
11:22:13.634 All consistency checks passed with no errors detected (took 50ms)
12:22:13.600 Table counts: notes: 301, revisions: 59, attachments: 38, branches: 304, attributes: 448, etapi_tokens: 0, blobs: 271
12:22:13.613 All consistency checks passed with no errors detected (took 14ms)
13:22:13.613 Table counts: notes: 301, revisions: 59, attachments: 38, branches: 304, attributes: 448, etapi_tokens: 0, blobs: 271
13:22:13.648 All consistency checks passed with no errors detected (took 35ms)
14:22:13.633 Table counts: notes: 301, revisions: 59, attachments: 38, branches: 304, attributes: 448, etapi_tokens: 0, blobs: 271
14:22:13.652 All consistency checks passed with no errors detected (took 20ms)
15:22:13.653 Table counts: notes: 301, revisions: 59, attachments: 38, branches: 304, attributes: 448, etapi_tokens: 0, blobs: 271
15:22:13.673 All consistency checks passed with no errors detected (took 21ms)
16:22:13.686 Table counts: notes: 301, revisions: 59, attachments: 38, branches: 304, attributes: 448, etapi_tokens: 0, blobs: 271
16:22:13.702 All consistency checks passed with no errors detected (took 17ms)
17:22:13.684 Table counts: notes: 301, revisions: 59, attachments: 38, branches: 304, attributes: 448, etapi_tokens: 0, blobs: 271
17:22:13.703 All consistency checks passed with no errors detected (took 20ms)
18:22:13.695 Table counts: notes: 301, revisions: 59, attachments: 38, branches: 304, attributes: 448, etapi_tokens: 0, blobs: 271
18:22:13.718 All consistency checks passed with no errors detected (took 24ms)
19:22:00.585 Optimizing database
19:22:00.588 Optimization finished in 1ms.
19:22:13.707 Table counts: notes: 301, revisions: 59, attachments: 38, branches: 304, attributes: 448, etapi_tokens: 0, blobs: 271
19:22:13.741 All consistency checks passed with no errors detected (took 34ms)
20:22:13.719 Table counts: notes: 301, revisions: 59, attachments: 38, branches: 304, attributes: 448, etapi_tokens: 0, blobs: 271
20:22:13.748 All consistency checks passed with no errors detected (took 30ms)
21:22:13.722 Table counts: notes: 301, revisions: 59, attachments: 38, branches: 304, attributes: 448, etapi_tokens: 0, blobs: 271
21:22:13.748 All consistency checks passed with no errors detected (took 26ms)
22:22:13.730 Table counts: notes: 301, revisions: 59, attachments: 38, branches: 304, attributes: 448, etapi_tokens: 0, blobs: 271
22:22:13.748 All consistency checks passed with no errors detected (took 18ms)
23:22:13.738 Table counts: notes: 301, revisions: 59, attachments: 38, branches: 304, attributes: 448, etapi_tokens: 0, blobs: 271
23:22:13.761 All consistency checks passed with no errors detected (took 23ms)
