00:50:16.495 Table counts: notes: 301, revisions: 65, attachments: 38, branches: 304, attributes: 446, etapi_tokens: 0, blobs: 275
00:50:16.513 All consistency checks passed with no errors detected (took 19ms)
01:50:16.495 Table counts: notes: 301, revisions: 65, attachments: 38, branches: 304, attributes: 446, etapi_tokens: 0, blobs: 275
01:50:16.514 All consistency checks passed with no errors detected (took 20ms)
02:02:56.988 Error: Router not found for request GET /sitemap.xml
02:50:16.521 Table counts: notes: 301, revisions: 65, attachments: 38, branches: 304, attributes: 446, etapi_tokens: 0, blobs: 275
02:50:16.534 All consistency checks passed with no errors detected (took 14ms)
03:50:15.881 Optimizing database
03:50:15.884 Optimization finished in 1ms.
03:50:16.522 Table counts: notes: 301, revisions: 65, attachments: 38, branches: 304, attributes: 446, etapi_tokens: 0, blobs: 275
03:50:16.542 All consistency checks passed with no errors detected (took 21ms)
04:50:16.536 Table counts: notes: 301, revisions: 65, attachments: 38, branches: 304, attributes: 446, etapi_tokens: 0, blobs: 275
04:50:16.553 All consistency checks passed with no errors detected (took 17ms)
05:50:16.538 Table counts: notes: 301, revisions: 65, attachments: 38, branches: 304, attributes: 446, etapi_tokens: 0, blobs: 275
05:50:16.557 All consistency checks passed with no errors detected (took 20ms)
06:50:16.538 Table counts: notes: 301, revisions: 65, attachments: 38, branches: 304, attributes: 446, etapi_tokens: 0, blobs: 275
06:50:16.561 All consistency checks passed with no errors detected (took 24ms)
07:50:16.559 Table counts: notes: 301, revisions: 65, attachments: 38, branches: 304, attributes: 446, etapi_tokens: 0, blobs: 275
07:50:16.575 All consistency checks passed with no errors detected (took 16ms)
08:50:16.578 Table counts: notes: 301, revisions: 65, attachments: 38, branches: 304, attributes: 446, etapi_tokens: 0, blobs: 275
08:50:16.596 All consistency checks passed with no errors detected (took 19ms)
09:50:16.580 Table counts: notes: 301, revisions: 65, attachments: 38, branches: 304, attributes: 446, etapi_tokens: 0, blobs: 275
09:50:16.597 All consistency checks passed with no errors detected (took 17ms)
10:50:16.593 Table counts: notes: 301, revisions: 65, attachments: 38, branches: 304, attributes: 446, etapi_tokens: 0, blobs: 275
10:50:16.608 All consistency checks passed with no errors detected (took 15ms)
11:50:16.605 Table counts: notes: 301, revisions: 65, attachments: 38, branches: 304, attributes: 446, etapi_tokens: 0, blobs: 275
11:50:16.619 All consistency checks passed with no errors detected (took 15ms)
12:50:16.608 Table counts: notes: 301, revisions: 65, attachments: 38, branches: 304, attributes: 446, etapi_tokens: 0, blobs: 275
12:50:16.624 All consistency checks passed with no errors detected (took 16ms)
13:14:25.695 Error: Router not found for request GET /pdown
13:50:15.882 Optimizing database
13:50:15.885 Optimization finished in 1ms.
13:50:16.610 Table counts: notes: 301, revisions: 65, attachments: 38, branches: 304, attributes: 446, etapi_tokens: 0, blobs: 275
13:50:16.626 All consistency checks passed with no errors detected (took 17ms)
14:50:16.619 Table counts: notes: 301, revisions: 65, attachments: 38, branches: 304, attributes: 446, etapi_tokens: 0, blobs: 275
14:50:16.634 All consistency checks passed with no errors detected (took 16ms)
15:50:16.628 Table counts: notes: 301, revisions: 65, attachments: 38, branches: 304, attributes: 446, etapi_tokens: 0, blobs: 275
15:50:16.647 All consistency checks passed with no errors detected (took 20ms)
16:50:16.637 Table counts: notes: 301, revisions: 65, attachments: 38, branches: 304, attributes: 446, etapi_tokens: 0, blobs: 275
16:50:16.661 All consistency checks passed with no errors detected (took 26ms)
17:50:16.636 Table counts: notes: 301, revisions: 65, attachments: 38, branches: 304, attributes: 446, etapi_tokens: 0, blobs: 275
17:50:16.656 All consistency checks passed with no errors detected (took 20ms)
18:50:16.639 Table counts: notes: 301, revisions: 65, attachments: 38, branches: 304, attributes: 446, etapi_tokens: 0, blobs: 275
18:50:16.652 All consistency checks passed with no errors detected (took 14ms)
19:50:16.648 Table counts: notes: 301, revisions: 65, attachments: 38, branches: 304, attributes: 446, etapi_tokens: 0, blobs: 275
19:50:16.662 All consistency checks passed with no errors detected (took 15ms)
20:50:16.642 Table counts: notes: 301, revisions: 65, attachments: 38, branches: 304, attributes: 446, etapi_tokens: 0, blobs: 275
20:50:16.660 All consistency checks passed with no errors detected (took 18ms)
21:50:16.643 Table counts: notes: 301, revisions: 65, attachments: 38, branches: 304, attributes: 446, etapi_tokens: 0, blobs: 275
21:50:16.663 All consistency checks passed with no errors detected (took 20ms)
22:50:16.671 Table counts: notes: 301, revisions: 65, attachments: 38, branches: 304, attributes: 446, etapi_tokens: 0, blobs: 275
22:50:16.685 All consistency checks passed with no errors detected (took 14ms)
23:49:22.560 Error: Router not found for request GET /.well-known/security.txt
23:50:15.906 Optimizing database
23:50:15.908 Optimization finished in 1ms.
23:50:16.672 Table counts: notes: 301, revisions: 65, attachments: 38, branches: 304, attributes: 446, etapi_tokens: 0, blobs: 275
23:50:16.697 All consistency checks passed with no errors detected (took 26ms)
