00:22:04.440 Table counts: notes: 287, revisions: 18, attachments: 38, branches: 290, attributes: 441, etapi_tokens: 0, blobs: 227
00:22:04.455 All consistency checks passed with no errors detected (took 15ms)
01:22:04.444 Table counts: notes: 287, revisions: 18, attachments: 38, branches: 290, attributes: 441, etapi_tokens: 0, blobs: 227
01:22:04.453 All consistency checks passed with no errors detected (took 10ms)
02:22:04.449 Table counts: notes: 287, revisions: 18, attachments: 38, branches: 290, attributes: 441, etapi_tokens: 0, blobs: 227
02:22:04.459 All consistency checks passed with no errors detected (took 10ms)
03:21:59.546 Optimizing database
03:21:59.549 Optimization finished in 1ms.
03:22:04.453 Table counts: notes: 287, revisions: 18, attachments: 38, branches: 290, attributes: 441, etapi_tokens: 0, blobs: 227
03:22:04.472 All consistency checks passed with no errors detected (took 20ms)
04:22:04.468 Table counts: notes: 287, revisions: 18, attachments: 38, branches: 290, attributes: 441, etapi_tokens: 0, blobs: 227
04:22:04.477 All consistency checks passed with no errors detected (took 10ms)
05:22:04.473 Table counts: notes: 287, revisions: 18, attachments: 38, branches: 290, attributes: 441, etapi_tokens: 0, blobs: 227
05:22:04.481 All consistency checks passed with no errors detected (took 9ms)
06:22:04.488 Table counts: notes: 287, revisions: 18, attachments: 38, branches: 290, attributes: 441, etapi_tokens: 0, blobs: 227
06:22:04.503 All consistency checks passed with no errors detected (took 16ms)
07:22:04.502 Table counts: notes: 287, revisions: 18, attachments: 38, branches: 290, attributes: 441, etapi_tokens: 0, blobs: 227
07:22:04.517 All consistency checks passed with no errors detected (took 16ms)
08:22:04.512 Table counts: notes: 287, revisions: 18, attachments: 38, branches: 290, attributes: 441, etapi_tokens: 0, blobs: 227
08:22:04.525 All consistency checks passed with no errors detected (took 13ms)
09:22:04.517 Table counts: notes: 287, revisions: 18, attachments: 38, branches: 290, attributes: 441, etapi_tokens: 0, blobs: 227
09:22:04.526 All consistency checks passed with no errors detected (took 9ms)
10:22:04.527 Table counts: notes: 287, revisions: 18, attachments: 38, branches: 290, attributes: 441, etapi_tokens: 0, blobs: 227
10:22:04.541 All consistency checks passed with no errors detected (took 15ms)
11:22:04.533 Table counts: notes: 287, revisions: 18, attachments: 38, branches: 290, attributes: 441, etapi_tokens: 0, blobs: 227
11:22:04.547 All consistency checks passed with no errors detected (took 14ms)
12:22:04.538 Table counts: notes: 287, revisions: 18, attachments: 38, branches: 290, attributes: 441, etapi_tokens: 0, blobs: 227
12:22:04.547 All consistency checks passed with no errors detected (took 9ms)
13:21:59.576 Optimizing database
13:21:59.579 Optimization finished in 1ms.
13:22:04.543 Table counts: notes: 287, revisions: 18, attachments: 38, branches: 290, attributes: 441, etapi_tokens: 0, blobs: 227
13:22:04.557 All consistency checks passed with no errors detected (took 15ms)
14:22:04.546 Table counts: notes: 287, revisions: 18, attachments: 38, branches: 290, attributes: 441, etapi_tokens: 0, blobs: 227
14:22:04.557 All consistency checks passed with no errors detected (took 12ms)
15:22:04.550 Table counts: notes: 287, revisions: 18, attachments: 38, branches: 290, attributes: 441, etapi_tokens: 0, blobs: 227
15:22:04.559 All consistency checks passed with no errors detected (took 9ms)
16:12:48.034 Error: Router not found for request GET /.well-known/security.txt
16:22:04.550 Table counts: notes: 287, revisions: 18, attachments: 38, branches: 290, attributes: 441, etapi_tokens: 0, blobs: 227
16:22:04.563 All consistency checks passed with no errors detected (took 13ms)
16:36:25.084 Error: Router not found for request GET /favicon.png
17:22:04.553 Table counts: notes: 287, revisions: 18, attachments: 38, branches: 290, attributes: 441, etapi_tokens: 0, blobs: 227
17:22:04.563 All consistency checks passed with no errors detected (took 10ms)
18:22:04.581 Table counts: notes: 287, revisions: 18, attachments: 38, branches: 290, attributes: 441, etapi_tokens: 0, blobs: 227
18:22:04.592 All consistency checks passed with no errors detected (took 12ms)
19:22:04.601 Table counts: notes: 287, revisions: 18, attachments: 38, branches: 290, attributes: 441, etapi_tokens: 0, blobs: 227
19:22:04.612 All consistency checks passed with no errors detected (took 11ms)
20:22:04.626 Table counts: notes: 287, revisions: 18, attachments: 38, branches: 290, attributes: 441, etapi_tokens: 0, blobs: 227
20:22:04.636 All consistency checks passed with no errors detected (took 10ms)
21:22:04.629 Table counts: notes: 287, revisions: 18, attachments: 38, branches: 290, attributes: 441, etapi_tokens: 0, blobs: 227
21:22:04.642 All consistency checks passed with no errors detected (took 13ms)
22:22:04.642 Table counts: notes: 287, revisions: 18, attachments: 38, branches: 290, attributes: 441, etapi_tokens: 0, blobs: 227
22:22:04.651 All consistency checks passed with no errors detected (took 9ms)
22:47:57.132 Error: Router not found for request GET //installer.php
23:21:59.586 Optimizing database
23:21:59.589 Optimization finished in 1ms.
23:22:04.645 Table counts: notes: 287, revisions: 18, attachments: 38, branches: 290, attributes: 441, etapi_tokens: 0, blobs: 227
23:22:04.659 All consistency checks passed with no errors detected (took 15ms)
