00:00:00.609 No connection to sync server.
00:01:00.591 No connection to sync server.
00:02:00.602 No connection to sync server.
00:03:00.632 No connection to sync server.
00:04:00.631 No connection to sync server.
00:05:00.640 No connection to sync server.
00:06:00.662 No connection to sync server.
00:07:00.666 No connection to sync server.
00:08:00.673 No connection to sync server.
00:09:00.697 No connection to sync server.
00:10:00.703 No connection to sync server.
00:11:00.729 No connection to sync server.
00:12:00.741 No connection to sync server.
00:13:00.752 No connection to sync server.
00:14:00.758 No connection to sync server.
00:15:00.788 No connection to sync server.
00:16:00.787 No connection to sync server.
00:17:00.811 No connection to sync server.
00:17:07.002 Table counts: notes: 308, revisions: 122, attachments: 65, branches: 311, attributes: 457, etapi_tokens: 0, blobs: 333
00:17:07.021 All consistency checks passed with no errors detected (took 19ms)
00:18:00.815 No connection to sync server.
00:19:00.856 No connection to sync server.
00:20:00.854 No connection to sync server.
00:21:00.884 No connection to sync server.
00:22:00.882 No connection to sync server.
00:23:00.902 No connection to sync server.
00:24:00.922 No connection to sync server.
00:25:00.914 No connection to sync server.
00:26:00.957 No connection to sync server.
00:27:00.952 No connection to sync server.
00:28:00.978 No connection to sync server.
00:29:00.974 No connection to sync server.
00:30:01.012 No connection to sync server.
00:31:01.013 No connection to sync server.
00:32:01.036 No connection to sync server.
00:33:01.049 No connection to sync server.
00:34:01.072 No connection to sync server.
00:35:01.078 No connection to sync server.
00:36:01.088 No connection to sync server.
00:37:01.086 No connection to sync server.
00:38:01.126 No connection to sync server.
00:39:01.120 No connection to sync server.
00:40:01.135 No connection to sync server.
00:41:01.155 No connection to sync server.
00:42:01.172 No connection to sync server.
00:43:01.178 No connection to sync server.
00:44:01.196 No connection to sync server.
00:45:01.180 No connection to sync server.
00:46:01.214 No connection to sync server.
00:47:01.215 No connection to sync server.
00:48:01.237 No connection to sync server.
00:49:01.246 No connection to sync server.
00:50:01.292 No connection to sync server.
00:51:01.277 No connection to sync server.
00:52:01.298 No connection to sync server.
00:53:01.313 No connection to sync server.
00:54:01.328 No connection to sync server.
00:55:01.336 No connection to sync server.
00:56:01.355 No connection to sync server.
00:57:01.366 No connection to sync server.
00:58:01.384 No connection to sync server.
00:59:01.396 No connection to sync server.
01:00:01.413 No connection to sync server.
01:01:01.439 No connection to sync server.
01:02:01.444 No connection to sync server.
01:03:01.438 No connection to sync server.
01:04:01.470 No connection to sync server.
01:05:01.471 No connection to sync server.
01:06:01.484 No connection to sync server.
01:07:01.495 No connection to sync server.
01:08:01.526 No connection to sync server.
01:09:01.524 No connection to sync server.
01:10:01.544 No connection to sync server.
01:11:01.558 No connection to sync server.
01:12:01.563 No connection to sync server.
01:13:01.589 No connection to sync server.
01:14:01.596 No connection to sync server.
01:15:01.611 No connection to sync server.
01:16:01.627 No connection to sync server.
01:17:01.641 No connection to sync server.
01:17:07.004 Table counts: notes: 308, revisions: 122, attachments: 65, branches: 311, attributes: 457, etapi_tokens: 0, blobs: 333
01:17:07.022 All consistency checks passed with no errors detected (took 18ms)
01:18:01.653 No connection to sync server.
01:19:01.672 No connection to sync server.
01:20:01.692 No connection to sync server.
01:21:01.691 No connection to sync server.
01:22:01.700 No connection to sync server.
01:23:01.714 No connection to sync server.
01:24:01.717 No connection to sync server.
01:25:01.746 No connection to sync server.
01:26:01.756 No connection to sync server.
01:27:01.778 No connection to sync server.
01:28:01.781 No connection to sync server.
01:29:01.808 No connection to sync server.
01:30:01.807 No connection to sync server.
01:31:01.844 No connection to sync server.
01:32:01.844 No connection to sync server.
01:33:01.872 No connection to sync server.
01:34:01.873 No connection to sync server.
01:35:01.901 No connection to sync server.
01:36:01.910 No connection to sync server.
01:37:01.930 No connection to sync server.
01:38:01.930 No connection to sync server.
01:39:01.950 No connection to sync server.
01:40:01.969 No connection to sync server.
01:41:01.979 No connection to sync server.
01:42:02.010 No connection to sync server.
01:43:02.021 No connection to sync server.
01:44:02.016 No connection to sync server.
01:45:02.022 No connection to sync server.
01:46:02.043 No connection to sync server.
01:47:02.043 No connection to sync server.
01:48:02.069 No connection to sync server.
01:49:02.075 No connection to sync server.
01:50:02.082 No connection to sync server.
01:51:02.115 No connection to sync server.
01:52:02.122 No connection to sync server.
01:53:02.135 No connection to sync server.
01:54:02.156 No connection to sync server.
01:55:02.159 No connection to sync server.
01:56:02.188 No connection to sync server.
01:57:02.177 No connection to sync server.
01:58:02.215 No connection to sync server.
01:59:02.217 No connection to sync server.
02:00:02.226 No connection to sync server.
02:01:02.246 No connection to sync server.
02:02:02.249 No connection to sync server.
02:03:02.275 No connection to sync server.
02:04:02.277 No connection to sync server.
02:05:02.306 No connection to sync server.
02:06:02.311 No connection to sync server.
02:07:02.325 No connection to sync server.
02:08:02.336 No connection to sync server.
02:09:02.352 No connection to sync server.
02:10:02.369 No connection to sync server.
02:11:02.384 No connection to sync server.
02:12:02.395 No connection to sync server.
02:13:02.413 No connection to sync server.
02:14:02.428 No connection to sync server.
02:15:02.446 No connection to sync server.
02:16:02.446 No connection to sync server.
02:17:02.482 No connection to sync server.
02:17:07.005 Table counts: notes: 308, revisions: 122, attachments: 65, branches: 311, attributes: 457, etapi_tokens: 0, blobs: 333
02:17:07.024 All consistency checks passed with no errors detected (took 20ms)
02:18:02.472 No connection to sync server.
02:19:02.501 No connection to sync server.
02:20:02.509 No connection to sync server.
02:21:02.530 No connection to sync server.
02:22:02.536 No connection to sync server.
02:23:02.583 No connection to sync server.
02:24:02.574 No connection to sync server.
02:25:02.600 No connection to sync server.
02:26:02.597 No connection to sync server.
02:27:02.624 No connection to sync server.
02:28:02.625 No connection to sync server.
02:29:07.641 No connection to sync server.
02:30:02.673 No connection to sync server.
02:31:02.654 No connection to sync server.
02:32:02.658 No connection to sync server.
02:33:02.690 No connection to sync server.
02:34:02.682 No connection to sync server.
02:35:02.710 No connection to sync server.
02:36:02.730 No connection to sync server.
02:37:02.741 No connection to sync server.
02:38:02.759 No connection to sync server.
02:39:02.771 No connection to sync server.
02:40:02.799 No connection to sync server.
02:41:02.801 No connection to sync server.
02:42:02.816 No connection to sync server.
02:43:02.828 No connection to sync server.
02:44:02.851 No connection to sync server.
02:45:02.853 No connection to sync server.
02:46:02.880 No connection to sync server.
02:47:02.884 No connection to sync server.
02:48:02.911 No connection to sync server.
02:49:02.919 No connection to sync server.
02:50:02.938 No connection to sync server.
02:51:02.957 No connection to sync server.
02:52:02.966 No connection to sync server.
02:53:02.960 No connection to sync server.
02:54:02.989 No connection to sync server.
02:55:02.990 No connection to sync server.
02:56:03.009 No connection to sync server.
02:57:03.023 No connection to sync server.
02:58:03.041 No connection to sync server.
02:59:03.057 No connection to sync server.
03:00:03.092 No connection to sync server.
03:01:03.078 No connection to sync server.
03:02:03.104 No connection to sync server.
03:03:03.107 No connection to sync server.
03:04:03.136 No connection to sync server.
03:05:03.139 No connection to sync server.
03:06:03.161 No connection to sync server.
03:07:03.183 No connection to sync server.
03:08:03.189 No connection to sync server.
03:09:03.291 No connection to sync server.
03:10:03.229 No connection to sync server.
03:11:03.231 No connection to sync server.
03:12:03.240 No connection to sync server.
03:13:03.253 No connection to sync server.
03:14:03.256 No connection to sync server.
03:15:03.283 No connection to sync server.
03:16:03.292 No connection to sync server.
03:17:03.306 No connection to sync server.
03:17:07.006 Table counts: notes: 308, revisions: 122, attachments: 65, branches: 311, attributes: 457, etapi_tokens: 0, blobs: 333
03:17:07.022 All consistency checks passed with no errors detected (took 17ms)
03:18:03.312 No connection to sync server.
03:19:03.330 No connection to sync server.
03:20:03.355 No connection to sync server.
03:21:03.344 No connection to sync server.
03:22:03.364 No connection to sync server.
03:23:03.384 No connection to sync server.
03:24:03.389 No connection to sync server.
03:25:03.405 No connection to sync server.
03:26:03.427 No connection to sync server.
03:27:03.449 No connection to sync server.
03:28:03.454 No connection to sync server.
03:29:03.464 No connection to sync server.
03:30:03.474 No connection to sync server.
03:31:03.480 No connection to sync server.
03:32:03.495 No connection to sync server.
03:33:03.513 No connection to sync server.
03:34:03.523 No connection to sync server.
03:35:03.530 No connection to sync server.
03:36:03.550 No connection to sync server.
03:37:03.553 No connection to sync server.
03:38:03.580 No connection to sync server.
03:39:03.591 No connection to sync server.
03:40:03.611 No connection to sync server.
03:41:03.624 No connection to sync server.
03:42:03.638 No connection to sync server.
03:43:03.644 No connection to sync server.
03:44:03.664 No connection to sync server.
03:45:03.659 No connection to sync server.
03:46:03.688 No connection to sync server.
03:47:03.684 No connection to sync server.
03:48:03.712 No connection to sync server.
03:49:03.703 No connection to sync server.
03:50:03.747 No connection to sync server.
03:51:03.734 No connection to sync server.
03:52:03.762 No connection to sync server.
03:53:03.772 No connection to sync server.
03:54:03.785 No connection to sync server.
03:55:03.786 No connection to sync server.
03:56:03.813 No connection to sync server.
03:57:03.812 No connection to sync server.
03:58:03.846 No connection to sync server.
03:59:03.832 No connection to sync server.
04:00:03.864 No connection to sync server.
04:01:03.869 No connection to sync server.
04:02:03.916 No connection to sync server.
04:03:03.894 No connection to sync server.
04:04:03.914 No connection to sync server.
04:05:03.921 No connection to sync server.
04:06:03.938 No connection to sync server.
04:07:03.958 No connection to sync server.
04:08:03.974 No connection to sync server.
04:09:03.974 No connection to sync server.
04:10:04.001 No connection to sync server.
04:11:04.012 No connection to sync server.
04:12:03.999 No connection to sync server.
04:13:04.114 No connection to sync server.
04:14:04.038 No connection to sync server.
04:15:04.056 No connection to sync server.
04:16:04.058 No connection to sync server.
04:17:04.076 No connection to sync server.
04:17:06.660 Optimizing database
04:17:06.661 Optimization finished in 1ms.
04:17:07.006 Table counts: notes: 308, revisions: 122, attachments: 65, branches: 311, attributes: 457, etapi_tokens: 0, blobs: 333
04:17:07.023 All consistency checks passed with no errors detected (took 18ms)
04:18:04.084 No connection to sync server.
04:19:04.112 No connection to sync server.
04:20:04.108 No connection to sync server.
04:21:04.120 No connection to sync server.
04:22:04.135 No connection to sync server.
04:23:04.164 No connection to sync server.
04:24:04.156 No connection to sync server.
04:25:04.168 No connection to sync server.
04:26:04.177 No connection to sync server.
04:27:04.194 No connection to sync server.
04:28:04.201 No connection to sync server.
04:29:04.227 No connection to sync server.
04:30:04.234 No connection to sync server.
04:31:04.250 No connection to sync server.
04:32:04.255 No connection to sync server.
04:33:04.261 No connection to sync server.
04:34:04.280 No connection to sync server.
04:35:04.305 No connection to sync server.
04:36:04.309 No connection to sync server.
04:37:04.523 No connection to sync server.
04:38:04.337 No connection to sync server.
04:39:04.334 No connection to sync server.
04:40:04.340 No connection to sync server.
04:41:04.372 No connection to sync server.
04:42:04.377 No connection to sync server.
04:43:04.403 No connection to sync server.
04:44:04.390 No connection to sync server.
04:45:04.410 No connection to sync server.
04:46:04.427 No connection to sync server.
04:47:04.441 No connection to sync server.
04:48:04.451 No connection to sync server.
04:49:04.471 No connection to sync server.
04:50:04.479 No connection to sync server.
04:51:04.506 No connection to sync server.
04:52:04.494 No connection to sync server.
04:53:04.522 No connection to sync server.
04:54:04.516 No connection to sync server.
04:55:04.544 No connection to sync server.
04:56:04.553 No connection to sync server.
04:57:04.573 No connection to sync server.
04:58:04.575 No connection to sync server.
04:59:04.592 No connection to sync server.
05:00:04.612 No connection to sync server.
05:01:04.615 No connection to sync server.
05:02:04.623 No connection to sync server.
05:03:04.658 No connection to sync server.
05:04:04.658 No connection to sync server.
05:05:04.675 No connection to sync server.
05:06:04.686 No connection to sync server.
05:07:04.695 No connection to sync server.
05:08:04.715 No connection to sync server.
05:09:04.718 No connection to sync server.
05:10:04.725 No connection to sync server.
05:11:04.752 No connection to sync server.
05:12:04.765 No connection to sync server.
05:13:04.771 No connection to sync server.
05:14:04.788 No connection to sync server.
05:15:04.803 No connection to sync server.
05:16:04.815 No connection to sync server.
05:17:04.818 No connection to sync server.
05:17:07.008 Table counts: notes: 308, revisions: 122, attachments: 65, branches: 311, attributes: 457, etapi_tokens: 0, blobs: 333
05:17:07.030 All consistency checks passed with no errors detected (took 23ms)
05:18:04.836 No connection to sync server.
05:19:04.850 No connection to sync server.
05:20:04.863 No connection to sync server.
05:21:04.889 No connection to sync server.
05:22:04.902 No connection to sync server.
05:23:04.908 No connection to sync server.
05:24:04.901 No connection to sync server.
05:25:04.924 No connection to sync server.
05:26:04.927 No connection to sync server.
05:27:04.941 No connection to sync server.
05:28:04.963 No connection to sync server.
05:29:04.978 No connection to sync server.
05:30:04.981 No connection to sync server.
05:31:04.987 No connection to sync server.
05:32:05.015 No connection to sync server.
05:33:05.021 No connection to sync server.
05:34:05.044 No connection to sync server.
05:35:05.043 No connection to sync server.
05:36:05.050 No connection to sync server.
05:37:05.061 No connection to sync server.
05:38:05.074 No connection to sync server.
05:39:05.093 No connection to sync server.
05:40:05.334 No connection to sync server.
05:41:05.127 No connection to sync server.
05:42:05.129 No connection to sync server.
05:43:05.161 No connection to sync server.
05:44:05.153 No connection to sync server.
05:45:05.181 No connection to sync server.
05:46:05.166 No connection to sync server.
05:47:05.183 No connection to sync server.
05:48:05.189 No connection to sync server.
05:49:05.197 No connection to sync server.
05:50:05.219 No connection to sync server.
05:51:05.229 No connection to sync server.
05:52:05.247 No connection to sync server.
05:53:05.268 No connection to sync server.
05:54:05.263 No connection to sync server.
05:55:05.281 No connection to sync server.
05:56:05.293 No connection to sync server.
05:57:05.309 No connection to sync server.
05:58:05.309 No connection to sync server.
05:59:05.325 No connection to sync server.
06:00:05.333 No connection to sync server.
06:01:05.346 No connection to sync server.
06:02:05.359 No connection to sync server.
06:03:05.370 No connection to sync server.
06:04:05.380 No connection to sync server.
06:05:05.382 No connection to sync server.
06:06:05.418 No connection to sync server.
06:07:05.415 No connection to sync server.
06:08:05.432 No connection to sync server.
06:09:05.442 No connection to sync server.
06:10:05.468 No connection to sync server.
06:11:05.473 No connection to sync server.
06:12:05.481 No connection to sync server.
06:13:05.499 No connection to sync server.
06:14:05.504 No connection to sync server.
06:15:05.518 No connection to sync server.
06:16:05.542 No connection to sync server.
06:17:05.538 No connection to sync server.
06:17:07.008 Table counts: notes: 308, revisions: 122, attachments: 65, branches: 311, attributes: 457, etapi_tokens: 0, blobs: 333
06:17:07.034 All consistency checks passed with no errors detected (took 27ms)
06:18:05.579 No connection to sync server.
06:19:05.558 No connection to sync server.
06:20:05.567 No connection to sync server.
06:21:07.305 No connection to sync server.
06:22:05.581 No connection to sync server.
06:23:05.613 No connection to sync server.
06:24:05.616 No connection to sync server.
06:25:05.638 No connection to sync server.
06:26:05.626 No connection to sync server.
06:27:05.649 No connection to sync server.
06:28:05.669 No connection to sync server.
06:29:05.681 No connection to sync server.
06:30:05.688 No connection to sync server.
06:31:05.703 No connection to sync server.
06:32:05.705 No connection to sync server.
06:33:05.730 No connection to sync server.
06:34:05.726 No connection to sync server.
06:35:05.719 No connection to sync server.
06:36:05.752 No connection to sync server.
06:37:05.747 No connection to sync server.
06:38:05.759 No connection to sync server.
06:39:05.773 No connection to sync server.
06:40:05.778 No connection to sync server.
06:41:05.794 No connection to sync server.
06:42:05.806 No connection to sync server.
06:43:05.823 No connection to sync server.
06:44:05.813 No connection to sync server.
06:45:05.839 No connection to sync server.
06:46:05.850 No connection to sync server.
06:47:05.856 No connection to sync server.
06:48:05.864 No connection to sync server.
06:49:05.885 No connection to sync server.
06:50:05.892 No connection to sync server.
06:51:05.899 No connection to sync server.
06:52:05.908 No connection to sync server.
06:53:05.919 No connection to sync server.
06:54:05.938 No connection to sync server.
06:55:05.941 No connection to sync server.
06:56:05.961 No connection to sync server.
06:57:05.960 No connection to sync server.
06:58:05.993 No connection to sync server.
06:59:06.029 No connection to sync server.
07:00:06.017 No connection to sync server.
07:01:06.069 No connection to sync server.
07:02:06.030 No connection to sync server.
07:03:06.036 No connection to sync server.
07:04:06.057 No connection to sync server.
07:05:06.061 No connection to sync server.
07:06:06.082 No connection to sync server.
07:07:06.082 No connection to sync server.
07:08:06.099 No connection to sync server.
07:09:06.112 No connection to sync server.
07:10:06.133 No connection to sync server.
07:11:06.139 No connection to sync server.
07:12:06.139 No connection to sync server.
07:13:06.150 No connection to sync server.
07:14:06.152 No connection to sync server.
07:15:06.165 No connection to sync server.
07:16:06.180 No connection to sync server.
07:17:06.184 No connection to sync server.
07:17:07.009 Table counts: notes: 308, revisions: 122, attachments: 65, branches: 311, attributes: 457, etapi_tokens: 0, blobs: 333
07:17:07.025 All consistency checks passed with no errors detected (took 16ms)
07:18:06.200 No connection to sync server.
07:19:06.197 No connection to sync server.
07:20:06.220 No connection to sync server.
07:21:06.241 No connection to sync server.
07:22:06.236 No connection to sync server.
07:23:06.250 No connection to sync server.
07:24:06.256 No connection to sync server.
07:25:06.278 No connection to sync server.
07:26:06.266 No connection to sync server.
07:27:06.300 No connection to sync server.
07:28:06.291 No connection to sync server.
07:29:06.285 No connection to sync server.
07:30:06.307 No connection to sync server.
07:31:06.336 No connection to sync server.
07:32:06.341 No connection to sync server.
07:33:06.340 No connection to sync server.
07:34:06.366 No connection to sync server.
07:35:06.362 No connection to sync server.
07:36:06.386 No connection to sync server.
07:37:06.376 No connection to sync server.
07:38:06.396 No connection to sync server.
07:39:06.403 No connection to sync server.
07:40:06.402 No connection to sync server.
07:41:06.428 No connection to sync server.
07:42:06.427 No connection to sync server.
07:43:06.439 No connection to sync server.
07:44:06.451 No connection to sync server.
07:45:06.447 No connection to sync server.
07:46:06.466 No connection to sync server.
07:47:06.475 No connection to sync server.
07:48:06.488 No connection to sync server.
07:49:06.493 No connection to sync server.
07:50:06.518 No connection to sync server.
07:51:06.528 No connection to sync server.
07:52:06.549 No connection to sync server.
07:53:06.543 No connection to sync server.
07:54:06.549 No connection to sync server.
07:55:06.569 No connection to sync server.
07:56:06.567 No connection to sync server.
07:57:06.581 No connection to sync server.
07:58:06.597 No connection to sync server.
07:59:06.613 No connection to sync server.
08:00:06.628 No connection to sync server.
08:01:06.641 No connection to sync server.
08:02:06.646 No connection to sync server.
08:03:06.651 No connection to sync server.
08:04:06.667 No connection to sync server.
08:05:06.680 No connection to sync server.
08:06:06.762 No connection to sync server.
08:07:06.693 No connection to sync server.
08:08:06.706 No connection to sync server.
08:09:06.705 No connection to sync server.
08:10:06.718 No connection to sync server.
08:11:06.732 No connection to sync server.
08:12:06.739 No connection to sync server.
08:13:06.735 No connection to sync server.
08:14:06.757 No connection to sync server.
08:15:06.767 No connection to sync server.
08:16:06.775 No connection to sync server.
08:17:06.779 No connection to sync server.
08:17:07.009 Table counts: notes: 308, revisions: 122, attachments: 65, branches: 311, attributes: 457, etapi_tokens: 0, blobs: 333
08:17:07.028 All consistency checks passed with no errors detected (took 19ms)
08:18:06.780 No connection to sync server.
08:19:06.801 No connection to sync server.
08:20:06.804 No connection to sync server.
08:21:06.827 No connection to sync server.
08:22:06.829 No connection to sync server.
08:23:06.840 No connection to sync server.
08:24:06.849 No connection to sync server.
08:25:06.862 No connection to sync server.
08:26:06.877 No connection to sync server.
08:27:06.894 No connection to sync server.
08:28:06.905 No connection to sync server.
08:29:06.914 No connection to sync server.
08:30:06.917 No connection to sync server.
08:31:06.936 No connection to sync server.
08:32:06.939 No connection to sync server.
08:33:06.948 No connection to sync server.
08:34:06.968 No connection to sync server.
08:35:06.974 No connection to sync server.
08:36:06.974 No connection to sync server.
08:37:06.992 No connection to sync server.
08:38:06.984 No connection to sync server.
08:39:06.997 No connection to sync server.
08:40:07.004 No connection to sync server.
08:41:07.004 No connection to sync server.
08:42:07.027 No connection to sync server.
08:43:07.018 No connection to sync server.
08:44:07.039 No connection to sync server.
08:45:07.057 No connection to sync server.
08:46:07.067 No connection to sync server.
08:47:07.073 No connection to sync server.
08:48:07.086 No connection to sync server.
08:49:07.082 No connection to sync server.
08:50:07.103 No connection to sync server.
08:51:07.111 No connection to sync server.
08:52:07.121 No connection to sync server.
08:53:07.132 No connection to sync server.
08:54:07.149 No connection to sync server.
08:55:07.148 No connection to sync server.
08:56:07.159 No connection to sync server.
08:57:07.166 No connection to sync server.
08:58:07.185 No connection to sync server.
08:59:07.192 No connection to sync server.
09:00:07.196 No connection to sync server.
09:01:07.201 No connection to sync server.
09:02:07.214 No connection to sync server.
09:03:07.234 No connection to sync server.
09:04:07.241 No connection to sync server.
09:05:07.248 No connection to sync server.
09:06:07.267 No connection to sync server.
09:07:07.271 No connection to sync server.
09:08:07.288 No connection to sync server.
09:09:07.292 No connection to sync server.
09:10:07.314 No connection to sync server.
09:11:07.317 No connection to sync server.
09:12:07.322 No connection to sync server.
09:13:07.331 No connection to sync server.
09:14:07.337 No connection to sync server.
09:15:07.358 No connection to sync server.
09:16:07.346 No connection to sync server.
09:17:07.012 Table counts: notes: 308, revisions: 122, attachments: 65, branches: 311, attributes: 457, etapi_tokens: 0, blobs: 333
09:17:07.031 All consistency checks passed with no errors detected (took 19ms)
09:17:07.351 No connection to sync server.
09:18:07.364 No connection to sync server.
09:19:07.374 No connection to sync server.
09:20:07.367 No connection to sync server.
09:21:07.387 No connection to sync server.
09:22:07.400 No connection to sync server.
09:23:07.414 No connection to sync server.
09:24:07.431 No connection to sync server.
09:25:07.418 No connection to sync server.
09:26:07.435 No connection to sync server.
09:27:07.441 No connection to sync server.
09:28:07.445 No connection to sync server.
09:29:07.457 No connection to sync server.
09:30:07.465 No connection to sync server.
09:31:07.462 No connection to sync server.
09:32:07.470 No connection to sync server.
09:33:07.496 No connection to sync server.
09:34:07.502 No connection to sync server.
09:35:07.511 No connection to sync server.
09:36:07.516 No connection to sync server.
09:37:07.537 No connection to sync server.
09:38:07.535 No connection to sync server.
09:39:07.555 No connection to sync server.
09:40:07.565 No connection to sync server.
09:41:07.567 No connection to sync server.
09:42:07.578 No connection to sync server.
09:43:07.616 No connection to sync server.
09:44:07.612 No connection to sync server.
09:45:07.602 No connection to sync server.
09:46:07.619 No connection to sync server.
09:47:07.633 No connection to sync server.
09:48:07.678 No connection to sync server.
09:49:07.645 No connection to sync server.
09:50:07.673 No connection to sync server.
09:51:07.667 No connection to sync server.
09:52:07.674 No connection to sync server.
09:53:07.677 No connection to sync server.
09:54:07.694 No connection to sync server.
09:55:07.701 No connection to sync server.
09:56:07.711 No connection to sync server.
09:57:07.759 No connection to sync server.
09:58:07.737 No connection to sync server.
09:59:07.742 No connection to sync server.
10:00:07.746 No connection to sync server.
10:01:07.752 No connection to sync server.
10:02:07.761 No connection to sync server.
10:03:07.768 No connection to sync server.
10:04:07.766 No connection to sync server.
10:05:07.795 No connection to sync server.
10:06:07.804 No connection to sync server.
10:07:07.813 No connection to sync server.
10:08:07.805 No connection to sync server.
10:09:07.818 No connection to sync server.
10:10:07.823 No connection to sync server.
10:11:07.841 No connection to sync server.
10:12:07.845 No connection to sync server.
10:13:07.844 No connection to sync server.
10:14:07.855 No connection to sync server.
10:15:07.868 No connection to sync server.
10:16:07.873 No connection to sync server.
10:17:06.805 Created backup at /root/.local/share/trilium-data/backup/backup-weekly.db
10:17:07.011 Table counts: notes: 308, revisions: 122, attachments: 65, branches: 311, attributes: 457, etapi_tokens: 0, blobs: 333
10:17:07.025 All consistency checks passed with no errors detected (took 14ms)
10:17:07.886 No connection to sync server.
10:18:07.905 No connection to sync server.
10:19:07.904 No connection to sync server.
10:20:07.912 No connection to sync server.
10:21:07.933 No connection to sync server.
10:22:07.939 No connection to sync server.
10:23:07.933 No connection to sync server.
10:24:07.944 No connection to sync server.
10:25:07.947 No connection to sync server.
10:26:07.966 No connection to sync server.
10:27:07.969 No connection to sync server.
10:28:07.981 No connection to sync server.
10:29:07.978 No connection to sync server.
10:30:07.990 No connection to sync server.
10:31:08.008 No connection to sync server.
10:32:08.009 No connection to sync server.
10:33:08.021 No connection to sync server.
10:34:08.032 No connection to sync server.
10:35:08.046 No connection to sync server.
10:36:08.039 No connection to sync server.
10:37:08.054 No connection to sync server.
10:38:08.060 No connection to sync server.
10:39:08.077 No connection to sync server.
10:40:08.084 No connection to sync server.
10:41:08.088 No connection to sync server.
10:42:08.100 No connection to sync server.
10:43:08.118 No connection to sync server.
10:44:08.107 No connection to sync server.
10:45:08.142 No connection to sync server.
10:46:08.128 No connection to sync server.
10:47:08.145 No connection to sync server.
10:48:08.141 No connection to sync server.
10:49:08.164 No connection to sync server.
10:50:08.157 No connection to sync server.
10:51:08.171 No connection to sync server.
10:52:08.178 No connection to sync server.
10:53:08.191 No connection to sync server.
10:54:08.187 No connection to sync server.
10:55:08.210 No connection to sync server.
10:56:08.213 No connection to sync server.
10:57:08.234 No connection to sync server.
10:58:08.219 No connection to sync server.
10:59:08.242 No connection to sync server.
11:00:08.253 No connection to sync server.
11:01:08.258 No connection to sync server.
11:02:08.268 No connection to sync server.
11:03:08.274 No connection to sync server.
11:04:08.281 No connection to sync server.
11:05:08.295 No connection to sync server.
11:06:08.301 No connection to sync server.
11:07:08.303 No connection to sync server.
11:08:08.328 No connection to sync server.
11:09:08.313 No connection to sync server.
11:10:08.426 No connection to sync server.
11:11:08.340 No connection to sync server.
11:12:08.352 No connection to sync server.
11:13:08.362 No connection to sync server.
11:14:08.364 No connection to sync server.
11:15:08.364 No connection to sync server.
11:16:08.395 No connection to sync server.
11:17:07.014 Table counts: notes: 308, revisions: 122, attachments: 65, branches: 311, attributes: 457, etapi_tokens: 0, blobs: 333
11:17:07.028 All consistency checks passed with no errors detected (took 14ms)
11:17:08.372 No connection to sync server.
11:18:08.388 No connection to sync server.
11:19:08.394 No connection to sync server.
11:20:08.417 No connection to sync server.
11:21:08.413 No connection to sync server.
11:22:08.430 No connection to sync server.
11:23:08.425 No connection to sync server.
11:24:08.453 No connection to sync server.
11:25:08.447 No connection to sync server.
11:26:08.454 No connection to sync server.
11:27:08.457 No connection to sync server.
11:28:08.472 No connection to sync server.
11:29:08.472 No connection to sync server.
11:30:08.494 No connection to sync server.
11:31:08.498 No connection to sync server.
11:32:08.509 No connection to sync server.
11:33:08.515 No connection to sync server.
11:34:08.517 No connection to sync server.
11:35:08.534 No connection to sync server.
11:36:08.553 No connection to sync server.
11:37:08.659 No connection to sync server.
11:38:08.555 No connection to sync server.
11:39:08.569 No connection to sync server.
11:40:08.570 No connection to sync server.
11:41:08.572 No connection to sync server.
11:42:08.598 No connection to sync server.
11:43:08.581 No connection to sync server.
11:44:08.599 No connection to sync server.
11:45:08.603 No connection to sync server.
11:46:08.622 No connection to sync server.
11:47:08.632 No connection to sync server.
11:48:08.637 No connection to sync server.
11:49:08.628 No connection to sync server.
11:50:08.648 No connection to sync server.
11:51:08.641 No connection to sync server.
11:52:08.661 No connection to sync server.
11:53:08.681 No connection to sync server.
11:54:08.675 No connection to sync server.
11:55:08.691 No connection to sync server.
11:56:08.709 No connection to sync server.
11:57:08.705 No connection to sync server.
11:58:08.713 No connection to sync server.
11:59:08.712 No connection to sync server.
12:00:08.713 No connection to sync server.
12:01:08.728 No connection to sync server.
12:02:08.724 No connection to sync server.
12:03:08.732 No connection to sync server.
12:04:08.748 No connection to sync server.
12:05:08.750 No connection to sync server.
12:06:08.770 No connection to sync server.
12:07:08.776 No connection to sync server.
12:08:08.780 No connection to sync server.
12:09:08.794 No connection to sync server.
12:10:08.800 No connection to sync server.
12:11:08.802 No connection to sync server.
12:12:08.809 No connection to sync server.
12:13:08.817 No connection to sync server.
12:14:08.838 No connection to sync server.
12:15:08.821 No connection to sync server.
12:16:08.845 No connection to sync server.
12:17:07.017 Table counts: notes: 308, revisions: 122, attachments: 65, branches: 311, attributes: 457, etapi_tokens: 0, blobs: 333
12:17:07.037 All consistency checks passed with no errors detected (took 21ms)
12:17:08.845 No connection to sync server.
12:18:08.854 No connection to sync server.
12:19:08.849 No connection to sync server.
12:20:08.872 No connection to sync server.
12:21:08.863 No connection to sync server.
12:22:08.883 No connection to sync server.
12:23:08.881 No connection to sync server.
12:24:08.893 No connection to sync server.
12:25:08.901 No connection to sync server.
12:26:08.910 No connection to sync server.
12:27:08.922 No connection to sync server.
12:28:08.923 No connection to sync server.
12:29:08.924 No connection to sync server.
12:30:08.934 No connection to sync server.
12:31:08.936 No connection to sync server.
12:32:08.953 No connection to sync server.
12:33:08.964 No connection to sync server.
12:34:08.968 No connection to sync server.
12:35:08.958 No connection to sync server.
12:36:08.979 No connection to sync server.
12:37:08.986 No connection to sync server.
12:38:08.988 No connection to sync server.
12:39:08.993 No connection to sync server.
12:40:08.993 No connection to sync server.
12:41:09.012 No connection to sync server.
12:42:09.008 No connection to sync server.
12:43:09.015 No connection to sync server.
12:44:09.032 No connection to sync server.
12:45:09.019 No connection to sync server.
12:46:09.022 No connection to sync server.
12:47:09.034 No connection to sync server.
12:48:09.044 No connection to sync server.
12:49:09.071 No connection to sync server.
12:50:09.057 No connection to sync server.
12:51:09.064 No connection to sync server.
12:52:09.083 No connection to sync server.
12:53:09.069 No connection to sync server.
12:54:09.079 No connection to sync server.
12:55:09.093 No connection to sync server.
12:56:09.097 No connection to sync server.
12:57:09.097 No connection to sync server.
12:58:09.172 No connection to sync server.
12:59:09.117 No connection to sync server.
13:00:09.132 No connection to sync server.
13:01:09.119 No connection to sync server.
13:02:09.218 No connection to sync server.
13:03:09.155 No connection to sync server.
13:04:09.155 No connection to sync server.
13:05:09.155 No connection to sync server.
13:06:09.158 No connection to sync server.
13:07:09.161 No connection to sync server.
13:08:09.180 No connection to sync server.
13:09:09.184 No connection to sync server.
13:10:09.184 No connection to sync server.
13:11:09.181 No connection to sync server.
13:12:09.194 No connection to sync server.
13:13:09.212 No connection to sync server.
13:14:09.211 No connection to sync server.
13:14:58.778 Error: Router not found for request GET /pdown
13:15:09.210 No connection to sync server.
13:16:09.221 No connection to sync server.
13:17:07.018 Table counts: notes: 308, revisions: 122, attachments: 65, branches: 311, attributes: 457, etapi_tokens: 0, blobs: 333
13:17:07.032 All consistency checks passed with no errors detected (took 14ms)
13:17:09.225 No connection to sync server.
13:18:09.230 No connection to sync server.
13:19:09.230 No connection to sync server.
13:20:09.248 No connection to sync server.
13:21:09.254 No connection to sync server.
13:22:09.263 No connection to sync server.
13:23:09.264 No connection to sync server.
13:24:09.263 No connection to sync server.
13:25:09.290 No connection to sync server.
13:26:09.283 No connection to sync server.
13:27:09.292 No connection to sync server.
13:28:09.299 No connection to sync server.
13:29:09.301 No connection to sync server.
13:30:09.306 No connection to sync server.
13:31:09.305 No connection to sync server.
13:32:09.309 No connection to sync server.
13:33:09.319 No connection to sync server.
13:34:09.327 No connection to sync server.
13:35:09.346 No connection to sync server.
13:36:09.340 No connection to sync server.
13:37:09.336 No connection to sync server.
13:38:09.353 No connection to sync server.
13:39:09.350 No connection to sync server.
13:40:09.372 No connection to sync server.
13:41:09.361 No connection to sync server.
13:42:09.369 No connection to sync server.
13:43:09.380 No connection to sync server.
13:44:09.376 No connection to sync server.
13:45:09.388 No connection to sync server.
13:46:09.382 No connection to sync server.
13:47:09.394 No connection to sync server.
13:48:09.396 No connection to sync server.
13:49:09.413 No connection to sync server.
13:50:09.411 No connection to sync server.
13:51:09.418 No connection to sync server.
13:52:09.423 No connection to sync server.
13:53:09.430 No connection to sync server.
13:54:09.447 No connection to sync server.
13:55:09.455 No connection to sync server.
13:56:09.465 No connection to sync server.
13:57:09.452 No connection to sync server.
13:58:09.461 No connection to sync server.
13:59:09.470 No connection to sync server.
14:00:09.481 No connection to sync server.
14:01:09.473 No connection to sync server.
14:02:09.473 No connection to sync server.
14:03:09.501 No connection to sync server.
14:04:09.490 No connection to sync server.
14:05:09.506 No connection to sync server.
14:06:09.509 No connection to sync server.
14:07:09.507 No connection to sync server.
14:08:09.520 No connection to sync server.
14:09:09.522 No connection to sync server.
14:10:09.520 No connection to sync server.
14:11:09.531 No connection to sync server.
14:12:09.529 No connection to sync server.
14:13:09.534 No connection to sync server.
14:14:09.559 No connection to sync server.
14:15:09.545 No connection to sync server.
14:16:09.551 No connection to sync server.
14:17:06.660 Optimizing database
14:17:06.661 Optimization finished in 1ms.
14:17:07.019 Table counts: notes: 308, revisions: 122, attachments: 65, branches: 311, attributes: 457, etapi_tokens: 0, blobs: 333
14:17:07.038 All consistency checks passed with no errors detected (took 20ms)
14:17:09.591 No connection to sync server.
14:18:09.561 No connection to sync server.
14:19:09.559 No connection to sync server.
14:20:09.567 No connection to sync server.
14:21:09.582 No connection to sync server.
14:22:09.575 No connection to sync server.
14:23:09.587 No connection to sync server.
14:24:09.593 No connection to sync server.
14:25:09.601 No connection to sync server.
14:26:09.602 No connection to sync server.
14:27:09.595 No connection to sync server.
14:28:09.606 No connection to sync server.
14:29:09.614 No connection to sync server.
14:30:09.609 No connection to sync server.
14:31:09.615 No connection to sync server.
14:32:09.615 No connection to sync server.
14:33:09.631 No connection to sync server.
14:34:09.620 No connection to sync server.
14:35:09.640 No connection to sync server.
14:36:09.644 No connection to sync server.
14:37:09.648 No connection to sync server.
14:38:09.644 No connection to sync server.
14:39:09.656 No connection to sync server.
14:40:09.654 No connection to sync server.
14:41:09.671 No connection to sync server.
14:42:09.673 No connection to sync server.
14:43:09.686 No connection to sync server.
14:44:09.679 No connection to sync server.
14:45:09.674 No connection to sync server.
14:46:09.684 No connection to sync server.
14:47:09.689 No connection to sync server.
14:48:09.699 No connection to sync server.
14:49:09.703 No connection to sync server.
14:50:09.700 No connection to sync server.
14:51:09.705 No connection to sync server.
14:52:09.707 No connection to sync server.
14:53:09.710 No connection to sync server.
14:54:09.717 No connection to sync server.
14:55:09.726 No connection to sync server.
14:56:09.726 No connection to sync server.
14:57:09.729 No connection to sync server.
14:58:09.747 No connection to sync server.
14:59:09.741 No connection to sync server.
15:00:09.740 No connection to sync server.
15:01:09.759 No connection to sync server.
15:02:09.752 No connection to sync server.
15:03:09.756 No connection to sync server.
15:04:09.749 No connection to sync server.
15:05:09.749 No connection to sync server.
15:06:09.770 No connection to sync server.
15:07:09.759 No connection to sync server.
15:08:09.766 No connection to sync server.
15:09:09.778 No connection to sync server.
15:10:09.779 No connection to sync server.
15:11:09.776 No connection to sync server.
15:12:09.771 No connection to sync server.
15:13:09.780 No connection to sync server.
15:14:09.784 No connection to sync server.
15:15:09.784 No connection to sync server.
15:16:09.796 No connection to sync server.
15:17:07.021 Table counts: notes: 308, revisions: 122, attachments: 65, branches: 311, attributes: 457, etapi_tokens: 0, blobs: 333
15:17:07.036 All consistency checks passed with no errors detected (took 16ms)
15:17:09.787 No connection to sync server.
15:18:09.810 No connection to sync server.
15:19:09.802 No connection to sync server.
15:20:09.797 No connection to sync server.
15:21:09.808 No connection to sync server.
15:22:09.812 No connection to sync server.
15:23:09.823 No connection to sync server.
15:24:09.819 No connection to sync server.
15:25:09.816 No connection to sync server.
15:26:09.828 No connection to sync server.
15:27:09.820 No connection to sync server.
15:28:09.841 No connection to sync server.
15:29:09.835 No connection to sync server.
15:30:09.848 No connection to sync server.
15:31:09.834 No connection to sync server.
15:32:09.848 No connection to sync server.
15:33:09.849 No connection to sync server.
15:34:09.848 No connection to sync server.
15:35:09.855 No connection to sync server.
15:36:09.849 No connection to sync server.
15:37:09.848 No connection to sync server.
15:38:09.855 No connection to sync server.
15:39:09.855 No connection to sync server.
15:40:09.856 No connection to sync server.
15:41:09.956 No connection to sync server.
15:42:09.870 No connection to sync server.
15:43:09.866 No connection to sync server.
15:44:09.880 No connection to sync server.
15:45:09.873 No connection to sync server.
15:46:09.892 No connection to sync server.
15:47:09.878 No connection to sync server.
15:48:09.887 No connection to sync server.
15:49:09.880 No connection to sync server.
15:50:09.886 No connection to sync server.
15:51:09.901 No connection to sync server.
15:52:09.900 No connection to sync server.
15:53:09.908 No connection to sync server.
15:54:09.901 No connection to sync server.
15:55:09.911 No connection to sync server.
15:56:09.908 No connection to sync server.
15:57:09.923 No connection to sync server.
15:58:09.913 No connection to sync server.
15:59:09.904 No connection to sync server.
16:00:09.918 No connection to sync server.
16:01:09.920 No connection to sync server.
16:02:09.924 No connection to sync server.
16:03:09.920 No connection to sync server.
16:04:09.929 No connection to sync server.
16:05:09.925 No connection to sync server.
16:06:09.932 No connection to sync server.
16:07:09.924 No connection to sync server.
16:08:09.936 No connection to sync server.
16:09:09.943 No connection to sync server.
16:10:09.938 No connection to sync server.
16:11:09.941 No connection to sync server.
16:12:09.960 No connection to sync server.
16:13:09.936 No connection to sync server.
16:14:09.945 No connection to sync server.
16:15:09.942 No connection to sync server.
16:16:09.951 No connection to sync server.
16:17:07.023 Table counts: notes: 308, revisions: 122, attachments: 65, branches: 311, attributes: 457, etapi_tokens: 0, blobs: 333
16:17:07.038 All consistency checks passed with no errors detected (took 16ms)
16:17:09.954 No connection to sync server.
16:18:09.948 No connection to sync server.
16:19:09.949 No connection to sync server.
16:20:09.955 No connection to sync server.
16:21:09.956 No connection to sync server.
16:22:09.957 No connection to sync server.
16:23:09.959 No connection to sync server.
16:24:09.968 No connection to sync server.
16:25:09.956 No connection to sync server.
16:26:09.959 No connection to sync server.
16:27:09.962 No connection to sync server.
16:28:09.956 No connection to sync server.
16:29:09.969 No connection to sync server.
16:30:09.969 No connection to sync server.
16:31:09.957 No connection to sync server.
16:32:09.963 No connection to sync server.
16:33:09.957 No connection to sync server.
16:34:09.959 No connection to sync server.
16:35:09.974 No connection to sync server.
16:36:09.960 No connection to sync server.
16:37:09.964 No connection to sync server.
16:38:09.969 No connection to sync server.
16:39:09.976 No connection to sync server.
16:40:09.966 No connection to sync server.
16:41:09.965 No connection to sync server.
16:42:09.970 No connection to sync server.
16:43:09.963 No connection to sync server.
16:44:09.968 No connection to sync server.
16:45:10.000 No connection to sync server.
16:46:09.999 No connection to sync server.
16:47:09.994 No connection to sync server.
16:48:10.027 No connection to sync server.
16:49:10.053 No connection to sync server.
16:50:10.042 No connection to sync server.
16:51:10.059 No connection to sync server.
16:52:10.078 No connection to sync server.
16:53:10.082 No connection to sync server.
16:54:10.103 No connection to sync server.
16:55:10.110 No connection to sync server.
16:56:10.149 No connection to sync server.
16:57:10.138 No connection to sync server.
16:58:10.188 No connection to sync server.
16:59:10.170 No connection to sync server.
17:00:10.202 No connection to sync server.
17:01:10.211 No connection to sync server.
17:02:10.233 No connection to sync server.
17:03:10.238 No connection to sync server.
17:04:10.263 No connection to sync server.
17:05:10.268 No connection to sync server.
17:06:10.291 No connection to sync server.
17:07:10.340 No connection to sync server.
17:08:10.323 No connection to sync server.
17:09:10.324 No connection to sync server.
17:10:10.350 No connection to sync server.
17:11:10.369 No connection to sync server.
17:12:10.387 No connection to sync server.
17:13:10.396 No connection to sync server.
17:14:10.416 No connection to sync server.
17:15:10.421 No connection to sync server.
17:16:10.450 No connection to sync server.
17:17:07.024 Table counts: notes: 308, revisions: 122, attachments: 65, branches: 311, attributes: 457, etapi_tokens: 0, blobs: 333
17:17:07.042 All consistency checks passed with no errors detected (took 19ms)
17:17:10.442 No connection to sync server.
17:18:10.470 No connection to sync server.
17:19:10.474 No connection to sync server.
17:20:10.510 No connection to sync server.
17:21:10.517 No connection to sync server.
17:22:10.507 No connection to sync server.
17:23:10.514 No connection to sync server.
17:24:10.557 No connection to sync server.
17:25:10.549 No connection to sync server.
17:26:10.587 No connection to sync server.
17:27:10.588 No connection to sync server.
17:28:10.615 No connection to sync server.
17:29:10.634 No connection to sync server.
17:30:10.649 No connection to sync server.
17:31:10.651 No connection to sync server.
17:32:10.677 No connection to sync server.
17:33:10.678 No connection to sync server.
17:34:10.718 No connection to sync server.
17:35:10.715 No connection to sync server.
17:36:10.746 No connection to sync server.
17:37:10.746 No connection to sync server.
17:38:10.735 No connection to sync server.
17:39:10.789 No connection to sync server.
17:40:10.780 No connection to sync server.
17:41:10.811 No connection to sync server.
17:42:10.898 No connection to sync server.
17:43:10.842 No connection to sync server.
17:44:10.844 No connection to sync server.
17:45:10.880 No connection to sync server.
17:46:10.879 No connection to sync server.
17:47:10.905 No connection to sync server.
17:48:10.911 No connection to sync server.
17:49:10.946 No connection to sync server.
17:50:10.940 No connection to sync server.
17:51:10.976 No connection to sync server.
17:52:10.974 No connection to sync server.
17:53:11.004 No connection to sync server.
17:54:11.007 No connection to sync server.
17:55:11.028 No connection to sync server.
17:56:11.034 No connection to sync server.
17:57:11.069 No connection to sync server.
17:58:11.067 No connection to sync server.
17:59:11.110 No connection to sync server.
18:00:11.099 No connection to sync server.
18:01:11.126 No connection to sync server.
18:02:11.138 No connection to sync server.
18:03:11.157 No connection to sync server.
18:04:11.163 No connection to sync server.
18:05:11.183 No connection to sync server.
18:06:11.198 No connection to sync server.
18:07:11.219 No connection to sync server.
18:08:11.241 No connection to sync server.
18:09:11.255 No connection to sync server.
18:10:11.261 No connection to sync server.
18:11:11.290 No connection to sync server.
18:12:11.332 No connection to sync server.
18:13:11.312 No connection to sync server.
18:14:11.331 No connection to sync server.
18:15:11.349 No connection to sync server.
18:16:11.358 No connection to sync server.
18:17:07.024 Table counts: notes: 308, revisions: 122, attachments: 65, branches: 311, attributes: 457, etapi_tokens: 0, blobs: 333
18:17:07.043 All consistency checks passed with no errors detected (took 19ms)
18:17:11.361 No connection to sync server.
18:18:11.402 No connection to sync server.
18:19:11.397 No connection to sync server.
18:20:11.422 No connection to sync server.
18:21:11.438 No connection to sync server.
18:22:11.444 No connection to sync server.
18:23:11.461 No connection to sync server.
18:24:11.478 No connection to sync server.
18:25:11.498 No connection to sync server.
18:26:11.516 No connection to sync server.
18:27:11.528 No connection to sync server.
18:28:11.544 No connection to sync server.
18:29:11.566 No connection to sync server.
18:30:11.576 No connection to sync server.
18:31:11.592 No connection to sync server.
18:32:11.603 No connection to sync server.
18:33:11.630 No connection to sync server.
18:34:11.626 No connection to sync server.
18:35:11.656 No connection to sync server.
18:36:11.664 No connection to sync server.
18:37:11.691 No connection to sync server.
18:38:11.707 No connection to sync server.
18:39:11.728 No connection to sync server.
18:40:11.735 No connection to sync server.
18:41:11.767 No connection to sync server.
18:42:11.773 No connection to sync server.
18:43:11.793 No connection to sync server.
18:44:11.797 No connection to sync server.
18:45:11.833 No connection to sync server.
18:46:11.834 No connection to sync server.
18:47:11.855 No connection to sync server.
18:48:11.858 No connection to sync server.
18:49:11.885 No connection to sync server.
18:50:11.881 No connection to sync server.
18:51:11.924 No connection to sync server.
18:52:11.926 No connection to sync server.
18:53:11.956 No connection to sync server.
18:54:11.946 No connection to sync server.
18:55:11.984 No connection to sync server.
18:56:11.978 No connection to sync server.
18:57:12.158 No connection to sync server.
18:58:12.152 No connection to sync server.
18:59:12.062 No connection to sync server.
19:00:12.060 No connection to sync server.
19:01:12.114 No connection to sync server.
19:02:12.112 No connection to sync server.
19:03:12.089 No connection to sync server.
19:04:12.109 No connection to sync server.
19:05:12.119 No connection to sync server.
19:06:12.144 No connection to sync server.
19:07:12.171 No connection to sync server.
19:08:12.185 No connection to sync server.
19:09:12.277 No connection to sync server.
19:10:12.196 No connection to sync server.
19:11:12.219 No connection to sync server.
19:12:12.222 No connection to sync server.
19:13:12.249 No connection to sync server.
19:14:12.253 No connection to sync server.
19:15:12.285 No connection to sync server.
19:16:12.277 No connection to sync server.
19:17:07.026 Table counts: notes: 308, revisions: 122, attachments: 65, branches: 311, attributes: 457, etapi_tokens: 0, blobs: 333
19:17:07.044 All consistency checks passed with no errors detected (took 19ms)
19:17:12.283 No connection to sync server.
19:18:12.301 No connection to sync server.
19:19:12.311 No connection to sync server.
19:20:12.856 No connection to sync server.
19:21:12.345 No connection to sync server.
19:22:12.355 No connection to sync server.
19:23:12.381 No connection to sync server.
19:24:12.384 No connection to sync server.
19:25:12.396 No connection to sync server.
19:26:12.404 No connection to sync server.
19:27:12.426 No connection to sync server.
19:28:12.440 No connection to sync server.
19:29:12.443 No connection to sync server.
19:30:12.471 No connection to sync server.
19:31:12.472 No connection to sync server.
19:32:12.501 No connection to sync server.
19:33:12.504 No connection to sync server.
19:34:12.533 No connection to sync server.
19:35:12.537 No connection to sync server.
19:36:12.569 No connection to sync server.
19:37:12.587 No connection to sync server.
19:38:12.598 No connection to sync server.
19:39:12.610 No connection to sync server.
19:40:12.629 No connection to sync server.
19:41:12.626 No connection to sync server.
19:42:12.665 No connection to sync server.
19:43:12.668 No connection to sync server.
19:44:12.702 No connection to sync server.
19:45:12.689 No connection to sync server.
19:46:12.732 No connection to sync server.
19:47:12.724 No connection to sync server.
19:48:12.742 No connection to sync server.
19:49:12.754 No connection to sync server.
19:50:12.772 No connection to sync server.
19:51:12.778 No connection to sync server.
19:52:12.786 No connection to sync server.
19:53:12.797 No connection to sync server.
19:54:12.819 No connection to sync server.
19:55:12.836 No connection to sync server.
19:56:13.085 No connection to sync server.
19:57:12.856 No connection to sync server.
19:58:12.868 No connection to sync server.
19:59:12.890 No connection to sync server.
20:00:12.909 No connection to sync server.
20:01:12.924 No connection to sync server.
20:02:12.933 No connection to sync server.
20:03:12.945 No connection to sync server.
20:04:12.958 No connection to sync server.
20:05:12.970 No connection to sync server.
20:06:12.981 No connection to sync server.
20:07:12.985 No connection to sync server.
20:08:12.986 No connection to sync server.
20:09:13.007 No connection to sync server.
20:10:13.014 No connection to sync server.
20:11:13.046 No connection to sync server.
20:12:13.043 No connection to sync server.
20:13:13.072 No connection to sync server.
20:14:13.081 No connection to sync server.
20:15:13.112 No connection to sync server.
20:16:13.100 No connection to sync server.
20:17:07.029 Table counts: notes: 308, revisions: 122, attachments: 65, branches: 311, attributes: 457, etapi_tokens: 0, blobs: 333
20:17:07.046 All consistency checks passed with no errors detected (took 18ms)
20:17:13.105 No connection to sync server.
20:18:13.135 No connection to sync server.
20:19:13.147 No connection to sync server.
20:20:13.163 No connection to sync server.
20:21:13.176 No connection to sync server.
20:22:13.190 No connection to sync server.
20:23:13.197 No connection to sync server.
20:24:13.223 No connection to sync server.
20:25:13.238 No connection to sync server.
20:26:13.234 No connection to sync server.
20:27:13.243 No connection to sync server.
20:28:13.257 No connection to sync server.
20:29:13.268 No connection to sync server.
20:30:13.284 No connection to sync server.
20:31:13.305 No connection to sync server.
20:32:13.310 No connection to sync server.
20:33:13.308 No connection to sync server.
20:34:13.342 No connection to sync server.
20:35:13.345 No connection to sync server.
20:36:13.367 No connection to sync server.
20:37:13.376 No connection to sync server.
20:38:13.410 No connection to sync server.
20:39:13.405 No connection to sync server.
20:40:13.430 No connection to sync server.
20:41:13.436 No connection to sync server.
20:42:13.475 No connection to sync server.
20:43:13.469 No connection to sync server.
20:44:13.490 No connection to sync server.
20:45:13.496 No connection to sync server.
20:46:13.526 No connection to sync server.
20:47:13.540 No connection to sync server.
20:48:13.570 No connection to sync server.
20:49:13.562 No connection to sync server.
20:50:13.584 No connection to sync server.
20:51:13.596 No connection to sync server.
20:52:13.603 No connection to sync server.
20:53:13.632 No connection to sync server.
20:54:13.630 No connection to sync server.
20:55:13.649 No connection to sync server.
20:56:13.659 No connection to sync server.
20:57:13.667 No connection to sync server.
20:58:13.681 No connection to sync server.
20:59:13.697 No connection to sync server.
21:00:13.728 No connection to sync server.
21:01:13.743 No connection to sync server.
21:02:13.744 No connection to sync server.
21:03:13.762 No connection to sync server.
21:04:13.783 No connection to sync server.
21:05:13.790 No connection to sync server.
21:06:13.815 No connection to sync server.
21:07:13.834 No connection to sync server.
21:08:13.927 No connection to sync server.
21:09:13.932 No connection to sync server.
21:10:13.876 No connection to sync server.
21:11:13.902 No connection to sync server.
21:12:13.912 No connection to sync server.
21:13:13.917 No connection to sync server.
21:14:13.926 No connection to sync server.
21:15:13.948 No connection to sync server.
21:16:13.967 No connection to sync server.
21:17:07.030 Table counts: notes: 308, revisions: 122, attachments: 65, branches: 311, attributes: 457, etapi_tokens: 0, blobs: 333
21:17:07.050 All consistency checks passed with no errors detected (took 20ms)
21:17:13.969 No connection to sync server.
21:18:13.985 No connection to sync server.
21:19:13.990 No connection to sync server.
21:20:14.021 No connection to sync server.
21:21:14.028 No connection to sync server.
21:22:14.044 No connection to sync server.
21:23:14.058 No connection to sync server.
21:24:14.074 No connection to sync server.
21:25:14.084 No connection to sync server.
21:26:14.100 No connection to sync server.
21:27:14.115 No connection to sync server.
21:28:14.138 No connection to sync server.
21:29:14.141 No connection to sync server.
21:30:14.160 No connection to sync server.
21:31:14.175 No connection to sync server.
21:32:14.171 No connection to sync server.
21:33:14.194 No connection to sync server.
21:34:14.193 No connection to sync server.
21:35:14.224 No connection to sync server.
21:36:14.231 No connection to sync server.
21:37:14.241 No connection to sync server.
21:38:14.242 No connection to sync server.
21:39:14.289 No connection to sync server.
21:40:14.278 No connection to sync server.
21:41:14.310 No connection to sync server.
21:42:14.310 No connection to sync server.
21:43:14.344 No connection to sync server.
21:44:14.336 No connection to sync server.
21:45:14.359 No connection to sync server.
21:46:14.363 No connection to sync server.
21:47:14.402 No connection to sync server.
21:48:14.406 No connection to sync server.
21:49:14.428 No connection to sync server.
21:50:14.442 No connection to sync server.
21:51:14.460 No connection to sync server.
21:52:14.457 No connection to sync server.
21:53:14.485 No connection to sync server.
21:54:14.493 No connection to sync server.
21:55:14.512 No connection to sync server.
21:56:14.927 No connection to sync server.
21:57:14.539 No connection to sync server.
21:58:14.551 No connection to sync server.
21:59:14.551 No connection to sync server.
22:00:14.586 No connection to sync server.
22:01:14.580 No connection to sync server.
22:02:14.585 No connection to sync server.
22:03:14.625 No connection to sync server.
22:04:14.600 No connection to sync server.
22:05:14.628 No connection to sync server.
22:06:14.644 No connection to sync server.
22:07:14.640 No connection to sync server.
22:08:14.650 No connection to sync server.
22:09:14.659 No connection to sync server.
22:10:14.696 No connection to sync server.
22:11:14.718 No connection to sync server.
22:12:14.719 No connection to sync server.
22:13:14.720 No connection to sync server.
22:14:14.716 No connection to sync server.
22:15:14.742 No connection to sync server.
22:16:14.753 No connection to sync server.
22:17:07.030 Table counts: notes: 308, revisions: 122, attachments: 65, branches: 311, attributes: 457, etapi_tokens: 0, blobs: 333
22:17:07.046 All consistency checks passed with no errors detected (took 16ms)
22:17:14.746 No connection to sync server.
22:18:14.776 No connection to sync server.
22:19:14.770 No connection to sync server.
22:20:14.814 No connection to sync server.
22:21:14.812 No connection to sync server.
22:22:14.808 No connection to sync server.
22:23:14.848 No connection to sync server.
22:24:14.841 No connection to sync server.
22:25:14.872 No connection to sync server.
22:26:14.875 No connection to sync server.
22:27:14.900 No connection to sync server.
22:28:14.902 No connection to sync server.
22:29:14.924 No connection to sync server.
22:30:14.930 No connection to sync server.
22:31:14.957 No connection to sync server.
22:32:14.946 No connection to sync server.
22:33:14.962 No connection to sync server.
22:34:14.967 No connection to sync server.
22:35:14.987 No connection to sync server.
22:36:15.004 No connection to sync server.
22:37:15.006 No connection to sync server.
22:38:15.023 No connection to sync server.
22:39:15.037 No connection to sync server.
22:40:15.057 No connection to sync server.
22:41:15.062 No connection to sync server.
22:42:15.091 No connection to sync server.
22:43:15.083 No connection to sync server.
22:44:15.107 No connection to sync server.
22:45:15.111 No connection to sync server.
22:46:15.141 No connection to sync server.
22:47:15.140 No connection to sync server.
22:48:15.162 No connection to sync server.
22:49:15.172 No connection to sync server.
22:50:15.177 No connection to sync server.
22:51:15.179 No connection to sync server.
22:52:15.205 No connection to sync server.
22:53:15.210 No connection to sync server.
22:54:15.232 No connection to sync server.
22:55:15.241 No connection to sync server.
22:56:15.256 No connection to sync server.
22:57:15.271 No connection to sync server.
22:58:15.287 No connection to sync server.
22:59:15.291 No connection to sync server.
23:00:15.310 No connection to sync server.
23:01:15.325 No connection to sync server.
23:02:15.316 No connection to sync server.
23:03:15.348 No connection to sync server.
23:04:15.349 No connection to sync server.
23:05:15.373 No connection to sync server.
23:06:15.379 No connection to sync server.
23:07:15.402 No connection to sync server.
23:08:15.405 No connection to sync server.
23:09:15.501 No connection to sync server.
23:10:15.441 No connection to sync server.
23:11:15.455 No connection to sync server.
23:12:15.466 No connection to sync server.
23:13:15.484 No connection to sync server.
23:14:15.491 No connection to sync server.
23:15:15.513 No connection to sync server.
23:16:15.524 No connection to sync server.
23:17:07.032 Table counts: notes: 308, revisions: 122, attachments: 65, branches: 311, attributes: 457, etapi_tokens: 0, blobs: 333
23:17:07.046 All consistency checks passed with no errors detected (took 15ms)
23:17:15.519 No connection to sync server.
23:18:15.540 No connection to sync server.
23:19:15.546 No connection to sync server.
23:20:15.574 No connection to sync server.
23:21:15.589 No connection to sync server.
23:22:15.609 No connection to sync server.
23:23:15.615 No connection to sync server.
23:24:15.639 No connection to sync server.
23:25:15.641 No connection to sync server.
23:26:15.659 No connection to sync server.
23:27:15.660 No connection to sync server.
23:28:15.691 No connection to sync server.
23:29:15.690 No connection to sync server.
23:30:15.727 No connection to sync server.
23:31:15.884 No connection to sync server.
23:32:15.726 No connection to sync server.
23:33:15.748 No connection to sync server.
23:34:15.765 No connection to sync server.
23:35:15.751 No connection to sync server.
23:36:15.757 No connection to sync server.
23:37:15.771 No connection to sync server.
23:38:15.768 No connection to sync server.
23:39:15.798 No connection to sync server.
23:40:15.803 No connection to sync server.
23:41:15.829 No connection to sync server.
23:42:15.833 No connection to sync server.
23:43:15.855 No connection to sync server.
23:44:15.860 No connection to sync server.
23:45:15.881 No connection to sync server.
23:46:15.905 No connection to sync server.
23:47:15.893 No connection to sync server.
23:48:15.923 No connection to sync server.
23:49:15.928 No connection to sync server.
23:50:15.940 No connection to sync server.
23:51:16.023 No connection to sync server.
23:52:15.967 No connection to sync server.
23:53:15.962 No connection to sync server.
23:54:15.988 No connection to sync server.
23:55:15.998 No connection to sync server.
23:56:16.067 No connection to sync server.
23:57:16.028 No connection to sync server.
23:58:16.051 No connection to sync server.
23:59:16.050 No connection to sync server.
