00:22:11.613 Table counts: notes: 296, revisions: 51, attachments: 38, branches: 299, attributes: 443, etapi_tokens: 0, blobs: 262
00:22:11.643 All consistency checks passed with no errors detected (took 33ms)
01:22:11.619 Table counts: notes: 296, revisions: 51, attachments: 38, branches: 299, attributes: 443, etapi_tokens: 0, blobs: 262
01:22:11.644 All consistency checks passed with no errors detected (took 25ms)
02:22:11.647 Table counts: notes: 296, revisions: 51, attachments: 38, branches: 299, attributes: 443, etapi_tokens: 0, blobs: 262
02:22:11.680 All consistency checks passed with no errors detected (took 34ms)
03:22:11.671 Table counts: notes: 296, revisions: 51, attachments: 38, branches: 299, attributes: 443, etapi_tokens: 0, blobs: 262
03:22:11.691 All consistency checks passed with no errors detected (took 21ms)
04:22:11.695 Table counts: notes: 296, revisions: 51, attachments: 38, branches: 299, attributes: 443, etapi_tokens: 0, blobs: 262
04:22:11.714 All consistency checks passed with no errors detected (took 20ms)
05:22:11.704 Table counts: notes: 296, revisions: 51, attachments: 38, branches: 299, attributes: 443, etapi_tokens: 0, blobs: 262
05:22:11.731 All consistency checks passed with no errors detected (took 27ms)
06:22:11.716 Table counts: notes: 296, revisions: 51, attachments: 38, branches: 299, attributes: 443, etapi_tokens: 0, blobs: 262
06:22:11.734 All consistency checks passed with no errors detected (took 18ms)
07:22:00.354 Optimizing database
07:22:00.359 Optimization finished in 2ms.
07:22:11.728 Table counts: notes: 296, revisions: 51, attachments: 38, branches: 299, attributes: 443, etapi_tokens: 0, blobs: 262
07:22:11.749 All consistency checks passed with no errors detected (took 22ms)
08:22:11.747 Table counts: notes: 296, revisions: 51, attachments: 38, branches: 299, attributes: 443, etapi_tokens: 0, blobs: 262
08:22:11.766 All consistency checks passed with no errors detected (took 20ms)
09:22:11.757 Table counts: notes: 296, revisions: 51, attachments: 38, branches: 299, attributes: 443, etapi_tokens: 0, blobs: 262
09:22:11.780 All consistency checks passed with no errors detected (took 24ms)
10:22:11.773 Table counts: notes: 296, revisions: 51, attachments: 38, branches: 299, attributes: 443, etapi_tokens: 0, blobs: 262
10:22:11.798 All consistency checks passed with no errors detected (took 26ms)
11:22:11.785 Table counts: notes: 296, revisions: 51, attachments: 38, branches: 299, attributes: 443, etapi_tokens: 0, blobs: 262
11:22:11.806 All consistency checks passed with no errors detected (took 22ms)
12:22:11.797 Table counts: notes: 296, revisions: 51, attachments: 38, branches: 299, attributes: 443, etapi_tokens: 0, blobs: 262
12:22:11.818 All consistency checks passed with no errors detected (took 22ms)
13:22:11.807 Table counts: notes: 296, revisions: 51, attachments: 38, branches: 299, attributes: 443, etapi_tokens: 0, blobs: 262
13:22:11.840 All consistency checks passed with no errors detected (took 34ms)
14:22:11.817 Table counts: notes: 296, revisions: 51, attachments: 38, branches: 299, attributes: 443, etapi_tokens: 0, blobs: 262
14:22:11.864 All consistency checks passed with no errors detected (took 47ms)
14:23:57.548 Error: Router not found for request GET /ads.txt
15:22:11.824 Table counts: notes: 296, revisions: 51, attachments: 38, branches: 299, attributes: 443, etapi_tokens: 0, blobs: 262
15:22:11.851 All consistency checks passed with no errors detected (took 28ms)
16:22:11.831 Table counts: notes: 296, revisions: 51, attachments: 38, branches: 299, attributes: 443, etapi_tokens: 0, blobs: 262
16:22:11.863 All consistency checks passed with no errors detected (took 34ms)
17:22:00.378 Optimizing database
17:22:00.382 Optimization finished in 1ms.
17:22:11.832 Table counts: notes: 296, revisions: 51, attachments: 38, branches: 299, attributes: 443, etapi_tokens: 0, blobs: 262
17:22:11.874 All consistency checks passed with no errors detected (took 43ms)
18:22:11.837 Table counts: notes: 296, revisions: 51, attachments: 38, branches: 299, attributes: 443, etapi_tokens: 0, blobs: 262
18:22:11.864 All consistency checks passed with no errors detected (took 28ms)
19:22:11.838 Table counts: notes: 296, revisions: 51, attachments: 38, branches: 299, attributes: 443, etapi_tokens: 0, blobs: 262
19:22:11.884 All consistency checks passed with no errors detected (took 46ms)
20:22:11.843 Table counts: notes: 296, revisions: 51, attachments: 38, branches: 299, attributes: 443, etapi_tokens: 0, blobs: 262
20:22:11.870 All consistency checks passed with no errors detected (took 27ms)
21:22:11.852 Table counts: notes: 296, revisions: 51, attachments: 38, branches: 299, attributes: 443, etapi_tokens: 0, blobs: 262
21:22:11.895 All consistency checks passed with no errors detected (took 44ms)
22:22:11.878 Table counts: notes: 296, revisions: 51, attachments: 38, branches: 299, attributes: 443, etapi_tokens: 0, blobs: 262
22:22:11.935 All consistency checks passed with no errors detected (took 58ms)
23:22:11.905 Table counts: notes: 296, revisions: 51, attachments: 38, branches: 299, attributes: 443, etapi_tokens: 0, blobs: 262
23:22:11.932 All consistency checks passed with no errors detected (took 28ms)
