00:22:01.515 Table counts: notes: 287, revisions: 18, attachments: 40, branches: 290, attributes: 441, etapi_tokens: 0, blobs: 227
00:22:01.529 All consistency checks passed with no errors detected (took 14ms)
01:22:01.516 Table counts: notes: 287, revisions: 18, attachments: 40, branches: 290, attributes: 441, etapi_tokens: 0, blobs: 227
01:22:01.529 All consistency checks passed with no errors detected (took 13ms)
02:22:01.518 Table counts: notes: 287, revisions: 18, attachments: 40, branches: 290, attributes: 441, etapi_tokens: 0, blobs: 227
02:22:01.531 All consistency checks passed with no errors detected (took 14ms)
03:22:01.547 Table counts: notes: 287, revisions: 18, attachments: 40, branches: 290, attributes: 441, etapi_tokens: 0, blobs: 227
03:22:01.558 All consistency checks passed with no errors detected (took 11ms)
04:22:01.576 Table counts: notes: 287, revisions: 18, attachments: 40, branches: 290, attributes: 441, etapi_tokens: 0, blobs: 227
04:22:01.589 All consistency checks passed with no errors detected (took 13ms)
05:22:01.577 Table counts: notes: 287, revisions: 18, attachments: 40, branches: 290, attributes: 441, etapi_tokens: 0, blobs: 227
05:22:01.590 All consistency checks passed with no errors detected (took 13ms)
06:22:01.597 Table counts: notes: 287, revisions: 18, attachments: 40, branches: 290, attributes: 441, etapi_tokens: 0, blobs: 227
06:22:01.612 All consistency checks passed with no errors detected (took 15ms)
06:54:57.442 Error: Router not found for request GET /.git/
07:22:01.622 Table counts: notes: 287, revisions: 18, attachments: 40, branches: 290, attributes: 441, etapi_tokens: 0, blobs: 227
07:22:01.641 All consistency checks passed with no errors detected (took 20ms)
08:22:01.644 Table counts: notes: 287, revisions: 18, attachments: 40, branches: 290, attributes: 441, etapi_tokens: 0, blobs: 227
08:22:01.656 All consistency checks passed with no errors detected (took 13ms)
09:21:59.138 Optimizing database
09:21:59.140 Optimization finished in 1ms.
09:22:01.645 Table counts: notes: 287, revisions: 18, attachments: 40, branches: 290, attributes: 441, etapi_tokens: 0, blobs: 227
09:22:01.663 All consistency checks passed with no errors detected (took 19ms)
10:22:01.658 Table counts: notes: 287, revisions: 18, attachments: 40, branches: 290, attributes: 441, etapi_tokens: 0, blobs: 227
10:22:01.669 All consistency checks passed with no errors detected (took 12ms)
11:22:01.676 Table counts: notes: 287, revisions: 18, attachments: 40, branches: 290, attributes: 441, etapi_tokens: 0, blobs: 227
11:22:01.690 All consistency checks passed with no errors detected (took 14ms)
12:22:01.691 Table counts: notes: 287, revisions: 18, attachments: 40, branches: 290, attributes: 441, etapi_tokens: 0, blobs: 227
12:22:01.700 All consistency checks passed with no errors detected (took 9ms)
13:09:22.334 Error: Router not found for request GET /.well-known/security.txt
13:22:01.694 Table counts: notes: 287, revisions: 18, attachments: 40, branches: 290, attributes: 441, etapi_tokens: 0, blobs: 227
13:22:01.703 All consistency checks passed with no errors detected (took 10ms)
14:22:01.706 Table counts: notes: 287, revisions: 18, attachments: 40, branches: 290, attributes: 441, etapi_tokens: 0, blobs: 227
14:22:01.715 All consistency checks passed with no errors detected (took 10ms)
15:22:01.720 Table counts: notes: 287, revisions: 18, attachments: 40, branches: 290, attributes: 441, etapi_tokens: 0, blobs: 227
15:22:01.738 All consistency checks passed with no errors detected (took 19ms)
16:22:01.724 Table counts: notes: 287, revisions: 18, attachments: 40, branches: 290, attributes: 441, etapi_tokens: 0, blobs: 227
16:22:01.738 All consistency checks passed with no errors detected (took 15ms)
17:22:01.725 Table counts: notes: 287, revisions: 18, attachments: 40, branches: 290, attributes: 441, etapi_tokens: 0, blobs: 227
17:22:01.734 All consistency checks passed with no errors detected (took 10ms)
18:22:01.733 Table counts: notes: 287, revisions: 18, attachments: 40, branches: 290, attributes: 441, etapi_tokens: 0, blobs: 227
18:22:01.741 All consistency checks passed with no errors detected (took 9ms)
19:21:59.141 Optimizing database
19:21:59.144 Optimization finished in 0ms.
19:22:01.734 Table counts: notes: 287, revisions: 18, attachments: 40, branches: 290, attributes: 441, etapi_tokens: 0, blobs: 227
19:22:01.746 All consistency checks passed with no errors detected (took 12ms)
20:22:01.740 Table counts: notes: 287, revisions: 18, attachments: 40, branches: 290, attributes: 441, etapi_tokens: 0, blobs: 227
20:22:01.753 All consistency checks passed with no errors detected (took 14ms)
21:22:01.741 Table counts: notes: 287, revisions: 18, attachments: 40, branches: 290, attributes: 441, etapi_tokens: 0, blobs: 227
21:22:01.750 All consistency checks passed with no errors detected (took 9ms)
22:22:01.745 Table counts: notes: 287, revisions: 18, attachments: 40, branches: 290, attributes: 441, etapi_tokens: 0, blobs: 227
22:22:01.754 All consistency checks passed with no errors detected (took 10ms)
23:22:01.746 Table counts: notes: 287, revisions: 18, attachments: 40, branches: 290, attributes: 441, etapi_tokens: 0, blobs: 227
23:22:01.755 All consistency checks passed with no errors detected (took 8ms)
