00:00:19.397 No connection to sync server.
00:01:19.399 No connection to sync server.
00:02:19.409 No connection to sync server.
00:03:19.416 No connection to sync server.
00:04:19.421 No connection to sync server.
00:05:19.422 No connection to sync server.
00:06:19.431 No connection to sync server.
00:07:19.433 No connection to sync server.
00:08:19.439 No connection to sync server.
00:09:19.448 No connection to sync server.
00:10:19.449 No connection to sync server.
00:11:19.449 No connection to sync server.
00:12:19.462 No connection to sync server.
00:13:19.465 No connection to sync server.
00:14:19.465 No connection to sync server.
00:15:19.470 No connection to sync server.
00:16:19.469 No connection to sync server.
00:17:19.477 No connection to sync server.
00:18:19.483 No connection to sync server.
00:19:19.489 No connection to sync server.
00:20:19.491 No connection to sync server.
00:21:19.500 No connection to sync server.
00:22:19.515 No connection to sync server.
00:23:19.509 No connection to sync server.
00:24:19.508 No connection to sync server.
00:25:19.521 No connection to sync server.
00:26:19.593 No connection to sync server.
00:27:19.523 No connection to sync server.
00:28:19.526 No connection to sync server.
00:29:19.533 No connection to sync server.
00:30:19.542 No connection to sync server.
00:31:19.540 No connection to sync server.
00:32:19.551 No connection to sync server.
00:33:19.552 No connection to sync server.
00:34:19.560 No connection to sync server.
00:35:19.562 No connection to sync server.
00:36:19.583 No connection to sync server.
00:37:19.568 No connection to sync server.
00:38:19.569 No connection to sync server.
00:39:19.579 No connection to sync server.
00:40:19.576 No connection to sync server.
00:41:19.585 No connection to sync server.
00:42:19.586 No connection to sync server.
00:43:19.579 No connection to sync server.
00:44:19.593 No connection to sync server.
00:45:19.610 No connection to sync server.
00:46:06.872 Optimizing database
00:46:06.874 Optimization finished in 2ms.
00:46:07.337 Table counts: notes: 308, revisions: 122, attachments: 66, branches: 311, attributes: 457, etapi_tokens: 0, blobs: 333
00:46:07.361 All consistency checks passed with no errors detected (took 25ms)
00:46:19.591 No connection to sync server.
00:47:19.604 No connection to sync server.
00:48:19.601 No connection to sync server.
00:49:19.606 No connection to sync server.
00:50:19.616 No connection to sync server.
00:51:19.625 No connection to sync server.
00:52:19.627 No connection to sync server.
00:53:19.630 No connection to sync server.
00:54:19.637 No connection to sync server.
00:55:19.641 No connection to sync server.
00:56:19.630 No connection to sync server.
00:57:19.645 No connection to sync server.
00:58:19.646 No connection to sync server.
00:59:19.649 No connection to sync server.
01:00:19.648 No connection to sync server.
01:01:19.647 No connection to sync server.
01:02:19.659 No connection to sync server.
01:03:19.654 No connection to sync server.
01:04:19.659 No connection to sync server.
01:05:19.666 No connection to sync server.
01:06:19.668 No connection to sync server.
01:07:19.687 No connection to sync server.
01:08:19.674 No connection to sync server.
01:09:19.680 No connection to sync server.
01:10:19.677 No connection to sync server.
01:11:19.685 No connection to sync server.
01:12:19.686 No connection to sync server.
01:13:19.684 No connection to sync server.
01:14:19.692 No connection to sync server.
01:15:19.694 No connection to sync server.
01:16:19.694 No connection to sync server.
01:17:19.709 No connection to sync server.
01:18:19.706 No connection to sync server.
01:19:19.705 No connection to sync server.
01:20:19.704 No connection to sync server.
01:21:19.717 No connection to sync server.
01:22:19.721 No connection to sync server.
01:23:19.722 No connection to sync server.
01:24:19.728 No connection to sync server.
01:25:19.723 No connection to sync server.
01:26:19.730 No connection to sync server.
01:27:19.739 No connection to sync server.
01:28:19.741 No connection to sync server.
01:29:19.747 No connection to sync server.
01:30:19.741 No connection to sync server.
01:31:19.744 No connection to sync server.
01:32:19.743 No connection to sync server.
01:33:19.759 No connection to sync server.
01:34:19.753 No connection to sync server.
01:35:19.746 No connection to sync server.
01:36:19.761 No connection to sync server.
01:37:19.762 No connection to sync server.
01:38:19.762 No connection to sync server.
01:39:19.775 No connection to sync server.
01:40:19.768 No connection to sync server.
01:41:19.772 No connection to sync server.
01:42:19.778 No connection to sync server.
01:43:19.778 No connection to sync server.
01:44:19.778 No connection to sync server.
01:45:19.802 No connection to sync server.
01:46:07.337 Table counts: notes: 308, revisions: 122, attachments: 66, branches: 311, attributes: 457, etapi_tokens: 0, blobs: 333
01:46:07.352 All consistency checks passed with no errors detected (took 15ms)
01:46:19.784 No connection to sync server.
01:47:19.785 No connection to sync server.
01:48:19.792 No connection to sync server.
01:49:19.788 No connection to sync server.
01:50:19.786 No connection to sync server.
01:51:19.791 No connection to sync server.
01:52:19.797 No connection to sync server.
01:53:19.801 No connection to sync server.
01:54:19.795 No connection to sync server.
01:55:19.808 No connection to sync server.
01:56:19.803 No connection to sync server.
01:57:19.804 No connection to sync server.
01:58:19.822 No connection to sync server.
01:59:19.816 No connection to sync server.
02:00:19.820 No connection to sync server.
02:01:20.017 No connection to sync server.
02:02:19.812 No connection to sync server.
02:03:19.824 No connection to sync server.
02:04:19.829 No connection to sync server.
02:05:19.826 No connection to sync server.
02:06:19.831 No connection to sync server.
02:07:19.832 No connection to sync server.
02:08:19.903 No connection to sync server.
02:09:19.841 No connection to sync server.
02:10:19.834 No connection to sync server.
02:11:19.848 No connection to sync server.
02:12:19.833 No connection to sync server.
02:13:19.844 No connection to sync server.
02:14:19.842 No connection to sync server.
02:15:19.842 No connection to sync server.
02:16:19.843 No connection to sync server.
02:17:19.844 No connection to sync server.
02:18:19.861 No connection to sync server.
02:19:19.864 No connection to sync server.
02:20:19.854 No connection to sync server.
02:21:19.845 No connection to sync server.
02:22:19.856 No connection to sync server.
02:23:19.863 No connection to sync server.
02:24:19.858 No connection to sync server.
02:25:19.865 No connection to sync server.
02:26:19.873 No connection to sync server.
02:27:19.868 No connection to sync server.
02:28:19.863 No connection to sync server.
02:29:19.860 No connection to sync server.
02:30:19.869 No connection to sync server.
02:31:19.863 No connection to sync server.
02:32:19.862 No connection to sync server.
02:33:19.880 No connection to sync server.
02:34:19.868 No connection to sync server.
02:35:19.861 No connection to sync server.
02:36:19.867 No connection to sync server.
02:37:19.871 No connection to sync server.
02:38:19.867 No connection to sync server.
02:39:19.871 No connection to sync server.
02:40:19.866 No connection to sync server.
02:41:19.877 No connection to sync server.
02:42:20.003 No connection to sync server.
02:43:19.904 No connection to sync server.
02:44:19.908 No connection to sync server.
02:45:19.950 No connection to sync server.
02:46:07.338 Table counts: notes: 308, revisions: 122, attachments: 66, branches: 311, attributes: 457, etapi_tokens: 0, blobs: 333
02:46:07.358 All consistency checks passed with no errors detected (took 21ms)
02:46:19.947 No connection to sync server.
02:47:19.973 No connection to sync server.
02:48:19.973 No connection to sync server.
02:49:20.003 No connection to sync server.
02:50:20.006 No connection to sync server.
02:51:20.039 No connection to sync server.
02:52:20.037 No connection to sync server.
02:53:20.050 No connection to sync server.
02:54:20.073 No connection to sync server.
02:55:20.090 No connection to sync server.
02:56:20.093 No connection to sync server.
02:57:20.208 No connection to sync server.
02:58:21.472 No connection to sync server.
02:59:20.134 No connection to sync server.
03:00:20.155 No connection to sync server.
03:01:20.164 No connection to sync server.
03:02:20.168 No connection to sync server.
03:03:20.194 No connection to sync server.
03:04:20.196 No connection to sync server.
03:05:20.225 No connection to sync server.
03:06:20.223 No connection to sync server.
03:07:20.244 No connection to sync server.
03:08:20.243 No connection to sync server.
03:09:20.282 No connection to sync server.
03:10:20.279 No connection to sync server.
03:11:20.293 No connection to sync server.
03:12:20.320 No connection to sync server.
03:13:20.310 No connection to sync server.
03:14:20.343 No connection to sync server.
03:15:20.610 No connection to sync server.
03:16:20.351 No connection to sync server.
03:17:20.384 No connection to sync server.
03:18:20.384 No connection to sync server.
03:19:20.414 No connection to sync server.
03:20:20.414 No connection to sync server.
03:21:20.447 No connection to sync server.
03:22:20.448 No connection to sync server.
03:23:20.478 No connection to sync server.
03:24:20.482 No connection to sync server.
03:25:20.507 No connection to sync server.
03:26:20.517 No connection to sync server.
03:27:20.549 No connection to sync server.
03:28:20.550 No connection to sync server.
03:29:20.579 No connection to sync server.
03:30:20.580 No connection to sync server.
03:31:20.575 No connection to sync server.
03:32:20.609 No connection to sync server.
03:33:20.619 No connection to sync server.
03:34:20.637 No connection to sync server.
03:35:20.651 No connection to sync server.
03:36:20.679 No connection to sync server.
03:37:20.681 No connection to sync server.
03:38:20.703 No connection to sync server.
03:39:20.699 No connection to sync server.
03:40:20.706 No connection to sync server.
03:41:20.732 No connection to sync server.
03:42:20.725 No connection to sync server.
03:43:20.743 No connection to sync server.
03:44:20.747 No connection to sync server.
03:45:20.764 No connection to sync server.
03:46:07.338 Table counts: notes: 308, revisions: 122, attachments: 66, branches: 311, attributes: 457, etapi_tokens: 0, blobs: 333
03:46:07.354 All consistency checks passed with no errors detected (took 16ms)
03:46:20.767 No connection to sync server.
03:47:20.786 No connection to sync server.
03:48:20.806 No connection to sync server.
03:49:20.846 No connection to sync server.
03:50:20.818 No connection to sync server.
03:51:20.847 No connection to sync server.
03:52:20.845 No connection to sync server.
03:53:20.881 No connection to sync server.
03:54:20.877 No connection to sync server.
03:55:20.914 No connection to sync server.
03:56:20.915 No connection to sync server.
03:57:20.943 No connection to sync server.
03:58:20.942 No connection to sync server.
03:59:20.983 No connection to sync server.
04:00:20.978 No connection to sync server.
04:01:20.976 No connection to sync server.
04:02:21.004 No connection to sync server.
04:03:21.003 No connection to sync server.
04:04:21.028 No connection to sync server.
04:05:21.036 No connection to sync server.
04:06:21.075 No connection to sync server.
04:07:21.067 No connection to sync server.
04:08:21.098 No connection to sync server.
04:09:21.099 No connection to sync server.
04:10:21.137 No connection to sync server.
04:11:21.145 No connection to sync server.
04:12:21.164 No connection to sync server.
04:13:21.164 No connection to sync server.
04:14:21.194 No connection to sync server.
04:15:21.196 No connection to sync server.
04:16:21.190 No connection to sync server.
04:17:21.225 No connection to sync server.
04:18:21.224 No connection to sync server.
04:19:21.227 No connection to sync server.
04:20:21.261 No connection to sync server.
04:21:21.262 No connection to sync server.
04:22:21.283 No connection to sync server.
04:23:21.290 No connection to sync server.
04:24:21.299 No connection to sync server.
04:25:21.315 No connection to sync server.
04:26:21.330 No connection to sync server.
04:27:21.324 No connection to sync server.
04:28:21.336 No connection to sync server.
04:29:21.361 No connection to sync server.
04:30:21.362 No connection to sync server.
04:31:21.374 No connection to sync server.
04:32:21.806 No connection to sync server.
04:33:21.399 No connection to sync server.
04:33:33.724 Error: Router not found for request GET /login.htm
04:34:21.423 No connection to sync server.
04:35:21.433 No connection to sync server.
04:36:21.466 No connection to sync server.
04:37:21.459 No connection to sync server.
04:38:21.490 No connection to sync server.
04:39:21.498 No connection to sync server.
04:40:21.526 No connection to sync server.
04:41:21.526 No connection to sync server.
04:42:21.558 No connection to sync server.
04:43:21.566 No connection to sync server.
04:44:21.560 No connection to sync server.
04:45:21.595 No connection to sync server.
04:46:07.340 Table counts: notes: 308, revisions: 122, attachments: 66, branches: 311, attributes: 457, etapi_tokens: 0, blobs: 333
04:46:07.364 All consistency checks passed with no errors detected (took 25ms)
04:46:21.605 No connection to sync server.
04:47:21.619 No connection to sync server.
04:48:21.623 No connection to sync server.
04:49:21.642 No connection to sync server.
04:50:21.660 No connection to sync server.
04:51:21.654 No connection to sync server.
04:52:21.678 No connection to sync server.
04:53:21.683 No connection to sync server.
04:54:21.718 No connection to sync server.
04:55:21.719 No connection to sync server.
04:56:21.719 No connection to sync server.
04:57:21.729 No connection to sync server.
04:58:21.763 No connection to sync server.
04:59:21.754 No connection to sync server.
05:00:21.787 No connection to sync server.
05:01:21.782 No connection to sync server.
05:02:21.804 No connection to sync server.
05:03:21.810 No connection to sync server.
05:04:21.831 No connection to sync server.
05:05:21.835 No connection to sync server.
05:06:21.867 No connection to sync server.
05:07:21.868 No connection to sync server.
05:08:21.893 No connection to sync server.
05:09:21.916 No connection to sync server.
05:10:21.930 No connection to sync server.
05:11:21.928 No connection to sync server.
05:12:21.933 No connection to sync server.
05:13:21.953 No connection to sync server.
05:14:21.964 No connection to sync server.
05:15:21.982 No connection to sync server.
05:16:21.966 No connection to sync server.
05:17:21.993 No connection to sync server.
05:18:22.000 No connection to sync server.
05:19:22.006 No connection to sync server.
05:20:22.223 No connection to sync server.
05:21:22.037 No connection to sync server.
05:22:22.070 No connection to sync server.
05:23:22.072 No connection to sync server.
05:24:22.102 No connection to sync server.
05:25:22.114 No connection to sync server.
05:26:22.107 No connection to sync server.
05:27:22.131 No connection to sync server.
05:28:22.141 No connection to sync server.
05:29:22.171 No connection to sync server.
05:30:22.175 No connection to sync server.
05:31:22.183 No connection to sync server.
05:32:22.203 No connection to sync server.
05:33:22.210 No connection to sync server.
05:34:22.212 No connection to sync server.
05:35:22.243 No connection to sync server.
05:36:22.237 No connection to sync server.
05:37:22.264 No connection to sync server.
05:38:22.265 No connection to sync server.
05:39:22.294 No connection to sync server.
05:40:22.307 No connection to sync server.
05:41:22.333 No connection to sync server.
05:42:22.336 No connection to sync server.
05:43:22.328 No connection to sync server.
05:44:22.336 No connection to sync server.
05:45:22.350 No connection to sync server.
05:46:07.340 Table counts: notes: 308, revisions: 122, attachments: 66, branches: 311, attributes: 457, etapi_tokens: 0, blobs: 333
05:46:07.361 All consistency checks passed with no errors detected (took 21ms)
05:46:22.350 No connection to sync server.
05:47:22.354 No connection to sync server.
05:48:22.397 No connection to sync server.
05:49:22.389 No connection to sync server.
05:50:22.419 No connection to sync server.
05:51:22.415 No connection to sync server.
05:52:22.450 No connection to sync server.
05:53:22.459 No connection to sync server.
05:54:22.486 No connection to sync server.
05:55:22.487 No connection to sync server.
05:56:22.496 No connection to sync server.
05:57:22.517 No connection to sync server.
05:58:22.532 No connection to sync server.
05:59:22.547 No connection to sync server.
06:00:22.566 No connection to sync server.
06:01:22.558 No connection to sync server.
06:02:22.583 No connection to sync server.
06:03:22.596 No connection to sync server.
06:04:22.618 No connection to sync server.
06:05:22.619 No connection to sync server.
06:06:22.642 No connection to sync server.
06:07:22.656 No connection to sync server.
06:08:30.704 No connection to sync server.
06:09:22.684 No connection to sync server.
06:10:22.716 No connection to sync server.
06:11:22.714 No connection to sync server.
06:12:22.747 No connection to sync server.
06:13:22.733 No connection to sync server.
06:14:22.772 No connection to sync server.
06:15:22.766 No connection to sync server.
06:16:22.765 No connection to sync server.
06:17:22.800 No connection to sync server.
06:18:22.795 No connection to sync server.
06:19:22.838 No connection to sync server.
06:20:22.837 No connection to sync server.
06:21:22.867 No connection to sync server.
06:22:22.863 No connection to sync server.
06:23:22.883 No connection to sync server.
06:24:22.888 No connection to sync server.
06:25:22.922 No connection to sync server.
06:26:22.923 No connection to sync server.
06:27:22.949 No connection to sync server.
06:28:22.959 No connection to sync server.
06:29:23.044 No connection to sync server.
06:30:22.980 No connection to sync server.
06:31:22.981 No connection to sync server.
06:32:23.006 No connection to sync server.
06:33:23.016 No connection to sync server.
06:34:23.035 No connection to sync server.
06:35:24.047 No connection to sync server.
06:36:23.036 No connection to sync server.
06:37:23.058 No connection to sync server.
06:38:23.059 No connection to sync server.
06:39:23.086 No connection to sync server.
06:40:23.091 No connection to sync server.
06:41:23.115 No connection to sync server.
06:42:23.129 No connection to sync server.
06:43:23.153 No connection to sync server.
06:44:23.162 No connection to sync server.
06:45:23.200 No connection to sync server.
06:46:07.341 Table counts: notes: 308, revisions: 122, attachments: 66, branches: 311, attributes: 457, etapi_tokens: 0, blobs: 333
06:46:07.362 All consistency checks passed with no errors detected (took 21ms)
06:46:23.185 No connection to sync server.
06:47:23.196 No connection to sync server.
06:48:23.204 No connection to sync server.
06:49:23.228 No connection to sync server.
06:50:23.231 No connection to sync server.
06:51:23.276 No connection to sync server.
06:52:23.262 No connection to sync server.
06:53:23.290 No connection to sync server.
06:54:23.296 No connection to sync server.
06:55:23.318 No connection to sync server.
06:56:23.329 No connection to sync server.
06:57:23.368 No connection to sync server.
06:58:23.355 No connection to sync server.
06:59:23.385 No connection to sync server.
07:00:23.383 No connection to sync server.
07:01:23.390 No connection to sync server.
07:02:23.420 No connection to sync server.
07:03:23.425 No connection to sync server.
07:04:23.449 No connection to sync server.
07:05:23.444 No connection to sync server.
07:06:23.443 No connection to sync server.
07:07:23.476 No connection to sync server.
07:08:23.483 No connection to sync server.
07:09:23.494 No connection to sync server.
07:10:23.497 No connection to sync server.
07:11:23.510 No connection to sync server.
07:12:23.515 No connection to sync server.
07:13:23.549 No connection to sync server.
07:14:23.563 No connection to sync server.
07:15:23.571 No connection to sync server.
07:16:23.576 No connection to sync server.
07:17:23.588 No connection to sync server.
07:18:23.580 No connection to sync server.
07:19:23.613 No connection to sync server.
07:20:23.627 No connection to sync server.
07:21:23.644 No connection to sync server.
07:22:23.653 No connection to sync server.
07:23:23.670 No connection to sync server.
07:24:23.675 No connection to sync server.
07:25:23.694 No connection to sync server.
07:26:23.694 No connection to sync server.
07:27:23.717 No connection to sync server.
07:28:23.721 No connection to sync server.
07:29:23.751 No connection to sync server.
07:30:23.762 No connection to sync server.
07:31:23.759 No connection to sync server.
07:32:23.803 No connection to sync server.
07:33:23.798 No connection to sync server.
07:34:23.816 No connection to sync server.
07:35:23.840 No connection to sync server.
07:36:23.847 No connection to sync server.
07:37:23.855 No connection to sync server.
07:38:23.862 No connection to sync server.
07:39:23.867 No connection to sync server.
07:40:23.900 No connection to sync server.
07:41:23.899 No connection to sync server.
07:42:23.893 No connection to sync server.
07:43:23.918 No connection to sync server.
07:44:23.934 No connection to sync server.
07:45:23.942 No connection to sync server.
07:46:07.342 Table counts: notes: 308, revisions: 122, attachments: 66, branches: 311, attributes: 457, etapi_tokens: 0, blobs: 333
07:46:07.361 All consistency checks passed with no errors detected (took 19ms)
07:46:23.943 No connection to sync server.
07:47:23.959 No connection to sync server.
07:48:23.972 No connection to sync server.
07:49:23.978 No connection to sync server.
07:50:23.991 No connection to sync server.
07:51:24.003 No connection to sync server.
07:52:24.007 No connection to sync server.
07:53:24.012 No connection to sync server.
07:54:24.043 No connection to sync server.
07:55:24.041 No connection to sync server.
07:56:24.071 No connection to sync server.
07:57:24.067 No connection to sync server.
07:58:24.105 No connection to sync server.
07:59:24.097 No connection to sync server.
08:00:24.108 No connection to sync server.
08:01:24.106 No connection to sync server.
08:02:24.140 No connection to sync server.
08:03:24.147 No connection to sync server.
08:04:24.151 No connection to sync server.
08:05:24.155 No connection to sync server.
08:06:24.184 No connection to sync server.
08:07:24.180 No connection to sync server.
08:08:24.219 No connection to sync server.
08:09:24.222 No connection to sync server.
08:10:24.250 No connection to sync server.
08:11:24.246 No connection to sync server.
08:12:24.271 No connection to sync server.
08:13:24.281 No connection to sync server.
08:14:24.301 No connection to sync server.
08:15:24.299 No connection to sync server.
08:16:24.307 No connection to sync server.
08:17:24.323 No connection to sync server.
08:18:24.331 No connection to sync server.
08:19:24.366 No connection to sync server.
08:20:24.366 No connection to sync server.
08:21:24.382 No connection to sync server.
08:22:24.397 No connection to sync server.
08:23:24.407 No connection to sync server.
08:24:24.414 No connection to sync server.
08:25:24.443 No connection to sync server.
08:26:24.448 No connection to sync server.
08:27:24.467 No connection to sync server.
08:28:24.469 No connection to sync server.
08:29:24.514 No connection to sync server.
08:30:24.506 No connection to sync server.
08:31:24.510 No connection to sync server.
08:32:24.540 No connection to sync server.
08:33:24.532 No connection to sync server.
08:34:24.556 No connection to sync server.
08:35:24.557 No connection to sync server.
08:36:24.588 No connection to sync server.
08:37:24.584 No connection to sync server.
08:38:24.591 No connection to sync server.
08:39:24.625 No connection to sync server.
08:40:24.618 No connection to sync server.
08:41:24.622 No connection to sync server.
08:42:24.649 No connection to sync server.
08:43:24.641 No connection to sync server.
08:44:24.669 No connection to sync server.
08:45:24.682 No connection to sync server.
08:46:07.343 Table counts: notes: 308, revisions: 122, attachments: 66, branches: 311, attributes: 457, etapi_tokens: 0, blobs: 333
08:46:07.359 All consistency checks passed with no errors detected (took 16ms)
08:46:24.681 No connection to sync server.
08:47:24.704 No connection to sync server.
08:48:24.704 No connection to sync server.
08:49:24.740 No connection to sync server.
08:50:24.732 No connection to sync server.
08:51:24.763 No connection to sync server.
08:52:24.778 No connection to sync server.
08:53:24.797 No connection to sync server.
08:54:24.807 No connection to sync server.
08:55:24.820 No connection to sync server.
08:56:24.828 No connection to sync server.
08:57:24.851 No connection to sync server.
08:58:24.858 No connection to sync server.
08:59:24.881 No connection to sync server.
09:00:24.895 No connection to sync server.
09:01:24.888 No connection to sync server.
09:02:24.923 No connection to sync server.
09:03:24.924 No connection to sync server.
09:04:24.947 No connection to sync server.
09:05:24.947 No connection to sync server.
09:06:24.958 No connection to sync server.
09:07:24.970 No connection to sync server.
09:08:24.991 No connection to sync server.
09:09:24.983 No connection to sync server.
09:10:25.016 No connection to sync server.
09:11:25.011 No connection to sync server.
09:12:25.127 No connection to sync server.
09:13:25.040 No connection to sync server.
09:14:25.046 No connection to sync server.
09:15:25.074 No connection to sync server.
09:16:25.063 No connection to sync server.
09:17:25.075 No connection to sync server.
09:18:25.085 No connection to sync server.
09:19:25.101 No connection to sync server.
09:20:25.106 No connection to sync server.
09:21:25.121 No connection to sync server.
09:22:25.121 No connection to sync server.
09:23:25.151 No connection to sync server.
09:24:25.144 No connection to sync server.
09:25:25.162 No connection to sync server.
09:26:25.164 No connection to sync server.
09:27:25.194 No connection to sync server.
09:28:25.190 No connection to sync server.
09:29:25.216 No connection to sync server.
09:30:25.227 No connection to sync server.
09:31:25.232 No connection to sync server.
09:32:25.247 No connection to sync server.
09:33:25.258 No connection to sync server.
09:34:25.278 No connection to sync server.
09:35:25.271 No connection to sync server.
09:36:25.306 No connection to sync server.
09:37:25.299 No connection to sync server.
09:38:25.327 No connection to sync server.
09:39:25.332 No connection to sync server.
09:40:25.343 No connection to sync server.
09:41:25.341 No connection to sync server.
09:42:25.369 No connection to sync server.
09:43:25.375 No connection to sync server.
09:44:25.391 No connection to sync server.
09:45:25.402 No connection to sync server.
09:46:07.345 Table counts: notes: 308, revisions: 122, attachments: 66, branches: 311, attributes: 457, etapi_tokens: 0, blobs: 333
09:46:07.377 All consistency checks passed with no errors detected (took 33ms)
09:46:25.406 No connection to sync server.
09:47:25.427 No connection to sync server.
09:48:25.423 No connection to sync server.
09:49:25.452 No connection to sync server.
09:50:25.460 No connection to sync server.
09:51:25.458 No connection to sync server.
09:52:25.489 No connection to sync server.
09:53:25.494 No connection to sync server.
09:54:25.509 No connection to sync server.
09:55:25.520 No connection to sync server.
09:56:25.553 No connection to sync server.
09:57:25.555 No connection to sync server.
09:58:25.569 No connection to sync server.
09:59:25.571 No connection to sync server.
10:00:25.601 No connection to sync server.
10:01:25.599 No connection to sync server.
10:02:25.625 No connection to sync server.
10:03:25.620 No connection to sync server.
10:04:25.650 No connection to sync server.
10:05:25.644 No connection to sync server.
10:06:25.670 No connection to sync server.
10:07:25.676 No connection to sync server.
10:08:25.695 No connection to sync server.
10:09:25.702 No connection to sync server.
10:10:25.728 No connection to sync server.
10:11:25.738 No connection to sync server.
10:12:25.749 No connection to sync server.
10:13:25.752 No connection to sync server.
10:14:25.786 No connection to sync server.
10:15:25.787 No connection to sync server.
10:16:25.788 No connection to sync server.
10:17:25.808 No connection to sync server.
10:18:25.816 No connection to sync server.
10:19:25.836 No connection to sync server.
10:20:25.843 No connection to sync server.
10:21:25.850 No connection to sync server.
10:22:25.871 No connection to sync server.
10:23:25.882 No connection to sync server.
10:24:25.901 No connection to sync server.
10:25:25.909 No connection to sync server.
10:26:25.921 No connection to sync server.
10:27:25.934 No connection to sync server.
10:28:25.949 No connection to sync server.
10:29:25.949 No connection to sync server.
10:30:25.974 No connection to sync server.
10:31:25.980 No connection to sync server.
10:32:25.997 No connection to sync server.
10:33:26.011 No connection to sync server.
10:34:26.005 No connection to sync server.
10:35:26.029 No connection to sync server.
10:36:26.043 No connection to sync server.
10:37:26.060 No connection to sync server.
10:38:26.070 No connection to sync server.
10:39:26.084 No connection to sync server.
10:40:26.076 No connection to sync server.
10:41:26.080 No connection to sync server.
10:42:26.104 No connection to sync server.
10:43:26.116 No connection to sync server.
10:44:26.121 No connection to sync server.
10:45:26.133 No connection to sync server.
10:46:06.872 Optimizing database
10:46:06.874 Optimization finished in 1ms.
10:46:07.345 Table counts: notes: 308, revisions: 122, attachments: 66, branches: 311, attributes: 457, etapi_tokens: 0, blobs: 333
10:46:07.368 All consistency checks passed with no errors detected (took 23ms)
10:46:26.131 No connection to sync server.
10:47:26.164 No connection to sync server.
10:48:26.156 No connection to sync server.
10:49:26.184 No connection to sync server.
10:50:26.188 No connection to sync server.
10:51:26.215 No connection to sync server.
10:52:26.222 No connection to sync server.
10:53:26.243 No connection to sync server.
10:54:26.264 No connection to sync server.
10:55:26.260 No connection to sync server.
10:56:26.278 No connection to sync server.
10:57:26.289 No connection to sync server.
10:58:26.294 No connection to sync server.
10:59:26.319 No connection to sync server.
11:00:26.333 No connection to sync server.
11:01:26.316 No connection to sync server.
11:02:26.349 No connection to sync server.
11:03:26.347 No connection to sync server.
11:04:26.375 No connection to sync server.
11:05:26.375 No connection to sync server.
11:06:26.401 No connection to sync server.
11:07:26.407 No connection to sync server.
11:08:26.423 No connection to sync server.
11:09:26.430 No connection to sync server.
11:10:26.451 No connection to sync server.
11:11:26.449 No connection to sync server.
11:12:26.466 No connection to sync server.
11:13:26.474 No connection to sync server.
11:14:26.499 No connection to sync server.
11:15:26.512 No connection to sync server.
11:16:26.508 No connection to sync server.
11:17:26.531 No connection to sync server.
11:18:26.542 No connection to sync server.
11:19:26.536 No connection to sync server.
11:20:26.542 No connection to sync server.
11:21:26.559 No connection to sync server.
11:22:26.563 No connection to sync server.
11:23:26.578 No connection to sync server.
11:24:26.581 No connection to sync server.
11:25:26.602 No connection to sync server.
11:26:26.613 No connection to sync server.
11:27:26.620 No connection to sync server.
11:28:26.630 No connection to sync server.
11:29:26.648 No connection to sync server.
11:30:26.646 No connection to sync server.
11:31:26.646 No connection to sync server.
11:32:26.681 No connection to sync server.
11:33:26.694 No connection to sync server.
11:34:26.694 No connection to sync server.
11:35:26.690 No connection to sync server.
11:36:26.716 No connection to sync server.
11:37:26.704 No connection to sync server.
11:38:26.727 No connection to sync server.
11:39:26.730 No connection to sync server.
11:40:26.744 No connection to sync server.
11:41:26.750 No connection to sync server.
11:42:26.781 No connection to sync server.
11:43:26.782 No connection to sync server.
11:44:26.799 No connection to sync server.
11:45:26.804 No connection to sync server.
11:46:07.347 Table counts: notes: 308, revisions: 122, attachments: 66, branches: 311, attributes: 457, etapi_tokens: 0, blobs: 333
11:46:07.362 All consistency checks passed with no errors detected (took 15ms)
11:46:26.815 No connection to sync server.
11:47:26.831 No connection to sync server.
11:48:26.841 No connection to sync server.
11:49:26.860 No connection to sync server.
11:50:26.847 No connection to sync server.
11:51:26.881 No connection to sync server.
11:52:26.885 No connection to sync server.
11:53:26.898 No connection to sync server.
11:54:26.906 No connection to sync server.
11:55:26.924 No connection to sync server.
11:56:26.941 No connection to sync server.
11:57:26.948 No connection to sync server.
11:58:26.948 No connection to sync server.
11:59:26.975 No connection to sync server.
12:00:26.971 No connection to sync server.
12:01:26.983 No connection to sync server.
12:02:26.998 No connection to sync server.
12:03:27.003 No connection to sync server.
12:04:27.021 No connection to sync server.
12:05:27.028 No connection to sync server.
12:06:27.033 No connection to sync server.
12:07:27.040 No connection to sync server.
12:08:27.054 No connection to sync server.
12:09:27.074 No connection to sync server.
12:10:27.082 No connection to sync server.
12:11:27.097 No connection to sync server.
12:12:27.101 No connection to sync server.
12:13:27.126 No connection to sync server.
12:14:27.127 No connection to sync server.
12:15:27.117 No connection to sync server.
12:16:27.128 No connection to sync server.
12:17:27.150 No connection to sync server.
12:18:27.166 No connection to sync server.
12:19:27.163 No connection to sync server.
12:20:27.183 No connection to sync server.
12:21:27.194 No connection to sync server.
12:22:27.203 No connection to sync server.
12:23:27.212 No connection to sync server.
12:24:27.212 No connection to sync server.
12:25:27.215 No connection to sync server.
12:26:27.239 No connection to sync server.
12:27:27.241 No connection to sync server.
12:28:27.265 No connection to sync server.
12:29:27.266 No connection to sync server.
12:30:27.292 No connection to sync server.
12:31:27.292 No connection to sync server.
12:32:27.295 No connection to sync server.
12:33:27.303 No connection to sync server.
12:34:27.311 No connection to sync server.
12:35:27.332 No connection to sync server.
12:36:27.332 No connection to sync server.
12:37:27.357 No connection to sync server.
12:38:27.356 No connection to sync server.
12:39:27.370 No connection to sync server.
12:40:27.381 No connection to sync server.
12:41:27.409 No connection to sync server.
12:42:27.402 No connection to sync server.
12:43:27.418 No connection to sync server.
12:44:27.422 No connection to sync server.
12:45:27.437 No connection to sync server.
12:46:07.347 Table counts: notes: 308, revisions: 122, attachments: 66, branches: 311, attributes: 457, etapi_tokens: 0, blobs: 333
12:46:07.376 All consistency checks passed with no errors detected (took 29ms)
12:46:27.447 No connection to sync server.
12:47:27.451 No connection to sync server.
12:48:27.467 No connection to sync server.
12:49:27.473 No connection to sync server.
12:50:27.477 No connection to sync server.
12:51:27.494 No connection to sync server.
12:52:27.501 No connection to sync server.
12:53:27.524 No connection to sync server.
12:54:27.519 No connection to sync server.
12:55:27.520 No connection to sync server.
12:56:27.547 No connection to sync server.
12:57:27.544 No connection to sync server.
12:58:27.575 No connection to sync server.
12:59:27.568 No connection to sync server.
13:00:27.599 No connection to sync server.
13:01:27.587 No connection to sync server.
13:02:27.617 No connection to sync server.
13:03:27.612 No connection to sync server.
13:04:27.627 No connection to sync server.
13:05:27.638 No connection to sync server.
13:06:27.655 No connection to sync server.
13:07:27.652 No connection to sync server.
13:08:27.670 No connection to sync server.
13:09:27.681 No connection to sync server.
13:10:27.692 No connection to sync server.
13:11:27.711 No connection to sync server.
13:12:27.709 No connection to sync server.
13:13:27.708 No connection to sync server.
13:14:27.722 No connection to sync server.
13:15:08.373 Error: Router not found for request GET /pdown
13:15:27.736 No connection to sync server.
13:16:27.750 No connection to sync server.
13:17:27.756 No connection to sync server.
13:18:27.768 No connection to sync server.
13:19:27.771 No connection to sync server.
13:20:27.784 No connection to sync server.
13:21:27.815 No connection to sync server.
13:22:27.811 No connection to sync server.
13:23:27.816 No connection to sync server.
13:24:27.828 No connection to sync server.
13:25:27.836 No connection to sync server.
13:26:27.842 No connection to sync server.
13:27:27.866 No connection to sync server.
13:28:27.860 No connection to sync server.
13:29:27.878 No connection to sync server.
13:30:27.899 No connection to sync server.
13:31:27.897 No connection to sync server.
13:32:27.911 No connection to sync server.
13:33:27.913 No connection to sync server.
13:34:27.936 No connection to sync server.
13:35:27.938 No connection to sync server.
13:36:27.960 No connection to sync server.
13:37:27.954 No connection to sync server.
13:38:27.978 No connection to sync server.
13:39:27.981 No connection to sync server.
13:40:27.992 No connection to sync server.
13:41:28.005 No connection to sync server.
13:42:28.026 No connection to sync server.
13:43:28.024 No connection to sync server.
13:44:28.050 No connection to sync server.
13:45:28.044 No connection to sync server.
13:46:07.348 Table counts: notes: 308, revisions: 122, attachments: 66, branches: 311, attributes: 457, etapi_tokens: 0, blobs: 333
13:46:07.364 All consistency checks passed with no errors detected (took 17ms)
13:46:28.063 No connection to sync server.
13:47:28.069 No connection to sync server.
13:48:28.076 No connection to sync server.
13:49:28.084 No connection to sync server.
13:50:28.097 No connection to sync server.
13:51:28.108 No connection to sync server.
13:52:28.120 No connection to sync server.
13:53:28.130 No connection to sync server.
13:54:28.136 No connection to sync server.
13:55:28.145 No connection to sync server.
13:56:28.151 No connection to sync server.
13:57:28.162 No connection to sync server.
13:58:28.172 No connection to sync server.
13:59:28.187 No connection to sync server.
14:00:28.196 No connection to sync server.
14:01:28.199 No connection to sync server.
14:02:28.214 No connection to sync server.
14:03:28.220 No connection to sync server.
14:04:28.244 No connection to sync server.
14:05:28.266 No connection to sync server.
14:06:28.247 No connection to sync server.
14:07:28.275 No connection to sync server.
14:08:28.273 No connection to sync server.
14:09:28.293 No connection to sync server.
14:10:28.288 No connection to sync server.
14:11:28.317 No connection to sync server.
14:12:28.314 No connection to sync server.
14:13:28.332 No connection to sync server.
14:14:28.335 No connection to sync server.
14:15:28.360 No connection to sync server.
14:16:28.390 No connection to sync server.
14:17:28.374 No connection to sync server.
14:18:28.391 No connection to sync server.
14:19:28.447 No connection to sync server.
14:20:28.390 No connection to sync server.
14:21:28.392 No connection to sync server.
14:22:28.414 No connection to sync server.
14:23:28.421 No connection to sync server.
14:24:28.437 No connection to sync server.
14:25:28.455 No connection to sync server.
14:26:28.467 No connection to sync server.
14:27:28.469 No connection to sync server.
14:28:28.471 No connection to sync server.
14:29:28.483 No connection to sync server.
14:30:28.484 No connection to sync server.
14:31:28.506 No connection to sync server.
14:32:28.506 No connection to sync server.
14:33:28.514 No connection to sync server.
14:34:28.529 No connection to sync server.
14:35:28.531 No connection to sync server.
14:36:28.546 No connection to sync server.
14:37:28.558 No connection to sync server.
14:38:28.572 No connection to sync server.
14:39:28.581 No connection to sync server.
14:40:28.593 No connection to sync server.
14:41:28.607 No connection to sync server.
14:42:28.622 No connection to sync server.
14:43:28.614 No connection to sync server.
14:44:28.634 No connection to sync server.
14:45:28.644 No connection to sync server.
14:46:07.349 Table counts: notes: 308, revisions: 122, attachments: 66, branches: 311, attributes: 457, etapi_tokens: 0, blobs: 333
14:46:07.377 All consistency checks passed with no errors detected (took 29ms)
14:46:28.648 No connection to sync server.
14:47:28.661 No connection to sync server.
14:48:28.674 No connection to sync server.
14:49:28.683 No connection to sync server.
14:50:28.683 No connection to sync server.
14:51:28.708 No connection to sync server.
14:52:28.718 No connection to sync server.
14:53:28.723 No connection to sync server.
14:54:28.739 No connection to sync server.
14:55:28.736 No connection to sync server.
14:56:28.747 No connection to sync server.
14:57:28.755 No connection to sync server.
14:58:28.764 No connection to sync server.
14:59:28.767 No connection to sync server.
15:00:28.785 No connection to sync server.
15:01:28.785 No connection to sync server.
15:02:28.805 No connection to sync server.
15:03:28.819 No connection to sync server.
15:04:28.829 No connection to sync server.
15:05:28.827 No connection to sync server.
15:06:28.851 No connection to sync server.
15:07:28.848 No connection to sync server.
15:08:28.869 No connection to sync server.
15:09:28.882 No connection to sync server.
15:10:28.873 No connection to sync server.
15:11:28.888 No connection to sync server.
15:12:28.897 No connection to sync server.
15:13:28.924 No connection to sync server.
15:14:28.930 No connection to sync server.
15:15:28.933 No connection to sync server.
15:16:28.936 No connection to sync server.
15:17:29.122 No connection to sync server.
15:18:28.957 No connection to sync server.
15:19:28.967 No connection to sync server.
15:20:28.972 No connection to sync server.
15:21:28.997 No connection to sync server.
15:22:28.996 No connection to sync server.
15:23:29.002 No connection to sync server.
15:24:29.012 No connection to sync server.
15:25:29.019 No connection to sync server.
15:26:29.038 No connection to sync server.
15:27:29.034 No connection to sync server.
15:28:29.052 No connection to sync server.
15:29:29.065 No connection to sync server.
15:30:29.081 No connection to sync server.
15:31:29.078 No connection to sync server.
15:32:29.088 No connection to sync server.
15:33:29.094 No connection to sync server.
15:34:29.117 No connection to sync server.
15:35:29.115 No connection to sync server.
15:36:29.132 No connection to sync server.
15:37:29.147 No connection to sync server.
15:38:29.143 No connection to sync server.
15:39:29.149 No connection to sync server.
15:40:29.170 No connection to sync server.
15:41:29.176 No connection to sync server.
15:42:29.183 No connection to sync server.
15:43:29.184 No connection to sync server.
15:44:29.199 No connection to sync server.
15:45:29.210 No connection to sync server.
15:46:07.350 Table counts: notes: 308, revisions: 122, attachments: 66, branches: 311, attributes: 457, etapi_tokens: 0, blobs: 333
15:46:07.366 All consistency checks passed with no errors detected (took 17ms)
15:46:29.210 No connection to sync server.
15:47:29.230 No connection to sync server.
15:48:29.239 No connection to sync server.
15:49:29.253 No connection to sync server.
15:50:29.253 No connection to sync server.
15:51:29.257 No connection to sync server.
15:52:29.271 No connection to sync server.
15:53:29.266 No connection to sync server.
15:54:29.283 No connection to sync server.
15:55:29.289 No connection to sync server.
15:56:29.319 No connection to sync server.
15:57:29.306 No connection to sync server.
15:58:29.325 No connection to sync server.
15:59:29.344 No connection to sync server.
16:00:29.341 No connection to sync server.
16:01:29.334 No connection to sync server.
16:02:29.367 No connection to sync server.
16:03:29.353 No connection to sync server.
16:04:29.386 No connection to sync server.
16:05:29.394 No connection to sync server.
16:06:29.396 No connection to sync server.
16:07:29.404 No connection to sync server.
16:08:29.421 No connection to sync server.
16:09:29.412 No connection to sync server.
16:10:29.435 No connection to sync server.
16:11:29.436 No connection to sync server.
16:12:29.487 No connection to sync server.
16:13:29.465 No connection to sync server.
16:14:29.468 No connection to sync server.
16:15:29.470 No connection to sync server.
16:16:29.482 No connection to sync server.
16:17:29.496 No connection to sync server.
16:18:29.495 No connection to sync server.
16:19:29.513 No connection to sync server.
16:20:29.519 No connection to sync server.
16:21:29.521 No connection to sync server.
16:22:29.527 No connection to sync server.
16:23:29.551 No connection to sync server.
16:24:29.543 No connection to sync server.
16:25:29.563 No connection to sync server.
16:26:29.554 No connection to sync server.
16:27:29.575 No connection to sync server.
16:28:29.588 No connection to sync server.
16:29:29.600 No connection to sync server.
16:30:29.609 No connection to sync server.
16:31:29.601 No connection to sync server.
16:32:29.629 No connection to sync server.
16:33:29.617 No connection to sync server.
16:34:29.631 No connection to sync server.
16:35:29.639 No connection to sync server.
16:36:29.642 No connection to sync server.
16:37:29.663 No connection to sync server.
16:38:29.666 No connection to sync server.
16:39:29.672 No connection to sync server.
16:40:29.673 No connection to sync server.
16:41:29.689 No connection to sync server.
16:42:29.704 No connection to sync server.
16:43:29.710 No connection to sync server.
16:44:29.711 No connection to sync server.
16:45:29.721 No connection to sync server.
16:46:07.350 Table counts: notes: 308, revisions: 122, attachments: 66, branches: 311, attributes: 457, etapi_tokens: 0, blobs: 333
16:46:07.372 All consistency checks passed with no errors detected (took 22ms)
16:46:29.731 No connection to sync server.
16:47:29.731 No connection to sync server.
16:48:29.754 No connection to sync server.
16:49:29.749 No connection to sync server.
16:50:29.766 No connection to sync server.
16:51:29.765 No connection to sync server.
16:52:29.777 No connection to sync server.
16:53:29.785 No connection to sync server.
16:54:29.795 No connection to sync server.
16:55:29.818 No connection to sync server.
16:56:29.816 No connection to sync server.
16:57:29.813 No connection to sync server.
16:58:29.832 No connection to sync server.
16:59:29.837 No connection to sync server.
17:00:29.851 No connection to sync server.
17:01:29.851 No connection to sync server.
17:02:29.848 No connection to sync server.
17:03:29.873 No connection to sync server.
17:04:29.873 No connection to sync server.
17:05:29.888 No connection to sync server.
17:06:29.888 No connection to sync server.
17:07:29.894 No connection to sync server.
17:08:29.906 No connection to sync server.
17:09:29.916 No connection to sync server.
17:10:29.933 No connection to sync server.
17:11:29.922 No connection to sync server.
17:12:29.945 No connection to sync server.
17:13:29.939 No connection to sync server.
17:14:29.957 No connection to sync server.
17:15:29.959 No connection to sync server.
17:16:29.980 No connection to sync server.
17:17:29.975 No connection to sync server.
17:18:29.988 No connection to sync server.
17:19:29.983 No connection to sync server.
17:20:30.005 No connection to sync server.
17:21:30.014 No connection to sync server.
17:22:30.017 No connection to sync server.
17:23:30.013 No connection to sync server.
17:24:30.040 No connection to sync server.
17:25:30.037 No connection to sync server.
17:26:30.050 No connection to sync server.
17:27:30.046 No connection to sync server.
17:28:30.060 No connection to sync server.
17:29:30.068 No connection to sync server.
17:30:30.076 No connection to sync server.
17:31:30.083 No connection to sync server.
17:32:30.102 No connection to sync server.
17:33:30.100 No connection to sync server.
17:34:30.107 No connection to sync server.
17:35:30.117 No connection to sync server.
17:36:30.135 No connection to sync server.
17:37:30.143 No connection to sync server.
17:38:30.150 No connection to sync server.
17:39:30.154 No connection to sync server.
17:40:30.163 No connection to sync server.
17:41:30.163 No connection to sync server.
17:42:30.167 No connection to sync server.
17:43:30.185 No connection to sync server.
17:44:31.216 No connection to sync server.
17:45:30.197 No connection to sync server.
17:46:07.351 Table counts: notes: 308, revisions: 122, attachments: 66, branches: 311, attributes: 457, etapi_tokens: 0, blobs: 333
17:46:07.373 All consistency checks passed with no errors detected (took 23ms)
17:46:30.196 No connection to sync server.
17:47:30.213 No connection to sync server.
17:48:30.224 No connection to sync server.
17:49:30.226 No connection to sync server.
17:50:30.228 No connection to sync server.
17:51:30.244 No connection to sync server.
17:52:30.250 No connection to sync server.
17:53:30.268 No connection to sync server.
17:54:30.264 No connection to sync server.
17:55:30.270 No connection to sync server.
17:56:30.284 No connection to sync server.
17:57:30.293 No connection to sync server.
17:58:30.296 No connection to sync server.
17:59:30.305 No connection to sync server.
18:00:30.302 No connection to sync server.
18:01:30.307 No connection to sync server.
18:02:30.322 No connection to sync server.
18:03:30.339 No connection to sync server.
18:04:30.337 No connection to sync server.
18:04:35.983 Error: Router not found for request GET /security.txt
18:05:30.350 No connection to sync server.
18:06:30.357 No connection to sync server.
18:07:30.357 No connection to sync server.
18:08:30.361 No connection to sync server.
18:09:30.387 No connection to sync server.
18:10:30.389 No connection to sync server.
18:11:30.383 No connection to sync server.
18:12:30.393 No connection to sync server.
18:13:30.400 No connection to sync server.
18:14:30.414 No connection to sync server.
18:15:30.415 No connection to sync server.
18:16:30.411 No connection to sync server.
18:17:30.422 No connection to sync server.
18:18:30.421 No connection to sync server.
18:19:30.440 No connection to sync server.
18:20:30.443 No connection to sync server.
18:21:30.464 No connection to sync server.
18:22:30.446 No connection to sync server.
18:23:30.468 No connection to sync server.
18:24:30.469 No connection to sync server.
18:25:30.483 No connection to sync server.
18:26:30.482 No connection to sync server.
18:27:30.497 No connection to sync server.
18:28:30.500 No connection to sync server.
18:29:30.512 No connection to sync server.
18:30:30.513 No connection to sync server.
18:31:30.527 No connection to sync server.
18:32:31.540 No connection to sync server.
18:33:30.543 No connection to sync server.
18:34:30.546 No connection to sync server.
18:35:30.549 No connection to sync server.
18:36:30.572 No connection to sync server.
18:37:30.564 No connection to sync server.
18:38:30.579 No connection to sync server.
18:39:30.575 No connection to sync server.
18:40:30.586 No connection to sync server.
18:41:30.600 No connection to sync server.
18:42:30.593 No connection to sync server.
18:43:30.602 No connection to sync server.
18:44:30.606 No connection to sync server.
18:45:30.609 No connection to sync server.
18:46:07.350 Table counts: notes: 308, revisions: 122, attachments: 66, branches: 311, attributes: 457, etapi_tokens: 0, blobs: 333
18:46:07.367 All consistency checks passed with no errors detected (took 17ms)
18:46:30.617 No connection to sync server.
18:47:30.622 No connection to sync server.
18:48:30.631 No connection to sync server.
18:49:30.637 No connection to sync server.
18:50:30.656 No connection to sync server.
18:51:30.656 No connection to sync server.
18:52:30.655 No connection to sync server.
18:53:30.659 No connection to sync server.
18:54:30.671 No connection to sync server.
18:55:30.672 No connection to sync server.
18:56:30.690 No connection to sync server.
18:57:30.694 No connection to sync server.
18:58:30.699 No connection to sync server.
18:59:30.721 No connection to sync server.
19:00:30.714 No connection to sync server.
19:01:30.729 No connection to sync server.
19:02:30.731 No connection to sync server.
19:03:30.744 No connection to sync server.
19:04:30.746 No connection to sync server.
19:05:30.756 No connection to sync server.
19:06:30.749 No connection to sync server.
19:07:30.765 No connection to sync server.
19:08:30.759 No connection to sync server.
19:09:30.774 No connection to sync server.
19:10:30.786 No connection to sync server.
19:11:30.795 No connection to sync server.
19:12:30.792 No connection to sync server.
19:13:30.800 No connection to sync server.
19:14:30.804 No connection to sync server.
19:15:30.811 No connection to sync server.
19:16:30.829 No connection to sync server.
19:17:30.824 No connection to sync server.
19:18:30.832 No connection to sync server.
19:19:30.838 No connection to sync server.
19:20:30.846 No connection to sync server.
19:21:30.848 No connection to sync server.
19:22:30.858 No connection to sync server.
19:23:30.861 No connection to sync server.
19:24:30.872 No connection to sync server.
19:25:30.872 No connection to sync server.
19:26:30.876 No connection to sync server.
19:27:30.888 No connection to sync server.
19:28:30.886 No connection to sync server.
19:29:30.896 No connection to sync server.
19:30:30.913 No connection to sync server.
19:31:30.915 No connection to sync server.
19:32:30.920 No connection to sync server.
19:33:30.917 No connection to sync server.
19:34:30.944 No connection to sync server.
19:35:30.938 No connection to sync server.
19:36:30.946 No connection to sync server.
19:37:30.942 No connection to sync server.
19:38:30.959 No connection to sync server.
19:39:30.961 No connection to sync server.
19:40:30.968 No connection to sync server.
19:41:30.977 No connection to sync server.
19:42:30.986 No connection to sync server.
19:43:30.985 No connection to sync server.
19:44:30.992 No connection to sync server.
19:45:31.000 No connection to sync server.
19:46:07.351 Table counts: notes: 308, revisions: 122, attachments: 66, branches: 311, attributes: 457, etapi_tokens: 0, blobs: 333
19:46:07.372 All consistency checks passed with no errors detected (took 22ms)
19:46:30.993 No connection to sync server.
19:47:31.000 No connection to sync server.
19:48:31.005 No connection to sync server.
19:49:31.013 No connection to sync server.
19:50:31.028 No connection to sync server.
19:51:31.027 No connection to sync server.
19:52:31.023 No connection to sync server.
19:53:31.041 No connection to sync server.
19:54:31.044 No connection to sync server.
19:55:31.058 No connection to sync server.
19:56:31.059 No connection to sync server.
19:57:31.064 No connection to sync server.
19:58:31.066 No connection to sync server.
19:59:31.070 No connection to sync server.
20:00:31.083 No connection to sync server.
20:01:31.099 No connection to sync server.
20:02:31.091 No connection to sync server.
20:03:31.119 No connection to sync server.
20:04:31.105 No connection to sync server.
20:05:31.106 No connection to sync server.
20:06:31.115 No connection to sync server.
20:07:31.122 No connection to sync server.
20:08:31.122 No connection to sync server.
20:09:31.126 No connection to sync server.
20:10:31.131 No connection to sync server.
20:11:31.138 No connection to sync server.
20:12:31.139 No connection to sync server.
20:13:31.142 No connection to sync server.
20:14:31.147 No connection to sync server.
20:15:31.173 No connection to sync server.
20:16:31.156 No connection to sync server.
20:17:31.160 No connection to sync server.
20:18:31.171 No connection to sync server.
20:19:31.182 No connection to sync server.
20:20:31.182 No connection to sync server.
20:21:31.184 No connection to sync server.
20:22:31.182 No connection to sync server.
20:23:31.199 No connection to sync server.
20:24:31.199 No connection to sync server.
20:25:31.210 No connection to sync server.
20:26:31.213 No connection to sync server.
20:27:31.229 No connection to sync server.
20:28:31.225 No connection to sync server.
20:29:31.245 No connection to sync server.
20:30:31.237 No connection to sync server.
20:31:31.253 No connection to sync server.
20:32:31.260 No connection to sync server.
20:33:31.257 No connection to sync server.
20:34:31.262 No connection to sync server.
20:35:31.264 No connection to sync server.
20:36:31.274 No connection to sync server.
20:37:31.266 No connection to sync server.
20:38:31.284 No connection to sync server.
20:39:31.293 No connection to sync server.
20:40:31.291 No connection to sync server.
20:41:31.297 No connection to sync server.
20:42:31.306 No connection to sync server.
20:43:31.306 No connection to sync server.
20:44:31.320 No connection to sync server.
20:45:31.316 No connection to sync server.
20:46:06.872 Optimizing database
20:46:06.874 Optimization finished in 2ms.
20:46:07.353 Table counts: notes: 308, revisions: 122, attachments: 66, branches: 311, attributes: 457, etapi_tokens: 0, blobs: 333
20:46:07.375 All consistency checks passed with no errors detected (took 23ms)
20:46:31.331 No connection to sync server.
20:47:31.330 No connection to sync server.
20:48:31.342 No connection to sync server.
20:49:31.334 No connection to sync server.
20:50:31.349 No connection to sync server.
20:51:31.343 No connection to sync server.
20:52:31.364 No connection to sync server.
20:53:31.358 No connection to sync server.
20:54:31.352 No connection to sync server.
20:55:31.372 No connection to sync server.
20:56:31.367 No connection to sync server.
20:57:31.369 No connection to sync server.
20:58:31.369 No connection to sync server.
20:59:31.376 No connection to sync server.
21:00:31.384 No connection to sync server.
21:01:31.395 No connection to sync server.
21:02:31.402 No connection to sync server.
21:03:31.401 No connection to sync server.
21:04:31.398 No connection to sync server.
21:05:31.415 No connection to sync server.
21:06:31.403 No connection to sync server.
21:07:31.416 No connection to sync server.
21:08:31.416 No connection to sync server.
21:09:31.418 No connection to sync server.
21:10:31.425 No connection to sync server.
21:11:31.433 No connection to sync server.
21:12:31.430 No connection to sync server.
21:13:31.440 No connection to sync server.
21:14:31.440 No connection to sync server.
21:15:31.445 No connection to sync server.
21:16:31.446 No connection to sync server.
21:17:31.453 No connection to sync server.
21:18:31.468 No connection to sync server.
21:19:31.453 No connection to sync server.
21:20:31.464 No connection to sync server.
21:21:31.467 No connection to sync server.
21:22:31.471 No connection to sync server.
21:23:31.477 No connection to sync server.
21:24:31.475 No connection to sync server.
21:25:31.480 No connection to sync server.
21:26:31.491 No connection to sync server.
21:27:31.492 No connection to sync server.
21:28:31.495 No connection to sync server.
21:29:31.503 No connection to sync server.
21:30:31.499 No connection to sync server.
21:31:31.505 No connection to sync server.
21:32:31.515 No connection to sync server.
21:33:31.513 No connection to sync server.
21:34:31.515 No connection to sync server.
21:35:31.516 No connection to sync server.
21:36:31.525 No connection to sync server.
21:37:31.530 No connection to sync server.
21:38:31.530 No connection to sync server.
21:39:31.546 No connection to sync server.
21:40:31.547 No connection to sync server.
21:41:31.566 No connection to sync server.
21:42:31.551 No connection to sync server.
21:43:31.558 No connection to sync server.
21:44:31.563 No connection to sync server.
21:45:31.567 No connection to sync server.
21:46:07.353 Table counts: notes: 308, revisions: 122, attachments: 66, branches: 311, attributes: 457, etapi_tokens: 0, blobs: 333
21:46:07.368 All consistency checks passed with no errors detected (took 16ms)
21:46:31.558 No connection to sync server.
21:47:31.573 No connection to sync server.
21:48:31.572 No connection to sync server.
21:49:31.582 No connection to sync server.
21:50:31.584 No connection to sync server.
21:51:31.589 No connection to sync server.
21:52:31.590 No connection to sync server.
21:53:31.592 No connection to sync server.
21:54:31.600 No connection to sync server.
21:55:31.609 No connection to sync server.
21:56:31.607 No connection to sync server.
21:57:31.614 No connection to sync server.
21:58:31.612 No connection to sync server.
21:59:31.613 No connection to sync server.
22:00:31.621 No connection to sync server.
22:01:31.618 No connection to sync server.
22:02:31.624 No connection to sync server.
22:03:31.630 No connection to sync server.
22:04:31.634 No connection to sync server.
22:05:31.634 No connection to sync server.
22:06:31.641 No connection to sync server.
22:07:31.645 No connection to sync server.
22:08:31.646 No connection to sync server.
22:09:31.652 No connection to sync server.
22:10:31.646 No connection to sync server.
22:11:31.659 No connection to sync server.
22:12:31.662 No connection to sync server.
22:13:31.667 No connection to sync server.
22:14:31.663 No connection to sync server.
22:15:31.675 No connection to sync server.
22:16:31.662 No connection to sync server.
22:17:31.675 No connection to sync server.
22:18:31.680 No connection to sync server.
22:19:31.681 No connection to sync server.
22:20:31.685 No connection to sync server.
22:21:31.687 No connection to sync server.
22:22:31.697 No connection to sync server.
22:23:31.699 No connection to sync server.
22:24:31.698 No connection to sync server.
22:25:31.693 No connection to sync server.
22:26:31.697 No connection to sync server.
22:27:31.704 No connection to sync server.
22:28:31.704 No connection to sync server.
22:29:31.700 No connection to sync server.
22:30:31.710 No connection to sync server.
22:31:31.704 No connection to sync server.
22:32:31.713 No connection to sync server.
22:33:31.719 No connection to sync server.
22:34:31.717 No connection to sync server.
22:35:31.719 No connection to sync server.
22:36:31.718 No connection to sync server.
22:37:31.720 No connection to sync server.
22:38:31.726 No connection to sync server.
22:39:31.730 No connection to sync server.
22:40:31.734 No connection to sync server.
22:41:31.733 No connection to sync server.
22:42:31.729 No connection to sync server.
22:43:31.731 No connection to sync server.
22:44:31.728 No connection to sync server.
22:45:31.738 No connection to sync server.
22:46:07.353 Table counts: notes: 308, revisions: 122, attachments: 66, branches: 311, attributes: 457, etapi_tokens: 0, blobs: 333
22:46:07.374 All consistency checks passed with no errors detected (took 22ms)
22:46:31.743 No connection to sync server.
22:47:31.745 No connection to sync server.
22:48:31.734 No connection to sync server.
22:49:31.743 No connection to sync server.
22:50:31.748 No connection to sync server.
22:51:31.742 No connection to sync server.
22:52:31.755 No connection to sync server.
22:53:31.757 No connection to sync server.
22:54:31.750 No connection to sync server.
22:55:31.746 No connection to sync server.
22:56:31.753 No connection to sync server.
22:57:31.751 No connection to sync server.
22:58:31.757 No connection to sync server.
22:59:31.759 No connection to sync server.
23:00:31.759 No connection to sync server.
23:01:31.770 No connection to sync server.
23:02:31.765 No connection to sync server.
23:03:31.766 No connection to sync server.
23:04:31.765 No connection to sync server.
23:05:31.769 No connection to sync server.
23:06:31.765 No connection to sync server.
23:07:31.761 No connection to sync server.
23:08:31.782 No connection to sync server.
23:09:31.759 No connection to sync server.
23:10:31.781 No connection to sync server.
23:11:31.767 No connection to sync server.
23:12:31.765 No connection to sync server.
23:13:31.764 No connection to sync server.
23:14:31.769 No connection to sync server.
23:15:31.770 No connection to sync server.
23:16:31.773 No connection to sync server.
23:17:31.771 No connection to sync server.
23:18:31.793 No connection to sync server.
23:19:31.774 No connection to sync server.
23:20:31.772 No connection to sync server.
23:21:31.774 No connection to sync server.
23:22:31.781 No connection to sync server.
23:23:31.776 No connection to sync server.
23:24:31.781 No connection to sync server.
23:25:31.804 No connection to sync server.
23:26:31.812 No connection to sync server.
23:27:31.846 No connection to sync server.
23:28:31.847 No connection to sync server.
23:29:31.874 No connection to sync server.
23:30:31.877 No connection to sync server.
23:31:31.890 No connection to sync server.
23:32:31.896 No connection to sync server.
23:33:31.898 No connection to sync server.
23:34:31.914 No connection to sync server.
23:35:31.911 No connection to sync server.
23:36:31.939 No connection to sync server.
23:37:31.941 No connection to sync server.
23:38:31.972 No connection to sync server.
23:39:31.974 No connection to sync server.
23:40:32.008 No connection to sync server.
23:41:32.007 No connection to sync server.
23:42:32.035 No connection to sync server.
23:43:32.034 No connection to sync server.
23:44:32.069 No connection to sync server.
23:45:32.085 No connection to sync server.
23:46:07.354 Table counts: notes: 308, revisions: 122, attachments: 66, branches: 311, attributes: 457, etapi_tokens: 0, blobs: 333
23:46:07.378 All consistency checks passed with no errors detected (took 24ms)
23:46:32.088 No connection to sync server.
23:47:32.086 No connection to sync server.
23:48:32.120 No connection to sync server.
23:49:32.123 No connection to sync server.
23:50:32.153 No connection to sync server.
23:51:32.154 No connection to sync server.
23:52:32.184 No connection to sync server.
23:53:32.190 No connection to sync server.
23:54:32.227 No connection to sync server.
23:55:32.231 No connection to sync server.
23:56:32.254 No connection to sync server.
23:57:32.260 No connection to sync server.
23:58:32.287 No connection to sync server.
23:59:32.290 No connection to sync server.
