00:50:16.203 Table counts: notes: 300, revisions: 64, attachments: 38, branches: 303, attributes: 446, etapi_tokens: 0, blobs: 273
00:50:16.221 All consistency checks passed with no errors detected (took 19ms)
01:50:16.202 Table counts: notes: 300, revisions: 64, attachments: 38, branches: 303, attributes: 446, etapi_tokens: 0, blobs: 273
01:50:16.220 All consistency checks passed with no errors detected (took 18ms)
02:15:45.356 Error: Router not found for request GET /debug.php
02:15:45.362 Error: Router not found for request GET /admin/info.php
02:15:45.366 Error: Router not found for request GET /test/info.php
02:15:45.372 Error: Router not found for request GET /info
02:15:45.378 Error: Router not found for request GET /phpinfo
02:15:45.385 Error: Router not found for request GET /config/.env
02:15:45.389 Error: Router not found for request GET /.env
02:15:45.393 Error: Router not found for request GET /api/.env
02:15:45.399 Error: Router not found for request GET /php.php
02:15:45.402 Error: Router not found for request GET /settings.properties
02:15:45.404 Error: Router not found for request GET /phpinfo/index.php
02:15:45.411 Error: Router not found for request GET /admin/phpinfo.php
02:15:45.419 Error: Router not found for request GET /test/phpinfo.php
02:15:45.422 Error: Router not found for request GET /info.php
02:15:45.425 Error: Router not found for request GET /phpinfo.php
02:50:16.203 Table counts: notes: 300, revisions: 64, attachments: 38, branches: 303, attributes: 446, etapi_tokens: 0, blobs: 273
02:50:16.223 All consistency checks passed with no errors detected (took 21ms)
03:50:16.205 Table counts: notes: 300, revisions: 64, attachments: 38, branches: 303, attributes: 446, etapi_tokens: 0, blobs: 273
03:50:16.226 All consistency checks passed with no errors detected (took 21ms)
04:50:16.207 Table counts: notes: 300, revisions: 64, attachments: 38, branches: 303, attributes: 446, etapi_tokens: 0, blobs: 273
04:50:16.226 All consistency checks passed with no errors detected (took 20ms)
05:50:15.779 Optimizing database
05:50:15.781 Optimization finished in 1ms.
05:50:16.208 Table counts: notes: 300, revisions: 64, attachments: 38, branches: 303, attributes: 446, etapi_tokens: 0, blobs: 273
05:50:16.238 All consistency checks passed with no errors detected (took 31ms)
06:50:16.209 Table counts: notes: 300, revisions: 64, attachments: 38, branches: 303, attributes: 446, etapi_tokens: 0, blobs: 273
06:50:16.222 All consistency checks passed with no errors detected (took 13ms)
07:50:16.212 Table counts: notes: 300, revisions: 64, attachments: 38, branches: 303, attributes: 446, etapi_tokens: 0, blobs: 273
07:50:16.230 All consistency checks passed with no errors detected (took 19ms)
08:39:30.913 Error: Router not found for request GET /.git/config
08:39:31.108 Error: Router not found for request GET /.git/HEAD
08:50:16.213 Table counts: notes: 300, revisions: 64, attachments: 38, branches: 303, attributes: 446, etapi_tokens: 0, blobs: 273
08:50:16.229 All consistency checks passed with no errors detected (took 17ms)
09:50:16.213 Table counts: notes: 300, revisions: 64, attachments: 38, branches: 303, attributes: 446, etapi_tokens: 0, blobs: 273
09:50:16.230 All consistency checks passed with no errors detected (took 18ms)
10:50:16.215 Table counts: notes: 300, revisions: 64, attachments: 38, branches: 303, attributes: 446, etapi_tokens: 0, blobs: 273
10:50:16.236 All consistency checks passed with no errors detected (took 22ms)
11:50:16.217 Table counts: notes: 300, revisions: 64, attachments: 38, branches: 303, attributes: 446, etapi_tokens: 0, blobs: 273
11:50:16.240 All consistency checks passed with no errors detected (took 23ms)
12:50:16.218 Table counts: notes: 300, revisions: 64, attachments: 38, branches: 303, attributes: 446, etapi_tokens: 0, blobs: 273
12:50:16.241 All consistency checks passed with no errors detected (took 23ms)
13:50:16.219 Table counts: notes: 300, revisions: 64, attachments: 38, branches: 303, attributes: 446, etapi_tokens: 0, blobs: 273
13:50:16.235 All consistency checks passed with no errors detected (took 16ms)
14:50:16.221 Table counts: notes: 300, revisions: 64, attachments: 38, branches: 303, attributes: 446, etapi_tokens: 0, blobs: 273
14:50:16.237 All consistency checks passed with no errors detected (took 16ms)
15:50:15.780 Optimizing database
15:50:15.782 Optimization finished in 1ms.
15:50:16.223 Table counts: notes: 300, revisions: 64, attachments: 38, branches: 303, attributes: 446, etapi_tokens: 0, blobs: 273
15:50:16.249 All consistency checks passed with no errors detected (took 27ms)
16:50:16.223 Table counts: notes: 300, revisions: 64, attachments: 38, branches: 303, attributes: 446, etapi_tokens: 0, blobs: 273
16:50:16.241 All consistency checks passed with no errors detected (took 19ms)
17:50:16.222 Table counts: notes: 300, revisions: 64, attachments: 38, branches: 303, attributes: 446, etapi_tokens: 0, blobs: 273
17:50:16.236 All consistency checks passed with no errors detected (took 14ms)
18:50:16.224 Table counts: notes: 300, revisions: 64, attachments: 38, branches: 303, attributes: 446, etapi_tokens: 0, blobs: 273
18:50:16.244 All consistency checks passed with no errors detected (took 21ms)
19:50:16.226 Table counts: notes: 300, revisions: 64, attachments: 38, branches: 303, attributes: 446, etapi_tokens: 0, blobs: 273
19:50:16.240 All consistency checks passed with no errors detected (took 15ms)
20:50:16.227 Table counts: notes: 300, revisions: 64, attachments: 38, branches: 303, attributes: 446, etapi_tokens: 0, blobs: 273
20:50:16.247 All consistency checks passed with no errors detected (took 20ms)
21:50:16.227 Table counts: notes: 300, revisions: 64, attachments: 38, branches: 303, attributes: 446, etapi_tokens: 0, blobs: 273
21:50:16.241 All consistency checks passed with no errors detected (took 15ms)
22:50:16.229 Table counts: notes: 300, revisions: 64, attachments: 38, branches: 303, attributes: 446, etapi_tokens: 0, blobs: 273
22:50:16.243 All consistency checks passed with no errors detected (took 15ms)
23:50:16.230 Table counts: notes: 300, revisions: 64, attachments: 38, branches: 303, attributes: 446, etapi_tokens: 0, blobs: 273
23:50:16.249 All consistency checks passed with no errors detected (took 20ms)
