06:17:04.260 DB size: 7733 KB
06:17:06.590 {
  "appVersion": "0.63.7",
  "dbVersion": 228,
  "nodeVersion": "v18.18.2",
  "syncVersion": 32,
  "buildDate": "2024-05-30T06:59:06+02:00",
  "buildRevision": "95d46b7ce7e0036eeb72b43e1815cc5c00dc214c",
  "dataDirectory": "/root/.local/share/trilium-data",
  "clipperProtocolVersion": "1.0",
  "utcDateTime": "2025-08-28T06:17:03.676Z"
}
06:17:06.591 CPU model: Intel(R) Xeon(R) CPU E5-2695 v2 @ 2.40GHz, logical cores: 4 freq: 2399 Mhz
06:17:06.592 Trusted reverse proxy: false
06:17:06.595 App HTTP server starting up at port 9898
06:17:06.609 Listening on port 9898
06:17:06.642 Becca (note cache) load took 31ms
06:17:10.660 Table counts: notes: 308, revisions: 122, attachments: 66, branches: 311, attributes: 457, etapi_tokens: 0, blobs: 333
06:17:10.706 Slow query took 26ms: SELECT notes.noteId, notes.type, notes.mime FROM notes JOIN blobs USING (blobId) WHERE isDeleted = 0 AND isProtected = 0 AND content IS NULL
06:17:10.716 All consistency checks passed with no errors detected (took 60ms)
06:17:11.793 No connection to sync server.
06:18:06.698 No connection to sync server.
06:19:06.718 No connection to sync server.
06:20:06.705 No connection to sync server.
06:21:06.709 No connection to sync server.
06:22:06.706 No connection to sync server.
06:23:06.795 No connection to sync server.
06:24:06.708 No connection to sync server.
06:25:06.712 No connection to sync server.
06:26:06.721 No connection to sync server.
06:27:06.722 No connection to sync server.
06:28:06.719 No connection to sync server.
06:29:06.737 No connection to sync server.
06:30:06.739 No connection to sync server.
06:31:06.727 No connection to sync server.
06:32:06.731 No connection to sync server.
06:33:06.732 No connection to sync server.
06:34:06.733 No connection to sync server.
06:35:06.738 No connection to sync server.
06:36:06.746 No connection to sync server.
06:37:06.739 No connection to sync server.
06:38:06.745 No connection to sync server.
06:39:06.747 No connection to sync server.
06:40:06.756 No connection to sync server.
06:41:06.833 No connection to sync server.
06:42:06.744 No connection to sync server.
06:43:06.757 No connection to sync server.
06:44:06.753 No connection to sync server.
06:45:06.745 No connection to sync server.
06:46:06.753 No connection to sync server.
06:47:06.754 No connection to sync server.
06:48:06.759 No connection to sync server.
06:49:06.760 No connection to sync server.
06:50:06.932 No connection to sync server.
06:51:06.769 No connection to sync server.
06:52:06.753 No connection to sync server.
06:53:06.765 No connection to sync server.
06:54:06.758 No connection to sync server.
06:55:06.753 No connection to sync server.
06:56:06.756 No connection to sync server.
06:57:06.770 No connection to sync server.
06:58:06.768 No connection to sync server.
06:59:06.761 No connection to sync server.
07:00:06.766 No connection to sync server.
07:01:06.759 No connection to sync server.
07:02:06.760 No connection to sync server.
07:03:06.762 No connection to sync server.
07:04:06.990 No connection to sync server.
07:05:06.768 No connection to sync server.
07:06:06.769 No connection to sync server.
07:07:06.777 No connection to sync server.
07:08:06.771 No connection to sync server.
07:09:06.781 No connection to sync server.
07:10:06.771 No connection to sync server.
07:11:06.767 No connection to sync server.
07:12:06.778 No connection to sync server.
07:13:06.780 No connection to sync server.
07:14:06.770 No connection to sync server.
07:15:06.770 No connection to sync server.
07:16:06.778 No connection to sync server.
07:17:06.612 Optimizing database
07:17:06.613 Optimization finished in 0ms.
07:17:06.650 Table counts: notes: 308, revisions: 122, attachments: 66, branches: 311, attributes: 457, etapi_tokens: 0, blobs: 333
07:17:06.682 All consistency checks passed with no errors detected (took 32ms)
07:17:06.767 No connection to sync server.
07:18:06.788 No connection to sync server.
07:19:06.768 No connection to sync server.
07:20:06.773 No connection to sync server.
07:21:06.775 No connection to sync server.
07:22:06.782 No connection to sync server.
07:23:06.777 No connection to sync server.
07:24:06.779 No connection to sync server.
07:25:06.779 No connection to sync server.
07:26:06.779 No connection to sync server.
07:27:06.788 No connection to sync server.
07:28:06.789 No connection to sync server.
07:29:06.784 No connection to sync server.
07:30:06.792 No connection to sync server.
07:31:06.776 No connection to sync server.
07:32:06.783 No connection to sync server.
07:33:06.787 No connection to sync server.
07:34:06.799 No connection to sync server.
07:35:06.812 No connection to sync server.
07:36:06.839 No connection to sync server.
07:37:06.844 No connection to sync server.
07:38:06.866 No connection to sync server.
07:39:06.874 No connection to sync server.
07:40:06.885 No connection to sync server.
07:41:06.907 No connection to sync server.
07:42:06.918 No connection to sync server.
07:43:06.939 No connection to sync server.
07:44:06.945 No connection to sync server.
07:45:06.965 No connection to sync server.
07:46:06.985 No connection to sync server.
07:47:06.981 No connection to sync server.
07:48:06.999 No connection to sync server.
07:49:06.999 No connection to sync server.
07:50:07.023 No connection to sync server.
07:51:07.029 No connection to sync server.
07:52:07.055 No connection to sync server.
07:53:07.065 No connection to sync server.
07:54:07.082 No connection to sync server.
07:55:07.100 No connection to sync server.
07:56:07.114 No connection to sync server.
07:57:07.124 No connection to sync server.
07:58:07.123 No connection to sync server.
07:59:07.149 No connection to sync server.
08:00:07.158 No connection to sync server.
08:01:07.176 No connection to sync server.
08:02:07.186 No connection to sync server.
08:03:07.205 No connection to sync server.
08:04:07.207 No connection to sync server.
08:05:07.239 No connection to sync server.
08:06:07.241 No connection to sync server.
08:07:07.253 No connection to sync server.
08:08:07.276 No connection to sync server.
08:09:07.279 No connection to sync server.
08:10:07.309 No connection to sync server.
08:11:07.316 No connection to sync server.
08:12:07.318 No connection to sync server.
08:13:07.345 No connection to sync server.
08:14:07.348 No connection to sync server.
08:15:07.377 No connection to sync server.
08:16:07.382 No connection to sync server.
08:17:06.650 Table counts: notes: 308, revisions: 122, attachments: 66, branches: 311, attributes: 457, etapi_tokens: 0, blobs: 333
08:17:06.675 All consistency checks passed with no errors detected (took 26ms)
08:17:07.386 No connection to sync server.
08:18:07.407 No connection to sync server.
08:19:07.415 No connection to sync server.
08:20:07.455 No connection to sync server.
08:21:07.444 No connection to sync server.
08:22:07.475 No connection to sync server.
08:23:07.467 No connection to sync server.
08:24:07.496 No connection to sync server.
08:25:07.537 No connection to sync server.
08:26:07.539 No connection to sync server.
08:27:07.536 No connection to sync server.
08:28:07.567 No connection to sync server.
08:29:07.572 No connection to sync server.
08:30:07.578 No connection to sync server.
08:31:07.615 No connection to sync server.
08:32:07.596 No connection to sync server.
08:33:07.629 No connection to sync server.
08:34:07.630 No connection to sync server.
08:35:07.662 No connection to sync server.
08:36:07.658 No connection to sync server.
08:37:07.696 No connection to sync server.
08:38:07.688 No connection to sync server.
08:39:07.716 No connection to sync server.
08:40:07.719 No connection to sync server.
08:41:07.742 No connection to sync server.
08:42:07.745 No connection to sync server.
08:43:07.794 No connection to sync server.
08:44:07.784 No connection to sync server.
08:45:07.803 No connection to sync server.
08:46:07.805 No connection to sync server.
08:47:07.821 No connection to sync server.
08:48:07.833 No connection to sync server.
08:49:07.836 No connection to sync server.
08:50:07.865 No connection to sync server.
08:51:07.868 No connection to sync server.
08:52:07.888 No connection to sync server.
08:53:07.894 No connection to sync server.
08:54:07.914 No connection to sync server.
08:55:07.920 No connection to sync server.
08:56:07.948 No connection to sync server.
08:57:07.980 No connection to sync server.
08:58:07.975 No connection to sync server.
08:59:07.982 No connection to sync server.
09:00:08.001 No connection to sync server.
09:01:08.010 No connection to sync server.
09:02:08.008 No connection to sync server.
09:03:08.028 No connection to sync server.
09:04:08.032 No connection to sync server.
09:05:08.047 No connection to sync server.
09:06:08.072 No connection to sync server.
09:07:08.082 No connection to sync server.
09:08:08.100 No connection to sync server.
09:09:08.113 No connection to sync server.
09:10:08.130 No connection to sync server.
09:11:08.154 No connection to sync server.
09:12:08.164 No connection to sync server.
09:13:08.175 No connection to sync server.
09:14:08.198 No connection to sync server.
09:15:08.206 No connection to sync server.
09:16:08.216 No connection to sync server.
09:17:06.650 Table counts: notes: 308, revisions: 122, attachments: 66, branches: 311, attributes: 457, etapi_tokens: 0, blobs: 333
09:17:06.673 All consistency checks passed with no errors detected (took 24ms)
09:17:08.254 No connection to sync server.
09:18:08.251 No connection to sync server.
09:19:08.258 No connection to sync server.
09:20:08.287 No connection to sync server.
09:21:08.279 No connection to sync server.
09:22:08.313 No connection to sync server.
09:23:08.315 No connection to sync server.
09:24:08.343 No connection to sync server.
09:25:08.355 No connection to sync server.
09:26:08.352 No connection to sync server.
09:27:08.372 No connection to sync server.
09:28:08.380 No connection to sync server.
09:29:08.400 No connection to sync server.
09:30:08.403 No connection to sync server.
09:31:08.437 No connection to sync server.
09:32:08.425 No connection to sync server.
09:33:08.464 No connection to sync server.
09:34:08.466 No connection to sync server.
09:35:08.495 No connection to sync server.
09:36:08.488 No connection to sync server.
09:37:08.521 No connection to sync server.
09:38:08.522 No connection to sync server.
09:39:08.540 No connection to sync server.
09:40:08.545 No connection to sync server.
09:41:08.575 No connection to sync server.
09:42:08.572 No connection to sync server.
09:43:08.600 No connection to sync server.
09:44:08.604 No connection to sync server.
09:45:08.602 No connection to sync server.
09:46:08.640 No connection to sync server.
09:47:08.635 No connection to sync server.
09:48:08.653 No connection to sync server.
09:49:08.661 No connection to sync server.
09:50:08.689 No connection to sync server.
09:51:08.698 No connection to sync server.
09:52:08.715 No connection to sync server.
09:53:08.715 No connection to sync server.
09:54:08.744 No connection to sync server.
09:55:08.760 No connection to sync server.
09:56:08.759 No connection to sync server.
09:57:08.765 No connection to sync server.
09:58:08.778 No connection to sync server.
09:59:08.787 No connection to sync server.
10:00:08.816 No connection to sync server.
10:01:08.840 No connection to sync server.
10:02:08.822 No connection to sync server.
10:03:08.857 No connection to sync server.
10:04:08.856 No connection to sync server.
10:05:08.883 No connection to sync server.
10:06:08.874 No connection to sync server.
10:07:08.898 No connection to sync server.
10:08:08.907 No connection to sync server.
10:09:08.923 No connection to sync server.
10:10:08.934 No connection to sync server.
10:11:08.957 No connection to sync server.
10:12:08.963 No connection to sync server.
10:13:08.981 No connection to sync server.
10:14:09.002 No connection to sync server.
10:15:09.005 No connection to sync server.
10:16:09.040 No connection to sync server.
10:17:06.652 Table counts: notes: 308, revisions: 122, attachments: 66, branches: 311, attributes: 457, etapi_tokens: 0, blobs: 333
10:17:06.670 All consistency checks passed with no errors detected (took 17ms)
10:17:09.028 No connection to sync server.
10:18:09.059 No connection to sync server.
10:19:09.060 No connection to sync server.
10:20:09.084 No connection to sync server.
10:21:09.095 No connection to sync server.
10:22:09.126 No connection to sync server.
10:23:09.118 No connection to sync server.
10:24:09.138 No connection to sync server.
10:25:09.152 No connection to sync server.
10:26:09.180 No connection to sync server.
10:27:09.180 No connection to sync server.
10:28:09.207 No connection to sync server.
10:29:09.218 No connection to sync server.
10:30:09.235 No connection to sync server.
10:31:09.244 No connection to sync server.
10:32:09.240 No connection to sync server.
10:33:09.269 No connection to sync server.
10:34:09.272 No connection to sync server.
10:35:09.294 No connection to sync server.
10:36:09.313 No connection to sync server.
10:37:09.337 No connection to sync server.
10:38:09.333 No connection to sync server.
10:39:09.365 No connection to sync server.
10:40:09.369 No connection to sync server.
10:41:09.395 No connection to sync server.
10:42:09.403 No connection to sync server.
10:43:09.414 No connection to sync server.
10:44:09.432 No connection to sync server.
10:45:09.440 No connection to sync server.
10:46:09.464 No connection to sync server.
10:47:09.460 No connection to sync server.
10:48:09.481 No connection to sync server.
10:49:09.492 No connection to sync server.
10:50:09.520 No connection to sync server.
10:51:09.515 No connection to sync server.
10:52:09.541 No connection to sync server.
10:53:09.550 No connection to sync server.
10:54:09.577 No connection to sync server.
10:55:09.575 No connection to sync server.
10:56:09.602 No connection to sync server.
10:57:09.610 No connection to sync server.
10:58:09.626 No connection to sync server.
10:59:09.630 No connection to sync server.
11:00:09.650 No connection to sync server.
11:01:09.658 No connection to sync server.
11:02:09.657 No connection to sync server.
11:03:09.695 No connection to sync server.
11:04:09.693 No connection to sync server.
11:05:09.716 No connection to sync server.
11:06:09.719 No connection to sync server.
11:07:09.756 No connection to sync server.
11:08:09.753 No connection to sync server.
11:09:09.780 No connection to sync server.
11:10:09.789 No connection to sync server.
11:11:09.809 No connection to sync server.
11:12:09.803 No connection to sync server.
11:13:09.815 No connection to sync server.
11:14:09.837 No connection to sync server.
11:15:09.852 No connection to sync server.
11:16:09.863 No connection to sync server.
11:17:06.656 Table counts: notes: 308, revisions: 122, attachments: 66, branches: 311, attributes: 457, etapi_tokens: 0, blobs: 333
11:17:06.686 All consistency checks passed with no errors detected (took 30ms)
11:17:09.861 No connection to sync server.
11:18:09.896 No connection to sync server.
11:19:09.890 No connection to sync server.
11:20:09.919 No connection to sync server.
11:21:09.928 No connection to sync server.
11:22:09.946 No connection to sync server.
11:23:09.949 No connection to sync server.
11:24:09.975 No connection to sync server.
11:25:09.994 No connection to sync server.
11:26:09.981 No connection to sync server.
11:27:09.991 No connection to sync server.
11:28:10.012 No connection to sync server.
11:29:10.019 No connection to sync server.
11:30:10.039 No connection to sync server.
11:31:10.050 No connection to sync server.
11:32:10.038 No connection to sync server.
11:33:10.068 No connection to sync server.
11:34:10.081 No connection to sync server.
11:35:10.097 No connection to sync server.
11:36:10.116 No connection to sync server.
11:37:10.132 No connection to sync server.
11:38:10.138 No connection to sync server.
11:39:10.136 No connection to sync server.
11:40:10.156 No connection to sync server.
11:41:10.162 No connection to sync server.
11:42:10.168 No connection to sync server.
11:43:10.180 No connection to sync server.
11:44:10.208 No connection to sync server.
11:45:10.196 No connection to sync server.
11:46:10.221 No connection to sync server.
11:47:10.217 No connection to sync server.
11:48:10.243 No connection to sync server.
11:49:10.239 No connection to sync server.
11:50:10.275 No connection to sync server.
11:51:10.269 No connection to sync server.
11:52:10.295 No connection to sync server.
11:53:10.298 No connection to sync server.
11:54:10.320 No connection to sync server.
11:55:10.323 No connection to sync server.
11:56:10.350 No connection to sync server.
11:57:10.357 No connection to sync server.
11:58:10.386 No connection to sync server.
11:59:10.379 No connection to sync server.
12:00:10.414 No connection to sync server.
12:01:10.418 No connection to sync server.
12:02:10.416 No connection to sync server.
12:03:10.426 No connection to sync server.
12:04:10.446 No connection to sync server.
12:04:56.677 Error: Router not found for request GET //wp-includes/wlwmanifest.xml
12:04:56.964 Error: Router not found for request GET //xmlrpc.php?rsd
12:04:57.471 Error: Router not found for request GET //blog/wp-includes/wlwmanifest.xml
12:04:57.728 Error: Router not found for request GET //web/wp-includes/wlwmanifest.xml
12:04:57.980 Error: Router not found for request GET //wordpress/wp-includes/wlwmanifest.xml
12:04:58.236 Error: Router not found for request GET //website/wp-includes/wlwmanifest.xml
12:04:58.490 Error: Router not found for request GET //wp/wp-includes/wlwmanifest.xml
12:04:58.746 Error: Router not found for request GET //news/wp-includes/wlwmanifest.xml
12:04:59.002 Error: Router not found for request GET //2018/wp-includes/wlwmanifest.xml
12:04:59.258 Error: Router not found for request GET //2019/wp-includes/wlwmanifest.xml
12:04:59.514 Error: Router not found for request GET //shop/wp-includes/wlwmanifest.xml
12:04:59.759 Error: Router not found for request GET //wp1/wp-includes/wlwmanifest.xml
12:05:00.014 Error: Router not found for request GET //test/wp-includes/wlwmanifest.xml
12:05:00.269 Error: Router not found for request GET //media/wp-includes/wlwmanifest.xml
12:05:00.522 Error: Router not found for request GET //wp2/wp-includes/wlwmanifest.xml
12:05:00.776 Error: Router not found for request GET //site/wp-includes/wlwmanifest.xml
12:05:01.036 Error: Router not found for request GET //cms/wp-includes/wlwmanifest.xml
12:05:01.292 Error: Router not found for request GET //sito/wp-includes/wlwmanifest.xml
12:05:10.447 No connection to sync server.
12:06:10.448 No connection to sync server.
12:07:10.471 No connection to sync server.
12:08:10.474 No connection to sync server.
12:09:10.493 No connection to sync server.
12:10:10.515 No connection to sync server.
12:11:10.520 No connection to sync server.
12:12:10.531 No connection to sync server.
12:13:10.544 No connection to sync server.
12:14:10.553 No connection to sync server.
12:15:10.583 No connection to sync server.
12:16:10.588 No connection to sync server.
12:17:06.661 Table counts: notes: 308, revisions: 122, attachments: 66, branches: 311, attributes: 457, etapi_tokens: 0, blobs: 333
12:17:06.675 All consistency checks passed with no errors detected (took 15ms)
12:17:10.594 No connection to sync server.
12:18:10.612 No connection to sync server.
12:19:10.609 No connection to sync server.
12:20:10.626 No connection to sync server.
12:21:10.631 No connection to sync server.
12:22:10.650 No connection to sync server.
12:23:10.659 No connection to sync server.
12:24:10.745 No connection to sync server.
12:25:10.688 No connection to sync server.
12:26:10.696 No connection to sync server.
12:27:10.706 No connection to sync server.
12:28:10.724 No connection to sync server.
12:29:10.735 No connection to sync server.
12:30:10.749 No connection to sync server.
12:31:10.769 No connection to sync server.
12:32:10.760 No connection to sync server.
12:33:10.786 No connection to sync server.
12:34:10.811 No connection to sync server.
12:35:10.806 No connection to sync server.
12:36:10.814 No connection to sync server.
12:37:10.839 No connection to sync server.
12:38:10.834 No connection to sync server.
12:39:10.852 No connection to sync server.
12:40:10.843 No connection to sync server.
12:41:10.872 No connection to sync server.
12:42:10.874 No connection to sync server.
12:43:10.895 No connection to sync server.
12:44:11.098 No connection to sync server.
12:45:10.922 No connection to sync server.
12:46:11.154 No connection to sync server.
12:47:10.924 No connection to sync server.
12:48:10.960 No connection to sync server.
12:49:10.977 No connection to sync server.
12:50:10.982 No connection to sync server.
12:51:10.979 No connection to sync server.
12:52:11.004 No connection to sync server.
12:53:11.016 No connection to sync server.
12:54:11.011 No connection to sync server.
12:55:11.046 No connection to sync server.
12:56:11.042 No connection to sync server.
12:57:11.032 No connection to sync server.
12:58:11.038 No connection to sync server.
12:59:11.066 No connection to sync server.
13:00:11.066 No connection to sync server.
13:01:11.083 No connection to sync server.
13:02:11.084 No connection to sync server.
13:03:11.101 No connection to sync server.
13:04:11.120 No connection to sync server.
13:05:11.130 No connection to sync server.
13:06:11.132 No connection to sync server.
13:07:11.137 No connection to sync server.
13:08:11.144 No connection to sync server.
13:09:11.149 No connection to sync server.
13:10:11.173 No connection to sync server.
13:11:11.174 No connection to sync server.
13:12:11.171 No connection to sync server.
13:13:11.199 No connection to sync server.
13:14:11.204 No connection to sync server.
13:15:11.208 No connection to sync server.
13:16:11.224 No connection to sync server.
13:17:06.661 Table counts: notes: 308, revisions: 122, attachments: 66, branches: 311, attributes: 457, etapi_tokens: 0, blobs: 333
13:17:06.684 All consistency checks passed with no errors detected (took 24ms)
13:17:11.233 No connection to sync server.
13:18:11.227 No connection to sync server.
13:19:11.259 No connection to sync server.
13:20:11.253 No connection to sync server.
13:21:11.318 No connection to sync server.
13:22:11.314 No connection to sync server.
13:23:11.308 No connection to sync server.
13:24:11.291 No connection to sync server.
13:25:11.298 No connection to sync server.
13:26:11.325 No connection to sync server.
13:27:11.320 No connection to sync server.
13:28:11.344 No connection to sync server.
13:29:11.341 No connection to sync server.
13:30:11.370 No connection to sync server.
13:31:11.529 No connection to sync server.
13:32:11.373 No connection to sync server.
13:33:11.394 No connection to sync server.
13:34:11.411 No connection to sync server.
13:35:11.434 No connection to sync server.
13:36:11.431 No connection to sync server.
13:37:11.454 No connection to sync server.
13:38:11.457 No connection to sync server.
13:39:11.474 No connection to sync server.
13:40:11.474 No connection to sync server.
13:41:11.507 No connection to sync server.
13:42:11.504 No connection to sync server.
13:43:11.517 No connection to sync server.
13:44:11.521 No connection to sync server.
13:45:11.542 No connection to sync server.
13:46:11.555 No connection to sync server.
13:47:11.562 No connection to sync server.
13:48:11.583 No connection to sync server.
13:49:11.578 No connection to sync server.
13:50:11.618 No connection to sync server.
13:51:11.612 No connection to sync server.
13:52:11.645 No connection to sync server.
13:53:11.633 No connection to sync server.
13:54:11.669 No connection to sync server.
13:55:11.658 No connection to sync server.
13:56:11.676 No connection to sync server.
13:57:11.684 No connection to sync server.
13:58:11.698 No connection to sync server.
13:59:11.707 No connection to sync server.
14:00:11.737 No connection to sync server.
14:01:11.731 No connection to sync server.
14:02:11.733 No connection to sync server.
14:03:11.753 No connection to sync server.
14:04:11.763 No connection to sync server.
14:05:11.778 No connection to sync server.
14:06:11.784 No connection to sync server.
14:07:11.810 No connection to sync server.
14:08:11.813 No connection to sync server.
14:09:11.834 No connection to sync server.
14:10:11.827 No connection to sync server.
14:11:11.858 No connection to sync server.
14:12:11.856 No connection to sync server.
14:13:11.887 No connection to sync server.
14:14:11.874 No connection to sync server.
14:15:11.890 No connection to sync server.
14:16:11.912 No connection to sync server.
14:17:06.660 Table counts: notes: 308, revisions: 122, attachments: 66, branches: 311, attributes: 457, etapi_tokens: 0, blobs: 333
14:17:06.675 All consistency checks passed with no errors detected (took 14ms)
14:17:11.915 No connection to sync server.
14:18:11.922 No connection to sync server.
14:19:11.927 No connection to sync server.
14:20:11.947 No connection to sync server.
14:21:11.960 No connection to sync server.
14:22:11.978 No connection to sync server.
14:23:11.987 No connection to sync server.
14:24:12.005 No connection to sync server.
14:25:12.002 No connection to sync server.
14:26:12.033 No connection to sync server.
14:27:12.029 No connection to sync server.
14:28:12.042 No connection to sync server.
14:29:12.049 No connection to sync server.
14:30:12.079 No connection to sync server.
14:31:12.085 No connection to sync server.
14:32:12.081 No connection to sync server.
14:33:12.097 No connection to sync server.
14:34:12.105 No connection to sync server.
14:35:12.111 No connection to sync server.
14:36:12.127 No connection to sync server.
14:37:12.145 No connection to sync server.
14:38:12.145 No connection to sync server.
14:39:12.159 No connection to sync server.
14:40:12.162 No connection to sync server.
14:41:12.174 No connection to sync server.
14:42:12.173 No connection to sync server.
14:43:12.195 No connection to sync server.
14:44:12.221 No connection to sync server.
14:45:12.272 No connection to sync server.
14:46:12.242 No connection to sync server.
14:47:12.239 No connection to sync server.
14:48:12.251 No connection to sync server.
14:49:12.247 No connection to sync server.
14:50:12.271 No connection to sync server.
14:51:12.274 No connection to sync server.
14:52:12.294 No connection to sync server.
14:53:12.365 No connection to sync server.
14:54:12.400 No connection to sync server.
14:55:12.329 No connection to sync server.
14:56:12.343 No connection to sync server.
14:57:12.344 No connection to sync server.
14:58:12.361 No connection to sync server.
14:59:12.376 No connection to sync server.
15:00:12.392 No connection to sync server.
15:01:12.412 No connection to sync server.
15:02:12.403 No connection to sync server.
15:03:12.423 No connection to sync server.
15:04:12.418 No connection to sync server.
15:05:12.437 No connection to sync server.
15:06:12.442 No connection to sync server.
15:07:12.464 No connection to sync server.
15:08:12.476 No connection to sync server.
15:09:12.484 No connection to sync server.
15:10:12.490 No connection to sync server.
15:11:12.513 No connection to sync server.
15:12:12.512 No connection to sync server.
15:13:12.532 No connection to sync server.
15:14:12.530 No connection to sync server.
15:15:12.556 No connection to sync server.
15:16:12.559 No connection to sync server.
15:17:06.666 Table counts: notes: 308, revisions: 122, attachments: 66, branches: 311, attributes: 457, etapi_tokens: 0, blobs: 333
15:17:06.695 All consistency checks passed with no errors detected (took 30ms)
15:17:12.567 No connection to sync server.
15:18:12.577 No connection to sync server.
15:19:12.583 No connection to sync server.
15:20:12.604 No connection to sync server.
15:21:12.608 No connection to sync server.
15:22:12.634 No connection to sync server.
15:23:12.636 No connection to sync server.
15:24:12.659 No connection to sync server.
15:25:12.652 No connection to sync server.
15:26:12.672 No connection to sync server.
15:27:12.678 No connection to sync server.
15:28:12.694 No connection to sync server.
15:29:12.696 No connection to sync server.
15:30:12.718 No connection to sync server.
15:31:12.708 No connection to sync server.
15:32:12.723 No connection to sync server.
15:33:12.746 No connection to sync server.
15:34:12.742 No connection to sync server.
15:35:12.761 No connection to sync server.
15:36:12.773 No connection to sync server.
15:37:12.973 No connection to sync server.
15:38:12.785 No connection to sync server.
15:39:12.802 No connection to sync server.
15:40:12.813 No connection to sync server.
15:41:12.836 No connection to sync server.
15:42:12.834 No connection to sync server.
15:43:12.843 No connection to sync server.
15:44:12.862 No connection to sync server.
15:45:12.887 No connection to sync server.
15:46:12.876 No connection to sync server.
15:47:12.898 No connection to sync server.
15:48:12.902 No connection to sync server.
15:49:12.904 No connection to sync server.
15:50:12.920 No connection to sync server.
15:51:12.924 No connection to sync server.
15:52:12.953 No connection to sync server.
15:53:12.954 No connection to sync server.
15:54:12.975 No connection to sync server.
15:55:12.968 No connection to sync server.
15:56:12.991 No connection to sync server.
15:57:12.986 No connection to sync server.
15:58:13.012 No connection to sync server.
15:59:13.022 No connection to sync server.
16:00:13.035 No connection to sync server.
16:01:13.034 No connection to sync server.
16:02:13.041 No connection to sync server.
16:03:13.051 No connection to sync server.
16:04:13.063 No connection to sync server.
16:05:13.067 No connection to sync server.
16:06:13.083 No connection to sync server.
16:07:13.092 No connection to sync server.
16:08:13.102 No connection to sync server.
16:09:13.120 No connection to sync server.
16:10:13.119 No connection to sync server.
16:11:13.134 No connection to sync server.
16:12:13.152 No connection to sync server.
16:13:13.159 No connection to sync server.
16:14:13.159 No connection to sync server.
16:15:13.171 No connection to sync server.
16:16:13.185 No connection to sync server.
16:17:06.615 Optimizing database
16:17:06.617 Optimization finished in 1ms.
16:17:06.665 Table counts: notes: 308, revisions: 122, attachments: 66, branches: 311, attributes: 457, etapi_tokens: 0, blobs: 333
16:17:06.688 All consistency checks passed with no errors detected (took 24ms)
16:17:13.188 No connection to sync server.
16:18:13.203 No connection to sync server.
16:19:13.216 No connection to sync server.
16:20:13.216 No connection to sync server.
16:21:13.239 No connection to sync server.
16:22:13.236 No connection to sync server.
16:23:13.250 No connection to sync server.
16:24:13.270 No connection to sync server.
16:25:13.269 No connection to sync server.
16:26:13.293 No connection to sync server.
16:27:13.295 No connection to sync server.
16:28:13.298 No connection to sync server.
16:29:13.311 No connection to sync server.
16:30:13.324 No connection to sync server.
16:31:13.333 No connection to sync server.
16:32:13.331 No connection to sync server.
16:33:13.357 No connection to sync server.
16:34:13.354 No connection to sync server.
16:35:13.373 No connection to sync server.
16:36:13.379 No connection to sync server.
16:37:13.391 No connection to sync server.
16:38:13.404 No connection to sync server.
16:39:13.414 No connection to sync server.
16:40:13.431 No connection to sync server.
16:41:13.433 No connection to sync server.
16:42:13.446 No connection to sync server.
16:43:13.447 No connection to sync server.
16:44:13.472 No connection to sync server.
16:45:13.483 No connection to sync server.
16:46:13.486 No connection to sync server.
16:47:13.482 No connection to sync server.
16:48:13.498 No connection to sync server.
16:49:13.510 No connection to sync server.
16:50:13.518 No connection to sync server.
16:51:13.523 No connection to sync server.
16:52:13.544 No connection to sync server.
16:53:13.541 No connection to sync server.
16:54:13.564 No connection to sync server.
16:55:13.561 No connection to sync server.
16:56:13.577 No connection to sync server.
16:57:13.583 No connection to sync server.
16:58:13.599 No connection to sync server.
16:59:13.600 No connection to sync server.
17:00:13.627 No connection to sync server.
17:01:13.628 No connection to sync server.
17:02:13.631 No connection to sync server.
17:03:13.645 No connection to sync server.
17:04:13.659 No connection to sync server.
17:05:13.664 No connection to sync server.
17:06:13.669 No connection to sync server.
17:07:13.688 No connection to sync server.
17:08:13.693 No connection to sync server.
17:09:13.707 No connection to sync server.
17:10:13.711 No connection to sync server.
17:11:13.724 No connection to sync server.
17:12:13.748 No connection to sync server.
17:13:13.748 No connection to sync server.
17:14:13.760 No connection to sync server.
17:15:13.768 No connection to sync server.
17:16:13.775 No connection to sync server.
17:17:06.668 Table counts: notes: 308, revisions: 122, attachments: 66, branches: 311, attributes: 457, etapi_tokens: 0, blobs: 333
17:17:06.685 All consistency checks passed with no errors detected (took 18ms)
17:17:13.778 No connection to sync server.
17:18:13.796 No connection to sync server.
17:19:13.802 No connection to sync server.
17:20:13.820 No connection to sync server.
17:21:13.818 No connection to sync server.
17:22:13.843 No connection to sync server.
17:23:13.838 No connection to sync server.
17:24:13.861 No connection to sync server.
17:25:13.858 No connection to sync server.
17:26:13.867 No connection to sync server.
17:27:13.873 No connection to sync server.
17:28:13.889 No connection to sync server.
17:29:13.897 No connection to sync server.
17:30:13.915 No connection to sync server.
17:31:13.914 No connection to sync server.
17:32:13.930 No connection to sync server.
17:33:13.929 No connection to sync server.
17:34:13.938 No connection to sync server.
17:35:13.950 No connection to sync server.
17:36:13.953 No connection to sync server.
17:37:13.974 No connection to sync server.
17:38:13.980 No connection to sync server.
17:39:13.998 No connection to sync server.
17:40:13.998 No connection to sync server.
17:41:14.014 No connection to sync server.
17:42:14.021 No connection to sync server.
17:43:14.029 No connection to sync server.
17:44:14.040 No connection to sync server.
17:45:14.054 No connection to sync server.
17:46:14.061 No connection to sync server.
17:47:14.062 No connection to sync server.
17:48:14.068 No connection to sync server.
17:49:14.080 No connection to sync server.
17:50:14.090 No connection to sync server.
17:51:14.100 No connection to sync server.
17:52:14.122 No connection to sync server.
17:53:14.110 No connection to sync server.
17:54:14.140 No connection to sync server.
17:55:14.139 No connection to sync server.
17:56:14.152 No connection to sync server.
17:57:14.150 No connection to sync server.
17:58:14.176 No connection to sync server.
17:59:14.178 No connection to sync server.
18:00:14.182 No connection to sync server.
18:01:14.178 No connection to sync server.
18:02:14.207 No connection to sync server.
18:03:14.201 No connection to sync server.
18:04:14.219 No connection to sync server.
18:05:14.218 No connection to sync server.
18:06:14.242 No connection to sync server.
18:07:14.238 No connection to sync server.
18:08:14.257 No connection to sync server.
18:09:14.250 No connection to sync server.
18:10:14.270 No connection to sync server.
18:11:14.284 No connection to sync server.
18:12:14.288 No connection to sync server.
18:13:14.288 No connection to sync server.
18:14:14.301 No connection to sync server.
18:15:14.312 No connection to sync server.
18:16:14.320 No connection to sync server.
18:17:06.669 Table counts: notes: 308, revisions: 122, attachments: 66, branches: 311, attributes: 457, etapi_tokens: 0, blobs: 333
18:17:06.692 All consistency checks passed with no errors detected (took 24ms)
18:17:14.327 No connection to sync server.
18:18:14.338 No connection to sync server.
18:19:14.341 No connection to sync server.
18:20:14.359 No connection to sync server.
18:21:14.368 No connection to sync server.
18:22:14.375 No connection to sync server.
18:23:14.393 No connection to sync server.
18:24:14.397 No connection to sync server.
18:25:14.403 No connection to sync server.
18:26:14.411 No connection to sync server.
18:27:14.426 No connection to sync server.
18:28:14.430 No connection to sync server.
18:29:14.434 No connection to sync server.
18:30:14.441 No connection to sync server.
18:31:14.464 No connection to sync server.
18:32:14.457 No connection to sync server.
18:33:14.474 No connection to sync server.
18:34:14.477 No connection to sync server.
18:35:14.491 No connection to sync server.
18:36:14.496 No connection to sync server.
18:37:14.509 No connection to sync server.
18:38:14.503 No connection to sync server.
18:39:14.531 No connection to sync server.
18:40:14.524 No connection to sync server.
18:41:14.547 No connection to sync server.
18:42:14.547 No connection to sync server.
18:43:14.567 No connection to sync server.
18:44:14.572 No connection to sync server.
18:45:14.575 No connection to sync server.
18:46:14.588 No connection to sync server.
18:47:14.581 No connection to sync server.
18:48:14.585 No connection to sync server.
18:49:14.595 No connection to sync server.
18:50:14.595 No connection to sync server.
18:51:14.620 No connection to sync server.
18:52:14.618 No connection to sync server.
18:53:14.633 No connection to sync server.
18:54:14.639 No connection to sync server.
18:55:14.646 No connection to sync server.
18:56:14.652 No connection to sync server.
18:57:14.671 No connection to sync server.
18:58:14.661 No connection to sync server.
18:59:14.682 No connection to sync server.
19:00:14.681 No connection to sync server.
19:01:14.700 No connection to sync server.
19:02:14.705 No connection to sync server.
19:03:14.716 No connection to sync server.
19:04:14.717 No connection to sync server.
19:05:14.727 No connection to sync server.
19:06:14.736 No connection to sync server.
19:07:14.740 No connection to sync server.
19:08:14.749 No connection to sync server.
19:09:14.762 No connection to sync server.
19:10:14.766 No connection to sync server.
19:11:14.785 No connection to sync server.
19:12:14.785 No connection to sync server.
19:13:14.797 No connection to sync server.
19:14:14.786 No connection to sync server.
19:15:14.810 No connection to sync server.
19:16:14.804 No connection to sync server.
19:17:06.673 Table counts: notes: 308, revisions: 122, attachments: 66, branches: 311, attributes: 457, etapi_tokens: 0, blobs: 333
19:17:06.694 All consistency checks passed with no errors detected (took 21ms)
19:17:14.815 No connection to sync server.
19:18:14.825 No connection to sync server.
19:19:14.835 No connection to sync server.
19:20:14.843 No connection to sync server.
19:21:14.858 No connection to sync server.
19:22:14.865 No connection to sync server.
19:23:14.868 No connection to sync server.
19:24:14.868 No connection to sync server.
19:25:14.884 No connection to sync server.
19:26:14.889 No connection to sync server.
19:27:14.897 No connection to sync server.
19:28:14.900 No connection to sync server.
19:29:14.902 No connection to sync server.
19:30:14.919 No connection to sync server.
19:31:14.921 No connection to sync server.
19:32:14.933 No connection to sync server.
19:33:14.941 No connection to sync server.
19:34:14.942 No connection to sync server.
19:35:14.949 No connection to sync server.
19:36:14.961 No connection to sync server.
19:37:14.955 No connection to sync server.
19:38:14.978 No connection to sync server.
19:39:14.984 No connection to sync server.
19:40:14.988 No connection to sync server.
19:41:14.987 No connection to sync server.
19:42:15.016 No connection to sync server.
19:43:15.017 No connection to sync server.
19:44:15.012 No connection to sync server.
19:45:15.028 No connection to sync server.
19:46:15.040 No connection to sync server.
19:47:15.034 No connection to sync server.
19:48:15.063 No connection to sync server.
19:49:15.052 No connection to sync server.
19:50:15.071 No connection to sync server.
19:51:15.068 No connection to sync server.
19:52:15.080 No connection to sync server.
19:53:15.082 No connection to sync server.
19:54:15.100 No connection to sync server.
19:55:15.094 No connection to sync server.
19:56:15.104 No connection to sync server.
19:57:15.109 No connection to sync server.
19:58:15.117 No connection to sync server.
19:59:15.128 No connection to sync server.
20:00:15.142 No connection to sync server.
20:01:15.144 No connection to sync server.
20:02:15.143 No connection to sync server.
20:03:15.147 No connection to sync server.
20:04:15.160 No connection to sync server.
20:05:15.154 No connection to sync server.
20:06:15.170 No connection to sync server.
20:07:15.165 No connection to sync server.
20:08:15.172 No connection to sync server.
20:09:15.179 No connection to sync server.
20:10:15.184 No connection to sync server.
20:11:15.193 No connection to sync server.
20:12:15.209 No connection to sync server.
20:13:15.198 No connection to sync server.
20:14:15.217 No connection to sync server.
20:15:15.225 No connection to sync server.
20:16:15.231 No connection to sync server.
20:17:06.674 Table counts: notes: 308, revisions: 122, attachments: 66, branches: 311, attributes: 457, etapi_tokens: 0, blobs: 333
20:17:06.688 All consistency checks passed with no errors detected (took 15ms)
20:17:15.227 No connection to sync server.
20:18:15.249 No connection to sync server.
20:19:15.239 No connection to sync server.
20:20:15.258 No connection to sync server.
20:21:15.256 No connection to sync server.
20:22:15.264 No connection to sync server.
20:23:15.266 No connection to sync server.
20:24:15.281 No connection to sync server.
20:25:15.287 No connection to sync server.
20:26:15.295 No connection to sync server.
20:27:15.293 No connection to sync server.
20:28:15.318 No connection to sync server.
20:29:15.321 No connection to sync server.
20:30:15.322 No connection to sync server.
20:31:15.317 No connection to sync server.
20:32:15.329 No connection to sync server.
20:33:15.333 No connection to sync server.
20:34:15.340 No connection to sync server.
20:35:15.351 No connection to sync server.
20:36:15.352 No connection to sync server.
20:37:15.372 No connection to sync server.
20:38:15.367 No connection to sync server.
20:39:15.374 No connection to sync server.
20:40:15.384 No connection to sync server.
20:41:15.384 No connection to sync server.
20:42:15.400 No connection to sync server.
20:43:15.403 No connection to sync server.
20:44:15.411 No connection to sync server.
20:45:15.420 No connection to sync server.
20:46:15.416 No connection to sync server.
20:47:15.423 No connection to sync server.
20:48:15.427 No connection to sync server.
20:49:15.445 No connection to sync server.
20:50:15.438 No connection to sync server.
20:51:15.445 No connection to sync server.
20:52:15.456 No connection to sync server.
20:53:15.456 No connection to sync server.
20:54:15.467 No connection to sync server.
20:55:15.468 No connection to sync server.
20:56:15.470 No connection to sync server.
20:57:15.491 No connection to sync server.
20:58:15.488 No connection to sync server.
20:59:15.491 No connection to sync server.
21:00:15.495 No connection to sync server.
21:01:15.502 No connection to sync server.
21:02:15.511 No connection to sync server.
21:03:15.519 No connection to sync server.
21:04:15.520 No connection to sync server.
21:05:15.532 No connection to sync server.
21:06:15.531 No connection to sync server.
21:07:15.545 No connection to sync server.
21:08:15.544 No connection to sync server.
21:09:15.564 No connection to sync server.
21:10:15.559 No connection to sync server.
21:11:15.576 No connection to sync server.
21:12:15.573 No connection to sync server.
21:13:15.572 No connection to sync server.
21:14:15.583 No connection to sync server.
21:15:15.584 No connection to sync server.
21:16:15.591 No connection to sync server.
21:17:06.678 Table counts: notes: 308, revisions: 122, attachments: 66, branches: 311, attributes: 457, etapi_tokens: 0, blobs: 333
21:17:06.697 All consistency checks passed with no errors detected (took 20ms)
21:17:15.598 No connection to sync server.
21:18:15.615 No connection to sync server.
21:19:15.605 No connection to sync server.
21:20:15.615 No connection to sync server.
21:21:15.625 No connection to sync server.
21:22:15.630 No connection to sync server.
21:23:15.635 No connection to sync server.
21:24:15.636 No connection to sync server.
21:25:15.638 No connection to sync server.
21:26:15.658 No connection to sync server.
21:27:15.654 No connection to sync server.
21:28:15.664 No connection to sync server.
21:29:15.667 No connection to sync server.
21:30:15.664 No connection to sync server.
21:31:15.675 No connection to sync server.
21:32:15.678 No connection to sync server.
21:33:15.684 No connection to sync server.
21:34:15.694 No connection to sync server.
21:35:15.703 No connection to sync server.
21:36:15.705 No connection to sync server.
21:37:15.710 No connection to sync server.
21:38:15.712 No connection to sync server.
21:39:15.720 No connection to sync server.
21:40:15.726 No connection to sync server.
21:41:15.728 No connection to sync server.
21:42:15.731 No connection to sync server.
21:43:15.743 No connection to sync server.
21:44:15.745 No connection to sync server.
21:45:15.754 No connection to sync server.
21:46:15.761 No connection to sync server.
21:47:15.763 No connection to sync server.
21:48:15.773 No connection to sync server.
21:49:15.766 No connection to sync server.
21:50:15.785 No connection to sync server.
21:51:15.781 No connection to sync server.
21:52:15.785 No connection to sync server.
21:53:15.796 No connection to sync server.
21:54:15.807 No connection to sync server.
21:55:15.799 No connection to sync server.
21:56:15.813 No connection to sync server.
21:57:15.809 No connection to sync server.
21:58:15.815 No connection to sync server.
21:59:15.832 No connection to sync server.
22:00:15.832 No connection to sync server.
22:01:15.835 No connection to sync server.
22:02:15.838 No connection to sync server.
22:03:15.843 No connection to sync server.
22:04:15.859 No connection to sync server.
22:05:15.851 No connection to sync server.
22:06:15.857 No connection to sync server.
22:07:15.866 No connection to sync server.
22:08:15.866 No connection to sync server.
22:09:15.879 No connection to sync server.
22:10:15.878 No connection to sync server.
22:11:15.887 No connection to sync server.
22:12:15.889 No connection to sync server.
22:13:15.892 No connection to sync server.
22:14:15.890 No connection to sync server.
22:15:15.908 No connection to sync server.
22:16:15.911 No connection to sync server.
22:17:06.677 Table counts: notes: 308, revisions: 122, attachments: 66, branches: 311, attributes: 457, etapi_tokens: 0, blobs: 333
22:17:06.695 All consistency checks passed with no errors detected (took 18ms)
22:17:15.921 No connection to sync server.
22:18:15.917 No connection to sync server.
22:19:15.919 No connection to sync server.
22:20:15.928 No connection to sync server.
22:21:15.926 No connection to sync server.
22:22:15.938 No connection to sync server.
22:23:15.935 No connection to sync server.
22:24:15.956 No connection to sync server.
22:25:15.948 No connection to sync server.
22:26:15.944 No connection to sync server.
22:27:15.968 No connection to sync server.
22:28:15.958 No connection to sync server.
22:29:15.961 No connection to sync server.
22:30:15.964 No connection to sync server.
22:31:15.973 No connection to sync server.
22:32:15.977 No connection to sync server.
22:33:15.981 No connection to sync server.
22:34:15.985 No connection to sync server.
22:35:15.987 No connection to sync server.
22:36:15.999 No connection to sync server.
22:37:16.009 No connection to sync server.
22:38:16.009 No connection to sync server.
22:39:16.011 No connection to sync server.
22:40:16.013 No connection to sync server.
22:41:16.029 No connection to sync server.
22:42:16.018 No connection to sync server.
22:43:16.016 No connection to sync server.
22:44:16.030 No connection to sync server.
22:45:16.027 No connection to sync server.
22:46:16.035 No connection to sync server.
22:47:16.033 No connection to sync server.
22:48:16.050 No connection to sync server.
22:49:16.048 No connection to sync server.
22:50:16.057 No connection to sync server.
22:51:16.068 No connection to sync server.
22:52:16.064 No connection to sync server.
22:53:16.073 No connection to sync server.
22:54:16.069 No connection to sync server.
22:55:16.075 No connection to sync server.
22:56:16.072 No connection to sync server.
22:57:16.078 No connection to sync server.
22:58:16.083 No connection to sync server.
22:59:16.086 No connection to sync server.
23:00:16.084 No connection to sync server.
23:01:16.101 No connection to sync server.
23:02:16.094 No connection to sync server.
23:03:16.100 No connection to sync server.
23:04:16.110 No connection to sync server.
23:05:16.110 No connection to sync server.
23:06:16.105 No connection to sync server.
23:07:16.120 No connection to sync server.
23:08:16.117 No connection to sync server.
23:09:16.124 No connection to sync server.
23:10:16.127 No connection to sync server.
23:11:16.135 No connection to sync server.
23:12:16.137 No connection to sync server.
23:13:16.149 No connection to sync server.
23:14:16.140 No connection to sync server.
23:15:16.142 No connection to sync server.
23:16:16.142 No connection to sync server.
23:17:06.682 Table counts: notes: 308, revisions: 122, attachments: 66, branches: 311, attributes: 457, etapi_tokens: 0, blobs: 333
23:17:06.700 All consistency checks passed with no errors detected (took 19ms)
23:17:16.143 No connection to sync server.
23:18:16.154 No connection to sync server.
23:19:16.153 No connection to sync server.
23:20:16.158 No connection to sync server.
23:21:16.159 No connection to sync server.
23:22:16.170 No connection to sync server.
23:23:16.168 No connection to sync server.
23:24:16.180 No connection to sync server.
23:25:16.171 No connection to sync server.
23:26:16.178 No connection to sync server.
23:27:16.182 No connection to sync server.
23:28:16.180 No connection to sync server.
23:29:16.175 No connection to sync server.
23:30:16.188 No connection to sync server.
23:31:16.200 No connection to sync server.
23:32:16.193 No connection to sync server.
23:33:16.201 No connection to sync server.
23:34:16.203 No connection to sync server.
23:35:16.206 No connection to sync server.
23:36:16.209 No connection to sync server.
23:37:16.201 No connection to sync server.
23:38:16.212 No connection to sync server.
23:39:16.209 No connection to sync server.
23:40:16.208 No connection to sync server.
23:41:16.215 No connection to sync server.
23:42:16.227 No connection to sync server.
23:43:16.221 No connection to sync server.
23:44:16.218 No connection to sync server.
23:45:16.222 No connection to sync server.
23:46:16.224 No connection to sync server.
23:47:16.224 No connection to sync server.
23:48:16.223 No connection to sync server.
23:49:16.230 No connection to sync server.
23:50:16.224 No connection to sync server.
23:51:16.234 No connection to sync server.
23:52:16.233 No connection to sync server.
23:53:16.241 No connection to sync server.
23:54:16.235 No connection to sync server.
23:55:16.244 No connection to sync server.
23:56:16.252 No connection to sync server.
23:57:16.248 No connection to sync server.
23:58:16.250 No connection to sync server.
23:59:16.246 No connection to sync server.
