00:50:17.577 Table counts: notes: 301, revisions: 65, attachments: 38, branches: 304, attributes: 446, etapi_tokens: 0, blobs: 275
00:50:17.595 All consistency checks passed with no errors detected (took 19ms)
01:50:17.579 Table counts: notes: 301, revisions: 65, attachments: 38, branches: 304, attributes: 446, etapi_tokens: 0, blobs: 275
01:50:17.592 All consistency checks passed with no errors detected (took 14ms)
02:50:17.582 Table counts: notes: 301, revisions: 65, attachments: 38, branches: 304, attributes: 446, etapi_tokens: 0, blobs: 275
02:50:17.600 All consistency checks passed with no errors detected (took 19ms)
03:50:17.599 Table counts: notes: 301, revisions: 65, attachments: 38, branches: 304, attributes: 446, etapi_tokens: 0, blobs: 275
03:50:17.621 All consistency checks passed with no errors detected (took 21ms)
04:50:17.617 Table counts: notes: 301, revisions: 65, attachments: 38, branches: 304, attributes: 446, etapi_tokens: 0, blobs: 275
04:50:17.642 All consistency checks passed with no errors detected (took 26ms)
05:04:40.319 Error: Router not found for request GET /sitemap.xml
05:10:28.205 Error: Router not found for request GET /sitemap.xml
05:50:17.618 Table counts: notes: 301, revisions: 65, attachments: 38, branches: 304, attributes: 446, etapi_tokens: 0, blobs: 275
05:50:17.644 All consistency checks passed with no errors detected (took 26ms)
06:50:17.631 Table counts: notes: 301, revisions: 65, attachments: 38, branches: 304, attributes: 446, etapi_tokens: 0, blobs: 275
06:50:17.652 All consistency checks passed with no errors detected (took 22ms)
07:50:17.647 Table counts: notes: 301, revisions: 65, attachments: 38, branches: 304, attributes: 446, etapi_tokens: 0, blobs: 275
07:50:17.669 All consistency checks passed with no errors detected (took 23ms)
08:03:11.167 Error: Router not found for request GET /security.txt
08:50:17.652 Table counts: notes: 301, revisions: 65, attachments: 38, branches: 304, attributes: 446, etapi_tokens: 0, blobs: 275
08:50:17.669 All consistency checks passed with no errors detected (took 16ms)
09:50:16.058 Optimizing database
09:50:16.062 Optimization finished in 1ms.
09:50:17.655 Table counts: notes: 301, revisions: 65, attachments: 38, branches: 304, attributes: 446, etapi_tokens: 0, blobs: 275
09:50:17.679 All consistency checks passed with no errors detected (took 25ms)
10:50:17.659 Table counts: notes: 301, revisions: 65, attachments: 38, branches: 304, attributes: 446, etapi_tokens: 0, blobs: 275
10:50:17.677 All consistency checks passed with no errors detected (took 19ms)
11:50:17.664 Table counts: notes: 301, revisions: 65, attachments: 38, branches: 304, attributes: 446, etapi_tokens: 0, blobs: 275
11:50:17.684 All consistency checks passed with no errors detected (took 19ms)
12:50:17.667 Table counts: notes: 301, revisions: 65, attachments: 38, branches: 304, attributes: 446, etapi_tokens: 0, blobs: 275
12:50:17.688 All consistency checks passed with no errors detected (took 21ms)
13:13:46.327 Error: Router not found for request GET /pdown
13:50:17.670 Table counts: notes: 301, revisions: 65, attachments: 38, branches: 304, attributes: 446, etapi_tokens: 0, blobs: 275
13:50:17.692 All consistency checks passed with no errors detected (took 22ms)
14:50:17.672 Table counts: notes: 301, revisions: 65, attachments: 38, branches: 304, attributes: 446, etapi_tokens: 0, blobs: 275
14:50:17.686 All consistency checks passed with no errors detected (took 14ms)
15:50:17.675 Table counts: notes: 301, revisions: 65, attachments: 38, branches: 304, attributes: 446, etapi_tokens: 0, blobs: 275
15:50:17.696 All consistency checks passed with no errors detected (took 22ms)
16:50:17.675 Table counts: notes: 301, revisions: 65, attachments: 38, branches: 304, attributes: 446, etapi_tokens: 0, blobs: 275
16:50:17.696 All consistency checks passed with no errors detected (took 22ms)
17:50:17.675 Table counts: notes: 301, revisions: 65, attachments: 38, branches: 304, attributes: 446, etapi_tokens: 0, blobs: 275
17:50:17.701 All consistency checks passed with no errors detected (took 26ms)
18:50:17.699 Table counts: notes: 301, revisions: 65, attachments: 38, branches: 304, attributes: 446, etapi_tokens: 0, blobs: 275
18:50:17.720 All consistency checks passed with no errors detected (took 22ms)
19:50:16.081 Optimizing database
19:50:16.083 Optimization finished in 1ms.
19:50:17.700 Table counts: notes: 301, revisions: 65, attachments: 38, branches: 304, attributes: 446, etapi_tokens: 0, blobs: 275
19:50:17.716 All consistency checks passed with no errors detected (took 17ms)
20:50:17.725 Table counts: notes: 301, revisions: 65, attachments: 38, branches: 304, attributes: 446, etapi_tokens: 0, blobs: 275
20:50:17.738 All consistency checks passed with no errors detected (took 14ms)
21:50:17.726 Table counts: notes: 301, revisions: 65, attachments: 38, branches: 304, attributes: 446, etapi_tokens: 0, blobs: 275
21:50:17.738 All consistency checks passed with no errors detected (took 13ms)
22:50:17.735 Table counts: notes: 301, revisions: 65, attachments: 38, branches: 304, attributes: 446, etapi_tokens: 0, blobs: 275
22:50:17.750 All consistency checks passed with no errors detected (took 15ms)
23:50:17.738 Table counts: notes: 301, revisions: 65, attachments: 38, branches: 304, attributes: 446, etapi_tokens: 0, blobs: 275
23:50:17.754 All consistency checks passed with no errors detected (took 17ms)
