00:27:13.919 Table counts: notes: 276, revisions: 10, attachments: 29, branches: 279, attributes: 426, etapi_tokens: 0, blobs: 216
00:27:13.938 All consistency checks passed with no errors detected (took 20ms)
01:27:13.921 Table counts: notes: 276, revisions: 10, attachments: 29, branches: 279, attributes: 426, etapi_tokens: 0, blobs: 216
01:27:13.936 All consistency checks passed with no errors detected (took 14ms)
02:27:13.922 Table counts: notes: 276, revisions: 10, attachments: 29, branches: 279, attributes: 426, etapi_tokens: 0, blobs: 216
02:27:13.931 All consistency checks passed with no errors detected (took 9ms)
03:27:13.953 Table counts: notes: 276, revisions: 10, attachments: 29, branches: 279, attributes: 426, etapi_tokens: 0, blobs: 216
03:27:13.969 All consistency checks passed with no errors detected (took 18ms)
04:27:13.953 Table counts: notes: 276, revisions: 10, attachments: 29, branches: 279, attributes: 426, etapi_tokens: 0, blobs: 216
04:27:13.962 All consistency checks passed with no errors detected (took 9ms)
05:27:13.978 Table counts: notes: 276, revisions: 10, attachments: 29, branches: 279, attributes: 426, etapi_tokens: 0, blobs: 216
05:27:13.988 All consistency checks passed with no errors detected (took 10ms)
06:01:16.989 Error: Router not found for request GET /.svn
06:23:12.460 Error: Router not found for request GET /connectors/.git/config
06:23:12.465 Error: Router not found for request GET /api/v3/.git/config
06:23:12.474 Error: Router not found for request GET /app/services/mail/.git/config
06:23:13.041 Error: Router not found for request GET /cron/.git/config
06:23:13.043 Error: Router not found for request GET /api/admin/v4/.git/config
06:23:13.044 Error: Router not found for request GET /old-cuburn/.git/config
06:23:13.046 Error: Router not found for request GET /api/user/v2/.git/config
06:23:13.047 Error: Router not found for request GET /database/.git/config
06:23:13.048 Error: Router not found for request GET /plugins/.git/config
06:23:13.049 Error: Router not found for request GET /internal/mail/.git/config
06:23:13.050 Error: Router not found for request GET /data/.git/config
06:23:13.051 Error: Router not found for request GET /demo/.git/config
06:23:13.052 Error: Router not found for request GET /data/.git/config
06:23:13.055 Error: Router not found for request GET /api/v3/.git/config
06:23:13.056 Error: Router not found for request GET /api/user/v1/.git/config
06:23:13.057 Error: Router not found for request GET /git/.git/config
06:23:13.058 Error: Router not found for request GET /backend/services/notifications/.git/config
06:23:13.060 Error: Router not found for request GET /backend/email/.git/config
06:23:13.061 Error: Router not found for request GET /developer/.git/config
06:23:13.062 Error: Router not found for request GET /core/mail/.git/config
06:23:13.063 Error: Router not found for request GET /beta/.git/config
06:23:13.065 Error: Router not found for request GET /api/v4/.git/config
06:23:13.066 Error: Router not found for request GET /app/mail/.git/config
06:23:13.067 Error: Router not found for request GET /api/v2/.git/config
06:23:13.068 Error: Router not found for request GET /api/user/v2/.git/config
06:23:13.069 Error: Router not found for request GET /api/.git/config
06:23:13.070 Error: Router not found for request GET /live/.git/config
06:23:13.073 Error: Router not found for request GET /api/notification/.git/config
06:23:13.074 Error: Router not found for request GET /jobs/.git/config
06:23:13.076 Error: Router not found for request GET /backend/aws/.git/config
06:23:13.077 Error: Router not found for request GET /flock/.git/config
06:23:13.079 Error: Router not found for request GET /common/.git/config
06:23:13.080 Error: Router not found for request GET /api/smtp/.git/config
06:23:13.081 Error: Router not found for request GET /config/.git/config
06:23:13.083 Error: Router not found for request GET /database/.git/config
06:23:13.084 Error: Router not found for request GET /api/.git/config
06:23:13.085 Error: Router not found for request GET /api/v1/.git/config
06:23:13.086 Error: Router not found for request GET /__MACOSX/.git/config
06:23:13.088 Error: Router not found for request GET /.git/config
06:23:13.089 Error: Router not found for request GET /gateway/.git/config
06:23:13.090 Error: Router not found for request GET /notifications/.git/config
06:23:13.093 Error: Router not found for request GET /api/admin/v1/.git/config
06:23:13.095 Error: Router not found for request GET /public/.git/config
06:23:13.096 Error: Router not found for request GET /api/mail/.git/config
06:23:13.098 Error: Router not found for request GET /app/.git/config
06:23:13.099 Error: Router not found for request GET /backup/.git/config
06:23:13.101 Error: Router not found for request GET /admin/.git/config
06:23:13.102 Error: Router not found for request GET /dev/.git/config
06:23:13.103 Error: Router not found for request GET /live/.git/config
06:23:13.104 Error: Router not found for request GET /api/user/v1/.git/config
06:23:13.105 Error: Router not found for request GET /application/.git/config
06:23:13.106 Error: Router not found for request GET /gateway/.git/config
06:23:13.107 Error: Router not found for request GET /mailer/.git/config
06:23:13.108 Error: Router not found for request GET /new/.git/config
06:23:13.110 Error: Router not found for request GET /backend/smtp/.git/config
06:23:13.111 Error: Router not found for request GET /includes/.git/config
06:23:13.114 Error: Router not found for request GET /app/services/smtp/.git/config
06:23:13.116 Error: Router not found for request GET /api/admin/v2/.git/config
06:23:13.117 Error: Router not found for request GET /node_modules/.git/config
06:23:13.118 Error: Router not found for request GET /backend/modules/.git/config
06:23:13.119 Error: Router not found for request GET /m/.git/config
06:23:13.120 Error: Router not found for request GET /api/v2/services/.git/config
06:23:13.122 Error: Router not found for request GET /backend/services/workers/.git/config
06:23:13.123 Error: Router not found for request GET /core/notifications/.git/config
06:23:13.124 Error: Router not found for request GET /build/.git/config
06:23:13.125 Error: Router not found for request GET /.git/config
06:23:13.126 Error: Router not found for request GET /common/mail/.git/config
06:23:13.127 Error: Router not found for request GET /core/services/mail/.git/config
06:23:13.128 Error: Router not found for request GET /assets/.git/config
06:23:13.129 Error: Router not found for request GET /api/admin/v1/.git/config
06:23:13.132 Error: Router not found for request GET /api/internal/services/.git/config
06:23:13.133 Error: Router not found for request GET /mail/.git/config
06:23:13.134 Error: Router not found for request GET /communications/.git/config
06:23:13.136 Error: Router not found for request GET /private/mail/.git/config
06:23:13.137 Error: Router not found for request GET /api/email/.git/config
06:23:13.138 Error: Router not found for request GET /core/.git/config
06:23:13.139 Error: Router not found for request GET /core/email/.git/config
06:23:13.140 Error: Router not found for request GET /integrations/.git/config
06:23:13.141 Error: Router not found for request GET /legacy/.git/config
06:23:13.142 Error: Router not found for request GET /dist/.git/config
06:23:13.143 Error: Router not found for request GET /marketing/.git/config
06:23:13.912 Error: Router not found for request GET /scheduled/.git/config
06:23:13.966 Error: Router not found for request GET /api/user/v3/.git/config
06:23:13.968 Error: Router not found for request GET /staging/.git/config
06:23:13.969 Error: Router not found for request GET /services/mailer-config/.git/config
06:23:13.970 Error: Router not found for request GET /services/email/aws/.git/config
06:23:13.972 Error: Router not found for request GET /repository/.git/config
06:23:13.973 Error: Router not found for request GET /store/.git/config
06:23:13.974 Error: Router not found for request GET /qa/.git/config
06:23:13.976 Error: Router not found for request GET /services/notifications/push/.git/config
06:23:13.981 Error: Router not found for request GET /shared/mail/.git/config
06:23:13.982 Error: Router not found for request GET /services/email/mailjet/.git/config
06:23:13.983 Error: Router not found for request GET /samples/.git/config
06:23:13.985 Error: Router not found for request GET /services/mail-service/.git/config
06:23:13.986 Error: Router not found for request GET /app/notification/.git/config
06:23:13.987 Error: Router not found for request GET /services/auth/api/.git/config
06:23:13.988 Error: Router not found for request GET /static/.git/config
06:23:13.990 Error: Router not found for request GET /queue/.git/config
06:23:13.991 Error: Router not found for request GET /services/billing/api/.git/config
06:23:13.992 Error: Router not found for request GET /application/core/services/.git/config
06:23:13.993 Error: Router not found for request GET /config/.git/config
06:23:13.995 Error: Router not found for request GET /services/email/.git/config
06:23:13.996 Error: Router not found for request GET /repos/.git/config
06:23:13.997 Error: Router not found for request GET /services/aws-ses/.git/config
06:23:13.998 Error: Router not found for request GET /user/.git/config
06:23:13.999 Error: Router not found for request GET /s3/.git/config
06:23:14.000 Error: Router not found for request GET /api/user/v3/.git/config
06:23:14.001 Error: Router not found for request GET /s3/.git/config
06:23:14.002 Error: Router not found for request GET /api/v1/.git/config
06:23:14.003 Error: Router not found for request GET /user/.git/config
06:23:14.004 Error: Router not found for request GET /wp-includes/js/.git/config/admin/.git/config
06:23:14.005 Error: Router not found for request GET /app/email/.git/config
06:23:14.006 Error: Router not found for request GET /api/v1/services/.git/config
06:23:14.007 Error: Router not found for request GET /blog/wp-content/themes/.git/config
06:23:14.008 Error: Router not found for request GET /app/.git/config
06:23:14.009 Error: Router not found for request GET /cms/.git/config
06:23:14.010 Error: Router not found for request GET /wp-content/themes/custom-theme/.git/config
06:23:14.011 Error: Router not found for request GET /v1/.git/config
06:23:14.015 Error: Router not found for request GET /web/.git/config
06:23:14.017 Error: Router not found for request GET /repository/.git/config
06:23:14.019 Error: Router not found for request GET /wp-content/.git/config
06:23:14.020 Error: Router not found for request GET /web/.git/config
06:23:14.022 Error: Router not found for request GET /a/.git/config
06:23:14.023 Error: Router not found for request GET /backup/.git/config
06:23:14.024 Error: Router not found for request GET /api/v4/.git/config
06:23:14.026 Error: Router not found for request GET /api/admin/v2/.git/config
06:23:14.027 Error: Router not found for request GET /wp-content/plugins/.git/config
06:23:14.028 Error: Router not found for request GET /api/admin/v4/.git/config
06:23:14.030 Error: Router not found for request GET /backend/.git/config
06:23:14.032 Error: Router not found for request GET /v3/.git/config
06:23:14.034 Error: Router not found for request GET /wiki/.git/config
06:23:14.035 Error: Router not found for request GET /cms/.git/config
06:23:14.036 Error: Router not found for request GET /backend/mail/.git/config
06:23:14.038 Error: Router not found for request GET /api/v2/.git/config
06:23:14.039 Error: Router not found for request GET /v2/.git/config
06:23:14.040 Error: Router not found for request GET /shop/.git/config
06:23:14.042 Error: Router not found for request GET /api/cloud/.git/config
06:23:14.043 Error: Router not found for request GET /workers/.git/config
06:23:14.044 Error: Router not found for request GET /api/admin/v3/.git/config
06:23:14.045 Error: Router not found for request GET /services/.git/config
06:23:14.046 Error: Router not found for request GET /wp-content/.git/config
06:23:14.048 Error: Router not found for request GET /amphtml/.git/config
06:23:14.049 Error: Router not found for request GET /wp-content/plugins/custom-plugin/.git/config
06:23:14.051 Error: Router not found for request GET /store/.git/config
06:23:14.052 Error: Router not found for request GET /wp-content/themes/.git/config
06:23:14.053 Error: Router not found for request GET /src/.git/config
06:23:14.055 Error: Router not found for request GET /aomanalyzer/.git/config
06:23:14.056 Error: Router not found for request GET /alpha/.git/config
06:23:14.057 Error: Router not found for request GET /api/aws/.git/config
06:23:14.058 Error: Router not found for request GET /src/services/mail/.git/config
06:23:14.060 Error: Router not found for request GET /wp-content/mu-plugins/.git/config
06:23:14.061 Error: Router not found for request GET /api/admin/v3/.git/config
06:23:14.062 Error: Router not found for request GET /utils/.git/config
06:23:14.063 Error: Router not found for request GET /staging/.git/config
06:23:14.064 Error: Router not found for request GET /vendor/.git/config
06:23:14.066 Error: Router not found for request GET /src/services/notifications/.git/config
06:23:14.068 Error: Router not found for request GET /services/user/api/.git/config
06:23:14.069 Error: Router not found for request GET /shop/.git/config
06:23:14.070 Error: Router not found for request GET /services/smtp/.git/config
06:23:14.072 Error: Router not found for request GET /services/mailjet/.git/config
06:23:14.073 Error: Router not found for request GET /src/mail/.git/config
06:23:14.074 Error: Router not found for request GET /test/.git/config
06:23:14.075 Error: Router not found for request GET /src/email/.git/config
06:23:14.076 Error: Router not found for request GET /src/.git/config
06:23:14.078 Error: Router not found for request GET /vendor/.git/config
06:23:14.079 Error: Router not found for request GET /site/.git/config
06:23:14.080 Error: Router not found for request GET /services/email/sendgrid/.git/config
06:23:14.082 Error: Router not found for request GET /tools/.git/config
06:23:14.310 Error: Router not found for request GET /backend/services/mailer/.git/config
06:23:14.312 Error: Router not found for request GET /application/modules/api/.git/config
06:23:14.314 Error: Router not found for request GET /api/user/v4/.git/config
06:23:14.317 Error: Router not found for request GET /blog/.git/config
06:23:14.319 Error: Router not found for request GET /application/.git/config
06:23:15.964 Error: Router not found for request GET /api/user/v4/.git/config
06:27:12.250 Optimizing database
06:27:12.254 Optimization finished in 1ms.
06:27:13.979 Table counts: notes: 276, revisions: 10, attachments: 29, branches: 279, attributes: 426, etapi_tokens: 0, blobs: 216
06:27:13.992 All consistency checks passed with no errors detected (took 14ms)
07:27:14.002 Table counts: notes: 276, revisions: 10, attachments: 29, branches: 279, attributes: 426, etapi_tokens: 0, blobs: 216
07:27:14.012 All consistency checks passed with no errors detected (took 11ms)
08:27:14.014 Table counts: notes: 276, revisions: 10, attachments: 29, branches: 279, attributes: 426, etapi_tokens: 0, blobs: 216
08:27:14.026 All consistency checks passed with no errors detected (took 13ms)
08:34:38.392 Generated CSRF token tk8vON7i-M2oBS9xFCKFVe5wHWOWTmQ0mRdw with secret _csrf=5se_0bNMW5u5eEWf37IU06_Z; Path=/
08:34:38.580 200 GET /api/options with 6498 bytes took 1ms
08:34:38.588 200 GET /api/tree with 32697 bytes took 7ms
08:34:38.593 200 GET /api/keyboard-actions with 12407 bytes took 4ms
08:34:38.604 Slow 200 GET /api/script/widgets with 155155 bytes took 10ms
08:34:38.676 200 POST /api/tree/load with 6014 bytes took 2ms
08:34:38.749 200 POST /api/tree/load with 6178 bytes took 2ms
08:34:38.989 200 POST /api/tree/load with 5569 bytes took 2ms
08:34:39.065 200 GET /api/keyboard-shortcuts-for-notes with 2 bytes took 2ms
08:34:39.175 Slow 200 GET /api/notes/QHp8TIFYUsiT/blob with 22637 bytes took 17ms
08:34:39.179 200 GET /api/note-map/QHp8TIFYUsiT/backlink-count with 11 bytes took 3ms
08:34:39.597 200 GET /api/notes/lsgJRCHtTh9a/blob with 9417 bytes took 2ms
08:34:39.599 200 GET /api/note-map/lsgJRCHtTh9a/backlink-count with 11 bytes took 1ms
08:34:40.049 204 PUT /api/options with 0 bytes took 3ms
08:34:41.067 200 GET /api/script/startup with 1804 bytes took 3ms
08:34:41.129 200 POST /api/tree/load with 6141 bytes took 2ms
08:34:41.189 200 POST /api/tree/load with 6295 bytes took 1ms
08:48:49.842 200 GET /api/note-map/nb4yx5qvVmy5/backlink-count with 11 bytes took 2ms
08:48:49.846 204 PUT /api/options with 0 bytes took 3ms
08:48:49.848 200 GET /api/notes/nb4yx5qvVmy5/blob with 2590 bytes took 2ms
08:50:53.632 200 GET /api/notes/lsgJRCHtTh9a/blob with 9417 bytes took 3ms
08:50:53.634 200 GET /api/note-map/lsgJRCHtTh9a/backlink-count with 11 bytes took 1ms
08:50:53.637 204 PUT /api/options with 0 bytes took 2ms
08:50:57.063 200 GET /api/notes/lsgJRCHtTh9a/blob with 9417 bytes took 2ms
09:27:14.020 Table counts: notes: 276, revisions: 10, attachments: 29, branches: 279, attributes: 426, etapi_tokens: 0, blobs: 216
09:27:14.033 All consistency checks passed with no errors detected (took 13ms)
10:22:17.250 Error: Router not found for request GET /P9ar
10:22:17.562 Error: Router not found for request GET /BjHi
10:22:18.870 Error: Router not found for request GET /aab8
10:22:19.182 Error: Router not found for request GET /jquery-3.3.1.slim.min.js
10:22:19.496 Error: Router not found for request GET /aab9
10:22:20.201 Error: Router not found for request GET /jquery-3.3.2.slim.min.js
10:27:14.023 Table counts: notes: 276, revisions: 10, attachments: 29, branches: 279, attributes: 426, etapi_tokens: 0, blobs: 216
10:27:14.039 All consistency checks passed with no errors detected (took 15ms)
11:27:14.026 Table counts: notes: 276, revisions: 10, attachments: 29, branches: 279, attributes: 426, etapi_tokens: 0, blobs: 216
11:27:14.037 All consistency checks passed with no errors detected (took 12ms)
12:27:14.040 Table counts: notes: 276, revisions: 10, attachments: 29, branches: 279, attributes: 426, etapi_tokens: 0, blobs: 216
12:27:14.051 All consistency checks passed with no errors detected (took 12ms)
13:27:14.054 Table counts: notes: 276, revisions: 10, attachments: 29, branches: 279, attributes: 426, etapi_tokens: 0, blobs: 216
13:27:14.068 All consistency checks passed with no errors detected (took 14ms)
14:27:14.055 Table counts: notes: 276, revisions: 10, attachments: 29, branches: 279, attributes: 426, etapi_tokens: 0, blobs: 216
14:27:14.068 All consistency checks passed with no errors detected (took 13ms)
15:27:14.064 Table counts: notes: 276, revisions: 10, attachments: 29, branches: 279, attributes: 426, etapi_tokens: 0, blobs: 216
15:27:14.074 All consistency checks passed with no errors detected (took 9ms)
16:27:12.256 Optimizing database
16:27:12.260 Optimization finished in 2ms.
16:27:14.067 Table counts: notes: 276, revisions: 10, attachments: 29, branches: 279, attributes: 426, etapi_tokens: 0, blobs: 216
16:27:14.088 All consistency checks passed with no errors detected (took 22ms)
17:27:14.072 Table counts: notes: 276, revisions: 10, attachments: 29, branches: 279, attributes: 426, etapi_tokens: 0, blobs: 216
17:27:14.085 All consistency checks passed with no errors detected (took 14ms)
18:27:14.073 Table counts: notes: 276, revisions: 10, attachments: 29, branches: 279, attributes: 426, etapi_tokens: 0, blobs: 216
18:27:14.084 All consistency checks passed with no errors detected (took 12ms)
19:27:14.076 Table counts: notes: 276, revisions: 10, attachments: 29, branches: 279, attributes: 426, etapi_tokens: 0, blobs: 216
19:27:14.090 All consistency checks passed with no errors detected (took 15ms)
20:27:14.099 Table counts: notes: 276, revisions: 10, attachments: 29, branches: 279, attributes: 426, etapi_tokens: 0, blobs: 216
20:27:14.117 All consistency checks passed with no errors detected (took 18ms)
21:27:14.127 Table counts: notes: 276, revisions: 10, attachments: 29, branches: 279, attributes: 426, etapi_tokens: 0, blobs: 216
21:27:14.141 All consistency checks passed with no errors detected (took 15ms)
22:10:43.834 Error: Router not found for request GET /wp-content/plugins/hellopress/wp_filemanager.php
22:10:44.289 Error: Router not found for request GET /403.php
22:10:44.745 Error: Router not found for request GET /content.php
22:10:45.215 Error: Router not found for request GET /wp-content/plugins/not/includes/about.php
22:10:45.677 Error: Router not found for request GET /wp-content/plugins/simple/simple.php
22:10:46.134 Error: Router not found for request GET /wp-content/plugins/wp-theme-editor/include.php
22:10:46.597 Error: Router not found for request GET /wp-content/themes/aahana/json.php
22:10:47.044 Error: Router not found for request GET /admin.php
22:10:47.497 Error: Router not found for request GET /wp-content/plugins/awesome-coming-soon/come.php
22:10:48.462 Error: Router not found for request GET /wp-content/plugins/wp-conflg.php
22:10:48.918 Error: Router not found for request GET /berlin.php
22:10:49.375 Error: Router not found for request GET /wp-includes/Requests/about.php
22:10:49.836 Error: Router not found for request GET /wp-includes/style-engine/about.php
22:10:50.284 Error: Router not found for request GET /wp-includes/rest-api/about.php
22:10:50.749 Error: Router not found for request GET /wp-includes/SimplePie/about.php
22:10:51.201 Error: Router not found for request GET /wp-content/banners/about.php
22:10:51.657 Error: Router not found for request GET /wp-content/about.php
22:10:52.577 Error: Router not found for request GET /wp-includes/Text/about.php
22:10:53.036 Error: Router not found for request GET /wp-includes/ID3/about.php
22:10:53.485 Error: Router not found for request GET /img/about.php
22:10:53.944 Error: Router not found for request GET /wp-content/languages/about.php
22:10:54.411 Error: Router not found for request GET /wp-includes/customize/about.php
22:10:54.879 Error: Router not found for request GET /wp-includes.bak/html-api/about.php
22:10:55.334 Error: Router not found for request GET /wp-includes/widgets/about.php
22:10:55.797 Error: Router not found for request GET /wp-includes/IXR/about.php
22:10:56.259 Error: Router not found for request GET /wp-admin/js/about.php
22:10:57.161 Error: Router not found for request GET /wp-includes/pomo/about.php
22:10:57.626 Error: Router not found for request GET /wp-includes/block-patterns/about.php
22:10:58.078 Error: Router not found for request GET /wp-content/updraft/about.php
22:10:58.539 Error: Router not found for request GET /wp-content/upgrade-temp-backup/about.php
22:10:59.015 Error: Router not found for request GET /wp-content/themes/about.php
22:10:59.477 Error: Router not found for request GET /wp-admin/includes/about.php
22:10:59.928 Error: Router not found for request GET /images/about.php
22:11:00.382 Error: Router not found for request GET /wp-content/blogs.dir/about.php
22:11:00.835 Error: Router not found for request GET /wp-includes/images/about.php
22:11:01.286 Error: Router not found for request GET /wp-includes/about.php
22:11:01.751 Error: Router not found for request GET /cgi-bin/about.php
22:11:02.213 Error: Router not found for request GET /wp-content/gallery/about.php
22:11:02.688 Error: Router not found for request GET /wp-includes/blocks/about.php
22:11:03.144 Error: Router not found for request GET /wp-admin/css/about.php
22:11:03.597 Error: Router not found for request GET /wp-admin/images/about.php
22:11:04.971 Error: Router not found for request GET /wp-admin/network/cloud.php
22:11:05.422 Error: Router not found for request GET /cloud.php
22:11:05.873 Error: Router not found for request GET /cgi-bin/cloud.php
22:11:06.331 Error: Router not found for request GET /wp-content/updates.php
22:11:06.797 Error: Router not found for request GET /css/cloud.php
22:11:07.259 Error: Router not found for request GET /wp-admin/user/cloud.php
22:11:07.713 Error: Router not found for request GET /img/cloud.php
22:11:08.169 Error: Router not found for request GET /wp-admin/css/colors/coffee/cloud.php
22:11:08.620 Error: Router not found for request GET /wp-admin/images/cloud.php
22:11:09.073 Error: Router not found for request GET /avaa.php
22:11:09.524 Error: Router not found for request GET /images/cloud.php
22:11:09.976 Error: Router not found for request GET /wp-admin/js/widgets/cloud.php
22:11:10.431 Error: Router not found for request GET /wp-includes/Requests/Text/admin.php
22:11:10.882 Error: Router not found for request GET /wp-admin/css/colors/cloud.php
22:11:11.330 Error: Router not found for request GET /wp-admin/includes/cloud.php
22:11:11.985 Error: Router not found for request GET /wp-admin/css/colors/blue/cloud.php
22:11:12.453 Error: Router not found for request GET /wp-admin/cloud.php
22:11:12.905 Error: Router not found for request GET /updates.php
22:11:13.361 Error: Router not found for request GET /libraries/legacy/updates.php
22:11:13.833 Error: Router not found for request GET /libraries/phpmailer/updates.php
22:11:14.283 Error: Router not found for request GET /libraries/vendor/updates.php
22:11:14.750 Error: Router not found for request GET /alfa-rex.php7
22:11:15.201 Error: Router not found for request GET /alfanew.php
22:11:15.656 Error: Router not found for request GET /wp-content/plugins/Cache/Cache.php
22:11:16.107 Error: Router not found for request GET /wp-admin/js/widgets/about.php7
22:11:17.058 Error: Router not found for request GET /wp-p.php7
22:11:17.509 Error: Router not found for request GET /wp-admin/repeater.php
22:11:17.974 Error: Router not found for request GET /wp-includes/repeater.php
22:11:18.434 Error: Router not found for request GET /wp-content/repeater.php
22:11:18.898 Error: Router not found for request GET /wsoyanz.php
22:11:19.357 Error: Router not found for request GET /yanz.php
22:11:19.805 Error: Router not found for request GET /wp-admin/js/about.php
22:11:20.260 Error: Router not found for request GET /wp-content/plugins/seoo/wsoyanz.php
22:11:20.709 Error: Router not found for request GET /wp-content/plugins/seoo/wsoyanz1.php
22:11:21.159 Error: Router not found for request GET /cache-compat.php
22:11:21.612 Error: Router not found for request GET /ajax-actions.php
22:11:22.059 Error: Router not found for request GET /wp-admin/ajax-actions.php
22:11:22.509 Error: Router not found for request GET /wp-consar.php
22:11:22.967 Error: Router not found for request GET /repeater.php
22:11:23.420 Error: Router not found for request GET /admin-post.php
22:11:24.079 Error: Router not found for request GET /wp-admin/maint/maint/ajax-actions.php
22:11:24.528 Error: Router not found for request GET /wp-admin/dropdown.php
22:11:24.996 Error: Router not found for request GET /wp-admin/css/index.php
22:11:25.457 Error: Router not found for request GET /dropdown.php
22:11:25.910 Error: Router not found for request GET /about.php
22:11:26.363 Error: Router not found for request GET /admin.php
22:11:26.820 Error: Router not found for request GET /about.php7
22:11:27.291 Error: Router not found for request GET /alfanew.php7
22:11:27.744 Error: Router not found for request GET /adminfuns.php7
22:11:28.195 Error: Router not found for request GET /ebs.php7
22:11:28.655 Error: Router not found for request GET /ws.php7
22:11:29.108 Error: Router not found for request GET /alfanew2.php7
22:11:29.578 Error: Router not found for request GET /alfa-rex2.php7
22:11:30.481 Error: Router not found for request GET /wp-admin/images/index.php
22:11:30.940 Error: Router not found for request GET /wp-admin/css/colors/index.php
22:11:31.426 Error: Router not found for request GET /wp-content/themes/pridmag/db.php?u
22:11:31.877 Error: Router not found for request GET /wp-content/themes/seotheme/mar.php
22:11:32.350 Error: Router not found for request GET /wp-content/plugins/linkpreview/db.php?u
22:11:32.834 Error: Router not found for request GET /wp-content/themes/seotheme/db.php?u
22:11:33.310 Error: Router not found for request GET /wp-content/plugins/seoplugins/db.php?u
22:11:33.774 Error: Router not found for request GET /wp-content/plugins/seoplugins/mar.php
22:11:35.146 Error: Router not found for request GET /wp-admin/network/xmrlpc.php?p=
22:11:35.607 Error: Router not found for request GET /xmrlpc.php?p=
22:11:36.062 Error: Router not found for request GET /cgi-bin/xmrlpc.php?p=
22:11:36.525 Error: Router not found for request GET /css/xmrlpc.php?p=
22:11:36.994 Error: Router not found for request GET /wp-admin/user/xmrlpc.php?p=
22:11:37.456 Error: Router not found for request GET /img/xmrlpc.php?p=
22:11:37.915 Error: Router not found for request GET /wp-admin/css/colors/coffee/xmrlpc.php?p=
22:11:38.366 Error: Router not found for request GET /wp-admin/images/xmrlpc.php?p=
22:11:38.820 Error: Router not found for request GET /images/xmrlpc.php?p=
22:11:39.271 Error: Router not found for request GET /wp-admin/js/widgets/xmrlpc.php?p=
22:11:39.724 Error: Router not found for request GET /wp-admin/css/colors/xmrlpc.php?p=
22:11:40.182 Error: Router not found for request GET /wp-admin/includes/xmrlpc.php?p=
22:11:40.657 Error: Router not found for request GET /wp-admin/css/colors/blue/xmrlpc.php?p=
22:11:41.115 Error: Router not found for request GET /wp-admin/xmrlpc.php?p=
22:11:41.571 Error: Router not found for request GET /403.php
22:11:42.033 Error: Router not found for request GET /content.php
22:11:42.492 Error: Router not found for request GET /wp-content/plugins/not/includes/about.php
22:11:42.961 Error: Router not found for request GET /wp-content/plugins/simple/simple.php
22:11:43.430 Error: Router not found for request GET /wp-content/plugins/wp-theme-editor/include.php
22:11:43.900 Error: Router not found for request GET /wp-content/themes/aahana/json.php
22:11:44.378 Error: Router not found for request GET /admin.php
22:11:44.834 Error: Router not found for request GET /wp-content/plugins/awesome-coming-soon/come.php
22:11:45.284 Error: Router not found for request GET /wp-content/plugins/wp-conflg.php
22:11:45.736 Error: Router not found for request GET /berlin.php
22:11:46.184 Error: Router not found for request GET /wp-includes/Requests/about.php
22:11:46.649 Error: Router not found for request GET /wp-includes/style-engine/about.php
22:11:47.100 Error: Router not found for request GET /wp-includes/rest-api/about.php
22:11:47.562 Error: Router not found for request GET /wp-includes/SimplePie/about.php
22:11:48.031 Error: Router not found for request GET /wp-content/banners/about.php
22:11:48.488 Error: Router not found for request GET /wp-content/about.php
22:11:49.408 Error: Router not found for request GET /wp-includes/Text/about.php
22:11:49.868 Error: Router not found for request GET /wp-includes/ID3/about.php
22:11:50.329 Error: Router not found for request GET /img/about.php
22:11:50.779 Error: Router not found for request GET /wp-content/languages/about.php
22:11:51.250 Error: Router not found for request GET /wp-includes/customize/about.php
22:11:51.705 Error: Router not found for request GET /wp-includes.bak/html-api/about.php
22:11:52.157 Error: Router not found for request GET /wp-includes/widgets/about.php
22:11:52.611 Error: Router not found for request GET /wp-includes/IXR/about.php
22:11:53.080 Error: Router not found for request GET /wp-admin/js/about.php
22:11:54.001 Error: Router not found for request GET /wp-includes/pomo/about.php
22:11:54.459 Error: Router not found for request GET /wp-includes/block-patterns/about.php
22:11:54.919 Error: Router not found for request GET /wp-content/updraft/about.php
22:11:55.391 Error: Router not found for request GET /wp-content/upgrade-temp-backup/about.php
22:11:55.857 Error: Router not found for request GET /wp-content/themes/about.php
22:11:56.311 Error: Router not found for request GET /wp-admin/includes/about.php
22:11:56.772 Error: Router not found for request GET /images/about.php
22:11:57.528 Error: Router not found for request GET /wp-content/blogs.dir/about.php
22:11:57.980 Error: Router not found for request GET /wp-includes/images/about.php
22:11:58.456 Error: Router not found for request GET /wp-includes/about.php
22:11:58.915 Error: Router not found for request GET /cgi-bin/about.php
22:11:59.370 Error: Router not found for request GET /wp-content/gallery/about.php
22:11:59.852 Error: Router not found for request GET /wp-includes/blocks/about.php
22:12:00.326 Error: Router not found for request GET /wp-admin/css/about.php
22:12:00.795 Error: Router not found for request GET /wp-admin/images/about.php
22:12:02.329 Error: Router not found for request GET /wp-admin/network/cloud.php
22:12:02.779 Error: Router not found for request GET /cloud.php
22:12:03.243 Error: Router not found for request GET /cgi-bin/cloud.php
22:12:03.698 Error: Router not found for request GET /wp-content/updates.php
22:12:04.151 Error: Router not found for request GET /css/cloud.php
22:12:04.640 Error: Router not found for request GET /wp-admin/user/cloud.php
22:12:05.115 Error: Router not found for request GET /img/cloud.php
22:12:05.569 Error: Router not found for request GET /wp-admin/css/colors/coffee/cloud.php
22:12:06.031 Error: Router not found for request GET /wp-admin/images/cloud.php
22:12:06.496 Error: Router not found for request GET /avaa.php
22:12:06.999 Error: Router not found for request GET /images/cloud.php
22:12:07.455 Error: Router not found for request GET /wp-admin/js/widgets/cloud.php
22:12:07.911 Error: Router not found for request GET /wp-includes/Requests/Text/admin.php
22:12:08.378 Error: Router not found for request GET /wp-admin/css/colors/cloud.php
22:12:08.854 Error: Router not found for request GET /wp-admin/includes/cloud.php
22:12:09.308 Error: Router not found for request GET /wp-admin/css/colors/blue/cloud.php
22:12:09.768 Error: Router not found for request GET /wp-admin/cloud.php
22:12:10.230 Error: Router not found for request GET /updates.php
22:12:10.701 Error: Router not found for request GET /libraries/legacy/updates.php
22:12:11.650 Error: Router not found for request GET /libraries/phpmailer/updates.php
22:12:12.100 Error: Router not found for request GET /libraries/vendor/updates.php
22:12:12.587 Error: Router not found for request GET /alfa-rex.php7
22:12:13.057 Error: Router not found for request GET /alfanew.php
22:12:13.525 Error: Router not found for request GET /wp-content/plugins/Cache/Cache.php
22:12:13.987 Error: Router not found for request GET /wp-admin/js/widgets/about.php7
22:12:14.457 Error: Router not found for request GET /wp-p.php7
22:12:14.925 Error: Router not found for request GET /wp-admin/repeater.php
22:12:15.904 Error: Router not found for request GET /wp-includes/repeater.php
22:12:16.378 Error: Router not found for request GET /wp-content/repeater.php
22:12:17.035 Error: Router not found for request GET /wsoyanz.php
22:12:17.498 Error: Router not found for request GET /yanz.php
22:12:17.951 Error: Router not found for request GET /wp-admin/js/about.php
22:12:18.411 Error: Router not found for request GET /wp-content/plugins/seoo/wsoyanz.php
22:12:18.880 Error: Router not found for request GET /wp-content/plugins/seoo/wsoyanz1.php
22:12:19.357 Error: Router not found for request GET /cache-compat.php
22:12:19.810 Error: Router not found for request GET /ajax-actions.php
22:12:20.266 Error: Router not found for request GET /wp-admin/ajax-actions.php
22:12:20.727 Error: Router not found for request GET /wp-consar.php
22:12:21.177 Error: Router not found for request GET /repeater.php
22:12:21.653 Error: Router not found for request GET /admin-post.php
22:12:22.102 Error: Router not found for request GET /wp-admin/maint/maint/ajax-actions.php
22:12:22.563 Error: Router not found for request GET /wp-admin/dropdown.php
22:12:23.027 Error: Router not found for request GET /wp-admin/css/index.php
22:12:23.488 Error: Router not found for request GET /dropdown.php
22:12:23.948 Error: Router not found for request GET /about.php
22:12:24.406 Error: Router not found for request GET /admin.php
22:12:24.866 Error: Router not found for request GET /about.php7
22:12:25.322 Error: Router not found for request GET /alfanew.php7
22:12:25.773 Error: Router not found for request GET /adminfuns.php7
22:12:26.523 Error: Router not found for request GET /ebs.php7
22:12:26.996 Error: Router not found for request GET /ws.php7
22:12:27.458 Error: Router not found for request GET /alfanew2.php7
22:12:27.933 Error: Router not found for request GET /alfa-rex2.php7
22:12:28.840 Error: Router not found for request GET /wp-admin/images/index.php
22:12:29.298 Error: Router not found for request GET /wp-admin/css/colors/index.php
22:12:29.763 Error: Router not found for request GET /wp-content/themes/pridmag/db.php?u
22:12:30.229 Error: Router not found for request GET /wp-content/themes/seotheme/mar.php
22:12:30.727 Error: Router not found for request GET /wp-content/plugins/linkpreview/db.php?u
22:12:31.193 Error: Router not found for request GET /wp-content/themes/seotheme/db.php?u
22:12:31.650 Error: Router not found for request GET /wp-content/plugins/seoplugins/db.php?u
22:12:32.116 Error: Router not found for request GET /wp-content/plugins/seoplugins/mar.php
22:12:33.479 Error: Router not found for request GET /wp-admin/network/xmrlpc.php?p=
22:12:33.930 Error: Router not found for request GET /xmrlpc.php?p=
22:12:34.424 Error: Router not found for request GET /cgi-bin/xmrlpc.php?p=
22:12:34.895 Error: Router not found for request GET /css/xmrlpc.php?p=
22:12:35.354 Error: Router not found for request GET /wp-admin/user/xmrlpc.php?p=
22:12:35.808 Error: Router not found for request GET /img/xmrlpc.php?p=
22:12:36.267 Error: Router not found for request GET /wp-admin/css/colors/coffee/xmrlpc.php?p=
22:12:36.730 Error: Router not found for request GET /wp-admin/images/xmrlpc.php?p=
22:12:37.185 Error: Router not found for request GET /images/xmrlpc.php?p=
22:12:37.653 Error: Router not found for request GET /wp-admin/js/widgets/xmrlpc.php?p=
22:12:38.105 Error: Router not found for request GET /wp-admin/css/colors/xmrlpc.php?p=
22:12:38.567 Error: Router not found for request GET /wp-admin/includes/xmrlpc.php?p=
22:12:39.026 Error: Router not found for request GET /wp-admin/css/colors/blue/xmrlpc.php?p=
22:12:39.488 Error: Router not found for request GET /wp-admin/xmrlpc.php?p=
22:27:14.131 Table counts: notes: 276, revisions: 10, attachments: 29, branches: 279, attributes: 426, etapi_tokens: 0, blobs: 216
22:27:14.145 All consistency checks passed with no errors detected (took 15ms)
23:27:14.145 Table counts: notes: 276, revisions: 10, attachments: 29, branches: 279, attributes: 426, etapi_tokens: 0, blobs: 216
23:27:14.162 All consistency checks passed with no errors detected (took 17ms)
