00:50:16.232 Table counts: notes: 300, revisions: 64, attachments: 38, branches: 303, attributes: 446, etapi_tokens: 0, blobs: 273
00:50:16.254 All consistency checks passed with no errors detected (took 22ms)
01:50:15.781 Optimizing database
01:50:15.783 Optimization finished in 1ms.
01:50:16.234 Table counts: notes: 300, revisions: 64, attachments: 38, branches: 303, attributes: 446, etapi_tokens: 0, blobs: 273
01:50:16.262 All consistency checks passed with no errors detected (took 29ms)
02:50:16.235 Table counts: notes: 300, revisions: 64, attachments: 38, branches: 303, attributes: 446, etapi_tokens: 0, blobs: 273
02:50:16.260 All consistency checks passed with no errors detected (took 25ms)
03:07:01.790 Error: Router not found for request GET /.git/config
03:50:16.238 Table counts: notes: 300, revisions: 64, attachments: 38, branches: 303, attributes: 446, etapi_tokens: 0, blobs: 273
03:50:16.258 All consistency checks passed with no errors detected (took 21ms)
04:50:16.239 Table counts: notes: 300, revisions: 64, attachments: 38, branches: 303, attributes: 446, etapi_tokens: 0, blobs: 273
04:50:16.257 All consistency checks passed with no errors detected (took 17ms)
05:50:16.240 Table counts: notes: 300, revisions: 64, attachments: 38, branches: 303, attributes: 446, etapi_tokens: 0, blobs: 273
05:50:16.261 All consistency checks passed with no errors detected (took 22ms)
06:50:16.242 Table counts: notes: 300, revisions: 64, attachments: 38, branches: 303, attributes: 446, etapi_tokens: 0, blobs: 273
06:50:16.260 All consistency checks passed with no errors detected (took 18ms)
07:50:16.243 Table counts: notes: 300, revisions: 64, attachments: 38, branches: 303, attributes: 446, etapi_tokens: 0, blobs: 273
07:50:16.260 All consistency checks passed with no errors detected (took 17ms)
08:50:16.246 Table counts: notes: 300, revisions: 64, attachments: 38, branches: 303, attributes: 446, etapi_tokens: 0, blobs: 273
08:50:16.268 All consistency checks passed with no errors detected (took 23ms)
09:50:16.246 Table counts: notes: 300, revisions: 64, attachments: 38, branches: 303, attributes: 446, etapi_tokens: 0, blobs: 273
09:50:16.263 All consistency checks passed with no errors detected (took 18ms)
10:50:16.249 Table counts: notes: 300, revisions: 64, attachments: 38, branches: 303, attributes: 446, etapi_tokens: 0, blobs: 273
10:50:16.264 All consistency checks passed with no errors detected (took 16ms)
11:25:39.992 Error: Router not found for request GET /.git/config
11:50:15.782 Optimizing database
11:50:15.784 Optimization finished in 1ms.
11:50:16.250 Table counts: notes: 300, revisions: 64, attachments: 38, branches: 303, attributes: 446, etapi_tokens: 0, blobs: 273
11:50:16.270 All consistency checks passed with no errors detected (took 21ms)
12:50:16.250 Table counts: notes: 300, revisions: 64, attachments: 38, branches: 303, attributes: 446, etapi_tokens: 0, blobs: 273
12:50:16.265 All consistency checks passed with no errors detected (took 16ms)
13:50:16.250 Table counts: notes: 300, revisions: 64, attachments: 38, branches: 303, attributes: 446, etapi_tokens: 0, blobs: 273
13:50:16.269 All consistency checks passed with no errors detected (took 20ms)
14:50:16.253 Table counts: notes: 300, revisions: 64, attachments: 38, branches: 303, attributes: 446, etapi_tokens: 0, blobs: 273
14:50:16.277 All consistency checks passed with no errors detected (took 25ms)
15:50:16.253 Table counts: notes: 300, revisions: 64, attachments: 38, branches: 303, attributes: 446, etapi_tokens: 0, blobs: 273
15:50:16.271 All consistency checks passed with no errors detected (took 19ms)
16:50:16.255 Table counts: notes: 300, revisions: 64, attachments: 38, branches: 303, attributes: 446, etapi_tokens: 0, blobs: 273
16:50:16.272 All consistency checks passed with no errors detected (took 18ms)
17:50:16.255 Table counts: notes: 300, revisions: 64, attachments: 38, branches: 303, attributes: 446, etapi_tokens: 0, blobs: 273
17:50:16.277 All consistency checks passed with no errors detected (took 23ms)
18:50:16.256 Table counts: notes: 300, revisions: 64, attachments: 38, branches: 303, attributes: 446, etapi_tokens: 0, blobs: 273
18:50:16.275 All consistency checks passed with no errors detected (took 20ms)
19:50:16.256 Table counts: notes: 300, revisions: 64, attachments: 38, branches: 303, attributes: 446, etapi_tokens: 0, blobs: 273
19:50:16.273 All consistency checks passed with no errors detected (took 17ms)
20:50:16.257 Table counts: notes: 300, revisions: 64, attachments: 38, branches: 303, attributes: 446, etapi_tokens: 0, blobs: 273
20:50:16.282 All consistency checks passed with no errors detected (took 25ms)
21:50:15.783 Optimizing database
21:50:15.785 Optimization finished in 1ms.
21:50:16.259 Table counts: notes: 300, revisions: 64, attachments: 38, branches: 303, attributes: 446, etapi_tokens: 0, blobs: 273
21:50:16.282 All consistency checks passed with no errors detected (took 24ms)
22:50:16.261 Table counts: notes: 300, revisions: 64, attachments: 38, branches: 303, attributes: 446, etapi_tokens: 0, blobs: 273
22:50:16.283 All consistency checks passed with no errors detected (took 23ms)
23:50:16.261 Table counts: notes: 300, revisions: 64, attachments: 38, branches: 303, attributes: 446, etapi_tokens: 0, blobs: 273
23:50:16.281 All consistency checks passed with no errors detected (took 21ms)
