00:00:28.484 No connection to sync server.
00:01:28.517 No connection to sync server.
00:02:28.520 No connection to sync server.
00:03:28.541 No connection to sync server.
00:04:28.554 No connection to sync server.
00:05:28.565 No connection to sync server.
00:06:28.579 No connection to sync server.
00:07:28.604 No connection to sync server.
00:08:28.605 No connection to sync server.
00:09:28.637 No connection to sync server.
00:10:28.628 No connection to sync server.
00:11:28.654 No connection to sync server.
00:12:28.662 No connection to sync server.
00:13:28.696 No connection to sync server.
00:14:28.704 No connection to sync server.
00:15:28.724 No connection to sync server.
00:16:28.751 No connection to sync server.
00:17:06.671 Optimizing database
00:17:06.673 Optimization finished in 1ms.
00:17:07.161 Table counts: notes: 308, revisions: 122, attachments: 64, branches: 311, attributes: 457, etapi_tokens: 0, blobs: 333
00:17:07.195 All consistency checks passed with no errors detected (took 35ms)
00:17:28.745 No connection to sync server.
00:18:28.770 No connection to sync server.
00:19:28.775 No connection to sync server.
00:20:28.798 No connection to sync server.
00:21:28.813 No connection to sync server.
00:22:28.830 No connection to sync server.
00:23:28.853 No connection to sync server.
00:24:28.868 No connection to sync server.
00:25:28.875 No connection to sync server.
00:26:28.882 No connection to sync server.
00:27:28.919 No connection to sync server.
00:28:28.921 No connection to sync server.
00:29:28.944 No connection to sync server.
00:30:28.956 No connection to sync server.
00:31:28.978 No connection to sync server.
00:32:28.970 No connection to sync server.
00:33:29.006 No connection to sync server.
00:34:29.011 No connection to sync server.
00:35:29.029 No connection to sync server.
00:36:29.056 No connection to sync server.
00:37:29.063 No connection to sync server.
00:38:29.073 No connection to sync server.
00:39:29.093 No connection to sync server.
00:40:29.111 No connection to sync server.
00:41:29.126 No connection to sync server.
00:42:29.143 No connection to sync server.
00:43:29.153 No connection to sync server.
00:44:29.168 No connection to sync server.
00:45:29.177 No connection to sync server.
00:46:29.202 No connection to sync server.
00:47:29.211 No connection to sync server.
00:48:29.228 No connection to sync server.
00:49:29.234 No connection to sync server.
00:50:29.273 No connection to sync server.
00:51:29.267 No connection to sync server.
00:52:29.292 No connection to sync server.
00:53:29.294 No connection to sync server.
00:54:29.306 No connection to sync server.
00:55:29.325 No connection to sync server.
00:56:29.342 No connection to sync server.
00:57:29.349 No connection to sync server.
00:58:29.385 No connection to sync server.
00:59:29.386 No connection to sync server.
01:00:29.404 No connection to sync server.
01:01:29.407 No connection to sync server.
01:02:29.408 No connection to sync server.
01:03:29.432 No connection to sync server.
01:04:29.446 No connection to sync server.
01:05:29.463 No connection to sync server.
01:06:29.472 No connection to sync server.
01:07:29.495 No connection to sync server.
01:08:29.497 No connection to sync server.
01:09:29.525 No connection to sync server.
01:10:29.519 No connection to sync server.
01:11:29.551 No connection to sync server.
01:12:29.563 No connection to sync server.
01:13:29.559 No connection to sync server.
01:14:29.583 No connection to sync server.
01:15:29.598 No connection to sync server.
01:16:29.619 No connection to sync server.
01:17:07.161 Table counts: notes: 308, revisions: 122, attachments: 64, branches: 311, attributes: 457, etapi_tokens: 0, blobs: 333
01:17:07.185 All consistency checks passed with no errors detected (took 24ms)
01:17:29.621 No connection to sync server.
01:18:29.628 No connection to sync server.
01:19:29.652 No connection to sync server.
01:20:29.657 No connection to sync server.
01:21:29.681 No connection to sync server.
01:22:29.694 No connection to sync server.
01:23:29.715 No connection to sync server.
01:24:29.735 No connection to sync server.
01:25:29.747 No connection to sync server.
01:26:29.757 No connection to sync server.
01:27:29.776 No connection to sync server.
01:28:29.804 No connection to sync server.
01:29:29.816 No connection to sync server.
01:30:29.813 No connection to sync server.
01:31:29.831 No connection to sync server.
01:32:29.841 No connection to sync server.
01:33:29.867 No connection to sync server.
01:34:29.887 No connection to sync server.
01:35:29.904 No connection to sync server.
01:36:29.903 No connection to sync server.
01:37:29.922 No connection to sync server.
01:38:29.941 No connection to sync server.
01:39:29.946 No connection to sync server.
01:40:29.965 No connection to sync server.
01:41:29.975 No connection to sync server.
01:42:29.997 No connection to sync server.
01:43:30.013 No connection to sync server.
01:44:30.025 No connection to sync server.
01:45:30.033 No connection to sync server.
01:46:30.064 No connection to sync server.
01:47:30.056 No connection to sync server.
01:48:30.078 No connection to sync server.
01:49:30.087 No connection to sync server.
01:50:30.117 No connection to sync server.
01:51:30.127 No connection to sync server.
01:52:30.143 No connection to sync server.
01:53:30.149 No connection to sync server.
01:54:30.182 No connection to sync server.
01:55:30.176 No connection to sync server.
01:56:30.183 No connection to sync server.
01:57:30.209 No connection to sync server.
01:58:30.207 No connection to sync server.
01:59:30.216 No connection to sync server.
02:00:30.240 No connection to sync server.
02:01:30.240 No connection to sync server.
02:02:30.252 No connection to sync server.
02:03:30.284 No connection to sync server.
02:04:30.286 No connection to sync server.
02:05:30.310 No connection to sync server.
02:06:30.308 No connection to sync server.
02:07:30.345 No connection to sync server.
02:08:30.342 No connection to sync server.
02:09:30.360 No connection to sync server.
02:10:30.375 No connection to sync server.
02:11:30.389 No connection to sync server.
02:12:30.402 No connection to sync server.
02:13:30.414 No connection to sync server.
02:14:30.435 No connection to sync server.
02:15:30.455 No connection to sync server.
02:16:30.461 No connection to sync server.
02:17:07.162 Table counts: notes: 308, revisions: 122, attachments: 64, branches: 311, attributes: 457, etapi_tokens: 0, blobs: 333
02:17:07.195 All consistency checks passed with no errors detected (took 33ms)
02:17:30.468 No connection to sync server.
02:18:30.490 No connection to sync server.
02:19:30.498 No connection to sync server.
02:20:30.532 No connection to sync server.
02:21:30.520 No connection to sync server.
02:22:30.542 No connection to sync server.
02:23:30.551 No connection to sync server.
02:24:30.574 No connection to sync server.
02:25:30.583 No connection to sync server.
02:26:30.607 No connection to sync server.
02:27:30.604 No connection to sync server.
02:28:30.637 No connection to sync server.
02:29:30.642 No connection to sync server.
02:30:30.661 No connection to sync server.
02:31:30.661 No connection to sync server.
02:32:30.667 No connection to sync server.
02:33:30.662 No connection to sync server.
02:34:30.677 No connection to sync server.
02:35:30.716 No connection to sync server.
02:36:30.706 No connection to sync server.
02:37:30.754 No connection to sync server.
02:38:30.747 No connection to sync server.
02:39:30.752 No connection to sync server.
02:40:30.780 No connection to sync server.
02:41:30.767 No connection to sync server.
02:42:30.777 No connection to sync server.
02:43:30.788 No connection to sync server.
02:44:30.798 No connection to sync server.
02:45:30.806 No connection to sync server.
02:46:30.828 No connection to sync server.
02:47:30.834 No connection to sync server.
02:48:30.861 No connection to sync server.
02:49:30.864 No connection to sync server.
02:50:30.897 No connection to sync server.
02:51:30.885 No connection to sync server.
02:52:30.920 No connection to sync server.
02:53:30.924 No connection to sync server.
02:54:30.947 No connection to sync server.
02:55:30.962 No connection to sync server.
02:56:30.965 No connection to sync server.
02:57:30.976 No connection to sync server.
02:58:31.006 No connection to sync server.
02:59:31.014 No connection to sync server.
03:00:31.026 No connection to sync server.
03:01:31.047 No connection to sync server.
03:02:31.051 No connection to sync server.
03:03:31.078 No connection to sync server.
03:04:31.075 No connection to sync server.
03:05:31.093 No connection to sync server.
03:06:31.099 No connection to sync server.
03:07:31.129 No connection to sync server.
03:08:31.136 No connection to sync server.
03:09:31.163 No connection to sync server.
03:10:31.229 No connection to sync server.
03:11:31.173 No connection to sync server.
03:12:31.189 No connection to sync server.
03:13:31.197 No connection to sync server.
03:14:31.210 No connection to sync server.
03:15:31.228 No connection to sync server.
03:16:31.244 No connection to sync server.
03:17:07.163 Table counts: notes: 308, revisions: 122, attachments: 64, branches: 311, attributes: 457, etapi_tokens: 0, blobs: 333
03:17:07.182 All consistency checks passed with no errors detected (took 19ms)
03:17:31.243 No connection to sync server.
03:18:31.264 No connection to sync server.
03:19:31.264 No connection to sync server.
03:20:31.296 No connection to sync server.
03:21:31.294 No connection to sync server.
03:22:31.330 No connection to sync server.
03:23:31.323 No connection to sync server.
03:24:31.365 No connection to sync server.
03:25:31.358 No connection to sync server.
03:26:31.362 No connection to sync server.
03:27:31.370 No connection to sync server.
03:28:31.385 No connection to sync server.
03:29:31.393 No connection to sync server.
03:30:31.410 No connection to sync server.
03:31:31.420 No connection to sync server.
03:32:31.421 No connection to sync server.
03:33:31.449 No connection to sync server.
03:34:31.454 No connection to sync server.
03:35:31.491 No connection to sync server.
03:36:31.472 No connection to sync server.
03:37:31.497 No connection to sync server.
03:38:31.500 No connection to sync server.
03:39:31.538 No connection to sync server.
03:40:31.532 No connection to sync server.
03:41:31.566 No connection to sync server.
03:42:31.558 No connection to sync server.
03:43:31.597 No connection to sync server.
03:44:31.588 No connection to sync server.
03:45:31.615 No connection to sync server.
03:46:31.617 No connection to sync server.
03:47:31.631 No connection to sync server.
03:48:31.642 No connection to sync server.
03:49:31.654 No connection to sync server.
03:50:31.669 No connection to sync server.
03:51:31.691 No connection to sync server.
03:52:31.708 No connection to sync server.
03:53:31.707 No connection to sync server.
03:54:31.731 No connection to sync server.
03:55:31.751 No connection to sync server.
03:56:31.752 No connection to sync server.
03:57:31.770 No connection to sync server.
03:58:31.786 No connection to sync server.
03:59:31.800 No connection to sync server.
04:00:31.804 No connection to sync server.
04:01:31.824 No connection to sync server.
04:02:31.822 No connection to sync server.
04:03:31.843 No connection to sync server.
04:04:31.849 No connection to sync server.
04:05:31.883 No connection to sync server.
04:06:31.883 No connection to sync server.
04:07:31.901 No connection to sync server.
04:08:31.914 No connection to sync server.
04:09:31.931 No connection to sync server.
04:10:31.925 No connection to sync server.
04:11:31.968 No connection to sync server.
04:12:31.956 No connection to sync server.
04:13:31.983 No connection to sync server.
04:14:31.990 No connection to sync server.
04:15:32.009 No connection to sync server.
04:16:32.018 No connection to sync server.
04:17:07.164 Table counts: notes: 308, revisions: 122, attachments: 64, branches: 311, attributes: 457, etapi_tokens: 0, blobs: 333
04:17:07.180 All consistency checks passed with no errors detected (took 16ms)
04:17:32.027 No connection to sync server.
04:18:32.158 No connection to sync server.
04:19:32.044 No connection to sync server.
04:20:32.072 No connection to sync server.
04:21:32.075 No connection to sync server.
04:22:32.095 No connection to sync server.
04:23:32.107 No connection to sync server.
04:24:32.120 No connection to sync server.
04:25:32.129 No connection to sync server.
04:26:32.138 No connection to sync server.
04:27:32.155 No connection to sync server.
04:28:32.185 No connection to sync server.
04:29:32.179 No connection to sync server.
04:30:32.207 No connection to sync server.
04:31:32.202 No connection to sync server.
04:32:32.216 No connection to sync server.
04:33:32.229 No connection to sync server.
04:34:32.233 No connection to sync server.
04:35:32.265 No connection to sync server.
04:36:32.254 No connection to sync server.
04:37:32.275 No connection to sync server.
04:38:32.285 No connection to sync server.
04:39:32.310 No connection to sync server.
04:40:32.316 No connection to sync server.
04:41:32.326 No connection to sync server.
04:42:32.350 No connection to sync server.
04:43:32.364 No connection to sync server.
04:44:32.374 No connection to sync server.
04:45:32.391 No connection to sync server.
04:46:32.395 No connection to sync server.
04:47:32.410 No connection to sync server.
04:48:32.421 No connection to sync server.
04:49:32.430 No connection to sync server.
04:50:32.462 No connection to sync server.
04:51:32.477 No connection to sync server.
04:52:32.487 No connection to sync server.
04:53:32.490 No connection to sync server.
04:54:32.515 No connection to sync server.
04:55:32.510 No connection to sync server.
04:56:32.544 No connection to sync server.
04:57:32.548 No connection to sync server.
04:58:32.563 No connection to sync server.
04:59:32.564 No connection to sync server.
05:00:32.572 No connection to sync server.
05:01:32.591 No connection to sync server.
05:02:32.586 No connection to sync server.
05:03:32.604 No connection to sync server.
05:04:32.620 No connection to sync server.
05:05:32.633 No connection to sync server.
05:06:32.635 No connection to sync server.
05:07:32.656 No connection to sync server.
05:08:32.650 No connection to sync server.
05:09:32.672 No connection to sync server.
05:10:32.679 No connection to sync server.
05:11:32.704 No connection to sync server.
05:12:32.703 No connection to sync server.
05:13:32.728 No connection to sync server.
05:14:32.730 No connection to sync server.
05:15:32.761 No connection to sync server.
05:16:32.755 No connection to sync server.
05:17:07.166 Table counts: notes: 308, revisions: 122, attachments: 64, branches: 311, attributes: 457, etapi_tokens: 0, blobs: 333
05:17:07.193 All consistency checks passed with no errors detected (took 28ms)
05:17:32.769 No connection to sync server.
05:18:32.766 No connection to sync server.
05:19:28.210 Error: Router not found for request GET /.env
05:19:32.773 No connection to sync server.
05:20:32.793 No connection to sync server.
05:21:32.799 No connection to sync server.
05:22:32.808 No connection to sync server.
05:23:32.821 No connection to sync server.
05:24:32.841 No connection to sync server.
05:25:32.844 No connection to sync server.
05:26:32.857 No connection to sync server.
05:27:32.883 No connection to sync server.
05:28:32.887 No connection to sync server.
05:29:32.900 No connection to sync server.
05:30:32.923 No connection to sync server.
05:31:32.927 No connection to sync server.
05:32:32.933 No connection to sync server.
05:33:32.952 No connection to sync server.
05:34:32.958 No connection to sync server.
05:35:32.998 No connection to sync server.
05:36:32.982 No connection to sync server.
05:37:33.008 No connection to sync server.
05:38:33.005 No connection to sync server.
05:39:33.031 No connection to sync server.
05:40:33.038 No connection to sync server.
05:41:33.041 No connection to sync server.
05:42:33.059 No connection to sync server.
05:43:33.074 No connection to sync server.
05:44:33.073 No connection to sync server.
05:45:33.093 No connection to sync server.
05:46:33.101 No connection to sync server.
05:47:33.112 No connection to sync server.
05:48:33.116 No connection to sync server.
05:49:33.125 No connection to sync server.
05:50:33.129 No connection to sync server.
05:51:33.153 No connection to sync server.
05:52:33.166 No connection to sync server.
05:53:33.161 No connection to sync server.
05:54:33.197 No connection to sync server.
05:55:33.190 No connection to sync server.
05:56:33.218 No connection to sync server.
05:57:33.208 No connection to sync server.
05:58:33.239 No connection to sync server.
05:59:33.244 No connection to sync server.
06:00:33.263 No connection to sync server.
06:01:33.270 No connection to sync server.
06:02:33.280 No connection to sync server.
06:03:33.296 No connection to sync server.
06:04:33.321 No connection to sync server.
06:05:33.323 No connection to sync server.
06:06:33.345 No connection to sync server.
06:07:33.342 No connection to sync server.
06:08:33.356 No connection to sync server.
06:09:33.372 No connection to sync server.
06:10:33.389 No connection to sync server.
06:11:33.391 No connection to sync server.
06:12:33.414 No connection to sync server.
06:13:33.429 No connection to sync server.
06:14:33.434 No connection to sync server.
06:15:33.441 No connection to sync server.
06:16:33.474 No connection to sync server.
06:17:07.166 Table counts: notes: 308, revisions: 122, attachments: 64, branches: 311, attributes: 457, etapi_tokens: 0, blobs: 333
06:17:07.191 All consistency checks passed with no errors detected (took 26ms)
06:17:33.458 No connection to sync server.
06:18:33.479 No connection to sync server.
06:19:33.489 No connection to sync server.
06:20:33.505 No connection to sync server.
06:21:33.515 No connection to sync server.
06:22:33.530 No connection to sync server.
06:23:33.541 No connection to sync server.
06:24:33.560 No connection to sync server.
06:25:33.560 No connection to sync server.
06:26:33.589 No connection to sync server.
06:27:33.583 No connection to sync server.
06:28:33.614 No connection to sync server.
06:29:33.612 No connection to sync server.
06:30:33.624 No connection to sync server.
06:31:33.635 No connection to sync server.
06:32:33.635 No connection to sync server.
06:33:33.654 No connection to sync server.
06:34:33.667 No connection to sync server.
06:35:33.699 No connection to sync server.
06:36:33.699 No connection to sync server.
06:37:33.705 No connection to sync server.
06:38:33.719 No connection to sync server.
06:39:33.733 No connection to sync server.
06:40:33.742 No connection to sync server.
06:41:33.755 No connection to sync server.
06:42:33.772 No connection to sync server.
06:43:33.784 No connection to sync server.
06:44:33.796 No connection to sync server.
06:45:33.819 No connection to sync server.
06:46:33.820 No connection to sync server.
06:47:33.837 No connection to sync server.
06:48:33.838 No connection to sync server.
06:49:33.854 No connection to sync server.
06:50:33.851 No connection to sync server.
06:51:33.873 No connection to sync server.
06:52:33.881 No connection to sync server.
06:53:33.909 No connection to sync server.
06:54:33.906 No connection to sync server.
06:55:33.933 No connection to sync server.
06:56:33.927 No connection to sync server.
06:57:33.964 No connection to sync server.
06:58:33.962 No connection to sync server.
06:59:33.973 No connection to sync server.
07:00:33.999 No connection to sync server.
07:01:34.013 No connection to sync server.
07:02:34.002 No connection to sync server.
07:03:34.013 No connection to sync server.
07:04:34.015 No connection to sync server.
07:05:34.031 No connection to sync server.
07:06:34.035 No connection to sync server.
07:07:34.060 No connection to sync server.
07:08:34.061 No connection to sync server.
07:09:34.088 No connection to sync server.
07:10:34.085 No connection to sync server.
07:11:34.104 No connection to sync server.
07:12:34.123 No connection to sync server.
07:13:34.128 No connection to sync server.
07:14:34.137 No connection to sync server.
07:15:34.149 No connection to sync server.
07:16:34.153 No connection to sync server.
07:17:07.168 Table counts: notes: 308, revisions: 122, attachments: 64, branches: 311, attributes: 457, etapi_tokens: 0, blobs: 333
07:17:07.192 All consistency checks passed with no errors detected (took 25ms)
07:17:34.160 No connection to sync server.
07:18:34.178 No connection to sync server.
07:19:34.189 No connection to sync server.
07:20:34.198 No connection to sync server.
07:21:34.217 No connection to sync server.
07:22:34.216 No connection to sync server.
07:23:34.239 No connection to sync server.
07:24:34.237 No connection to sync server.
07:25:34.254 No connection to sync server.
07:26:34.287 No connection to sync server.
07:27:34.266 No connection to sync server.
07:28:34.291 No connection to sync server.
07:29:34.282 No connection to sync server.
07:30:34.299 No connection to sync server.
07:31:34.294 No connection to sync server.
07:32:34.321 No connection to sync server.
07:33:34.328 No connection to sync server.
07:34:34.320 No connection to sync server.
07:35:34.345 No connection to sync server.
07:36:34.351 No connection to sync server.
07:37:34.361 No connection to sync server.
07:38:34.368 No connection to sync server.
07:39:34.385 No connection to sync server.
07:40:34.398 No connection to sync server.
07:41:34.410 No connection to sync server.
07:42:34.422 No connection to sync server.
07:43:34.428 No connection to sync server.
07:44:34.433 No connection to sync server.
07:45:34.450 No connection to sync server.
07:46:34.463 No connection to sync server.
07:47:34.476 No connection to sync server.
07:48:34.477 No connection to sync server.
07:49:34.471 No connection to sync server.
07:50:34.498 No connection to sync server.
07:51:34.493 No connection to sync server.
07:52:34.504 No connection to sync server.
07:53:34.505 No connection to sync server.
07:54:34.527 No connection to sync server.
07:55:34.550 No connection to sync server.
07:56:34.544 No connection to sync server.
07:57:34.547 No connection to sync server.
07:58:34.544 No connection to sync server.
07:59:34.571 No connection to sync server.
08:00:34.603 No connection to sync server.
08:01:34.597 No connection to sync server.
08:02:34.592 No connection to sync server.
08:03:34.607 No connection to sync server.
08:04:34.626 No connection to sync server.
08:05:34.641 No connection to sync server.
08:06:34.643 No connection to sync server.
08:07:34.641 No connection to sync server.
08:08:34.662 No connection to sync server.
08:09:34.667 No connection to sync server.
08:10:34.690 No connection to sync server.
08:11:34.696 No connection to sync server.
08:12:34.712 No connection to sync server.
08:13:34.713 No connection to sync server.
08:14:34.729 No connection to sync server.
08:15:34.741 No connection to sync server.
08:16:34.752 No connection to sync server.
08:17:07.168 Table counts: notes: 308, revisions: 122, attachments: 64, branches: 311, attributes: 457, etapi_tokens: 0, blobs: 333
08:17:07.197 All consistency checks passed with no errors detected (took 29ms)
08:17:34.756 No connection to sync server.
08:18:34.778 No connection to sync server.
08:19:34.775 No connection to sync server.
08:20:34.799 No connection to sync server.
08:21:34.795 No connection to sync server.
08:22:34.819 No connection to sync server.
08:23:34.826 No connection to sync server.
08:24:34.843 No connection to sync server.
08:25:34.848 No connection to sync server.
08:26:34.857 No connection to sync server.
08:27:34.884 No connection to sync server.
08:28:34.880 No connection to sync server.
08:29:34.897 No connection to sync server.
08:30:34.905 No connection to sync server.
08:31:34.914 No connection to sync server.
08:32:34.909 No connection to sync server.
08:33:34.928 No connection to sync server.
08:34:34.942 No connection to sync server.
08:35:34.947 No connection to sync server.
08:36:34.955 No connection to sync server.
08:37:34.973 No connection to sync server.
08:38:34.987 No connection to sync server.
08:39:34.994 No connection to sync server.
08:40:34.997 No connection to sync server.
08:41:35.015 No connection to sync server.
08:42:35.028 No connection to sync server.
08:43:35.027 No connection to sync server.
08:44:35.051 No connection to sync server.
08:45:35.042 No connection to sync server.
08:46:35.073 No connection to sync server.
08:47:35.072 No connection to sync server.
08:48:35.088 No connection to sync server.
08:49:35.086 No connection to sync server.
08:50:35.116 No connection to sync server.
08:51:35.111 No connection to sync server.
08:52:35.133 No connection to sync server.
08:53:35.125 No connection to sync server.
08:54:35.145 No connection to sync server.
08:55:35.141 No connection to sync server.
08:56:35.192 No connection to sync server.
08:57:35.167 No connection to sync server.
08:58:35.185 No connection to sync server.
08:59:35.194 No connection to sync server.
09:00:35.208 No connection to sync server.
09:01:35.290 No connection to sync server.
09:02:35.233 No connection to sync server.
09:03:35.232 No connection to sync server.
09:04:35.250 No connection to sync server.
09:05:35.247 No connection to sync server.
09:06:35.265 No connection to sync server.
09:07:35.255 No connection to sync server.
09:08:35.300 No connection to sync server.
09:09:35.291 No connection to sync server.
09:10:35.310 No connection to sync server.
09:11:35.317 No connection to sync server.
09:12:35.326 No connection to sync server.
09:13:35.333 No connection to sync server.
09:14:35.360 No connection to sync server.
09:15:35.352 No connection to sync server.
09:16:35.372 No connection to sync server.
09:17:07.169 Table counts: notes: 308, revisions: 122, attachments: 64, branches: 311, attributes: 457, etapi_tokens: 0, blobs: 333
09:17:07.196 All consistency checks passed with no errors detected (took 28ms)
09:17:35.366 No connection to sync server.
09:18:35.388 No connection to sync server.
09:19:35.399 No connection to sync server.
09:20:35.408 No connection to sync server.
09:21:35.423 No connection to sync server.
09:22:35.428 No connection to sync server.
09:23:35.437 No connection to sync server.
09:24:35.462 No connection to sync server.
09:25:35.459 No connection to sync server.
09:26:35.466 No connection to sync server.
09:27:35.476 No connection to sync server.
09:28:35.470 No connection to sync server.
09:29:35.504 No connection to sync server.
09:30:35.510 No connection to sync server.
09:31:35.518 No connection to sync server.
09:32:35.524 No connection to sync server.
09:33:35.538 No connection to sync server.
09:34:35.548 No connection to sync server.
09:35:35.555 No connection to sync server.
09:36:35.570 No connection to sync server.
09:37:35.574 No connection to sync server.
09:38:35.597 No connection to sync server.
09:39:35.602 No connection to sync server.
09:40:35.625 No connection to sync server.
09:41:35.619 No connection to sync server.
09:42:35.618 No connection to sync server.
09:43:35.647 No connection to sync server.
09:44:35.636 No connection to sync server.
09:45:35.654 No connection to sync server.
09:46:35.676 No connection to sync server.
09:47:35.674 No connection to sync server.
09:48:35.687 No connection to sync server.
09:49:35.688 No connection to sync server.
09:50:35.716 No connection to sync server.
09:51:35.713 No connection to sync server.
09:52:35.726 No connection to sync server.
09:53:35.724 No connection to sync server.
09:54:35.744 No connection to sync server.
09:55:35.752 No connection to sync server.
09:56:35.762 No connection to sync server.
09:57:35.774 No connection to sync server.
09:58:35.779 No connection to sync server.
09:59:35.794 No connection to sync server.
10:00:35.820 No connection to sync server.
10:01:35.821 No connection to sync server.
10:02:35.822 No connection to sync server.
10:03:35.838 No connection to sync server.
10:04:35.843 No connection to sync server.
10:05:35.861 No connection to sync server.
10:06:35.873 No connection to sync server.
10:07:35.876 No connection to sync server.
10:08:35.888 No connection to sync server.
10:09:35.900 No connection to sync server.
10:10:35.904 No connection to sync server.
10:11:35.928 No connection to sync server.
10:12:35.936 No connection to sync server.
10:13:35.929 No connection to sync server.
10:14:35.944 No connection to sync server.
10:15:35.950 No connection to sync server.
10:16:35.957 No connection to sync server.
10:17:06.676 Optimizing database
10:17:06.677 Optimization finished in 1ms.
10:17:07.169 Table counts: notes: 308, revisions: 122, attachments: 64, branches: 311, attributes: 457, etapi_tokens: 0, blobs: 333
10:17:07.191 All consistency checks passed with no errors detected (took 23ms)
10:17:35.975 No connection to sync server.
10:18:35.974 No connection to sync server.
10:19:35.996 No connection to sync server.
10:20:36.004 No connection to sync server.
10:21:36.026 No connection to sync server.
10:22:36.036 No connection to sync server.
10:23:36.030 No connection to sync server.
10:24:36.045 No connection to sync server.
10:25:36.056 No connection to sync server.
10:26:36.059 No connection to sync server.
10:27:36.075 No connection to sync server.
10:28:36.084 No connection to sync server.
10:29:36.110 No connection to sync server.
10:30:36.103 No connection to sync server.
10:31:36.118 No connection to sync server.
10:32:36.119 No connection to sync server.
10:33:36.121 No connection to sync server.
10:34:36.136 No connection to sync server.
10:35:36.139 No connection to sync server.
10:36:36.161 No connection to sync server.
10:37:36.160 No connection to sync server.
10:38:36.169 No connection to sync server.
10:39:36.189 No connection to sync server.
10:40:36.196 No connection to sync server.
10:41:36.200 No connection to sync server.
10:42:36.221 No connection to sync server.
10:43:36.218 No connection to sync server.
10:44:36.238 No connection to sync server.
10:45:36.242 No connection to sync server.
10:46:36.264 No connection to sync server.
10:47:36.262 No connection to sync server.
10:48:36.277 No connection to sync server.
10:49:36.269 No connection to sync server.
10:50:36.301 No connection to sync server.
10:51:36.305 No connection to sync server.
10:52:36.321 No connection to sync server.
10:53:36.322 No connection to sync server.
10:54:36.331 No connection to sync server.
10:55:36.342 No connection to sync server.
10:56:36.353 No connection to sync server.
10:57:36.356 No connection to sync server.
10:58:36.373 No connection to sync server.
10:59:36.384 No connection to sync server.
11:00:36.381 No connection to sync server.
11:01:36.396 No connection to sync server.
11:02:36.397 No connection to sync server.
11:03:36.415 No connection to sync server.
11:04:36.414 No connection to sync server.
11:05:36.422 No connection to sync server.
11:06:36.435 No connection to sync server.
11:07:36.451 No connection to sync server.
11:08:36.461 No connection to sync server.
11:09:36.467 No connection to sync server.
11:10:36.473 No connection to sync server.
11:11:36.490 No connection to sync server.
11:12:36.491 No connection to sync server.
11:13:36.503 No connection to sync server.
11:14:36.515 No connection to sync server.
11:15:36.524 No connection to sync server.
11:16:36.528 No connection to sync server.
11:17:07.170 Table counts: notes: 308, revisions: 122, attachments: 64, branches: 311, attributes: 457, etapi_tokens: 0, blobs: 333
11:17:07.193 All consistency checks passed with no errors detected (took 24ms)
11:17:36.536 No connection to sync server.
11:18:36.541 No connection to sync server.
11:19:36.554 No connection to sync server.
11:20:36.558 No connection to sync server.
11:21:36.557 No connection to sync server.
11:22:36.578 No connection to sync server.
11:23:36.583 No connection to sync server.
11:24:36.628 No connection to sync server.
11:25:36.596 No connection to sync server.
11:26:36.615 No connection to sync server.
11:27:36.623 No connection to sync server.
11:28:36.630 No connection to sync server.
11:29:36.639 No connection to sync server.
11:30:36.644 No connection to sync server.
11:31:36.660 No connection to sync server.
11:32:36.656 No connection to sync server.
11:33:36.661 No connection to sync server.
11:34:36.674 No connection to sync server.
11:35:36.686 No connection to sync server.
11:36:36.705 No connection to sync server.
11:37:36.692 No connection to sync server.
11:38:36.717 No connection to sync server.
11:39:36.714 No connection to sync server.
11:40:36.725 No connection to sync server.
11:41:36.732 No connection to sync server.
11:42:36.740 No connection to sync server.
11:43:36.747 No connection to sync server.
11:44:36.757 No connection to sync server.
11:45:36.774 No connection to sync server.
11:46:36.783 No connection to sync server.
11:47:36.781 No connection to sync server.
11:48:36.799 No connection to sync server.
11:49:36.804 No connection to sync server.
11:50:36.812 No connection to sync server.
11:51:36.826 No connection to sync server.
11:52:36.838 No connection to sync server.
11:53:36.830 No connection to sync server.
11:54:36.852 No connection to sync server.
11:55:36.848 No connection to sync server.
11:56:36.864 No connection to sync server.
11:57:36.864 No connection to sync server.
11:58:36.895 No connection to sync server.
11:59:36.882 No connection to sync server.
12:00:36.896 No connection to sync server.
12:01:36.905 No connection to sync server.
12:02:36.909 No connection to sync server.
12:03:36.924 No connection to sync server.
12:04:36.926 No connection to sync server.
12:05:36.938 No connection to sync server.
12:06:37.011 No connection to sync server.
12:07:36.947 No connection to sync server.
12:08:36.966 No connection to sync server.
12:09:36.975 No connection to sync server.
12:10:36.978 No connection to sync server.
12:11:36.992 No connection to sync server.
12:12:36.985 No connection to sync server.
12:13:37.001 No connection to sync server.
12:14:37.011 No connection to sync server.
12:15:37.018 No connection to sync server.
12:16:37.016 No connection to sync server.
12:17:07.171 Table counts: notes: 308, revisions: 122, attachments: 64, branches: 311, attributes: 457, etapi_tokens: 0, blobs: 333
12:17:07.195 All consistency checks passed with no errors detected (took 25ms)
12:17:37.037 No connection to sync server.
12:18:37.039 No connection to sync server.
12:19:37.051 No connection to sync server.
12:20:37.062 No connection to sync server.
12:21:37.055 No connection to sync server.
12:22:37.074 No connection to sync server.
12:23:37.115 No connection to sync server.
12:24:37.088 No connection to sync server.
12:25:37.083 No connection to sync server.
12:26:37.102 No connection to sync server.
12:27:37.100 No connection to sync server.
12:28:37.118 No connection to sync server.
12:29:37.122 No connection to sync server.
12:30:37.119 No connection to sync server.
12:31:37.131 No connection to sync server.
12:32:37.146 No connection to sync server.
12:33:37.164 No connection to sync server.
12:34:37.168 No connection to sync server.
12:35:37.164 No connection to sync server.
12:36:37.178 No connection to sync server.
12:37:37.174 No connection to sync server.
12:38:37.184 No connection to sync server.
12:39:37.193 No connection to sync server.
12:40:37.202 No connection to sync server.
12:41:37.207 No connection to sync server.
12:42:37.216 No connection to sync server.
12:43:37.226 No connection to sync server.
12:44:37.264 No connection to sync server.
12:45:37.244 No connection to sync server.
12:46:37.249 No connection to sync server.
12:47:37.247 No connection to sync server.
12:48:37.267 No connection to sync server.
12:49:37.265 No connection to sync server.
12:50:37.288 No connection to sync server.
12:51:37.289 No connection to sync server.
12:52:37.292 No connection to sync server.
12:53:37.299 No connection to sync server.
12:54:37.314 No connection to sync server.
12:55:37.336 No connection to sync server.
12:56:37.320 No connection to sync server.
12:57:37.333 No connection to sync server.
12:58:37.340 No connection to sync server.
12:59:37.344 No connection to sync server.
13:00:37.357 No connection to sync server.
13:01:37.359 No connection to sync server.
13:02:37.365 No connection to sync server.
13:03:37.376 No connection to sync server.
13:04:37.388 No connection to sync server.
13:05:37.391 No connection to sync server.
13:06:37.398 No connection to sync server.
13:07:37.399 No connection to sync server.
13:08:37.414 No connection to sync server.
13:09:37.434 No connection to sync server.
13:10:37.422 No connection to sync server.
13:11:37.438 No connection to sync server.
13:12:37.433 No connection to sync server.
13:13:37.447 No connection to sync server.
13:14:03.093 Error: Router not found for request GET /pdown
13:14:37.454 No connection to sync server.
13:15:37.469 No connection to sync server.
13:16:37.468 No connection to sync server.
13:17:07.171 Table counts: notes: 308, revisions: 122, attachments: 64, branches: 311, attributes: 457, etapi_tokens: 0, blobs: 333
13:17:07.192 All consistency checks passed with no errors detected (took 22ms)
13:17:37.489 No connection to sync server.
13:18:37.484 No connection to sync server.
13:19:37.489 No connection to sync server.
13:20:37.533 No connection to sync server.
13:21:37.503 No connection to sync server.
13:22:37.509 No connection to sync server.
13:23:37.506 No connection to sync server.
13:24:37.516 No connection to sync server.
13:25:37.520 No connection to sync server.
13:26:37.538 No connection to sync server.
13:27:37.537 No connection to sync server.
13:28:37.551 No connection to sync server.
13:29:37.570 No connection to sync server.
13:30:37.560 No connection to sync server.
13:31:37.565 No connection to sync server.
13:32:37.573 No connection to sync server.
13:33:37.573 No connection to sync server.
13:34:37.583 No connection to sync server.
13:35:37.593 No connection to sync server.
13:36:37.597 No connection to sync server.
13:37:37.604 No connection to sync server.
13:38:37.612 No connection to sync server.
13:39:37.618 No connection to sync server.
13:40:37.626 No connection to sync server.
13:41:37.631 No connection to sync server.
13:42:37.649 No connection to sync server.
13:43:37.640 No connection to sync server.
13:44:37.645 No connection to sync server.
13:45:37.651 No connection to sync server.
13:46:37.654 No connection to sync server.
13:47:37.675 No connection to sync server.
13:48:37.668 No connection to sync server.
13:49:37.685 No connection to sync server.
13:50:37.672 No connection to sync server.
13:51:37.685 No connection to sync server.
13:52:37.690 No connection to sync server.
13:53:37.697 No connection to sync server.
13:54:37.701 No connection to sync server.
13:55:37.720 No connection to sync server.
13:56:37.709 No connection to sync server.
13:57:37.721 No connection to sync server.
13:58:37.734 No connection to sync server.
13:59:37.743 No connection to sync server.
14:00:37.742 No connection to sync server.
14:01:37.751 No connection to sync server.
14:02:37.762 No connection to sync server.
14:03:37.768 No connection to sync server.
14:04:37.768 No connection to sync server.
14:05:37.779 No connection to sync server.
14:06:37.792 No connection to sync server.
14:07:37.798 No connection to sync server.
14:08:37.794 No connection to sync server.
14:09:37.800 No connection to sync server.
14:10:37.811 No connection to sync server.
14:11:37.824 No connection to sync server.
14:12:37.816 No connection to sync server.
14:13:37.821 No connection to sync server.
14:14:37.818 No connection to sync server.
14:15:37.833 No connection to sync server.
14:16:37.827 No connection to sync server.
14:17:07.171 Table counts: notes: 308, revisions: 122, attachments: 64, branches: 311, attributes: 457, etapi_tokens: 0, blobs: 333
14:17:07.198 All consistency checks passed with no errors detected (took 28ms)
14:17:37.847 No connection to sync server.
14:18:37.851 No connection to sync server.
14:19:37.857 No connection to sync server.
14:20:37.862 No connection to sync server.
14:21:37.869 No connection to sync server.
14:22:37.876 No connection to sync server.
14:23:37.876 No connection to sync server.
14:24:37.883 No connection to sync server.
14:25:37.888 No connection to sync server.
14:26:37.898 No connection to sync server.
14:27:37.921 No connection to sync server.
14:28:37.909 No connection to sync server.
14:29:37.912 No connection to sync server.
14:30:37.918 No connection to sync server.
14:31:37.928 No connection to sync server.
14:32:37.939 No connection to sync server.
14:33:37.952 No connection to sync server.
14:34:37.948 No connection to sync server.
14:35:37.957 No connection to sync server.
14:36:37.963 No connection to sync server.
14:37:37.957 No connection to sync server.
14:38:37.962 No connection to sync server.
14:39:37.970 No connection to sync server.
14:40:37.973 No connection to sync server.
14:41:37.983 No connection to sync server.
14:42:37.982 No connection to sync server.
14:43:37.987 No connection to sync server.
14:44:37.993 No connection to sync server.
14:45:38.000 No connection to sync server.
14:46:38.008 No connection to sync server.
14:47:38.011 No connection to sync server.
14:48:38.013 No connection to sync server.
14:49:38.026 No connection to sync server.
14:50:38.021 No connection to sync server.
14:51:38.025 No connection to sync server.
14:52:38.037 No connection to sync server.
14:53:38.045 No connection to sync server.
14:54:38.049 No connection to sync server.
14:55:38.051 No connection to sync server.
14:56:38.050 No connection to sync server.
14:57:38.058 No connection to sync server.
14:58:38.066 No connection to sync server.
14:59:38.070 No connection to sync server.
15:00:38.080 No connection to sync server.
15:01:38.073 No connection to sync server.
15:02:38.080 No connection to sync server.
15:03:38.096 No connection to sync server.
15:04:38.091 No connection to sync server.
15:05:38.091 No connection to sync server.
15:06:38.113 No connection to sync server.
15:07:38.104 No connection to sync server.
15:08:38.111 No connection to sync server.
15:09:38.128 No connection to sync server.
15:10:38.127 No connection to sync server.
15:11:38.128 No connection to sync server.
15:12:38.139 No connection to sync server.
15:13:38.145 No connection to sync server.
15:14:38.141 No connection to sync server.
15:15:38.142 No connection to sync server.
15:16:38.148 No connection to sync server.
15:17:07.172 Table counts: notes: 308, revisions: 122, attachments: 64, branches: 311, attributes: 457, etapi_tokens: 0, blobs: 333
15:17:07.199 All consistency checks passed with no errors detected (took 27ms)
15:17:38.164 No connection to sync server.
15:18:38.167 No connection to sync server.
15:19:38.164 No connection to sync server.
15:20:38.167 No connection to sync server.
15:21:38.185 No connection to sync server.
15:22:38.183 No connection to sync server.
15:23:38.184 No connection to sync server.
15:24:38.189 No connection to sync server.
15:25:38.190 No connection to sync server.
15:26:38.214 No connection to sync server.
15:27:38.221 No connection to sync server.
15:28:38.200 No connection to sync server.
15:29:38.214 No connection to sync server.
15:30:38.221 No connection to sync server.
15:31:38.213 No connection to sync server.
15:32:38.223 No connection to sync server.
15:33:38.230 No connection to sync server.
15:34:38.224 No connection to sync server.
15:35:38.230 No connection to sync server.
15:36:38.248 No connection to sync server.
15:37:38.244 No connection to sync server.
15:38:38.254 No connection to sync server.
15:39:38.250 No connection to sync server.
15:40:38.258 No connection to sync server.
15:41:38.263 No connection to sync server.
15:42:38.269 No connection to sync server.
15:43:38.272 No connection to sync server.
15:44:38.285 No connection to sync server.
15:45:38.276 No connection to sync server.
15:46:38.291 No connection to sync server.
15:47:38.284 No connection to sync server.
15:48:38.293 No connection to sync server.
15:49:38.294 No connection to sync server.
15:50:38.303 No connection to sync server.
15:51:38.302 No connection to sync server.
15:52:38.329 No connection to sync server.
15:53:38.321 No connection to sync server.
15:54:38.316 No connection to sync server.
15:55:38.317 No connection to sync server.
15:56:38.331 No connection to sync server.
15:57:38.331 No connection to sync server.
15:58:38.331 No connection to sync server.
15:59:38.353 No connection to sync server.
16:00:38.344 No connection to sync server.
16:01:38.350 No connection to sync server.
16:02:38.368 No connection to sync server.
16:03:38.374 No connection to sync server.
16:04:38.364 No connection to sync server.
16:05:38.364 No connection to sync server.
16:06:38.381 No connection to sync server.
16:07:38.376 No connection to sync server.
16:08:38.372 No connection to sync server.
16:09:38.379 No connection to sync server.
16:10:38.380 No connection to sync server.
16:11:38.387 No connection to sync server.
16:12:38.393 No connection to sync server.
16:13:38.393 No connection to sync server.
16:14:38.407 No connection to sync server.
16:15:38.399 No connection to sync server.
16:16:38.414 No connection to sync server.
16:17:07.173 Table counts: notes: 308, revisions: 122, attachments: 64, branches: 311, attributes: 457, etapi_tokens: 0, blobs: 333
16:17:07.195 All consistency checks passed with no errors detected (took 22ms)
16:17:38.405 No connection to sync server.
16:18:38.419 No connection to sync server.
16:19:38.418 No connection to sync server.
16:20:38.430 No connection to sync server.
16:21:38.430 No connection to sync server.
16:22:38.430 No connection to sync server.
16:23:38.425 No connection to sync server.
16:24:38.436 No connection to sync server.
16:25:38.429 No connection to sync server.
16:26:38.445 No connection to sync server.
16:27:38.438 No connection to sync server.
16:28:38.441 No connection to sync server.
16:29:38.446 No connection to sync server.
16:30:38.458 No connection to sync server.
16:31:38.453 No connection to sync server.
16:32:38.449 No connection to sync server.
16:33:38.463 No connection to sync server.
16:34:38.455 No connection to sync server.
16:35:38.456 No connection to sync server.
16:36:38.474 No connection to sync server.
16:37:38.479 No connection to sync server.
16:38:38.479 No connection to sync server.
16:39:38.476 No connection to sync server.
16:40:38.482 No connection to sync server.
16:41:38.480 No connection to sync server.
16:42:38.491 No connection to sync server.
16:43:38.491 No connection to sync server.
16:44:38.497 No connection to sync server.
16:45:38.499 No connection to sync server.
16:46:38.495 No connection to sync server.
16:47:38.503 No connection to sync server.
16:48:38.502 No connection to sync server.
16:49:38.503 No connection to sync server.
16:50:38.513 No connection to sync server.
16:51:38.515 No connection to sync server.
16:52:38.520 No connection to sync server.
16:53:38.516 No connection to sync server.
16:54:38.528 No connection to sync server.
16:55:38.519 No connection to sync server.
16:56:38.522 No connection to sync server.
16:57:38.520 No connection to sync server.
16:58:38.528 No connection to sync server.
16:59:38.533 No connection to sync server.
17:00:38.528 No connection to sync server.
17:01:38.528 No connection to sync server.
17:02:38.533 No connection to sync server.
17:03:38.537 No connection to sync server.
17:04:38.535 No connection to sync server.
17:05:38.556 No connection to sync server.
17:06:38.537 No connection to sync server.
17:07:38.549 No connection to sync server.
17:08:38.546 No connection to sync server.
17:09:38.548 No connection to sync server.
17:10:38.540 No connection to sync server.
17:11:38.556 No connection to sync server.
17:12:38.549 No connection to sync server.
17:13:38.551 No connection to sync server.
17:14:38.556 No connection to sync server.
17:15:38.559 No connection to sync server.
17:16:38.549 No connection to sync server.
17:17:07.173 Table counts: notes: 308, revisions: 122, attachments: 64, branches: 311, attributes: 457, etapi_tokens: 0, blobs: 333
17:17:07.195 All consistency checks passed with no errors detected (took 23ms)
17:17:38.557 No connection to sync server.
17:18:38.568 No connection to sync server.
17:19:38.562 No connection to sync server.
17:20:38.559 No connection to sync server.
17:21:38.565 No connection to sync server.
17:22:38.565 No connection to sync server.
17:23:38.560 No connection to sync server.
17:24:38.566 No connection to sync server.
17:25:38.567 No connection to sync server.
17:26:38.560 No connection to sync server.
17:27:38.569 No connection to sync server.
17:28:38.580 No connection to sync server.
17:29:38.570 No connection to sync server.
17:30:38.575 No connection to sync server.
17:31:38.573 No connection to sync server.
17:32:38.580 No connection to sync server.
17:33:38.575 No connection to sync server.
17:34:38.566 No connection to sync server.
17:35:38.575 No connection to sync server.
17:36:38.577 No connection to sync server.
17:37:38.576 No connection to sync server.
17:38:38.583 No connection to sync server.
17:39:38.576 No connection to sync server.
17:40:38.581 No connection to sync server.
17:41:38.576 No connection to sync server.
17:42:38.569 No connection to sync server.
17:43:38.610 No connection to sync server.
17:44:38.609 No connection to sync server.
17:45:38.642 No connection to sync server.
17:46:38.651 No connection to sync server.
17:47:38.661 No connection to sync server.
17:48:38.680 No connection to sync server.
17:49:38.703 No connection to sync server.
17:50:38.717 No connection to sync server.
17:51:38.733 No connection to sync server.
17:52:38.739 No connection to sync server.
17:53:38.772 No connection to sync server.
17:54:38.770 No connection to sync server.
17:55:38.803 No connection to sync server.
17:56:38.805 No connection to sync server.
17:57:38.837 No connection to sync server.
17:58:38.848 No connection to sync server.
17:59:38.869 No connection to sync server.
18:00:38.874 No connection to sync server.
18:01:38.900 No connection to sync server.
18:02:38.898 No connection to sync server.
18:03:38.929 No connection to sync server.
18:04:38.937 No connection to sync server.
18:05:38.960 No connection to sync server.
18:06:38.962 No connection to sync server.
18:07:39.009 No connection to sync server.
18:08:38.995 No connection to sync server.
18:09:39.035 No connection to sync server.
18:10:39.028 No connection to sync server.
18:11:39.067 No connection to sync server.
18:12:39.060 No connection to sync server.
18:13:39.097 No connection to sync server.
18:14:39.100 No connection to sync server.
18:15:39.098 No connection to sync server.
18:16:39.139 No connection to sync server.
18:17:07.174 Table counts: notes: 308, revisions: 122, attachments: 64, branches: 311, attributes: 457, etapi_tokens: 0, blobs: 333
18:17:07.199 All consistency checks passed with no errors detected (took 26ms)
18:17:39.135 No connection to sync server.
18:18:39.160 No connection to sync server.
18:19:39.160 No connection to sync server.
18:20:39.196 No connection to sync server.
18:21:39.204 No connection to sync server.
18:22:39.224 No connection to sync server.
18:23:39.236 No connection to sync server.
18:24:39.237 No connection to sync server.
18:25:39.257 No connection to sync server.
18:26:39.271 No connection to sync server.
18:27:39.266 No connection to sync server.
18:28:39.304 No connection to sync server.
18:29:39.295 No connection to sync server.
18:30:39.339 No connection to sync server.
18:31:39.333 No connection to sync server.
18:32:39.350 No connection to sync server.
18:33:39.364 No connection to sync server.
18:34:39.388 No connection to sync server.
18:35:39.397 No connection to sync server.
18:36:39.420 No connection to sync server.
18:37:39.443 No connection to sync server.
18:38:39.453 No connection to sync server.
18:39:39.454 No connection to sync server.
18:40:39.482 No connection to sync server.
18:41:39.487 No connection to sync server.
18:42:39.482 No connection to sync server.
18:43:39.529 No connection to sync server.
18:44:39.523 No connection to sync server.
18:45:39.556 No connection to sync server.
18:46:39.557 No connection to sync server.
18:47:39.573 No connection to sync server.
18:48:39.582 No connection to sync server.
18:49:39.610 No connection to sync server.
18:50:39.600 No connection to sync server.
18:51:39.634 No connection to sync server.
18:52:39.640 No connection to sync server.
18:53:39.679 No connection to sync server.
18:54:39.677 No connection to sync server.
18:55:39.685 No connection to sync server.
18:56:39.704 No connection to sync server.
18:57:39.722 No connection to sync server.
18:58:39.738 No connection to sync server.
18:59:39.754 No connection to sync server.
19:00:39.782 No connection to sync server.
19:01:39.782 No connection to sync server.
19:02:39.792 No connection to sync server.
19:03:39.830 No connection to sync server.
19:04:39.829 No connection to sync server.
19:05:39.856 No connection to sync server.
19:06:39.859 No connection to sync server.
19:07:39.885 No connection to sync server.
19:08:39.890 No connection to sync server.
19:09:39.918 No connection to sync server.
19:10:39.927 No connection to sync server.
19:11:39.941 No connection to sync server.
19:12:39.962 No connection to sync server.
19:13:39.986 No connection to sync server.
19:14:39.985 No connection to sync server.
19:15:40.010 No connection to sync server.
19:16:40.011 No connection to sync server.
19:17:07.174 Table counts: notes: 308, revisions: 122, attachments: 64, branches: 311, attributes: 457, etapi_tokens: 0, blobs: 333
19:17:07.199 All consistency checks passed with no errors detected (took 25ms)
19:17:40.048 No connection to sync server.
19:18:40.038 No connection to sync server.
19:19:40.061 No connection to sync server.
19:20:40.064 No connection to sync server.
19:21:40.090 No connection to sync server.
19:22:40.085 No connection to sync server.
19:23:40.118 No connection to sync server.
19:24:40.120 No connection to sync server.
19:25:40.176 No connection to sync server.
19:26:40.157 No connection to sync server.
19:27:40.151 No connection to sync server.
19:28:40.177 No connection to sync server.
19:29:40.187 No connection to sync server.
19:30:40.197 No connection to sync server.
19:31:40.228 No connection to sync server.
19:32:40.223 No connection to sync server.
19:33:40.242 No connection to sync server.
19:34:40.255 No connection to sync server.
19:35:40.274 No connection to sync server.
19:36:40.290 No connection to sync server.
19:37:40.306 No connection to sync server.
19:38:40.332 No connection to sync server.
19:39:40.342 No connection to sync server.
19:40:40.360 No connection to sync server.
19:41:40.387 No connection to sync server.
19:42:40.368 No connection to sync server.
19:43:40.416 No connection to sync server.
19:44:40.405 No connection to sync server.
19:45:40.430 No connection to sync server.
19:46:40.436 No connection to sync server.
19:47:40.454 No connection to sync server.
19:48:40.484 No connection to sync server.
19:49:40.475 No connection to sync server.
19:50:40.502 No connection to sync server.
19:51:40.509 No connection to sync server.
19:52:40.528 No connection to sync server.
19:53:40.542 No connection to sync server.
19:54:40.565 No connection to sync server.
19:55:40.568 No connection to sync server.
19:56:40.597 No connection to sync server.
19:57:40.601 No connection to sync server.
19:58:40.635 No connection to sync server.
19:59:40.636 No connection to sync server.
20:00:40.659 No connection to sync server.
20:01:40.669 No connection to sync server.
20:02:40.674 No connection to sync server.
20:03:40.701 No connection to sync server.
20:04:40.704 No connection to sync server.
20:05:40.735 No connection to sync server.
20:06:40.728 No connection to sync server.
20:07:40.757 No connection to sync server.
20:08:40.769 No connection to sync server.
20:09:40.798 No connection to sync server.
20:10:40.801 No connection to sync server.
20:11:40.838 No connection to sync server.
20:12:40.836 No connection to sync server.
20:13:40.857 No connection to sync server.
20:14:40.868 No connection to sync server.
20:15:40.889 No connection to sync server.
20:16:40.901 No connection to sync server.
20:17:06.700 Optimizing database
20:17:06.702 Optimization finished in 1ms.
20:17:07.175 Table counts: notes: 308, revisions: 122, attachments: 64, branches: 311, attributes: 457, etapi_tokens: 0, blobs: 333
20:17:07.204 All consistency checks passed with no errors detected (took 30ms)
20:17:40.921 No connection to sync server.
20:18:40.920 No connection to sync server.
20:19:40.937 No connection to sync server.
20:20:40.937 No connection to sync server.
20:21:40.978 No connection to sync server.
20:22:40.976 No connection to sync server.
20:23:40.974 No connection to sync server.
20:24:41.013 No connection to sync server.
20:25:41.013 No connection to sync server.
20:26:41.052 No connection to sync server.
20:27:41.050 No connection to sync server.
20:28:41.072 No connection to sync server.
20:29:41.073 No connection to sync server.
20:30:41.108 No connection to sync server.
20:31:41.110 No connection to sync server.
20:32:41.131 No connection to sync server.
20:33:41.146 No connection to sync server.
20:34:41.133 No connection to sync server.
20:35:41.181 No connection to sync server.
20:36:41.169 No connection to sync server.
20:37:41.209 No connection to sync server.
20:38:41.211 No connection to sync server.
20:39:41.229 No connection to sync server.
20:40:41.248 No connection to sync server.
20:41:41.261 No connection to sync server.
20:42:41.276 No connection to sync server.
20:43:41.302 No connection to sync server.
20:44:41.300 No connection to sync server.
20:45:41.325 No connection to sync server.
20:46:41.328 No connection to sync server.
20:47:41.358 No connection to sync server.
20:48:41.362 No connection to sync server.
20:49:41.386 No connection to sync server.
20:50:41.409 No connection to sync server.
20:51:41.422 No connection to sync server.
20:52:41.424 No connection to sync server.
20:53:41.432 No connection to sync server.
20:54:41.447 No connection to sync server.
20:55:41.439 No connection to sync server.
20:56:41.470 No connection to sync server.
20:57:41.473 No connection to sync server.
20:58:41.503 No connection to sync server.
20:59:41.505 No connection to sync server.
21:00:41.541 No connection to sync server.
21:01:41.540 No connection to sync server.
21:02:41.552 No connection to sync server.
21:03:41.568 No connection to sync server.
21:04:41.570 No connection to sync server.
21:05:41.609 No connection to sync server.
21:06:41.595 No connection to sync server.
21:07:41.631 No connection to sync server.
21:08:41.635 No connection to sync server.
21:09:41.656 No connection to sync server.
21:10:41.654 No connection to sync server.
21:11:41.687 No connection to sync server.
21:12:41.690 No connection to sync server.
21:13:41.721 No connection to sync server.
21:14:41.725 No connection to sync server.
21:15:41.751 No connection to sync server.
21:16:41.752 No connection to sync server.
21:17:07.175 Table counts: notes: 308, revisions: 122, attachments: 64, branches: 311, attributes: 457, etapi_tokens: 0, blobs: 333
21:17:07.209 All consistency checks passed with no errors detected (took 35ms)
21:17:41.775 No connection to sync server.
21:18:41.796 No connection to sync server.
21:19:41.806 No connection to sync server.
21:20:41.820 No connection to sync server.
21:21:41.843 No connection to sync server.
21:22:41.851 No connection to sync server.
21:23:41.874 No connection to sync server.
21:24:41.876 No connection to sync server.
21:25:41.896 No connection to sync server.
21:26:41.916 No connection to sync server.
21:27:41.934 No connection to sync server.
21:28:41.940 No connection to sync server.
21:29:41.971 No connection to sync server.
21:30:41.971 No connection to sync server.
21:31:41.986 No connection to sync server.
21:32:41.996 No connection to sync server.
21:33:42.022 No connection to sync server.
21:34:42.028 No connection to sync server.
21:35:42.052 No connection to sync server.
21:36:42.059 No connection to sync server.
21:37:42.066 No connection to sync server.
21:38:42.086 No connection to sync server.
21:39:42.103 No connection to sync server.
21:40:42.127 No connection to sync server.
21:41:42.130 No connection to sync server.
21:42:42.147 No connection to sync server.
21:43:42.144 No connection to sync server.
21:44:42.170 No connection to sync server.
21:45:42.181 No connection to sync server.
21:46:42.193 No connection to sync server.
21:47:42.197 No connection to sync server.
21:48:42.210 No connection to sync server.
21:49:42.207 No connection to sync server.
21:50:42.223 No connection to sync server.
21:51:42.247 No connection to sync server.
21:52:42.248 No connection to sync server.
21:53:42.281 No connection to sync server.
21:54:42.271 No connection to sync server.
21:55:42.305 No connection to sync server.
21:56:42.301 No connection to sync server.
21:57:42.335 No connection to sync server.
21:58:42.329 No connection to sync server.
21:59:42.341 No connection to sync server.
22:00:42.349 No connection to sync server.
22:01:42.371 No connection to sync server.
22:02:42.385 No connection to sync server.
22:03:42.405 No connection to sync server.
22:04:42.421 No connection to sync server.
22:05:42.433 No connection to sync server.
22:06:42.434 No connection to sync server.
22:07:42.471 No connection to sync server.
22:08:42.472 No connection to sync server.
22:09:42.473 No connection to sync server.
22:10:42.504 No connection to sync server.
22:11:42.512 No connection to sync server.
22:12:42.542 No connection to sync server.
22:13:42.542 No connection to sync server.
22:14:42.565 No connection to sync server.
22:15:42.570 No connection to sync server.
22:16:42.597 No connection to sync server.
22:17:07.174 Table counts: notes: 308, revisions: 122, attachments: 64, branches: 311, attributes: 457, etapi_tokens: 0, blobs: 333
22:17:07.198 All consistency checks passed with no errors detected (took 24ms)
22:17:42.598 No connection to sync server.
22:18:42.620 No connection to sync server.
22:19:42.624 No connection to sync server.
22:20:42.648 No connection to sync server.
22:21:42.656 No connection to sync server.
22:22:42.693 No connection to sync server.
22:23:42.681 No connection to sync server.
22:24:42.713 No connection to sync server.
22:25:42.720 No connection to sync server.
22:26:42.751 No connection to sync server.
22:27:42.778 No connection to sync server.
22:28:42.777 No connection to sync server.
22:29:42.800 No connection to sync server.
22:30:42.802 No connection to sync server.
22:31:42.824 No connection to sync server.
22:32:42.826 No connection to sync server.
22:33:42.856 No connection to sync server.
22:34:42.862 No connection to sync server.
22:35:42.886 No connection to sync server.
22:36:42.893 No connection to sync server.
22:37:42.911 No connection to sync server.
22:38:42.921 No connection to sync server.
22:39:42.936 No connection to sync server.
22:40:42.952 No connection to sync server.
22:41:42.975 No connection to sync server.
22:42:42.982 No connection to sync server.
22:43:43.004 No connection to sync server.
22:44:43.005 No connection to sync server.
22:45:43.046 No connection to sync server.
22:46:43.038 No connection to sync server.
22:47:43.066 No connection to sync server.
22:48:43.062 No connection to sync server.
22:49:43.096 No connection to sync server.
22:50:43.107 No connection to sync server.
22:51:43.113 No connection to sync server.
22:52:43.119 No connection to sync server.
22:53:43.124 No connection to sync server.
22:54:43.150 No connection to sync server.
22:55:43.167 No connection to sync server.
22:56:43.176 No connection to sync server.
22:57:43.180 No connection to sync server.
22:58:43.215 No connection to sync server.
22:59:43.215 No connection to sync server.
23:00:43.232 No connection to sync server.
23:01:43.242 No connection to sync server.
23:02:43.260 No connection to sync server.
23:03:43.254 No connection to sync server.
23:04:43.302 No connection to sync server.
23:05:43.293 No connection to sync server.
23:06:43.302 No connection to sync server.
23:07:43.322 No connection to sync server.
23:08:43.336 No connection to sync server.
23:09:43.342 No connection to sync server.
23:10:43.360 No connection to sync server.
23:11:43.380 No connection to sync server.
23:12:43.389 No connection to sync server.
23:13:43.411 No connection to sync server.
23:14:43.422 No connection to sync server.
23:15:43.441 No connection to sync server.
23:16:43.452 No connection to sync server.
23:17:07.176 Table counts: notes: 308, revisions: 122, attachments: 64, branches: 311, attributes: 457, etapi_tokens: 0, blobs: 333
23:17:07.196 All consistency checks passed with no errors detected (took 20ms)
23:17:43.473 No connection to sync server.
23:18:43.479 No connection to sync server.
23:19:43.493 No connection to sync server.
23:20:43.506 No connection to sync server.
23:21:43.531 No connection to sync server.
23:22:43.542 No connection to sync server.
23:23:43.553 No connection to sync server.
23:24:43.564 No connection to sync server.
23:25:43.579 No connection to sync server.
23:26:43.592 No connection to sync server.
23:27:43.615 No connection to sync server.
23:28:43.605 No connection to sync server.
23:29:43.645 No connection to sync server.
23:30:43.651 No connection to sync server.
23:31:43.666 No connection to sync server.
23:32:43.661 No connection to sync server.
23:33:43.693 No connection to sync server.
23:34:43.704 No connection to sync server.
23:35:43.721 No connection to sync server.
23:36:43.728 No connection to sync server.
23:37:43.749 No connection to sync server.
23:38:43.749 No connection to sync server.
23:39:43.774 No connection to sync server.
23:40:43.781 No connection to sync server.
23:41:43.812 No connection to sync server.
23:42:43.822 No connection to sync server.
23:43:43.834 No connection to sync server.
23:44:43.846 No connection to sync server.
23:45:43.864 No connection to sync server.
23:46:43.874 No connection to sync server.
23:47:43.889 No connection to sync server.
23:48:43.907 No connection to sync server.
23:49:43.920 No connection to sync server.
23:50:43.939 No connection to sync server.
23:51:43.942 No connection to sync server.
23:52:43.961 No connection to sync server.
23:53:43.981 No connection to sync server.
23:54:43.995 No connection to sync server.
23:55:44.003 No connection to sync server.
23:56:44.023 No connection to sync server.
23:57:44.043 No connection to sync server.
23:58:44.052 No connection to sync server.
23:59:44.066 No connection to sync server.
