00:21:59.772 Table counts: notes: 286, revisions: 17, attachments: 40, branches: 290, attributes: 441, etapi_tokens: 0, blobs: 226
00:21:59.781 All consistency checks passed with no errors detected (took 9ms)
01:21:59.772 Table counts: notes: 286, revisions: 17, attachments: 40, branches: 290, attributes: 441, etapi_tokens: 0, blobs: 226
01:21:59.783 All consistency checks passed with no errors detected (took 12ms)
02:21:59.800 Table counts: notes: 286, revisions: 17, attachments: 40, branches: 290, attributes: 441, etapi_tokens: 0, blobs: 226
02:21:59.814 All consistency checks passed with no errors detected (took 15ms)
03:21:59.822 Table counts: notes: 286, revisions: 17, attachments: 40, branches: 290, attributes: 441, etapi_tokens: 0, blobs: 226
03:21:59.834 All consistency checks passed with no errors detected (took 12ms)
04:21:59.846 Table counts: notes: 286, revisions: 17, attachments: 40, branches: 290, attributes: 441, etapi_tokens: 0, blobs: 226
04:21:59.859 All consistency checks passed with no errors detected (took 14ms)
05:21:58.890 Optimizing database
05:21:58.892 Optimization finished in 0ms.
05:21:59.847 Table counts: notes: 286, revisions: 17, attachments: 40, branches: 290, attributes: 441, etapi_tokens: 0, blobs: 226
05:21:59.861 All consistency checks passed with no errors detected (took 15ms)
06:21:59.869 Table counts: notes: 286, revisions: 17, attachments: 40, branches: 290, attributes: 441, etapi_tokens: 0, blobs: 226
06:21:59.878 All consistency checks passed with no errors detected (took 9ms)
07:21:59.891 Table counts: notes: 286, revisions: 17, attachments: 40, branches: 290, attributes: 441, etapi_tokens: 0, blobs: 226
07:21:59.901 All consistency checks passed with no errors detected (took 10ms)
07:27:51.703 Error: Router not found for request GET /.git/config
08:21:59.892 Table counts: notes: 286, revisions: 17, attachments: 40, branches: 290, attributes: 441, etapi_tokens: 0, blobs: 226
08:21:59.906 All consistency checks passed with no errors detected (took 14ms)
09:21:59.892 Table counts: notes: 286, revisions: 17, attachments: 40, branches: 290, attributes: 441, etapi_tokens: 0, blobs: 226
09:21:59.905 All consistency checks passed with no errors detected (took 13ms)
10:21:59.912 Table counts: notes: 286, revisions: 17, attachments: 40, branches: 290, attributes: 441, etapi_tokens: 0, blobs: 226
10:21:59.929 All consistency checks passed with no errors detected (took 17ms)
11:21:59.916 Table counts: notes: 286, revisions: 17, attachments: 40, branches: 290, attributes: 441, etapi_tokens: 0, blobs: 226
11:21:59.925 All consistency checks passed with no errors detected (took 9ms)
12:21:59.934 Table counts: notes: 286, revisions: 17, attachments: 40, branches: 290, attributes: 441, etapi_tokens: 0, blobs: 226
12:21:59.944 All consistency checks passed with no errors detected (took 11ms)
13:21:59.934 Table counts: notes: 286, revisions: 17, attachments: 40, branches: 290, attributes: 441, etapi_tokens: 0, blobs: 226
13:21:59.945 All consistency checks passed with no errors detected (took 12ms)
14:21:59.948 Table counts: notes: 286, revisions: 17, attachments: 40, branches: 290, attributes: 441, etapi_tokens: 0, blobs: 226
14:21:59.960 All consistency checks passed with no errors detected (took 12ms)
15:21:58.899 Optimizing database
15:21:58.903 Optimization finished in 2ms.
15:21:59.949 Table counts: notes: 286, revisions: 17, attachments: 40, branches: 290, attributes: 441, etapi_tokens: 0, blobs: 226
15:21:59.965 All consistency checks passed with no errors detected (took 17ms)
16:21:59.958 Table counts: notes: 286, revisions: 17, attachments: 40, branches: 290, attributes: 441, etapi_tokens: 0, blobs: 226
16:21:59.972 All consistency checks passed with no errors detected (took 14ms)
17:21:59.959 Table counts: notes: 286, revisions: 17, attachments: 40, branches: 290, attributes: 441, etapi_tokens: 0, blobs: 226
17:21:59.967 All consistency checks passed with no errors detected (took 8ms)
18:21:59.966 Table counts: notes: 286, revisions: 17, attachments: 40, branches: 290, attributes: 441, etapi_tokens: 0, blobs: 226
18:21:59.974 All consistency checks passed with no errors detected (took 9ms)
19:21:59.970 Table counts: notes: 286, revisions: 17, attachments: 40, branches: 290, attributes: 441, etapi_tokens: 0, blobs: 226
19:21:59.984 All consistency checks passed with no errors detected (took 15ms)
20:21:59.971 Table counts: notes: 286, revisions: 17, attachments: 40, branches: 290, attributes: 441, etapi_tokens: 0, blobs: 226
20:21:59.984 All consistency checks passed with no errors detected (took 12ms)
21:21:59.971 Table counts: notes: 286, revisions: 17, attachments: 40, branches: 290, attributes: 441, etapi_tokens: 0, blobs: 226
21:21:59.985 All consistency checks passed with no errors detected (took 14ms)
22:21:59.977 Table counts: notes: 286, revisions: 17, attachments: 40, branches: 290, attributes: 441, etapi_tokens: 0, blobs: 226
22:21:59.985 All consistency checks passed with no errors detected (took 8ms)
23:21:59.989 Table counts: notes: 286, revisions: 17, attachments: 40, branches: 290, attributes: 441, etapi_tokens: 0, blobs: 226
23:21:59.998 All consistency checks passed with no errors detected (took 10ms)
