00:00:29.666 No connection to sync server.
00:01:29.670 No connection to sync server.
00:02:29.685 No connection to sync server.
00:03:29.722 No connection to sync server.
00:04:29.713 No connection to sync server.
00:05:29.716 No connection to sync server.
00:06:29.731 No connection to sync server.
00:07:29.732 No connection to sync server.
00:08:29.737 No connection to sync server.
00:09:29.899 No connection to sync server.
00:10:29.757 No connection to sync server.
00:11:29.767 No connection to sync server.
00:12:29.777 No connection to sync server.
00:13:29.782 No connection to sync server.
00:14:29.777 No connection to sync server.
00:15:29.784 No connection to sync server.
00:16:29.793 No connection to sync server.
00:17:07.382 Table counts: notes: 308, revisions: 122, attachments: 64, branches: 311, attributes: 457, etapi_tokens: 0, blobs: 333
00:17:07.398 All consistency checks passed with no errors detected (took 17ms)
00:17:29.800 No connection to sync server.
00:18:29.819 No connection to sync server.
00:19:29.843 No connection to sync server.
00:20:29.834 No connection to sync server.
00:21:29.833 No connection to sync server.
00:22:29.840 No connection to sync server.
00:23:29.860 No connection to sync server.
00:24:29.861 No connection to sync server.
00:25:29.872 No connection to sync server.
00:26:29.877 No connection to sync server.
00:27:29.887 No connection to sync server.
00:28:29.884 No connection to sync server.
00:29:29.908 No connection to sync server.
00:30:29.909 No connection to sync server.
00:31:29.914 No connection to sync server.
00:32:29.921 No connection to sync server.
00:33:29.935 No connection to sync server.
00:34:29.940 No connection to sync server.
00:35:29.939 No connection to sync server.
00:36:29.949 No connection to sync server.
00:37:30.059 No connection to sync server.
00:38:29.967 No connection to sync server.
00:39:29.975 No connection to sync server.
00:40:29.995 No connection to sync server.
00:41:29.997 No connection to sync server.
00:42:29.998 No connection to sync server.
00:43:30.011 No connection to sync server.
00:44:30.020 No connection to sync server.
00:45:30.035 No connection to sync server.
00:46:30.136 No connection to sync server.
00:47:30.055 No connection to sync server.
00:48:30.075 No connection to sync server.
00:49:30.063 No connection to sync server.
00:50:30.079 No connection to sync server.
00:51:30.081 No connection to sync server.
00:52:30.089 No connection to sync server.
00:53:30.093 No connection to sync server.
00:54:30.097 No connection to sync server.
00:55:30.103 No connection to sync server.
00:56:30.116 No connection to sync server.
00:57:30.120 No connection to sync server.
00:58:30.128 No connection to sync server.
00:59:30.139 No connection to sync server.
01:00:30.160 No connection to sync server.
01:01:30.145 No connection to sync server.
01:02:30.156 No connection to sync server.
01:03:30.162 No connection to sync server.
01:04:30.176 No connection to sync server.
01:05:30.178 No connection to sync server.
01:06:30.179 No connection to sync server.
01:07:30.183 No connection to sync server.
01:08:30.190 No connection to sync server.
01:09:30.208 No connection to sync server.
01:10:30.228 No connection to sync server.
01:11:30.225 No connection to sync server.
01:12:30.229 No connection to sync server.
01:13:30.232 No connection to sync server.
01:14:30.238 No connection to sync server.
01:15:30.258 No connection to sync server.
01:16:30.263 No connection to sync server.
01:17:07.383 Table counts: notes: 308, revisions: 122, attachments: 64, branches: 311, attributes: 457, etapi_tokens: 0, blobs: 333
01:17:07.409 All consistency checks passed with no errors detected (took 27ms)
01:17:30.269 No connection to sync server.
01:18:30.272 No connection to sync server.
01:19:30.271 No connection to sync server.
01:20:30.298 No connection to sync server.
01:21:30.298 No connection to sync server.
01:22:30.311 No connection to sync server.
01:23:30.318 No connection to sync server.
01:24:30.314 No connection to sync server.
01:25:30.334 No connection to sync server.
01:26:30.327 No connection to sync server.
01:27:30.337 No connection to sync server.
01:28:30.339 No connection to sync server.
01:29:30.345 No connection to sync server.
01:30:30.364 No connection to sync server.
01:31:30.370 No connection to sync server.
01:32:30.362 No connection to sync server.
01:33:30.371 No connection to sync server.
01:34:30.378 No connection to sync server.
01:35:30.392 No connection to sync server.
01:36:30.393 No connection to sync server.
01:37:30.405 No connection to sync server.
01:38:30.408 No connection to sync server.
01:39:30.418 No connection to sync server.
01:40:30.414 No connection to sync server.
01:41:30.477 No connection to sync server.
01:42:30.432 No connection to sync server.
01:43:30.449 No connection to sync server.
01:44:30.453 No connection to sync server.
01:45:30.462 No connection to sync server.
01:46:30.545 No connection to sync server.
01:47:30.470 No connection to sync server.
01:48:30.474 No connection to sync server.
01:49:30.480 No connection to sync server.
01:50:30.484 No connection to sync server.
01:51:30.492 No connection to sync server.
01:52:30.505 No connection to sync server.
01:53:30.508 No connection to sync server.
01:54:30.508 No connection to sync server.
01:55:30.521 No connection to sync server.
01:56:30.527 No connection to sync server.
01:57:30.540 No connection to sync server.
01:58:30.534 No connection to sync server.
01:59:30.555 No connection to sync server.
02:00:30.544 No connection to sync server.
02:01:30.552 No connection to sync server.
02:02:30.566 No connection to sync server.
02:03:30.562 No connection to sync server.
02:04:30.582 No connection to sync server.
02:05:30.602 No connection to sync server.
02:06:35.567 No connection to sync server.
02:07:30.582 No connection to sync server.
02:08:30.584 No connection to sync server.
02:09:30.597 No connection to sync server.
02:10:30.599 No connection to sync server.
02:11:30.597 No connection to sync server.
02:12:30.606 No connection to sync server.
02:13:30.610 No connection to sync server.
02:14:30.621 No connection to sync server.
02:15:30.616 No connection to sync server.
02:16:30.621 No connection to sync server.
02:17:07.383 Table counts: notes: 308, revisions: 122, attachments: 64, branches: 311, attributes: 457, etapi_tokens: 0, blobs: 333
02:17:07.406 All consistency checks passed with no errors detected (took 23ms)
02:17:30.635 No connection to sync server.
02:18:30.638 No connection to sync server.
02:19:30.645 No connection to sync server.
02:20:30.643 No connection to sync server.
02:21:30.659 No connection to sync server.
02:22:30.665 No connection to sync server.
02:23:30.669 No connection to sync server.
02:24:30.677 No connection to sync server.
02:25:30.683 No connection to sync server.
02:26:30.686 No connection to sync server.
02:27:30.697 No connection to sync server.
02:28:30.698 No connection to sync server.
02:29:30.702 No connection to sync server.
02:30:30.719 No connection to sync server.
02:31:30.707 No connection to sync server.
02:32:30.717 No connection to sync server.
02:33:30.722 No connection to sync server.
02:34:30.731 No connection to sync server.
02:35:30.735 No connection to sync server.
02:36:30.740 No connection to sync server.
02:37:30.742 No connection to sync server.
02:38:30.754 No connection to sync server.
02:39:30.763 No connection to sync server.
02:40:30.768 No connection to sync server.
02:41:30.764 No connection to sync server.
02:42:30.784 No connection to sync server.
02:43:30.792 No connection to sync server.
02:44:30.793 No connection to sync server.
02:45:30.785 No connection to sync server.
02:46:30.797 No connection to sync server.
02:47:30.793 No connection to sync server.
02:48:30.809 No connection to sync server.
02:49:30.798 No connection to sync server.
02:50:30.814 No connection to sync server.
02:51:30.807 No connection to sync server.
02:52:30.818 No connection to sync server.
02:53:30.829 No connection to sync server.
02:54:30.828 No connection to sync server.
02:55:30.842 No connection to sync server.
02:56:30.846 No connection to sync server.
02:57:30.852 No connection to sync server.
02:58:30.860 No connection to sync server.
02:59:30.860 No connection to sync server.
03:00:30.865 No connection to sync server.
03:01:30.867 No connection to sync server.
03:02:30.874 No connection to sync server.
03:03:30.890 No connection to sync server.
03:04:30.896 No connection to sync server.
03:05:30.898 No connection to sync server.
03:06:30.890 No connection to sync server.
03:07:30.904 No connection to sync server.
03:08:30.927 No connection to sync server.
03:09:30.921 No connection to sync server.
03:10:30.921 No connection to sync server.
03:11:30.922 No connection to sync server.
03:12:30.937 No connection to sync server.
03:13:30.945 No connection to sync server.
03:14:30.947 No connection to sync server.
03:15:30.949 No connection to sync server.
03:16:30.946 No connection to sync server.
03:17:07.396 Table counts: notes: 308, revisions: 122, attachments: 64, branches: 311, attributes: 457, etapi_tokens: 0, blobs: 333
03:17:07.419 All consistency checks passed with no errors detected (took 23ms)
03:17:30.953 No connection to sync server.
03:18:30.974 No connection to sync server.
03:19:30.973 No connection to sync server.
03:20:30.968 No connection to sync server.
03:21:30.969 No connection to sync server.
03:22:30.984 No connection to sync server.
03:23:30.987 No connection to sync server.
03:24:30.994 No connection to sync server.
03:25:30.990 No connection to sync server.
03:26:31.003 No connection to sync server.
03:27:31.002 No connection to sync server.
03:28:31.015 No connection to sync server.
03:29:31.015 No connection to sync server.
03:30:31.483 No connection to sync server.
03:31:31.020 No connection to sync server.
03:32:31.026 No connection to sync server.
03:33:31.046 No connection to sync server.
03:34:31.041 No connection to sync server.
03:35:31.049 No connection to sync server.
03:36:31.042 No connection to sync server.
03:37:31.047 No connection to sync server.
03:38:31.060 No connection to sync server.
03:39:31.068 No connection to sync server.
03:40:31.077 No connection to sync server.
03:41:31.070 No connection to sync server.
03:42:31.071 No connection to sync server.
03:43:31.079 No connection to sync server.
03:44:31.081 No connection to sync server.
03:45:31.079 No connection to sync server.
03:46:31.086 No connection to sync server.
03:47:31.093 No connection to sync server.
03:48:31.097 No connection to sync server.
03:49:31.116 No connection to sync server.
03:50:31.103 No connection to sync server.
03:51:31.118 No connection to sync server.
03:52:31.123 No connection to sync server.
03:53:31.125 No connection to sync server.
03:54:31.124 No connection to sync server.
03:55:31.130 No connection to sync server.
03:56:31.126 No connection to sync server.
03:57:31.141 No connection to sync server.
03:58:31.138 No connection to sync server.
03:59:31.143 No connection to sync server.
04:00:31.155 No connection to sync server.
04:01:31.152 No connection to sync server.
04:02:31.160 No connection to sync server.
04:03:31.165 No connection to sync server.
04:04:31.168 No connection to sync server.
04:05:31.173 No connection to sync server.
04:06:31.188 No connection to sync server.
04:07:31.178 No connection to sync server.
04:08:31.175 No connection to sync server.
04:09:31.189 No connection to sync server.
04:10:31.184 No connection to sync server.
04:11:31.195 No connection to sync server.
04:12:31.188 No connection to sync server.
04:13:31.189 No connection to sync server.
04:14:31.204 No connection to sync server.
04:15:31.217 No connection to sync server.
04:16:31.214 No connection to sync server.
04:17:06.766 Optimizing database
04:17:06.767 Optimization finished in 1ms.
04:17:07.398 Table counts: notes: 308, revisions: 122, attachments: 64, branches: 311, attributes: 457, etapi_tokens: 0, blobs: 333
04:17:07.427 All consistency checks passed with no errors detected (took 29ms)
04:17:31.218 No connection to sync server.
04:18:31.221 No connection to sync server.
04:19:31.220 No connection to sync server.
04:20:31.221 No connection to sync server.
04:21:31.232 No connection to sync server.
04:22:31.236 No connection to sync server.
04:23:31.237 No connection to sync server.
04:24:31.235 No connection to sync server.
04:25:31.239 No connection to sync server.
04:26:31.525 No connection to sync server.
04:27:31.257 No connection to sync server.
04:28:31.247 No connection to sync server.
04:29:31.268 No connection to sync server.
04:30:31.257 No connection to sync server.
04:31:31.258 No connection to sync server.
04:32:31.272 No connection to sync server.
04:33:31.281 No connection to sync server.
04:34:31.275 No connection to sync server.
04:35:31.267 No connection to sync server.
04:36:31.270 No connection to sync server.
04:37:31.290 No connection to sync server.
04:38:31.284 No connection to sync server.
04:39:31.291 No connection to sync server.
04:40:31.284 No connection to sync server.
04:41:31.293 No connection to sync server.
04:42:31.347 No connection to sync server.
04:43:31.302 No connection to sync server.
04:44:31.301 No connection to sync server.
04:45:31.307 No connection to sync server.
04:46:31.314 No connection to sync server.
04:47:31.311 No connection to sync server.
04:48:31.320 No connection to sync server.
04:49:31.317 No connection to sync server.
04:50:31.312 No connection to sync server.
04:51:31.322 No connection to sync server.
04:52:31.322 No connection to sync server.
04:53:31.330 No connection to sync server.
04:54:31.320 No connection to sync server.
04:55:31.342 No connection to sync server.
04:56:31.345 No connection to sync server.
04:57:31.324 No connection to sync server.
04:58:31.329 No connection to sync server.
04:59:31.337 No connection to sync server.
05:00:31.340 No connection to sync server.
05:01:31.342 No connection to sync server.
05:02:31.336 No connection to sync server.
05:03:31.590 No connection to sync server.
05:04:31.343 No connection to sync server.
05:05:31.356 No connection to sync server.
05:06:31.350 No connection to sync server.
05:07:31.364 No connection to sync server.
05:08:31.354 No connection to sync server.
05:09:31.354 No connection to sync server.
05:10:31.358 No connection to sync server.
05:11:31.364 No connection to sync server.
05:12:31.356 No connection to sync server.
05:13:31.360 No connection to sync server.
05:14:31.358 No connection to sync server.
05:15:31.352 No connection to sync server.
05:16:31.374 No connection to sync server.
05:17:07.405 Table counts: notes: 308, revisions: 122, attachments: 64, branches: 311, attributes: 457, etapi_tokens: 0, blobs: 333
05:17:07.430 All consistency checks passed with no errors detected (took 26ms)
05:17:31.359 No connection to sync server.
05:18:31.366 No connection to sync server.
05:19:31.371 No connection to sync server.
05:20:31.364 No connection to sync server.
05:21:31.361 No connection to sync server.
05:22:31.364 No connection to sync server.
05:23:31.378 No connection to sync server.
05:24:31.379 No connection to sync server.
05:25:31.368 No connection to sync server.
05:26:31.370 No connection to sync server.
05:27:31.365 No connection to sync server.
05:28:31.377 No connection to sync server.
05:29:31.376 No connection to sync server.
05:30:31.369 No connection to sync server.
05:31:31.377 No connection to sync server.
05:32:31.369 No connection to sync server.
05:33:31.391 No connection to sync server.
05:34:31.394 No connection to sync server.
05:35:31.379 No connection to sync server.
05:36:31.388 No connection to sync server.
05:37:31.393 No connection to sync server.
05:38:31.374 No connection to sync server.
05:39:31.391 No connection to sync server.
05:40:31.407 No connection to sync server.
05:41:31.412 No connection to sync server.
05:42:31.435 No connection to sync server.
05:43:31.454 No connection to sync server.
05:44:31.478 No connection to sync server.
05:45:31.493 No connection to sync server.
05:46:31.518 No connection to sync server.
05:47:31.511 No connection to sync server.
05:48:31.552 No connection to sync server.
05:49:31.539 No connection to sync server.
05:50:31.571 No connection to sync server.
05:51:31.575 No connection to sync server.
05:52:31.616 No connection to sync server.
05:53:31.613 No connection to sync server.
05:54:31.643 No connection to sync server.
05:55:31.677 No connection to sync server.
05:56:31.667 No connection to sync server.
05:57:31.691 No connection to sync server.
05:58:31.709 No connection to sync server.
05:59:31.698 No connection to sync server.
06:00:31.747 No connection to sync server.
06:01:31.740 No connection to sync server.
06:02:31.741 No connection to sync server.
06:03:31.777 No connection to sync server.
06:04:31.769 No connection to sync server.
06:05:31.798 No connection to sync server.
06:06:31.804 No connection to sync server.
06:07:31.838 No connection to sync server.
06:08:31.838 No connection to sync server.
06:09:31.841 No connection to sync server.
06:10:31.869 No connection to sync server.
06:11:31.873 No connection to sync server.
06:12:31.894 No connection to sync server.
06:13:32.519 No connection to sync server.
06:14:31.924 No connection to sync server.
06:15:31.945 No connection to sync server.
06:16:31.961 No connection to sync server.
06:17:07.406 Table counts: notes: 308, revisions: 122, attachments: 64, branches: 311, attributes: 457, etapi_tokens: 0, blobs: 333
06:17:07.446 All consistency checks passed with no errors detected (took 40ms)
06:17:31.963 No connection to sync server.
06:18:31.992 No connection to sync server.
06:19:31.993 No connection to sync server.
06:20:32.044 No connection to sync server.
06:21:32.042 No connection to sync server.
06:22:32.022 No connection to sync server.
06:23:32.063 No connection to sync server.
06:24:32.075 No connection to sync server.
06:25:32.079 No connection to sync server.
06:26:32.108 No connection to sync server.
06:27:32.126 No connection to sync server.
06:28:32.134 No connection to sync server.
06:29:32.152 No connection to sync server.
06:30:32.166 No connection to sync server.
06:31:32.175 No connection to sync server.
06:32:32.182 No connection to sync server.
06:33:32.206 No connection to sync server.
06:34:32.229 No connection to sync server.
06:35:32.238 No connection to sync server.
06:36:32.245 No connection to sync server.
06:37:32.269 No connection to sync server.
06:38:32.283 No connection to sync server.
06:39:32.302 No connection to sync server.
06:40:32.311 No connection to sync server.
06:41:32.344 No connection to sync server.
06:42:32.350 No connection to sync server.
06:43:32.370 No connection to sync server.
06:44:32.392 No connection to sync server.
06:45:32.385 No connection to sync server.
06:46:32.407 No connection to sync server.
06:47:32.418 No connection to sync server.
06:48:32.454 No connection to sync server.
06:49:32.451 No connection to sync server.
06:50:32.472 No connection to sync server.
06:51:32.482 No connection to sync server.
06:52:32.512 No connection to sync server.
06:53:32.529 No connection to sync server.
06:54:32.543 No connection to sync server.
06:55:32.559 No connection to sync server.
06:56:32.577 No connection to sync server.
06:57:32.613 No connection to sync server.
06:58:32.604 No connection to sync server.
06:59:32.591 No connection to sync server.
07:00:32.638 No connection to sync server.
07:01:32.630 No connection to sync server.
07:02:32.645 No connection to sync server.
07:03:32.673 No connection to sync server.
07:04:32.677 No connection to sync server.
07:05:32.712 No connection to sync server.
07:06:32.705 No connection to sync server.
07:07:32.732 No connection to sync server.
07:08:32.741 No connection to sync server.
07:09:32.767 No connection to sync server.
07:10:32.768 No connection to sync server.
07:11:32.785 No connection to sync server.
07:12:32.788 No connection to sync server.
07:13:32.825 No connection to sync server.
07:14:32.825 No connection to sync server.
07:15:32.860 No connection to sync server.
07:16:32.863 No connection to sync server.
07:17:07.410 Table counts: notes: 308, revisions: 122, attachments: 64, branches: 311, attributes: 457, etapi_tokens: 0, blobs: 333
07:17:07.433 All consistency checks passed with no errors detected (took 23ms)
07:17:32.859 No connection to sync server.
07:18:32.883 No connection to sync server.
07:19:32.891 No connection to sync server.
07:20:32.924 No connection to sync server.
07:21:32.926 No connection to sync server.
07:22:32.956 No connection to sync server.
07:23:32.958 No connection to sync server.
07:24:32.985 No connection to sync server.
07:25:32.985 No connection to sync server.
07:26:32.987 No connection to sync server.
07:27:33.026 No connection to sync server.
07:28:33.016 No connection to sync server.
07:29:33.033 No connection to sync server.
07:30:33.074 No connection to sync server.
07:31:33.064 No connection to sync server.
07:32:33.074 No connection to sync server.
07:33:33.108 No connection to sync server.
07:34:33.114 No connection to sync server.
07:35:33.141 No connection to sync server.
07:36:33.131 No connection to sync server.
07:37:33.161 No connection to sync server.
07:38:33.184 No connection to sync server.
07:39:33.196 No connection to sync server.
07:40:33.209 No connection to sync server.
07:41:33.234 No connection to sync server.
07:42:33.249 No connection to sync server.
07:43:33.275 No connection to sync server.
07:44:33.282 No connection to sync server.
07:45:36.334 No connection to sync server.
07:46:33.309 No connection to sync server.
07:47:33.321 No connection to sync server.
07:48:33.349 No connection to sync server.
07:49:33.355 No connection to sync server.
07:50:33.365 No connection to sync server.
07:51:33.392 No connection to sync server.
07:52:33.394 No connection to sync server.
07:53:33.422 No connection to sync server.
07:54:33.434 No connection to sync server.
07:55:33.434 No connection to sync server.
07:56:33.463 No connection to sync server.
07:57:33.472 No connection to sync server.
07:58:33.490 No connection to sync server.
07:59:33.507 No connection to sync server.
08:00:33.528 No connection to sync server.
08:01:33.581 No connection to sync server.
08:02:33.537 No connection to sync server.
08:03:33.569 No connection to sync server.
08:04:33.570 No connection to sync server.
08:05:33.612 No connection to sync server.
08:06:33.610 No connection to sync server.
08:07:33.623 No connection to sync server.
08:08:33.635 No connection to sync server.
08:09:33.652 No connection to sync server.
08:10:33.650 No connection to sync server.
08:11:33.688 No connection to sync server.
08:12:33.688 No connection to sync server.
08:13:33.720 No connection to sync server.
08:14:33.712 No connection to sync server.
08:15:33.741 No connection to sync server.
08:16:33.743 No connection to sync server.
08:17:07.409 Table counts: notes: 308, revisions: 122, attachments: 64, branches: 311, attributes: 457, etapi_tokens: 0, blobs: 333
08:17:07.429 All consistency checks passed with no errors detected (took 20ms)
08:17:33.758 No connection to sync server.
08:18:33.782 No connection to sync server.
08:19:33.789 No connection to sync server.
08:20:33.820 No connection to sync server.
08:21:33.821 No connection to sync server.
08:22:33.850 No connection to sync server.
08:23:33.859 No connection to sync server.
08:24:33.888 No connection to sync server.
08:25:33.885 No connection to sync server.
08:26:33.917 No connection to sync server.
08:27:33.920 No connection to sync server.
08:28:33.942 No connection to sync server.
08:29:33.957 No connection to sync server.
08:30:33.976 No connection to sync server.
08:31:33.982 No connection to sync server.
08:32:33.992 No connection to sync server.
08:33:34.022 No connection to sync server.
08:34:34.019 No connection to sync server.
08:35:34.058 No connection to sync server.
08:36:34.051 No connection to sync server.
08:37:34.054 No connection to sync server.
08:38:34.075 No connection to sync server.
08:39:34.090 No connection to sync server.
08:40:34.114 No connection to sync server.
08:41:34.123 No connection to sync server.
08:42:34.139 No connection to sync server.
08:43:34.146 No connection to sync server.
08:44:34.169 No connection to sync server.
08:45:34.186 No connection to sync server.
08:46:34.200 No connection to sync server.
08:47:34.201 No connection to sync server.
08:48:34.229 No connection to sync server.
08:49:34.222 No connection to sync server.
08:50:34.256 No connection to sync server.
08:51:34.260 No connection to sync server.
08:52:34.293 No connection to sync server.
08:53:34.291 No connection to sync server.
08:54:34.298 No connection to sync server.
08:55:34.322 No connection to sync server.
08:56:34.332 No connection to sync server.
08:57:34.357 No connection to sync server.
08:58:34.344 No connection to sync server.
08:59:34.356 No connection to sync server.
09:00:34.371 No connection to sync server.
09:01:34.392 No connection to sync server.
09:02:34.401 No connection to sync server.
09:03:34.409 No connection to sync server.
09:04:34.410 No connection to sync server.
09:05:34.426 No connection to sync server.
09:06:34.440 No connection to sync server.
09:07:34.451 No connection to sync server.
09:08:34.472 No connection to sync server.
09:09:34.488 No connection to sync server.
09:10:34.488 No connection to sync server.
09:11:34.508 No connection to sync server.
09:12:34.517 No connection to sync server.
09:13:34.544 No connection to sync server.
09:14:34.554 No connection to sync server.
09:15:34.573 No connection to sync server.
09:16:34.583 No connection to sync server.
09:17:07.411 Table counts: notes: 308, revisions: 122, attachments: 64, branches: 311, attributes: 457, etapi_tokens: 0, blobs: 333
09:17:07.443 All consistency checks passed with no errors detected (took 33ms)
09:17:34.596 No connection to sync server.
09:18:34.612 No connection to sync server.
09:19:34.623 No connection to sync server.
09:20:34.646 No connection to sync server.
09:21:34.646 No connection to sync server.
09:22:34.663 No connection to sync server.
09:23:34.681 No connection to sync server.
09:24:34.705 No connection to sync server.
09:25:34.719 No connection to sync server.
09:26:34.742 No connection to sync server.
09:27:34.740 No connection to sync server.
09:28:34.769 No connection to sync server.
09:29:34.782 No connection to sync server.
09:30:34.799 No connection to sync server.
09:31:34.809 No connection to sync server.
09:32:34.818 No connection to sync server.
09:33:34.838 No connection to sync server.
09:34:34.851 No connection to sync server.
09:35:34.866 No connection to sync server.
09:36:34.879 No connection to sync server.
09:37:34.899 No connection to sync server.
09:38:34.897 No connection to sync server.
09:39:34.940 No connection to sync server.
09:40:34.943 No connection to sync server.
09:41:34.967 No connection to sync server.
09:42:34.995 No connection to sync server.
09:43:34.965 No connection to sync server.
09:44:34.971 No connection to sync server.
09:45:34.986 No connection to sync server.
09:46:34.996 No connection to sync server.
09:47:34.993 No connection to sync server.
09:48:35.027 No connection to sync server.
09:49:35.041 No connection to sync server.
09:50:35.065 No connection to sync server.
09:51:35.058 No connection to sync server.
09:52:35.081 No connection to sync server.
09:53:35.097 No connection to sync server.
09:54:35.111 No connection to sync server.
09:55:35.120 No connection to sync server.
09:56:35.140 No connection to sync server.
09:57:35.153 No connection to sync server.
09:58:35.160 No connection to sync server.
09:59:35.188 No connection to sync server.
10:00:35.193 No connection to sync server.
10:01:35.215 No connection to sync server.
10:02:35.211 No connection to sync server.
10:03:35.236 No connection to sync server.
10:04:35.240 No connection to sync server.
10:05:35.268 No connection to sync server.
10:06:35.260 No connection to sync server.
10:07:35.293 No connection to sync server.
10:08:35.296 No connection to sync server.
10:09:35.327 No connection to sync server.
10:10:35.325 No connection to sync server.
10:11:35.350 No connection to sync server.
10:12:35.360 No connection to sync server.
10:13:35.373 No connection to sync server.
10:14:50.789 No connection to sync server.
10:15:35.413 No connection to sync server.
10:16:35.410 No connection to sync server.
10:17:07.412 Table counts: notes: 308, revisions: 122, attachments: 64, branches: 311, attributes: 457, etapi_tokens: 0, blobs: 333
10:17:07.433 All consistency checks passed with no errors detected (took 21ms)
10:17:35.423 No connection to sync server.
10:18:35.441 No connection to sync server.
10:19:35.451 No connection to sync server.
10:20:35.473 No connection to sync server.
10:21:35.477 No connection to sync server.
10:22:35.496 No connection to sync server.
10:23:35.505 No connection to sync server.
10:24:35.515 No connection to sync server.
10:25:35.540 No connection to sync server.
10:26:35.558 No connection to sync server.
10:27:35.579 No connection to sync server.
10:28:35.574 No connection to sync server.
10:29:35.597 No connection to sync server.
10:30:35.599 No connection to sync server.
10:31:35.619 No connection to sync server.
10:32:35.622 No connection to sync server.
10:33:35.635 No connection to sync server.
10:34:35.635 No connection to sync server.
10:35:35.667 No connection to sync server.
10:36:35.669 No connection to sync server.
10:37:35.700 No connection to sync server.
10:38:35.702 No connection to sync server.
10:39:35.714 No connection to sync server.
10:40:35.726 No connection to sync server.
10:41:35.732 No connection to sync server.
10:42:35.772 No connection to sync server.
10:43:35.764 No connection to sync server.
10:44:35.786 No connection to sync server.
10:45:35.786 No connection to sync server.
10:46:35.823 No connection to sync server.
10:47:35.822 No connection to sync server.
10:48:35.830 No connection to sync server.
10:49:35.852 No connection to sync server.
10:50:35.862 No connection to sync server.
10:51:35.893 No connection to sync server.
10:52:35.896 No connection to sync server.
10:53:35.929 No connection to sync server.
10:54:35.915 No connection to sync server.
10:55:35.947 No connection to sync server.
10:56:35.952 No connection to sync server.
10:57:35.955 No connection to sync server.
10:58:35.960 No connection to sync server.
10:59:35.989 No connection to sync server.
11:00:35.982 No connection to sync server.
11:01:36.020 No connection to sync server.
11:02:36.017 No connection to sync server.
11:03:36.042 No connection to sync server.
11:04:36.045 No connection to sync server.
11:05:36.069 No connection to sync server.
11:06:36.077 No connection to sync server.
11:07:36.101 No connection to sync server.
11:08:36.099 No connection to sync server.
11:09:36.131 No connection to sync server.
11:10:36.134 No connection to sync server.
11:11:36.158 No connection to sync server.
11:12:36.161 No connection to sync server.
11:13:36.176 No connection to sync server.
11:14:36.179 No connection to sync server.
11:15:36.180 No connection to sync server.
11:16:36.213 No connection to sync server.
11:17:07.438 Table counts: notes: 308, revisions: 122, attachments: 64, branches: 311, attributes: 457, etapi_tokens: 0, blobs: 333
11:17:07.462 All consistency checks passed with no errors detected (took 24ms)
11:17:36.211 No connection to sync server.
11:18:36.231 No connection to sync server.
11:19:36.230 No connection to sync server.
11:20:36.267 No connection to sync server.
11:21:36.264 No connection to sync server.
11:22:36.257 No connection to sync server.
11:23:36.279 No connection to sync server.
11:24:36.294 No connection to sync server.
11:25:36.313 No connection to sync server.
11:26:36.319 No connection to sync server.
11:27:36.344 No connection to sync server.
11:28:36.351 No connection to sync server.
11:29:36.366 No connection to sync server.
11:30:36.381 No connection to sync server.
11:31:36.404 No connection to sync server.
11:32:36.412 No connection to sync server.
11:33:36.426 No connection to sync server.
11:34:36.442 No connection to sync server.
11:35:36.457 No connection to sync server.
11:36:36.461 No connection to sync server.
11:37:36.486 No connection to sync server.
11:38:36.498 No connection to sync server.
11:39:36.509 No connection to sync server.
11:40:36.521 No connection to sync server.
11:41:36.550 No connection to sync server.
11:42:36.545 No connection to sync server.
11:43:36.582 No connection to sync server.
11:44:36.576 No connection to sync server.
11:45:36.605 No connection to sync server.
11:46:36.601 No connection to sync server.
11:47:36.620 No connection to sync server.
11:48:36.635 No connection to sync server.
11:49:36.646 No connection to sync server.
11:50:36.665 No connection to sync server.
11:51:36.668 No connection to sync server.
11:52:36.696 No connection to sync server.
11:53:36.709 No connection to sync server.
11:54:36.706 No connection to sync server.
11:55:36.725 No connection to sync server.
11:56:36.742 No connection to sync server.
11:57:36.761 No connection to sync server.
11:58:36.758 No connection to sync server.
11:59:36.787 No connection to sync server.
12:00:36.795 No connection to sync server.
12:01:36.814 No connection to sync server.
12:02:36.818 No connection to sync server.
12:03:36.841 No connection to sync server.
12:04:36.851 No connection to sync server.
12:05:36.870 No connection to sync server.
12:06:36.889 No connection to sync server.
12:07:36.904 No connection to sync server.
12:08:36.907 No connection to sync server.
12:09:36.932 No connection to sync server.
12:10:36.941 No connection to sync server.
12:11:36.956 No connection to sync server.
12:12:36.966 No connection to sync server.
12:13:36.972 No connection to sync server.
12:14:36.991 No connection to sync server.
12:15:37.004 No connection to sync server.
12:16:37.019 No connection to sync server.
12:17:07.464 Table counts: notes: 308, revisions: 122, attachments: 64, branches: 311, attributes: 457, etapi_tokens: 0, blobs: 333
12:17:07.489 All consistency checks passed with no errors detected (took 25ms)
12:17:37.018 No connection to sync server.
12:18:37.062 No connection to sync server.
12:19:37.055 No connection to sync server.
12:20:37.077 No connection to sync server.
12:21:37.100 No connection to sync server.
12:22:37.109 No connection to sync server.
12:23:37.117 No connection to sync server.
12:24:37.129 No connection to sync server.
12:25:37.147 No connection to sync server.
12:26:37.160 No connection to sync server.
12:27:37.171 No connection to sync server.
12:28:37.180 No connection to sync server.
12:29:37.190 No connection to sync server.
12:30:37.211 No connection to sync server.
12:31:37.386 No connection to sync server.
12:32:37.216 No connection to sync server.
12:33:37.249 No connection to sync server.
12:34:37.244 No connection to sync server.
12:35:37.268 No connection to sync server.
12:36:37.592 No connection to sync server.
12:37:37.298 No connection to sync server.
12:38:37.307 No connection to sync server.
12:39:37.341 No connection to sync server.
12:40:37.327 No connection to sync server.
12:41:37.360 No connection to sync server.
12:42:37.356 No connection to sync server.
12:43:37.377 No connection to sync server.
12:44:37.383 No connection to sync server.
12:45:37.414 No connection to sync server.
12:46:37.634 No connection to sync server.
12:47:37.427 No connection to sync server.
12:48:37.457 No connection to sync server.
12:49:37.455 No connection to sync server.
12:50:37.482 No connection to sync server.
12:51:37.494 No connection to sync server.
12:52:37.516 No connection to sync server.
12:53:37.512 No connection to sync server.
12:54:37.524 No connection to sync server.
12:55:37.540 No connection to sync server.
12:56:37.547 No connection to sync server.
12:57:37.557 No connection to sync server.
12:58:37.577 No connection to sync server.
12:59:37.580 No connection to sync server.
13:00:37.585 No connection to sync server.
13:01:37.612 No connection to sync server.
13:02:37.603 No connection to sync server.
13:03:37.625 No connection to sync server.
13:04:37.635 No connection to sync server.
13:05:37.662 No connection to sync server.
13:06:37.660 No connection to sync server.
13:07:37.679 No connection to sync server.
13:08:37.693 No connection to sync server.
13:09:37.703 No connection to sync server.
13:10:37.709 No connection to sync server.
13:11:37.728 No connection to sync server.
13:12:37.751 No connection to sync server.
13:13:37.765 No connection to sync server.
13:14:37.767 No connection to sync server.
13:15:37.785 No connection to sync server.
13:16:22.377 Error: Router not found for request GET /pdown
13:16:37.784 No connection to sync server.
13:17:07.488 Table counts: notes: 308, revisions: 122, attachments: 64, branches: 311, attributes: 457, etapi_tokens: 0, blobs: 333
13:17:07.506 All consistency checks passed with no errors detected (took 18ms)
13:17:37.803 No connection to sync server.
13:18:37.812 No connection to sync server.
13:19:37.824 No connection to sync server.
13:20:37.842 No connection to sync server.
13:21:37.863 No connection to sync server.
13:22:37.871 No connection to sync server.
13:23:37.872 No connection to sync server.
13:24:37.901 No connection to sync server.
13:25:37.901 No connection to sync server.
13:26:37.940 No connection to sync server.
13:27:37.925 No connection to sync server.
13:28:37.957 No connection to sync server.
13:29:37.959 No connection to sync server.
13:30:37.949 No connection to sync server.
13:31:37.961 No connection to sync server.
13:32:37.968 No connection to sync server.
13:33:37.970 No connection to sync server.
13:34:37.996 No connection to sync server.
13:35:38.014 No connection to sync server.
13:36:38.030 No connection to sync server.
13:37:38.027 No connection to sync server.
13:38:38.054 No connection to sync server.
13:39:38.047 No connection to sync server.
13:40:38.070 No connection to sync server.
13:41:38.076 No connection to sync server.
13:42:38.102 No connection to sync server.
13:43:38.112 No connection to sync server.
13:44:38.130 No connection to sync server.
13:45:38.135 No connection to sync server.
13:46:38.134 No connection to sync server.
13:47:38.150 No connection to sync server.
13:48:38.165 No connection to sync server.
13:49:38.176 No connection to sync server.
13:50:38.206 No connection to sync server.
13:51:38.194 No connection to sync server.
13:52:38.216 No connection to sync server.
13:53:38.233 No connection to sync server.
13:54:38.237 No connection to sync server.
13:55:38.260 No connection to sync server.
13:56:38.275 No connection to sync server.
13:57:38.280 No connection to sync server.
13:58:38.295 No connection to sync server.
13:59:38.322 No connection to sync server.
14:00:38.334 No connection to sync server.
14:01:38.349 No connection to sync server.
14:02:38.344 No connection to sync server.
14:03:38.365 No connection to sync server.
14:04:38.352 No connection to sync server.
14:05:38.392 No connection to sync server.
14:06:38.381 No connection to sync server.
14:07:38.389 No connection to sync server.
14:08:38.397 No connection to sync server.
14:09:38.418 No connection to sync server.
14:10:38.418 No connection to sync server.
14:11:38.445 No connection to sync server.
14:12:38.464 No connection to sync server.
14:13:38.456 No connection to sync server.
14:14:38.486 No connection to sync server.
14:15:38.497 No connection to sync server.
14:16:38.515 No connection to sync server.
14:17:06.772 Optimizing database
14:17:06.774 Optimization finished in 2ms.
14:17:07.489 Table counts: notes: 308, revisions: 122, attachments: 64, branches: 311, attributes: 457, etapi_tokens: 0, blobs: 333
14:17:07.521 All consistency checks passed with no errors detected (took 33ms)
14:17:38.510 No connection to sync server.
14:18:38.526 No connection to sync server.
14:19:38.539 No connection to sync server.
14:20:38.558 No connection to sync server.
14:21:38.557 No connection to sync server.
14:22:38.579 No connection to sync server.
14:23:38.592 No connection to sync server.
14:24:38.608 No connection to sync server.
14:25:38.609 No connection to sync server.
14:26:38.626 No connection to sync server.
14:27:38.632 No connection to sync server.
14:28:38.630 No connection to sync server.
14:29:38.650 No connection to sync server.
14:30:38.663 No connection to sync server.
14:31:38.659 No connection to sync server.
14:32:38.682 No connection to sync server.
14:33:38.694 No connection to sync server.
14:34:38.709 No connection to sync server.
14:35:38.713 No connection to sync server.
14:36:38.731 No connection to sync server.
14:37:38.736 No connection to sync server.
14:38:38.752 No connection to sync server.
14:39:38.765 No connection to sync server.
14:40:38.773 No connection to sync server.
14:41:38.781 No connection to sync server.
14:42:38.800 No connection to sync server.
14:43:38.834 No connection to sync server.
14:44:38.819 No connection to sync server.
14:45:38.843 No connection to sync server.
14:46:38.848 No connection to sync server.
14:47:38.861 No connection to sync server.
14:48:38.879 No connection to sync server.
14:49:38.889 No connection to sync server.
14:50:38.907 No connection to sync server.
14:51:38.912 No connection to sync server.
14:52:38.929 No connection to sync server.
14:53:38.948 No connection to sync server.
14:54:38.943 No connection to sync server.
14:55:38.970 No connection to sync server.
14:56:38.980 No connection to sync server.
14:57:38.984 No connection to sync server.
14:58:39.015 No connection to sync server.
14:59:38.996 No connection to sync server.
15:00:39.022 No connection to sync server.
15:01:39.021 No connection to sync server.
15:02:39.056 No connection to sync server.
15:03:39.067 No connection to sync server.
15:04:39.064 No connection to sync server.
15:05:39.083 No connection to sync server.
15:06:39.106 No connection to sync server.
15:07:39.109 No connection to sync server.
15:08:39.114 No connection to sync server.
15:09:39.133 No connection to sync server.
15:10:39.141 No connection to sync server.
15:11:39.154 No connection to sync server.
15:12:39.160 No connection to sync server.
15:13:39.170 No connection to sync server.
15:14:39.182 No connection to sync server.
15:15:39.208 No connection to sync server.
15:16:39.205 No connection to sync server.
15:17:07.491 Table counts: notes: 308, revisions: 122, attachments: 64, branches: 311, attributes: 457, etapi_tokens: 0, blobs: 333
15:17:07.512 All consistency checks passed with no errors detected (took 21ms)
15:17:39.221 No connection to sync server.
15:18:39.222 No connection to sync server.
15:19:39.249 No connection to sync server.
15:20:39.252 No connection to sync server.
15:21:39.266 No connection to sync server.
15:22:39.275 No connection to sync server.
15:23:39.299 No connection to sync server.
15:24:39.292 No connection to sync server.
15:25:39.328 No connection to sync server.
15:26:39.323 No connection to sync server.
15:27:39.352 No connection to sync server.
15:28:39.346 No connection to sync server.
15:29:39.351 No connection to sync server.
15:30:39.393 No connection to sync server.
15:31:39.375 No connection to sync server.
15:32:39.389 No connection to sync server.
15:33:39.393 No connection to sync server.
15:34:39.415 No connection to sync server.
15:35:39.417 No connection to sync server.
15:36:39.421 No connection to sync server.
15:37:39.448 No connection to sync server.
15:38:39.461 No connection to sync server.
15:39:39.464 No connection to sync server.
15:40:39.482 No connection to sync server.
15:41:39.492 No connection to sync server.
15:42:39.503 No connection to sync server.
15:43:39.525 No connection to sync server.
15:44:39.523 No connection to sync server.
15:45:39.548 No connection to sync server.
15:46:39.559 No connection to sync server.
15:47:39.555 No connection to sync server.
15:48:39.583 No connection to sync server.
15:49:39.581 No connection to sync server.
15:50:39.596 No connection to sync server.
15:51:39.600 No connection to sync server.
15:52:39.621 No connection to sync server.
15:53:39.630 No connection to sync server.
15:54:39.638 No connection to sync server.
15:55:39.642 No connection to sync server.
15:56:39.666 No connection to sync server.
15:57:39.686 No connection to sync server.
15:58:39.696 No connection to sync server.
15:59:39.684 No connection to sync server.
16:00:39.706 No connection to sync server.
16:01:39.716 No connection to sync server.
16:02:39.722 No connection to sync server.
16:03:39.756 No connection to sync server.
16:04:39.753 No connection to sync server.
16:05:39.763 No connection to sync server.
16:06:39.771 No connection to sync server.
16:07:39.789 No connection to sync server.
16:08:39.792 No connection to sync server.
16:09:39.815 No connection to sync server.
16:10:39.836 No connection to sync server.
16:11:39.850 No connection to sync server.
16:12:39.858 No connection to sync server.
16:13:39.859 No connection to sync server.
16:14:40.889 No connection to sync server.
16:15:39.885 No connection to sync server.
16:16:39.905 No connection to sync server.
16:17:07.506 Table counts: notes: 308, revisions: 122, attachments: 64, branches: 311, attributes: 457, etapi_tokens: 0, blobs: 333
16:17:07.524 All consistency checks passed with no errors detected (took 18ms)
16:17:39.912 No connection to sync server.
16:18:39.920 No connection to sync server.
16:19:39.940 No connection to sync server.
16:20:39.944 No connection to sync server.
16:21:39.963 No connection to sync server.
16:22:39.966 No connection to sync server.
16:23:39.979 No connection to sync server.
16:24:39.989 No connection to sync server.
16:25:39.981 No connection to sync server.
16:26:40.013 No connection to sync server.
16:27:40.053 No connection to sync server.
16:28:40.033 No connection to sync server.
16:29:40.041 No connection to sync server.
16:30:40.046 No connection to sync server.
16:31:40.075 No connection to sync server.
16:32:40.090 No connection to sync server.
16:33:40.072 No connection to sync server.
16:34:40.089 No connection to sync server.
16:35:40.096 No connection to sync server.
16:36:40.114 No connection to sync server.
16:37:40.124 No connection to sync server.
16:38:40.141 No connection to sync server.
16:39:40.142 No connection to sync server.
16:40:40.156 No connection to sync server.
16:41:40.148 No connection to sync server.
16:42:40.163 No connection to sync server.
16:43:40.187 No connection to sync server.
16:44:40.172 No connection to sync server.
16:45:40.200 No connection to sync server.
16:46:40.211 No connection to sync server.
16:47:40.210 No connection to sync server.
16:48:40.223 No connection to sync server.
16:49:40.229 No connection to sync server.
16:50:40.251 No connection to sync server.
16:51:40.253 No connection to sync server.
16:52:40.280 No connection to sync server.
16:53:40.303 No connection to sync server.
16:54:40.289 No connection to sync server.
16:55:40.317 No connection to sync server.
16:56:40.317 No connection to sync server.
16:57:40.333 No connection to sync server.
16:58:40.324 No connection to sync server.
16:59:40.339 No connection to sync server.
17:00:45.338 No connection to sync server.
17:01:40.360 No connection to sync server.
17:02:40.377 No connection to sync server.
17:03:40.368 No connection to sync server.
17:04:40.398 No connection to sync server.
17:05:40.405 No connection to sync server.
17:06:40.408 No connection to sync server.
17:07:40.412 No connection to sync server.
17:08:40.408 No connection to sync server.
17:09:40.433 No connection to sync server.
17:10:40.446 No connection to sync server.
17:11:40.440 No connection to sync server.
17:12:40.464 No connection to sync server.
17:13:40.450 No connection to sync server.
17:14:40.470 No connection to sync server.
17:15:40.468 No connection to sync server.
17:16:40.474 No connection to sync server.
17:17:07.521 Table counts: notes: 308, revisions: 122, attachments: 64, branches: 311, attributes: 457, etapi_tokens: 0, blobs: 333
17:17:07.539 All consistency checks passed with no errors detected (took 18ms)
17:17:40.485 No connection to sync server.
17:18:40.501 No connection to sync server.
17:19:40.512 No connection to sync server.
17:20:40.518 No connection to sync server.
17:21:40.526 No connection to sync server.
17:22:40.530 No connection to sync server.
17:23:40.551 No connection to sync server.
17:24:40.558 No connection to sync server.
17:25:40.570 No connection to sync server.
17:26:40.581 No connection to sync server.
17:27:40.586 No connection to sync server.
17:28:40.596 No connection to sync server.
17:29:40.604 No connection to sync server.
17:30:40.617 No connection to sync server.
17:31:40.634 No connection to sync server.
17:32:40.635 No connection to sync server.
17:33:40.660 No connection to sync server.
17:34:40.660 No connection to sync server.
17:35:40.669 No connection to sync server.
17:36:40.677 No connection to sync server.
17:37:40.702 No connection to sync server.
17:38:40.701 No connection to sync server.
17:39:40.723 No connection to sync server.
17:40:40.719 No connection to sync server.
17:41:40.727 No connection to sync server.
17:42:40.741 No connection to sync server.
17:43:40.746 No connection to sync server.
17:44:40.768 No connection to sync server.
17:45:40.781 No connection to sync server.
17:46:40.795 No connection to sync server.
17:47:40.798 No connection to sync server.
17:48:40.806 No connection to sync server.
17:49:40.811 No connection to sync server.
17:50:40.842 No connection to sync server.
17:51:40.843 No connection to sync server.
17:52:40.849 No connection to sync server.
17:53:40.848 No connection to sync server.
17:54:40.872 No connection to sync server.
17:55:40.876 No connection to sync server.
17:56:40.874 No connection to sync server.
17:57:40.893 No connection to sync server.
17:58:40.897 No connection to sync server.
17:59:40.904 No connection to sync server.
18:00:40.917 No connection to sync server.
18:01:40.937 No connection to sync server.
18:02:40.958 No connection to sync server.
18:03:40.945 No connection to sync server.
18:04:40.964 No connection to sync server.
18:05:40.969 No connection to sync server.
18:06:40.982 No connection to sync server.
18:07:40.986 No connection to sync server.
18:08:40.995 No connection to sync server.
18:09:41.011 No connection to sync server.
18:10:41.029 No connection to sync server.
18:11:41.033 No connection to sync server.
18:12:41.035 No connection to sync server.
18:13:41.038 No connection to sync server.
18:14:41.062 No connection to sync server.
18:15:41.063 No connection to sync server.
18:16:41.064 No connection to sync server.
18:17:07.522 Table counts: notes: 308, revisions: 122, attachments: 64, branches: 311, attributes: 457, etapi_tokens: 0, blobs: 333
18:17:07.536 All consistency checks passed with no errors detected (took 15ms)
18:17:41.080 No connection to sync server.
18:18:41.089 No connection to sync server.
18:19:41.103 No connection to sync server.
18:20:41.117 No connection to sync server.
18:21:41.132 No connection to sync server.
18:22:41.138 No connection to sync server.
18:23:41.136 No connection to sync server.
18:24:41.144 No connection to sync server.
18:25:41.136 No connection to sync server.
18:26:41.161 No connection to sync server.
18:27:41.159 No connection to sync server.
18:28:41.175 No connection to sync server.
18:29:41.178 No connection to sync server.
18:30:41.205 No connection to sync server.
18:31:41.208 No connection to sync server.
18:32:41.223 No connection to sync server.
18:33:41.224 No connection to sync server.
18:34:41.241 No connection to sync server.
18:35:41.244 No connection to sync server.
18:36:41.258 No connection to sync server.
18:37:41.264 No connection to sync server.
18:38:41.268 No connection to sync server.
18:39:41.280 No connection to sync server.
18:40:41.289 No connection to sync server.
18:41:41.299 No connection to sync server.
18:42:41.331 No connection to sync server.
18:43:41.322 No connection to sync server.
18:44:41.345 No connection to sync server.
18:45:41.351 No connection to sync server.
18:46:41.355 No connection to sync server.
18:47:41.369 No connection to sync server.
18:48:41.382 No connection to sync server.
18:49:41.386 No connection to sync server.
18:50:41.376 No connection to sync server.
18:51:41.396 No connection to sync server.
18:52:41.417 No connection to sync server.
18:53:41.417 No connection to sync server.
18:54:41.418 No connection to sync server.
18:55:41.431 No connection to sync server.
18:56:41.434 No connection to sync server.
18:57:41.448 No connection to sync server.
18:58:41.448 No connection to sync server.
18:59:41.458 No connection to sync server.
19:00:41.463 No connection to sync server.
19:01:41.476 No connection to sync server.
19:02:41.501 No connection to sync server.
19:03:41.507 No connection to sync server.
19:04:41.512 No connection to sync server.
19:05:41.517 No connection to sync server.
19:06:41.524 No connection to sync server.
19:07:41.533 No connection to sync server.
19:08:41.546 No connection to sync server.
19:09:41.549 No connection to sync server.
19:10:41.556 No connection to sync server.
19:11:41.576 No connection to sync server.
19:12:41.575 No connection to sync server.
19:13:41.587 No connection to sync server.
19:14:41.601 No connection to sync server.
19:15:41.601 No connection to sync server.
19:16:41.614 No connection to sync server.
19:17:07.533 Table counts: notes: 308, revisions: 122, attachments: 64, branches: 311, attributes: 457, etapi_tokens: 0, blobs: 333
19:17:07.576 All consistency checks passed with no errors detected (took 43ms)
19:17:41.622 No connection to sync server.
19:18:41.619 No connection to sync server.
19:19:41.644 No connection to sync server.
19:20:41.644 No connection to sync server.
19:21:41.656 No connection to sync server.
19:22:41.655 No connection to sync server.
19:23:41.670 No connection to sync server.
19:24:41.685 No connection to sync server.
19:25:41.676 No connection to sync server.
19:26:41.692 No connection to sync server.
19:27:41.693 No connection to sync server.
19:28:41.711 No connection to sync server.
19:29:41.716 No connection to sync server.
19:30:41.725 No connection to sync server.
19:31:41.730 No connection to sync server.
19:32:41.733 No connection to sync server.
19:33:41.754 No connection to sync server.
19:34:41.760 No connection to sync server.
19:35:41.767 No connection to sync server.
19:36:41.764 No connection to sync server.
19:37:41.783 No connection to sync server.
19:38:41.790 No connection to sync server.
19:39:41.798 No connection to sync server.
19:40:41.810 No connection to sync server.
19:41:41.830 No connection to sync server.
19:42:41.833 No connection to sync server.
19:43:41.839 No connection to sync server.
19:44:41.850 No connection to sync server.
19:45:41.840 No connection to sync server.
19:46:41.851 No connection to sync server.
19:47:41.857 No connection to sync server.
19:48:41.873 No connection to sync server.
19:49:41.880 No connection to sync server.
19:50:41.893 No connection to sync server.
19:51:41.900 No connection to sync server.
19:52:41.911 No connection to sync server.
19:53:41.916 No connection to sync server.
19:54:41.922 No connection to sync server.
19:55:41.939 No connection to sync server.
19:56:41.939 No connection to sync server.
19:57:41.951 No connection to sync server.
19:58:41.967 No connection to sync server.
19:59:41.970 No connection to sync server.
20:00:41.980 No connection to sync server.
20:01:41.978 No connection to sync server.
20:02:41.991 No connection to sync server.
20:03:41.996 No connection to sync server.
20:04:42.014 No connection to sync server.
20:05:42.007 No connection to sync server.
20:06:42.016 No connection to sync server.
20:07:42.035 No connection to sync server.
20:08:42.043 No connection to sync server.
20:09:42.063 No connection to sync server.
20:10:42.056 No connection to sync server.
20:11:42.076 No connection to sync server.
20:12:42.070 No connection to sync server.
20:13:42.093 No connection to sync server.
20:14:42.085 No connection to sync server.
20:15:42.098 No connection to sync server.
20:16:42.113 No connection to sync server.
20:17:07.542 Table counts: notes: 308, revisions: 122, attachments: 64, branches: 311, attributes: 457, etapi_tokens: 0, blobs: 333
20:17:07.564 All consistency checks passed with no errors detected (took 22ms)
20:17:42.114 No connection to sync server.
20:18:42.125 No connection to sync server.
20:19:42.143 No connection to sync server.
20:20:42.141 No connection to sync server.
20:21:42.156 No connection to sync server.
20:22:42.147 No connection to sync server.
20:23:42.159 No connection to sync server.
20:24:42.168 No connection to sync server.
20:25:42.180 No connection to sync server.
20:26:42.179 No connection to sync server.
20:27:42.194 No connection to sync server.
20:28:42.197 No connection to sync server.
20:29:42.196 No connection to sync server.
20:30:42.210 No connection to sync server.
20:31:42.209 No connection to sync server.
20:32:42.211 No connection to sync server.
20:33:42.233 No connection to sync server.
20:34:42.237 No connection to sync server.
20:35:42.254 No connection to sync server.
20:36:42.249 No connection to sync server.
20:37:42.261 No connection to sync server.
20:38:42.280 No connection to sync server.
20:39:42.279 No connection to sync server.
20:40:42.274 No connection to sync server.
20:41:42.281 No connection to sync server.
20:42:42.292 No connection to sync server.
20:43:42.296 No connection to sync server.
20:44:42.305 No connection to sync server.
20:45:42.316 No connection to sync server.
20:46:42.316 No connection to sync server.
20:47:42.328 No connection to sync server.
20:48:42.344 No connection to sync server.
20:49:42.341 No connection to sync server.
20:50:42.367 No connection to sync server.
20:51:42.383 No connection to sync server.
20:52:42.369 No connection to sync server.
20:53:42.376 No connection to sync server.
20:54:42.377 No connection to sync server.
20:55:42.382 No connection to sync server.
20:56:42.401 No connection to sync server.
20:57:42.396 No connection to sync server.
20:58:42.414 No connection to sync server.
20:59:42.427 No connection to sync server.
21:00:42.424 No connection to sync server.
21:01:42.436 No connection to sync server.
21:02:42.448 No connection to sync server.
21:03:42.453 No connection to sync server.
21:04:42.453 No connection to sync server.
21:05:42.470 No connection to sync server.
21:06:42.469 No connection to sync server.
21:07:42.484 No connection to sync server.
21:08:42.480 No connection to sync server.
21:09:42.498 No connection to sync server.
21:10:42.493 No connection to sync server.
21:11:42.504 No connection to sync server.
21:12:42.519 No connection to sync server.
21:13:42.518 No connection to sync server.
21:14:42.537 No connection to sync server.
21:15:42.546 No connection to sync server.
21:16:42.544 No connection to sync server.
21:17:07.549 Table counts: notes: 308, revisions: 122, attachments: 64, branches: 311, attributes: 457, etapi_tokens: 0, blobs: 333
21:17:07.574 All consistency checks passed with no errors detected (took 25ms)
21:17:42.548 No connection to sync server.
21:18:42.555 No connection to sync server.
21:19:42.567 No connection to sync server.
21:20:42.570 No connection to sync server.
21:21:42.580 No connection to sync server.
21:22:42.590 No connection to sync server.
21:23:42.592 No connection to sync server.
21:24:42.605 No connection to sync server.
21:25:42.614 No connection to sync server.
21:26:42.622 No connection to sync server.
21:27:42.625 No connection to sync server.
21:28:42.622 No connection to sync server.
21:29:42.645 No connection to sync server.
21:30:42.654 No connection to sync server.
21:31:42.649 No connection to sync server.
21:32:42.669 No connection to sync server.
21:33:42.680 No connection to sync server.
21:34:42.678 No connection to sync server.
21:35:42.685 No connection to sync server.
21:36:42.693 No connection to sync server.
21:37:42.694 No connection to sync server.
21:38:42.701 No connection to sync server.
21:39:42.703 No connection to sync server.
21:40:42.721 No connection to sync server.
21:41:42.736 No connection to sync server.
21:42:42.729 No connection to sync server.
21:43:42.732 No connection to sync server.
21:44:42.747 No connection to sync server.
21:45:42.759 No connection to sync server.
21:46:42.774 No connection to sync server.
21:47:42.765 No connection to sync server.
21:48:42.775 No connection to sync server.
21:49:42.787 No connection to sync server.
21:50:42.788 No connection to sync server.
21:51:42.795 No connection to sync server.
21:52:42.807 No connection to sync server.
21:53:42.817 No connection to sync server.
21:54:42.811 No connection to sync server.
21:55:42.822 No connection to sync server.
21:56:42.832 No connection to sync server.
21:57:42.842 No connection to sync server.
21:58:42.850 No connection to sync server.
21:59:42.870 No connection to sync server.
22:00:42.852 No connection to sync server.
22:01:42.865 No connection to sync server.
22:02:42.873 No connection to sync server.
22:03:42.880 No connection to sync server.
22:04:42.888 No connection to sync server.
22:05:42.894 No connection to sync server.
22:06:42.899 No connection to sync server.
22:07:42.909 No connection to sync server.
22:08:42.908 No connection to sync server.
22:09:42.931 No connection to sync server.
22:10:42.926 No connection to sync server.
22:11:42.928 No connection to sync server.
22:12:42.941 No connection to sync server.
22:13:42.932 No connection to sync server.
22:14:42.954 No connection to sync server.
22:15:42.955 No connection to sync server.
22:16:42.972 No connection to sync server.
22:17:07.550 Table counts: notes: 308, revisions: 122, attachments: 64, branches: 311, attributes: 457, etapi_tokens: 0, blobs: 333
22:17:07.574 All consistency checks passed with no errors detected (took 25ms)
22:17:42.971 No connection to sync server.
22:18:42.977 No connection to sync server.
22:19:42.984 No connection to sync server.
22:20:42.991 No connection to sync server.
22:21:42.989 No connection to sync server.
22:22:43.001 No connection to sync server.
22:23:43.000 No connection to sync server.
22:24:43.007 No connection to sync server.
22:25:43.019 No connection to sync server.
22:26:43.026 No connection to sync server.
22:27:43.032 No connection to sync server.
22:28:43.034 No connection to sync server.
22:29:43.032 No connection to sync server.
22:30:43.047 No connection to sync server.
22:31:43.063 No connection to sync server.
22:32:43.076 No connection to sync server.
22:33:43.060 No connection to sync server.
22:34:43.069 No connection to sync server.
22:35:43.080 No connection to sync server.
22:36:43.093 No connection to sync server.
22:37:43.113 No connection to sync server.
22:38:43.089 No connection to sync server.
22:39:43.094 No connection to sync server.
22:40:43.121 No connection to sync server.
22:41:43.113 No connection to sync server.
22:42:43.119 No connection to sync server.
22:43:43.124 No connection to sync server.
22:44:43.125 No connection to sync server.
22:45:43.129 No connection to sync server.
22:46:43.145 No connection to sync server.
22:47:43.151 No connection to sync server.
22:48:43.162 No connection to sync server.
22:49:43.165 No connection to sync server.
22:50:43.158 No connection to sync server.
22:51:43.176 No connection to sync server.
22:52:43.176 No connection to sync server.
22:53:43.193 No connection to sync server.
22:54:43.185 No connection to sync server.
22:55:43.194 No connection to sync server.
22:56:43.195 No connection to sync server.
22:57:43.199 No connection to sync server.
22:58:43.205 No connection to sync server.
22:59:43.217 No connection to sync server.
23:00:43.227 No connection to sync server.
23:01:43.219 No connection to sync server.
23:02:43.232 No connection to sync server.
23:03:43.237 No connection to sync server.
23:04:43.236 No connection to sync server.
23:05:43.250 No connection to sync server.
23:06:43.252 No connection to sync server.
23:07:43.264 No connection to sync server.
23:08:43.269 No connection to sync server.
23:09:43.269 No connection to sync server.
23:10:43.274 No connection to sync server.
23:11:43.288 No connection to sync server.
23:12:43.276 No connection to sync server.
23:13:43.291 No connection to sync server.
23:14:43.298 No connection to sync server.
23:15:43.292 No connection to sync server.
23:16:43.288 No connection to sync server.
23:17:07.553 Table counts: notes: 308, revisions: 122, attachments: 64, branches: 311, attributes: 457, etapi_tokens: 0, blobs: 333
23:17:07.592 All consistency checks passed with no errors detected (took 40ms)
23:17:43.309 No connection to sync server.
23:18:43.308 No connection to sync server.
23:19:43.308 No connection to sync server.
23:20:43.319 No connection to sync server.
23:21:43.323 No connection to sync server.
23:22:43.336 No connection to sync server.
23:23:43.329 No connection to sync server.
23:24:43.349 No connection to sync server.
23:25:43.349 No connection to sync server.
23:26:43.345 No connection to sync server.
23:27:43.353 No connection to sync server.
23:28:43.348 No connection to sync server.
23:29:43.380 No connection to sync server.
23:30:43.369 No connection to sync server.
23:31:43.378 No connection to sync server.
23:32:43.383 No connection to sync server.
23:33:43.387 No connection to sync server.
23:34:43.385 No connection to sync server.
23:35:43.395 No connection to sync server.
23:36:43.401 No connection to sync server.
23:37:43.406 No connection to sync server.
23:38:43.406 No connection to sync server.
23:39:43.415 No connection to sync server.
23:40:43.403 No connection to sync server.
23:41:43.413 No connection to sync server.
23:42:43.424 No connection to sync server.
23:43:43.423 No connection to sync server.
23:44:43.442 No connection to sync server.
23:45:43.434 No connection to sync server.
23:46:43.433 No connection to sync server.
23:47:43.449 No connection to sync server.
23:48:43.447 No connection to sync server.
23:49:43.445 No connection to sync server.
23:50:43.455 No connection to sync server.
23:51:43.468 No connection to sync server.
23:52:43.465 No connection to sync server.
23:53:43.465 No connection to sync server.
23:54:43.473 No connection to sync server.
23:55:43.478 No connection to sync server.
23:56:43.482 No connection to sync server.
23:57:43.495 No connection to sync server.
23:58:43.487 No connection to sync server.
23:59:43.495 No connection to sync server.
