00:06:21.090 Table counts: notes: 301, revisions: 59, attachments: 38, branches: 304, attributes: 448, etapi_tokens: 0, blobs: 271
00:06:21.119 All consistency checks passed with no errors detected (took 30ms)
00:30:42.430 Error: Router not found for request GET /manage/account/login
00:30:42.869 Error: Router not found for request GET /admin/index.html
00:30:43.306 Error: Router not found for request GET /index.html
00:30:43.745 Error: Router not found for request GET /+CSCOE+/logon.html
00:30:44.192 Error: Router not found for request GET /cgi-bin/login.cgi
00:30:44.631 Error: Router not found for request GET /login.htm
00:30:45.054 Error: Router not found for request GET /login.html
00:30:45.499 Error: Router not found for request GET /login.jsp
01:06:21.090 Table counts: notes: 301, revisions: 59, attachments: 38, branches: 304, attributes: 448, etapi_tokens: 0, blobs: 271
01:06:21.112 All consistency checks passed with no errors detected (took 23ms)
02:06:21.092 Table counts: notes: 301, revisions: 59, attachments: 38, branches: 304, attributes: 448, etapi_tokens: 0, blobs: 271
02:06:21.115 All consistency checks passed with no errors detected (took 24ms)
03:06:20.852 Optimizing database
03:06:20.855 Optimization finished in 1ms.
03:06:21.094 Table counts: notes: 301, revisions: 59, attachments: 38, branches: 304, attributes: 448, etapi_tokens: 0, blobs: 271
03:06:21.136 All consistency checks passed with no errors detected (took 43ms)
04:06:21.094 Table counts: notes: 301, revisions: 59, attachments: 38, branches: 304, attributes: 448, etapi_tokens: 0, blobs: 271
04:06:21.120 All consistency checks passed with no errors detected (took 27ms)
05:06:21.095 Table counts: notes: 301, revisions: 59, attachments: 38, branches: 304, attributes: 448, etapi_tokens: 0, blobs: 271
05:06:21.135 All consistency checks passed with no errors detected (took 41ms)
06:06:21.096 Table counts: notes: 301, revisions: 59, attachments: 38, branches: 304, attributes: 448, etapi_tokens: 0, blobs: 271
06:06:21.120 All consistency checks passed with no errors detected (took 24ms)
07:06:21.101 Table counts: notes: 301, revisions: 59, attachments: 38, branches: 304, attributes: 448, etapi_tokens: 0, blobs: 271
07:06:21.135 All consistency checks passed with no errors detected (took 35ms)
08:06:21.102 Table counts: notes: 301, revisions: 59, attachments: 38, branches: 304, attributes: 448, etapi_tokens: 0, blobs: 271
08:06:21.130 All consistency checks passed with no errors detected (took 29ms)
09:06:21.103 Table counts: notes: 301, revisions: 59, attachments: 38, branches: 304, attributes: 448, etapi_tokens: 0, blobs: 271
09:06:21.118 All consistency checks passed with no errors detected (took 16ms)
10:06:21.111 Table counts: notes: 301, revisions: 59, attachments: 38, branches: 304, attributes: 448, etapi_tokens: 0, blobs: 271
10:06:21.157 All consistency checks passed with no errors detected (took 53ms)
11:06:21.108 Table counts: notes: 301, revisions: 59, attachments: 38, branches: 304, attributes: 448, etapi_tokens: 0, blobs: 271
11:06:21.141 All consistency checks passed with no errors detected (took 32ms)
12:06:21.109 Table counts: notes: 301, revisions: 59, attachments: 38, branches: 304, attributes: 448, etapi_tokens: 0, blobs: 271
12:06:21.133 All consistency checks passed with no errors detected (took 25ms)
13:06:20.854 Optimizing database
13:06:20.856 Optimization finished in 1ms.
13:06:21.109 Table counts: notes: 301, revisions: 59, attachments: 38, branches: 304, attributes: 448, etapi_tokens: 0, blobs: 271
13:06:21.144 All consistency checks passed with no errors detected (took 36ms)
14:06:21.112 Table counts: notes: 301, revisions: 59, attachments: 38, branches: 304, attributes: 448, etapi_tokens: 0, blobs: 271
14:06:21.139 All consistency checks passed with no errors detected (took 28ms)
15:06:21.114 Table counts: notes: 301, revisions: 59, attachments: 38, branches: 304, attributes: 448, etapi_tokens: 0, blobs: 271
15:06:21.133 All consistency checks passed with no errors detected (took 19ms)
16:06:21.117 Table counts: notes: 301, revisions: 59, attachments: 38, branches: 304, attributes: 448, etapi_tokens: 0, blobs: 271
16:06:21.141 All consistency checks passed with no errors detected (took 25ms)
17:06:21.116 Table counts: notes: 301, revisions: 59, attachments: 38, branches: 304, attributes: 448, etapi_tokens: 0, blobs: 271
17:06:21.143 All consistency checks passed with no errors detected (took 28ms)
18:06:21.118 Table counts: notes: 301, revisions: 59, attachments: 38, branches: 304, attributes: 448, etapi_tokens: 0, blobs: 271
18:06:21.137 All consistency checks passed with no errors detected (took 19ms)
19:06:21.121 Table counts: notes: 301, revisions: 59, attachments: 38, branches: 304, attributes: 448, etapi_tokens: 0, blobs: 271
19:06:21.141 All consistency checks passed with no errors detected (took 21ms)
20:06:21.120 Table counts: notes: 301, revisions: 59, attachments: 38, branches: 304, attributes: 448, etapi_tokens: 0, blobs: 271
20:06:21.141 All consistency checks passed with no errors detected (took 21ms)
21:06:21.120 Table counts: notes: 301, revisions: 59, attachments: 38, branches: 304, attributes: 448, etapi_tokens: 0, blobs: 271
21:06:21.137 All consistency checks passed with no errors detected (took 17ms)
22:06:21.123 Table counts: notes: 301, revisions: 59, attachments: 38, branches: 304, attributes: 448, etapi_tokens: 0, blobs: 271
22:06:21.145 All consistency checks passed with no errors detected (took 23ms)
23:06:20.857 Optimizing database
23:06:20.859 Optimization finished in 1ms.
23:06:21.125 Table counts: notes: 301, revisions: 59, attachments: 38, branches: 304, attributes: 448, etapi_tokens: 0, blobs: 271
23:06:21.150 All consistency checks passed with no errors detected (took 26ms)
