00:00:44.857 No connection to sync server.
00:01:44.865 No connection to sync server.
00:02:44.883 No connection to sync server.
00:03:44.891 No connection to sync server.
00:04:44.923 No connection to sync server.
00:05:44.921 No connection to sync server.
00:06:44.953 No connection to sync server.
00:07:44.949 No connection to sync server.
00:08:44.975 No connection to sync server.
00:09:44.994 No connection to sync server.
00:10:45.006 No connection to sync server.
00:11:45.018 No connection to sync server.
00:12:45.036 No connection to sync server.
00:13:45.046 No connection to sync server.
00:14:45.076 No connection to sync server.
00:15:45.077 No connection to sync server.
00:16:45.104 No connection to sync server.
00:17:06.960 Table counts: notes: 308, revisions: 122, attachments: 65, branches: 311, attributes: 457, etapi_tokens: 0, blobs: 333
00:17:06.974 All consistency checks passed with no errors detected (took 14ms)
00:17:45.108 No connection to sync server.
00:18:45.130 No connection to sync server.
00:19:45.146 No connection to sync server.
00:20:45.181 No connection to sync server.
00:21:45.215 No connection to sync server.
00:22:45.181 No connection to sync server.
00:23:45.222 No connection to sync server.
00:24:45.207 No connection to sync server.
00:25:45.243 No connection to sync server.
00:26:45.246 No connection to sync server.
00:27:45.280 No connection to sync server.
00:28:45.275 No connection to sync server.
00:29:45.295 No connection to sync server.
00:30:45.312 No connection to sync server.
00:31:45.330 No connection to sync server.
00:32:45.340 No connection to sync server.
00:33:45.362 No connection to sync server.
00:34:45.373 No connection to sync server.
00:35:45.398 No connection to sync server.
00:36:45.408 No connection to sync server.
00:37:45.437 No connection to sync server.
00:38:45.439 No connection to sync server.
00:39:45.468 No connection to sync server.
00:40:45.475 No connection to sync server.
00:41:45.504 No connection to sync server.
00:42:45.502 No connection to sync server.
00:43:45.540 No connection to sync server.
00:44:45.531 No connection to sync server.
00:45:45.575 No connection to sync server.
00:46:45.573 No connection to sync server.
00:47:45.597 No connection to sync server.
00:48:45.596 No connection to sync server.
00:49:45.645 No connection to sync server.
00:50:45.645 No connection to sync server.
00:51:45.666 No connection to sync server.
00:52:45.669 No connection to sync server.
00:53:45.701 No connection to sync server.
00:54:45.710 No connection to sync server.
00:55:45.727 No connection to sync server.
00:56:45.745 No connection to sync server.
00:57:45.747 No connection to sync server.
00:58:45.762 No connection to sync server.
00:59:45.767 No connection to sync server.
01:00:45.781 No connection to sync server.
01:01:45.808 No connection to sync server.
01:02:45.819 No connection to sync server.
01:03:45.835 No connection to sync server.
01:04:45.865 No connection to sync server.
01:05:45.882 No connection to sync server.
01:06:45.887 No connection to sync server.
01:07:45.908 No connection to sync server.
01:08:45.906 No connection to sync server.
01:09:45.937 No connection to sync server.
01:10:45.947 No connection to sync server.
01:11:45.961 No connection to sync server.
01:12:45.973 No connection to sync server.
01:13:45.987 No connection to sync server.
01:14:46.013 No connection to sync server.
01:15:46.010 No connection to sync server.
01:16:46.035 No connection to sync server.
01:17:06.965 Table counts: notes: 308, revisions: 122, attachments: 65, branches: 311, attributes: 457, etapi_tokens: 0, blobs: 333
01:17:06.981 All consistency checks passed with no errors detected (took 16ms)
01:17:46.054 No connection to sync server.
01:18:46.072 No connection to sync server.
01:19:46.080 No connection to sync server.
01:20:46.104 No connection to sync server.
01:21:46.108 No connection to sync server.
01:22:46.133 No connection to sync server.
01:23:46.142 No connection to sync server.
01:24:46.169 No connection to sync server.
01:25:46.168 No connection to sync server.
01:26:46.205 No connection to sync server.
01:27:46.198 No connection to sync server.
01:28:46.212 No connection to sync server.
01:29:46.234 No connection to sync server.
01:30:46.239 No connection to sync server.
01:31:46.264 No connection to sync server.
01:32:46.272 No connection to sync server.
01:33:46.291 No connection to sync server.
01:34:46.312 No connection to sync server.
01:35:46.329 No connection to sync server.
01:36:46.329 No connection to sync server.
01:37:46.355 No connection to sync server.
01:38:46.359 No connection to sync server.
01:39:46.392 No connection to sync server.
01:40:46.387 No connection to sync server.
01:41:46.415 No connection to sync server.
01:42:46.421 No connection to sync server.
01:43:46.444 No connection to sync server.
01:44:46.453 No connection to sync server.
01:45:46.485 No connection to sync server.
01:46:46.488 No connection to sync server.
01:47:46.519 No connection to sync server.
01:48:46.517 No connection to sync server.
01:49:46.559 No connection to sync server.
01:50:46.548 No connection to sync server.
01:51:46.572 No connection to sync server.
01:52:46.586 No connection to sync server.
01:53:46.614 No connection to sync server.
01:54:46.612 No connection to sync server.
01:55:46.638 No connection to sync server.
01:56:46.653 No connection to sync server.
01:57:46.667 No connection to sync server.
01:58:46.676 No connection to sync server.
01:59:46.702 No connection to sync server.
02:00:46.716 No connection to sync server.
02:01:46.730 No connection to sync server.
02:02:46.750 No connection to sync server.
02:03:46.771 No connection to sync server.
02:04:46.774 No connection to sync server.
02:05:46.775 No connection to sync server.
02:06:46.815 No connection to sync server.
02:07:46.810 No connection to sync server.
02:08:46.831 No connection to sync server.
02:09:46.836 No connection to sync server.
02:10:46.869 No connection to sync server.
02:11:46.872 No connection to sync server.
02:12:46.895 No connection to sync server.
02:13:46.907 No connection to sync server.
02:14:46.931 No connection to sync server.
02:15:46.942 No connection to sync server.
02:16:46.968 No connection to sync server.
02:17:06.962 Table counts: notes: 308, revisions: 122, attachments: 65, branches: 311, attributes: 457, etapi_tokens: 0, blobs: 333
02:17:06.977 All consistency checks passed with no errors detected (took 15ms)
02:17:46.969 No connection to sync server.
02:18:47.002 No connection to sync server.
02:19:46.996 No connection to sync server.
02:20:47.039 No connection to sync server.
02:21:47.040 No connection to sync server.
02:22:47.056 No connection to sync server.
02:23:47.063 No connection to sync server.
02:24:47.080 No connection to sync server.
02:25:47.087 No connection to sync server.
02:26:47.108 No connection to sync server.
02:27:47.121 No connection to sync server.
02:28:47.125 No connection to sync server.
02:29:47.129 No connection to sync server.
02:30:47.157 No connection to sync server.
02:31:47.153 No connection to sync server.
02:32:47.190 No connection to sync server.
02:33:47.193 No connection to sync server.
02:34:47.200 No connection to sync server.
02:35:47.227 No connection to sync server.
02:36:47.232 No connection to sync server.
02:37:47.254 No connection to sync server.
02:38:47.257 No connection to sync server.
02:39:47.285 No connection to sync server.
02:40:47.283 No connection to sync server.
02:41:47.313 No connection to sync server.
02:42:47.309 No connection to sync server.
02:43:47.358 No connection to sync server.
02:44:47.344 No connection to sync server.
02:45:47.355 No connection to sync server.
02:46:47.373 No connection to sync server.
02:47:47.379 No connection to sync server.
02:48:47.407 No connection to sync server.
02:49:47.414 No connection to sync server.
02:50:47.423 No connection to sync server.
02:51:47.448 No connection to sync server.
02:52:47.453 No connection to sync server.
02:53:47.477 No connection to sync server.
02:54:47.483 No connection to sync server.
02:55:47.499 No connection to sync server.
02:56:47.514 No connection to sync server.
02:57:47.534 No connection to sync server.
02:58:47.542 No connection to sync server.
02:59:47.565 No connection to sync server.
03:00:47.570 No connection to sync server.
03:01:47.605 No connection to sync server.
03:02:47.611 No connection to sync server.
03:03:47.638 No connection to sync server.
03:04:47.645 No connection to sync server.
03:05:47.660 No connection to sync server.
03:06:47.671 No connection to sync server.
03:07:47.691 No connection to sync server.
03:08:47.702 No connection to sync server.
03:09:47.725 No connection to sync server.
03:10:47.736 No connection to sync server.
03:11:47.765 No connection to sync server.
03:12:47.763 No connection to sync server.
03:13:47.790 No connection to sync server.
03:14:47.793 No connection to sync server.
03:15:47.818 No connection to sync server.
03:16:47.824 No connection to sync server.
03:17:06.965 Table counts: notes: 308, revisions: 122, attachments: 65, branches: 311, attributes: 457, etapi_tokens: 0, blobs: 333
03:17:06.987 All consistency checks passed with no errors detected (took 23ms)
03:17:47.848 No connection to sync server.
03:18:47.850 No connection to sync server.
03:19:47.882 No connection to sync server.
03:20:47.886 No connection to sync server.
03:21:47.904 No connection to sync server.
03:22:47.902 No connection to sync server.
03:23:47.938 No connection to sync server.
03:24:47.935 No connection to sync server.
03:25:47.952 No connection to sync server.
03:26:47.962 No connection to sync server.
03:27:47.987 No connection to sync server.
03:28:47.990 No connection to sync server.
03:29:48.021 No connection to sync server.
03:30:48.023 No connection to sync server.
03:31:48.044 No connection to sync server.
03:32:48.051 No connection to sync server.
03:33:48.075 No connection to sync server.
03:34:48.081 No connection to sync server.
03:35:48.103 No connection to sync server.
03:36:48.112 No connection to sync server.
03:37:48.152 No connection to sync server.
03:38:48.145 No connection to sync server.
03:39:48.148 No connection to sync server.
03:40:48.171 No connection to sync server.
03:41:48.185 No connection to sync server.
03:42:48.190 No connection to sync server.
03:43:48.217 No connection to sync server.
03:44:48.215 No connection to sync server.
03:45:48.254 No connection to sync server.
03:46:48.255 No connection to sync server.
03:47:48.270 No connection to sync server.
03:48:48.274 No connection to sync server.
03:49:48.288 No connection to sync server.
03:50:48.316 No connection to sync server.
03:51:48.314 No connection to sync server.
03:52:48.329 No connection to sync server.
03:53:48.339 No connection to sync server.
03:54:48.365 No connection to sync server.
03:55:48.361 No connection to sync server.
03:56:48.400 No connection to sync server.
03:57:48.403 No connection to sync server.
03:58:48.424 No connection to sync server.
03:59:48.430 No connection to sync server.
04:00:48.425 No connection to sync server.
04:01:48.455 No connection to sync server.
04:02:48.453 No connection to sync server.
04:03:48.486 No connection to sync server.
04:04:48.489 No connection to sync server.
04:05:48.523 No connection to sync server.
04:06:49.563 No connection to sync server.
04:07:48.538 No connection to sync server.
04:08:48.553 No connection to sync server.
04:09:48.573 No connection to sync server.
04:10:48.571 No connection to sync server.
04:11:48.604 No connection to sync server.
04:12:48.613 No connection to sync server.
04:13:48.622 No connection to sync server.
04:14:48.645 No connection to sync server.
04:15:48.661 No connection to sync server.
04:16:48.681 No connection to sync server.
04:17:06.967 Table counts: notes: 308, revisions: 122, attachments: 65, branches: 311, attributes: 457, etapi_tokens: 0, blobs: 333
04:17:06.981 All consistency checks passed with no errors detected (took 14ms)
04:17:48.705 No connection to sync server.
04:18:48.698 No connection to sync server.
04:19:48.701 No connection to sync server.
04:20:48.734 No connection to sync server.
04:21:48.740 No connection to sync server.
04:22:48.737 No connection to sync server.
04:23:48.770 No connection to sync server.
04:24:48.760 No connection to sync server.
04:25:48.790 No connection to sync server.
04:26:48.802 No connection to sync server.
04:27:48.813 No connection to sync server.
04:28:48.824 No connection to sync server.
04:29:48.847 No connection to sync server.
04:30:48.849 No connection to sync server.
04:31:48.872 No connection to sync server.
04:32:48.877 No connection to sync server.
04:33:48.921 No connection to sync server.
04:34:48.906 No connection to sync server.
04:35:48.938 No connection to sync server.
04:36:48.938 No connection to sync server.
04:37:48.949 No connection to sync server.
04:38:48.954 No connection to sync server.
04:39:48.988 No connection to sync server.
04:40:48.979 No connection to sync server.
04:41:49.004 No connection to sync server.
04:42:49.010 No connection to sync server.
04:43:49.040 No connection to sync server.
04:44:49.046 No connection to sync server.
04:45:49.075 No connection to sync server.
04:46:49.060 No connection to sync server.
04:47:49.095 No connection to sync server.
04:48:49.091 No connection to sync server.
04:49:49.121 No connection to sync server.
04:50:49.116 No connection to sync server.
04:51:49.158 No connection to sync server.
04:52:49.142 No connection to sync server.
04:53:49.179 No connection to sync server.
04:54:49.173 No connection to sync server.
04:55:49.181 No connection to sync server.
04:56:49.190 No connection to sync server.
04:57:49.174 No connection to sync server.
04:58:49.210 No connection to sync server.
04:59:49.208 No connection to sync server.
05:00:49.231 No connection to sync server.
05:01:49.255 No connection to sync server.
05:02:49.487 No connection to sync server.
05:03:49.266 No connection to sync server.
05:04:49.275 No connection to sync server.
05:05:49.302 No connection to sync server.
05:06:49.302 No connection to sync server.
05:07:49.325 No connection to sync server.
05:08:49.333 No connection to sync server.
05:09:49.348 No connection to sync server.
05:10:49.355 No connection to sync server.
05:11:49.370 No connection to sync server.
05:12:49.371 No connection to sync server.
05:13:49.400 No connection to sync server.
05:14:49.401 No connection to sync server.
05:15:49.433 No connection to sync server.
05:16:49.436 No connection to sync server.
05:17:06.970 Table counts: notes: 308, revisions: 122, attachments: 65, branches: 311, attributes: 457, etapi_tokens: 0, blobs: 333
05:17:06.986 All consistency checks passed with no errors detected (took 17ms)
05:17:49.459 No connection to sync server.
05:18:49.454 No connection to sync server.
05:19:49.499 No connection to sync server.
05:20:49.491 No connection to sync server.
05:21:49.522 No connection to sync server.
05:22:49.518 No connection to sync server.
05:23:49.530 No connection to sync server.
05:24:49.549 No connection to sync server.
05:25:49.568 No connection to sync server.
05:26:49.586 No connection to sync server.
05:27:49.581 No connection to sync server.
05:28:49.606 No connection to sync server.
05:29:49.619 No connection to sync server.
05:30:49.643 No connection to sync server.
05:31:49.653 No connection to sync server.
05:32:49.658 No connection to sync server.
05:33:49.658 No connection to sync server.
05:34:49.689 No connection to sync server.
05:35:49.687 No connection to sync server.
05:36:49.767 No connection to sync server.
05:37:49.716 No connection to sync server.
05:38:49.749 No connection to sync server.
05:39:49.745 No connection to sync server.
05:40:49.778 No connection to sync server.
05:41:49.770 No connection to sync server.
05:42:49.812 No connection to sync server.
05:43:49.809 No connection to sync server.
05:44:49.842 No connection to sync server.
05:45:49.830 No connection to sync server.
05:46:49.862 No connection to sync server.
05:47:49.868 No connection to sync server.
05:48:49.886 No connection to sync server.
05:49:49.897 No connection to sync server.
05:50:49.922 No connection to sync server.
05:51:49.927 No connection to sync server.
05:52:49.952 No connection to sync server.
05:53:49.952 No connection to sync server.
05:54:49.976 No connection to sync server.
05:55:49.986 No connection to sync server.
05:56:50.001 No connection to sync server.
05:57:50.015 No connection to sync server.
05:58:50.029 No connection to sync server.
05:59:50.039 No connection to sync server.
06:00:50.076 No connection to sync server.
06:01:50.121 No connection to sync server.
06:02:50.088 No connection to sync server.
06:03:50.087 No connection to sync server.
06:04:50.114 No connection to sync server.
06:05:50.123 No connection to sync server.
06:06:50.134 No connection to sync server.
06:07:50.141 No connection to sync server.
06:08:50.165 No connection to sync server.
06:09:50.181 No connection to sync server.
06:10:50.173 No connection to sync server.
06:11:50.178 No connection to sync server.
06:12:50.200 No connection to sync server.
06:13:50.218 No connection to sync server.
06:14:50.213 No connection to sync server.
06:15:50.229 No connection to sync server.
06:16:50.238 No connection to sync server.
06:17:06.971 Table counts: notes: 308, revisions: 122, attachments: 65, branches: 311, attributes: 457, etapi_tokens: 0, blobs: 333
06:17:07.001 All consistency checks passed with no errors detected (took 31ms)
06:17:50.255 No connection to sync server.
06:18:50.268 No connection to sync server.
06:19:50.265 No connection to sync server.
06:20:50.297 No connection to sync server.
06:21:50.282 No connection to sync server.
06:22:50.314 No connection to sync server.
06:23:50.323 No connection to sync server.
06:24:50.358 No connection to sync server.
06:25:50.362 No connection to sync server.
06:26:50.388 No connection to sync server.
06:27:50.379 No connection to sync server.
06:28:50.398 No connection to sync server.
06:29:50.411 No connection to sync server.
06:30:50.422 No connection to sync server.
06:31:50.427 No connection to sync server.
06:32:50.439 No connection to sync server.
06:33:50.446 No connection to sync server.
06:34:50.482 No connection to sync server.
06:35:50.472 No connection to sync server.
06:36:50.498 No connection to sync server.
06:37:50.502 No connection to sync server.
06:38:50.508 No connection to sync server.
06:39:50.528 No connection to sync server.
06:40:50.546 No connection to sync server.
06:41:50.563 No connection to sync server.
06:42:50.570 No connection to sync server.
06:43:50.590 No connection to sync server.
06:44:50.588 No connection to sync server.
06:45:50.618 No connection to sync server.
06:46:50.627 No connection to sync server.
06:47:50.651 No connection to sync server.
06:48:50.638 No connection to sync server.
06:49:50.651 No connection to sync server.
06:50:50.674 No connection to sync server.
06:51:50.677 No connection to sync server.
06:52:50.699 No connection to sync server.
06:53:50.713 No connection to sync server.
06:54:50.729 No connection to sync server.
06:55:50.745 No connection to sync server.
06:56:50.754 No connection to sync server.
06:57:50.772 No connection to sync server.
06:58:50.796 No connection to sync server.
06:59:50.788 No connection to sync server.
07:00:50.813 No connection to sync server.
07:01:50.932 No connection to sync server.
07:02:50.838 No connection to sync server.
07:03:50.840 No connection to sync server.
07:04:50.857 No connection to sync server.
07:05:50.873 No connection to sync server.
07:06:50.885 No connection to sync server.
07:07:50.896 No connection to sync server.
07:08:50.922 No connection to sync server.
07:09:50.938 No connection to sync server.
07:10:50.949 No connection to sync server.
07:11:50.973 No connection to sync server.
07:12:50.982 No connection to sync server.
07:13:50.969 No connection to sync server.
07:14:50.997 No connection to sync server.
07:15:50.992 No connection to sync server.
07:16:51.022 No connection to sync server.
07:17:06.974 Table counts: notes: 308, revisions: 122, attachments: 65, branches: 311, attributes: 457, etapi_tokens: 0, blobs: 333
07:17:06.994 All consistency checks passed with no errors detected (took 21ms)
07:17:51.026 No connection to sync server.
07:18:51.025 No connection to sync server.
07:19:51.037 No connection to sync server.
07:20:51.051 No connection to sync server.
07:21:51.071 No connection to sync server.
07:22:51.081 No connection to sync server.
07:23:51.084 No connection to sync server.
07:24:51.112 No connection to sync server.
07:25:51.127 No connection to sync server.
07:26:51.135 No connection to sync server.
07:27:51.135 No connection to sync server.
07:28:51.161 No connection to sync server.
07:29:51.163 No connection to sync server.
07:30:51.183 No connection to sync server.
07:31:51.179 No connection to sync server.
07:32:51.202 No connection to sync server.
07:33:51.215 No connection to sync server.
07:34:51.232 No connection to sync server.
07:35:51.231 No connection to sync server.
07:36:51.254 No connection to sync server.
07:37:51.264 No connection to sync server.
07:38:51.270 No connection to sync server.
07:39:51.292 No connection to sync server.
07:40:51.288 No connection to sync server.
07:41:51.319 No connection to sync server.
07:42:51.309 No connection to sync server.
07:43:51.344 No connection to sync server.
07:44:51.347 No connection to sync server.
07:45:51.360 No connection to sync server.
07:46:51.364 No connection to sync server.
07:47:51.386 No connection to sync server.
07:48:51.395 No connection to sync server.
07:49:51.404 No connection to sync server.
07:50:51.419 No connection to sync server.
07:51:51.431 No connection to sync server.
07:52:51.443 No connection to sync server.
07:53:51.457 No connection to sync server.
07:54:51.461 No connection to sync server.
07:55:51.494 No connection to sync server.
07:56:51.496 No connection to sync server.
07:57:51.524 No connection to sync server.
07:58:51.516 No connection to sync server.
07:59:51.531 No connection to sync server.
08:00:51.541 No connection to sync server.
08:01:51.567 No connection to sync server.
08:02:51.569 No connection to sync server.
08:03:51.581 No connection to sync server.
08:04:51.599 No connection to sync server.
08:05:51.591 No connection to sync server.
08:06:51.617 No connection to sync server.
08:07:51.619 No connection to sync server.
08:08:51.685 No connection to sync server.
08:09:51.656 No connection to sync server.
08:10:51.684 No connection to sync server.
08:11:51.671 No connection to sync server.
08:12:51.700 No connection to sync server.
08:13:51.709 No connection to sync server.
08:14:51.728 No connection to sync server.
08:15:51.731 No connection to sync server.
08:16:51.751 No connection to sync server.
08:17:06.656 Optimizing database
08:17:06.657 Optimization finished in 1ms.
08:17:06.974 Table counts: notes: 308, revisions: 122, attachments: 65, branches: 311, attributes: 457, etapi_tokens: 0, blobs: 333
08:17:06.999 All consistency checks passed with no errors detected (took 25ms)
08:17:51.750 No connection to sync server.
08:18:51.763 No connection to sync server.
08:19:51.768 No connection to sync server.
08:20:51.778 No connection to sync server.
08:21:51.794 No connection to sync server.
08:22:51.810 No connection to sync server.
08:23:51.834 No connection to sync server.
08:24:51.840 No connection to sync server.
08:25:51.853 No connection to sync server.
08:26:51.858 No connection to sync server.
08:27:51.879 No connection to sync server.
08:28:51.876 No connection to sync server.
08:29:51.902 No connection to sync server.
08:30:51.915 No connection to sync server.
08:31:51.926 No connection to sync server.
08:32:51.932 No connection to sync server.
08:33:51.953 No connection to sync server.
08:34:51.961 No connection to sync server.
08:35:51.971 No connection to sync server.
08:36:51.973 No connection to sync server.
08:37:51.998 No connection to sync server.
08:38:52.007 No connection to sync server.
08:39:52.026 No connection to sync server.
08:40:52.018 No connection to sync server.
08:41:52.053 No connection to sync server.
08:42:52.058 No connection to sync server.
08:43:52.072 No connection to sync server.
08:44:52.070 No connection to sync server.
08:45:52.100 No connection to sync server.
08:46:52.102 No connection to sync server.
08:47:52.120 No connection to sync server.
08:48:52.125 No connection to sync server.
08:49:52.150 No connection to sync server.
08:50:52.152 No connection to sync server.
08:51:52.173 No connection to sync server.
08:52:52.178 No connection to sync server.
08:53:52.193 No connection to sync server.
08:54:52.189 No connection to sync server.
08:55:52.208 No connection to sync server.
08:56:52.214 No connection to sync server.
08:57:52.238 No connection to sync server.
08:58:52.275 No connection to sync server.
08:59:52.265 No connection to sync server.
09:00:52.262 No connection to sync server.
09:01:52.278 No connection to sync server.
09:02:52.291 No connection to sync server.
09:03:52.305 No connection to sync server.
09:04:52.311 No connection to sync server.
09:05:52.327 No connection to sync server.
09:06:52.343 No connection to sync server.
09:07:52.361 No connection to sync server.
09:08:52.356 No connection to sync server.
09:09:52.382 No connection to sync server.
09:10:52.389 No connection to sync server.
09:11:52.407 No connection to sync server.
09:12:52.419 No connection to sync server.
09:13:52.420 No connection to sync server.
09:14:52.463 No connection to sync server.
09:15:52.443 No connection to sync server.
09:16:52.459 No connection to sync server.
09:17:06.976 Table counts: notes: 308, revisions: 122, attachments: 65, branches: 311, attributes: 457, etapi_tokens: 0, blobs: 333
09:17:07.001 All consistency checks passed with no errors detected (took 25ms)
09:17:52.464 No connection to sync server.
09:18:52.490 No connection to sync server.
09:19:52.484 No connection to sync server.
09:20:52.522 No connection to sync server.
09:21:52.517 No connection to sync server.
09:22:52.527 No connection to sync server.
09:23:52.527 No connection to sync server.
09:24:52.553 No connection to sync server.
09:25:52.559 No connection to sync server.
09:26:52.573 No connection to sync server.
09:27:52.564 No connection to sync server.
09:28:52.570 No connection to sync server.
09:29:52.587 No connection to sync server.
09:30:52.625 No connection to sync server.
09:31:52.599 No connection to sync server.
09:32:52.624 No connection to sync server.
09:33:52.628 No connection to sync server.
09:34:52.640 No connection to sync server.
09:35:52.649 No connection to sync server.
09:36:52.654 No connection to sync server.
09:37:52.673 No connection to sync server.
09:38:52.681 No connection to sync server.
09:39:52.695 No connection to sync server.
09:40:52.705 No connection to sync server.
09:41:52.730 No connection to sync server.
09:42:52.728 No connection to sync server.
09:43:52.747 No connection to sync server.
09:44:52.752 No connection to sync server.
09:45:52.774 No connection to sync server.
09:46:52.781 No connection to sync server.
09:47:52.801 No connection to sync server.
09:48:52.798 No connection to sync server.
09:49:52.819 No connection to sync server.
09:50:52.819 No connection to sync server.
09:51:52.848 No connection to sync server.
09:52:52.846 No connection to sync server.
09:53:52.855 No connection to sync server.
09:54:52.865 No connection to sync server.
09:55:52.885 No connection to sync server.
09:56:52.888 No connection to sync server.
09:57:52.904 No connection to sync server.
09:58:52.913 No connection to sync server.
09:59:52.934 No connection to sync server.
10:00:52.942 No connection to sync server.
10:01:52.953 No connection to sync server.
10:02:52.958 No connection to sync server.
10:03:52.979 No connection to sync server.
10:04:52.977 No connection to sync server.
10:05:52.982 No connection to sync server.
10:06:52.987 No connection to sync server.
10:07:53.008 No connection to sync server.
10:08:53.002 No connection to sync server.
10:09:53.031 No connection to sync server.
10:10:53.035 No connection to sync server.
10:11:53.050 No connection to sync server.
10:12:53.052 No connection to sync server.
10:13:53.065 No connection to sync server.
10:14:53.077 No connection to sync server.
10:15:53.099 No connection to sync server.
10:16:53.098 No connection to sync server.
10:17:06.977 Table counts: notes: 308, revisions: 122, attachments: 65, branches: 311, attributes: 457, etapi_tokens: 0, blobs: 333
10:17:06.995 All consistency checks passed with no errors detected (took 19ms)
10:17:53.173 No connection to sync server.
10:18:53.117 No connection to sync server.
10:19:53.139 No connection to sync server.
10:20:53.145 No connection to sync server.
10:21:53.147 No connection to sync server.
10:22:53.174 No connection to sync server.
10:23:53.171 No connection to sync server.
10:24:53.196 No connection to sync server.
10:25:53.182 No connection to sync server.
10:26:53.210 No connection to sync server.
10:27:53.205 No connection to sync server.
10:28:53.230 No connection to sync server.
10:29:53.245 No connection to sync server.
10:30:53.253 No connection to sync server.
10:31:53.256 No connection to sync server.
10:32:53.281 No connection to sync server.
10:33:53.270 No connection to sync server.
10:34:53.312 No connection to sync server.
10:35:53.304 No connection to sync server.
10:36:53.312 No connection to sync server.
10:37:53.334 No connection to sync server.
10:38:53.336 No connection to sync server.
10:39:53.348 No connection to sync server.
10:40:53.371 No connection to sync server.
10:41:53.365 No connection to sync server.
10:42:53.389 No connection to sync server.
10:43:53.373 No connection to sync server.
10:44:53.402 No connection to sync server.
10:45:53.403 No connection to sync server.
10:46:53.424 No connection to sync server.
10:47:53.424 No connection to sync server.
10:48:53.440 No connection to sync server.
10:49:53.451 No connection to sync server.
10:50:53.476 No connection to sync server.
10:51:53.476 No connection to sync server.
10:52:53.490 No connection to sync server.
10:53:53.495 No connection to sync server.
10:54:53.508 No connection to sync server.
10:55:53.574 No connection to sync server.
10:56:53.535 No connection to sync server.
10:57:53.527 No connection to sync server.
10:58:53.552 No connection to sync server.
10:59:53.558 No connection to sync server.
11:00:53.553 No connection to sync server.
11:01:53.556 No connection to sync server.
11:02:53.562 No connection to sync server.
11:03:53.575 No connection to sync server.
11:04:53.574 No connection to sync server.
11:05:53.597 No connection to sync server.
11:06:53.609 No connection to sync server.
11:07:53.621 No connection to sync server.
11:08:53.609 No connection to sync server.
11:09:53.635 No connection to sync server.
11:10:53.638 No connection to sync server.
11:11:53.663 No connection to sync server.
11:12:53.651 No connection to sync server.
11:13:53.674 No connection to sync server.
11:14:53.690 No connection to sync server.
11:15:53.701 No connection to sync server.
11:16:53.705 No connection to sync server.
11:17:06.979 Table counts: notes: 308, revisions: 122, attachments: 65, branches: 311, attributes: 457, etapi_tokens: 0, blobs: 333
11:17:06.999 All consistency checks passed with no errors detected (took 21ms)
11:17:53.716 No connection to sync server.
11:18:53.721 No connection to sync server.
11:19:53.745 No connection to sync server.
11:20:53.756 No connection to sync server.
11:21:53.741 No connection to sync server.
11:22:53.761 No connection to sync server.
11:23:53.773 No connection to sync server.
11:24:53.790 No connection to sync server.
11:25:53.809 No connection to sync server.
11:26:53.804 No connection to sync server.
11:27:53.821 No connection to sync server.
11:28:53.839 No connection to sync server.
11:29:53.836 No connection to sync server.
11:30:53.852 No connection to sync server.
11:31:53.861 No connection to sync server.
11:32:53.874 No connection to sync server.
11:33:53.934 No connection to sync server.
11:34:53.907 No connection to sync server.
11:35:53.891 No connection to sync server.
11:36:53.904 No connection to sync server.
11:37:53.927 No connection to sync server.
11:38:53.919 No connection to sync server.
11:39:53.946 No connection to sync server.
11:40:53.939 No connection to sync server.
11:41:53.957 No connection to sync server.
11:42:53.969 No connection to sync server.
11:43:53.968 No connection to sync server.
11:44:53.979 No connection to sync server.
11:45:53.981 No connection to sync server.
11:46:54.003 No connection to sync server.
11:47:54.015 No connection to sync server.
11:48:54.041 No connection to sync server.
11:49:54.030 No connection to sync server.
11:50:54.032 No connection to sync server.
11:51:54.045 No connection to sync server.
11:52:54.064 No connection to sync server.
11:53:54.053 No connection to sync server.
11:54:54.075 No connection to sync server.
11:55:54.097 No connection to sync server.
11:56:54.092 No connection to sync server.
11:57:54.103 No connection to sync server.
11:58:54.107 No connection to sync server.
11:59:54.119 No connection to sync server.
12:00:54.121 No connection to sync server.
12:01:54.132 No connection to sync server.
12:02:54.138 No connection to sync server.
12:03:54.157 No connection to sync server.
12:04:54.158 No connection to sync server.
12:05:54.180 No connection to sync server.
12:06:54.190 No connection to sync server.
12:07:54.195 No connection to sync server.
12:08:54.295 No connection to sync server.
12:09:54.208 No connection to sync server.
12:10:54.210 No connection to sync server.
12:11:54.214 No connection to sync server.
12:12:54.222 No connection to sync server.
12:13:54.235 No connection to sync server.
12:14:54.241 No connection to sync server.
12:15:54.234 No connection to sync server.
12:16:54.240 No connection to sync server.
12:17:06.981 Table counts: notes: 308, revisions: 122, attachments: 65, branches: 311, attributes: 457, etapi_tokens: 0, blobs: 333
12:17:07.007 All consistency checks passed with no errors detected (took 27ms)
12:17:54.253 No connection to sync server.
12:18:54.250 No connection to sync server.
12:19:54.260 No connection to sync server.
12:20:54.271 No connection to sync server.
12:21:54.271 No connection to sync server.
12:22:54.284 No connection to sync server.
12:23:54.295 No connection to sync server.
12:24:54.290 No connection to sync server.
12:25:54.312 No connection to sync server.
12:26:54.312 No connection to sync server.
12:27:54.315 No connection to sync server.
12:28:54.325 No connection to sync server.
12:29:54.335 No connection to sync server.
12:30:54.346 No connection to sync server.
12:31:54.350 No connection to sync server.
12:32:54.346 No connection to sync server.
12:33:54.374 No connection to sync server.
12:34:54.367 No connection to sync server.
12:35:54.388 No connection to sync server.
12:36:54.390 No connection to sync server.
12:37:54.409 No connection to sync server.
12:38:54.411 No connection to sync server.
12:39:54.420 No connection to sync server.
12:40:54.438 No connection to sync server.
12:41:54.433 No connection to sync server.
12:42:54.448 No connection to sync server.
12:43:54.446 No connection to sync server.
12:44:54.462 No connection to sync server.
12:45:54.461 No connection to sync server.
12:46:54.474 No connection to sync server.
12:47:54.477 No connection to sync server.
12:48:54.491 No connection to sync server.
12:49:54.511 No connection to sync server.
12:50:54.501 No connection to sync server.
12:51:54.515 No connection to sync server.
12:52:54.530 No connection to sync server.
12:53:54.551 No connection to sync server.
12:54:54.545 No connection to sync server.
12:55:54.569 No connection to sync server.
12:56:54.570 No connection to sync server.
12:57:54.592 No connection to sync server.
12:58:54.591 No connection to sync server.
12:59:54.609 No connection to sync server.
13:00:54.602 No connection to sync server.
13:01:54.606 No connection to sync server.
13:02:54.636 No connection to sync server.
13:03:54.644 No connection to sync server.
13:04:54.638 No connection to sync server.
13:05:54.654 No connection to sync server.
13:06:54.664 No connection to sync server.
13:07:54.667 No connection to sync server.
13:08:54.690 No connection to sync server.
13:09:54.687 No connection to sync server.
13:10:54.701 No connection to sync server.
13:11:54.711 No connection to sync server.
13:12:54.736 No connection to sync server.
13:13:37.023 Error: Router not found for request GET /pdown
13:13:54.728 No connection to sync server.
13:14:54.731 No connection to sync server.
13:15:54.752 No connection to sync server.
13:16:54.788 No connection to sync server.
13:17:06.981 Table counts: notes: 308, revisions: 122, attachments: 65, branches: 311, attributes: 457, etapi_tokens: 0, blobs: 333
13:17:07.001 All consistency checks passed with no errors detected (took 21ms)
13:17:54.763 No connection to sync server.
13:18:54.773 No connection to sync server.
13:19:54.784 No connection to sync server.
13:20:54.792 No connection to sync server.
13:21:54.798 No connection to sync server.
13:22:54.806 No connection to sync server.
13:23:54.818 No connection to sync server.
13:24:54.835 No connection to sync server.
13:25:54.840 No connection to sync server.
13:26:54.840 No connection to sync server.
13:27:54.860 No connection to sync server.
13:28:54.852 No connection to sync server.
13:29:54.878 No connection to sync server.
13:30:54.874 No connection to sync server.
13:31:54.973 No connection to sync server.
13:32:54.897 No connection to sync server.
13:33:54.910 No connection to sync server.
13:34:54.904 No connection to sync server.
13:35:54.921 No connection to sync server.
13:36:54.990 No connection to sync server.
13:37:54.944 No connection to sync server.
13:38:54.939 No connection to sync server.
13:39:54.961 No connection to sync server.
13:40:54.955 No connection to sync server.
13:41:54.986 No connection to sync server.
13:42:54.980 No connection to sync server.
13:43:54.999 No connection to sync server.
13:44:54.989 No connection to sync server.
13:45:54.986 No connection to sync server.
13:46:55.002 No connection to sync server.
13:47:55.006 No connection to sync server.
13:48:55.034 No connection to sync server.
13:49:55.032 No connection to sync server.
13:50:55.039 No connection to sync server.
13:51:55.046 No connection to sync server.
13:52:55.061 No connection to sync server.
13:53:55.064 No connection to sync server.
13:54:55.068 No connection to sync server.
13:55:55.075 No connection to sync server.
13:56:55.097 No connection to sync server.
13:57:55.106 No connection to sync server.
13:58:55.123 No connection to sync server.
13:59:55.118 No connection to sync server.
14:00:55.136 No connection to sync server.
14:01:55.143 No connection to sync server.
14:02:55.145 No connection to sync server.
14:03:55.156 No connection to sync server.
14:04:55.164 No connection to sync server.
14:05:55.163 No connection to sync server.
14:06:55.173 No connection to sync server.
14:07:55.195 No connection to sync server.
14:08:55.186 No connection to sync server.
14:09:55.194 No connection to sync server.
14:10:55.215 No connection to sync server.
14:11:55.205 No connection to sync server.
14:12:55.228 No connection to sync server.
14:13:55.235 No connection to sync server.
14:14:55.237 No connection to sync server.
14:15:55.243 No connection to sync server.
14:16:55.251 No connection to sync server.
14:17:06.981 Table counts: notes: 308, revisions: 122, attachments: 65, branches: 311, attributes: 457, etapi_tokens: 0, blobs: 333
14:17:06.995 All consistency checks passed with no errors detected (took 14ms)
14:17:55.264 No connection to sync server.
14:18:55.270 No connection to sync server.
14:19:55.269 No connection to sync server.
14:20:55.288 No connection to sync server.
14:21:55.288 No connection to sync server.
14:22:55.302 No connection to sync server.
14:23:55.312 No connection to sync server.
14:24:55.316 No connection to sync server.
14:25:55.332 No connection to sync server.
14:26:55.334 No connection to sync server.
14:27:55.331 No connection to sync server.
14:28:55.353 No connection to sync server.
14:29:55.355 No connection to sync server.
14:30:55.360 No connection to sync server.
14:31:55.360 No connection to sync server.
14:32:55.390 No connection to sync server.
14:33:55.381 No connection to sync server.
14:34:55.401 No connection to sync server.
14:35:55.401 No connection to sync server.
14:36:55.419 No connection to sync server.
14:37:55.423 No connection to sync server.
14:38:55.427 No connection to sync server.
14:39:55.426 No connection to sync server.
14:40:55.432 No connection to sync server.
14:41:55.447 No connection to sync server.
14:42:55.452 No connection to sync server.
14:43:55.471 No connection to sync server.
14:44:55.472 No connection to sync server.
14:45:55.474 No connection to sync server.
14:46:55.484 No connection to sync server.
14:47:55.504 No connection to sync server.
14:48:55.504 No connection to sync server.
14:49:55.504 No connection to sync server.
14:50:55.512 No connection to sync server.
14:51:55.519 No connection to sync server.
14:52:55.529 No connection to sync server.
14:53:55.529 No connection to sync server.
14:54:55.540 No connection to sync server.
14:55:55.548 No connection to sync server.
14:56:55.560 No connection to sync server.
14:57:55.566 No connection to sync server.
14:58:55.566 No connection to sync server.
14:59:55.571 No connection to sync server.
15:00:55.573 No connection to sync server.
15:01:55.589 No connection to sync server.
15:02:55.592 No connection to sync server.
15:03:55.603 No connection to sync server.
15:04:55.610 No connection to sync server.
15:05:55.618 No connection to sync server.
15:06:55.619 No connection to sync server.
15:07:55.633 No connection to sync server.
15:08:55.657 No connection to sync server.
15:09:55.654 No connection to sync server.
15:10:55.659 No connection to sync server.
15:11:55.662 No connection to sync server.
15:12:55.678 No connection to sync server.
15:13:55.684 No connection to sync server.
15:14:55.682 No connection to sync server.
15:15:55.688 No connection to sync server.
15:16:55.719 No connection to sync server.
15:17:06.984 Table counts: notes: 308, revisions: 122, attachments: 65, branches: 311, attributes: 457, etapi_tokens: 0, blobs: 333
15:17:07.010 All consistency checks passed with no errors detected (took 27ms)
15:17:55.721 No connection to sync server.
15:18:55.720 No connection to sync server.
15:19:55.730 No connection to sync server.
15:20:55.726 No connection to sync server.
15:21:55.747 No connection to sync server.
15:22:55.746 No connection to sync server.
15:23:55.757 No connection to sync server.
15:24:55.752 No connection to sync server.
15:25:55.770 No connection to sync server.
15:26:55.775 No connection to sync server.
15:27:55.789 No connection to sync server.
15:28:55.792 No connection to sync server.
15:29:55.796 No connection to sync server.
15:30:55.804 No connection to sync server.
15:31:55.811 No connection to sync server.
15:32:55.834 No connection to sync server.
15:33:55.821 No connection to sync server.
15:34:55.828 No connection to sync server.
15:35:55.927 No connection to sync server.
15:36:55.852 No connection to sync server.
15:37:55.852 No connection to sync server.
15:38:55.863 No connection to sync server.
15:39:55.864 No connection to sync server.
15:40:55.877 No connection to sync server.
15:41:55.873 No connection to sync server.
15:42:55.885 No connection to sync server.
15:43:55.893 No connection to sync server.
15:44:55.904 No connection to sync server.
15:45:55.938 No connection to sync server.
15:46:55.920 No connection to sync server.
15:47:55.927 No connection to sync server.
15:48:55.932 No connection to sync server.
15:49:55.937 No connection to sync server.
15:50:55.948 No connection to sync server.
15:51:55.945 No connection to sync server.
15:52:55.960 No connection to sync server.
15:53:55.968 No connection to sync server.
15:54:55.981 No connection to sync server.
15:55:55.981 No connection to sync server.
15:56:55.989 No connection to sync server.
15:57:55.983 No connection to sync server.
15:58:55.997 No connection to sync server.
15:59:56.002 No connection to sync server.
16:00:56.008 No connection to sync server.
16:01:56.014 No connection to sync server.
16:02:56.024 No connection to sync server.
16:03:56.042 No connection to sync server.
16:04:56.042 No connection to sync server.
16:05:56.061 No connection to sync server.
16:06:56.057 No connection to sync server.
16:07:56.058 No connection to sync server.
16:08:56.063 No connection to sync server.
16:09:56.076 No connection to sync server.
16:10:56.078 No connection to sync server.
16:11:56.084 No connection to sync server.
16:12:56.097 No connection to sync server.
16:13:56.092 No connection to sync server.
16:14:56.112 No connection to sync server.
16:15:56.121 No connection to sync server.
16:16:56.117 No connection to sync server.
16:17:06.987 Table counts: notes: 308, revisions: 122, attachments: 65, branches: 311, attributes: 457, etapi_tokens: 0, blobs: 333
16:17:07.006 All consistency checks passed with no errors detected (took 19ms)
16:17:56.121 No connection to sync server.
16:18:56.140 No connection to sync server.
16:19:56.137 No connection to sync server.
16:20:56.142 No connection to sync server.
16:21:56.153 No connection to sync server.
16:22:56.158 No connection to sync server.
16:23:56.157 No connection to sync server.
16:24:56.163 No connection to sync server.
16:25:56.176 No connection to sync server.
16:26:56.183 No connection to sync server.
16:27:56.180 No connection to sync server.
16:28:56.188 No connection to sync server.
16:29:56.195 No connection to sync server.
16:30:56.214 No connection to sync server.
16:31:56.203 No connection to sync server.
16:32:56.231 No connection to sync server.
16:33:56.222 No connection to sync server.
16:34:56.239 No connection to sync server.
16:35:56.242 No connection to sync server.
16:36:56.237 No connection to sync server.
16:37:56.242 No connection to sync server.
16:38:56.280 No connection to sync server.
16:39:56.268 No connection to sync server.
16:40:56.263 No connection to sync server.
16:41:56.275 No connection to sync server.
16:42:56.276 No connection to sync server.
16:43:56.276 No connection to sync server.
16:44:56.285 No connection to sync server.
16:45:56.289 No connection to sync server.
16:46:56.292 No connection to sync server.
16:47:56.300 No connection to sync server.
16:48:56.304 No connection to sync server.
16:49:56.320 No connection to sync server.
16:50:56.315 No connection to sync server.
16:51:56.334 No connection to sync server.
16:52:56.324 No connection to sync server.
16:53:56.337 No connection to sync server.
16:54:56.347 No connection to sync server.
16:55:56.355 No connection to sync server.
16:56:56.356 No connection to sync server.
16:57:56.360 No connection to sync server.
16:58:56.354 No connection to sync server.
16:59:56.357 No connection to sync server.
17:00:56.361 No connection to sync server.
17:01:57.405 No connection to sync server.
17:02:56.386 No connection to sync server.
17:03:56.384 No connection to sync server.
17:04:56.390 No connection to sync server.
17:05:56.401 No connection to sync server.
17:06:56.410 No connection to sync server.
17:07:56.407 No connection to sync server.
17:08:56.422 No connection to sync server.
17:09:56.417 No connection to sync server.
17:10:56.425 No connection to sync server.
17:11:56.426 No connection to sync server.
17:12:56.430 No connection to sync server.
17:13:56.441 No connection to sync server.
17:14:56.450 No connection to sync server.
17:15:56.457 No connection to sync server.
17:16:56.452 No connection to sync server.
17:17:06.989 Table counts: notes: 308, revisions: 122, attachments: 65, branches: 311, attributes: 457, etapi_tokens: 0, blobs: 333
17:17:07.015 All consistency checks passed with no errors detected (took 27ms)
17:17:56.460 No connection to sync server.
17:18:56.475 No connection to sync server.
17:19:56.464 No connection to sync server.
17:20:56.472 No connection to sync server.
17:21:56.478 No connection to sync server.
17:22:56.481 No connection to sync server.
17:23:56.480 No connection to sync server.
17:24:56.492 No connection to sync server.
17:25:56.497 No connection to sync server.
17:26:56.506 No connection to sync server.
17:27:56.512 No connection to sync server.
17:28:56.519 No connection to sync server.
17:29:56.515 No connection to sync server.
17:30:56.524 No connection to sync server.
17:31:56.528 No connection to sync server.
17:32:56.526 No connection to sync server.
17:33:56.557 No connection to sync server.
17:34:56.544 No connection to sync server.
17:35:56.550 No connection to sync server.
17:36:56.554 No connection to sync server.
17:37:56.559 No connection to sync server.
17:38:56.560 No connection to sync server.
17:39:56.575 No connection to sync server.
17:40:56.580 No connection to sync server.
17:41:56.579 No connection to sync server.
17:42:56.573 No connection to sync server.
17:43:56.601 No connection to sync server.
17:44:56.584 No connection to sync server.
17:45:56.600 No connection to sync server.
17:46:56.608 No connection to sync server.
17:47:56.602 No connection to sync server.
17:48:56.608 No connection to sync server.
17:49:56.609 No connection to sync server.
17:50:56.610 No connection to sync server.
17:51:56.616 No connection to sync server.
17:52:56.632 No connection to sync server.
17:53:56.636 No connection to sync server.
17:54:56.638 No connection to sync server.
17:55:56.642 No connection to sync server.
17:56:56.641 No connection to sync server.
17:57:56.657 No connection to sync server.
17:58:56.650 No connection to sync server.
17:59:56.662 No connection to sync server.
18:00:56.672 No connection to sync server.
18:01:56.670 No connection to sync server.
18:02:56.667 No connection to sync server.
18:03:56.678 No connection to sync server.
18:04:56.681 No connection to sync server.
18:05:56.690 No connection to sync server.
18:06:56.685 No connection to sync server.
18:07:56.693 No connection to sync server.
18:08:56.696 No connection to sync server.
18:09:56.704 No connection to sync server.
18:10:56.785 No connection to sync server.
18:11:56.724 No connection to sync server.
18:12:56.706 No connection to sync server.
18:13:56.719 No connection to sync server.
18:14:56.713 No connection to sync server.
18:15:56.741 No connection to sync server.
18:16:56.735 No connection to sync server.
18:17:06.658 Optimizing database
18:17:06.660 Optimization finished in 1ms.
18:17:06.991 Table counts: notes: 308, revisions: 122, attachments: 65, branches: 311, attributes: 457, etapi_tokens: 0, blobs: 333
18:17:07.028 All consistency checks passed with no errors detected (took 37ms)
18:17:56.723 No connection to sync server.
18:18:56.739 No connection to sync server.
18:19:56.746 No connection to sync server.
18:20:56.748 No connection to sync server.
18:21:56.745 No connection to sync server.
18:22:56.752 No connection to sync server.
18:23:56.752 No connection to sync server.
18:24:56.754 No connection to sync server.
18:25:56.760 No connection to sync server.
18:26:56.766 No connection to sync server.
18:27:56.778 No connection to sync server.
18:28:56.775 No connection to sync server.
18:29:56.778 No connection to sync server.
18:30:56.804 No connection to sync server.
18:31:56.783 No connection to sync server.
18:32:56.781 No connection to sync server.
18:33:56.879 No connection to sync server.
18:34:56.796 No connection to sync server.
18:35:56.805 No connection to sync server.
18:36:56.807 No connection to sync server.
18:37:56.813 No connection to sync server.
18:38:56.806 No connection to sync server.
18:39:56.813 No connection to sync server.
18:40:56.824 No connection to sync server.
18:41:56.828 No connection to sync server.
18:42:56.828 No connection to sync server.
18:43:56.832 No connection to sync server.
18:44:56.832 No connection to sync server.
18:45:56.838 No connection to sync server.
18:46:56.842 No connection to sync server.
18:47:56.851 No connection to sync server.
18:48:21.715 Error: Router not found for request GET //wp-includes/wlwmanifest.xml
18:48:21.909 Error: Router not found for request GET //xmlrpc.php?rsd
18:48:22.490 Error: Router not found for request GET //blog/wp-includes/wlwmanifest.xml
18:48:22.678 Error: Router not found for request GET //web/wp-includes/wlwmanifest.xml
18:48:23.077 Error: Router not found for request GET //wordpress/wp-includes/wlwmanifest.xml
18:48:23.266 Error: Router not found for request GET //website/wp-includes/wlwmanifest.xml
18:48:23.454 Error: Router not found for request GET //wp/wp-includes/wlwmanifest.xml
18:48:25.348 Error: Router not found for request GET //news/wp-includes/wlwmanifest.xml
18:48:25.745 Error: Router not found for request GET //2018/wp-includes/wlwmanifest.xml
18:48:25.942 Error: Router not found for request GET //2019/wp-includes/wlwmanifest.xml
18:48:26.130 Error: Router not found for request GET //shop/wp-includes/wlwmanifest.xml
18:48:26.322 Error: Router not found for request GET //wp1/wp-includes/wlwmanifest.xml
18:48:26.533 Error: Router not found for request GET //test/wp-includes/wlwmanifest.xml
18:48:26.720 Error: Router not found for request GET //media/wp-includes/wlwmanifest.xml
18:48:26.908 Error: Router not found for request GET //wp2/wp-includes/wlwmanifest.xml
18:48:27.306 Error: Router not found for request GET //site/wp-includes/wlwmanifest.xml
18:48:27.495 Error: Router not found for request GET //cms/wp-includes/wlwmanifest.xml
18:48:27.684 Error: Router not found for request GET //sito/wp-includes/wlwmanifest.xml
18:48:56.858 No connection to sync server.
18:49:56.847 No connection to sync server.
18:50:56.861 No connection to sync server.
18:51:56.858 No connection to sync server.
18:52:56.865 No connection to sync server.
18:53:56.861 No connection to sync server.
18:54:56.879 No connection to sync server.
18:55:56.862 No connection to sync server.
18:56:56.868 No connection to sync server.
18:57:56.876 No connection to sync server.
18:58:56.882 No connection to sync server.
18:59:56.878 No connection to sync server.
19:00:56.888 No connection to sync server.
19:01:56.895 No connection to sync server.
19:02:56.884 No connection to sync server.
19:03:56.896 No connection to sync server.
19:04:56.907 No connection to sync server.
19:05:56.909 No connection to sync server.
19:06:56.906 No connection to sync server.
19:07:56.902 No connection to sync server.
19:08:56.988 No connection to sync server.
19:09:56.921 No connection to sync server.
19:10:56.913 No connection to sync server.
19:11:56.916 No connection to sync server.
19:12:56.919 No connection to sync server.
19:13:56.926 No connection to sync server.
19:14:56.922 No connection to sync server.
19:15:56.927 No connection to sync server.
19:16:56.923 No connection to sync server.
19:17:06.993 Table counts: notes: 308, revisions: 122, attachments: 65, branches: 311, attributes: 457, etapi_tokens: 0, blobs: 333
19:17:07.010 All consistency checks passed with no errors detected (took 17ms)
19:17:56.952 No connection to sync server.
19:18:56.958 No connection to sync server.
19:19:56.938 No connection to sync server.
19:20:56.938 No connection to sync server.
19:21:56.933 No connection to sync server.
19:22:56.945 No connection to sync server.
19:23:56.937 No connection to sync server.
19:24:56.940 No connection to sync server.
19:25:56.941 No connection to sync server.
19:26:56.949 No connection to sync server.
19:27:56.948 No connection to sync server.
19:28:56.956 No connection to sync server.
19:29:56.952 No connection to sync server.
19:30:56.950 No connection to sync server.
19:31:56.960 No connection to sync server.
19:32:56.960 No connection to sync server.
19:33:56.964 No connection to sync server.
19:34:56.954 No connection to sync server.
19:35:56.967 No connection to sync server.
19:36:56.972 No connection to sync server.
19:37:56.964 No connection to sync server.
19:38:56.959 No connection to sync server.
19:39:56.957 No connection to sync server.
19:40:56.965 No connection to sync server.
19:41:56.970 No connection to sync server.
19:42:56.970 No connection to sync server.
19:43:56.965 No connection to sync server.
19:44:56.979 No connection to sync server.
19:45:56.963 No connection to sync server.
19:46:56.969 No connection to sync server.
19:47:56.969 No connection to sync server.
19:48:56.983 No connection to sync server.
19:49:56.974 No connection to sync server.
19:50:56.976 No connection to sync server.
19:51:56.992 No connection to sync server.
19:52:56.969 No connection to sync server.
19:53:56.970 No connection to sync server.
19:54:56.976 No connection to sync server.
19:55:56.980 No connection to sync server.
19:56:56.983 No connection to sync server.
19:57:56.981 No connection to sync server.
19:58:57.001 No connection to sync server.
19:59:57.016 No connection to sync server.
20:00:57.035 No connection to sync server.
20:01:57.049 No connection to sync server.
20:02:57.052 No connection to sync server.
20:03:57.089 No connection to sync server.
20:04:57.082 No connection to sync server.
20:05:57.122 No connection to sync server.
20:06:57.118 No connection to sync server.
20:07:57.137 No connection to sync server.
20:08:57.143 No connection to sync server.
20:09:57.165 No connection to sync server.
20:10:57.184 No connection to sync server.
20:11:57.201 No connection to sync server.
20:12:57.221 No connection to sync server.
20:13:57.243 No connection to sync server.
20:14:57.260 No connection to sync server.
20:15:57.264 No connection to sync server.
20:16:57.292 No connection to sync server.
20:17:06.993 Table counts: notes: 308, revisions: 122, attachments: 65, branches: 311, attributes: 457, etapi_tokens: 0, blobs: 333
20:17:07.007 All consistency checks passed with no errors detected (took 15ms)
20:17:57.299 No connection to sync server.
20:18:57.330 No connection to sync server.
20:19:57.322 No connection to sync server.
20:20:57.331 No connection to sync server.
20:21:57.341 No connection to sync server.
20:22:57.368 No connection to sync server.
20:23:57.361 No connection to sync server.
20:24:57.383 No connection to sync server.
20:25:57.393 No connection to sync server.
20:26:57.395 No connection to sync server.
20:27:57.416 No connection to sync server.
20:28:57.415 No connection to sync server.
20:29:57.429 No connection to sync server.
20:30:57.450 No connection to sync server.
20:31:57.466 No connection to sync server.
20:32:57.479 No connection to sync server.
20:33:57.493 No connection to sync server.
20:34:57.529 No connection to sync server.
20:35:57.533 No connection to sync server.
20:36:57.528 No connection to sync server.
20:37:57.565 No connection to sync server.
20:38:57.576 No connection to sync server.
20:39:57.610 No connection to sync server.
20:40:57.592 No connection to sync server.
20:41:57.625 No connection to sync server.
20:42:57.625 No connection to sync server.
20:43:57.647 No connection to sync server.
20:44:57.651 No connection to sync server.
20:45:57.688 No connection to sync server.
20:46:57.689 No connection to sync server.
20:47:57.713 No connection to sync server.
20:48:57.733 No connection to sync server.
20:49:57.764 No connection to sync server.
20:50:57.760 No connection to sync server.
20:51:57.792 No connection to sync server.
20:52:57.793 No connection to sync server.
20:53:57.823 No connection to sync server.
20:54:57.828 No connection to sync server.
20:55:57.850 No connection to sync server.
20:56:57.861 No connection to sync server.
20:57:57.899 No connection to sync server.
20:58:57.895 No connection to sync server.
20:59:57.900 No connection to sync server.
21:00:57.931 No connection to sync server.
21:01:57.928 No connection to sync server.
21:02:57.954 No connection to sync server.
21:03:57.961 No connection to sync server.
21:04:57.994 No connection to sync server.
21:05:57.994 No connection to sync server.
21:06:58.018 No connection to sync server.
21:07:58.028 No connection to sync server.
21:08:58.060 No connection to sync server.
21:09:58.058 No connection to sync server.
21:10:58.091 No connection to sync server.
21:11:58.099 No connection to sync server.
21:12:58.125 No connection to sync server.
21:13:58.134 No connection to sync server.
21:14:58.152 No connection to sync server.
21:15:58.168 No connection to sync server.
21:16:58.186 No connection to sync server.
21:17:06.996 Table counts: notes: 308, revisions: 122, attachments: 65, branches: 311, attributes: 457, etapi_tokens: 0, blobs: 333
21:17:07.017 All consistency checks passed with no errors detected (took 20ms)
21:17:58.191 No connection to sync server.
21:18:58.214 No connection to sync server.
21:19:58.220 No connection to sync server.
21:20:58.230 No connection to sync server.
21:21:58.249 No connection to sync server.
21:22:58.273 No connection to sync server.
21:23:58.266 No connection to sync server.
21:24:58.289 No connection to sync server.
21:25:58.302 No connection to sync server.
21:26:58.323 No connection to sync server.
21:27:58.332 No connection to sync server.
21:28:58.350 No connection to sync server.
21:29:58.367 No connection to sync server.
21:30:58.366 No connection to sync server.
21:31:58.397 No connection to sync server.
21:32:58.399 No connection to sync server.
21:33:58.398 No connection to sync server.
21:34:58.426 No connection to sync server.
21:35:58.427 No connection to sync server.
21:36:58.464 No connection to sync server.
21:37:58.463 No connection to sync server.
21:38:58.490 No connection to sync server.
21:39:58.499 No connection to sync server.
21:40:58.530 No connection to sync server.
21:41:58.529 No connection to sync server.
21:42:58.554 No connection to sync server.
21:43:58.573 No connection to sync server.
21:44:58.589 No connection to sync server.
21:45:58.599 No connection to sync server.
21:46:58.623 No connection to sync server.
21:47:58.634 No connection to sync server.
21:48:58.653 No connection to sync server.
21:49:58.677 No connection to sync server.
21:50:58.681 No connection to sync server.
21:51:58.698 No connection to sync server.
21:52:58.721 No connection to sync server.
21:53:58.732 No connection to sync server.
21:54:58.760 No connection to sync server.
21:55:58.762 No connection to sync server.
21:56:58.770 No connection to sync server.
21:57:58.781 No connection to sync server.
21:58:58.811 No connection to sync server.
21:59:58.817 No connection to sync server.
22:00:58.842 No connection to sync server.
22:01:58.850 No connection to sync server.
22:02:58.868 No connection to sync server.
22:03:58.891 No connection to sync server.
22:04:58.906 No connection to sync server.
22:05:58.916 No connection to sync server.
22:06:58.939 No connection to sync server.
22:07:58.939 No connection to sync server.
22:08:58.968 No connection to sync server.
22:09:58.977 No connection to sync server.
22:10:58.979 No connection to sync server.
22:11:59.015 No connection to sync server.
22:12:59.011 No connection to sync server.
22:13:59.049 No connection to sync server.
22:14:59.051 No connection to sync server.
22:15:59.081 No connection to sync server.
22:16:59.079 No connection to sync server.
22:17:06.997 Table counts: notes: 308, revisions: 122, attachments: 65, branches: 311, attributes: 457, etapi_tokens: 0, blobs: 333
22:17:07.017 All consistency checks passed with no errors detected (took 20ms)
22:17:59.100 No connection to sync server.
22:18:59.114 No connection to sync server.
22:19:59.125 No connection to sync server.
22:20:59.144 No connection to sync server.
22:21:59.158 No connection to sync server.
22:22:59.177 No connection to sync server.
22:23:59.184 No connection to sync server.
22:24:59.182 No connection to sync server.
22:25:59.213 No connection to sync server.
22:26:59.210 No connection to sync server.
22:27:59.248 No connection to sync server.
22:28:59.243 No connection to sync server.
22:29:59.273 No connection to sync server.
22:30:59.285 No connection to sync server.
22:31:59.297 No connection to sync server.
22:32:59.303 No connection to sync server.
22:33:59.327 No connection to sync server.
22:34:59.333 No connection to sync server.
22:35:59.377 No connection to sync server.
22:36:59.364 No connection to sync server.
22:37:59.390 No connection to sync server.
22:38:59.392 No connection to sync server.
22:39:59.426 No connection to sync server.
22:40:59.432 No connection to sync server.
22:41:59.459 No connection to sync server.
22:42:59.462 No connection to sync server.
22:43:59.500 No connection to sync server.
22:44:59.496 No connection to sync server.
22:45:59.529 No connection to sync server.
22:46:59.526 No connection to sync server.
22:47:59.555 No connection to sync server.
22:48:59.556 No connection to sync server.
22:49:59.588 No connection to sync server.
22:50:59.602 No connection to sync server.
22:51:59.614 No connection to sync server.
22:52:59.619 No connection to sync server.
22:53:59.647 No connection to sync server.
22:54:59.650 No connection to sync server.
22:55:59.676 No connection to sync server.
22:56:59.678 No connection to sync server.
22:57:59.691 No connection to sync server.
22:58:59.711 No connection to sync server.
22:59:59.725 No connection to sync server.
23:00:59.723 No connection to sync server.
23:01:59.737 No connection to sync server.
23:02:59.760 No connection to sync server.
23:03:59.769 No connection to sync server.
23:04:59.771 No connection to sync server.
23:05:59.808 No connection to sync server.
23:06:59.804 No connection to sync server.
23:07:59.834 No connection to sync server.
23:08:59.840 No connection to sync server.
23:09:59.865 No connection to sync server.
23:10:59.873 No connection to sync server.
23:11:59.880 No connection to sync server.
23:12:59.897 No connection to sync server.
23:13:59.904 No connection to sync server.
23:14:59.928 No connection to sync server.
23:15:59.938 No connection to sync server.
23:16:59.959 No connection to sync server.
23:17:07.000 Table counts: notes: 308, revisions: 122, attachments: 65, branches: 311, attributes: 457, etapi_tokens: 0, blobs: 333
23:17:07.018 All consistency checks passed with no errors detected (took 18ms)
23:17:59.961 No connection to sync server.
23:19:00.002 No connection to sync server.
23:19:59.997 No connection to sync server.
23:21:00.035 No connection to sync server.
23:22:00.036 No connection to sync server.
23:23:00.057 No connection to sync server.
23:24:00.082 No connection to sync server.
23:25:00.079 No connection to sync server.
23:26:00.108 No connection to sync server.
23:27:00.102 No connection to sync server.
23:28:00.130 No connection to sync server.
23:29:00.132 No connection to sync server.
23:30:00.155 No connection to sync server.
23:31:00.160 No connection to sync server.
23:32:00.188 No connection to sync server.
23:33:00.196 No connection to sync server.
23:34:00.224 No connection to sync server.
23:35:00.227 No connection to sync server.
23:36:00.216 No connection to sync server.
23:37:00.246 No connection to sync server.
23:37:00.536 Error: Router not found for request GET /sitemap.xml
23:37:33.618 Error: Router not found for request GET /config.json
23:38:00.250 No connection to sync server.
23:39:00.280 No connection to sync server.
23:40:00.277 No connection to sync server.
23:41:00.302 No connection to sync server.
23:42:00.310 No connection to sync server.
23:43:00.336 No connection to sync server.
23:44:00.336 No connection to sync server.
23:45:00.371 No connection to sync server.
23:46:00.378 No connection to sync server.
23:47:00.380 No connection to sync server.
23:48:00.404 No connection to sync server.
23:49:00.408 No connection to sync server.
23:50:00.432 No connection to sync server.
23:51:00.440 No connection to sync server.
23:52:00.459 No connection to sync server.
23:53:00.464 No connection to sync server.
23:54:00.491 No connection to sync server.
23:55:00.511 No connection to sync server.
23:56:00.521 No connection to sync server.
23:57:00.532 No connection to sync server.
23:58:00.559 No connection to sync server.
23:59:00.567 No connection to sync server.
