00:27:11.999 Table counts: notes: 276, revisions: 10, attachments: 29, branches: 279, attributes: 426, etapi_tokens: 0, blobs: 216
00:27:12.013 All consistency checks passed with no errors detected (took 15ms)
01:27:11.999 Table counts: notes: 276, revisions: 10, attachments: 29, branches: 279, attributes: 426, etapi_tokens: 0, blobs: 216
01:27:12.013 All consistency checks passed with no errors detected (took 15ms)
02:15:48.454 Error: Router not found for request GET /.git/config
02:27:11.999 Table counts: notes: 276, revisions: 10, attachments: 29, branches: 279, attributes: 426, etapi_tokens: 0, blobs: 216
02:27:12.012 All consistency checks passed with no errors detected (took 13ms)
03:27:12.000 Table counts: notes: 276, revisions: 10, attachments: 29, branches: 279, attributes: 426, etapi_tokens: 0, blobs: 216
03:27:12.012 All consistency checks passed with no errors detected (took 13ms)
04:27:12.001 Table counts: notes: 276, revisions: 10, attachments: 29, branches: 279, attributes: 426, etapi_tokens: 0, blobs: 216
04:27:12.012 All consistency checks passed with no errors detected (took 11ms)
05:27:12.002 Table counts: notes: 276, revisions: 10, attachments: 29, branches: 279, attributes: 426, etapi_tokens: 0, blobs: 216
05:27:12.012 All consistency checks passed with no errors detected (took 10ms)
06:27:12.003 Table counts: notes: 276, revisions: 10, attachments: 29, branches: 279, attributes: 426, etapi_tokens: 0, blobs: 216
06:27:12.018 All consistency checks passed with no errors detected (took 15ms)
07:27:12.006 Table counts: notes: 276, revisions: 10, attachments: 29, branches: 279, attributes: 426, etapi_tokens: 0, blobs: 216
07:27:12.019 All consistency checks passed with no errors detected (took 14ms)
08:00:29.754 Error: Router not found for request GET /.git/config
08:27:11.923 Optimizing database
08:27:11.925 Optimization finished in 2ms.
08:27:12.006 Table counts: notes: 276, revisions: 10, attachments: 29, branches: 279, attributes: 426, etapi_tokens: 0, blobs: 216
08:27:12.022 All consistency checks passed with no errors detected (took 17ms)
08:31:57.690 Error: Router not found for request GET /.git/config
08:48:12.722 Error: Router not found for request GET /.env
09:27:12.006 Table counts: notes: 276, revisions: 10, attachments: 29, branches: 279, attributes: 426, etapi_tokens: 0, blobs: 216
09:27:12.016 All consistency checks passed with no errors detected (took 10ms)
10:27:12.007 Table counts: notes: 276, revisions: 10, attachments: 29, branches: 279, attributes: 426, etapi_tokens: 0, blobs: 216
10:27:12.017 All consistency checks passed with no errors detected (took 10ms)
11:27:12.009 Table counts: notes: 276, revisions: 10, attachments: 29, branches: 279, attributes: 426, etapi_tokens: 0, blobs: 216
11:27:12.019 All consistency checks passed with no errors detected (took 11ms)
12:27:12.010 Table counts: notes: 276, revisions: 10, attachments: 29, branches: 279, attributes: 426, etapi_tokens: 0, blobs: 216
12:27:12.029 All consistency checks passed with no errors detected (took 20ms)
13:27:12.009 Table counts: notes: 276, revisions: 10, attachments: 29, branches: 279, attributes: 426, etapi_tokens: 0, blobs: 216
13:27:12.022 All consistency checks passed with no errors detected (took 12ms)
14:27:12.009 Table counts: notes: 276, revisions: 10, attachments: 29, branches: 279, attributes: 426, etapi_tokens: 0, blobs: 216
14:27:12.019 All consistency checks passed with no errors detected (took 11ms)
15:27:12.009 Table counts: notes: 276, revisions: 10, attachments: 29, branches: 279, attributes: 426, etapi_tokens: 0, blobs: 216
15:27:12.023 All consistency checks passed with no errors detected (took 15ms)
16:27:12.009 Table counts: notes: 276, revisions: 10, attachments: 29, branches: 279, attributes: 426, etapi_tokens: 0, blobs: 216
16:27:12.023 All consistency checks passed with no errors detected (took 15ms)
17:27:12.011 Table counts: notes: 276, revisions: 10, attachments: 29, branches: 279, attributes: 426, etapi_tokens: 0, blobs: 216
17:27:12.025 All consistency checks passed with no errors detected (took 15ms)
18:27:11.923 Optimizing database
18:27:11.924 Optimization finished in 1ms.
18:27:12.010 Table counts: notes: 276, revisions: 10, attachments: 29, branches: 279, attributes: 426, etapi_tokens: 0, blobs: 216
18:27:12.025 All consistency checks passed with no errors detected (took 16ms)
19:27:12.012 Table counts: notes: 276, revisions: 10, attachments: 29, branches: 279, attributes: 426, etapi_tokens: 0, blobs: 216
19:27:12.028 All consistency checks passed with no errors detected (took 17ms)
20:27:12.012 Table counts: notes: 276, revisions: 10, attachments: 29, branches: 279, attributes: 426, etapi_tokens: 0, blobs: 216
20:27:12.027 All consistency checks passed with no errors detected (took 15ms)
21:27:12.013 Table counts: notes: 276, revisions: 10, attachments: 29, branches: 279, attributes: 426, etapi_tokens: 0, blobs: 216
21:27:12.028 All consistency checks passed with no errors detected (took 16ms)
22:27:12.012 Table counts: notes: 276, revisions: 10, attachments: 29, branches: 279, attributes: 426, etapi_tokens: 0, blobs: 216
22:27:12.030 All consistency checks passed with no errors detected (took 18ms)
22:27:51.427 Error: Router not found for request GET /.git/config
23:27:12.014 Table counts: notes: 276, revisions: 10, attachments: 29, branches: 279, attributes: 426, etapi_tokens: 0, blobs: 216
23:27:12.030 All consistency checks passed with no errors detected (took 17ms)
