00:06:21.251 Table counts: notes: 301, revisions: 59, attachments: 38, branches: 304, attributes: 448, etapi_tokens: 0, blobs: 271
00:06:21.268 All consistency checks passed with no errors detected (took 18ms)
01:06:21.251 Table counts: notes: 301, revisions: 59, attachments: 38, branches: 304, attributes: 448, etapi_tokens: 0, blobs: 271
01:06:21.270 All consistency checks passed with no errors detected (took 20ms)
02:06:21.252 Table counts: notes: 301, revisions: 59, attachments: 38, branches: 304, attributes: 448, etapi_tokens: 0, blobs: 271
02:06:21.266 All consistency checks passed with no errors detected (took 15ms)
03:06:20.871 Optimizing database
03:06:20.873 Optimization finished in 1ms.
03:06:21.253 Table counts: notes: 301, revisions: 59, attachments: 38, branches: 304, attributes: 448, etapi_tokens: 0, blobs: 271
03:06:21.273 All consistency checks passed with no errors detected (took 21ms)
04:06:21.252 Table counts: notes: 301, revisions: 59, attachments: 38, branches: 304, attributes: 448, etapi_tokens: 0, blobs: 271
04:06:21.267 All consistency checks passed with no errors detected (took 16ms)
04:47:40.379 Error: Router not found for request GET /.git/HEAD
05:06:21.252 Table counts: notes: 301, revisions: 59, attachments: 38, branches: 304, attributes: 448, etapi_tokens: 0, blobs: 271
05:06:21.266 All consistency checks passed with no errors detected (took 14ms)
05:15:22.744 Error: Router not found for request GET /_profiler/phpinfo
05:15:22.995 Error: Router not found for request GET /_profiler/phpinfo.php
05:15:23.247 Error: Router not found for request GET /phpinfo
05:15:23.494 Error: Router not found for request GET /phpinfo.php
05:15:23.742 Error: Router not found for request GET /info
05:15:23.990 Error: Router not found for request GET /info.php
05:15:24.238 Error: Router not found for request GET /.env
05:15:24.487 Error: Router not found for request GET /app/.env
05:15:24.759 Error: Router not found for request GET /.env.bak
05:15:25.008 Error: Router not found for request GET /.env.example
05:15:25.256 Error: Router not found for request GET /.env.local
05:15:25.525 Error: Router not found for request GET /.env.old
05:15:25.771 Error: Router not found for request GET /.env.prod
05:15:26.019 Error: Router not found for request GET /.env.production.local
05:15:26.265 Error: Router not found for request GET /.env.stage
05:15:26.514 Error: Router not found for request GET /admin/.env
05:15:26.775 Error: Router not found for request GET /api/.env
05:15:27.027 Error: Router not found for request GET /apps/.env
05:15:27.275 Error: Router not found for request GET /.git/config
05:15:27.530 Error: Router not found for request GET /main.js
05:15:27.778 Error: Router not found for request GET /test2.php
05:15:28.036 Error: Router not found for request GET /etc/caddy/Caddyfile
05:15:28.283 Error: Router not found for request GET /api/config/tsconfig.json
05:15:28.534 Error: Router not found for request GET /test
05:15:28.783 Error: Router not found for request GET /application.properties
05:15:29.030 Error: Router not found for request GET /products/.gitlab-ci.yml
05:15:29.307 Error: Router not found for request GET /.aws/credentials
05:15:29.554 Error: Router not found for request GET /config/database.php
05:15:29.802 Error: Router not found for request GET /appsettings.json
05:15:30.121 Error: Router not found for request GET /index.html
05:15:30.372 Error: Router not found for request GET /docs/deployment.md
05:15:30.626 Error: Router not found for request GET /index.php/phpinfo
05:15:30.873 Error: Router not found for request GET /app/routes.py
05:15:31.128 Error: Router not found for request GET /src/main/resources/appsettings.yml
05:15:31.376 Error: Router not found for request GET /config/test.json
05:15:31.624 Error: Router not found for request GET /app.js
05:15:31.892 Error: Router not found for request GET /docker-compose.yml
05:15:32.141 Error: Router not found for request GET /config/config.json
05:15:32.392 Error: Router not found for request GET /app_dev.php/_profiler/phpinfo
05:15:32.645 Error: Router not found for request GET /resources/application.conf
05:15:32.891 Error: Router not found for request GET /php.php
05:15:33.168 Error: Router not found for request GET /config/application.yml
05:15:33.416 Error: Router not found for request GET /debug/default
05:15:33.681 Error: Router not found for request GET /test.php
05:15:33.931 Error: Router not found for request GET /frontend_dev.php/$
05:15:34.181 Error: Router not found for request GET /index.php
05:15:34.428 Error: Router not found for request GET /server.js
05:15:34.675 Error: Router not found for request GET /application/config/constants.php
05:15:34.967 Error: Router not found for request GET /config/services.yaml
05:15:35.215 Error: Router not found for request GET /config/config.js
05:15:35.709 Error: Router not found for request GET /app/etc/env.php
05:15:35.955 Error: Router not found for request GET /.profile
05:15:36.208 Error: Router not found for request GET /config/config.ini
05:15:36.454 Error: Router not found for request GET /wp-config.php
05:15:36.917 Error: Router not found for request GET /gulpfile.js
05:15:37.162 Error: Router not found for request GET /settings.json
05:15:37.412 Error: Router not found for request GET /config.php
05:15:37.660 Error: Router not found for request GET /config
05:15:37.909 Error: Router not found for request GET /php-info.php
05:15:38.171 Error: Router not found for request GET /config.properties
05:15:38.419 Error: Router not found for request GET /test1.php
05:15:38.667 Error: Router not found for request GET /config/constants.js
05:15:38.920 Error: Router not found for request GET /js/config.js
05:15:39.166 Error: Router not found for request GET /configs/application.ini
05:15:39.424 Error: Router not found for request GET /config/aws.json
05:15:39.671 Error: Router not found for request GET /manifest.json
05:15:39.918 Error: Router not found for request GET /config/settings.py
05:15:40.166 Error: Router not found for request GET /admin/config
05:15:40.413 Error: Router not found for request GET /config.ini
05:15:40.667 Error: Router not found for request GET /ecosystem.config.js
05:15:40.914 Error: Router not found for request GET /config.json
05:15:41.160 Error: Router not found for request GET /src/main/resources/application.properties
05:15:41.406 Error: Router not found for request GET /config/config.php
05:15:41.653 Error: Router not found for request GET /.aws/config
05:15:41.902 Error: Router not found for request GET /appsettings.Development.json
05:15:42.150 Error: Router not found for request GET /README.md
05:15:42.397 Error: Router not found for request GET /k8s/deployment.yaml
05:15:42.647 Error: Router not found for request GET /project/settings.py
05:15:42.898 Error: Router not found for request GET /Dockerfile
05:15:43.146 Error: Router not found for request GET /Program.cs
05:15:43.393 Error: Router not found for request GET /app.config.js
05:15:43.643 Error: Router not found for request GET /config/default.json
05:15:43.889 Error: Router not found for request GET /config/production.json
05:15:44.137 Error: Router not found for request GET /config/development.yaml
05:15:44.384 Error: Router not found for request GET /src/config/environment.js
05:15:44.631 Error: Router not found for request GET /.flaskenv
05:15:44.878 Error: Router not found for request GET /config/config.yaml
05:15:45.128 Error: Router not found for request GET /config/secrets.json
05:15:45.376 Error: Router not found for request GET /config/application.rb
05:15:45.629 Error: Router not found for request GET /config/environments/production.rb
05:15:45.876 Error: Router not found for request GET /config/environments/development.rb
05:15:46.124 Error: Router not found for request GET /config/initializers/devise.rb
05:15:46.371 Error: Router not found for request GET /config/database.yml
05:15:46.618 Error: Router not found for request GET /config/secrets.yml
05:15:46.864 Error: Router not found for request GET /config/app.php
05:15:47.133 Error: Router not found for request GET /config/cache.php
05:15:47.382 Error: Router not found for request GET /config/config.yml
05:15:47.629 Error: Router not found for request GET /config/packages/prod/doctrine.yaml
05:15:47.876 Error: Router not found for request GET /src/main/resources/application.yml
05:15:48.122 Error: Router not found for request GET /src/main/resources/application-dev.properties
05:15:48.369 Error: Router not found for request GET /src/main/resources/application-prod.properties
05:15:48.615 Error: Router not found for request GET /config/applicationContext.xml
05:15:48.861 Error: Router not found for request GET /appsettings.Production.json
05:15:49.109 Error: Router not found for request GET /web.config
05:15:49.359 Error: Router not found for request GET /secrets/appsettings.json
05:15:49.605 Error: Router not found for request GET /config/config.go
05:15:49.852 Error: Router not found for request GET /src/config/config.yaml
05:15:50.097 Error: Router not found for request GET /src/config/config.json
05:15:50.344 Error: Router not found for request GET /config/app.yaml
05:15:50.591 Error: Router not found for request GET /Config.plist
05:15:50.843 Error: Router not found for request GET /Info.plist
05:15:51.092 Error: Router not found for request GET /Environment.xcconfig
05:15:51.338 Error: Router not found for request GET /Config.xcconfig
05:15:51.589 Error: Router not found for request GET /App/Config.swift
05:15:51.835 Error: Router not found for request GET /App/Info.plist
05:15:52.083 Error: Router not found for request GET /src/main/java/com/example/config/Config.kt
05:15:52.331 Error: Router not found for request GET /local.properties
05:15:52.588 Error: Router not found for request GET /src/main/assets/config.json
05:15:52.840 Error: Router not found for request GET /config/config.exs
05:15:53.095 Error: Router not found for request GET /config/prod.exs
05:15:53.341 Error: Router not found for request GET /config/dev.exs
05:15:53.589 Error: Router not found for request GET /config/runtime.exs
05:15:53.836 Error: Router not found for request GET /config/releases.exs
05:15:54.083 Error: Router not found for request GET /Rocket.toml
05:15:54.331 Error: Router not found for request GET /config/Config.toml
05:15:54.579 Error: Router not found for request GET /src/config.rs
05:15:54.829 Error: Router not found for request GET /config.yml
05:15:55.076 Error: Router not found for request GET /environments/development.yml
05:15:55.322 Error: Router not found for request GET /environments/production.yml
05:15:55.568 Error: Router not found for request GET /app.pl
05:15:55.814 Error: Router not found for request GET /bin/app.pl
05:15:56.060 Error: Router not found for request GET /conf/application.conf
05:15:56.307 Error: Router not found for request GET /conf/development.conf
05:15:56.556 Error: Router not found for request GET /conf/production.conf
05:15:56.811 Error: Router not found for request GET /build.sbt
05:15:57.058 Error: Router not found for request GET /project/plugins.sbt
05:15:57.305 Error: Router not found for request GET /src/config.clj
05:15:57.552 Error: Router not found for request GET /.lein-env
05:15:57.799 Error: Router not found for request GET /project.clj
05:15:58.046 Error: Router not found for request GET /resources/config.edn
05:15:58.296 Error: Router not found for request GET /config/config.jl
05:15:58.543 Error: Router not found for request GET /config/development.jl
05:15:58.789 Error: Router not found for request GET /config/production.jl
05:15:59.036 Error: Router not found for request GET /config/routes.jl
05:15:59.284 Error: Router not found for request GET /config/database.jl
05:15:59.531 Error: Router not found for request GET /src/config.ml
05:15:59.779 Error: Router not found for request GET /src/server/server.ml
05:16:00.032 Error: Router not found for request GET /config/sys.config
05:16:00.291 Error: Router not found for request GET /rel/sys.config
05:16:00.538 Error: Router not found for request GET /rel/vm.args
05:16:00.790 Error: Router not found for request GET /config/application.cr
05:16:01.038 Error: Router not found for request GET /config/config.cr
05:16:01.284 Error: Router not found for request GET /config/development.cr
05:16:01.533 Error: Router not found for request GET /config/production.cr
05:16:01.781 Error: Router not found for request GET /config/routes.cr
05:16:02.034 Error: Router not found for request GET /config.nim
05:16:02.292 Error: Router not found for request GET /config/development.nim
05:16:02.540 Error: Router not found for request GET /config/production.nim
05:16:02.809 Error: Router not found for request GET /src/config.nim
05:16:03.059 Error: Router not found for request GET /src/routes.nim
05:16:03.307 Error: Router not found for request GET /global.R
05:16:03.605 Error: Router not found for request GET /server.R
05:16:03.872 Error: Router not found for request GET /ui.R
05:16:04.119 Error: Router not found for request GET /config.R
05:16:04.368 Error: Router not found for request GET /app.R
05:16:04.615 Error: Router not found for request GET /config.m
05:16:04.918 Error: Router not found for request GET /config.f90
05:16:05.165 Error: Router not found for request GET /config.cbl
05:16:05.425 Error: Router not found for request GET /Sources/App/configure.swift
05:16:05.671 Error: Router not found for request GET /Sources/App/routes.swift
05:16:05.918 Error: Router not found for request GET /Resources/Config
05:16:06.171 Error: Router not found for request GET /pubspec.yaml
05:16:06.419 Error: Router not found for request GET /config.dart
05:16:06.665 Error: Router not found for request GET /src/main.rs
05:16:06.919 Error: Router not found for request GET /Application.cfc
05:16:07.165 Error: Router not found for request GET /Application.cfm
05:16:07.412 Error: Router not found for request GET /config/config.cfc
05:16:07.659 Error: Router not found for request GET /config/settings.cfc
05:16:07.909 Error: Router not found for request GET /config/environment.cfc
05:16:08.156 Error: Router not found for request GET /.cfconfig.json
05:16:08.402 Error: Router not found for request GET /config.lua
05:16:08.649 Error: Router not found for request GET /config/application.lua
05:16:08.895 Error: Router not found for request GET /config/development.lua
05:16:09.142 Error: Router not found for request GET /config/production.lua
05:16:09.390 Error: Router not found for request GET /config/routes.lua
05:16:09.642 Error: Router not found for request GET /config/db.lua
05:16:09.891 Error: Router not found for request GET /grails-app/conf/application.yml
05:16:10.137 Error: Router not found for request GET /grails-app/conf/application.groovy
05:16:10.384 Error: Router not found for request GET /grails-app/conf/application.properties
05:16:10.632 Error: Router not found for request GET /grails-app/conf/logback.groovy
05:16:10.880 Error: Router not found for request GET /grails-app/conf/bootstrap.groovy
05:16:11.126 Error: Router not found for request GET /.ebextensions/myconfig.config
05:16:11.373 Error: Router not found for request GET /cloudformation/template.yaml
05:16:11.622 Error: Router not found for request GET /cloudformation/template.json
05:16:11.868 Error: Router not found for request GET /appspec.yml
05:16:12.116 Error: Router not found for request GET /scripts/install_dependencies.sh
05:16:12.362 Error: Router not found for request GET /scripts/start_server.sh
05:16:12.609 Error: Router not found for request GET /apprunner.yaml
05:16:12.858 Error: Router not found for request GET /localstack/config.json
05:16:13.104 Error: Router not found for request GET /meshes/mesh_config.json
05:16:13.356 Error: Router not found for request GET /stepfunctions/state-machine-definition.json
05:16:13.610 Error: Router not found for request GET /stepfunctions/state-machine-definition.yaml
05:16:13.856 Error: Router not found for request GET /index.js
05:16:14.147 Error: Router not found for request GET /config.js
05:16:14.395 Error: Router not found for request GET /lambda_function.py
05:16:14.642 Error: Router not found for request GET /config.yaml
05:16:14.890 Error: Router not found for request GET /etc/environment
05:16:15.137 Error: Router not found for request GET /etc/profile.d
05:16:15.383 Error: Router not found for request GET /home/ec2-user/.bashrc
05:16:15.629 Error: Router not found for request GET /home/ec2-user/.aws/credentials
05:16:15.875 Error: Router not found for request GET /home/ec2-user/.aws/config
05:16:16.125 Error: Router not found for request GET /ecs-params.yml
05:16:16.372 Error: Router not found for request GET /ebextensions.config
05:16:16.618 Error: Router not found for request GET /.elasticbeanstalk/config.yml
05:16:16.865 Error: Router not found for request GET /bucket-name/config/config.json
05:16:17.112 Error: Router not found for request GET /bucket-name/config/config.yaml
05:16:17.384 Error: Router not found for request GET /bucket-name/config/.env
05:16:17.633 Error: Router not found for request GET /CloudFormation
05:16:17.879 Error: Router not found for request GET /cloudformation-template.json
05:16:18.125 Error: Router not found for request GET /cloudformation-template.yaml
05:16:18.372 Error: Router not found for request GET /kubernetes/deployment.yaml
05:16:18.619 Error: Router not found for request GET /kubernetes/service.yaml
05:16:18.869 Error: Router not found for request GET /kubernetes/configmap.yaml
05:16:19.123 Error: Router not found for request GET /kubernetes/secrets.yaml
05:16:19.368 Error: Router not found for request GET /amplify/.config/project-config.json
05:16:19.615 Error: Router not found for request GET /amplify/backend/config.json
05:16:19.862 Error: Router not found for request GET /amplify/backend/environment-parameters.json
05:16:20.109 Error: Router not found for request GET /src/aws-exports.js
05:16:20.357 Error: Router not found for request GET /bin/app.ts
05:16:20.604 Error: Router not found for request GET /lib/my-stack.ts
05:16:20.850 Error: Router not found for request GET /cdk.json
05:16:21.128 Error: Router not found for request GET /serverless.yml
05:16:21.375 Error: Router not found for request GET /Terraform
05:16:21.624 Error: Router not found for request GET /main.tf
05:16:21.872 Error: Router not found for request GET /variables.tf
05:16:22.119 Error: Router not found for request GET /terraform.tfvars
05:16:22.374 Error: Router not found for request GET /template.yaml
05:16:22.620 Error: Router not found for request GET /samconfig.toml
05:16:22.867 Error: Router not found for request GET /CodePipeline
05:16:23.112 Error: Router not found for request GET /buildspec.yml
05:16:23.357 Error: Router not found for request GET /pipeline.yml
05:16:23.613 Error: Router not found for request GET /config/database.json
05:16:23.859 Error: Router not found for request GET /config/application.json
05:16:24.107 Error: Router not found for request GET /config/settings.json
06:06:21.253 Table counts: notes: 301, revisions: 59, attachments: 38, branches: 304, attributes: 448, etapi_tokens: 0, blobs: 271
06:06:21.275 All consistency checks passed with no errors detected (took 23ms)
06:35:33.937 Error: Router not found for request GET /sitemap.xml
07:06:21.254 Table counts: notes: 301, revisions: 59, attachments: 38, branches: 304, attributes: 448, etapi_tokens: 0, blobs: 271
07:06:21.281 All consistency checks passed with no errors detected (took 27ms)
08:06:21.256 Table counts: notes: 301, revisions: 59, attachments: 38, branches: 304, attributes: 448, etapi_tokens: 0, blobs: 271
08:06:21.281 All consistency checks passed with no errors detected (took 26ms)
09:06:21.262 Table counts: notes: 301, revisions: 59, attachments: 38, branches: 304, attributes: 448, etapi_tokens: 0, blobs: 271
09:06:21.282 All consistency checks passed with no errors detected (took 27ms)
10:06:21.256 Table counts: notes: 301, revisions: 59, attachments: 38, branches: 304, attributes: 448, etapi_tokens: 0, blobs: 271
10:06:21.283 All consistency checks passed with no errors detected (took 27ms)
10:30:01.051 Error: Router not found for request GET /.git/HEAD
10:36:21.863 Error: Router not found for request GET /_profiler/phpinfo
10:36:22.087 Error: Router not found for request GET /_profiler/phpinfo.php
10:36:22.312 Error: Router not found for request GET /phpinfo
10:36:22.535 Error: Router not found for request GET /phpinfo.php
10:36:22.766 Error: Router not found for request GET /info
10:36:22.989 Error: Router not found for request GET /info.php
10:36:23.212 Error: Router not found for request GET /.env
10:36:23.435 Error: Router not found for request GET /app/.env
10:36:23.659 Error: Router not found for request GET /.env.bak
10:36:23.882 Error: Router not found for request GET /.env.example
10:36:24.106 Error: Router not found for request GET /.env.local
10:36:24.414 Error: Router not found for request GET /.env.old
10:36:24.637 Error: Router not found for request GET /.env.prod
10:36:24.860 Error: Router not found for request GET /.env.production.local
10:36:25.084 Error: Router not found for request GET /.env.stage
10:36:25.322 Error: Router not found for request GET /admin/.env
10:36:25.546 Error: Router not found for request GET /api/.env
10:36:25.773 Error: Router not found for request GET /apps/.env
10:36:26.007 Error: Router not found for request GET /.git/config
10:36:26.231 Error: Router not found for request GET /main.js
11:06:21.256 Table counts: notes: 301, revisions: 59, attachments: 38, branches: 304, attributes: 448, etapi_tokens: 0, blobs: 271
11:06:21.274 All consistency checks passed with no errors detected (took 18ms)
12:06:21.258 Table counts: notes: 301, revisions: 59, attachments: 38, branches: 304, attributes: 448, etapi_tokens: 0, blobs: 271
12:06:21.278 All consistency checks passed with no errors detected (took 21ms)
13:06:20.871 Optimizing database
13:06:20.873 Optimization finished in 1ms.
13:06:21.258 Table counts: notes: 301, revisions: 59, attachments: 38, branches: 304, attributes: 448, etapi_tokens: 0, blobs: 271
13:06:21.282 All consistency checks passed with no errors detected (took 25ms)
13:15:34.187 Error: Router not found for request GET /wp-content/.git/config
13:15:34.597 Error: Router not found for request GET /blog/.git/config
13:15:34.786 Error: Router not found for request GET /.git/config
13:15:35.010 Error: Router not found for request GET /update/.git/config
13:15:35.213 Error: Router not found for request GET /app/.git/config
13:15:35.431 Error: Router not found for request GET /admin/.git/config
13:15:35.650 Error: Router not found for request GET /private/.git/config
13:15:35.822 Error: Router not found for request GET /home/.git/config
13:15:36.026 Error: Router not found for request GET /src/.git/config
13:15:36.255 Error: Router not found for request GET /backend/.git/config
13:15:36.469 Error: Router not found for request GET /frontend/.git/config
13:15:36.695 Error: Router not found for request GET /api/.git/config
13:15:36.872 Error: Router not found for request GET /dev/.git/config
13:15:37.113 Error: Router not found for request GET /backup/.git/config
13:15:37.297 Error: Router not found for request GET /production/.git/config
13:15:37.472 Error: Router not found for request GET /website/.git/config
13:15:37.653 Error: Router not found for request GET /portal/.git/config
13:15:37.841 Error: Router not found for request GET /dashboard/.git/config
13:15:38.057 Error: Router not found for request GET /cms/.git/config
13:15:38.231 Error: Router not found for request GET /wp-content/.git/config
13:15:38.407 Error: Router not found for request GET /blog/.git/config
14:06:21.260 Table counts: notes: 301, revisions: 59, attachments: 38, branches: 304, attributes: 448, etapi_tokens: 0, blobs: 271
14:06:21.287 All consistency checks passed with no errors detected (took 28ms)
15:06:21.270 Table counts: notes: 301, revisions: 59, attachments: 38, branches: 304, attributes: 448, etapi_tokens: 0, blobs: 271
15:06:21.295 All consistency checks passed with no errors detected (took 35ms)
15:53:36.616 Error: Router not found for request GET /ALFA_DATA/alfacgiapi
15:58:35.558 Error: Router not found for request GET /.svn
15:58:41.353 Error: Router not found for request GET /.vscode/sftp.json
16:00:57.268 Error: Router not found for request GET /Telerik.Web.UI.WebResource.axd?type=rau
16:04:28.035 Error: Router not found for request GET /deployment-config.json
16:06:21.262 Table counts: notes: 301, revisions: 59, attachments: 38, branches: 304, attributes: 448, etapi_tokens: 0, blobs: 271
16:06:21.282 All consistency checks passed with no errors detected (took 21ms)
16:08:16.956 Error: Router not found for request GET /sftp-config.json
16:10:25.991 Error: Router not found for request GET /sftp.json
16:11:52.927 Error: Router not found for request GET /.git/config
16:15:16.969 Error: Router not found for request GET /.ftpconfig
16:17:36.214 Error: Router not found for request GET /config.json
16:20:22.990 Error: Router not found for request GET /config/configuration.yml
16:23:41.614 Error: Router not found for request GET /config/databases.yml
16:25:37.142 Error: Router not found for request GET /application.properties
16:26:56.460 Error: Router not found for request GET /config/secrets.yml
16:29:07.587 Error: Router not found for request GET /etc/postfix/main.cf
16:31:07.927 Error: Router not found for request GET /sites/default/settings.php
16:34:27.040 Error: Router not found for request GET /settings.py
16:36:02.645 Error: Router not found for request GET /app/etc/local.xml
16:38:18.256 Error: Router not found for request GET /etc/mail/sendmail.cf
16:40:20.177 Error: Router not found for request GET /.aws/credentials
16:43:10.995 Error: Router not found for request GET /_fragment?_path=what=-1&_controller=phpinfo&_hash=PJKZTykFk9HjPoH4H6ZxRbyJs0b5lS70K1bzuuO1Lg4=
16:46:30.012 Error: Router not found for request GET /mailer.ini
16:48:45.072 Error: Router not found for request GET /config.json
16:50:13.017 Error: Router not found for request GET /.ftpconfig
16:51:21.991 Error: Router not found for request GET /.env
16:55:28.003 Error: Router not found for request GET /api/.env
16:57:30.902 Error: Router not found for request GET /backend/.env
16:59:03.992 Error: Router not found for request GET /core/.env
17:00:58.015 Error: Router not found for request GET /sftp.json
17:06:21.263 Table counts: notes: 301, revisions: 59, attachments: 38, branches: 304, attributes: 448, etapi_tokens: 0, blobs: 271
17:06:21.277 All consistency checks passed with no errors detected (took 15ms)
18:06:21.264 Table counts: notes: 301, revisions: 59, attachments: 38, branches: 304, attributes: 448, etapi_tokens: 0, blobs: 271
18:06:21.286 All consistency checks passed with no errors detected (took 23ms)
19:06:21.265 Table counts: notes: 301, revisions: 59, attachments: 38, branches: 304, attributes: 448, etapi_tokens: 0, blobs: 271
19:06:21.280 All consistency checks passed with no errors detected (took 16ms)
20:06:21.267 Table counts: notes: 301, revisions: 59, attachments: 38, branches: 304, attributes: 448, etapi_tokens: 0, blobs: 271
20:06:21.290 All consistency checks passed with no errors detected (took 24ms)
21:06:21.266 Table counts: notes: 301, revisions: 59, attachments: 38, branches: 304, attributes: 448, etapi_tokens: 0, blobs: 271
21:06:21.283 All consistency checks passed with no errors detected (took 17ms)
22:06:21.269 Table counts: notes: 301, revisions: 59, attachments: 38, branches: 304, attributes: 448, etapi_tokens: 0, blobs: 271
22:06:21.294 All consistency checks passed with no errors detected (took 26ms)
23:06:20.872 Optimizing database
23:06:20.874 Optimization finished in 1ms.
23:06:21.270 Table counts: notes: 301, revisions: 59, attachments: 38, branches: 304, attributes: 448, etapi_tokens: 0, blobs: 271
23:06:21.294 All consistency checks passed with no errors detected (took 26ms)
23:09:46.191 Error: Router not found for request GET //wp-includes/wlwmanifest.xml
23:09:46.488 Error: Router not found for request GET //xmlrpc.php?rsd
23:09:47.034 Error: Router not found for request GET //blog/wp-includes/wlwmanifest.xml
23:09:47.309 Error: Router not found for request GET //web/wp-includes/wlwmanifest.xml
23:09:47.581 Error: Router not found for request GET //wordpress/wp-includes/wlwmanifest.xml
23:09:47.854 Error: Router not found for request GET //website/wp-includes/wlwmanifest.xml
23:09:48.125 Error: Router not found for request GET //wp/wp-includes/wlwmanifest.xml
23:09:48.398 Error: Router not found for request GET //news/wp-includes/wlwmanifest.xml
23:09:48.669 Error: Router not found for request GET //2018/wp-includes/wlwmanifest.xml
23:09:48.940 Error: Router not found for request GET //2019/wp-includes/wlwmanifest.xml
23:09:49.211 Error: Router not found for request GET //shop/wp-includes/wlwmanifest.xml
23:09:49.483 Error: Router not found for request GET //wp1/wp-includes/wlwmanifest.xml
23:09:49.754 Error: Router not found for request GET //test/wp-includes/wlwmanifest.xml
23:09:50.026 Error: Router not found for request GET //media/wp-includes/wlwmanifest.xml
23:09:50.297 Error: Router not found for request GET //wp2/wp-includes/wlwmanifest.xml
23:09:50.569 Error: Router not found for request GET //site/wp-includes/wlwmanifest.xml
23:09:50.840 Error: Router not found for request GET //cms/wp-includes/wlwmanifest.xml
23:09:51.111 Error: Router not found for request GET //sito/wp-includes/wlwmanifest.xml
