00:50:16.168 Table counts: notes: 300, revisions: 64, attachments: 38, branches: 303, attributes: 446, etapi_tokens: 0, blobs: 273
00:50:16.194 All consistency checks passed with no errors detected (took 27ms)
01:50:16.168 Table counts: notes: 300, revisions: 64, attachments: 38, branches: 303, attributes: 446, etapi_tokens: 0, blobs: 273
01:50:16.189 All consistency checks passed with no errors detected (took 22ms)
02:50:16.169 Table counts: notes: 300, revisions: 64, attachments: 38, branches: 303, attributes: 446, etapi_tokens: 0, blobs: 273
02:50:16.185 All consistency checks passed with no errors detected (took 16ms)
03:50:16.171 Table counts: notes: 300, revisions: 64, attachments: 38, branches: 303, attributes: 446, etapi_tokens: 0, blobs: 273
03:50:16.191 All consistency checks passed with no errors detected (took 20ms)
04:50:16.172 Table counts: notes: 300, revisions: 64, attachments: 38, branches: 303, attributes: 446, etapi_tokens: 0, blobs: 273
04:50:16.189 All consistency checks passed with no errors detected (took 18ms)
05:50:16.173 Table counts: notes: 300, revisions: 64, attachments: 38, branches: 303, attributes: 446, etapi_tokens: 0, blobs: 273
05:50:16.198 All consistency checks passed with no errors detected (took 25ms)
06:50:16.176 Table counts: notes: 300, revisions: 64, attachments: 38, branches: 303, attributes: 446, etapi_tokens: 0, blobs: 273
06:50:16.199 All consistency checks passed with no errors detected (took 24ms)
07:50:16.178 Table counts: notes: 300, revisions: 64, attachments: 38, branches: 303, attributes: 446, etapi_tokens: 0, blobs: 273
07:50:16.192 All consistency checks passed with no errors detected (took 14ms)
07:52:42.791 Error: Router not found for request GET /media/system/js/core.js
07:52:44.959 Error: Router not found for request GET /wp-includes/js/jquery/jquery.js
07:53:06.651 Error: Router not found for request GET /media/system/js/core.js
07:53:09.033 Error: Router not found for request GET /wp-includes/js/jquery/jquery.js
08:50:16.179 Table counts: notes: 300, revisions: 64, attachments: 38, branches: 303, attributes: 446, etapi_tokens: 0, blobs: 273
08:50:16.194 All consistency checks passed with no errors detected (took 16ms)
09:50:15.777 Optimizing database
09:50:15.779 Optimization finished in 1ms.
09:50:16.179 Table counts: notes: 300, revisions: 64, attachments: 38, branches: 303, attributes: 446, etapi_tokens: 0, blobs: 273
09:50:16.199 All consistency checks passed with no errors detected (took 20ms)
10:50:16.181 Table counts: notes: 300, revisions: 64, attachments: 38, branches: 303, attributes: 446, etapi_tokens: 0, blobs: 273
10:50:16.196 All consistency checks passed with no errors detected (took 15ms)
11:50:16.184 Table counts: notes: 300, revisions: 64, attachments: 38, branches: 303, attributes: 446, etapi_tokens: 0, blobs: 273
11:50:16.207 All consistency checks passed with no errors detected (took 24ms)
12:50:16.184 Table counts: notes: 300, revisions: 64, attachments: 38, branches: 303, attributes: 446, etapi_tokens: 0, blobs: 273
12:50:16.200 All consistency checks passed with no errors detected (took 17ms)
13:50:16.185 Table counts: notes: 300, revisions: 64, attachments: 38, branches: 303, attributes: 446, etapi_tokens: 0, blobs: 273
13:50:16.199 All consistency checks passed with no errors detected (took 15ms)
14:50:08.852 Error: Router not found for request GET /.git/config
14:50:09.068 Error: Router not found for request GET /.git/HEAD
14:50:16.187 Table counts: notes: 300, revisions: 64, attachments: 38, branches: 303, attributes: 446, etapi_tokens: 0, blobs: 273
14:50:16.207 All consistency checks passed with no errors detected (took 21ms)
15:50:16.190 Table counts: notes: 300, revisions: 64, attachments: 38, branches: 303, attributes: 446, etapi_tokens: 0, blobs: 273
15:50:16.204 All consistency checks passed with no errors detected (took 14ms)
16:50:16.193 Table counts: notes: 300, revisions: 64, attachments: 38, branches: 303, attributes: 446, etapi_tokens: 0, blobs: 273
16:50:16.216 All consistency checks passed with no errors detected (took 24ms)
17:03:52.759 Error: Router not found for request GET /.git/config
17:03:52.958 Error: Router not found for request GET /.git/HEAD
17:50:16.193 Table counts: notes: 300, revisions: 64, attachments: 38, branches: 303, attributes: 446, etapi_tokens: 0, blobs: 273
17:50:16.211 All consistency checks passed with no errors detected (took 18ms)
18:50:16.194 Table counts: notes: 300, revisions: 64, attachments: 38, branches: 303, attributes: 446, etapi_tokens: 0, blobs: 273
18:50:16.208 All consistency checks passed with no errors detected (took 15ms)
19:50:15.778 Optimizing database
19:50:15.780 Optimization finished in 1ms.
19:50:16.196 Table counts: notes: 300, revisions: 64, attachments: 38, branches: 303, attributes: 446, etapi_tokens: 0, blobs: 273
19:50:16.221 All consistency checks passed with no errors detected (took 26ms)
20:50:16.198 Table counts: notes: 300, revisions: 64, attachments: 38, branches: 303, attributes: 446, etapi_tokens: 0, blobs: 273
20:50:16.214 All consistency checks passed with no errors detected (took 17ms)
21:50:16.197 Table counts: notes: 300, revisions: 64, attachments: 38, branches: 303, attributes: 446, etapi_tokens: 0, blobs: 273
21:50:16.212 All consistency checks passed with no errors detected (took 15ms)
22:01:46.917 Error: Router not found for request GET /.env
22:50:16.199 Table counts: notes: 300, revisions: 64, attachments: 38, branches: 303, attributes: 446, etapi_tokens: 0, blobs: 273
22:50:16.217 All consistency checks passed with no errors detected (took 19ms)
23:50:16.200 Table counts: notes: 300, revisions: 64, attachments: 38, branches: 303, attributes: 446, etapi_tokens: 0, blobs: 273
23:50:16.218 All consistency checks passed with no errors detected (took 18ms)
