00:21:58.864 Table counts: notes: 278, revisions: 12, attachments: 31, branches: 281, attributes: 426, etapi_tokens: 0, blobs: 219
00:21:58.874 All consistency checks passed with no errors detected (took 10ms)
01:21:58.864 Table counts: notes: 278, revisions: 12, attachments: 31, branches: 281, attributes: 426, etapi_tokens: 0, blobs: 219
01:21:58.879 All consistency checks passed with no errors detected (took 14ms)
02:21:58.867 Table counts: notes: 278, revisions: 12, attachments: 31, branches: 281, attributes: 426, etapi_tokens: 0, blobs: 219
02:21:58.877 All consistency checks passed with no errors detected (took 11ms)
02:59:29.051 Error: Router not found for request GET /media/system/js/core.js
03:21:58.868 Table counts: notes: 278, revisions: 12, attachments: 31, branches: 281, attributes: 426, etapi_tokens: 0, blobs: 219
03:21:58.878 All consistency checks passed with no errors detected (took 10ms)
04:21:58.870 Table counts: notes: 278, revisions: 12, attachments: 31, branches: 281, attributes: 426, etapi_tokens: 0, blobs: 219
04:21:58.884 All consistency checks passed with no errors detected (took 14ms)
05:21:58.870 Table counts: notes: 278, revisions: 12, attachments: 31, branches: 281, attributes: 426, etapi_tokens: 0, blobs: 219
05:21:58.881 All consistency checks passed with no errors detected (took 11ms)
06:21:58.871 Table counts: notes: 278, revisions: 12, attachments: 31, branches: 281, attributes: 426, etapi_tokens: 0, blobs: 219
06:21:58.882 All consistency checks passed with no errors detected (took 11ms)
07:21:58.873 Table counts: notes: 278, revisions: 12, attachments: 31, branches: 281, attributes: 426, etapi_tokens: 0, blobs: 219
07:21:58.884 All consistency checks passed with no errors detected (took 11ms)
08:21:58.876 Table counts: notes: 278, revisions: 12, attachments: 31, branches: 281, attributes: 426, etapi_tokens: 0, blobs: 219
08:21:58.895 All consistency checks passed with no errors detected (took 19ms)
09:21:58.745 Optimizing database
09:21:58.746 Optimization finished in 1ms.
09:21:58.876 Table counts: notes: 278, revisions: 12, attachments: 31, branches: 281, attributes: 426, etapi_tokens: 0, blobs: 219
09:21:58.891 All consistency checks passed with no errors detected (took 16ms)
10:21:58.877 Table counts: notes: 278, revisions: 12, attachments: 31, branches: 281, attributes: 426, etapi_tokens: 0, blobs: 219
10:21:58.886 All consistency checks passed with no errors detected (took 10ms)
11:21:58.880 Table counts: notes: 278, revisions: 12, attachments: 31, branches: 281, attributes: 426, etapi_tokens: 0, blobs: 219
11:21:58.891 All consistency checks passed with no errors detected (took 12ms)
12:21:58.881 Table counts: notes: 278, revisions: 12, attachments: 31, branches: 281, attributes: 426, etapi_tokens: 0, blobs: 219
12:21:58.894 All consistency checks passed with no errors detected (took 13ms)
13:21:58.881 Table counts: notes: 278, revisions: 12, attachments: 31, branches: 281, attributes: 426, etapi_tokens: 0, blobs: 219
13:21:58.894 All consistency checks passed with no errors detected (took 13ms)
14:20:14.146 Error: Router not found for request GET /.well-known/security.txt
14:21:58.883 Table counts: notes: 278, revisions: 12, attachments: 31, branches: 281, attributes: 426, etapi_tokens: 0, blobs: 219
14:21:58.892 All consistency checks passed with no errors detected (took 9ms)
15:21:58.885 Table counts: notes: 278, revisions: 12, attachments: 31, branches: 281, attributes: 426, etapi_tokens: 0, blobs: 219
15:21:58.892 All consistency checks passed with no errors detected (took 7ms)
16:21:58.887 Table counts: notes: 278, revisions: 12, attachments: 31, branches: 281, attributes: 426, etapi_tokens: 0, blobs: 219
16:21:58.900 All consistency checks passed with no errors detected (took 13ms)
17:21:58.888 Table counts: notes: 278, revisions: 12, attachments: 31, branches: 281, attributes: 426, etapi_tokens: 0, blobs: 219
17:21:58.897 All consistency checks passed with no errors detected (took 10ms)
18:21:58.890 Table counts: notes: 278, revisions: 12, attachments: 31, branches: 281, attributes: 426, etapi_tokens: 0, blobs: 219
18:21:58.902 All consistency checks passed with no errors detected (took 13ms)
19:21:58.747 Optimizing database
19:21:58.749 Optimization finished in 1ms.
19:21:58.891 Table counts: notes: 278, revisions: 12, attachments: 31, branches: 281, attributes: 426, etapi_tokens: 0, blobs: 219
19:21:58.901 All consistency checks passed with no errors detected (took 11ms)
20:21:58.890 Table counts: notes: 278, revisions: 12, attachments: 31, branches: 281, attributes: 426, etapi_tokens: 0, blobs: 219
20:21:58.904 All consistency checks passed with no errors detected (took 14ms)
21:21:58.891 Table counts: notes: 278, revisions: 12, attachments: 31, branches: 281, attributes: 426, etapi_tokens: 0, blobs: 219
21:21:58.900 All consistency checks passed with no errors detected (took 10ms)
22:21:58.893 Table counts: notes: 278, revisions: 12, attachments: 31, branches: 281, attributes: 426, etapi_tokens: 0, blobs: 219
22:21:58.905 All consistency checks passed with no errors detected (took 13ms)
23:21:58.894 Table counts: notes: 278, revisions: 12, attachments: 31, branches: 281, attributes: 426, etapi_tokens: 0, blobs: 219
23:21:58.905 All consistency checks passed with no errors detected (took 11ms)
