00:21:59.044 Table counts: notes: 286, revisions: 17, attachments: 40, branches: 290, attributes: 441, etapi_tokens: 0, blobs: 226
00:21:59.055 All consistency checks passed with no errors detected (took 11ms)
01:21:58.786 Optimizing database
01:21:58.788 Optimization finished in 1ms.
01:21:59.044 Table counts: notes: 286, revisions: 17, attachments: 40, branches: 290, attributes: 441, etapi_tokens: 0, blobs: 226
01:21:59.060 All consistency checks passed with no errors detected (took 16ms)
02:21:59.058 Table counts: notes: 286, revisions: 17, attachments: 40, branches: 290, attributes: 441, etapi_tokens: 0, blobs: 226
02:21:59.071 All consistency checks passed with no errors detected (took 13ms)
02:31:57.295 Error: Router not found for request GET /ads.txt
03:21:59.073 Table counts: notes: 286, revisions: 17, attachments: 40, branches: 290, attributes: 441, etapi_tokens: 0, blobs: 226
03:21:59.089 All consistency checks passed with no errors detected (took 16ms)
04:21:59.083 Table counts: notes: 286, revisions: 17, attachments: 40, branches: 290, attributes: 441, etapi_tokens: 0, blobs: 226
04:21:59.097 All consistency checks passed with no errors detected (took 14ms)
05:21:59.083 Table counts: notes: 286, revisions: 17, attachments: 40, branches: 290, attributes: 441, etapi_tokens: 0, blobs: 226
05:21:59.096 All consistency checks passed with no errors detected (took 13ms)
06:21:59.089 Table counts: notes: 286, revisions: 17, attachments: 40, branches: 290, attributes: 441, etapi_tokens: 0, blobs: 226
06:21:59.097 All consistency checks passed with no errors detected (took 9ms)
07:21:59.089 Table counts: notes: 286, revisions: 17, attachments: 40, branches: 290, attributes: 441, etapi_tokens: 0, blobs: 226
07:21:59.107 All consistency checks passed with no errors detected (took 18ms)
08:21:59.089 Table counts: notes: 286, revisions: 17, attachments: 40, branches: 290, attributes: 441, etapi_tokens: 0, blobs: 226
08:21:59.101 All consistency checks passed with no errors detected (took 12ms)
09:21:59.091 Table counts: notes: 286, revisions: 17, attachments: 40, branches: 290, attributes: 441, etapi_tokens: 0, blobs: 226
09:21:59.102 All consistency checks passed with no errors detected (took 12ms)
10:21:59.118 Table counts: notes: 286, revisions: 17, attachments: 40, branches: 290, attributes: 441, etapi_tokens: 0, blobs: 226
10:21:59.127 All consistency checks passed with no errors detected (took 9ms)
11:21:58.790 Optimizing database
11:21:58.794 Optimization finished in 2ms.
11:21:59.119 Table counts: notes: 286, revisions: 17, attachments: 40, branches: 290, attributes: 441, etapi_tokens: 0, blobs: 226
11:21:59.131 All consistency checks passed with no errors detected (took 12ms)
12:21:59.145 Table counts: notes: 286, revisions: 17, attachments: 40, branches: 290, attributes: 441, etapi_tokens: 0, blobs: 226
12:21:59.155 All consistency checks passed with no errors detected (took 10ms)
13:21:59.146 Table counts: notes: 286, revisions: 17, attachments: 40, branches: 290, attributes: 441, etapi_tokens: 0, blobs: 226
13:21:59.154 All consistency checks passed with no errors detected (took 8ms)
14:21:59.170 Table counts: notes: 286, revisions: 17, attachments: 40, branches: 290, attributes: 441, etapi_tokens: 0, blobs: 226
14:21:59.179 All consistency checks passed with no errors detected (took 10ms)
15:21:59.191 Table counts: notes: 286, revisions: 17, attachments: 40, branches: 290, attributes: 441, etapi_tokens: 0, blobs: 226
15:21:59.203 All consistency checks passed with no errors detected (took 12ms)
16:21:59.213 Table counts: notes: 286, revisions: 17, attachments: 40, branches: 290, attributes: 441, etapi_tokens: 0, blobs: 226
16:21:59.223 All consistency checks passed with no errors detected (took 11ms)
17:21:59.212 Table counts: notes: 286, revisions: 17, attachments: 40, branches: 290, attributes: 441, etapi_tokens: 0, blobs: 226
17:21:59.224 All consistency checks passed with no errors detected (took 12ms)
18:21:59.216 Table counts: notes: 286, revisions: 17, attachments: 40, branches: 290, attributes: 441, etapi_tokens: 0, blobs: 226
18:21:59.226 All consistency checks passed with no errors detected (took 11ms)
19:21:59.230 Table counts: notes: 286, revisions: 17, attachments: 40, branches: 290, attributes: 441, etapi_tokens: 0, blobs: 226
19:21:59.238 All consistency checks passed with no errors detected (took 9ms)
20:21:59.230 Table counts: notes: 286, revisions: 17, attachments: 40, branches: 290, attributes: 441, etapi_tokens: 0, blobs: 226
20:21:59.242 All consistency checks passed with no errors detected (took 12ms)
21:21:58.803 Optimizing database
21:21:58.807 Optimization finished in 1ms.
21:21:59.230 Table counts: notes: 286, revisions: 17, attachments: 40, branches: 290, attributes: 441, etapi_tokens: 0, blobs: 226
21:21:59.240 All consistency checks passed with no errors detected (took 10ms)
22:21:59.243 Table counts: notes: 286, revisions: 17, attachments: 40, branches: 290, attributes: 441, etapi_tokens: 0, blobs: 226
22:21:59.256 All consistency checks passed with no errors detected (took 14ms)
23:21:59.253 Table counts: notes: 286, revisions: 17, attachments: 40, branches: 290, attributes: 441, etapi_tokens: 0, blobs: 226
23:21:59.265 All consistency checks passed with no errors detected (took 12ms)
