00:22:11.920 Table counts: notes: 296, revisions: 51, attachments: 38, branches: 299, attributes: 443, etapi_tokens: 0, blobs: 262
00:22:11.954 All consistency checks passed with no errors detected (took 34ms)
01:22:11.915 Table counts: notes: 296, revisions: 51, attachments: 38, branches: 299, attributes: 443, etapi_tokens: 0, blobs: 262
01:22:11.937 All consistency checks passed with no errors detected (took 22ms)
02:22:11.940 Table counts: notes: 296, revisions: 51, attachments: 38, branches: 299, attributes: 443, etapi_tokens: 0, blobs: 262
02:22:11.960 All consistency checks passed with no errors detected (took 21ms)
03:22:00.387 Optimizing database
03:22:00.394 Optimization finished in 1ms.
03:22:11.950 Table counts: notes: 296, revisions: 51, attachments: 38, branches: 299, attributes: 443, etapi_tokens: 0, blobs: 262
03:22:11.992 All consistency checks passed with no errors detected (took 42ms)
04:22:11.955 Table counts: notes: 296, revisions: 51, attachments: 38, branches: 299, attributes: 443, etapi_tokens: 0, blobs: 262
04:22:11.980 All consistency checks passed with no errors detected (took 26ms)
05:22:11.965 Table counts: notes: 296, revisions: 51, attachments: 38, branches: 299, attributes: 443, etapi_tokens: 0, blobs: 262
05:22:12.015 All consistency checks passed with no errors detected (took 50ms)
05:52:56.968 Error: Router not found for request GET //wp-includes/wlwmanifest.xml
05:52:57.225 Error: Router not found for request GET //xmlrpc.php?rsd
05:52:57.737 Error: Router not found for request GET //blog/wp-includes/wlwmanifest.xml
05:52:57.995 Error: Router not found for request GET //web/wp-includes/wlwmanifest.xml
05:52:58.247 Error: Router not found for request GET //wordpress/wp-includes/wlwmanifest.xml
05:52:58.498 Error: Router not found for request GET //website/wp-includes/wlwmanifest.xml
05:52:58.747 Error: Router not found for request GET //wp/wp-includes/wlwmanifest.xml
05:52:59.010 Error: Router not found for request GET //news/wp-includes/wlwmanifest.xml
05:52:59.261 Error: Router not found for request GET //2018/wp-includes/wlwmanifest.xml
05:52:59.512 Error: Router not found for request GET //2019/wp-includes/wlwmanifest.xml
05:52:59.762 Error: Router not found for request GET //shop/wp-includes/wlwmanifest.xml
05:53:00.011 Error: Router not found for request GET //wp1/wp-includes/wlwmanifest.xml
05:53:00.271 Error: Router not found for request GET //test/wp-includes/wlwmanifest.xml
05:53:00.523 Error: Router not found for request GET //media/wp-includes/wlwmanifest.xml
05:53:00.773 Error: Router not found for request GET //wp2/wp-includes/wlwmanifest.xml
05:53:01.042 Error: Router not found for request GET //site/wp-includes/wlwmanifest.xml
05:53:01.292 Error: Router not found for request GET //cms/wp-includes/wlwmanifest.xml
05:53:01.543 Error: Router not found for request GET //sito/wp-includes/wlwmanifest.xml
06:22:11.980 Table counts: notes: 296, revisions: 51, attachments: 38, branches: 299, attributes: 443, etapi_tokens: 0, blobs: 262
06:22:12.018 All consistency checks passed with no errors detected (took 38ms)
07:22:11.993 Table counts: notes: 296, revisions: 51, attachments: 38, branches: 299, attributes: 443, etapi_tokens: 0, blobs: 262
07:22:12.045 All consistency checks passed with no errors detected (took 53ms)
08:22:12.006 Table counts: notes: 296, revisions: 51, attachments: 38, branches: 299, attributes: 443, etapi_tokens: 0, blobs: 262
08:22:12.029 All consistency checks passed with no errors detected (took 26ms)
09:22:12.011 Table counts: notes: 296, revisions: 51, attachments: 38, branches: 299, attributes: 443, etapi_tokens: 0, blobs: 262
09:22:12.031 All consistency checks passed with no errors detected (took 20ms)
10:22:12.022 Table counts: notes: 296, revisions: 51, attachments: 38, branches: 299, attributes: 443, etapi_tokens: 0, blobs: 262
10:22:12.054 All consistency checks passed with no errors detected (took 34ms)
11:22:12.027 Table counts: notes: 296, revisions: 51, attachments: 38, branches: 299, attributes: 443, etapi_tokens: 0, blobs: 262
11:22:12.068 All consistency checks passed with no errors detected (took 42ms)
12:22:12.030 Table counts: notes: 296, revisions: 51, attachments: 38, branches: 299, attributes: 443, etapi_tokens: 0, blobs: 262
12:22:12.043 All consistency checks passed with no errors detected (took 13ms)
13:22:00.388 Optimizing database
13:22:00.392 Optimization finished in 1ms.
13:22:12.034 Table counts: notes: 296, revisions: 51, attachments: 38, branches: 299, attributes: 443, etapi_tokens: 0, blobs: 262
13:22:12.055 All consistency checks passed with no errors detected (took 21ms)
14:22:12.070 Table counts: notes: 296, revisions: 51, attachments: 38, branches: 299, attributes: 443, etapi_tokens: 0, blobs: 262
14:22:12.089 All consistency checks passed with no errors detected (took 19ms)
15:22:12.098 Table counts: notes: 296, revisions: 51, attachments: 38, branches: 299, attributes: 443, etapi_tokens: 0, blobs: 262
15:22:12.127 All consistency checks passed with no errors detected (took 30ms)
16:22:12.118 Table counts: notes: 296, revisions: 51, attachments: 38, branches: 299, attributes: 443, etapi_tokens: 0, blobs: 262
16:22:12.139 All consistency checks passed with no errors detected (took 21ms)
17:22:12.128 Table counts: notes: 296, revisions: 51, attachments: 38, branches: 299, attributes: 443, etapi_tokens: 0, blobs: 262
17:22:12.166 All consistency checks passed with no errors detected (took 38ms)
18:22:12.152 Table counts: notes: 296, revisions: 51, attachments: 38, branches: 299, attributes: 443, etapi_tokens: 0, blobs: 262
18:22:12.210 All consistency checks passed with no errors detected (took 58ms)
19:22:12.179 Table counts: notes: 296, revisions: 51, attachments: 38, branches: 299, attributes: 443, etapi_tokens: 0, blobs: 262
19:22:12.212 All consistency checks passed with no errors detected (took 39ms)
20:22:12.195 Table counts: notes: 296, revisions: 51, attachments: 38, branches: 299, attributes: 443, etapi_tokens: 0, blobs: 262
20:22:12.216 All consistency checks passed with no errors detected (took 22ms)
21:22:12.197 Table counts: notes: 296, revisions: 51, attachments: 38, branches: 299, attributes: 443, etapi_tokens: 0, blobs: 262
21:22:12.216 All consistency checks passed with no errors detected (took 19ms)
22:22:12.212 Table counts: notes: 296, revisions: 51, attachments: 38, branches: 299, attributes: 443, etapi_tokens: 0, blobs: 262
22:22:12.230 All consistency checks passed with no errors detected (took 18ms)
23:22:00.404 Optimizing database
23:22:00.408 Optimization finished in 2ms.
23:22:12.221 Table counts: notes: 296, revisions: 51, attachments: 38, branches: 299, attributes: 443, etapi_tokens: 0, blobs: 262
23:22:12.238 All consistency checks passed with no errors detected (took 18ms)
