00:00:43.505 No connection to sync server.
00:01:43.504 No connection to sync server.
00:02:43.505 No connection to sync server.
00:03:43.520 No connection to sync server.
00:04:43.513 No connection to sync server.
00:05:43.517 No connection to sync server.
00:06:43.529 No connection to sync server.
00:07:43.530 No connection to sync server.
00:08:43.535 No connection to sync server.
00:09:43.540 No connection to sync server.
00:10:43.534 No connection to sync server.
00:11:43.543 No connection to sync server.
00:12:43.553 No connection to sync server.
00:13:43.557 No connection to sync server.
00:14:43.557 No connection to sync server.
00:15:43.570 No connection to sync server.
00:16:43.562 No connection to sync server.
00:17:06.784 Optimizing database
00:17:06.786 Optimization finished in 1ms.
00:17:07.554 Table counts: notes: 308, revisions: 122, attachments: 64, branches: 311, attributes: 457, etapi_tokens: 0, blobs: 333
00:17:07.586 All consistency checks passed with no errors detected (took 32ms)
00:17:43.577 No connection to sync server.
00:18:43.574 No connection to sync server.
00:19:43.569 No connection to sync server.
00:20:43.583 No connection to sync server.
00:21:43.586 No connection to sync server.
00:22:43.592 No connection to sync server.
00:23:43.591 No connection to sync server.
00:24:43.596 No connection to sync server.
00:25:43.607 No connection to sync server.
00:26:43.603 No connection to sync server.
00:27:43.608 No connection to sync server.
00:28:43.609 No connection to sync server.
00:29:43.618 No connection to sync server.
00:30:43.629 No connection to sync server.
00:31:43.625 No connection to sync server.
00:32:43.636 No connection to sync server.
00:33:43.630 No connection to sync server.
00:34:43.625 No connection to sync server.
00:35:43.639 No connection to sync server.
00:36:43.635 No connection to sync server.
00:37:43.633 No connection to sync server.
00:38:43.640 No connection to sync server.
00:39:43.650 No connection to sync server.
00:40:43.648 No connection to sync server.
00:41:43.657 No connection to sync server.
00:42:43.661 No connection to sync server.
00:43:43.660 No connection to sync server.
00:44:43.672 No connection to sync server.
00:45:43.670 No connection to sync server.
00:46:43.668 No connection to sync server.
00:47:43.684 No connection to sync server.
00:48:43.684 No connection to sync server.
00:49:43.685 No connection to sync server.
00:50:43.686 No connection to sync server.
00:51:43.689 No connection to sync server.
00:52:43.685 No connection to sync server.
00:53:43.692 No connection to sync server.
00:54:43.693 No connection to sync server.
00:55:43.687 No connection to sync server.
00:56:43.706 No connection to sync server.
00:57:43.702 No connection to sync server.
00:58:43.699 No connection to sync server.
00:59:43.706 No connection to sync server.
01:00:43.704 No connection to sync server.
01:01:43.708 No connection to sync server.
01:02:43.719 No connection to sync server.
01:03:43.720 No connection to sync server.
01:04:43.725 No connection to sync server.
01:05:43.716 No connection to sync server.
01:06:43.730 No connection to sync server.
01:07:43.726 No connection to sync server.
01:08:43.730 No connection to sync server.
01:09:43.729 No connection to sync server.
01:10:43.736 No connection to sync server.
01:11:43.736 No connection to sync server.
01:12:43.745 No connection to sync server.
01:13:43.756 No connection to sync server.
01:14:43.741 No connection to sync server.
01:15:43.741 No connection to sync server.
01:16:43.749 No connection to sync server.
01:17:07.565 Table counts: notes: 308, revisions: 122, attachments: 64, branches: 311, attributes: 457, etapi_tokens: 0, blobs: 333
01:17:07.586 All consistency checks passed with no errors detected (took 21ms)
01:17:43.739 No connection to sync server.
01:18:43.748 No connection to sync server.
01:19:43.749 No connection to sync server.
01:20:43.758 No connection to sync server.
01:21:43.760 No connection to sync server.
01:22:43.752 No connection to sync server.
01:23:43.762 No connection to sync server.
01:24:43.751 No connection to sync server.
01:25:43.760 No connection to sync server.
01:26:43.755 No connection to sync server.
01:27:43.765 No connection to sync server.
01:28:43.774 No connection to sync server.
01:29:43.764 No connection to sync server.
01:30:43.768 No connection to sync server.
01:31:43.821 No connection to sync server.
01:32:43.770 No connection to sync server.
01:33:43.764 No connection to sync server.
01:34:43.783 No connection to sync server.
01:35:43.769 No connection to sync server.
01:36:43.777 No connection to sync server.
01:37:43.764 No connection to sync server.
01:38:43.779 No connection to sync server.
01:39:43.777 No connection to sync server.
01:40:43.769 No connection to sync server.
01:41:43.772 No connection to sync server.
01:42:43.775 No connection to sync server.
01:43:43.780 No connection to sync server.
01:44:43.790 No connection to sync server.
01:45:43.780 No connection to sync server.
01:46:43.772 No connection to sync server.
01:47:43.773 No connection to sync server.
01:48:43.780 No connection to sync server.
01:49:43.824 No connection to sync server.
01:50:43.822 No connection to sync server.
01:51:43.850 No connection to sync server.
01:52:43.859 No connection to sync server.
01:53:43.890 No connection to sync server.
01:54:43.886 No connection to sync server.
01:55:43.920 No connection to sync server.
01:56:43.918 No connection to sync server.
01:57:43.956 No connection to sync server.
01:58:43.942 No connection to sync server.
01:59:43.980 No connection to sync server.
02:00:43.983 No connection to sync server.
02:01:44.013 No connection to sync server.
02:02:44.016 No connection to sync server.
02:03:44.043 No connection to sync server.
02:04:44.053 No connection to sync server.
02:05:44.077 No connection to sync server.
02:06:44.090 No connection to sync server.
02:07:44.125 No connection to sync server.
02:08:44.112 No connection to sync server.
02:09:44.117 No connection to sync server.
02:10:44.144 No connection to sync server.
02:11:44.147 No connection to sync server.
02:12:44.174 No connection to sync server.
02:13:44.186 No connection to sync server.
02:14:44.188 No connection to sync server.
02:15:44.216 No connection to sync server.
02:16:44.232 No connection to sync server.
02:17:07.565 Table counts: notes: 308, revisions: 122, attachments: 64, branches: 311, attributes: 457, etapi_tokens: 0, blobs: 333
02:17:07.595 All consistency checks passed with no errors detected (took 30ms)
02:17:44.243 No connection to sync server.
02:18:44.262 No connection to sync server.
02:19:44.253 No connection to sync server.
02:20:44.297 No connection to sync server.
02:21:44.301 No connection to sync server.
02:22:44.317 No connection to sync server.
02:23:44.329 No connection to sync server.
02:24:44.348 No connection to sync server.
02:25:44.364 No connection to sync server.
02:26:44.374 No connection to sync server.
02:27:44.388 No connection to sync server.
02:28:44.409 No connection to sync server.
02:29:44.440 No connection to sync server.
02:30:44.444 No connection to sync server.
02:31:44.467 No connection to sync server.
02:32:44.478 No connection to sync server.
02:33:44.482 No connection to sync server.
02:34:44.487 No connection to sync server.
02:35:44.505 No connection to sync server.
02:36:44.529 No connection to sync server.
02:37:44.549 No connection to sync server.
02:38:44.561 No connection to sync server.
02:39:44.581 No connection to sync server.
02:40:44.586 No connection to sync server.
02:41:44.591 No connection to sync server.
02:42:44.600 No connection to sync server.
02:43:44.602 No connection to sync server.
02:44:44.600 No connection to sync server.
02:45:44.610 No connection to sync server.
02:46:44.632 No connection to sync server.
02:47:44.647 No connection to sync server.
02:48:44.667 No connection to sync server.
02:49:44.665 No connection to sync server.
02:50:44.701 No connection to sync server.
02:51:44.700 No connection to sync server.
02:52:44.733 No connection to sync server.
02:53:44.736 No connection to sync server.
02:54:44.766 No connection to sync server.
02:55:44.768 No connection to sync server.
02:56:44.763 No connection to sync server.
02:57:44.789 No connection to sync server.
02:58:44.797 No connection to sync server.
02:59:44.809 No connection to sync server.
03:00:44.822 No connection to sync server.
03:01:44.836 No connection to sync server.
03:02:44.865 No connection to sync server.
03:03:44.849 No connection to sync server.
03:04:44.888 No connection to sync server.
03:05:44.887 No connection to sync server.
03:06:44.911 No connection to sync server.
03:07:44.923 No connection to sync server.
03:08:44.918 No connection to sync server.
03:09:44.955 No connection to sync server.
03:10:44.958 No connection to sync server.
03:11:44.978 No connection to sync server.
03:12:45.001 No connection to sync server.
03:13:45.006 No connection to sync server.
03:14:45.023 No connection to sync server.
03:15:45.047 No connection to sync server.
03:16:45.055 No connection to sync server.
03:17:07.588 Table counts: notes: 308, revisions: 122, attachments: 64, branches: 311, attributes: 457, etapi_tokens: 0, blobs: 333
03:17:07.614 All consistency checks passed with no errors detected (took 27ms)
03:17:45.073 No connection to sync server.
03:18:45.085 No connection to sync server.
03:19:45.098 No connection to sync server.
03:20:45.123 No connection to sync server.
03:21:45.115 No connection to sync server.
03:22:45.150 No connection to sync server.
03:23:45.157 No connection to sync server.
03:24:45.174 No connection to sync server.
03:25:45.192 No connection to sync server.
03:26:45.201 No connection to sync server.
03:27:45.214 No connection to sync server.
03:28:45.225 No connection to sync server.
03:29:45.243 No connection to sync server.
03:30:45.266 No connection to sync server.
03:31:45.277 No connection to sync server.
03:32:45.281 No connection to sync server.
03:33:45.300 No connection to sync server.
03:34:45.310 No connection to sync server.
03:35:45.337 No connection to sync server.
03:36:45.343 No connection to sync server.
03:37:45.371 No connection to sync server.
03:38:45.363 No connection to sync server.
03:39:45.404 No connection to sync server.
03:40:45.403 No connection to sync server.
03:41:45.429 No connection to sync server.
03:42:45.425 No connection to sync server.
03:43:45.460 No connection to sync server.
03:44:45.463 No connection to sync server.
03:45:45.488 No connection to sync server.
03:46:45.511 No connection to sync server.
03:47:45.502 No connection to sync server.
03:48:45.526 No connection to sync server.
03:49:45.551 No connection to sync server.
03:50:45.545 No connection to sync server.
03:51:45.574 No connection to sync server.
03:52:45.580 No connection to sync server.
03:53:45.607 No connection to sync server.
03:54:45.606 No connection to sync server.
03:55:45.611 No connection to sync server.
03:56:45.641 No connection to sync server.
03:57:45.655 No connection to sync server.
03:58:45.676 No connection to sync server.
03:59:45.669 No connection to sync server.
04:00:45.700 No connection to sync server.
04:01:45.709 No connection to sync server.
04:02:45.721 No connection to sync server.
04:03:45.751 No connection to sync server.
04:04:45.757 No connection to sync server.
04:05:45.782 No connection to sync server.
04:06:45.789 No connection to sync server.
04:07:45.815 No connection to sync server.
04:08:45.822 No connection to sync server.
04:09:45.821 No connection to sync server.
04:10:45.837 No connection to sync server.
04:11:45.843 No connection to sync server.
04:12:45.868 No connection to sync server.
04:13:45.876 No connection to sync server.
04:14:45.904 No connection to sync server.
04:15:45.914 No connection to sync server.
04:16:45.946 No connection to sync server.
04:17:07.608 Table counts: notes: 308, revisions: 122, attachments: 64, branches: 311, attributes: 457, etapi_tokens: 0, blobs: 333
04:17:07.635 All consistency checks passed with no errors detected (took 28ms)
04:17:45.936 No connection to sync server.
04:18:45.973 No connection to sync server.
04:19:45.965 No connection to sync server.
04:20:45.998 No connection to sync server.
04:21:46.006 No connection to sync server.
04:22:46.028 No connection to sync server.
04:23:46.026 No connection to sync server.
04:24:46.058 No connection to sync server.
04:25:46.055 No connection to sync server.
04:26:46.064 No connection to sync server.
04:27:46.092 No connection to sync server.
04:28:46.105 No connection to sync server.
04:29:46.134 No connection to sync server.
04:30:46.138 No connection to sync server.
04:31:46.160 No connection to sync server.
04:32:46.172 No connection to sync server.
04:33:46.198 No connection to sync server.
04:34:46.193 No connection to sync server.
04:35:46.209 No connection to sync server.
04:36:46.224 No connection to sync server.
04:37:46.227 No connection to sync server.
04:38:46.251 No connection to sync server.
04:39:46.256 No connection to sync server.
04:40:46.264 No connection to sync server.
04:41:46.286 No connection to sync server.
04:42:46.292 No connection to sync server.
04:43:46.313 No connection to sync server.
04:44:46.329 No connection to sync server.
04:45:46.323 No connection to sync server.
04:46:46.365 No connection to sync server.
04:47:46.350 No connection to sync server.
04:48:46.389 No connection to sync server.
04:49:46.382 No connection to sync server.
04:50:46.423 No connection to sync server.
04:51:46.421 No connection to sync server.
04:52:46.458 No connection to sync server.
04:53:46.445 No connection to sync server.
04:54:46.481 No connection to sync server.
04:55:46.480 No connection to sync server.
04:56:46.507 No connection to sync server.
04:57:46.513 No connection to sync server.
04:58:46.539 No connection to sync server.
04:59:46.552 No connection to sync server.
05:00:46.556 No connection to sync server.
05:01:46.574 No connection to sync server.
05:02:46.584 No connection to sync server.
05:03:46.617 No connection to sync server.
05:04:46.625 No connection to sync server.
05:05:46.645 No connection to sync server.
05:06:46.641 No connection to sync server.
05:07:46.669 No connection to sync server.
05:08:46.679 No connection to sync server.
05:09:46.702 No connection to sync server.
05:10:46.712 No connection to sync server.
05:11:46.737 No connection to sync server.
05:12:46.747 No connection to sync server.
05:13:46.764 No connection to sync server.
05:14:46.774 No connection to sync server.
05:15:46.809 No connection to sync server.
05:16:46.798 No connection to sync server.
05:17:07.608 Table counts: notes: 308, revisions: 122, attachments: 64, branches: 311, attributes: 457, etapi_tokens: 0, blobs: 333
05:17:07.638 All consistency checks passed with no errors detected (took 30ms)
05:17:46.812 No connection to sync server.
05:18:46.829 No connection to sync server.
05:19:46.842 No connection to sync server.
05:20:46.872 No connection to sync server.
05:21:46.862 No connection to sync server.
05:22:46.907 No connection to sync server.
05:23:46.907 No connection to sync server.
05:24:46.931 No connection to sync server.
05:25:46.939 No connection to sync server.
05:26:46.957 No connection to sync server.
05:27:46.966 No connection to sync server.
05:28:48.025 No connection to sync server.
05:29:47.000 No connection to sync server.
05:30:48.062 No connection to sync server.
05:31:47.048 No connection to sync server.
05:32:47.045 No connection to sync server.
05:33:47.059 No connection to sync server.
05:34:47.081 No connection to sync server.
05:35:47.093 No connection to sync server.
05:36:47.122 No connection to sync server.
05:37:48.142 No connection to sync server.
05:38:47.148 No connection to sync server.
05:39:47.152 No connection to sync server.
05:40:47.164 No connection to sync server.
05:41:47.188 No connection to sync server.
05:42:47.177 No connection to sync server.
05:43:47.211 No connection to sync server.
05:44:47.214 No connection to sync server.
05:45:47.232 No connection to sync server.
05:46:47.227 No connection to sync server.
05:47:47.261 No connection to sync server.
05:48:47.268 No connection to sync server.
05:49:47.287 No connection to sync server.
05:50:47.284 No connection to sync server.
05:51:47.310 No connection to sync server.
05:52:47.332 No connection to sync server.
05:53:47.347 No connection to sync server.
05:54:47.350 No connection to sync server.
05:55:47.376 No connection to sync server.
05:56:47.377 No connection to sync server.
05:57:47.416 No connection to sync server.
05:58:47.417 No connection to sync server.
05:59:47.446 No connection to sync server.
06:00:47.437 No connection to sync server.
06:01:47.484 No connection to sync server.
06:02:47.464 No connection to sync server.
06:03:47.499 No connection to sync server.
06:04:47.506 No connection to sync server.
06:05:47.561 No connection to sync server.
06:06:47.528 No connection to sync server.
06:07:47.558 No connection to sync server.
06:08:47.575 No connection to sync server.
06:09:47.578 No connection to sync server.
06:10:47.576 No connection to sync server.
06:11:47.599 No connection to sync server.
06:12:47.612 No connection to sync server.
06:13:47.634 No connection to sync server.
06:14:47.632 No connection to sync server.
06:15:47.657 No connection to sync server.
06:16:47.663 No connection to sync server.
06:17:07.610 Table counts: notes: 308, revisions: 122, attachments: 64, branches: 311, attributes: 457, etapi_tokens: 0, blobs: 333
06:17:07.635 All consistency checks passed with no errors detected (took 26ms)
06:17:47.688 No connection to sync server.
06:18:47.688 No connection to sync server.
06:19:47.715 No connection to sync server.
06:20:47.720 No connection to sync server.
06:21:47.750 No connection to sync server.
06:22:47.747 No connection to sync server.
06:23:47.781 No connection to sync server.
06:24:47.787 No connection to sync server.
06:25:47.819 No connection to sync server.
06:26:47.803 No connection to sync server.
06:27:47.823 No connection to sync server.
06:28:47.832 No connection to sync server.
06:29:47.858 No connection to sync server.
06:30:47.867 No connection to sync server.
06:31:47.880 No connection to sync server.
06:32:47.898 No connection to sync server.
06:33:47.920 No connection to sync server.
06:34:47.930 No connection to sync server.
06:35:47.956 No connection to sync server.
06:36:47.953 No connection to sync server.
06:37:47.981 No connection to sync server.
06:38:47.986 No connection to sync server.
06:39:47.992 No connection to sync server.
06:40:47.991 No connection to sync server.
06:41:48.008 No connection to sync server.
06:42:48.018 No connection to sync server.
06:43:48.032 No connection to sync server.
06:44:48.066 No connection to sync server.
06:45:48.052 No connection to sync server.
06:46:48.062 No connection to sync server.
06:47:48.083 No connection to sync server.
06:48:48.109 No connection to sync server.
06:49:48.115 No connection to sync server.
06:50:48.118 No connection to sync server.
06:51:48.143 No connection to sync server.
06:52:48.144 No connection to sync server.
06:53:48.199 No connection to sync server.
06:54:48.186 No connection to sync server.
06:55:48.215 No connection to sync server.
06:56:48.209 No connection to sync server.
06:57:48.211 No connection to sync server.
06:58:48.236 No connection to sync server.
06:59:48.248 No connection to sync server.
07:00:48.266 No connection to sync server.
07:01:48.274 No connection to sync server.
07:02:48.287 No connection to sync server.
07:03:48.300 No connection to sync server.
07:04:48.305 No connection to sync server.
07:05:48.309 No connection to sync server.
07:06:48.330 No connection to sync server.
07:07:48.340 No connection to sync server.
07:08:48.365 No connection to sync server.
07:09:48.367 No connection to sync server.
07:10:48.393 No connection to sync server.
07:11:48.395 No connection to sync server.
07:12:48.423 No connection to sync server.
07:13:48.445 No connection to sync server.
07:14:48.466 No connection to sync server.
07:15:48.459 No connection to sync server.
07:16:48.479 No connection to sync server.
07:17:07.618 Table counts: notes: 308, revisions: 122, attachments: 64, branches: 311, attributes: 457, etapi_tokens: 0, blobs: 333
07:17:07.637 All consistency checks passed with no errors detected (took 20ms)
07:17:48.484 No connection to sync server.
07:18:48.519 No connection to sync server.
07:19:48.525 No connection to sync server.
07:20:48.545 No connection to sync server.
07:21:48.547 No connection to sync server.
07:22:48.576 No connection to sync server.
07:23:48.577 No connection to sync server.
07:24:48.608 No connection to sync server.
07:25:48.605 No connection to sync server.
07:26:48.629 No connection to sync server.
07:27:48.628 No connection to sync server.
07:28:48.670 No connection to sync server.
07:29:48.669 No connection to sync server.
07:30:48.685 No connection to sync server.
07:31:48.691 No connection to sync server.
07:32:48.716 No connection to sync server.
07:33:48.727 No connection to sync server.
07:34:48.750 No connection to sync server.
07:35:48.756 No connection to sync server.
07:36:48.773 No connection to sync server.
07:37:48.776 No connection to sync server.
07:38:48.780 No connection to sync server.
07:39:48.792 No connection to sync server.
07:40:50.020 No connection to sync server.
07:41:48.817 No connection to sync server.
07:42:48.830 No connection to sync server.
07:43:48.853 No connection to sync server.
07:44:48.856 No connection to sync server.
07:45:48.886 No connection to sync server.
07:46:48.888 No connection to sync server.
07:47:48.917 No connection to sync server.
07:48:48.921 No connection to sync server.
07:49:48.935 No connection to sync server.
07:50:48.953 No connection to sync server.
07:51:48.962 No connection to sync server.
07:52:48.970 No connection to sync server.
07:53:48.997 No connection to sync server.
07:54:49.014 No connection to sync server.
07:55:49.021 No connection to sync server.
07:56:49.017 No connection to sync server.
07:57:49.041 No connection to sync server.
07:58:49.042 No connection to sync server.
07:59:49.077 No connection to sync server.
08:00:49.065 No connection to sync server.
08:01:49.096 No connection to sync server.
08:02:49.099 No connection to sync server.
08:03:49.122 No connection to sync server.
08:04:49.135 No connection to sync server.
08:05:49.161 No connection to sync server.
08:06:49.150 No connection to sync server.
08:07:49.181 No connection to sync server.
08:08:49.192 No connection to sync server.
08:09:49.200 No connection to sync server.
08:10:49.216 No connection to sync server.
08:11:49.269 No connection to sync server.
08:12:49.260 No connection to sync server.
08:13:49.258 No connection to sync server.
08:14:49.273 No connection to sync server.
08:15:49.284 No connection to sync server.
08:16:49.295 No connection to sync server.
08:17:07.633 Table counts: notes: 308, revisions: 122, attachments: 64, branches: 311, attributes: 457, etapi_tokens: 0, blobs: 333
08:17:07.656 All consistency checks passed with no errors detected (took 24ms)
08:17:49.310 No connection to sync server.
08:18:49.323 No connection to sync server.
08:19:49.343 No connection to sync server.
08:20:49.345 No connection to sync server.
08:21:49.376 No connection to sync server.
08:22:49.372 No connection to sync server.
08:23:49.397 No connection to sync server.
08:24:49.398 No connection to sync server.
08:25:49.426 No connection to sync server.
08:26:49.444 No connection to sync server.
08:27:49.462 No connection to sync server.
08:28:49.476 No connection to sync server.
08:29:49.479 No connection to sync server.
08:30:49.495 No connection to sync server.
08:31:49.511 No connection to sync server.
08:32:49.529 No connection to sync server.
08:33:49.548 No connection to sync server.
08:34:49.562 No connection to sync server.
08:35:49.564 No connection to sync server.
08:36:49.586 No connection to sync server.
08:37:49.594 No connection to sync server.
08:38:49.619 No connection to sync server.
08:39:49.622 No connection to sync server.
08:40:49.655 No connection to sync server.
08:41:49.654 No connection to sync server.
08:42:49.669 No connection to sync server.
08:43:49.694 No connection to sync server.
08:44:49.692 No connection to sync server.
08:45:49.706 No connection to sync server.
08:46:49.723 No connection to sync server.
08:47:49.732 No connection to sync server.
08:48:49.745 No connection to sync server.
08:49:49.770 No connection to sync server.
08:50:49.764 No connection to sync server.
08:51:49.808 No connection to sync server.
08:52:49.800 No connection to sync server.
08:53:49.824 No connection to sync server.
08:54:49.814 No connection to sync server.
08:55:49.845 No connection to sync server.
08:56:49.840 No connection to sync server.
08:57:49.875 No connection to sync server.
08:58:49.876 No connection to sync server.
08:59:49.900 No connection to sync server.
09:00:49.900 No connection to sync server.
09:01:49.921 No connection to sync server.
09:02:49.952 No connection to sync server.
09:03:49.950 No connection to sync server.
09:04:49.944 No connection to sync server.
09:05:49.982 No connection to sync server.
09:06:49.987 No connection to sync server.
09:07:50.008 No connection to sync server.
09:08:50.020 No connection to sync server.
09:09:50.025 No connection to sync server.
09:10:50.025 No connection to sync server.
09:11:50.044 No connection to sync server.
09:12:50.054 No connection to sync server.
09:13:50.064 No connection to sync server.
09:14:50.101 No connection to sync server.
09:15:50.097 No connection to sync server.
09:16:50.111 No connection to sync server.
09:17:07.642 Table counts: notes: 308, revisions: 122, attachments: 64, branches: 311, attributes: 457, etapi_tokens: 0, blobs: 333
09:17:07.669 Slow query took 25ms: SELECT id, entityId FROM entity_changes LEFT JOIN notes ON entityId = notes.noteId WHERE entity_changes.isErased = 0 AND entity_changes.entityName = 'notes' AND notes.noteId IS NULL
09:17:07.704 All consistency checks passed with no errors detected (took 63ms)
09:17:50.155 No connection to sync server.
09:18:50.138 No connection to sync server.
09:19:50.195 No connection to sync server.
09:20:50.161 No connection to sync server.
09:21:50.181 No connection to sync server.
09:22:50.189 No connection to sync server.
09:23:50.211 No connection to sync server.
09:24:50.262 No connection to sync server.
09:25:50.259 No connection to sync server.
09:26:50.303 No connection to sync server.
09:27:50.270 No connection to sync server.
09:28:50.301 No connection to sync server.
09:29:50.305 No connection to sync server.
09:30:50.337 No connection to sync server.
09:31:50.328 No connection to sync server.
09:32:50.374 No connection to sync server.
09:33:50.344 No connection to sync server.
09:34:50.378 No connection to sync server.
09:35:50.378 No connection to sync server.
09:36:50.404 No connection to sync server.
09:37:50.404 No connection to sync server.
09:38:50.430 No connection to sync server.
09:39:50.427 No connection to sync server.
09:40:50.452 No connection to sync server.
09:41:50.465 No connection to sync server.
09:42:50.474 No connection to sync server.
09:43:50.470 No connection to sync server.
09:44:50.504 No connection to sync server.
09:45:50.513 No connection to sync server.
09:46:50.526 No connection to sync server.
09:47:50.544 No connection to sync server.
09:48:50.571 No connection to sync server.
09:49:50.577 No connection to sync server.
09:50:50.606 No connection to sync server.
09:51:50.587 No connection to sync server.
09:52:50.616 No connection to sync server.
09:53:50.613 No connection to sync server.
09:54:50.647 No connection to sync server.
09:55:50.652 No connection to sync server.
09:56:50.659 No connection to sync server.
09:57:50.665 No connection to sync server.
09:58:50.701 No connection to sync server.
09:59:50.689 No connection to sync server.
10:00:50.711 No connection to sync server.
10:01:50.728 No connection to sync server.
10:02:50.759 No connection to sync server.
10:03:50.748 No connection to sync server.
10:04:50.774 No connection to sync server.
10:05:50.772 No connection to sync server.
10:06:50.814 No connection to sync server.
10:07:50.797 No connection to sync server.
10:08:50.820 No connection to sync server.
10:09:50.820 No connection to sync server.
10:10:50.840 No connection to sync server.
10:11:50.845 No connection to sync server.
10:12:50.867 No connection to sync server.
10:13:50.884 No connection to sync server.
10:14:50.888 No connection to sync server.
10:15:50.892 No connection to sync server.
10:16:50.927 No connection to sync server.
10:17:06.794 Optimizing database
10:17:06.797 Optimization finished in 1ms.
10:17:07.644 Table counts: notes: 308, revisions: 122, attachments: 64, branches: 311, attributes: 457, etapi_tokens: 0, blobs: 333
10:17:07.669 All consistency checks passed with no errors detected (took 27ms)
10:17:50.928 No connection to sync server.
10:18:50.938 No connection to sync server.
10:19:50.958 No connection to sync server.
10:20:50.958 No connection to sync server.
10:21:50.976 No connection to sync server.
10:22:50.969 No connection to sync server.
10:23:50.997 No connection to sync server.
10:24:51.001 No connection to sync server.
10:25:51.025 No connection to sync server.
10:26:51.024 No connection to sync server.
10:27:51.050 No connection to sync server.
10:28:51.060 No connection to sync server.
10:29:51.077 No connection to sync server.
10:30:51.089 No connection to sync server.
10:31:51.096 No connection to sync server.
10:32:51.098 No connection to sync server.
10:33:51.109 No connection to sync server.
10:34:51.161 No connection to sync server.
10:35:51.145 No connection to sync server.
10:36:51.153 No connection to sync server.
10:37:51.152 No connection to sync server.
10:38:51.188 No connection to sync server.
10:39:51.187 No connection to sync server.
10:40:51.196 No connection to sync server.
10:41:51.208 No connection to sync server.
10:42:51.226 No connection to sync server.
10:43:51.234 No connection to sync server.
10:44:51.249 No connection to sync server.
10:45:51.250 No connection to sync server.
10:46:51.285 No connection to sync server.
10:47:51.280 No connection to sync server.
10:48:51.304 No connection to sync server.
10:49:51.305 No connection to sync server.
10:50:51.336 No connection to sync server.
10:51:51.327 No connection to sync server.
10:52:51.345 No connection to sync server.
10:53:51.344 No connection to sync server.
10:54:51.375 No connection to sync server.
10:55:51.381 No connection to sync server.
10:56:51.402 No connection to sync server.
10:57:51.402 No connection to sync server.
10:58:51.428 No connection to sync server.
10:59:51.420 No connection to sync server.
11:00:51.450 No connection to sync server.
11:01:51.448 No connection to sync server.
11:02:51.459 No connection to sync server.
11:03:51.459 No connection to sync server.
11:04:51.489 No connection to sync server.
11:05:51.497 No connection to sync server.
11:06:51.529 No connection to sync server.
11:07:51.529 No connection to sync server.
11:08:51.538 No connection to sync server.
11:09:51.539 No connection to sync server.
11:10:51.565 No connection to sync server.
11:11:51.570 No connection to sync server.
11:12:51.590 No connection to sync server.
11:13:51.605 No connection to sync server.
11:14:51.613 No connection to sync server.
11:15:51.638 No connection to sync server.
11:16:51.630 No connection to sync server.
11:17:07.650 Table counts: notes: 308, revisions: 122, attachments: 64, branches: 311, attributes: 457, etapi_tokens: 0, blobs: 333
11:17:07.688 All consistency checks passed with no errors detected (took 38ms)
11:17:51.656 No connection to sync server.
11:18:51.655 No connection to sync server.
11:19:51.683 No connection to sync server.
11:20:51.716 No connection to sync server.
11:21:51.705 No connection to sync server.
11:22:51.712 No connection to sync server.
11:23:51.722 No connection to sync server.
11:24:51.733 No connection to sync server.
11:25:51.761 No connection to sync server.
11:26:51.756 No connection to sync server.
11:27:51.771 No connection to sync server.
11:28:51.791 No connection to sync server.
11:29:51.796 No connection to sync server.
11:30:51.798 No connection to sync server.
11:31:51.880 No connection to sync server.
11:32:51.834 No connection to sync server.
11:33:51.864 No connection to sync server.
11:34:51.858 No connection to sync server.
11:35:51.871 No connection to sync server.
11:36:51.878 No connection to sync server.
11:37:51.895 No connection to sync server.
11:38:51.899 No connection to sync server.
11:39:51.926 No connection to sync server.
11:40:51.929 No connection to sync server.
11:41:51.943 No connection to sync server.
11:42:51.970 No connection to sync server.
11:43:51.979 No connection to sync server.
11:44:51.966 No connection to sync server.
11:45:51.998 No connection to sync server.
11:46:52.003 No connection to sync server.
11:47:52.018 No connection to sync server.
11:48:52.030 No connection to sync server.
11:49:52.045 No connection to sync server.
11:50:52.069 No connection to sync server.
11:51:52.064 No connection to sync server.
11:52:52.069 No connection to sync server.
11:53:52.093 No connection to sync server.
11:54:52.100 No connection to sync server.
11:55:52.113 No connection to sync server.
11:56:52.113 No connection to sync server.
11:57:52.137 No connection to sync server.
11:58:52.160 No connection to sync server.
11:59:52.150 No connection to sync server.
12:00:52.183 No connection to sync server.
12:01:52.171 No connection to sync server.
12:02:52.211 No connection to sync server.
12:03:52.221 No connection to sync server.
12:04:52.260 No connection to sync server.
12:05:52.238 No connection to sync server.
12:06:52.254 No connection to sync server.
12:07:52.278 No connection to sync server.
12:08:52.273 No connection to sync server.
12:09:52.277 No connection to sync server.
12:10:52.301 No connection to sync server.
12:11:52.305 No connection to sync server.
12:12:52.322 No connection to sync server.
12:13:52.324 No connection to sync server.
12:14:52.344 No connection to sync server.
12:15:52.347 No connection to sync server.
12:16:52.366 No connection to sync server.
12:17:07.652 Table counts: notes: 308, revisions: 122, attachments: 64, branches: 311, attributes: 457, etapi_tokens: 0, blobs: 333
12:17:07.698 All consistency checks passed with no errors detected (took 46ms)
12:17:52.518 No connection to sync server.
12:18:52.383 No connection to sync server.
12:19:52.401 No connection to sync server.
12:20:52.416 No connection to sync server.
12:21:52.425 No connection to sync server.
12:22:52.439 No connection to sync server.
12:23:52.429 No connection to sync server.
12:24:52.465 No connection to sync server.
12:25:52.464 No connection to sync server.
12:26:52.477 No connection to sync server.
12:27:52.484 No connection to sync server.
12:28:52.495 No connection to sync server.
12:29:52.493 No connection to sync server.
12:30:52.514 No connection to sync server.
12:31:52.532 No connection to sync server.
12:32:52.544 No connection to sync server.
12:33:52.551 No connection to sync server.
12:34:52.564 No connection to sync server.
12:35:52.568 No connection to sync server.
12:36:52.585 No connection to sync server.
12:37:52.595 No connection to sync server.
12:38:52.623 No connection to sync server.
12:39:52.620 No connection to sync server.
12:40:52.639 No connection to sync server.
12:41:52.644 No connection to sync server.
12:42:52.658 No connection to sync server.
12:43:52.668 No connection to sync server.
12:44:52.674 No connection to sync server.
12:45:52.688 No connection to sync server.
12:46:52.696 No connection to sync server.
12:47:52.702 No connection to sync server.
12:48:52.724 No connection to sync server.
12:49:52.739 No connection to sync server.
12:50:52.744 No connection to sync server.
12:51:52.753 No connection to sync server.
12:52:52.778 No connection to sync server.
12:53:52.779 No connection to sync server.
12:54:52.815 No connection to sync server.
12:55:52.796 No connection to sync server.
12:56:52.816 No connection to sync server.
12:57:52.809 No connection to sync server.
12:58:52.829 No connection to sync server.
12:59:52.827 No connection to sync server.
13:00:52.845 No connection to sync server.
13:01:52.851 No connection to sync server.
13:02:52.868 No connection to sync server.
13:03:52.871 No connection to sync server.
13:04:52.895 No connection to sync server.
13:05:52.901 No connection to sync server.
13:06:52.920 No connection to sync server.
13:07:52.930 No connection to sync server.
13:08:52.932 No connection to sync server.
13:09:52.932 No connection to sync server.
13:10:52.942 No connection to sync server.
13:11:52.971 No connection to sync server.
13:12:52.986 No connection to sync server.
13:13:52.994 No connection to sync server.
13:14:52.988 No connection to sync server.
13:15:53.006 No connection to sync server.
13:16:53.020 No connection to sync server.
13:17:07.654 Table counts: notes: 308, revisions: 122, attachments: 64, branches: 311, attributes: 457, etapi_tokens: 0, blobs: 333
13:17:07.678 All consistency checks passed with no errors detected (took 24ms)
13:17:53.044 No connection to sync server.
13:18:53.029 No connection to sync server.
13:19:53.040 No connection to sync server.
13:20:53.072 No connection to sync server.
13:21:53.061 No connection to sync server.
13:22:53.099 No connection to sync server.
13:23:53.078 No connection to sync server.
13:24:53.087 No connection to sync server.
13:25:53.111 No connection to sync server.
13:26:53.104 No connection to sync server.
13:27:53.115 No connection to sync server.
13:28:53.137 No connection to sync server.
13:29:53.144 No connection to sync server.
13:30:53.149 No connection to sync server.
13:31:53.168 No connection to sync server.
13:32:53.167 No connection to sync server.
13:33:53.192 No connection to sync server.
13:34:53.194 No connection to sync server.
13:35:53.202 No connection to sync server.
13:36:53.223 No connection to sync server.
13:37:53.223 No connection to sync server.
13:38:53.236 No connection to sync server.
13:39:53.432 No connection to sync server.
13:40:53.255 No connection to sync server.
13:41:53.262 No connection to sync server.
13:42:53.298 No connection to sync server.
13:43:53.274 No connection to sync server.
13:44:53.296 No connection to sync server.
13:45:53.305 No connection to sync server.
13:46:53.316 No connection to sync server.
13:47:53.319 No connection to sync server.
13:48:53.340 No connection to sync server.
13:49:53.349 No connection to sync server.
13:50:53.357 No connection to sync server.
13:51:53.368 No connection to sync server.
13:52:53.369 No connection to sync server.
13:53:53.381 No connection to sync server.
13:54:53.391 No connection to sync server.
13:55:53.402 No connection to sync server.
13:56:53.413 No connection to sync server.
13:57:53.461 No connection to sync server.
13:58:53.435 No connection to sync server.
13:59:53.435 No connection to sync server.
14:00:53.468 No connection to sync server.
14:01:53.470 No connection to sync server.
14:02:53.490 No connection to sync server.
14:03:53.482 No connection to sync server.
14:04:53.499 No connection to sync server.
14:05:53.502 No connection to sync server.
14:06:53.520 No connection to sync server.
14:07:53.532 No connection to sync server.
14:08:53.538 No connection to sync server.
14:09:53.551 No connection to sync server.
14:10:53.588 No connection to sync server.
14:11:53.561 No connection to sync server.
14:12:53.585 No connection to sync server.
14:13:53.595 No connection to sync server.
14:14:53.596 No connection to sync server.
14:15:53.598 No connection to sync server.
14:16:53.621 No connection to sync server.
14:17:07.655 Table counts: notes: 308, revisions: 122, attachments: 64, branches: 311, attributes: 457, etapi_tokens: 0, blobs: 333
14:17:07.678 All consistency checks passed with no errors detected (took 23ms)
14:17:53.636 No connection to sync server.
14:18:53.630 No connection to sync server.
14:19:53.664 No connection to sync server.
14:20:53.667 No connection to sync server.
14:21:53.664 No connection to sync server.
14:22:53.683 No connection to sync server.
14:23:53.686 No connection to sync server.
14:24:53.714 No connection to sync server.
14:25:53.703 No connection to sync server.
14:26:53.717 No connection to sync server.
14:27:53.714 No connection to sync server.
14:28:53.743 No connection to sync server.
14:29:53.737 No connection to sync server.
14:30:53.760 No connection to sync server.
14:31:53.785 No connection to sync server.
14:32:53.796 No connection to sync server.
14:33:53.780 No connection to sync server.
14:34:53.785 No connection to sync server.
14:35:53.796 No connection to sync server.
14:36:53.812 No connection to sync server.
14:37:53.823 No connection to sync server.
14:38:53.827 No connection to sync server.
14:39:53.830 No connection to sync server.
14:40:53.851 No connection to sync server.
14:41:53.852 No connection to sync server.
14:42:53.876 No connection to sync server.
14:43:53.868 No connection to sync server.
14:44:53.888 No connection to sync server.
14:45:53.885 No connection to sync server.
14:46:53.897 No connection to sync server.
14:47:53.907 No connection to sync server.
14:48:53.932 No connection to sync server.
14:49:53.927 No connection to sync server.
14:50:53.935 No connection to sync server.
14:51:53.955 No connection to sync server.
14:52:53.968 No connection to sync server.
14:53:53.958 No connection to sync server.
14:54:53.980 No connection to sync server.
14:55:53.984 No connection to sync server.
14:56:53.997 No connection to sync server.
14:57:53.989 No connection to sync server.
14:58:54.015 No connection to sync server.
14:59:54.014 No connection to sync server.
15:00:54.033 No connection to sync server.
15:01:54.041 No connection to sync server.
15:02:54.055 No connection to sync server.
15:03:54.052 No connection to sync server.
15:04:54.058 No connection to sync server.
15:05:54.070 No connection to sync server.
15:06:54.077 No connection to sync server.
15:07:54.086 No connection to sync server.
15:08:54.097 No connection to sync server.
15:09:54.107 No connection to sync server.
15:10:54.109 No connection to sync server.
15:11:54.141 No connection to sync server.
15:12:54.223 No connection to sync server.
15:13:54.136 No connection to sync server.
15:14:54.139 No connection to sync server.
15:15:54.151 No connection to sync server.
15:16:54.158 No connection to sync server.
15:17:07.666 Table counts: notes: 308, revisions: 122, attachments: 64, branches: 311, attributes: 457, etapi_tokens: 0, blobs: 333
15:17:07.696 All consistency checks passed with no errors detected (took 31ms)
15:17:54.169 No connection to sync server.
15:18:54.176 No connection to sync server.
15:19:54.192 No connection to sync server.
15:20:54.195 No connection to sync server.
15:21:54.203 No connection to sync server.
15:22:54.212 No connection to sync server.
15:23:54.223 No connection to sync server.
15:24:54.261 No connection to sync server.
15:25:54.244 No connection to sync server.
15:26:54.243 No connection to sync server.
15:27:54.244 No connection to sync server.
15:28:54.257 No connection to sync server.
15:29:54.262 No connection to sync server.
15:30:54.275 No connection to sync server.
15:31:54.288 No connection to sync server.
15:32:54.311 No connection to sync server.
15:33:46.032 Error: Router not found for request GET /pdown
15:33:54.286 No connection to sync server.
15:34:54.306 No connection to sync server.
15:35:54.302 No connection to sync server.
15:36:54.316 No connection to sync server.
15:37:54.325 No connection to sync server.
15:38:54.332 No connection to sync server.
15:39:54.336 No connection to sync server.
15:40:54.357 No connection to sync server.
15:41:54.368 No connection to sync server.
15:42:54.364 No connection to sync server.
15:43:54.377 No connection to sync server.
15:44:54.379 No connection to sync server.
15:45:54.398 No connection to sync server.
15:46:54.395 No connection to sync server.
15:47:54.418 No connection to sync server.
15:48:54.413 No connection to sync server.
15:49:54.426 No connection to sync server.
15:50:54.434 No connection to sync server.
15:51:54.432 No connection to sync server.
15:52:54.440 No connection to sync server.
15:53:54.456 No connection to sync server.
15:54:54.455 No connection to sync server.
15:55:54.481 No connection to sync server.
15:56:54.471 No connection to sync server.
15:57:54.499 No connection to sync server.
15:58:54.487 No connection to sync server.
15:59:54.500 No connection to sync server.
16:00:54.519 No connection to sync server.
16:01:54.515 No connection to sync server.
16:02:54.526 No connection to sync server.
16:03:54.542 No connection to sync server.
16:04:54.538 No connection to sync server.
16:05:54.556 No connection to sync server.
16:06:54.558 No connection to sync server.
16:07:54.591 No connection to sync server.
16:08:54.594 No connection to sync server.
16:09:54.593 No connection to sync server.
16:10:54.590 No connection to sync server.
16:11:54.591 No connection to sync server.
16:12:54.607 No connection to sync server.
16:13:54.630 No connection to sync server.
16:14:54.618 No connection to sync server.
16:15:54.641 No connection to sync server.
16:16:54.639 No connection to sync server.
16:17:07.678 Table counts: notes: 308, revisions: 122, attachments: 64, branches: 311, attributes: 457, etapi_tokens: 0, blobs: 333
16:17:07.699 All consistency checks passed with no errors detected (took 22ms)
16:17:54.652 No connection to sync server.
16:18:54.649 No connection to sync server.
16:19:54.663 No connection to sync server.
16:20:54.673 No connection to sync server.
16:21:54.684 No connection to sync server.
16:22:54.684 No connection to sync server.
16:23:54.693 No connection to sync server.
16:24:54.702 No connection to sync server.
16:25:54.707 No connection to sync server.
16:26:54.722 No connection to sync server.
16:27:54.728 No connection to sync server.
16:28:54.738 No connection to sync server.
16:29:54.747 No connection to sync server.
16:30:54.749 No connection to sync server.
16:31:54.768 No connection to sync server.
16:32:54.760 No connection to sync server.
16:33:54.775 No connection to sync server.
16:34:54.785 No connection to sync server.
16:35:54.787 No connection to sync server.
16:36:56.811 No connection to sync server.
16:37:54.809 No connection to sync server.
16:38:54.813 No connection to sync server.
16:39:54.831 No connection to sync server.
16:40:54.824 No connection to sync server.
16:41:54.839 No connection to sync server.
16:42:54.844 No connection to sync server.
16:43:54.850 No connection to sync server.
16:44:54.848 No connection to sync server.
16:45:54.870 No connection to sync server.
16:46:54.867 No connection to sync server.
16:47:54.881 No connection to sync server.
16:48:54.881 No connection to sync server.
16:49:54.890 No connection to sync server.
16:50:54.892 No connection to sync server.
16:51:54.913 No connection to sync server.
16:52:54.903 No connection to sync server.
16:53:54.920 No connection to sync server.
16:54:54.923 No connection to sync server.
16:55:54.924 No connection to sync server.
16:56:54.930 No connection to sync server.
16:57:54.943 No connection to sync server.
16:58:54.948 No connection to sync server.
16:59:54.957 No connection to sync server.
17:00:54.952 No connection to sync server.
17:01:54.963 No connection to sync server.
17:02:54.971 No connection to sync server.
17:03:54.988 No connection to sync server.
17:04:54.993 No connection to sync server.
17:05:54.988 No connection to sync server.
17:06:55.001 No connection to sync server.
17:07:54.995 No connection to sync server.
17:08:55.011 No connection to sync server.
17:09:55.020 No connection to sync server.
17:10:55.014 No connection to sync server.
17:11:55.024 No connection to sync server.
17:12:55.032 No connection to sync server.
17:13:55.058 No connection to sync server.
17:14:55.046 No connection to sync server.
17:15:55.046 No connection to sync server.
17:16:55.057 No connection to sync server.
17:17:07.694 Table counts: notes: 308, revisions: 122, attachments: 64, branches: 311, attributes: 457, etapi_tokens: 0, blobs: 333
17:17:07.721 All consistency checks passed with no errors detected (took 28ms)
17:17:55.113 No connection to sync server.
17:18:55.077 No connection to sync server.
17:19:55.066 No connection to sync server.
17:20:55.129 No connection to sync server.
17:21:55.096 No connection to sync server.
17:22:55.097 No connection to sync server.
17:23:55.113 No connection to sync server.
17:24:55.107 No connection to sync server.
17:25:55.123 No connection to sync server.
17:26:55.119 No connection to sync server.
17:27:55.130 No connection to sync server.
17:28:55.136 No connection to sync server.
17:29:55.135 No connection to sync server.
17:30:55.150 No connection to sync server.
17:31:55.155 No connection to sync server.
17:32:55.152 No connection to sync server.
17:33:55.158 No connection to sync server.
17:34:55.171 No connection to sync server.
17:35:55.178 No connection to sync server.
17:36:55.184 No connection to sync server.
17:37:55.190 No connection to sync server.
17:38:55.199 No connection to sync server.
17:39:55.207 No connection to sync server.
17:40:55.201 No connection to sync server.
17:41:55.208 No connection to sync server.
17:42:55.229 No connection to sync server.
17:43:55.234 No connection to sync server.
17:44:54.529 Error: Router not found for request GET /favicon.png
17:44:55.228 No connection to sync server.
17:45:55.246 No connection to sync server.
17:46:55.246 No connection to sync server.
17:47:55.254 No connection to sync server.
17:48:55.256 No connection to sync server.
17:49:55.248 No connection to sync server.
17:50:55.274 No connection to sync server.
17:51:55.297 No connection to sync server.
17:52:55.280 No connection to sync server.
17:53:55.291 No connection to sync server.
17:54:55.288 No connection to sync server.
17:55:55.312 No connection to sync server.
17:56:55.299 No connection to sync server.
17:57:55.316 No connection to sync server.
17:58:55.336 No connection to sync server.
17:59:55.373 No connection to sync server.
18:00:55.352 No connection to sync server.
18:01:55.337 No connection to sync server.
18:02:55.344 No connection to sync server.
18:03:55.348 No connection to sync server.
18:04:55.349 No connection to sync server.
18:05:55.359 No connection to sync server.
18:06:55.356 No connection to sync server.
18:07:55.369 No connection to sync server.
18:08:55.386 No connection to sync server.
18:09:55.384 No connection to sync server.
18:10:55.379 No connection to sync server.
18:11:55.393 No connection to sync server.
18:12:55.408 No connection to sync server.
18:13:55.408 No connection to sync server.
18:14:55.403 No connection to sync server.
18:15:55.408 No connection to sync server.
18:16:55.420 No connection to sync server.
18:17:07.693 Table counts: notes: 308, revisions: 122, attachments: 64, branches: 311, attributes: 457, etapi_tokens: 0, blobs: 333
18:17:07.717 All consistency checks passed with no errors detected (took 24ms)
18:17:55.421 No connection to sync server.
18:18:55.435 No connection to sync server.
18:19:55.430 No connection to sync server.
18:20:55.438 No connection to sync server.
18:21:55.443 No connection to sync server.
18:22:55.452 No connection to sync server.
18:23:55.456 No connection to sync server.
18:24:55.474 No connection to sync server.
18:25:55.467 No connection to sync server.
18:26:55.470 No connection to sync server.
18:27:55.479 No connection to sync server.
18:28:55.488 No connection to sync server.
18:29:55.527 No connection to sync server.
18:30:55.496 No connection to sync server.
18:31:55.501 No connection to sync server.
18:32:55.499 No connection to sync server.
18:33:55.508 No connection to sync server.
18:34:55.505 No connection to sync server.
18:35:55.525 No connection to sync server.
18:36:55.514 No connection to sync server.
18:37:55.519 No connection to sync server.
18:38:55.519 No connection to sync server.
18:39:55.536 No connection to sync server.
18:40:55.539 No connection to sync server.
18:41:55.542 No connection to sync server.
18:42:55.549 No connection to sync server.
18:43:55.540 No connection to sync server.
18:44:55.544 No connection to sync server.
18:45:55.552 No connection to sync server.
18:46:55.570 No connection to sync server.
18:47:55.560 No connection to sync server.
18:48:55.566 No connection to sync server.
18:49:55.569 No connection to sync server.
18:50:55.577 No connection to sync server.
18:51:55.584 No connection to sync server.
18:52:55.575 No connection to sync server.
18:53:55.576 No connection to sync server.
18:54:55.604 No connection to sync server.
18:55:55.595 No connection to sync server.
18:56:55.601 No connection to sync server.
18:57:55.600 No connection to sync server.
18:58:55.606 No connection to sync server.
18:59:55.617 No connection to sync server.
19:00:55.611 No connection to sync server.
19:01:55.640 No connection to sync server.
19:02:55.621 No connection to sync server.
19:03:55.622 No connection to sync server.
19:04:55.633 No connection to sync server.
19:05:55.634 No connection to sync server.
19:06:55.644 No connection to sync server.
19:07:55.665 No connection to sync server.
19:08:55.646 No connection to sync server.
19:09:55.659 No connection to sync server.
19:10:55.673 No connection to sync server.
19:11:55.661 No connection to sync server.
19:12:55.672 No connection to sync server.
19:13:55.675 No connection to sync server.
19:14:55.676 No connection to sync server.
19:15:55.692 No connection to sync server.
19:16:55.694 No connection to sync server.
19:17:07.694 Table counts: notes: 308, revisions: 122, attachments: 64, branches: 311, attributes: 457, etapi_tokens: 0, blobs: 333
19:17:07.716 All consistency checks passed with no errors detected (took 23ms)
19:17:55.688 No connection to sync server.
19:18:55.696 No connection to sync server.
19:19:55.709 No connection to sync server.
19:20:55.708 No connection to sync server.
19:21:55.701 No connection to sync server.
19:22:55.709 No connection to sync server.
19:23:55.706 No connection to sync server.
19:24:55.719 No connection to sync server.
19:25:55.729 No connection to sync server.
19:26:55.733 No connection to sync server.
19:27:55.727 No connection to sync server.
19:28:55.730 No connection to sync server.
19:29:55.744 No connection to sync server.
19:30:55.734 No connection to sync server.
19:31:55.758 No connection to sync server.
19:32:55.749 No connection to sync server.
19:33:55.763 No connection to sync server.
19:34:55.753 No connection to sync server.
19:35:55.767 No connection to sync server.
19:36:55.760 No connection to sync server.
19:37:55.776 No connection to sync server.
19:38:55.789 No connection to sync server.
19:39:55.784 No connection to sync server.
19:40:55.775 No connection to sync server.
19:41:55.782 No connection to sync server.
19:42:55.793 No connection to sync server.
19:43:55.792 No connection to sync server.
19:44:55.786 No connection to sync server.
19:45:55.797 No connection to sync server.
19:46:55.809 No connection to sync server.
19:47:55.808 No connection to sync server.
19:48:55.834 No connection to sync server.
19:49:55.805 No connection to sync server.
19:50:55.813 No connection to sync server.
19:51:55.826 No connection to sync server.
19:52:55.811 No connection to sync server.
19:53:55.820 No connection to sync server.
19:54:55.829 No connection to sync server.
19:55:55.833 No connection to sync server.
19:56:55.833 No connection to sync server.
19:57:55.845 No connection to sync server.
19:58:55.853 No connection to sync server.
19:59:55.849 No connection to sync server.
20:00:55.849 No connection to sync server.
20:01:55.851 No connection to sync server.
20:02:55.850 No connection to sync server.
20:03:55.852 No connection to sync server.
20:04:55.854 No connection to sync server.
20:05:55.864 No connection to sync server.
20:06:55.873 No connection to sync server.
20:07:55.864 No connection to sync server.
20:08:55.860 No connection to sync server.
20:09:55.893 No connection to sync server.
20:10:55.899 No connection to sync server.
20:11:55.888 No connection to sync server.
20:12:55.874 No connection to sync server.
20:13:55.879 No connection to sync server.
20:14:55.879 No connection to sync server.
20:15:55.887 No connection to sync server.
20:16:55.905 No connection to sync server.
20:17:06.804 Optimizing database
20:17:06.805 Optimization finished in 1ms.
20:17:07.695 Table counts: notes: 308, revisions: 122, attachments: 64, branches: 311, attributes: 457, etapi_tokens: 0, blobs: 333
20:17:07.729 All consistency checks passed with no errors detected (took 35ms)
20:17:55.904 No connection to sync server.
20:18:55.892 No connection to sync server.
20:19:55.893 No connection to sync server.
20:20:55.916 No connection to sync server.
20:21:55.910 No connection to sync server.
20:22:55.906 No connection to sync server.
20:23:55.907 No connection to sync server.
20:24:55.909 No connection to sync server.
20:25:55.904 No connection to sync server.
20:26:55.899 No connection to sync server.
20:27:55.940 No connection to sync server.
20:28:55.921 No connection to sync server.
20:29:55.924 No connection to sync server.
20:30:55.922 No connection to sync server.
20:31:55.926 No connection to sync server.
20:32:55.934 No connection to sync server.
20:33:55.922 No connection to sync server.
20:34:55.927 No connection to sync server.
20:35:55.944 No connection to sync server.
20:36:55.947 No connection to sync server.
20:37:55.940 No connection to sync server.
20:38:55.948 No connection to sync server.
20:39:55.934 No connection to sync server.
20:40:55.964 No connection to sync server.
20:41:55.964 No connection to sync server.
20:42:55.943 No connection to sync server.
20:43:55.954 No connection to sync server.
20:44:55.948 No connection to sync server.
20:45:55.955 No connection to sync server.
20:46:55.971 No connection to sync server.
20:47:55.958 No connection to sync server.
20:48:55.968 No connection to sync server.
20:49:55.963 No connection to sync server.
20:50:55.967 No connection to sync server.
20:51:55.967 No connection to sync server.
20:52:55.972 No connection to sync server.
20:53:55.978 No connection to sync server.
20:54:55.980 No connection to sync server.
20:55:55.973 No connection to sync server.
20:56:55.980 No connection to sync server.
20:57:55.968 No connection to sync server.
20:58:55.981 No connection to sync server.
20:59:55.986 No connection to sync server.
21:00:55.970 No connection to sync server.
21:01:55.972 No connection to sync server.
21:02:55.978 No connection to sync server.
21:03:55.977 No connection to sync server.
21:04:55.976 No connection to sync server.
21:05:55.990 No connection to sync server.
21:06:55.991 No connection to sync server.
21:07:55.970 No connection to sync server.
21:08:55.981 No connection to sync server.
21:09:55.983 No connection to sync server.
21:10:55.981 No connection to sync server.
21:11:55.977 No connection to sync server.
21:12:56.008 No connection to sync server.
21:13:56.005 No connection to sync server.
21:14:56.042 No connection to sync server.
21:15:56.041 No connection to sync server.
21:16:56.076 No connection to sync server.
21:17:07.706 Table counts: notes: 308, revisions: 122, attachments: 64, branches: 311, attributes: 457, etapi_tokens: 0, blobs: 333
21:17:07.735 All consistency checks passed with no errors detected (took 29ms)
21:17:56.070 No connection to sync server.
21:18:56.109 No connection to sync server.
21:19:56.100 No connection to sync server.
21:20:56.137 No connection to sync server.
21:21:56.134 No connection to sync server.
21:22:56.164 No connection to sync server.
21:23:56.183 No connection to sync server.
21:24:56.218 No connection to sync server.
21:25:56.214 No connection to sync server.
21:26:56.225 No connection to sync server.
21:27:56.233 No connection to sync server.
21:28:56.270 No connection to sync server.
21:29:56.275 No connection to sync server.
21:30:56.325 No connection to sync server.
21:31:56.300 No connection to sync server.
21:32:56.350 No connection to sync server.
21:33:56.343 No connection to sync server.
21:34:56.356 No connection to sync server.
21:35:56.372 No connection to sync server.
21:36:56.388 No connection to sync server.
21:37:56.403 No connection to sync server.
21:38:56.423 No connection to sync server.
21:39:56.434 No connection to sync server.
21:40:56.455 No connection to sync server.
21:41:56.466 No connection to sync server.
21:42:56.496 No connection to sync server.
21:43:56.553 No connection to sync server.
21:44:56.523 No connection to sync server.
21:45:56.549 No connection to sync server.
21:46:56.565 No connection to sync server.
21:47:56.582 No connection to sync server.
21:48:56.595 No connection to sync server.
21:49:56.631 No connection to sync server.
21:50:56.658 No connection to sync server.
21:51:56.649 No connection to sync server.
21:52:56.654 No connection to sync server.
21:53:56.696 No connection to sync server.
21:54:56.692 No connection to sync server.
21:55:56.713 No connection to sync server.
21:56:56.727 No connection to sync server.
21:57:56.734 No connection to sync server.
21:58:56.754 No connection to sync server.
21:59:56.775 No connection to sync server.
22:00:56.794 No connection to sync server.
22:01:56.810 No connection to sync server.
22:02:56.811 No connection to sync server.
22:03:56.832 No connection to sync server.
22:04:56.859 No connection to sync server.
22:05:56.866 No connection to sync server.
22:06:56.881 No connection to sync server.
22:07:56.904 No connection to sync server.
22:08:56.917 No connection to sync server.
22:09:56.937 No connection to sync server.
22:10:56.949 No connection to sync server.
22:11:56.957 No connection to sync server.
22:12:56.979 No connection to sync server.
22:13:56.993 No connection to sync server.
22:14:57.012 No connection to sync server.
22:15:57.020 No connection to sync server.
22:16:57.044 No connection to sync server.
22:17:07.707 Table counts: notes: 308, revisions: 122, attachments: 64, branches: 311, attributes: 457, etapi_tokens: 0, blobs: 333
22:17:07.731 All consistency checks passed with no errors detected (took 24ms)
22:17:57.058 No connection to sync server.
22:18:57.080 No connection to sync server.
22:19:57.101 No connection to sync server.
22:20:57.096 No connection to sync server.
22:21:57.127 No connection to sync server.
22:22:57.136 No connection to sync server.
22:23:57.156 No connection to sync server.
22:24:57.171 No connection to sync server.
22:25:57.197 No connection to sync server.
22:26:57.193 No connection to sync server.
22:27:57.221 No connection to sync server.
22:28:57.230 No connection to sync server.
22:29:57.255 No connection to sync server.
22:30:57.254 No connection to sync server.
22:31:57.287 No connection to sync server.
22:32:57.302 No connection to sync server.
22:33:57.312 No connection to sync server.
22:34:57.324 No connection to sync server.
22:35:57.347 No connection to sync server.
22:36:57.367 No connection to sync server.
22:37:57.384 No connection to sync server.
22:38:57.390 No connection to sync server.
22:39:57.417 No connection to sync server.
22:40:57.414 No connection to sync server.
22:41:57.446 No connection to sync server.
22:42:57.445 No connection to sync server.
22:43:57.483 No connection to sync server.
22:44:57.490 No connection to sync server.
22:45:57.509 No connection to sync server.
22:46:57.517 No connection to sync server.
22:47:57.532 No connection to sync server.
22:48:57.541 No connection to sync server.
22:49:57.567 No connection to sync server.
22:50:57.575 No connection to sync server.
22:51:57.608 No connection to sync server.
22:52:57.610 No connection to sync server.
22:53:57.639 No connection to sync server.
22:54:57.641 No connection to sync server.
22:55:57.675 No connection to sync server.
22:56:57.674 No connection to sync server.
22:57:57.705 No connection to sync server.
22:58:57.712 No connection to sync server.
22:59:57.728 No connection to sync server.
23:00:57.737 No connection to sync server.
23:01:57.763 No connection to sync server.
23:02:57.778 No connection to sync server.
23:03:57.800 No connection to sync server.
23:04:57.805 No connection to sync server.
23:05:57.833 No connection to sync server.
23:06:57.862 No connection to sync server.
23:07:57.862 No connection to sync server.
23:08:57.865 No connection to sync server.
23:09:57.897 No connection to sync server.
23:10:57.900 No connection to sync server.
23:11:57.916 No connection to sync server.
23:12:57.933 No connection to sync server.
23:13:57.952 No connection to sync server.
23:14:57.966 No connection to sync server.
23:15:57.994 No connection to sync server.
23:16:57.996 No connection to sync server.
23:17:07.714 Table counts: notes: 308, revisions: 122, attachments: 64, branches: 311, attributes: 457, etapi_tokens: 0, blobs: 333
23:17:07.742 All consistency checks passed with no errors detected (took 28ms)
23:17:58.010 No connection to sync server.
23:18:58.029 No connection to sync server.
23:19:58.032 No connection to sync server.
23:20:58.056 No connection to sync server.
23:21:58.074 No connection to sync server.
23:22:58.091 No connection to sync server.
23:23:58.097 No connection to sync server.
23:24:58.120 No connection to sync server.
23:25:58.124 No connection to sync server.
23:26:58.155 No connection to sync server.
23:27:58.163 No connection to sync server.
23:28:58.180 No connection to sync server.
23:29:58.201 No connection to sync server.
23:30:58.212 No connection to sync server.
23:31:58.222 No connection to sync server.
23:32:58.249 No connection to sync server.
23:33:58.253 No connection to sync server.
23:34:58.277 No connection to sync server.
23:35:58.288 No connection to sync server.
23:36:58.314 No connection to sync server.
23:37:58.314 No connection to sync server.
23:38:58.345 No connection to sync server.
23:39:58.346 No connection to sync server.
23:40:58.369 No connection to sync server.
23:41:58.375 No connection to sync server.
23:42:58.396 No connection to sync server.
23:43:58.403 No connection to sync server.
23:44:58.434 No connection to sync server.
23:45:58.440 No connection to sync server.
23:46:58.459 No connection to sync server.
23:47:58.457 No connection to sync server.
23:48:58.478 No connection to sync server.
23:49:58.504 No connection to sync server.
23:50:58.518 No connection to sync server.
23:51:58.526 No connection to sync server.
23:52:58.551 No connection to sync server.
23:53:58.551 No connection to sync server.
23:54:58.575 No connection to sync server.
23:55:58.576 No connection to sync server.
23:56:58.603 No connection to sync server.
23:57:58.610 No connection to sync server.
23:58:58.640 No connection to sync server.
23:59:58.648 No connection to sync server.
