00:50:19.238 Table counts: notes: 305, revisions: 68, attachments: 38, branches: 308, attributes: 451, etapi_tokens: 0, blobs: 278
00:50:19.256 All consistency checks passed with no errors detected (took 19ms)
01:50:19.240 Table counts: notes: 305, revisions: 68, attachments: 38, branches: 308, attributes: 451, etapi_tokens: 0, blobs: 278
01:50:19.254 All consistency checks passed with no errors detected (took 14ms)
02:50:19.246 Table counts: notes: 305, revisions: 68, attachments: 38, branches: 308, attributes: 451, etapi_tokens: 0, blobs: 278
02:50:19.268 All consistency checks passed with no errors detected (took 22ms)
03:13:55.030 204 PUT /api/options with 0 bytes took 6ms
03:13:55.035 200 GET /api/notes/1g13lN5Vif5L/blob with 4643 bytes took 4ms
03:13:55.038 200 GET /api/note-map/1g13lN5Vif5L/backlink-count with 11 bytes took 2ms
03:14:05.374 200 GET /api/notes/16ewVYb5lycl/blob with 549 bytes took 3ms
03:14:05.378 204 PUT /api/options with 0 bytes took 3ms
03:14:05.380 200 GET /api/note-map/16ewVYb5lycl/backlink-count with 11 bytes took 1ms
03:50:16.314 Optimizing database
03:50:16.316 Optimization finished in 1ms.
03:50:19.249 Table counts: notes: 305, revisions: 68, attachments: 38, branches: 308, attributes: 451, etapi_tokens: 0, blobs: 278
03:50:19.278 All consistency checks passed with no errors detected (took 30ms)
04:50:19.251 Table counts: notes: 305, revisions: 68, attachments: 38, branches: 308, attributes: 451, etapi_tokens: 0, blobs: 278
04:50:19.276 All consistency checks passed with no errors detected (took 26ms)
05:50:19.252 Table counts: notes: 305, revisions: 68, attachments: 38, branches: 308, attributes: 451, etapi_tokens: 0, blobs: 278
05:50:19.265 All consistency checks passed with no errors detected (took 14ms)
06:50:19.254 Table counts: notes: 305, revisions: 68, attachments: 38, branches: 308, attributes: 451, etapi_tokens: 0, blobs: 278
06:50:19.273 All consistency checks passed with no errors detected (took 20ms)
07:50:19.281 Table counts: notes: 305, revisions: 68, attachments: 38, branches: 308, attributes: 451, etapi_tokens: 0, blobs: 278
07:50:19.300 All consistency checks passed with no errors detected (took 20ms)
08:50:19.288 Table counts: notes: 305, revisions: 68, attachments: 38, branches: 308, attributes: 451, etapi_tokens: 0, blobs: 278
08:50:19.302 All consistency checks passed with no errors detected (took 15ms)
09:50:19.291 Table counts: notes: 305, revisions: 68, attachments: 38, branches: 308, attributes: 451, etapi_tokens: 0, blobs: 278
09:50:19.312 All consistency checks passed with no errors detected (took 21ms)
10:50:19.294 Table counts: notes: 305, revisions: 68, attachments: 38, branches: 308, attributes: 451, etapi_tokens: 0, blobs: 278
10:50:19.307 All consistency checks passed with no errors detected (took 14ms)
11:50:19.316 Table counts: notes: 305, revisions: 68, attachments: 38, branches: 308, attributes: 451, etapi_tokens: 0, blobs: 278
11:50:19.333 All consistency checks passed with no errors detected (took 17ms)
12:50:19.336 Table counts: notes: 305, revisions: 68, attachments: 38, branches: 308, attributes: 451, etapi_tokens: 0, blobs: 278
12:50:19.357 All consistency checks passed with no errors detected (took 21ms)
13:14:28.386 Error: Router not found for request GET /pdown
13:50:16.330 Optimizing database
13:50:16.332 Optimization finished in 1ms.
13:50:19.339 Table counts: notes: 305, revisions: 68, attachments: 38, branches: 308, attributes: 451, etapi_tokens: 0, blobs: 278
13:50:19.363 All consistency checks passed with no errors detected (took 24ms)
14:50:19.357 Table counts: notes: 305, revisions: 68, attachments: 38, branches: 308, attributes: 451, etapi_tokens: 0, blobs: 278
14:50:19.373 All consistency checks passed with no errors detected (took 16ms)
15:50:19.373 Table counts: notes: 305, revisions: 68, attachments: 38, branches: 308, attributes: 451, etapi_tokens: 0, blobs: 278
15:50:19.389 All consistency checks passed with no errors detected (took 16ms)
16:50:19.389 Table counts: notes: 305, revisions: 68, attachments: 38, branches: 308, attributes: 451, etapi_tokens: 0, blobs: 278
16:50:19.410 All consistency checks passed with no errors detected (took 22ms)
17:04:28.621 Error: Router not found for request GET /.well-known/security.txt
17:50:19.391 Table counts: notes: 305, revisions: 68, attachments: 38, branches: 308, attributes: 451, etapi_tokens: 0, blobs: 278
17:50:19.408 All consistency checks passed with no errors detected (took 18ms)
18:50:19.402 Table counts: notes: 305, revisions: 68, attachments: 38, branches: 308, attributes: 451, etapi_tokens: 0, blobs: 278
18:50:19.420 All consistency checks passed with no errors detected (took 18ms)
19:50:19.411 Table counts: notes: 305, revisions: 68, attachments: 38, branches: 308, attributes: 451, etapi_tokens: 0, blobs: 278
19:50:19.432 All consistency checks passed with no errors detected (took 22ms)
20:50:19.418 Table counts: notes: 305, revisions: 68, attachments: 38, branches: 308, attributes: 451, etapi_tokens: 0, blobs: 278
20:50:19.445 All consistency checks passed with no errors detected (took 28ms)
21:50:19.421 Table counts: notes: 305, revisions: 68, attachments: 38, branches: 308, attributes: 451, etapi_tokens: 0, blobs: 278
21:50:19.445 All consistency checks passed with no errors detected (took 25ms)
22:50:19.424 Table counts: notes: 305, revisions: 68, attachments: 38, branches: 308, attributes: 451, etapi_tokens: 0, blobs: 278
22:50:19.442 All consistency checks passed with no errors detected (took 19ms)
23:18:04.200 Error: Router not found for request GET /.well-known/security.txt
23:50:16.341 Optimizing database
23:50:16.344 Optimization finished in 1ms.
23:50:19.425 Table counts: notes: 305, revisions: 68, attachments: 38, branches: 308, attributes: 451, etapi_tokens: 0, blobs: 278
23:50:19.451 All consistency checks passed with no errors detected (took 26ms)
