00:00:14.989 No connection to sync server.
00:01:14.983 No connection to sync server.
00:02:14.991 No connection to sync server.
00:03:15.001 No connection to sync server.
00:04:15.018 No connection to sync server.
00:05:15.018 No connection to sync server.
00:06:15.067 No connection to sync server.
00:07:15.046 No connection to sync server.
00:08:15.066 No connection to sync server.
00:09:15.068 No connection to sync server.
00:10:15.085 No connection to sync server.
00:11:15.090 No connection to sync server.
00:12:15.116 No connection to sync server.
00:13:15.108 No connection to sync server.
00:14:15.130 No connection to sync server.
00:15:15.136 No connection to sync server.
00:16:15.146 No connection to sync server.
00:17:07.205 Table counts: notes: 308, revisions: 122, attachments: 64, branches: 311, attributes: 457, etapi_tokens: 0, blobs: 333
00:17:07.229 All consistency checks passed with no errors detected (took 25ms)
00:17:15.160 No connection to sync server.
00:18:15.171 No connection to sync server.
00:19:15.180 No connection to sync server.
00:20:15.185 No connection to sync server.
00:21:15.202 No connection to sync server.
00:22:15.205 No connection to sync server.
00:23:15.198 No connection to sync server.
00:24:15.244 No connection to sync server.
00:25:15.222 No connection to sync server.
00:26:15.242 No connection to sync server.
00:27:15.248 No connection to sync server.
00:28:15.252 No connection to sync server.
00:29:15.273 No connection to sync server.
00:30:15.282 No connection to sync server.
00:31:15.295 No connection to sync server.
00:32:15.296 No connection to sync server.
00:33:15.304 No connection to sync server.
00:34:15.305 No connection to sync server.
00:35:15.325 No connection to sync server.
00:36:15.334 No connection to sync server.
00:37:15.349 No connection to sync server.
00:38:15.373 No connection to sync server.
00:39:15.370 No connection to sync server.
00:40:15.387 No connection to sync server.
00:41:15.399 No connection to sync server.
00:42:15.394 No connection to sync server.
00:43:15.408 No connection to sync server.
00:44:15.418 No connection to sync server.
00:45:15.430 No connection to sync server.
00:46:15.434 No connection to sync server.
00:47:15.448 No connection to sync server.
00:48:15.458 No connection to sync server.
00:49:15.477 No connection to sync server.
00:50:15.483 No connection to sync server.
00:51:15.508 No connection to sync server.
00:52:15.507 No connection to sync server.
00:53:15.524 No connection to sync server.
00:54:15.527 No connection to sync server.
00:55:15.547 No connection to sync server.
00:56:15.539 No connection to sync server.
00:57:15.570 No connection to sync server.
00:58:15.555 No connection to sync server.
00:59:15.578 No connection to sync server.
01:00:15.584 No connection to sync server.
01:01:15.594 No connection to sync server.
01:02:15.606 No connection to sync server.
01:03:15.598 No connection to sync server.
01:04:15.619 No connection to sync server.
01:05:15.631 No connection to sync server.
01:06:15.649 No connection to sync server.
01:07:15.658 No connection to sync server.
01:08:15.665 No connection to sync server.
01:09:15.672 No connection to sync server.
01:10:15.691 No connection to sync server.
01:11:15.690 No connection to sync server.
01:12:21.719 No connection to sync server.
01:13:21.734 No connection to sync server.
01:14:25.690 Sync failed: 'Request to GET https://trilium.l2.bb1a.cn:8082/api/setup/status failed, error: Error: getaddrinfo ENOTFOUND trilium.l2.bb1a.cn', stack: Error: Request to GET https://trilium.l2.bb1a.cn:8082/api/setup/status failed, error: Error: getaddrinfo ENOTFOUND trilium.l2.bb1a.cn
    at generateError (/root/software/trilium-chinese/trilium-linux-x64-server/src/services/request.js:207:12)
    at ClientRequest.<anonymous> (/root/software/trilium-chinese/trilium-linux-x64-server/src/services/request.js:58:47)
    at ClientRequest.emit (node:events:517:28)
    at TLSSocket.socketErrorListener (node:_http_client:501:9)
    at TLSSocket.emit (node:events:517:28)
    at emitErrorNT (node:internal/streams/destroy:151:8)
    at emitErrorCloseNT (node:internal/streams/destroy:116:3)
    at process.processTicksAndRejections (node:internal/process/task_queues:82:21)
01:15:15.736 No connection to sync server.
01:16:15.749 No connection to sync server.
01:17:07.205 Table counts: notes: 308, revisions: 122, attachments: 64, branches: 311, attributes: 457, etapi_tokens: 0, blobs: 333
01:17:07.228 All consistency checks passed with no errors detected (took 23ms)
01:17:15.752 No connection to sync server.
01:18:15.762 No connection to sync server.
01:19:15.772 No connection to sync server.
01:20:15.793 No connection to sync server.
01:21:15.791 No connection to sync server.
01:22:15.814 No connection to sync server.
01:23:15.831 No connection to sync server.
01:24:15.829 No connection to sync server.
01:25:15.839 No connection to sync server.
01:26:15.848 No connection to sync server.
01:27:15.852 No connection to sync server.
01:28:15.863 No connection to sync server.
01:29:15.888 No connection to sync server.
01:30:15.885 No connection to sync server.
01:31:15.893 No connection to sync server.
01:32:15.937 No connection to sync server.
01:33:15.915 No connection to sync server.
01:34:15.936 No connection to sync server.
01:35:15.961 No connection to sync server.
01:36:15.950 No connection to sync server.
01:37:15.965 No connection to sync server.
01:38:15.981 No connection to sync server.
01:39:15.988 No connection to sync server.
01:40:16.002 No connection to sync server.
01:41:16.010 No connection to sync server.
01:42:16.007 No connection to sync server.
01:43:16.021 No connection to sync server.
01:44:16.038 No connection to sync server.
01:45:16.054 No connection to sync server.
01:46:16.046 No connection to sync server.
01:47:16.055 No connection to sync server.
01:48:16.075 No connection to sync server.
01:49:16.086 No connection to sync server.
01:50:16.093 No connection to sync server.
01:51:16.103 No connection to sync server.
01:52:16.109 No connection to sync server.
01:53:16.123 No connection to sync server.
01:54:16.132 No connection to sync server.
01:55:16.152 No connection to sync server.
01:56:16.148 No connection to sync server.
01:57:16.150 No connection to sync server.
01:58:16.165 No connection to sync server.
01:59:16.177 No connection to sync server.
02:00:16.185 No connection to sync server.
02:01:16.206 No connection to sync server.
02:02:16.202 No connection to sync server.
02:03:16.224 No connection to sync server.
02:04:16.233 No connection to sync server.
02:05:16.251 No connection to sync server.
02:06:16.252 No connection to sync server.
02:07:16.265 No connection to sync server.
02:08:16.260 No connection to sync server.
02:09:16.299 No connection to sync server.
02:10:16.293 No connection to sync server.
02:11:16.305 No connection to sync server.
02:12:16.308 No connection to sync server.
02:13:16.315 No connection to sync server.
02:14:16.334 No connection to sync server.
02:15:16.347 No connection to sync server.
02:16:16.346 No connection to sync server.
02:17:07.205 Table counts: notes: 308, revisions: 122, attachments: 64, branches: 311, attributes: 457, etapi_tokens: 0, blobs: 333
02:17:07.223 All consistency checks passed with no errors detected (took 19ms)
02:17:16.354 No connection to sync server.
02:18:24.393 No connection to sync server.
02:19:16.371 No connection to sync server.
02:20:16.390 No connection to sync server.
02:21:16.389 No connection to sync server.
02:22:16.407 No connection to sync server.
02:23:16.413 No connection to sync server.
02:24:16.420 No connection to sync server.
02:25:16.454 No connection to sync server.
02:26:16.442 No connection to sync server.
02:27:16.469 No connection to sync server.
02:28:16.462 No connection to sync server.
02:29:16.476 No connection to sync server.
02:30:16.491 No connection to sync server.
02:31:16.501 No connection to sync server.
02:32:16.501 No connection to sync server.
02:33:16.513 No connection to sync server.
02:34:16.520 No connection to sync server.
02:35:16.542 No connection to sync server.
02:36:16.538 No connection to sync server.
02:37:16.550 No connection to sync server.
02:38:16.565 No connection to sync server.
02:39:16.638 No connection to sync server.
02:40:16.578 No connection to sync server.
02:41:16.599 No connection to sync server.
02:42:16.591 No connection to sync server.
02:43:16.610 No connection to sync server.
02:44:16.611 No connection to sync server.
02:45:16.622 No connection to sync server.
02:46:16.636 No connection to sync server.
02:47:16.638 No connection to sync server.
02:48:16.650 No connection to sync server.
02:49:16.655 No connection to sync server.
02:50:16.668 No connection to sync server.
02:51:16.661 No connection to sync server.
02:52:16.690 No connection to sync server.
02:53:16.692 No connection to sync server.
02:54:16.714 No connection to sync server.
02:55:16.708 No connection to sync server.
02:56:16.731 No connection to sync server.
02:57:16.727 No connection to sync server.
02:58:16.744 No connection to sync server.
02:59:16.744 No connection to sync server.
03:00:16.758 No connection to sync server.
03:01:16.768 No connection to sync server.
03:02:16.778 No connection to sync server.
03:03:16.789 No connection to sync server.
03:04:16.798 No connection to sync server.
03:05:16.819 No connection to sync server.
03:06:16.805 No connection to sync server.
03:07:16.842 No connection to sync server.
03:08:16.826 No connection to sync server.
03:09:16.846 No connection to sync server.
03:10:16.858 No connection to sync server.
03:11:16.860 No connection to sync server.
03:12:16.855 No connection to sync server.
03:13:16.879 No connection to sync server.
03:14:16.882 No connection to sync server.
03:15:16.898 No connection to sync server.
03:16:16.906 No connection to sync server.
03:17:07.206 Table counts: notes: 308, revisions: 122, attachments: 64, branches: 311, attributes: 457, etapi_tokens: 0, blobs: 333
03:17:07.233 All consistency checks passed with no errors detected (took 28ms)
03:17:16.922 No connection to sync server.
03:18:16.925 No connection to sync server.
03:19:17.013 No connection to sync server.
03:20:16.944 No connection to sync server.
03:21:16.953 No connection to sync server.
03:22:16.962 No connection to sync server.
03:23:16.968 No connection to sync server.
03:24:16.973 No connection to sync server.
03:25:16.989 No connection to sync server.
03:26:16.983 No connection to sync server.
03:27:17.005 No connection to sync server.
03:28:17.005 No connection to sync server.
03:29:17.025 No connection to sync server.
03:30:17.024 No connection to sync server.
03:31:17.385 No connection to sync server.
03:32:17.047 No connection to sync server.
03:33:17.057 No connection to sync server.
03:34:17.062 No connection to sync server.
03:35:17.074 No connection to sync server.
03:36:17.078 No connection to sync server.
03:37:17.100 No connection to sync server.
03:38:17.095 No connection to sync server.
03:39:17.110 No connection to sync server.
03:40:17.114 No connection to sync server.
03:41:17.143 No connection to sync server.
03:42:17.128 No connection to sync server.
03:43:17.142 No connection to sync server.
03:44:17.145 No connection to sync server.
03:45:17.168 No connection to sync server.
03:46:17.165 No connection to sync server.
03:47:17.192 No connection to sync server.
03:48:17.191 No connection to sync server.
03:49:17.201 No connection to sync server.
03:50:17.191 No connection to sync server.
03:51:17.226 No connection to sync server.
03:52:17.215 No connection to sync server.
03:53:17.235 No connection to sync server.
03:54:17.234 No connection to sync server.
03:55:17.264 No connection to sync server.
03:56:17.254 No connection to sync server.
03:57:17.276 No connection to sync server.
03:58:17.266 No connection to sync server.
03:59:17.283 No connection to sync server.
04:00:17.278 No connection to sync server.
04:01:17.297 No connection to sync server.
04:02:17.293 No connection to sync server.
04:03:17.307 No connection to sync server.
04:04:17.312 No connection to sync server.
04:05:17.326 No connection to sync server.
04:06:17.325 No connection to sync server.
04:07:17.337 No connection to sync server.
04:08:17.353 No connection to sync server.
04:09:17.361 No connection to sync server.
04:10:17.358 No connection to sync server.
04:11:17.370 No connection to sync server.
04:12:17.375 No connection to sync server.
04:13:17.388 No connection to sync server.
04:14:17.391 No connection to sync server.
04:15:17.396 No connection to sync server.
04:16:17.401 No connection to sync server.
04:17:07.206 Table counts: notes: 308, revisions: 122, attachments: 64, branches: 311, attributes: 457, etapi_tokens: 0, blobs: 333
04:17:07.225 All consistency checks passed with no errors detected (took 20ms)
04:17:17.408 No connection to sync server.
04:18:17.428 No connection to sync server.
04:19:17.439 No connection to sync server.
04:20:17.437 No connection to sync server.
04:21:17.447 No connection to sync server.
04:22:17.447 No connection to sync server.
04:23:17.458 No connection to sync server.
04:24:17.463 No connection to sync server.
04:25:17.467 No connection to sync server.
04:26:17.478 No connection to sync server.
04:27:17.503 No connection to sync server.
04:28:17.499 No connection to sync server.
04:29:17.506 No connection to sync server.
04:30:17.518 No connection to sync server.
04:31:17.516 No connection to sync server.
04:32:17.520 No connection to sync server.
04:33:17.535 No connection to sync server.
04:34:17.539 No connection to sync server.
04:35:17.548 No connection to sync server.
04:36:17.553 No connection to sync server.
04:37:17.573 No connection to sync server.
04:38:17.579 No connection to sync server.
04:39:17.605 No connection to sync server.
04:40:17.585 No connection to sync server.
04:41:17.600 No connection to sync server.
04:42:17.614 No connection to sync server.
04:43:17.612 No connection to sync server.
04:44:17.621 No connection to sync server.
04:45:17.620 No connection to sync server.
04:46:17.651 No connection to sync server.
04:47:17.649 No connection to sync server.
04:48:17.645 No connection to sync server.
04:49:17.646 No connection to sync server.
04:50:17.662 No connection to sync server.
04:51:17.664 No connection to sync server.
04:52:17.678 No connection to sync server.
04:53:17.687 No connection to sync server.
04:54:17.688 No connection to sync server.
04:55:17.686 No connection to sync server.
04:56:17.696 No connection to sync server.
04:57:17.705 No connection to sync server.
04:58:17.717 No connection to sync server.
04:59:17.897 No connection to sync server.
05:00:17.719 No connection to sync server.
05:01:17.727 No connection to sync server.
05:02:17.742 No connection to sync server.
05:03:17.742 No connection to sync server.
05:04:17.747 No connection to sync server.
05:05:17.756 No connection to sync server.
05:06:17.768 No connection to sync server.
05:07:17.782 No connection to sync server.
05:08:17.786 No connection to sync server.
05:09:17.793 No connection to sync server.
05:10:17.807 No connection to sync server.
05:11:17.796 No connection to sync server.
05:12:17.819 No connection to sync server.
05:13:17.817 No connection to sync server.
05:14:17.826 No connection to sync server.
05:15:17.838 No connection to sync server.
05:16:17.845 No connection to sync server.
05:17:07.210 Table counts: notes: 308, revisions: 122, attachments: 64, branches: 311, attributes: 457, etapi_tokens: 0, blobs: 333
05:17:07.235 All consistency checks passed with no errors detected (took 25ms)
05:17:17.843 No connection to sync server.
05:18:17.855 No connection to sync server.
05:19:17.861 No connection to sync server.
05:20:17.876 No connection to sync server.
05:21:17.882 No connection to sync server.
05:22:17.890 No connection to sync server.
05:23:17.900 No connection to sync server.
05:24:17.905 No connection to sync server.
05:25:17.910 No connection to sync server.
05:26:17.915 No connection to sync server.
05:27:17.932 No connection to sync server.
05:28:17.920 No connection to sync server.
05:29:17.923 No connection to sync server.
05:30:17.943 No connection to sync server.
05:31:17.962 No connection to sync server.
05:32:17.962 No connection to sync server.
05:33:17.964 No connection to sync server.
05:34:17.974 No connection to sync server.
05:35:18.294 No connection to sync server.
05:36:17.993 No connection to sync server.
05:37:17.990 No connection to sync server.
05:38:18.001 No connection to sync server.
05:39:18.008 No connection to sync server.
05:40:18.028 No connection to sync server.
05:41:18.033 No connection to sync server.
05:42:18.027 No connection to sync server.
05:43:18.034 No connection to sync server.
05:44:18.053 No connection to sync server.
05:45:18.048 No connection to sync server.
05:46:18.070 No connection to sync server.
05:47:18.070 No connection to sync server.
05:48:18.068 No connection to sync server.
05:49:18.080 No connection to sync server.
05:50:18.114 No connection to sync server.
05:51:18.107 No connection to sync server.
05:52:18.098 No connection to sync server.
05:53:18.110 No connection to sync server.
05:54:18.104 No connection to sync server.
05:55:18.121 No connection to sync server.
05:56:18.121 No connection to sync server.
05:57:18.128 No connection to sync server.
05:58:18.136 No connection to sync server.
05:59:18.138 No connection to sync server.
06:00:18.142 No connection to sync server.
06:01:18.168 No connection to sync server.
06:02:18.156 No connection to sync server.
06:03:18.160 No connection to sync server.
06:04:18.174 No connection to sync server.
06:05:18.177 No connection to sync server.
06:06:18.187 No connection to sync server.
06:07:18.200 No connection to sync server.
06:08:18.208 No connection to sync server.
06:09:18.405 No connection to sync server.
06:10:18.211 No connection to sync server.
06:11:18.230 No connection to sync server.
06:12:18.227 No connection to sync server.
06:13:18.235 No connection to sync server.
06:14:18.238 No connection to sync server.
06:15:18.252 No connection to sync server.
06:16:18.255 No connection to sync server.
06:17:07.210 Table counts: notes: 308, revisions: 122, attachments: 64, branches: 311, attributes: 457, etapi_tokens: 0, blobs: 333
06:17:07.227 All consistency checks passed with no errors detected (took 17ms)
06:17:18.252 No connection to sync server.
06:18:18.258 No connection to sync server.
06:19:18.277 No connection to sync server.
06:20:18.280 No connection to sync server.
06:21:18.284 No connection to sync server.
06:22:18.283 No connection to sync server.
06:23:18.287 No connection to sync server.
06:24:18.295 No connection to sync server.
06:25:18.303 No connection to sync server.
06:26:18.309 No connection to sync server.
06:27:18.307 No connection to sync server.
06:28:18.319 No connection to sync server.
06:29:18.322 No connection to sync server.
06:30:18.337 No connection to sync server.
06:31:18.340 No connection to sync server.
06:32:18.346 No connection to sync server.
06:33:18.352 No connection to sync server.
06:34:18.371 No connection to sync server.
06:35:18.369 No connection to sync server.
06:36:18.368 No connection to sync server.
06:37:18.398 No connection to sync server.
06:38:18.382 No connection to sync server.
06:39:18.391 No connection to sync server.
06:40:18.384 No connection to sync server.
06:41:18.399 No connection to sync server.
06:42:18.405 No connection to sync server.
06:43:18.410 No connection to sync server.
06:44:18.417 No connection to sync server.
06:45:18.416 No connection to sync server.
06:46:18.420 No connection to sync server.
06:47:18.435 No connection to sync server.
06:48:18.448 No connection to sync server.
06:49:18.448 No connection to sync server.
06:50:18.456 No connection to sync server.
06:51:18.455 No connection to sync server.
06:52:18.457 No connection to sync server.
06:53:18.475 No connection to sync server.
06:54:18.481 No connection to sync server.
06:55:18.751 No connection to sync server.
06:56:18.479 No connection to sync server.
06:57:18.487 No connection to sync server.
06:58:18.503 No connection to sync server.
06:59:18.533 No connection to sync server.
07:00:18.508 No connection to sync server.
07:01:18.502 No connection to sync server.
07:02:18.519 No connection to sync server.
07:03:18.529 No connection to sync server.
07:04:18.521 No connection to sync server.
07:05:18.529 No connection to sync server.
07:06:18.546 No connection to sync server.
07:07:18.537 No connection to sync server.
07:08:18.548 No connection to sync server.
07:09:18.560 No connection to sync server.
07:10:18.546 No connection to sync server.
07:11:18.562 No connection to sync server.
07:12:18.563 No connection to sync server.
07:13:18.565 No connection to sync server.
07:14:18.571 No connection to sync server.
07:15:18.577 No connection to sync server.
07:16:18.576 No connection to sync server.
07:17:07.236 Table counts: notes: 308, revisions: 122, attachments: 64, branches: 311, attributes: 457, etapi_tokens: 0, blobs: 333
07:17:07.260 All consistency checks passed with no errors detected (took 25ms)
07:17:18.584 No connection to sync server.
07:18:18.585 No connection to sync server.
07:19:18.595 No connection to sync server.
07:20:18.605 No connection to sync server.
07:21:18.603 No connection to sync server.
07:22:18.620 No connection to sync server.
07:23:18.608 No connection to sync server.
07:24:18.625 No connection to sync server.
07:25:18.625 No connection to sync server.
07:26:18.639 No connection to sync server.
07:27:18.637 No connection to sync server.
07:28:18.631 No connection to sync server.
07:29:18.635 No connection to sync server.
07:30:18.638 No connection to sync server.
07:31:18.644 No connection to sync server.
07:32:18.643 No connection to sync server.
07:33:18.660 No connection to sync server.
07:34:18.671 No connection to sync server.
07:35:18.671 No connection to sync server.
07:36:18.675 No connection to sync server.
07:37:18.676 No connection to sync server.
07:38:18.675 No connection to sync server.
07:39:18.694 No connection to sync server.
07:39:46.135 Error: Router not found for request GET /sitemap.xml
07:40:18.680 No connection to sync server.
07:41:18.710 No connection to sync server.
07:42:18.710 No connection to sync server.
07:43:18.704 No connection to sync server.
07:44:18.705 No connection to sync server.
07:45:18.708 No connection to sync server.
07:46:18.716 No connection to sync server.
07:47:18.720 No connection to sync server.
07:48:18.724 No connection to sync server.
07:49:18.726 No connection to sync server.
07:50:18.729 No connection to sync server.
07:51:18.741 No connection to sync server.
07:52:18.912 No connection to sync server.
07:53:18.941 No connection to sync server.
07:54:18.767 No connection to sync server.
07:55:18.755 No connection to sync server.
07:56:18.756 No connection to sync server.
07:57:18.773 No connection to sync server.
07:58:18.762 No connection to sync server.
07:59:18.776 No connection to sync server.
08:00:18.776 No connection to sync server.
08:01:18.780 No connection to sync server.
08:02:18.786 No connection to sync server.
08:03:18.791 No connection to sync server.
08:04:18.783 No connection to sync server.
08:05:18.790 No connection to sync server.
08:06:18.799 No connection to sync server.
08:07:18.804 No connection to sync server.
08:08:18.833 No connection to sync server.
08:09:18.821 No connection to sync server.
08:10:18.815 No connection to sync server.
08:11:18.813 No connection to sync server.
08:12:19.014 No connection to sync server.
08:13:18.844 No connection to sync server.
08:14:18.832 No connection to sync server.
08:15:19.037 No connection to sync server.
08:16:18.832 No connection to sync server.
08:17:06.753 Optimizing database
08:17:06.754 Optimization finished in 0ms.
08:17:07.237 Table counts: notes: 308, revisions: 122, attachments: 64, branches: 311, attributes: 457, etapi_tokens: 0, blobs: 333
08:17:07.273 All consistency checks passed with no errors detected (took 37ms)
08:17:18.846 No connection to sync server.
08:18:18.861 No connection to sync server.
08:19:18.847 No connection to sync server.
08:20:18.860 No connection to sync server.
08:21:18.866 No connection to sync server.
08:22:18.865 No connection to sync server.
08:23:18.865 No connection to sync server.
08:24:18.889 No connection to sync server.
08:25:18.859 No connection to sync server.
08:26:18.869 No connection to sync server.
08:27:18.880 No connection to sync server.
08:28:18.895 No connection to sync server.
08:29:18.877 No connection to sync server.
08:30:18.884 No connection to sync server.
08:31:18.892 No connection to sync server.
08:32:18.891 No connection to sync server.
08:33:18.895 No connection to sync server.
08:34:18.908 No connection to sync server.
08:35:18.899 No connection to sync server.
08:36:18.906 No connection to sync server.
08:37:18.904 No connection to sync server.
08:38:18.917 No connection to sync server.
08:39:18.919 No connection to sync server.
08:40:18.916 No connection to sync server.
08:41:18.915 No connection to sync server.
08:42:18.927 No connection to sync server.
08:43:18.918 No connection to sync server.
08:44:18.930 No connection to sync server.
08:45:18.931 No connection to sync server.
08:46:18.942 No connection to sync server.
08:47:18.942 No connection to sync server.
08:48:18.941 No connection to sync server.
08:49:18.945 No connection to sync server.
08:50:18.952 No connection to sync server.
08:51:18.948 No connection to sync server.
08:52:18.952 No connection to sync server.
08:53:18.945 No connection to sync server.
08:54:18.949 No connection to sync server.
08:54:29.251 Error: Router not found for request GET //wp-includes/wlwmanifest.xml
08:54:29.423 Error: Router not found for request GET //xmlrpc.php?rsd
08:54:29.766 Error: Router not found for request GET //blog/wp-includes/wlwmanifest.xml
08:54:29.937 Error: Router not found for request GET //web/wp-includes/wlwmanifest.xml
08:54:30.104 Error: Router not found for request GET //wordpress/wp-includes/wlwmanifest.xml
08:54:30.271 Error: Router not found for request GET //website/wp-includes/wlwmanifest.xml
08:54:30.439 Error: Router not found for request GET //wp/wp-includes/wlwmanifest.xml
08:54:30.611 Error: Router not found for request GET //news/wp-includes/wlwmanifest.xml
08:54:30.776 Error: Router not found for request GET //2018/wp-includes/wlwmanifest.xml
08:54:30.948 Error: Router not found for request GET //2019/wp-includes/wlwmanifest.xml
08:54:31.141 Error: Router not found for request GET //shop/wp-includes/wlwmanifest.xml
08:54:31.309 Error: Router not found for request GET //wp1/wp-includes/wlwmanifest.xml
08:54:31.480 Error: Router not found for request GET //test/wp-includes/wlwmanifest.xml
08:54:31.663 Error: Router not found for request GET //media/wp-includes/wlwmanifest.xml
08:54:31.828 Error: Router not found for request GET //wp2/wp-includes/wlwmanifest.xml
08:54:32.018 Error: Router not found for request GET //site/wp-includes/wlwmanifest.xml
08:54:32.200 Error: Router not found for request GET //cms/wp-includes/wlwmanifest.xml
08:54:32.368 Error: Router not found for request GET //sito/wp-includes/wlwmanifest.xml
08:55:18.951 No connection to sync server.
08:56:18.970 No connection to sync server.
08:57:18.965 No connection to sync server.
08:58:18.955 No connection to sync server.
08:59:18.960 No connection to sync server.
09:00:18.958 No connection to sync server.
09:01:18.966 No connection to sync server.
09:02:18.972 No connection to sync server.
09:03:18.985 No connection to sync server.
09:04:18.970 No connection to sync server.
09:05:18.968 No connection to sync server.
09:06:18.973 No connection to sync server.
09:07:18.986 No connection to sync server.
09:08:18.976 No connection to sync server.
09:09:18.981 No connection to sync server.
09:10:18.986 No connection to sync server.
09:11:18.977 No connection to sync server.
09:12:18.979 No connection to sync server.
09:13:18.988 No connection to sync server.
09:14:18.978 No connection to sync server.
09:15:18.984 No connection to sync server.
09:16:18.987 No connection to sync server.
09:17:07.257 Table counts: notes: 308, revisions: 122, attachments: 64, branches: 311, attributes: 457, etapi_tokens: 0, blobs: 333
09:17:07.297 All consistency checks passed with no errors detected (took 41ms)
09:17:18.991 No connection to sync server.
09:18:18.986 No connection to sync server.
09:19:18.994 No connection to sync server.
09:20:18.990 No connection to sync server.
09:21:18.997 No connection to sync server.
09:22:18.986 No connection to sync server.
09:23:18.999 No connection to sync server.
09:24:18.991 No connection to sync server.
09:25:18.992 No connection to sync server.
09:26:18.996 No connection to sync server.
09:27:19.005 No connection to sync server.
09:28:19.005 No connection to sync server.
09:29:19.001 No connection to sync server.
09:30:19.008 No connection to sync server.
09:31:19.003 No connection to sync server.
09:32:19.003 No connection to sync server.
09:33:19.003 No connection to sync server.
09:34:19.003 No connection to sync server.
09:35:19.033 No connection to sync server.
09:36:19.044 No connection to sync server.
09:37:19.066 No connection to sync server.
09:38:19.062 No connection to sync server.
09:39:19.096 No connection to sync server.
09:40:19.117 No connection to sync server.
09:41:19.140 No connection to sync server.
09:42:19.126 No connection to sync server.
09:43:19.157 No connection to sync server.
09:44:19.153 No connection to sync server.
09:45:19.187 No connection to sync server.
09:46:19.196 No connection to sync server.
09:47:19.217 No connection to sync server.
09:48:19.227 No connection to sync server.
09:49:19.243 No connection to sync server.
09:50:19.249 No connection to sync server.
09:51:19.280 No connection to sync server.
09:52:19.296 No connection to sync server.
09:53:19.315 No connection to sync server.
09:54:19.320 No connection to sync server.
09:55:19.340 No connection to sync server.
09:56:19.355 No connection to sync server.
09:57:19.385 No connection to sync server.
09:58:19.386 No connection to sync server.
09:59:19.411 No connection to sync server.
10:00:19.415 No connection to sync server.
10:01:19.452 No connection to sync server.
10:02:19.453 No connection to sync server.
10:03:19.478 No connection to sync server.
10:04:19.476 No connection to sync server.
10:05:19.515 No connection to sync server.
10:06:19.516 No connection to sync server.
10:07:19.564 No connection to sync server.
10:08:19.550 No connection to sync server.
10:09:19.583 No connection to sync server.
10:10:19.583 No connection to sync server.
10:11:19.617 No connection to sync server.
10:12:19.625 No connection to sync server.
10:13:19.640 No connection to sync server.
10:14:19.649 No connection to sync server.
10:15:19.665 No connection to sync server.
10:16:19.682 No connection to sync server.
10:17:07.257 Table counts: notes: 308, revisions: 122, attachments: 64, branches: 311, attributes: 457, etapi_tokens: 0, blobs: 333
10:17:07.290 All consistency checks passed with no errors detected (took 34ms)
10:17:19.694 No connection to sync server.
10:18:19.710 No connection to sync server.
10:19:19.722 No connection to sync server.
10:20:19.748 No connection to sync server.
10:21:19.759 No connection to sync server.
10:22:19.773 No connection to sync server.
10:23:19.798 No connection to sync server.
10:24:19.814 No connection to sync server.
10:25:19.823 No connection to sync server.
10:26:19.836 No connection to sync server.
10:27:19.865 No connection to sync server.
10:28:19.851 No connection to sync server.
10:29:19.883 No connection to sync server.
10:30:19.891 No connection to sync server.
10:31:19.910 No connection to sync server.
10:32:19.926 No connection to sync server.
10:33:19.940 No connection to sync server.
10:34:19.956 No connection to sync server.
10:35:19.992 No connection to sync server.
10:36:20.001 No connection to sync server.
10:37:20.009 No connection to sync server.
10:38:20.020 No connection to sync server.
10:39:20.060 No connection to sync server.
10:40:20.062 No connection to sync server.
10:41:20.084 No connection to sync server.
10:42:20.100 No connection to sync server.
10:43:20.123 No connection to sync server.
10:44:20.117 No connection to sync server.
10:45:20.161 No connection to sync server.
10:46:20.158 No connection to sync server.
10:47:20.194 No connection to sync server.
10:48:20.182 No connection to sync server.
10:49:20.214 No connection to sync server.
10:50:20.212 No connection to sync server.
10:51:20.236 No connection to sync server.
10:52:20.241 No connection to sync server.
10:53:20.268 No connection to sync server.
10:54:20.298 No connection to sync server.
10:55:20.307 No connection to sync server.
10:56:20.322 No connection to sync server.
10:57:20.335 No connection to sync server.
10:58:20.355 No connection to sync server.
10:59:20.374 No connection to sync server.
11:00:20.393 No connection to sync server.
11:01:20.425 No connection to sync server.
11:02:20.425 No connection to sync server.
11:03:20.450 No connection to sync server.
11:04:20.456 No connection to sync server.
11:05:20.488 No connection to sync server.
11:06:20.481 No connection to sync server.
11:07:20.510 No connection to sync server.
11:08:20.512 No connection to sync server.
11:09:20.536 No connection to sync server.
11:10:20.558 No connection to sync server.
11:11:20.570 No connection to sync server.
11:12:20.701 No connection to sync server.
11:13:20.592 No connection to sync server.
11:14:20.594 No connection to sync server.
11:15:20.640 No connection to sync server.
11:16:20.631 No connection to sync server.
11:17:07.259 Table counts: notes: 308, revisions: 122, attachments: 64, branches: 311, attributes: 457, etapi_tokens: 0, blobs: 333
11:17:07.288 All consistency checks passed with no errors detected (took 30ms)
11:17:20.644 No connection to sync server.
11:18:20.663 No connection to sync server.
11:19:20.674 No connection to sync server.
11:20:20.689 No connection to sync server.
11:21:20.711 No connection to sync server.
11:22:20.717 No connection to sync server.
11:23:20.726 No connection to sync server.
11:24:20.762 No connection to sync server.
11:25:20.771 No connection to sync server.
11:26:20.784 No connection to sync server.
11:27:20.789 No connection to sync server.
11:28:20.824 No connection to sync server.
11:29:22.159 No connection to sync server.
11:30:20.863 No connection to sync server.
11:31:20.853 No connection to sync server.
11:32:20.879 No connection to sync server.
11:33:20.891 No connection to sync server.
11:34:20.910 No connection to sync server.
11:35:20.934 No connection to sync server.
11:36:20.937 No connection to sync server.
11:37:20.962 No connection to sync server.
11:38:20.977 No connection to sync server.
11:39:20.977 No connection to sync server.
11:40:21.011 No connection to sync server.
11:41:21.012 No connection to sync server.
11:42:21.059 No connection to sync server.
11:43:21.047 No connection to sync server.
11:44:21.070 No connection to sync server.
11:45:21.077 No connection to sync server.
11:46:21.113 No connection to sync server.
11:47:21.107 No connection to sync server.
11:48:21.139 No connection to sync server.
11:49:21.147 No connection to sync server.
11:50:21.172 No connection to sync server.
11:51:21.181 No connection to sync server.
11:52:21.171 No connection to sync server.
11:53:21.177 No connection to sync server.
11:54:21.222 No connection to sync server.
11:55:21.213 No connection to sync server.
11:56:21.212 No connection to sync server.
11:57:21.231 No connection to sync server.
11:58:21.249 No connection to sync server.
11:59:21.252 No connection to sync server.
12:00:21.276 No connection to sync server.
12:01:21.274 No connection to sync server.
12:02:21.308 No connection to sync server.
12:03:21.307 No connection to sync server.
12:04:21.332 No connection to sync server.
12:05:21.335 No connection to sync server.
12:06:21.346 No connection to sync server.
12:07:21.360 No connection to sync server.
12:08:21.370 No connection to sync server.
12:09:21.396 No connection to sync server.
12:10:21.408 No connection to sync server.
12:11:21.426 No connection to sync server.
12:12:21.447 No connection to sync server.
12:13:21.455 No connection to sync server.
12:14:21.478 No connection to sync server.
12:15:21.489 No connection to sync server.
12:16:21.512 No connection to sync server.
12:17:07.266 Table counts: notes: 308, revisions: 122, attachments: 64, branches: 311, attributes: 457, etapi_tokens: 0, blobs: 333
12:17:07.293 All consistency checks passed with no errors detected (took 27ms)
12:17:21.504 No connection to sync server.
12:18:21.531 No connection to sync server.
12:19:21.529 No connection to sync server.
12:20:21.545 No connection to sync server.
12:21:21.560 No connection to sync server.
12:22:21.579 No connection to sync server.
12:23:21.590 No connection to sync server.
12:24:21.626 No connection to sync server.
12:25:21.610 No connection to sync server.
12:26:22.096 No connection to sync server.
12:27:21.638 No connection to sync server.
12:28:21.668 No connection to sync server.
12:29:21.672 No connection to sync server.
12:30:21.669 No connection to sync server.
12:31:21.701 No connection to sync server.
12:32:21.710 No connection to sync server.
12:33:21.730 No connection to sync server.
12:34:21.732 No connection to sync server.
12:35:21.768 No connection to sync server.
12:36:21.761 No connection to sync server.
12:37:21.787 No connection to sync server.
12:38:21.809 No connection to sync server.
12:39:21.816 No connection to sync server.
12:40:21.829 No connection to sync server.
12:41:21.844 No connection to sync server.
12:42:21.869 No connection to sync server.
12:43:21.878 No connection to sync server.
12:44:21.876 No connection to sync server.
12:45:21.918 No connection to sync server.
12:46:21.914 No connection to sync server.
12:47:21.936 No connection to sync server.
12:48:21.949 No connection to sync server.
12:49:21.973 No connection to sync server.
12:50:21.977 No connection to sync server.
12:51:22.014 No connection to sync server.
12:52:22.002 No connection to sync server.
12:53:22.036 No connection to sync server.
12:54:22.031 No connection to sync server.
12:55:22.065 No connection to sync server.
12:56:22.075 No connection to sync server.
12:57:22.091 No connection to sync server.
12:58:22.091 No connection to sync server.
12:59:22.110 No connection to sync server.
13:00:22.135 No connection to sync server.
13:01:22.166 No connection to sync server.
13:02:22.162 No connection to sync server.
13:03:22.174 No connection to sync server.
13:04:22.187 No connection to sync server.
13:05:22.218 No connection to sync server.
13:06:22.205 No connection to sync server.
13:07:22.223 No connection to sync server.
13:08:22.236 No connection to sync server.
13:09:22.252 No connection to sync server.
13:10:22.686 No connection to sync server.
13:11:22.286 No connection to sync server.
13:12:22.293 No connection to sync server.
13:13:22.874 No connection to sync server.
13:14:22.319 No connection to sync server.
13:15:22.344 No connection to sync server.
13:16:22.348 No connection to sync server.
13:17:07.273 Table counts: notes: 308, revisions: 122, attachments: 64, branches: 311, attributes: 457, etapi_tokens: 0, blobs: 333
13:17:07.297 All consistency checks passed with no errors detected (took 24ms)
13:17:22.363 No connection to sync server.
13:18:22.390 No connection to sync server.
13:19:22.405 No connection to sync server.
13:20:22.443 No connection to sync server.
13:21:22.431 No connection to sync server.
13:22:22.479 No connection to sync server.
13:23:22.461 No connection to sync server.
13:24:22.499 No connection to sync server.
13:25:22.492 No connection to sync server.
13:26:22.521 No connection to sync server.
13:27:22.521 No connection to sync server.
13:28:22.543 No connection to sync server.
13:29:22.560 No connection to sync server.
13:30:22.658 No connection to sync server.
13:31:22.599 No connection to sync server.
13:32:22.610 No connection to sync server.
13:33:22.620 No connection to sync server.
13:34:22.615 No connection to sync server.
13:35:22.640 No connection to sync server.
13:36:22.656 No connection to sync server.
13:37:22.657 No connection to sync server.
13:38:22.673 No connection to sync server.
13:39:22.689 No connection to sync server.
13:40:22.681 No connection to sync server.
13:41:22.730 No connection to sync server.
13:42:22.707 No connection to sync server.
13:43:22.751 No connection to sync server.
13:44:22.751 No connection to sync server.
13:45:22.759 No connection to sync server.
13:46:22.792 No connection to sync server.
13:47:22.782 No connection to sync server.
13:48:22.814 No connection to sync server.
13:49:22.819 No connection to sync server.
13:50:22.841 No connection to sync server.
13:51:22.851 No connection to sync server.
13:52:22.876 No connection to sync server.
13:53:22.880 No connection to sync server.
13:54:22.881 No connection to sync server.
13:55:22.912 No connection to sync server.
13:56:22.915 No connection to sync server.
13:57:22.935 No connection to sync server.
13:58:22.950 No connection to sync server.
13:59:22.956 No connection to sync server.
14:00:22.958 No connection to sync server.
14:01:22.988 No connection to sync server.
14:02:23.016 No connection to sync server.
14:03:22.990 No connection to sync server.
14:04:23.011 No connection to sync server.
14:05:23.028 No connection to sync server.
14:06:23.026 No connection to sync server.
14:07:23.062 No connection to sync server.
14:08:23.052 No connection to sync server.
14:09:23.065 No connection to sync server.
14:10:23.094 No connection to sync server.
14:11:23.106 No connection to sync server.
14:12:23.119 No connection to sync server.
14:13:23.121 No connection to sync server.
14:14:23.140 No connection to sync server.
14:15:23.159 No connection to sync server.
14:16:23.160 No connection to sync server.
14:17:07.273 Table counts: notes: 308, revisions: 122, attachments: 64, branches: 311, attributes: 457, etapi_tokens: 0, blobs: 333
14:17:07.291 All consistency checks passed with no errors detected (took 19ms)
14:17:23.171 No connection to sync server.
14:18:23.191 No connection to sync server.
14:19:23.203 No connection to sync server.
14:20:23.210 No connection to sync server.
14:21:23.232 No connection to sync server.
14:22:23.223 No connection to sync server.
14:23:23.256 No connection to sync server.
14:24:23.264 No connection to sync server.
14:25:23.264 No connection to sync server.
14:26:23.291 No connection to sync server.
14:27:23.304 No connection to sync server.
14:28:23.320 No connection to sync server.
14:29:23.329 No connection to sync server.
14:30:23.367 No connection to sync server.
14:31:23.343 No connection to sync server.
14:32:23.359 No connection to sync server.
14:33:23.377 No connection to sync server.
14:34:23.378 No connection to sync server.
14:35:23.609 No connection to sync server.
14:36:23.424 No connection to sync server.
14:37:23.436 No connection to sync server.
14:38:23.450 No connection to sync server.
14:39:23.474 No connection to sync server.
14:40:23.489 No connection to sync server.
14:41:23.524 No connection to sync server.
14:42:23.512 No connection to sync server.
14:43:23.538 No connection to sync server.
14:44:23.537 No connection to sync server.
14:45:23.561 No connection to sync server.
14:46:23.580 No connection to sync server.
14:47:23.598 No connection to sync server.
14:48:23.604 No connection to sync server.
14:49:23.606 No connection to sync server.
14:50:23.612 No connection to sync server.
14:51:23.630 No connection to sync server.
14:52:23.650 No connection to sync server.
14:53:23.634 No connection to sync server.
14:54:23.668 No connection to sync server.
14:55:23.667 No connection to sync server.
14:56:23.691 No connection to sync server.
14:57:23.701 No connection to sync server.
14:58:23.729 No connection to sync server.
14:59:23.731 No connection to sync server.
15:00:23.742 No connection to sync server.
15:01:23.751 No connection to sync server.
15:02:23.780 No connection to sync server.
15:03:23.792 No connection to sync server.
15:04:23.791 No connection to sync server.
15:05:23.816 No connection to sync server.
15:06:23.832 No connection to sync server.
15:07:23.850 No connection to sync server.
15:08:23.845 No connection to sync server.
15:09:23.853 No connection to sync server.
15:10:23.862 No connection to sync server.
15:11:23.885 No connection to sync server.
15:12:23.883 No connection to sync server.
15:13:23.919 No connection to sync server.
15:14:23.920 No connection to sync server.
15:15:23.929 No connection to sync server.
15:16:23.948 No connection to sync server.
15:17:07.283 Table counts: notes: 308, revisions: 122, attachments: 64, branches: 311, attributes: 457, etapi_tokens: 0, blobs: 333
15:17:07.312 All consistency checks passed with no errors detected (took 30ms)
15:17:23.959 No connection to sync server.
15:18:24.036 No connection to sync server.
15:19:23.997 No connection to sync server.
15:20:24.004 No connection to sync server.
15:21:24.007 No connection to sync server.
15:22:24.027 No connection to sync server.
15:23:24.036 No connection to sync server.
15:24:24.043 No connection to sync server.
15:25:24.061 No connection to sync server.
15:26:24.053 No connection to sync server.
15:27:24.077 No connection to sync server.
15:28:24.096 No connection to sync server.
15:29:24.115 No connection to sync server.
15:30:24.125 No connection to sync server.
15:31:24.139 No connection to sync server.
15:32:24.150 No connection to sync server.
15:33:24.170 No connection to sync server.
15:34:24.174 No connection to sync server.
15:35:24.189 No connection to sync server.
15:36:24.203 No connection to sync server.
15:37:24.247 No connection to sync server.
15:38:24.226 No connection to sync server.
15:39:24.247 No connection to sync server.
15:40:24.253 No connection to sync server.
15:41:24.278 No connection to sync server.
15:42:24.283 No connection to sync server.
15:43:24.308 No connection to sync server.
15:44:24.327 No connection to sync server.
15:45:24.334 No connection to sync server.
15:46:24.340 No connection to sync server.
15:47:24.347 No connection to sync server.
15:48:24.364 No connection to sync server.
15:49:24.379 No connection to sync server.
15:50:24.381 No connection to sync server.
15:51:24.405 No connection to sync server.
15:52:24.397 No connection to sync server.
15:53:24.439 No connection to sync server.
15:54:24.428 No connection to sync server.
15:55:24.472 No connection to sync server.
15:56:24.462 No connection to sync server.
15:57:24.483 No connection to sync server.
15:58:24.495 No connection to sync server.
15:59:24.528 No connection to sync server.
16:00:24.528 No connection to sync server.
16:01:24.538 No connection to sync server.
16:02:24.548 No connection to sync server.
16:03:24.576 No connection to sync server.
16:04:24.581 No connection to sync server.
16:05:24.605 No connection to sync server.
16:06:40.037 No connection to sync server.
16:07:24.628 No connection to sync server.
16:08:24.638 No connection to sync server.
16:09:24.634 No connection to sync server.
16:10:24.648 No connection to sync server.
16:11:24.679 No connection to sync server.
16:12:24.668 No connection to sync server.
16:13:24.705 No connection to sync server.
16:14:24.700 No connection to sync server.
16:15:24.733 No connection to sync server.
16:16:24.734 No connection to sync server.
16:17:07.290 Table counts: notes: 308, revisions: 122, attachments: 64, branches: 311, attributes: 457, etapi_tokens: 0, blobs: 333
16:17:07.314 All consistency checks passed with no errors detected (took 24ms)
16:17:24.739 No connection to sync server.
16:18:24.750 No connection to sync server.
16:19:24.758 No connection to sync server.
16:20:24.787 No connection to sync server.
16:21:24.793 No connection to sync server.
16:22:24.795 No connection to sync server.
16:23:24.808 No connection to sync server.
16:24:24.826 No connection to sync server.
16:25:24.937 No connection to sync server.
16:26:24.846 No connection to sync server.
16:27:24.874 No connection to sync server.
16:28:24.878 No connection to sync server.
16:29:24.890 No connection to sync server.
16:30:24.905 No connection to sync server.
16:31:24.943 No connection to sync server.
16:32:24.913 No connection to sync server.
16:33:24.952 No connection to sync server.
16:34:24.961 No connection to sync server.
16:35:24.973 No connection to sync server.
16:36:24.972 No connection to sync server.
16:37:25.000 No connection to sync server.
16:38:25.000 No connection to sync server.
16:39:25.017 No connection to sync server.
16:40:25.012 No connection to sync server.
16:41:25.058 No connection to sync server.
16:42:25.061 No connection to sync server.
16:43:25.070 No connection to sync server.
16:44:25.070 No connection to sync server.
16:45:25.071 No connection to sync server.
16:46:25.099 No connection to sync server.
16:47:25.113 No connection to sync server.
16:48:25.128 No connection to sync server.
16:49:25.128 No connection to sync server.
16:50:25.148 No connection to sync server.
16:51:25.156 No connection to sync server.
16:52:25.170 No connection to sync server.
16:53:25.180 No connection to sync server.
16:54:25.204 No connection to sync server.
16:55:25.202 No connection to sync server.
16:56:25.221 No connection to sync server.
16:57:25.241 No connection to sync server.
16:58:25.232 No connection to sync server.
16:59:25.245 No connection to sync server.
17:00:25.266 No connection to sync server.
17:01:25.269 No connection to sync server.
17:02:25.264 No connection to sync server.
17:03:25.297 No connection to sync server.
17:04:25.295 No connection to sync server.
17:05:25.311 No connection to sync server.
17:06:25.319 No connection to sync server.
17:07:25.324 No connection to sync server.
17:08:25.343 No connection to sync server.
17:09:25.352 No connection to sync server.
17:10:25.380 No connection to sync server.
17:11:25.374 No connection to sync server.
17:12:25.404 No connection to sync server.
17:13:25.426 No connection to sync server.
17:14:25.431 No connection to sync server.
17:15:25.435 No connection to sync server.
17:16:25.459 No connection to sync server.
17:17:07.297 Table counts: notes: 308, revisions: 122, attachments: 64, branches: 311, attributes: 457, etapi_tokens: 0, blobs: 333
17:17:07.317 All consistency checks passed with no errors detected (took 21ms)
17:17:25.460 No connection to sync server.
17:18:25.467 No connection to sync server.
17:19:25.490 No connection to sync server.
17:20:25.491 No connection to sync server.
17:21:25.508 No connection to sync server.
17:22:25.525 No connection to sync server.
17:23:25.517 No connection to sync server.
17:24:25.536 No connection to sync server.
17:25:25.544 No connection to sync server.
17:26:25.569 No connection to sync server.
17:27:25.573 No connection to sync server.
17:28:25.590 No connection to sync server.
17:29:25.602 No connection to sync server.
17:30:25.618 No connection to sync server.
17:31:25.627 No connection to sync server.
17:32:25.632 No connection to sync server.
17:33:25.659 No connection to sync server.
17:34:25.642 No connection to sync server.
17:35:25.678 No connection to sync server.
17:36:25.683 No connection to sync server.
17:37:25.701 No connection to sync server.
17:38:25.702 No connection to sync server.
17:39:25.703 No connection to sync server.
17:40:25.713 No connection to sync server.
17:41:25.733 No connection to sync server.
17:42:25.756 No connection to sync server.
17:43:25.755 No connection to sync server.
17:44:25.749 No connection to sync server.
17:45:25.784 No connection to sync server.
17:46:25.787 No connection to sync server.
17:47:25.782 No connection to sync server.
17:48:25.800 No connection to sync server.
17:49:25.800 No connection to sync server.
17:50:25.824 No connection to sync server.
17:51:25.836 No connection to sync server.
17:52:25.850 No connection to sync server.
17:53:25.858 No connection to sync server.
17:54:25.867 No connection to sync server.
17:55:25.886 No connection to sync server.
17:56:25.890 No connection to sync server.
17:57:25.917 No connection to sync server.
17:58:25.921 No connection to sync server.
17:59:25.952 No connection to sync server.
18:00:25.944 No connection to sync server.
18:01:25.967 No connection to sync server.
18:02:25.967 No connection to sync server.
18:03:25.988 No connection to sync server.
18:04:25.996 No connection to sync server.
18:05:26.003 No connection to sync server.
18:06:26.017 No connection to sync server.
18:07:26.038 No connection to sync server.
18:08:26.039 No connection to sync server.
18:09:26.067 No connection to sync server.
18:10:26.068 No connection to sync server.
18:11:26.068 No connection to sync server.
18:12:26.102 No connection to sync server.
18:13:26.097 No connection to sync server.
18:14:26.124 No connection to sync server.
18:15:26.117 No connection to sync server.
18:16:26.152 No connection to sync server.
18:17:06.756 Optimizing database
18:17:06.758 Optimization finished in 1ms.
18:17:07.298 Table counts: notes: 308, revisions: 122, attachments: 64, branches: 311, attributes: 457, etapi_tokens: 0, blobs: 333
18:17:07.328 All consistency checks passed with no errors detected (took 31ms)
18:17:26.141 No connection to sync server.
18:18:26.153 No connection to sync server.
18:19:26.165 No connection to sync server.
18:20:26.172 No connection to sync server.
18:21:26.177 No connection to sync server.
18:22:26.208 No connection to sync server.
18:23:26.204 No connection to sync server.
18:24:26.216 No connection to sync server.
18:25:26.214 No connection to sync server.
18:26:26.240 No connection to sync server.
18:27:26.237 No connection to sync server.
18:28:26.245 No connection to sync server.
18:29:26.275 No connection to sync server.
18:30:26.277 No connection to sync server.
18:31:26.293 No connection to sync server.
18:32:26.295 No connection to sync server.
18:33:26.321 No connection to sync server.
18:34:26.314 No connection to sync server.
18:35:26.334 No connection to sync server.
18:36:26.352 No connection to sync server.
18:37:26.371 No connection to sync server.
18:38:26.368 No connection to sync server.
18:39:26.374 No connection to sync server.
18:40:26.378 No connection to sync server.
18:41:26.389 No connection to sync server.
18:42:26.404 No connection to sync server.
18:43:26.418 No connection to sync server.
18:44:26.421 No connection to sync server.
18:45:26.456 No connection to sync server.
18:46:26.441 No connection to sync server.
18:47:26.451 No connection to sync server.
18:48:26.462 No connection to sync server.
18:49:26.482 No connection to sync server.
18:50:26.491 No connection to sync server.
18:51:26.498 No connection to sync server.
18:52:26.524 No connection to sync server.
18:53:26.540 No connection to sync server.
18:54:26.539 No connection to sync server.
18:55:26.559 No connection to sync server.
18:56:26.577 No connection to sync server.
18:57:26.588 No connection to sync server.
18:58:26.579 No connection to sync server.
18:59:26.603 No connection to sync server.
19:00:26.604 No connection to sync server.
19:01:26.625 No connection to sync server.
19:02:26.630 No connection to sync server.
19:03:26.643 No connection to sync server.
19:04:26.641 No connection to sync server.
19:05:26.671 No connection to sync server.
19:06:26.682 No connection to sync server.
19:07:26.705 No connection to sync server.
19:08:26.696 No connection to sync server.
19:09:26.718 No connection to sync server.
19:10:26.721 No connection to sync server.
19:11:26.742 No connection to sync server.
19:12:26.747 No connection to sync server.
19:13:26.756 No connection to sync server.
19:14:26.783 No connection to sync server.
19:15:26.793 No connection to sync server.
19:16:26.800 No connection to sync server.
19:17:07.299 Table counts: notes: 308, revisions: 122, attachments: 64, branches: 311, attributes: 457, etapi_tokens: 0, blobs: 333
19:17:07.320 All consistency checks passed with no errors detected (took 22ms)
19:17:26.802 No connection to sync server.
19:18:26.826 No connection to sync server.
19:19:26.813 No connection to sync server.
19:20:26.836 No connection to sync server.
19:21:26.847 No connection to sync server.
19:22:26.844 No connection to sync server.
19:23:26.865 No connection to sync server.
19:24:26.880 No connection to sync server.
19:25:26.889 No connection to sync server.
19:26:26.885 No connection to sync server.
19:27:26.902 No connection to sync server.
19:28:26.921 No connection to sync server.
19:29:27.005 No connection to sync server.
19:30:27.029 No connection to sync server.
19:31:26.964 No connection to sync server.
19:32:26.960 No connection to sync server.
19:33:26.981 No connection to sync server.
19:34:26.993 No connection to sync server.
19:35:27.004 No connection to sync server.
19:36:27.007 No connection to sync server.
19:37:27.030 No connection to sync server.
19:38:27.032 No connection to sync server.
19:39:27.063 No connection to sync server.
19:40:27.066 No connection to sync server.
19:41:27.076 No connection to sync server.
19:42:27.091 No connection to sync server.
19:43:27.091 No connection to sync server.
19:44:27.105 No connection to sync server.
19:45:27.114 No connection to sync server.
19:46:27.125 No connection to sync server.
19:47:27.133 No connection to sync server.
19:48:27.149 No connection to sync server.
19:49:27.150 No connection to sync server.
19:50:27.176 No connection to sync server.
19:51:27.169 No connection to sync server.
19:52:27.195 No connection to sync server.
19:53:27.193 No connection to sync server.
19:54:27.223 No connection to sync server.
19:55:27.214 No connection to sync server.
19:56:27.236 No connection to sync server.
19:57:27.246 No connection to sync server.
19:58:27.259 No connection to sync server.
19:59:27.263 No connection to sync server.
20:00:27.300 No connection to sync server.
20:01:27.288 No connection to sync server.
20:02:27.297 No connection to sync server.
20:03:27.310 No connection to sync server.
20:04:27.322 No connection to sync server.
20:05:27.337 No connection to sync server.
20:06:27.413 No connection to sync server.
20:07:27.358 No connection to sync server.
20:08:27.365 No connection to sync server.
20:09:27.393 No connection to sync server.
20:10:27.383 No connection to sync server.
20:11:27.393 No connection to sync server.
20:12:27.407 No connection to sync server.
20:13:27.433 No connection to sync server.
20:14:27.434 No connection to sync server.
20:15:27.445 No connection to sync server.
20:16:27.457 No connection to sync server.
20:17:07.328 Table counts: notes: 308, revisions: 122, attachments: 64, branches: 311, attributes: 457, etapi_tokens: 0, blobs: 333
20:17:07.366 All consistency checks passed with no errors detected (took 39ms)
20:17:27.453 No connection to sync server.
20:18:27.482 No connection to sync server.
20:19:27.485 No connection to sync server.
20:20:27.498 No connection to sync server.
20:21:27.502 No connection to sync server.
20:22:27.521 No connection to sync server.
20:23:27.529 No connection to sync server.
20:24:27.561 No connection to sync server.
20:25:27.543 No connection to sync server.
20:26:27.566 No connection to sync server.
20:27:27.768 No connection to sync server.
20:28:27.600 No connection to sync server.
20:29:27.594 No connection to sync server.
20:30:27.630 No connection to sync server.
20:31:27.614 No connection to sync server.
20:32:27.646 No connection to sync server.
20:33:27.641 No connection to sync server.
20:34:27.652 No connection to sync server.
20:35:27.674 No connection to sync server.
20:36:27.677 No connection to sync server.
20:37:27.684 No connection to sync server.
20:38:27.700 No connection to sync server.
20:39:27.894 No connection to sync server.
20:40:27.734 No connection to sync server.
20:41:27.747 No connection to sync server.
20:42:27.767 No connection to sync server.
20:43:27.772 No connection to sync server.
20:44:27.785 No connection to sync server.
20:45:27.791 No connection to sync server.
20:46:27.807 No connection to sync server.
20:47:27.800 No connection to sync server.
20:48:27.832 No connection to sync server.
20:49:27.836 No connection to sync server.
20:50:27.847 No connection to sync server.
20:51:27.857 No connection to sync server.
20:52:27.858 No connection to sync server.
20:53:27.872 No connection to sync server.
20:54:27.894 No connection to sync server.
20:55:27.898 No connection to sync server.
20:56:27.917 No connection to sync server.
20:57:27.918 No connection to sync server.
20:58:27.946 No connection to sync server.
20:59:27.941 No connection to sync server.
21:00:27.967 No connection to sync server.
21:01:27.965 No connection to sync server.
21:02:27.962 No connection to sync server.
21:03:27.984 No connection to sync server.
21:04:27.995 No connection to sync server.
21:05:27.999 No connection to sync server.
21:06:28.025 No connection to sync server.
21:07:28.023 No connection to sync server.
21:08:28.033 No connection to sync server.
21:09:28.046 No connection to sync server.
21:10:28.070 No connection to sync server.
21:11:28.075 No connection to sync server.
21:12:28.087 No connection to sync server.
21:13:28.093 No connection to sync server.
21:14:28.112 No connection to sync server.
21:15:28.129 No connection to sync server.
21:16:28.131 No connection to sync server.
21:17:07.337 Table counts: notes: 308, revisions: 122, attachments: 64, branches: 311, attributes: 457, etapi_tokens: 0, blobs: 333
21:17:07.356 All consistency checks passed with no errors detected (took 18ms)
21:17:28.144 No connection to sync server.
21:18:28.158 No connection to sync server.
21:19:28.165 No connection to sync server.
21:20:28.186 No connection to sync server.
21:21:28.189 No connection to sync server.
21:22:28.197 No connection to sync server.
21:23:28.214 No connection to sync server.
21:24:28.205 No connection to sync server.
21:25:28.221 No connection to sync server.
21:26:28.233 No connection to sync server.
21:27:28.261 No connection to sync server.
21:28:28.245 No connection to sync server.
21:29:28.282 No connection to sync server.
21:30:28.284 No connection to sync server.
21:31:28.292 No connection to sync server.
21:32:28.279 No connection to sync server.
21:33:28.311 No connection to sync server.
21:34:28.306 No connection to sync server.
21:35:28.313 No connection to sync server.
21:36:28.341 No connection to sync server.
21:37:28.341 No connection to sync server.
21:38:28.346 No connection to sync server.
21:39:28.358 No connection to sync server.
21:40:28.373 No connection to sync server.
21:41:28.726 No connection to sync server.
21:42:28.395 No connection to sync server.
21:43:28.402 No connection to sync server.
21:44:28.419 No connection to sync server.
21:45:28.429 No connection to sync server.
21:46:28.433 No connection to sync server.
21:47:28.448 No connection to sync server.
21:48:28.464 No connection to sync server.
21:49:28.483 No connection to sync server.
21:50:28.473 No connection to sync server.
21:51:28.499 No connection to sync server.
21:52:28.496 No connection to sync server.
21:53:28.515 No connection to sync server.
21:54:28.517 No connection to sync server.
21:55:28.537 No connection to sync server.
21:56:28.528 No connection to sync server.
21:57:28.552 No connection to sync server.
21:58:28.652 No connection to sync server.
21:59:28.566 No connection to sync server.
22:00:28.577 No connection to sync server.
22:01:28.606 No connection to sync server.
22:02:28.666 No connection to sync server.
22:03:28.616 No connection to sync server.
22:04:28.616 No connection to sync server.
22:05:28.625 No connection to sync server.
22:06:28.625 No connection to sync server.
22:07:28.654 No connection to sync server.
22:08:28.659 No connection to sync server.
22:09:28.744 No connection to sync server.
22:10:28.677 No connection to sync server.
22:11:28.694 No connection to sync server.
22:12:28.693 No connection to sync server.
22:13:28.725 No connection to sync server.
22:14:28.721 No connection to sync server.
22:15:28.750 No connection to sync server.
22:16:28.740 No connection to sync server.
22:17:07.338 Table counts: notes: 308, revisions: 122, attachments: 64, branches: 311, attributes: 457, etapi_tokens: 0, blobs: 333
22:17:07.363 All consistency checks passed with no errors detected (took 26ms)
22:17:28.744 No connection to sync server.
22:18:28.755 No connection to sync server.
22:19:28.771 No connection to sync server.
22:20:28.778 No connection to sync server.
22:21:28.782 No connection to sync server.
22:22:28.797 No connection to sync server.
22:23:28.797 No connection to sync server.
22:24:28.828 No connection to sync server.
22:25:28.831 No connection to sync server.
22:26:28.844 No connection to sync server.
22:27:28.851 No connection to sync server.
22:28:28.856 No connection to sync server.
22:29:28.867 No connection to sync server.
22:30:28.885 No connection to sync server.
22:31:28.897 No connection to sync server.
22:32:28.894 No connection to sync server.
22:33:28.900 No connection to sync server.
22:34:28.913 No connection to sync server.
22:35:28.926 No connection to sync server.
22:36:28.939 No connection to sync server.
22:37:28.952 No connection to sync server.
22:38:28.960 No connection to sync server.
22:39:28.967 No connection to sync server.
22:40:28.976 No connection to sync server.
22:41:28.978 No connection to sync server.
22:42:28.983 No connection to sync server.
22:43:28.993 No connection to sync server.
22:44:28.997 No connection to sync server.
22:45:29.012 No connection to sync server.
22:46:29.023 No connection to sync server.
22:47:29.024 No connection to sync server.
22:48:29.033 No connection to sync server.
22:49:29.040 No connection to sync server.
22:50:29.050 No connection to sync server.
22:51:29.065 No connection to sync server.
22:52:29.056 No connection to sync server.
22:53:29.075 No connection to sync server.
22:54:29.081 No connection to sync server.
22:55:29.095 No connection to sync server.
22:56:29.108 No connection to sync server.
22:57:29.124 No connection to sync server.
22:58:29.118 No connection to sync server.
22:59:29.133 No connection to sync server.
23:00:29.136 No connection to sync server.
23:01:29.146 No connection to sync server.
23:02:29.153 No connection to sync server.
23:03:29.166 No connection to sync server.
23:04:29.185 No connection to sync server.
23:05:29.187 No connection to sync server.
23:06:29.189 No connection to sync server.
23:07:29.199 No connection to sync server.
23:08:29.207 No connection to sync server.
23:09:29.231 No connection to sync server.
23:10:29.237 No connection to sync server.
23:11:29.242 No connection to sync server.
23:12:29.254 No connection to sync server.
23:13:29.264 No connection to sync server.
23:14:29.277 No connection to sync server.
23:15:29.278 No connection to sync server.
23:16:29.296 No connection to sync server.
23:17:07.361 Table counts: notes: 308, revisions: 122, attachments: 64, branches: 311, attributes: 457, etapi_tokens: 0, blobs: 333
23:17:07.382 All consistency checks passed with no errors detected (took 21ms)
23:17:29.300 No connection to sync server.
23:18:29.307 No connection to sync server.
23:19:29.318 No connection to sync server.
23:20:29.328 No connection to sync server.
23:21:29.332 No connection to sync server.
23:22:29.346 No connection to sync server.
23:23:29.370 No connection to sync server.
23:24:29.372 No connection to sync server.
23:25:29.371 No connection to sync server.
23:26:29.380 No connection to sync server.
23:27:29.403 No connection to sync server.
23:28:29.405 No connection to sync server.
23:29:29.411 No connection to sync server.
23:30:29.413 No connection to sync server.
23:31:29.434 No connection to sync server.
23:32:29.436 No connection to sync server.
23:33:29.456 No connection to sync server.
23:34:29.450 No connection to sync server.
23:35:29.462 No connection to sync server.
23:36:29.473 No connection to sync server.
23:37:29.481 No connection to sync server.
23:38:29.493 No connection to sync server.
23:39:29.509 No connection to sync server.
23:40:29.513 No connection to sync server.
23:41:29.529 No connection to sync server.
23:42:29.527 No connection to sync server.
23:43:29.526 No connection to sync server.
23:44:29.542 No connection to sync server.
23:45:29.553 No connection to sync server.
23:46:29.562 No connection to sync server.
23:47:29.565 No connection to sync server.
23:48:29.578 No connection to sync server.
23:49:29.580 No connection to sync server.
23:50:29.599 No connection to sync server.
23:51:29.600 No connection to sync server.
23:52:29.599 No connection to sync server.
23:53:29.606 No connection to sync server.
23:54:29.705 No connection to sync server.
23:55:29.628 No connection to sync server.
23:56:29.637 No connection to sync server.
23:57:29.658 No connection to sync server.
23:58:29.648 No connection to sync server.
23:59:29.667 No connection to sync server.
