00:06:21.192 Table counts: notes: 301, revisions: 59, attachments: 38, branches: 304, attributes: 448, etapi_tokens: 0, blobs: 271
00:06:21.207 All consistency checks passed with no errors detected (took 16ms)
01:06:20.865 Optimizing database
01:06:20.867 Optimization finished in 1ms.
01:06:21.193 Table counts: notes: 301, revisions: 59, attachments: 38, branches: 304, attributes: 448, etapi_tokens: 0, blobs: 271
01:06:21.216 All consistency checks passed with no errors detected (took 24ms)
02:06:21.195 Table counts: notes: 301, revisions: 59, attachments: 38, branches: 304, attributes: 448, etapi_tokens: 0, blobs: 271
02:06:21.214 All consistency checks passed with no errors detected (took 20ms)
03:06:21.195 Table counts: notes: 301, revisions: 59, attachments: 38, branches: 304, attributes: 448, etapi_tokens: 0, blobs: 271
03:06:21.212 All consistency checks passed with no errors detected (took 18ms)
03:59:44.955 Error: Router not found for request GET //.env
04:06:21.197 Table counts: notes: 301, revisions: 59, attachments: 38, branches: 304, attributes: 448, etapi_tokens: 0, blobs: 271
04:06:21.213 All consistency checks passed with no errors detected (took 15ms)
05:06:21.197 Table counts: notes: 301, revisions: 59, attachments: 38, branches: 304, attributes: 448, etapi_tokens: 0, blobs: 271
05:06:21.211 All consistency checks passed with no errors detected (took 15ms)
05:45:16.164 Error: Router not found for request GET /.git/config
06:06:21.198 Table counts: notes: 301, revisions: 59, attachments: 38, branches: 304, attributes: 448, etapi_tokens: 0, blobs: 271
06:06:21.217 All consistency checks passed with no errors detected (took 19ms)
07:06:21.200 Table counts: notes: 301, revisions: 59, attachments: 38, branches: 304, attributes: 448, etapi_tokens: 0, blobs: 271
07:06:21.221 All consistency checks passed with no errors detected (took 22ms)
08:06:21.201 Table counts: notes: 301, revisions: 59, attachments: 38, branches: 304, attributes: 448, etapi_tokens: 0, blobs: 271
08:06:21.220 All consistency checks passed with no errors detected (took 19ms)
08:36:12.028 Error: Router not found for request GET /ads.txt
08:59:44.440 Error: Router not found for request POST /wp-json/sure-triggers/v1/automation/action
09:06:21.203 Table counts: notes: 301, revisions: 59, attachments: 38, branches: 304, attributes: 448, etapi_tokens: 0, blobs: 271
09:06:21.224 All consistency checks passed with no errors detected (took 22ms)
10:06:21.203 Table counts: notes: 301, revisions: 59, attachments: 38, branches: 304, attributes: 448, etapi_tokens: 0, blobs: 271
10:06:21.219 All consistency checks passed with no errors detected (took 17ms)
11:06:20.866 Optimizing database
11:06:20.868 Optimization finished in 1ms.
11:06:21.204 Table counts: notes: 301, revisions: 59, attachments: 38, branches: 304, attributes: 448, etapi_tokens: 0, blobs: 271
11:06:21.222 All consistency checks passed with no errors detected (took 19ms)
12:06:21.206 Table counts: notes: 301, revisions: 59, attachments: 38, branches: 304, attributes: 448, etapi_tokens: 0, blobs: 271
12:06:21.226 All consistency checks passed with no errors detected (took 21ms)
13:06:21.205 Table counts: notes: 301, revisions: 59, attachments: 38, branches: 304, attributes: 448, etapi_tokens: 0, blobs: 271
13:06:21.224 All consistency checks passed with no errors detected (took 19ms)
14:06:21.207 Table counts: notes: 301, revisions: 59, attachments: 38, branches: 304, attributes: 448, etapi_tokens: 0, blobs: 271
14:06:21.229 All consistency checks passed with no errors detected (took 23ms)
15:06:21.208 Table counts: notes: 301, revisions: 59, attachments: 38, branches: 304, attributes: 448, etapi_tokens: 0, blobs: 271
15:06:21.228 All consistency checks passed with no errors detected (took 20ms)
16:06:21.210 Table counts: notes: 301, revisions: 59, attachments: 38, branches: 304, attributes: 448, etapi_tokens: 0, blobs: 271
16:06:21.230 All consistency checks passed with no errors detected (took 21ms)
16:08:30.593 Error: Router not found for request GET /.env
17:06:21.212 Table counts: notes: 301, revisions: 59, attachments: 38, branches: 304, attributes: 448, etapi_tokens: 0, blobs: 271
17:06:21.234 All consistency checks passed with no errors detected (took 23ms)
18:06:21.213 Table counts: notes: 301, revisions: 59, attachments: 38, branches: 304, attributes: 448, etapi_tokens: 0, blobs: 271
18:06:21.229 All consistency checks passed with no errors detected (took 17ms)
19:06:21.215 Table counts: notes: 301, revisions: 59, attachments: 38, branches: 304, attributes: 448, etapi_tokens: 0, blobs: 271
19:06:21.230 All consistency checks passed with no errors detected (took 15ms)
20:06:21.217 Table counts: notes: 301, revisions: 59, attachments: 38, branches: 304, attributes: 448, etapi_tokens: 0, blobs: 271
20:06:21.231 All consistency checks passed with no errors detected (took 15ms)
21:06:20.867 Optimizing database
21:06:20.869 Optimization finished in 1ms.
21:06:21.218 Table counts: notes: 301, revisions: 59, attachments: 38, branches: 304, attributes: 448, etapi_tokens: 0, blobs: 271
21:06:21.239 All consistency checks passed with no errors detected (took 22ms)
22:06:21.220 Table counts: notes: 301, revisions: 59, attachments: 38, branches: 304, attributes: 448, etapi_tokens: 0, blobs: 271
22:06:21.234 All consistency checks passed with no errors detected (took 15ms)
23:06:21.221 Table counts: notes: 301, revisions: 59, attachments: 38, branches: 304, attributes: 448, etapi_tokens: 0, blobs: 271
23:06:21.235 All consistency checks passed with no errors detected (took 15ms)
