00:27:11.977 Table counts: notes: 276, revisions: 10, attachments: 29, branches: 279, attributes: 426, etapi_tokens: 0, blobs: 216
00:27:11.994 All consistency checks passed with no errors detected (took 17ms)
01:27:11.978 Table counts: notes: 276, revisions: 10, attachments: 29, branches: 279, attributes: 426, etapi_tokens: 0, blobs: 216
01:27:11.997 All consistency checks passed with no errors detected (took 19ms)
02:27:11.918 Optimizing database
02:27:11.920 Optimization finished in 1ms.
02:27:11.978 Table counts: notes: 276, revisions: 10, attachments: 29, branches: 279, attributes: 426, etapi_tokens: 0, blobs: 216
02:27:11.993 All consistency checks passed with no errors detected (took 16ms)
03:27:11.979 Table counts: notes: 276, revisions: 10, attachments: 29, branches: 279, attributes: 426, etapi_tokens: 0, blobs: 216
03:27:11.992 All consistency checks passed with no errors detected (took 13ms)
03:38:32.743 Error: Router not found for request GET /login/favicon.ico
03:38:33.641 Error: Router not found for request GET /login/ads.txt
03:38:34.247 Error: Router not found for request GET /login/app-ads.txt
03:38:34.855 Error: Router not found for request GET /login/sellers.json
04:27:11.980 Table counts: notes: 276, revisions: 10, attachments: 29, branches: 279, attributes: 426, etapi_tokens: 0, blobs: 216
04:27:11.991 All consistency checks passed with no errors detected (took 10ms)
05:27:11.982 Table counts: notes: 276, revisions: 10, attachments: 29, branches: 279, attributes: 426, etapi_tokens: 0, blobs: 216
05:27:11.996 All consistency checks passed with no errors detected (took 15ms)
05:51:04.879 Error: Router not found for request GET /admin.php
05:51:04.909 Error: Router not found for request GET /login.php?s=Admin/login
05:58:06.582 Error: Router not found for request GET /login.php?s=Admin/login
05:58:10.302 Error: Router not found for request GET /admin.php
06:27:11.982 Table counts: notes: 276, revisions: 10, attachments: 29, branches: 279, attributes: 426, etapi_tokens: 0, blobs: 216
06:27:12.001 All consistency checks passed with no errors detected (took 20ms)
06:36:56.794 Error: Router not found for request GET /admin.php
06:44:16.598 Error: Router not found for request GET /admin.php
07:27:11.983 Table counts: notes: 276, revisions: 10, attachments: 29, branches: 279, attributes: 426, etapi_tokens: 0, blobs: 216
07:27:11.998 All consistency checks passed with no errors detected (took 16ms)
08:27:11.984 Table counts: notes: 276, revisions: 10, attachments: 29, branches: 279, attributes: 426, etapi_tokens: 0, blobs: 216
08:27:11.998 All consistency checks passed with no errors detected (took 14ms)
09:27:11.986 Table counts: notes: 276, revisions: 10, attachments: 29, branches: 279, attributes: 426, etapi_tokens: 0, blobs: 216
09:27:11.999 All consistency checks passed with no errors detected (took 14ms)
10:27:11.985 Table counts: notes: 276, revisions: 10, attachments: 29, branches: 279, attributes: 426, etapi_tokens: 0, blobs: 216
10:27:12.000 All consistency checks passed with no errors detected (took 15ms)
11:27:11.987 Table counts: notes: 276, revisions: 10, attachments: 29, branches: 279, attributes: 426, etapi_tokens: 0, blobs: 216
11:27:12.005 All consistency checks passed with no errors detected (took 19ms)
12:27:11.920 Optimizing database
12:27:11.922 Optimization finished in 1ms.
12:27:11.987 Table counts: notes: 276, revisions: 10, attachments: 29, branches: 279, attributes: 426, etapi_tokens: 0, blobs: 216
12:27:12.004 All consistency checks passed with no errors detected (took 18ms)
13:27:11.988 Table counts: notes: 276, revisions: 10, attachments: 29, branches: 279, attributes: 426, etapi_tokens: 0, blobs: 216
13:27:12.002 All consistency checks passed with no errors detected (took 15ms)
14:27:11.988 Table counts: notes: 276, revisions: 10, attachments: 29, branches: 279, attributes: 426, etapi_tokens: 0, blobs: 216
14:27:12.001 All consistency checks passed with no errors detected (took 13ms)
15:27:11.989 Table counts: notes: 276, revisions: 10, attachments: 29, branches: 279, attributes: 426, etapi_tokens: 0, blobs: 216
15:27:12.006 All consistency checks passed with no errors detected (took 17ms)
16:27:11.990 Table counts: notes: 276, revisions: 10, attachments: 29, branches: 279, attributes: 426, etapi_tokens: 0, blobs: 216
16:27:12.008 All consistency checks passed with no errors detected (took 17ms)
17:27:11.992 Table counts: notes: 276, revisions: 10, attachments: 29, branches: 279, attributes: 426, etapi_tokens: 0, blobs: 216
17:27:12.009 All consistency checks passed with no errors detected (took 17ms)
18:27:11.993 Table counts: notes: 276, revisions: 10, attachments: 29, branches: 279, attributes: 426, etapi_tokens: 0, blobs: 216
18:27:12.011 All consistency checks passed with no errors detected (took 19ms)
19:27:11.994 Table counts: notes: 276, revisions: 10, attachments: 29, branches: 279, attributes: 426, etapi_tokens: 0, blobs: 216
19:27:12.006 All consistency checks passed with no errors detected (took 13ms)
20:27:11.995 Table counts: notes: 276, revisions: 10, attachments: 29, branches: 279, attributes: 426, etapi_tokens: 0, blobs: 216
20:27:12.006 All consistency checks passed with no errors detected (took 11ms)
21:27:11.996 Table counts: notes: 276, revisions: 10, attachments: 29, branches: 279, attributes: 426, etapi_tokens: 0, blobs: 216
21:27:12.014 All consistency checks passed with no errors detected (took 18ms)
22:27:11.921 Optimizing database
22:27:11.923 Optimization finished in 1ms.
22:27:11.997 Table counts: notes: 276, revisions: 10, attachments: 29, branches: 279, attributes: 426, etapi_tokens: 0, blobs: 216
22:27:12.015 All consistency checks passed with no errors detected (took 19ms)
23:27:11.997 Table counts: notes: 276, revisions: 10, attachments: 29, branches: 279, attributes: 426, etapi_tokens: 0, blobs: 216
23:27:12.011 All consistency checks passed with no errors detected (took 14ms)
