00:22:04.253 Table counts: notes: 287, revisions: 18, attachments: 40, branches: 290, attributes: 441, etapi_tokens: 0, blobs: 227
00:22:04.267 All consistency checks passed with no errors detected (took 15ms)
01:22:04.256 Table counts: notes: 287, revisions: 18, attachments: 40, branches: 290, attributes: 441, etapi_tokens: 0, blobs: 227
01:22:04.267 All consistency checks passed with no errors detected (took 11ms)
02:22:04.267 Table counts: notes: 287, revisions: 18, attachments: 40, branches: 290, attributes: 441, etapi_tokens: 0, blobs: 227
02:22:04.277 All consistency checks passed with no errors detected (took 11ms)
03:22:04.273 Table counts: notes: 287, revisions: 18, attachments: 40, branches: 290, attributes: 441, etapi_tokens: 0, blobs: 227
03:22:04.286 All consistency checks passed with no errors detected (took 14ms)
04:22:04.295 Erased attachments: ["MtzPMOgVfx40","SNWg2hfjSf4q"]
04:22:04.296 Table counts: notes: 287, revisions: 18, attachments: 38, branches: 290, attributes: 441, etapi_tokens: 0, blobs: 227
04:22:04.304 All consistency checks passed with no errors detected (took 9ms)
05:22:04.296 Table counts: notes: 287, revisions: 18, attachments: 38, branches: 290, attributes: 441, etapi_tokens: 0, blobs: 227
05:22:04.304 All consistency checks passed with no errors detected (took 9ms)
06:22:04.296 Table counts: notes: 287, revisions: 18, attachments: 38, branches: 290, attributes: 441, etapi_tokens: 0, blobs: 227
06:22:04.305 All consistency checks passed with no errors detected (took 10ms)
07:21:59.526 Optimizing database
07:21:59.529 Optimization finished in 1ms.
07:22:04.295 Table counts: notes: 287, revisions: 18, attachments: 38, branches: 290, attributes: 441, etapi_tokens: 0, blobs: 227
07:22:04.306 All consistency checks passed with no errors detected (took 11ms)
08:22:04.296 Table counts: notes: 287, revisions: 18, attachments: 38, branches: 290, attributes: 441, etapi_tokens: 0, blobs: 227
08:22:04.310 All consistency checks passed with no errors detected (took 15ms)
09:22:04.296 Table counts: notes: 287, revisions: 18, attachments: 38, branches: 290, attributes: 441, etapi_tokens: 0, blobs: 227
09:22:04.309 All consistency checks passed with no errors detected (took 14ms)
10:22:04.301 Table counts: notes: 287, revisions: 18, attachments: 38, branches: 290, attributes: 441, etapi_tokens: 0, blobs: 227
10:22:04.311 All consistency checks passed with no errors detected (took 11ms)
11:22:04.300 Table counts: notes: 287, revisions: 18, attachments: 38, branches: 290, attributes: 441, etapi_tokens: 0, blobs: 227
11:22:04.309 All consistency checks passed with no errors detected (took 9ms)
12:22:04.302 Table counts: notes: 287, revisions: 18, attachments: 38, branches: 290, attributes: 441, etapi_tokens: 0, blobs: 227
12:22:04.313 All consistency checks passed with no errors detected (took 12ms)
13:22:04.306 Table counts: notes: 287, revisions: 18, attachments: 38, branches: 290, attributes: 441, etapi_tokens: 0, blobs: 227
13:22:04.314 All consistency checks passed with no errors detected (took 9ms)
14:22:04.322 Table counts: notes: 287, revisions: 18, attachments: 38, branches: 290, attributes: 441, etapi_tokens: 0, blobs: 227
14:22:04.333 All consistency checks passed with no errors detected (took 12ms)
15:22:04.337 Table counts: notes: 287, revisions: 18, attachments: 38, branches: 290, attributes: 441, etapi_tokens: 0, blobs: 227
15:22:04.347 All consistency checks passed with no errors detected (took 11ms)
16:22:04.349 Table counts: notes: 287, revisions: 18, attachments: 38, branches: 290, attributes: 441, etapi_tokens: 0, blobs: 227
16:22:04.359 All consistency checks passed with no errors detected (took 10ms)
16:37:24.660 Error: Router not found for request GET /favicon.png
17:21:59.532 Optimizing database
17:21:59.534 Optimization finished in 1ms.
17:22:04.351 Table counts: notes: 287, revisions: 18, attachments: 38, branches: 290, attributes: 441, etapi_tokens: 0, blobs: 227
17:22:04.364 All consistency checks passed with no errors detected (took 14ms)
18:22:04.362 Table counts: notes: 287, revisions: 18, attachments: 38, branches: 290, attributes: 441, etapi_tokens: 0, blobs: 227
18:22:04.376 All consistency checks passed with no errors detected (took 15ms)
19:22:04.366 Table counts: notes: 287, revisions: 18, attachments: 38, branches: 290, attributes: 441, etapi_tokens: 0, blobs: 227
19:22:04.379 All consistency checks passed with no errors detected (took 14ms)
20:22:04.370 Table counts: notes: 287, revisions: 18, attachments: 38, branches: 290, attributes: 441, etapi_tokens: 0, blobs: 227
20:22:04.383 All consistency checks passed with no errors detected (took 14ms)
21:22:04.369 Table counts: notes: 287, revisions: 18, attachments: 38, branches: 290, attributes: 441, etapi_tokens: 0, blobs: 227
21:22:04.378 All consistency checks passed with no errors detected (took 9ms)
22:22:04.388 Table counts: notes: 287, revisions: 18, attachments: 38, branches: 290, attributes: 441, etapi_tokens: 0, blobs: 227
22:22:04.398 All consistency checks passed with no errors detected (took 10ms)
23:22:04.417 Table counts: notes: 287, revisions: 18, attachments: 38, branches: 290, attributes: 441, etapi_tokens: 0, blobs: 227
23:22:04.428 All consistency checks passed with no errors detected (took 12ms)
