00:50:18.385 Table counts: notes: 301, revisions: 65, attachments: 38, branches: 304, attributes: 446, etapi_tokens: 0, blobs: 275
00:50:18.398 All consistency checks passed with no errors detected (took 14ms)
01:50:18.387 Table counts: notes: 301, revisions: 65, attachments: 38, branches: 304, attributes: 446, etapi_tokens: 0, blobs: 275
01:50:18.401 All consistency checks passed with no errors detected (took 14ms)
02:50:18.391 Table counts: notes: 301, revisions: 65, attachments: 38, branches: 304, attributes: 446, etapi_tokens: 0, blobs: 275
02:50:18.405 All consistency checks passed with no errors detected (took 15ms)
03:50:16.186 Optimizing database
03:50:16.190 Optimization finished in 1ms.
03:50:18.393 Table counts: notes: 301, revisions: 65, attachments: 38, branches: 304, attributes: 446, etapi_tokens: 0, blobs: 275
03:50:18.410 All consistency checks passed with no errors detected (took 18ms)
04:50:18.397 Table counts: notes: 301, revisions: 65, attachments: 38, branches: 304, attributes: 446, etapi_tokens: 0, blobs: 275
04:50:18.411 All consistency checks passed with no errors detected (took 15ms)
05:50:18.398 Table counts: notes: 301, revisions: 65, attachments: 38, branches: 304, attributes: 446, etapi_tokens: 0, blobs: 275
05:50:18.416 All consistency checks passed with no errors detected (took 18ms)
06:50:18.424 Table counts: notes: 301, revisions: 65, attachments: 38, branches: 304, attributes: 446, etapi_tokens: 0, blobs: 275
06:50:18.446 All consistency checks passed with no errors detected (took 22ms)
07:50:18.449 Table counts: notes: 301, revisions: 65, attachments: 38, branches: 304, attributes: 446, etapi_tokens: 0, blobs: 275
07:50:18.469 All consistency checks passed with no errors detected (took 20ms)
08:50:18.476 Table counts: notes: 301, revisions: 65, attachments: 38, branches: 304, attributes: 446, etapi_tokens: 0, blobs: 275
08:50:18.495 All consistency checks passed with no errors detected (took 20ms)
09:50:18.477 Table counts: notes: 301, revisions: 65, attachments: 38, branches: 304, attributes: 446, etapi_tokens: 0, blobs: 275
09:50:18.489 All consistency checks passed with no errors detected (took 13ms)
09:55:10.070 Error: Router not found for request GET //wp-includes/wlwmanifest.xml
09:55:10.304 Error: Router not found for request GET //xmlrpc.php?rsd
09:55:10.770 Error: Router not found for request GET //blog/wp-includes/wlwmanifest.xml
09:55:11.003 Error: Router not found for request GET //web/wp-includes/wlwmanifest.xml
09:55:11.240 Error: Router not found for request GET //wordpress/wp-includes/wlwmanifest.xml
09:55:11.474 Error: Router not found for request GET //website/wp-includes/wlwmanifest.xml
09:55:11.707 Error: Router not found for request GET //wp/wp-includes/wlwmanifest.xml
09:55:11.945 Error: Router not found for request GET //news/wp-includes/wlwmanifest.xml
09:55:12.177 Error: Router not found for request GET //2018/wp-includes/wlwmanifest.xml
09:55:12.408 Error: Router not found for request GET //2019/wp-includes/wlwmanifest.xml
09:55:12.646 Error: Router not found for request GET //shop/wp-includes/wlwmanifest.xml
09:55:12.878 Error: Router not found for request GET //wp1/wp-includes/wlwmanifest.xml
09:55:13.113 Error: Router not found for request GET //test/wp-includes/wlwmanifest.xml
09:55:13.344 Error: Router not found for request GET //media/wp-includes/wlwmanifest.xml
09:55:13.576 Error: Router not found for request GET //wp2/wp-includes/wlwmanifest.xml
09:55:13.807 Error: Router not found for request GET //site/wp-includes/wlwmanifest.xml
09:55:14.040 Error: Router not found for request GET //cms/wp-includes/wlwmanifest.xml
09:55:14.276 Error: Router not found for request GET //sito/wp-includes/wlwmanifest.xml
10:50:18.500 Table counts: notes: 301, revisions: 65, attachments: 38, branches: 304, attributes: 446, etapi_tokens: 0, blobs: 275
10:50:18.519 All consistency checks passed with no errors detected (took 20ms)
11:50:18.503 Table counts: notes: 301, revisions: 65, attachments: 38, branches: 304, attributes: 446, etapi_tokens: 0, blobs: 275
11:50:18.522 All consistency checks passed with no errors detected (took 19ms)
12:50:18.521 Table counts: notes: 301, revisions: 65, attachments: 38, branches: 304, attributes: 446, etapi_tokens: 0, blobs: 275
12:50:18.535 All consistency checks passed with no errors detected (took 14ms)
13:14:05.144 Error: Router not found for request GET /pdown
13:50:16.202 Optimizing database
13:50:16.204 Optimization finished in 1ms.
13:50:18.523 Table counts: notes: 301, revisions: 65, attachments: 38, branches: 304, attributes: 446, etapi_tokens: 0, blobs: 275
13:50:18.540 All consistency checks passed with no errors detected (took 17ms)
14:50:18.541 Table counts: notes: 301, revisions: 65, attachments: 38, branches: 304, attributes: 446, etapi_tokens: 0, blobs: 275
14:50:18.554 All consistency checks passed with no errors detected (took 14ms)
15:50:18.555 Table counts: notes: 301, revisions: 65, attachments: 38, branches: 304, attributes: 446, etapi_tokens: 0, blobs: 275
15:50:18.574 All consistency checks passed with no errors detected (took 19ms)
16:50:18.571 Table counts: notes: 301, revisions: 65, attachments: 38, branches: 304, attributes: 446, etapi_tokens: 0, blobs: 275
16:50:18.599 All consistency checks passed with no errors detected (took 29ms)
17:50:18.571 Table counts: notes: 301, revisions: 65, attachments: 38, branches: 304, attributes: 446, etapi_tokens: 0, blobs: 275
17:50:18.588 All consistency checks passed with no errors detected (took 17ms)
18:50:18.573 Table counts: notes: 301, revisions: 65, attachments: 38, branches: 304, attributes: 446, etapi_tokens: 0, blobs: 275
18:50:18.596 All consistency checks passed with no errors detected (took 23ms)
19:50:18.577 Table counts: notes: 301, revisions: 65, attachments: 38, branches: 304, attributes: 446, etapi_tokens: 0, blobs: 275
19:50:18.595 All consistency checks passed with no errors detected (took 17ms)
20:50:18.584 Table counts: notes: 301, revisions: 65, attachments: 38, branches: 304, attributes: 446, etapi_tokens: 0, blobs: 275
20:50:18.602 All consistency checks passed with no errors detected (took 18ms)
21:50:18.586 Table counts: notes: 301, revisions: 65, attachments: 38, branches: 304, attributes: 446, etapi_tokens: 0, blobs: 275
21:50:18.605 All consistency checks passed with no errors detected (took 19ms)
21:56:01.345 Error: Router not found for request GET /sitemap.xml
22:00:57.547 Error: Router not found for request GET /sitemap.xml
22:50:18.588 Table counts: notes: 301, revisions: 65, attachments: 38, branches: 304, attributes: 446, etapi_tokens: 0, blobs: 275
22:50:18.606 All consistency checks passed with no errors detected (took 19ms)
23:50:16.208 Optimizing database
23:50:16.211 Optimization finished in 1ms.
23:50:18.588 Table counts: notes: 301, revisions: 65, attachments: 38, branches: 304, attributes: 446, etapi_tokens: 0, blobs: 275
23:50:18.604 All consistency checks passed with no errors detected (took 16ms)
