00:00:16.749 No connection to sync server.
00:01:16.748 No connection to sync server.
00:02:16.755 No connection to sync server.
00:03:16.766 No connection to sync server.
00:04:16.771 No connection to sync server.
00:05:16.783 No connection to sync server.
00:06:16.798 No connection to sync server.
00:07:16.785 No connection to sync server.
00:08:16.810 No connection to sync server.
00:09:16.813 No connection to sync server.
00:10:16.828 No connection to sync server.
00:11:16.826 No connection to sync server.
00:12:16.846 No connection to sync server.
00:13:16.849 No connection to sync server.
00:14:16.860 No connection to sync server.
00:15:16.876 No connection to sync server.
00:16:16.875 No connection to sync server.
00:17:06.881 Table counts: notes: 308, revisions: 122, attachments: 65, branches: 311, attributes: 457, etapi_tokens: 0, blobs: 333
00:17:06.900 All consistency checks passed with no errors detected (took 20ms)
00:17:16.881 No connection to sync server.
00:18:16.889 No connection to sync server.
00:19:16.897 No connection to sync server.
00:20:16.917 No connection to sync server.
00:21:16.923 No connection to sync server.
00:22:16.925 No connection to sync server.
00:23:16.937 No connection to sync server.
00:24:16.938 No connection to sync server.
00:25:16.946 No connection to sync server.
00:26:16.960 No connection to sync server.
00:27:16.959 No connection to sync server.
00:28:16.991 No connection to sync server.
00:29:16.989 No connection to sync server.
00:30:16.994 No connection to sync server.
00:31:16.997 No connection to sync server.
00:32:17.005 No connection to sync server.
00:33:17.012 No connection to sync server.
00:34:17.024 No connection to sync server.
00:35:17.035 No connection to sync server.
00:36:17.034 No connection to sync server.
00:37:17.045 No connection to sync server.
00:38:17.050 No connection to sync server.
00:39:17.074 No connection to sync server.
00:40:17.067 No connection to sync server.
00:41:17.085 No connection to sync server.
00:42:17.081 No connection to sync server.
00:43:17.096 No connection to sync server.
00:44:17.096 No connection to sync server.
00:45:17.121 No connection to sync server.
00:46:17.123 No connection to sync server.
00:47:17.131 No connection to sync server.
00:48:17.145 No connection to sync server.
00:49:17.137 No connection to sync server.
00:50:17.159 No connection to sync server.
00:51:17.154 No connection to sync server.
00:52:17.185 No connection to sync server.
00:53:17.178 No connection to sync server.
00:54:17.181 No connection to sync server.
00:55:17.195 No connection to sync server.
00:56:17.206 No connection to sync server.
00:57:17.200 No connection to sync server.
00:58:17.217 No connection to sync server.
00:59:17.217 No connection to sync server.
01:00:17.234 No connection to sync server.
01:01:17.240 No connection to sync server.
01:02:17.255 No connection to sync server.
01:03:17.258 No connection to sync server.
01:04:17.271 No connection to sync server.
01:05:17.280 No connection to sync server.
01:06:17.279 No connection to sync server.
01:07:17.290 No connection to sync server.
01:08:17.309 No connection to sync server.
01:09:17.307 No connection to sync server.
01:10:17.326 No connection to sync server.
01:11:17.321 No connection to sync server.
01:12:17.338 No connection to sync server.
01:13:17.358 No connection to sync server.
01:14:17.340 No connection to sync server.
01:15:17.353 No connection to sync server.
01:16:17.365 No connection to sync server.
01:17:06.883 Table counts: notes: 308, revisions: 122, attachments: 65, branches: 311, attributes: 457, etapi_tokens: 0, blobs: 333
01:17:06.901 All consistency checks passed with no errors detected (took 19ms)
01:17:17.374 No connection to sync server.
01:18:17.378 No connection to sync server.
01:19:17.383 No connection to sync server.
01:20:17.385 No connection to sync server.
01:21:17.405 No connection to sync server.
01:22:17.407 No connection to sync server.
01:23:17.417 No connection to sync server.
01:24:17.423 No connection to sync server.
01:25:17.423 No connection to sync server.
01:26:17.440 No connection to sync server.
01:27:17.431 No connection to sync server.
01:28:17.453 No connection to sync server.
01:29:17.450 No connection to sync server.
01:30:17.461 No connection to sync server.
01:31:17.466 No connection to sync server.
01:32:17.468 No connection to sync server.
01:33:17.486 No connection to sync server.
01:34:17.493 No connection to sync server.
01:35:17.496 No connection to sync server.
01:36:17.492 No connection to sync server.
01:37:17.511 No connection to sync server.
01:38:17.518 No connection to sync server.
01:39:17.524 No connection to sync server.
01:40:17.515 No connection to sync server.
01:41:17.533 No connection to sync server.
01:42:17.534 No connection to sync server.
01:43:17.555 No connection to sync server.
01:44:17.555 No connection to sync server.
01:45:17.574 No connection to sync server.
01:46:17.564 No connection to sync server.
01:47:17.564 No connection to sync server.
01:48:17.580 No connection to sync server.
01:49:17.587 No connection to sync server.
01:50:17.592 No connection to sync server.
01:51:17.601 No connection to sync server.
01:52:17.617 No connection to sync server.
01:53:17.627 No connection to sync server.
01:54:17.617 No connection to sync server.
01:55:17.629 No connection to sync server.
01:56:17.635 No connection to sync server.
01:57:17.652 No connection to sync server.
01:58:17.657 No connection to sync server.
01:59:17.667 No connection to sync server.
02:00:17.663 No connection to sync server.
02:01:17.674 No connection to sync server.
02:02:17.677 No connection to sync server.
02:03:17.697 No connection to sync server.
02:04:17.685 No connection to sync server.
02:05:17.705 No connection to sync server.
02:06:17.703 No connection to sync server.
02:07:17.724 No connection to sync server.
02:08:17.750 No connection to sync server.
02:09:17.728 No connection to sync server.
02:10:17.734 No connection to sync server.
02:11:17.738 No connection to sync server.
02:12:17.747 No connection to sync server.
02:13:17.740 No connection to sync server.
02:14:17.757 No connection to sync server.
02:15:17.772 No connection to sync server.
02:16:17.768 No connection to sync server.
02:17:06.882 Table counts: notes: 308, revisions: 122, attachments: 65, branches: 311, attributes: 457, etapi_tokens: 0, blobs: 333
02:17:06.903 All consistency checks passed with no errors detected (took 21ms)
02:17:17.778 No connection to sync server.
02:18:17.779 No connection to sync server.
02:19:17.780 No connection to sync server.
02:20:17.787 No connection to sync server.
02:21:17.794 No connection to sync server.
02:22:17.815 No connection to sync server.
02:23:17.810 No connection to sync server.
02:24:17.824 No connection to sync server.
02:25:17.824 No connection to sync server.
02:26:17.825 No connection to sync server.
02:27:17.848 No connection to sync server.
02:28:17.852 No connection to sync server.
02:29:17.855 No connection to sync server.
02:30:17.859 No connection to sync server.
02:31:17.864 No connection to sync server.
02:32:17.877 No connection to sync server.
02:33:17.881 No connection to sync server.
02:34:17.883 No connection to sync server.
02:35:17.886 No connection to sync server.
02:36:17.895 No connection to sync server.
02:37:17.904 No connection to sync server.
02:38:17.917 No connection to sync server.
02:39:17.914 No connection to sync server.
02:40:17.929 No connection to sync server.
02:41:17.928 No connection to sync server.
02:42:17.953 No connection to sync server.
02:43:17.934 No connection to sync server.
02:44:17.959 No connection to sync server.
02:45:17.961 No connection to sync server.
02:46:17.955 No connection to sync server.
02:47:17.971 No connection to sync server.
02:48:17.986 No connection to sync server.
02:49:17.977 No connection to sync server.
02:50:17.992 No connection to sync server.
02:51:17.998 No connection to sync server.
02:52:18.008 No connection to sync server.
02:53:17.999 No connection to sync server.
02:54:18.014 No connection to sync server.
02:55:18.022 No connection to sync server.
02:56:18.021 No connection to sync server.
02:57:18.472 No connection to sync server.
02:58:18.040 No connection to sync server.
02:59:18.043 No connection to sync server.
03:00:18.063 No connection to sync server.
03:01:18.060 No connection to sync server.
03:02:18.063 No connection to sync server.
03:03:18.067 No connection to sync server.
03:04:18.083 No connection to sync server.
03:05:18.072 No connection to sync server.
03:06:18.085 No connection to sync server.
03:07:18.090 No connection to sync server.
03:08:18.094 No connection to sync server.
03:09:18.107 No connection to sync server.
03:10:18.107 No connection to sync server.
03:11:18.116 No connection to sync server.
03:12:18.117 No connection to sync server.
03:13:18.122 No connection to sync server.
03:14:18.133 No connection to sync server.
03:15:18.138 No connection to sync server.
03:16:18.144 No connection to sync server.
03:17:06.890 Table counts: notes: 308, revisions: 122, attachments: 65, branches: 311, attributes: 457, etapi_tokens: 0, blobs: 333
03:17:06.911 All consistency checks passed with no errors detected (took 22ms)
03:17:18.144 No connection to sync server.
03:18:18.145 No connection to sync server.
03:19:18.148 No connection to sync server.
03:20:18.161 No connection to sync server.
03:21:18.175 No connection to sync server.
03:22:18.171 No connection to sync server.
03:23:18.175 No connection to sync server.
03:24:18.186 No connection to sync server.
03:25:18.192 No connection to sync server.
03:26:18.203 No connection to sync server.
03:27:18.213 No connection to sync server.
03:28:18.214 No connection to sync server.
03:29:18.208 No connection to sync server.
03:30:18.220 No connection to sync server.
03:31:18.220 No connection to sync server.
03:32:18.233 No connection to sync server.
03:33:18.237 No connection to sync server.
03:34:18.243 No connection to sync server.
03:35:18.249 No connection to sync server.
03:36:18.248 No connection to sync server.
03:37:18.255 No connection to sync server.
03:38:18.252 No connection to sync server.
03:39:18.256 No connection to sync server.
03:40:18.271 No connection to sync server.
03:41:18.271 No connection to sync server.
03:42:18.266 No connection to sync server.
03:43:18.276 No connection to sync server.
03:44:18.287 No connection to sync server.
03:45:18.290 No connection to sync server.
03:46:18.290 No connection to sync server.
03:47:18.293 No connection to sync server.
03:48:18.309 No connection to sync server.
03:49:18.309 No connection to sync server.
03:50:18.319 No connection to sync server.
03:51:18.320 No connection to sync server.
03:52:18.325 No connection to sync server.
03:53:18.334 No connection to sync server.
03:54:18.341 No connection to sync server.
03:55:18.354 No connection to sync server.
03:56:18.343 No connection to sync server.
03:57:18.347 No connection to sync server.
03:58:18.358 No connection to sync server.
03:59:18.361 No connection to sync server.
04:00:18.379 No connection to sync server.
04:01:18.383 No connection to sync server.
04:02:18.378 No connection to sync server.
04:03:18.384 No connection to sync server.
04:04:18.382 No connection to sync server.
04:05:18.391 No connection to sync server.
04:06:18.385 No connection to sync server.
04:07:18.394 No connection to sync server.
04:08:18.401 No connection to sync server.
04:09:18.407 No connection to sync server.
04:10:18.409 No connection to sync server.
04:11:18.417 No connection to sync server.
04:12:18.418 No connection to sync server.
04:13:18.437 No connection to sync server.
04:14:18.428 No connection to sync server.
04:15:18.423 No connection to sync server.
04:16:18.424 No connection to sync server.
04:17:06.890 Table counts: notes: 308, revisions: 122, attachments: 65, branches: 311, attributes: 457, etapi_tokens: 0, blobs: 333
04:17:06.905 All consistency checks passed with no errors detected (took 15ms)
04:17:18.429 No connection to sync server.
04:18:18.434 No connection to sync server.
04:19:18.444 No connection to sync server.
04:20:18.450 No connection to sync server.
04:21:18.450 No connection to sync server.
04:22:18.444 No connection to sync server.
04:23:18.454 No connection to sync server.
04:24:18.472 No connection to sync server.
04:25:18.457 No connection to sync server.
04:26:18.481 No connection to sync server.
04:27:18.470 No connection to sync server.
04:28:18.473 No connection to sync server.
04:29:18.485 No connection to sync server.
04:30:18.480 No connection to sync server.
04:31:18.481 No connection to sync server.
04:32:18.492 No connection to sync server.
04:33:18.501 No connection to sync server.
04:34:18.495 No connection to sync server.
04:35:18.496 No connection to sync server.
04:36:18.520 No connection to sync server.
04:37:18.515 No connection to sync server.
04:38:18.513 No connection to sync server.
04:39:18.517 No connection to sync server.
04:40:18.518 No connection to sync server.
04:41:18.521 No connection to sync server.
04:42:18.533 No connection to sync server.
04:43:18.532 No connection to sync server.
04:44:18.535 No connection to sync server.
04:45:18.532 No connection to sync server.
04:46:18.556 No connection to sync server.
04:47:18.552 No connection to sync server.
04:48:18.552 No connection to sync server.
04:49:18.559 No connection to sync server.
04:50:18.565 No connection to sync server.
04:51:18.561 No connection to sync server.
04:52:18.564 No connection to sync server.
04:53:18.573 No connection to sync server.
04:54:18.569 No connection to sync server.
04:55:18.577 No connection to sync server.
04:56:18.577 No connection to sync server.
04:57:18.585 No connection to sync server.
04:58:18.592 No connection to sync server.
04:59:18.597 No connection to sync server.
05:00:18.601 No connection to sync server.
05:01:18.592 No connection to sync server.
05:02:18.605 No connection to sync server.
05:03:18.610 No connection to sync server.
05:04:18.613 No connection to sync server.
05:05:18.605 No connection to sync server.
05:06:18.623 No connection to sync server.
05:07:18.626 No connection to sync server.
05:08:18.619 No connection to sync server.
05:09:18.647 No connection to sync server.
05:10:18.628 No connection to sync server.
05:11:18.635 No connection to sync server.
05:12:18.645 No connection to sync server.
05:13:18.632 No connection to sync server.
05:14:18.647 No connection to sync server.
05:15:18.641 No connection to sync server.
05:16:18.652 No connection to sync server.
05:17:06.890 Table counts: notes: 308, revisions: 122, attachments: 65, branches: 311, attributes: 457, etapi_tokens: 0, blobs: 333
05:17:06.908 All consistency checks passed with no errors detected (took 18ms)
05:17:18.649 No connection to sync server.
05:18:18.664 No connection to sync server.
05:19:18.656 No connection to sync server.
05:20:18.655 No connection to sync server.
05:21:18.675 No connection to sync server.
05:22:18.657 No connection to sync server.
05:23:18.665 No connection to sync server.
05:24:18.670 No connection to sync server.
05:25:18.672 No connection to sync server.
05:26:18.671 No connection to sync server.
05:27:18.691 No connection to sync server.
05:28:18.678 No connection to sync server.
05:29:18.695 No connection to sync server.
05:30:18.686 No connection to sync server.
05:31:18.681 No connection to sync server.
05:32:18.705 No connection to sync server.
05:33:18.707 No connection to sync server.
05:34:18.697 No connection to sync server.
05:35:18.698 No connection to sync server.
05:36:19.721 No connection to sync server.
05:37:18.712 No connection to sync server.
05:38:18.708 No connection to sync server.
05:39:18.705 No connection to sync server.
05:40:18.717 No connection to sync server.
05:41:18.707 No connection to sync server.
05:42:18.731 No connection to sync server.
05:43:18.711 No connection to sync server.
05:44:18.713 No connection to sync server.
05:45:18.727 No connection to sync server.
05:46:18.718 No connection to sync server.
05:47:18.726 No connection to sync server.
05:48:18.727 No connection to sync server.
05:49:18.730 No connection to sync server.
05:50:18.727 No connection to sync server.
05:51:18.736 No connection to sync server.
05:52:18.742 No connection to sync server.
05:53:18.727 No connection to sync server.
05:54:18.740 No connection to sync server.
05:55:18.732 No connection to sync server.
05:56:18.744 No connection to sync server.
05:57:18.742 No connection to sync server.
05:58:18.742 No connection to sync server.
05:59:18.765 No connection to sync server.
06:00:18.752 No connection to sync server.
06:01:18.759 No connection to sync server.
06:02:18.744 No connection to sync server.
06:03:18.748 No connection to sync server.
06:04:18.745 No connection to sync server.
06:05:18.761 No connection to sync server.
06:06:18.760 No connection to sync server.
06:07:18.750 No connection to sync server.
06:08:18.752 No connection to sync server.
06:09:18.762 No connection to sync server.
06:10:18.751 No connection to sync server.
06:11:18.766 No connection to sync server.
06:12:18.763 No connection to sync server.
06:13:18.755 No connection to sync server.
06:14:18.752 No connection to sync server.
06:15:18.757 No connection to sync server.
06:16:18.759 No connection to sync server.
06:17:06.646 Optimizing database
06:17:06.648 Optimization finished in 1ms.
06:17:06.891 Table counts: notes: 308, revisions: 122, attachments: 65, branches: 311, attributes: 457, etapi_tokens: 0, blobs: 333
06:17:06.911 All consistency checks passed with no errors detected (took 21ms)
06:17:18.771 No connection to sync server.
06:18:18.762 No connection to sync server.
06:19:18.791 No connection to sync server.
06:20:18.791 No connection to sync server.
06:21:18.825 No connection to sync server.
06:22:18.822 No connection to sync server.
06:23:18.849 No connection to sync server.
06:24:18.852 No connection to sync server.
06:25:18.876 No connection to sync server.
06:26:18.883 No connection to sync server.
06:27:18.916 No connection to sync server.
06:28:18.917 No connection to sync server.
06:29:18.938 No connection to sync server.
06:30:18.948 No connection to sync server.
06:31:18.983 No connection to sync server.
06:32:18.982 No connection to sync server.
06:33:18.998 No connection to sync server.
06:34:19.012 No connection to sync server.
06:35:19.028 No connection to sync server.
06:36:19.047 No connection to sync server.
06:37:19.053 No connection to sync server.
06:38:19.078 No connection to sync server.
06:39:19.076 No connection to sync server.
06:40:19.109 No connection to sync server.
06:41:19.115 No connection to sync server.
06:42:19.152 No connection to sync server.
06:43:19.157 No connection to sync server.
06:44:19.178 No connection to sync server.
06:45:19.179 No connection to sync server.
06:46:19.213 No connection to sync server.
06:47:19.206 No connection to sync server.
06:48:19.219 No connection to sync server.
06:49:19.245 No connection to sync server.
06:50:19.249 No connection to sync server.
06:51:19.269 No connection to sync server.
06:52:19.284 No connection to sync server.
06:53:19.319 No connection to sync server.
06:54:19.318 No connection to sync server.
06:55:19.339 No connection to sync server.
06:56:19.353 No connection to sync server.
06:57:19.378 No connection to sync server.
06:58:19.374 No connection to sync server.
06:59:19.403 No connection to sync server.
07:00:19.423 No connection to sync server.
07:01:19.437 No connection to sync server.
07:02:19.440 No connection to sync server.
07:03:19.481 No connection to sync server.
07:04:19.475 No connection to sync server.
07:05:19.494 No connection to sync server.
07:06:19.507 No connection to sync server.
07:07:19.533 No connection to sync server.
07:08:19.533 No connection to sync server.
07:09:19.575 No connection to sync server.
07:10:19.573 No connection to sync server.
07:11:19.590 No connection to sync server.
07:12:19.604 No connection to sync server.
07:13:19.629 No connection to sync server.
07:14:19.640 No connection to sync server.
07:15:19.639 No connection to sync server.
07:16:19.668 No connection to sync server.
07:17:06.892 Table counts: notes: 308, revisions: 122, attachments: 65, branches: 311, attributes: 457, etapi_tokens: 0, blobs: 333
07:17:06.910 All consistency checks passed with no errors detected (took 18ms)
07:17:19.666 No connection to sync server.
07:18:19.676 No connection to sync server.
07:19:19.713 No connection to sync server.
07:20:19.724 No connection to sync server.
07:21:19.738 No connection to sync server.
07:22:19.742 No connection to sync server.
07:23:19.778 No connection to sync server.
07:24:19.774 No connection to sync server.
07:25:19.782 No connection to sync server.
07:26:19.817 No connection to sync server.
07:27:19.813 No connection to sync server.
07:28:19.848 No connection to sync server.
07:29:19.853 No connection to sync server.
07:30:19.874 No connection to sync server.
07:31:19.891 No connection to sync server.
07:32:19.881 No connection to sync server.
07:33:19.896 No connection to sync server.
07:34:19.927 No connection to sync server.
07:35:19.921 No connection to sync server.
07:36:19.950 No connection to sync server.
07:37:19.948 No connection to sync server.
07:38:19.989 No connection to sync server.
07:39:19.987 No connection to sync server.
07:40:20.027 No connection to sync server.
07:41:20.018 No connection to sync server.
07:42:20.053 No connection to sync server.
07:43:20.058 No connection to sync server.
07:44:20.096 No connection to sync server.
07:45:20.081 No connection to sync server.
07:46:20.120 No connection to sync server.
07:47:20.116 No connection to sync server.
07:48:20.149 No connection to sync server.
07:49:20.158 No connection to sync server.
07:50:20.182 No connection to sync server.
07:51:20.180 No connection to sync server.
07:52:20.214 No connection to sync server.
07:53:20.215 No connection to sync server.
07:54:20.264 No connection to sync server.
07:55:20.250 No connection to sync server.
07:56:20.283 No connection to sync server.
07:57:20.285 No connection to sync server.
07:58:20.304 No connection to sync server.
07:59:20.315 No connection to sync server.
08:00:20.328 No connection to sync server.
08:01:20.347 No connection to sync server.
08:02:20.342 No connection to sync server.
08:03:20.369 No connection to sync server.
08:04:20.381 No connection to sync server.
08:05:20.380 No connection to sync server.
08:06:20.395 No connection to sync server.
08:07:20.406 No connection to sync server.
08:08:20.421 No connection to sync server.
08:09:20.434 No connection to sync server.
08:10:20.455 No connection to sync server.
08:11:20.472 No connection to sync server.
08:12:20.498 No connection to sync server.
08:13:20.503 No connection to sync server.
08:14:20.531 No connection to sync server.
08:15:20.530 No connection to sync server.
08:16:20.530 No connection to sync server.
08:17:06.895 Table counts: notes: 308, revisions: 122, attachments: 65, branches: 311, attributes: 457, etapi_tokens: 0, blobs: 333
08:17:06.915 All consistency checks passed with no errors detected (took 20ms)
08:17:20.551 No connection to sync server.
08:18:20.566 No connection to sync server.
08:19:20.576 No connection to sync server.
08:20:20.611 No connection to sync server.
08:21:20.612 No connection to sync server.
08:22:20.634 No connection to sync server.
08:23:20.644 No connection to sync server.
08:24:20.659 No connection to sync server.
08:25:20.671 No connection to sync server.
08:26:20.705 No connection to sync server.
08:27:20.715 No connection to sync server.
08:28:20.725 No connection to sync server.
08:29:20.742 No connection to sync server.
08:30:20.764 No connection to sync server.
08:31:20.768 No connection to sync server.
08:32:20.770 No connection to sync server.
08:33:20.807 No connection to sync server.
08:34:20.809 No connection to sync server.
08:35:20.843 No connection to sync server.
08:36:20.844 No connection to sync server.
08:37:20.866 No connection to sync server.
08:38:20.871 No connection to sync server.
08:39:20.900 No connection to sync server.
08:40:20.900 No connection to sync server.
08:41:20.932 No connection to sync server.
08:42:20.953 No connection to sync server.
08:43:20.965 No connection to sync server.
08:44:20.967 No connection to sync server.
08:45:20.990 No connection to sync server.
08:46:21.008 No connection to sync server.
08:47:21.013 No connection to sync server.
08:48:21.024 No connection to sync server.
08:49:21.052 No connection to sync server.
08:50:21.066 No connection to sync server.
08:51:21.085 No connection to sync server.
08:52:21.084 No connection to sync server.
08:53:21.112 No connection to sync server.
08:54:21.119 No connection to sync server.
08:55:21.155 No connection to sync server.
08:56:21.150 No connection to sync server.
08:57:21.172 No connection to sync server.
08:58:21.190 No connection to sync server.
08:59:21.199 No connection to sync server.
09:00:21.219 No connection to sync server.
09:01:21.240 No connection to sync server.
09:02:21.241 No connection to sync server.
09:03:21.269 No connection to sync server.
09:04:21.267 No connection to sync server.
09:05:21.294 No connection to sync server.
09:06:21.301 No connection to sync server.
09:07:21.325 No connection to sync server.
09:08:21.331 No connection to sync server.
09:09:21.358 No connection to sync server.
09:10:21.359 No connection to sync server.
09:11:21.402 No connection to sync server.
09:12:21.397 No connection to sync server.
09:13:21.430 No connection to sync server.
09:14:21.424 No connection to sync server.
09:15:21.441 No connection to sync server.
09:16:21.463 No connection to sync server.
09:17:06.898 Table counts: notes: 308, revisions: 122, attachments: 65, branches: 311, attributes: 457, etapi_tokens: 0, blobs: 333
09:17:06.916 All consistency checks passed with no errors detected (took 18ms)
09:17:21.460 No connection to sync server.
09:18:21.485 No connection to sync server.
09:19:21.494 No connection to sync server.
09:20:21.519 No connection to sync server.
09:21:21.529 No connection to sync server.
09:22:21.602 No connection to sync server.
09:23:21.555 No connection to sync server.
09:24:21.574 No connection to sync server.
09:25:21.584 No connection to sync server.
09:26:21.602 No connection to sync server.
09:27:21.604 No connection to sync server.
09:28:21.618 No connection to sync server.
09:29:21.620 No connection to sync server.
09:30:21.656 No connection to sync server.
09:31:21.644 No connection to sync server.
09:32:21.654 No connection to sync server.
09:33:21.672 No connection to sync server.
09:34:21.681 No connection to sync server.
09:35:21.712 No connection to sync server.
09:36:21.708 No connection to sync server.
09:37:21.735 No connection to sync server.
09:38:21.742 No connection to sync server.
09:39:21.772 No connection to sync server.
09:40:21.780 No connection to sync server.
09:41:21.799 No connection to sync server.
09:42:21.808 No connection to sync server.
09:43:21.823 No connection to sync server.
09:44:21.840 No connection to sync server.
09:45:21.870 No connection to sync server.
09:46:21.876 No connection to sync server.
09:47:21.872 No connection to sync server.
09:48:21.900 No connection to sync server.
09:49:21.906 No connection to sync server.
09:50:21.916 No connection to sync server.
09:51:21.943 No connection to sync server.
09:52:21.938 No connection to sync server.
09:53:21.970 No connection to sync server.
09:54:21.966 No connection to sync server.
09:55:21.992 No connection to sync server.
09:56:22.006 No connection to sync server.
09:57:22.033 No connection to sync server.
09:58:22.033 No connection to sync server.
09:59:22.058 No connection to sync server.
10:00:22.064 No connection to sync server.
10:01:22.083 No connection to sync server.
10:02:22.080 No connection to sync server.
10:03:22.102 No connection to sync server.
10:04:22.116 No connection to sync server.
10:05:22.144 No connection to sync server.
10:06:22.142 No connection to sync server.
10:07:22.177 No connection to sync server.
10:08:22.173 No connection to sync server.
10:09:22.209 No connection to sync server.
10:10:22.196 No connection to sync server.
10:11:22.266 No connection to sync server.
10:12:22.220 No connection to sync server.
10:13:22.243 No connection to sync server.
10:14:22.258 No connection to sync server.
10:15:22.272 No connection to sync server.
10:16:22.290 No connection to sync server.
10:17:06.899 Table counts: notes: 308, revisions: 122, attachments: 65, branches: 311, attributes: 457, etapi_tokens: 0, blobs: 333
10:17:06.932 All consistency checks passed with no errors detected (took 34ms)
10:17:22.286 No connection to sync server.
10:18:22.325 No connection to sync server.
10:19:22.327 No connection to sync server.
10:20:22.348 No connection to sync server.
10:21:22.347 No connection to sync server.
10:22:22.362 No connection to sync server.
10:23:22.373 No connection to sync server.
10:24:22.388 No connection to sync server.
10:25:22.408 No connection to sync server.
10:26:22.412 No connection to sync server.
10:27:22.439 No connection to sync server.
10:28:22.456 No connection to sync server.
10:29:22.466 No connection to sync server.
10:30:22.495 No connection to sync server.
10:31:22.498 No connection to sync server.
10:32:22.505 No connection to sync server.
10:33:22.511 No connection to sync server.
10:34:22.519 No connection to sync server.
10:35:22.547 No connection to sync server.
10:36:22.554 No connection to sync server.
10:37:22.567 No connection to sync server.
10:38:22.593 No connection to sync server.
10:39:22.606 No connection to sync server.
10:40:22.608 No connection to sync server.
10:41:22.640 No connection to sync server.
10:42:22.657 No connection to sync server.
10:43:22.640 No connection to sync server.
10:44:22.667 No connection to sync server.
10:45:22.678 No connection to sync server.
10:46:22.701 No connection to sync server.
10:47:22.712 No connection to sync server.
10:48:22.717 No connection to sync server.
10:49:22.709 No connection to sync server.
10:50:22.746 No connection to sync server.
10:51:22.751 No connection to sync server.
10:52:22.766 No connection to sync server.
10:53:22.771 No connection to sync server.
10:54:22.798 No connection to sync server.
10:55:22.804 No connection to sync server.
10:56:22.835 No connection to sync server.
10:57:22.832 No connection to sync server.
10:58:22.859 No connection to sync server.
10:59:22.870 No connection to sync server.
11:00:22.891 No connection to sync server.
11:01:22.902 No connection to sync server.
11:02:22.893 No connection to sync server.
11:03:22.923 No connection to sync server.
11:04:22.929 No connection to sync server.
11:05:22.957 No connection to sync server.
11:06:22.971 No connection to sync server.
11:07:22.966 No connection to sync server.
11:08:22.991 No connection to sync server.
11:09:22.998 No connection to sync server.
11:10:23.020 No connection to sync server.
11:11:23.026 No connection to sync server.
11:12:23.019 No connection to sync server.
11:13:23.067 No connection to sync server.
11:14:23.050 No connection to sync server.
11:15:23.074 No connection to sync server.
11:16:23.081 No connection to sync server.
11:17:06.902 Table counts: notes: 308, revisions: 122, attachments: 65, branches: 311, attributes: 457, etapi_tokens: 0, blobs: 333
11:17:06.922 All consistency checks passed with no errors detected (took 19ms)
11:17:23.084 No connection to sync server.
11:18:23.118 No connection to sync server.
11:19:23.119 No connection to sync server.
11:20:23.143 No connection to sync server.
11:21:23.149 No connection to sync server.
11:22:23.180 No connection to sync server.
11:23:23.182 No connection to sync server.
11:24:23.217 No connection to sync server.
11:25:23.221 No connection to sync server.
11:26:23.232 No connection to sync server.
11:27:23.244 No connection to sync server.
11:28:23.270 No connection to sync server.
11:29:23.272 No connection to sync server.
11:30:23.307 No connection to sync server.
11:31:23.297 No connection to sync server.
11:32:23.312 No connection to sync server.
11:33:23.343 No connection to sync server.
11:34:23.343 No connection to sync server.
11:35:23.360 No connection to sync server.
11:36:23.378 No connection to sync server.
11:37:23.387 No connection to sync server.
11:38:23.396 No connection to sync server.
11:39:23.421 No connection to sync server.
11:40:23.431 No connection to sync server.
11:41:23.449 No connection to sync server.
11:42:23.470 No connection to sync server.
11:43:23.472 No connection to sync server.
11:44:23.498 No connection to sync server.
11:45:23.494 No connection to sync server.
11:46:23.516 No connection to sync server.
11:47:23.514 No connection to sync server.
11:48:23.550 No connection to sync server.
11:49:23.543 No connection to sync server.
11:50:23.571 No connection to sync server.
11:51:23.575 No connection to sync server.
11:52:23.595 No connection to sync server.
11:53:23.592 No connection to sync server.
11:54:23.617 No connection to sync server.
11:55:23.621 No connection to sync server.
11:56:23.648 No connection to sync server.
11:57:23.652 No connection to sync server.
11:58:23.679 No connection to sync server.
11:59:23.676 No connection to sync server.
12:00:23.709 No connection to sync server.
12:01:23.708 No connection to sync server.
12:02:23.712 No connection to sync server.
12:03:23.736 No connection to sync server.
12:04:23.757 No connection to sync server.
12:05:23.763 No connection to sync server.
12:06:23.777 No connection to sync server.
12:07:23.799 No connection to sync server.
12:08:23.808 No connection to sync server.
12:09:23.829 No connection to sync server.
12:10:23.832 No connection to sync server.
12:11:23.857 No connection to sync server.
12:12:23.851 No connection to sync server.
12:13:23.880 No connection to sync server.
12:14:29.095 No connection to sync server.
12:15:24.156 No connection to sync server.
12:16:23.910 No connection to sync server.
12:17:06.904 Table counts: notes: 308, revisions: 122, attachments: 65, branches: 311, attributes: 457, etapi_tokens: 0, blobs: 333
12:17:06.921 All consistency checks passed with no errors detected (took 17ms)
12:17:23.924 No connection to sync server.
12:18:23.952 No connection to sync server.
12:19:23.955 No connection to sync server.
12:20:23.983 No connection to sync server.
12:21:23.991 No connection to sync server.
12:22:23.994 No connection to sync server.
12:23:24.011 No connection to sync server.
12:24:24.020 No connection to sync server.
12:25:24.052 No connection to sync server.
12:26:24.053 No connection to sync server.
12:27:24.071 No connection to sync server.
12:28:24.080 No connection to sync server.
12:29:24.112 No connection to sync server.
12:30:24.128 No connection to sync server.
12:31:24.117 No connection to sync server.
12:32:15.887 Error: Router not found for request GET //xmlrpc.php?rsd
12:32:16.088 Error: Router not found for request GET //blog/robots.txt
12:32:16.286 Error: Router not found for request GET //blog/
12:32:16.503 Error: Router not found for request GET //wordpress/
12:32:16.713 Error: Router not found for request GET //wp/
12:32:24.113 No connection to sync server.
12:33:24.139 No connection to sync server.
12:34:24.146 No connection to sync server.
12:35:24.161 No connection to sync server.
12:36:24.178 No connection to sync server.
12:37:24.200 No connection to sync server.
12:38:24.205 No connection to sync server.
12:39:24.188 No connection to sync server.
12:40:24.215 No connection to sync server.
12:41:24.223 No connection to sync server.
12:42:24.244 No connection to sync server.
12:43:24.263 No connection to sync server.
12:44:24.271 No connection to sync server.
12:45:24.288 No connection to sync server.
12:46:24.291 No connection to sync server.
12:47:24.300 No connection to sync server.
12:48:24.324 No connection to sync server.
12:49:24.323 No connection to sync server.
12:50:24.366 No connection to sync server.
12:51:24.367 No connection to sync server.
12:52:24.386 No connection to sync server.
12:53:24.376 No connection to sync server.
12:54:24.410 No connection to sync server.
12:55:24.416 No connection to sync server.
12:56:24.441 No connection to sync server.
12:57:24.451 No connection to sync server.
12:58:24.481 No connection to sync server.
12:59:24.473 No connection to sync server.
13:00:24.488 No connection to sync server.
13:01:24.495 No connection to sync server.
13:02:24.505 No connection to sync server.
13:03:24.532 No connection to sync server.
13:04:24.547 No connection to sync server.
13:05:24.559 No connection to sync server.
13:06:24.570 No connection to sync server.
13:07:24.576 No connection to sync server.
13:08:24.599 No connection to sync server.
13:09:24.612 No connection to sync server.
13:10:24.622 No connection to sync server.
13:11:24.629 No connection to sync server.
13:12:24.657 No connection to sync server.
13:13:24.657 No connection to sync server.
13:14:12.979 Error: Router not found for request GET /pdown
13:14:24.701 No connection to sync server.
13:15:24.688 No connection to sync server.
13:16:24.701 No connection to sync server.
13:17:06.906 Table counts: notes: 308, revisions: 122, attachments: 65, branches: 311, attributes: 457, etapi_tokens: 0, blobs: 333
13:17:06.925 All consistency checks passed with no errors detected (took 18ms)
13:17:24.700 No connection to sync server.
13:18:24.721 No connection to sync server.
13:19:24.725 No connection to sync server.
13:20:24.741 No connection to sync server.
13:21:24.845 No connection to sync server.
13:22:24.776 No connection to sync server.
13:23:24.787 No connection to sync server.
13:24:24.816 No connection to sync server.
13:25:24.816 No connection to sync server.
13:26:24.831 No connection to sync server.
13:27:24.836 No connection to sync server.
13:28:24.860 No connection to sync server.
13:29:29.876 No connection to sync server.
13:30:24.889 No connection to sync server.
13:31:24.888 No connection to sync server.
13:32:24.900 No connection to sync server.
13:33:24.918 No connection to sync server.
13:34:24.928 No connection to sync server.
13:35:24.936 No connection to sync server.
13:36:24.958 No connection to sync server.
13:37:24.955 No connection to sync server.
13:38:24.972 No connection to sync server.
13:39:24.992 No connection to sync server.
13:40:25.020 No connection to sync server.
13:41:25.014 No connection to sync server.
13:42:25.029 No connection to sync server.
13:43:25.035 No connection to sync server.
13:44:25.059 No connection to sync server.
13:45:25.061 No connection to sync server.
13:46:25.082 No connection to sync server.
13:47:25.085 No connection to sync server.
13:48:25.111 No connection to sync server.
13:49:25.117 No connection to sync server.
13:50:25.135 No connection to sync server.
13:51:25.136 No connection to sync server.
13:52:25.156 No connection to sync server.
13:53:25.168 No connection to sync server.
13:54:25.190 No connection to sync server.
13:55:25.189 No connection to sync server.
13:56:25.195 No connection to sync server.
13:57:25.234 No connection to sync server.
13:58:25.218 No connection to sync server.
13:59:25.241 No connection to sync server.
14:00:25.248 No connection to sync server.
14:01:25.261 No connection to sync server.
14:02:25.271 No connection to sync server.
14:03:25.289 No connection to sync server.
14:04:25.301 No connection to sync server.
14:05:25.328 No connection to sync server.
14:06:25.319 No connection to sync server.
14:07:25.323 No connection to sync server.
14:08:25.346 No connection to sync server.
14:09:25.352 No connection to sync server.
14:10:25.379 No connection to sync server.
14:11:25.379 No connection to sync server.
14:12:25.403 No connection to sync server.
14:13:25.413 No connection to sync server.
14:14:25.431 No connection to sync server.
14:15:25.446 No connection to sync server.
14:16:25.461 No connection to sync server.
14:17:06.907 Table counts: notes: 308, revisions: 122, attachments: 65, branches: 311, attributes: 457, etapi_tokens: 0, blobs: 333
14:17:06.923 All consistency checks passed with no errors detected (took 17ms)
14:17:25.455 No connection to sync server.
14:18:25.483 No connection to sync server.
14:19:25.477 No connection to sync server.
14:20:25.508 No connection to sync server.
14:21:25.517 No connection to sync server.
14:22:25.527 No connection to sync server.
14:23:25.562 No connection to sync server.
14:24:25.561 No connection to sync server.
14:25:25.580 No connection to sync server.
14:26:25.566 No connection to sync server.
14:27:25.573 No connection to sync server.
14:28:25.562 No connection to sync server.
14:29:25.605 No connection to sync server.
14:30:25.587 No connection to sync server.
14:31:25.620 No connection to sync server.
14:32:25.625 No connection to sync server.
14:33:25.623 No connection to sync server.
14:34:25.650 No connection to sync server.
14:35:25.660 No connection to sync server.
14:36:25.665 No connection to sync server.
14:37:25.681 No connection to sync server.
14:38:25.683 No connection to sync server.
14:39:25.709 No connection to sync server.
14:40:25.715 No connection to sync server.
14:41:25.740 No connection to sync server.
14:42:25.739 No connection to sync server.
14:43:25.770 No connection to sync server.
14:44:25.769 No connection to sync server.
14:45:25.762 No connection to sync server.
14:46:25.776 No connection to sync server.
14:47:25.779 No connection to sync server.
14:48:25.807 No connection to sync server.
14:49:25.822 No connection to sync server.
14:50:25.833 No connection to sync server.
14:51:25.855 No connection to sync server.
14:52:26.866 No connection to sync server.
14:53:25.861 No connection to sync server.
14:54:25.871 No connection to sync server.
14:55:25.890 No connection to sync server.
14:56:25.902 No connection to sync server.
14:57:25.924 No connection to sync server.
14:58:25.923 No connection to sync server.
14:59:25.946 No connection to sync server.
15:00:25.951 No connection to sync server.
15:01:25.968 No connection to sync server.
15:02:25.960 No connection to sync server.
15:03:25.986 No connection to sync server.
15:04:25.988 No connection to sync server.
15:05:26.026 No connection to sync server.
15:06:26.013 No connection to sync server.
15:07:26.038 No connection to sync server.
15:08:26.037 No connection to sync server.
15:09:26.064 No connection to sync server.
15:10:26.071 No connection to sync server.
15:11:26.082 No connection to sync server.
15:12:26.103 No connection to sync server.
15:13:26.116 No connection to sync server.
15:14:26.129 No connection to sync server.
15:15:26.146 No connection to sync server.
15:16:26.141 No connection to sync server.
15:17:06.910 Table counts: notes: 308, revisions: 122, attachments: 65, branches: 311, attributes: 457, etapi_tokens: 0, blobs: 333
15:17:06.929 All consistency checks passed with no errors detected (took 19ms)
15:17:26.165 No connection to sync server.
15:18:26.168 No connection to sync server.
15:19:26.184 No connection to sync server.
15:20:26.206 No connection to sync server.
15:21:26.217 No connection to sync server.
15:22:26.214 No connection to sync server.
15:23:26.244 No connection to sync server.
15:24:26.246 No connection to sync server.
15:25:26.248 No connection to sync server.
15:26:26.257 No connection to sync server.
15:27:26.282 No connection to sync server.
15:28:26.281 No connection to sync server.
15:29:26.300 No connection to sync server.
15:30:26.312 No connection to sync server.
15:31:26.330 No connection to sync server.
15:32:26.324 No connection to sync server.
15:33:26.352 No connection to sync server.
15:34:26.346 No connection to sync server.
15:35:26.373 No connection to sync server.
15:36:26.380 No connection to sync server.
15:37:26.392 No connection to sync server.
15:38:26.397 No connection to sync server.
15:39:26.421 No connection to sync server.
15:40:26.422 No connection to sync server.
15:41:26.446 No connection to sync server.
15:42:26.445 No connection to sync server.
15:43:26.468 No connection to sync server.
15:44:26.472 No connection to sync server.
15:45:26.479 No connection to sync server.
15:46:26.496 No connection to sync server.
15:47:26.493 No connection to sync server.
15:48:26.526 No connection to sync server.
15:49:26.526 No connection to sync server.
15:50:26.561 No connection to sync server.
15:51:26.552 No connection to sync server.
15:52:26.577 No connection to sync server.
15:53:26.565 No connection to sync server.
15:54:26.585 No connection to sync server.
15:55:26.596 No connection to sync server.
15:56:26.612 No connection to sync server.
15:57:26.617 No connection to sync server.
15:58:26.644 No connection to sync server.
15:59:26.640 No connection to sync server.
16:00:26.662 No connection to sync server.
16:01:26.655 No connection to sync server.
16:02:26.680 No connection to sync server.
16:03:26.685 No connection to sync server.
16:04:26.701 No connection to sync server.
16:05:26.706 No connection to sync server.
16:06:26.728 No connection to sync server.
16:07:26.734 No connection to sync server.
16:08:26.752 No connection to sync server.
16:09:26.750 No connection to sync server.
16:10:26.768 No connection to sync server.
16:11:26.776 No connection to sync server.
16:12:26.800 No connection to sync server.
16:13:26.803 No connection to sync server.
16:14:26.815 No connection to sync server.
16:15:26.827 No connection to sync server.
16:16:26.849 No connection to sync server.
16:17:06.648 Optimizing database
16:17:06.649 Optimization finished in 1ms.
16:17:06.911 Table counts: notes: 308, revisions: 122, attachments: 65, branches: 311, attributes: 457, etapi_tokens: 0, blobs: 333
16:17:06.934 All consistency checks passed with no errors detected (took 23ms)
16:17:26.840 No connection to sync server.
16:18:26.853 No connection to sync server.
16:19:26.869 No connection to sync server.
16:20:26.886 No connection to sync server.
16:21:26.892 No connection to sync server.
16:22:26.908 No connection to sync server.
16:23:26.909 No connection to sync server.
16:24:26.935 No connection to sync server.
16:25:26.933 No connection to sync server.
16:26:26.956 No connection to sync server.
16:27:26.959 No connection to sync server.
16:28:26.970 No connection to sync server.
16:29:26.979 No connection to sync server.
16:30:27.001 No connection to sync server.
16:31:26.997 No connection to sync server.
16:32:27.012 No connection to sync server.
16:33:27.026 No connection to sync server.
16:34:27.047 No connection to sync server.
16:35:27.051 No connection to sync server.
16:36:27.073 No connection to sync server.
16:37:27.063 No connection to sync server.
16:38:27.085 No connection to sync server.
16:39:27.083 No connection to sync server.
16:40:27.111 No connection to sync server.
16:41:27.114 No connection to sync server.
16:42:27.134 No connection to sync server.
16:43:27.130 No connection to sync server.
16:44:27.155 No connection to sync server.
16:45:27.153 No connection to sync server.
16:46:27.183 No connection to sync server.
16:47:27.173 No connection to sync server.
16:48:27.181 No connection to sync server.
16:49:27.198 No connection to sync server.
16:50:27.195 No connection to sync server.
16:51:27.222 No connection to sync server.
16:52:27.221 No connection to sync server.
16:53:27.232 No connection to sync server.
16:54:27.240 No connection to sync server.
16:55:27.252 No connection to sync server.
16:56:27.281 No connection to sync server.
16:57:27.287 No connection to sync server.
16:58:27.300 No connection to sync server.
16:59:27.309 No connection to sync server.
17:00:27.312 No connection to sync server.
17:01:27.322 No connection to sync server.
17:02:27.354 No connection to sync server.
17:03:27.340 No connection to sync server.
17:04:27.362 No connection to sync server.
17:05:27.363 No connection to sync server.
17:06:27.426 No connection to sync server.
17:07:27.390 No connection to sync server.
17:08:27.401 No connection to sync server.
17:09:27.407 No connection to sync server.
17:10:27.424 No connection to sync server.
17:11:27.445 No connection to sync server.
17:12:27.465 No connection to sync server.
17:13:27.465 No connection to sync server.
17:14:27.486 No connection to sync server.
17:15:27.489 No connection to sync server.
17:16:27.491 No connection to sync server.
17:17:06.914 Table counts: notes: 308, revisions: 122, attachments: 65, branches: 311, attributes: 457, etapi_tokens: 0, blobs: 333
17:17:06.932 All consistency checks passed with no errors detected (took 19ms)
17:17:27.512 No connection to sync server.
17:18:27.500 No connection to sync server.
17:19:27.519 No connection to sync server.
17:20:27.535 No connection to sync server.
17:21:27.536 No connection to sync server.
17:22:27.564 No connection to sync server.
17:23:27.553 No connection to sync server.
17:24:27.568 No connection to sync server.
17:25:27.603 No connection to sync server.
17:26:27.602 No connection to sync server.
17:27:27.603 No connection to sync server.
17:28:27.604 No connection to sync server.
17:29:27.631 No connection to sync server.
17:30:27.624 No connection to sync server.
17:31:27.638 No connection to sync server.
17:32:27.660 No connection to sync server.
17:33:27.653 No connection to sync server.
17:34:27.668 No connection to sync server.
17:35:27.675 No connection to sync server.
17:36:27.677 No connection to sync server.
17:37:27.680 No connection to sync server.
17:38:27.695 No connection to sync server.
17:39:27.703 No connection to sync server.
17:40:27.723 No connection to sync server.
17:41:27.734 No connection to sync server.
17:42:27.752 No connection to sync server.
17:43:27.752 No connection to sync server.
17:44:27.761 No connection to sync server.
17:45:27.777 No connection to sync server.
17:46:27.795 No connection to sync server.
17:47:27.790 No connection to sync server.
17:48:27.819 No connection to sync server.
17:49:27.819 No connection to sync server.
17:50:28.168 No connection to sync server.
17:51:27.842 No connection to sync server.
17:52:27.854 No connection to sync server.
17:53:27.860 No connection to sync server.
17:54:27.879 No connection to sync server.
17:55:27.883 No connection to sync server.
17:56:27.901 No connection to sync server.
17:57:27.894 No connection to sync server.
17:58:27.918 No connection to sync server.
17:59:27.917 No connection to sync server.
18:00:27.947 No connection to sync server.
18:01:27.943 No connection to sync server.
18:02:27.957 No connection to sync server.
18:03:27.966 No connection to sync server.
18:04:27.957 No connection to sync server.
18:05:27.977 No connection to sync server.
18:06:27.975 No connection to sync server.
18:07:28.001 No connection to sync server.
18:08:28.003 No connection to sync server.
18:09:28.011 No connection to sync server.
18:10:28.021 No connection to sync server.
18:11:28.051 No connection to sync server.
18:12:28.042 No connection to sync server.
18:13:28.064 No connection to sync server.
18:14:28.063 No connection to sync server.
18:15:28.082 No connection to sync server.
18:16:28.082 No connection to sync server.
18:17:06.913 Table counts: notes: 308, revisions: 122, attachments: 65, branches: 311, attributes: 457, etapi_tokens: 0, blobs: 333
18:17:06.932 All consistency checks passed with no errors detected (took 19ms)
18:17:28.107 No connection to sync server.
18:18:28.113 No connection to sync server.
18:19:28.116 No connection to sync server.
18:20:28.147 No connection to sync server.
18:21:28.136 No connection to sync server.
18:22:28.148 No connection to sync server.
18:23:28.163 No connection to sync server.
18:24:28.165 No connection to sync server.
18:25:28.182 No connection to sync server.
18:26:28.183 No connection to sync server.
18:27:28.203 No connection to sync server.
18:28:28.217 No connection to sync server.
18:29:28.223 No connection to sync server.
18:30:28.240 No connection to sync server.
18:31:28.289 No connection to sync server.
18:32:28.246 No connection to sync server.
18:33:28.258 No connection to sync server.
18:34:28.258 No connection to sync server.
18:35:28.269 No connection to sync server.
18:36:28.288 No connection to sync server.
18:37:28.298 No connection to sync server.
18:38:28.324 No connection to sync server.
18:39:28.318 No connection to sync server.
18:40:28.344 No connection to sync server.
18:41:28.336 No connection to sync server.
18:42:28.348 No connection to sync server.
18:43:28.350 No connection to sync server.
18:44:28.365 No connection to sync server.
18:45:28.363 No connection to sync server.
18:46:28.428 No connection to sync server.
18:47:28.394 No connection to sync server.
18:48:28.406 No connection to sync server.
18:49:28.415 No connection to sync server.
18:50:28.433 No connection to sync server.
18:51:28.429 No connection to sync server.
18:52:28.439 No connection to sync server.
18:53:28.446 No connection to sync server.
18:54:28.460 No connection to sync server.
18:55:28.465 No connection to sync server.
18:56:28.493 No connection to sync server.
18:57:28.490 No connection to sync server.
18:58:28.498 No connection to sync server.
18:59:28.512 No connection to sync server.
19:00:28.517 No connection to sync server.
19:01:28.526 No connection to sync server.
19:02:28.536 No connection to sync server.
19:03:28.552 No connection to sync server.
19:04:28.556 No connection to sync server.
19:05:28.567 No connection to sync server.
19:06:28.578 No connection to sync server.
19:07:28.588 No connection to sync server.
19:08:28.604 No connection to sync server.
19:09:28.599 No connection to sync server.
19:10:28.615 No connection to sync server.
19:11:28.619 No connection to sync server.
19:12:28.632 No connection to sync server.
19:13:28.638 No connection to sync server.
19:14:28.647 No connection to sync server.
19:15:28.652 No connection to sync server.
19:16:28.669 No connection to sync server.
19:17:06.914 Table counts: notes: 308, revisions: 122, attachments: 65, branches: 311, attributes: 457, etapi_tokens: 0, blobs: 333
19:17:06.929 All consistency checks passed with no errors detected (took 16ms)
19:17:28.684 No connection to sync server.
19:18:28.689 No connection to sync server.
19:19:28.695 No connection to sync server.
19:20:28.708 No connection to sync server.
19:21:28.730 No connection to sync server.
19:22:28.728 No connection to sync server.
19:23:28.734 No connection to sync server.
19:24:28.743 No connection to sync server.
19:25:28.761 No connection to sync server.
19:26:28.767 No connection to sync server.
19:27:28.771 No connection to sync server.
19:28:28.778 No connection to sync server.
19:29:29.179 No connection to sync server.
19:30:28.807 No connection to sync server.
19:31:28.815 No connection to sync server.
19:32:28.826 No connection to sync server.
19:33:28.840 No connection to sync server.
19:34:28.845 No connection to sync server.
19:35:28.854 No connection to sync server.
19:36:28.855 No connection to sync server.
19:37:28.871 No connection to sync server.
19:38:28.878 No connection to sync server.
19:39:28.917 No connection to sync server.
19:40:28.904 No connection to sync server.
19:41:28.917 No connection to sync server.
19:42:28.917 No connection to sync server.
19:43:28.921 No connection to sync server.
19:44:28.941 No connection to sync server.
19:44:31.696 Error: Router not found for request GET /.env
19:44:33.169 Error: Router not found for request GET /.env.save
19:44:34.235 Error: Router not found for request GET /.env.prod
19:44:35.311 Error: Router not found for request GET /api/.env
19:44:35.827 Error: Router not found for request GET /dev/.env
19:44:36.343 Error: Router not found for request GET /application/.env
19:44:37.136 Error: Router not found for request GET /phpinfo.php
19:44:37.652 Error: Router not found for request GET /phpinfo
19:44:38.618 Error: Router not found for request GET /php_info.php
19:44:39.453 Error: Router not found for request GET /_profiler/phpinfo
19:44:39.964 Error: Router not found for request GET /backend/.env
19:44:40.480 Error: Router not found for request GET /.env.example
19:44:40.991 Error: Router not found for request GET /admin/.env
19:44:41.894 Error: Router not found for request GET /info
19:44:42.633 Error: Router not found for request POST /
19:45:28.962 No connection to sync server.
19:46:28.950 No connection to sync server.
19:47:28.960 No connection to sync server.
19:48:28.967 No connection to sync server.
19:49:28.979 No connection to sync server.
19:50:28.985 No connection to sync server.
19:51:29.011 No connection to sync server.
19:52:29.004 No connection to sync server.
19:53:29.013 No connection to sync server.
19:54:29.022 No connection to sync server.
19:55:29.030 No connection to sync server.
19:56:29.040 No connection to sync server.
19:57:29.060 No connection to sync server.
19:58:29.059 No connection to sync server.
19:59:29.067 No connection to sync server.
20:00:29.072 No connection to sync server.
20:01:29.079 No connection to sync server.
20:02:29.096 No connection to sync server.
20:03:29.097 No connection to sync server.
20:04:29.110 No connection to sync server.
20:05:29.116 No connection to sync server.
20:06:29.130 No connection to sync server.
20:07:29.137 No connection to sync server.
20:08:29.164 No connection to sync server.
20:09:29.169 No connection to sync server.
20:10:29.172 No connection to sync server.
20:11:29.169 No connection to sync server.
20:12:29.196 No connection to sync server.
20:13:29.189 No connection to sync server.
20:14:29.201 No connection to sync server.
20:15:29.198 No connection to sync server.
20:16:29.223 No connection to sync server.
20:17:06.917 Table counts: notes: 308, revisions: 122, attachments: 65, branches: 311, attributes: 457, etapi_tokens: 0, blobs: 333
20:17:06.937 All consistency checks passed with no errors detected (took 21ms)
20:17:29.218 No connection to sync server.
20:18:29.239 No connection to sync server.
20:19:29.246 No connection to sync server.
20:20:29.255 No connection to sync server.
20:21:29.253 No connection to sync server.
20:22:29.274 No connection to sync server.
20:23:29.266 No connection to sync server.
20:24:29.285 No connection to sync server.
20:25:29.286 No connection to sync server.
20:26:29.310 No connection to sync server.
20:27:29.299 No connection to sync server.
20:28:29.315 No connection to sync server.
20:29:29.321 No connection to sync server.
20:30:29.347 No connection to sync server.
20:31:29.343 No connection to sync server.
20:32:29.350 No connection to sync server.
20:33:29.356 No connection to sync server.
20:34:29.369 No connection to sync server.
20:35:29.371 No connection to sync server.
20:36:29.383 No connection to sync server.
20:37:29.394 No connection to sync server.
20:38:29.414 No connection to sync server.
20:39:29.413 No connection to sync server.
20:40:29.420 No connection to sync server.
20:41:29.430 No connection to sync server.
20:42:29.430 No connection to sync server.
20:43:29.446 No connection to sync server.
20:44:29.464 No connection to sync server.
20:45:29.461 No connection to sync server.
20:46:29.477 No connection to sync server.
20:47:29.473 No connection to sync server.
20:48:29.488 No connection to sync server.
20:49:29.512 No connection to sync server.
20:50:29.521 No connection to sync server.
20:51:29.508 No connection to sync server.
20:52:29.534 No connection to sync server.
20:53:29.528 No connection to sync server.
20:54:29.542 No connection to sync server.
20:55:29.551 No connection to sync server.
20:56:29.564 No connection to sync server.
20:57:29.562 No connection to sync server.
20:58:29.580 No connection to sync server.
20:59:29.581 No connection to sync server.
21:00:29.599 No connection to sync server.
21:01:29.596 No connection to sync server.
21:02:29.610 No connection to sync server.
21:03:29.618 No connection to sync server.
21:04:29.624 No connection to sync server.
21:05:29.635 No connection to sync server.
21:06:29.651 No connection to sync server.
21:07:29.647 No connection to sync server.
21:08:29.660 No connection to sync server.
21:09:29.666 No connection to sync server.
21:10:29.678 No connection to sync server.
21:11:29.684 No connection to sync server.
21:12:29.698 No connection to sync server.
21:13:29.698 No connection to sync server.
21:14:29.706 No connection to sync server.
21:15:29.710 No connection to sync server.
21:16:29.716 No connection to sync server.
21:17:06.917 Table counts: notes: 308, revisions: 122, attachments: 65, branches: 311, attributes: 457, etapi_tokens: 0, blobs: 333
21:17:06.934 All consistency checks passed with no errors detected (took 17ms)
21:17:29.724 No connection to sync server.
21:18:29.718 No connection to sync server.
21:19:29.745 No connection to sync server.
21:20:29.747 No connection to sync server.
21:21:29.828 No connection to sync server.
21:22:29.767 No connection to sync server.
21:23:29.770 No connection to sync server.
21:24:30.230 No connection to sync server.
21:25:29.781 No connection to sync server.
21:26:29.797 No connection to sync server.
21:27:29.800 No connection to sync server.
21:28:30.259 No connection to sync server.
21:29:29.814 No connection to sync server.
21:30:29.833 No connection to sync server.
21:31:29.836 No connection to sync server.
21:32:29.841 No connection to sync server.
21:33:29.858 No connection to sync server.
21:34:29.856 No connection to sync server.
21:35:29.868 No connection to sync server.
21:36:29.876 No connection to sync server.
21:37:29.886 No connection to sync server.
21:38:29.882 No connection to sync server.
21:39:29.906 No connection to sync server.
21:40:29.903 No connection to sync server.
21:41:29.981 No connection to sync server.
21:42:29.916 No connection to sync server.
21:43:29.933 No connection to sync server.
21:44:29.947 No connection to sync server.
21:45:29.936 No connection to sync server.
21:46:29.965 No connection to sync server.
21:47:29.969 No connection to sync server.
21:48:29.968 No connection to sync server.
21:49:29.979 No connection to sync server.
21:50:29.983 No connection to sync server.
21:51:29.980 No connection to sync server.
21:52:29.999 No connection to sync server.
21:53:30.017 No connection to sync server.
21:54:30.002 No connection to sync server.
21:55:30.010 No connection to sync server.
21:56:30.017 No connection to sync server.
21:57:30.028 No connection to sync server.
21:58:30.039 No connection to sync server.
21:59:30.040 No connection to sync server.
22:00:30.050 No connection to sync server.
22:01:30.054 No connection to sync server.
22:02:30.071 No connection to sync server.
22:03:30.067 No connection to sync server.
22:04:30.096 No connection to sync server.
22:05:30.088 No connection to sync server.
22:06:30.095 No connection to sync server.
22:07:30.103 No connection to sync server.
22:08:30.113 No connection to sync server.
22:09:30.108 No connection to sync server.
22:10:30.118 No connection to sync server.
22:11:30.126 No connection to sync server.
22:12:30.122 No connection to sync server.
22:13:30.146 No connection to sync server.
22:14:30.146 No connection to sync server.
22:15:30.145 No connection to sync server.
22:16:30.150 No connection to sync server.
22:17:06.918 Table counts: notes: 308, revisions: 122, attachments: 65, branches: 311, attributes: 457, etapi_tokens: 0, blobs: 333
22:17:06.934 All consistency checks passed with no errors detected (took 17ms)
22:17:30.166 No connection to sync server.
22:18:30.169 No connection to sync server.
22:19:30.170 No connection to sync server.
22:20:30.180 No connection to sync server.
22:21:30.196 No connection to sync server.
22:22:30.198 No connection to sync server.
22:23:30.204 No connection to sync server.
22:24:30.225 No connection to sync server.
22:25:30.218 No connection to sync server.
22:26:30.214 No connection to sync server.
22:27:30.238 No connection to sync server.
22:28:31.243 No connection to sync server.
22:29:30.237 No connection to sync server.
22:30:30.244 No connection to sync server.
22:31:30.252 No connection to sync server.
22:32:30.270 No connection to sync server.
22:33:30.267 No connection to sync server.
22:34:30.268 No connection to sync server.
22:35:30.273 No connection to sync server.
22:36:30.279 No connection to sync server.
22:37:30.295 No connection to sync server.
22:38:30.305 No connection to sync server.
22:39:30.308 No connection to sync server.
22:40:30.330 No connection to sync server.
22:41:30.320 No connection to sync server.
22:42:30.328 No connection to sync server.
22:43:30.325 No connection to sync server.
22:44:30.338 No connection to sync server.
22:45:30.347 No connection to sync server.
22:46:30.350 No connection to sync server.
22:47:30.356 No connection to sync server.
22:48:30.354 No connection to sync server.
22:49:30.369 No connection to sync server.
22:50:30.374 No connection to sync server.
22:51:30.371 No connection to sync server.
22:52:30.389 No connection to sync server.
22:53:30.384 No connection to sync server.
22:54:30.409 No connection to sync server.
22:55:30.399 No connection to sync server.
22:56:30.406 No connection to sync server.
22:57:30.423 No connection to sync server.
22:58:30.425 No connection to sync server.
22:59:30.424 No connection to sync server.
23:00:30.441 No connection to sync server.
23:01:30.440 No connection to sync server.
23:02:30.460 No connection to sync server.
23:03:30.449 No connection to sync server.
23:04:30.457 No connection to sync server.
23:05:30.453 No connection to sync server.
23:06:30.474 No connection to sync server.
23:07:30.469 No connection to sync server.
23:08:30.483 No connection to sync server.
23:09:30.477 No connection to sync server.
23:10:30.482 No connection to sync server.
23:11:30.490 No connection to sync server.
23:12:30.502 No connection to sync server.
23:13:30.503 No connection to sync server.
23:14:30.520 No connection to sync server.
23:15:30.515 No connection to sync server.
23:16:30.516 No connection to sync server.
23:17:06.921 Table counts: notes: 308, revisions: 122, attachments: 65, branches: 311, attributes: 457, etapi_tokens: 0, blobs: 333
23:17:06.938 All consistency checks passed with no errors detected (took 17ms)
23:17:30.519 No connection to sync server.
23:18:30.528 No connection to sync server.
23:19:30.539 No connection to sync server.
23:20:30.544 No connection to sync server.
23:21:30.554 No connection to sync server.
23:22:30.557 No connection to sync server.
23:23:30.552 No connection to sync server.
23:24:30.576 No connection to sync server.
23:25:30.570 No connection to sync server.
23:26:30.581 No connection to sync server.
23:27:30.580 No connection to sync server.
23:28:30.599 No connection to sync server.
23:29:30.591 No connection to sync server.
23:30:30.603 No connection to sync server.
23:31:30.599 No connection to sync server.
23:32:30.608 No connection to sync server.
23:33:30.611 No connection to sync server.
23:34:30.623 No connection to sync server.
23:35:30.617 No connection to sync server.
23:36:30.631 No connection to sync server.
23:37:30.625 No connection to sync server.
23:38:30.641 No connection to sync server.
23:39:30.659 No connection to sync server.
23:40:30.644 No connection to sync server.
23:41:30.666 No connection to sync server.
23:42:30.663 No connection to sync server.
23:43:30.673 No connection to sync server.
23:44:30.672 No connection to sync server.
23:45:30.677 No connection to sync server.
23:46:30.674 No connection to sync server.
23:47:30.678 No connection to sync server.
23:48:30.687 No connection to sync server.
23:49:30.695 No connection to sync server.
23:50:30.706 No connection to sync server.
23:51:30.708 No connection to sync server.
23:52:30.710 No connection to sync server.
23:53:31.018 No connection to sync server.
23:54:30.729 No connection to sync server.
23:55:30.730 No connection to sync server.
23:56:30.726 No connection to sync server.
23:57:30.731 No connection to sync server.
23:58:30.749 No connection to sync server.
23:59:30.756 No connection to sync server.
