00:22:12.227 Table counts: notes: 296, revisions: 51, attachments: 38, branches: 299, attributes: 443, etapi_tokens: 0, blobs: 262
00:22:12.244 All consistency checks passed with no errors detected (took 18ms)
01:22:12.232 Table counts: notes: 296, revisions: 51, attachments: 38, branches: 299, attributes: 443, etapi_tokens: 0, blobs: 262
01:22:12.248 All consistency checks passed with no errors detected (took 17ms)
02:22:12.239 Table counts: notes: 296, revisions: 51, attachments: 38, branches: 299, attributes: 443, etapi_tokens: 0, blobs: 262
02:22:12.256 All consistency checks passed with no errors detected (took 18ms)
03:22:12.240 Table counts: notes: 296, revisions: 51, attachments: 38, branches: 299, attributes: 443, etapi_tokens: 0, blobs: 262
03:22:12.260 All consistency checks passed with no errors detected (took 21ms)
04:22:12.258 Table counts: notes: 296, revisions: 51, attachments: 38, branches: 299, attributes: 443, etapi_tokens: 0, blobs: 262
04:22:12.272 All consistency checks passed with no errors detected (took 15ms)
05:22:12.270 Table counts: notes: 296, revisions: 51, attachments: 38, branches: 299, attributes: 443, etapi_tokens: 0, blobs: 262
05:22:12.291 All consistency checks passed with no errors detected (took 22ms)
06:22:12.300 Table counts: notes: 296, revisions: 51, attachments: 38, branches: 299, attributes: 443, etapi_tokens: 0, blobs: 262
06:22:12.346 All consistency checks passed with no errors detected (took 47ms)
07:22:12.305 Table counts: notes: 296, revisions: 51, attachments: 38, branches: 299, attributes: 443, etapi_tokens: 0, blobs: 262
07:22:12.328 All consistency checks passed with no errors detected (took 23ms)
08:22:12.330 Table counts: notes: 296, revisions: 51, attachments: 38, branches: 299, attributes: 443, etapi_tokens: 0, blobs: 262
08:22:12.356 All consistency checks passed with no errors detected (took 27ms)
09:22:00.405 Optimizing database
09:22:00.409 Optimization finished in 1ms.
09:22:01.494 Created backup at /root/.local/share/trilium-data/backup/backup-weekly.db
09:22:12.338 Table counts: notes: 296, revisions: 51, attachments: 38, branches: 299, attributes: 443, etapi_tokens: 0, blobs: 262
09:22:12.366 All consistency checks passed with no errors detected (took 29ms)
10:22:12.357 Table counts: notes: 296, revisions: 51, attachments: 38, branches: 299, attributes: 443, etapi_tokens: 0, blobs: 262
10:22:12.376 All consistency checks passed with no errors detected (took 20ms)
11:22:12.377 Table counts: notes: 296, revisions: 51, attachments: 38, branches: 299, attributes: 443, etapi_tokens: 0, blobs: 262
11:22:12.397 All consistency checks passed with no errors detected (took 21ms)
12:22:12.392 Table counts: notes: 296, revisions: 51, attachments: 38, branches: 299, attributes: 443, etapi_tokens: 0, blobs: 262
12:22:12.422 All consistency checks passed with no errors detected (took 31ms)
13:22:12.406 Table counts: notes: 296, revisions: 51, attachments: 38, branches: 299, attributes: 443, etapi_tokens: 0, blobs: 262
13:22:12.426 All consistency checks passed with no errors detected (took 22ms)
14:22:12.406 Table counts: notes: 296, revisions: 51, attachments: 38, branches: 299, attributes: 443, etapi_tokens: 0, blobs: 262
14:22:12.425 All consistency checks passed with no errors detected (took 20ms)
15:22:12.417 Table counts: notes: 296, revisions: 51, attachments: 38, branches: 299, attributes: 443, etapi_tokens: 0, blobs: 262
15:22:12.439 All consistency checks passed with no errors detected (took 23ms)
16:22:12.428 Table counts: notes: 296, revisions: 51, attachments: 38, branches: 299, attributes: 443, etapi_tokens: 0, blobs: 262
16:22:12.452 All consistency checks passed with no errors detected (took 25ms)
17:22:12.434 Table counts: notes: 296, revisions: 51, attachments: 38, branches: 299, attributes: 443, etapi_tokens: 0, blobs: 262
17:22:12.475 All consistency checks passed with no errors detected (took 41ms)
18:22:12.444 Table counts: notes: 296, revisions: 51, attachments: 38, branches: 299, attributes: 443, etapi_tokens: 0, blobs: 262
18:22:12.472 All consistency checks passed with no errors detected (took 29ms)
19:22:00.418 Optimizing database
19:22:00.424 Optimization finished in 2ms.
19:22:12.453 Table counts: notes: 296, revisions: 51, attachments: 38, branches: 299, attributes: 443, etapi_tokens: 0, blobs: 262
19:22:12.505 All consistency checks passed with no errors detected (took 55ms)
20:22:12.454 Table counts: notes: 296, revisions: 51, attachments: 38, branches: 299, attributes: 443, etapi_tokens: 0, blobs: 262
20:22:12.478 All consistency checks passed with no errors detected (took 24ms)
21:22:12.457 Table counts: notes: 296, revisions: 51, attachments: 38, branches: 299, attributes: 443, etapi_tokens: 0, blobs: 262
21:22:12.482 All consistency checks passed with no errors detected (took 25ms)
22:22:12.461 Table counts: notes: 296, revisions: 51, attachments: 38, branches: 299, attributes: 443, etapi_tokens: 0, blobs: 262
22:22:12.486 All consistency checks passed with no errors detected (took 26ms)
23:22:12.462 Table counts: notes: 296, revisions: 51, attachments: 38, branches: 299, attributes: 443, etapi_tokens: 0, blobs: 262
23:22:12.481 All consistency checks passed with no errors detected (took 20ms)
