00:50:16.262 Table counts: notes: 300, revisions: 64, attachments: 38, branches: 303, attributes: 446, etapi_tokens: 0, blobs: 273
00:50:16.288 All consistency checks passed with no errors detected (took 27ms)
01:50:16.261 Table counts: notes: 300, revisions: 64, attachments: 38, branches: 303, attributes: 446, etapi_tokens: 0, blobs: 273
01:50:16.280 All consistency checks passed with no errors detected (took 19ms)
02:50:16.263 Table counts: notes: 300, revisions: 64, attachments: 38, branches: 303, attributes: 446, etapi_tokens: 0, blobs: 273
02:50:16.283 All consistency checks passed with no errors detected (took 20ms)
03:19:02.589 Error: Router not found for request GET /.env
03:50:16.264 Table counts: notes: 300, revisions: 64, attachments: 38, branches: 303, attributes: 446, etapi_tokens: 0, blobs: 273
03:50:16.285 All consistency checks passed with no errors detected (took 21ms)
04:50:16.267 Table counts: notes: 300, revisions: 64, attachments: 38, branches: 303, attributes: 446, etapi_tokens: 0, blobs: 273
04:50:16.293 All consistency checks passed with no errors detected (took 27ms)
05:50:16.267 Table counts: notes: 300, revisions: 64, attachments: 38, branches: 303, attributes: 446, etapi_tokens: 0, blobs: 273
05:50:16.288 All consistency checks passed with no errors detected (took 22ms)
06:50:16.269 Table counts: notes: 300, revisions: 64, attachments: 38, branches: 303, attributes: 446, etapi_tokens: 0, blobs: 273
06:50:16.291 All consistency checks passed with no errors detected (took 23ms)
07:50:15.784 Optimizing database
07:50:15.786 Optimization finished in 1ms.
07:50:16.269 Table counts: notes: 300, revisions: 64, attachments: 38, branches: 303, attributes: 446, etapi_tokens: 0, blobs: 273
07:50:16.290 All consistency checks passed with no errors detected (took 21ms)
08:50:16.271 Table counts: notes: 300, revisions: 64, attachments: 38, branches: 303, attributes: 446, etapi_tokens: 0, blobs: 273
08:50:16.292 All consistency checks passed with no errors detected (took 22ms)
09:50:16.271 Table counts: notes: 300, revisions: 64, attachments: 38, branches: 303, attributes: 446, etapi_tokens: 0, blobs: 273
09:50:16.285 All consistency checks passed with no errors detected (took 15ms)
10:50:16.273 Table counts: notes: 300, revisions: 64, attachments: 38, branches: 303, attributes: 446, etapi_tokens: 0, blobs: 273
10:50:16.293 All consistency checks passed with no errors detected (took 21ms)
11:50:16.274 Table counts: notes: 300, revisions: 64, attachments: 38, branches: 303, attributes: 446, etapi_tokens: 0, blobs: 273
11:50:16.294 All consistency checks passed with no errors detected (took 20ms)
12:50:16.275 Table counts: notes: 300, revisions: 64, attachments: 38, branches: 303, attributes: 446, etapi_tokens: 0, blobs: 273
12:50:16.294 All consistency checks passed with no errors detected (took 20ms)
13:50:16.275 Table counts: notes: 300, revisions: 64, attachments: 38, branches: 303, attributes: 446, etapi_tokens: 0, blobs: 273
13:50:16.290 All consistency checks passed with no errors detected (took 16ms)
14:50:16.277 Table counts: notes: 300, revisions: 64, attachments: 38, branches: 303, attributes: 446, etapi_tokens: 0, blobs: 273
14:50:16.291 All consistency checks passed with no errors detected (took 15ms)
15:50:16.278 Table counts: notes: 300, revisions: 64, attachments: 38, branches: 303, attributes: 446, etapi_tokens: 0, blobs: 273
15:50:16.296 All consistency checks passed with no errors detected (took 19ms)
16:50:16.279 Table counts: notes: 300, revisions: 64, attachments: 38, branches: 303, attributes: 446, etapi_tokens: 0, blobs: 273
16:50:16.299 All consistency checks passed with no errors detected (took 20ms)
17:50:15.785 Optimizing database
17:50:15.787 Optimization finished in 1ms.
17:50:16.280 Table counts: notes: 300, revisions: 64, attachments: 38, branches: 303, attributes: 446, etapi_tokens: 0, blobs: 273
17:50:16.301 All consistency checks passed with no errors detected (took 22ms)
18:29:02.495 Error: Router not found for request GET /.env
18:50:16.280 Table counts: notes: 300, revisions: 64, attachments: 38, branches: 303, attributes: 446, etapi_tokens: 0, blobs: 273
18:50:16.298 All consistency checks passed with no errors detected (took 18ms)
19:50:16.282 Table counts: notes: 300, revisions: 64, attachments: 38, branches: 303, attributes: 446, etapi_tokens: 0, blobs: 273
19:50:16.303 All consistency checks passed with no errors detected (took 21ms)
20:50:16.283 Table counts: notes: 300, revisions: 64, attachments: 38, branches: 303, attributes: 446, etapi_tokens: 0, blobs: 273
20:50:16.305 All consistency checks passed with no errors detected (took 22ms)
21:24:00.819 Error: Router not found for request GET /wiki
21:50:16.283 Table counts: notes: 300, revisions: 64, attachments: 38, branches: 303, attributes: 446, etapi_tokens: 0, blobs: 273
21:50:16.300 All consistency checks passed with no errors detected (took 17ms)
22:50:16.285 Table counts: notes: 300, revisions: 64, attachments: 38, branches: 303, attributes: 446, etapi_tokens: 0, blobs: 273
22:50:16.306 All consistency checks passed with no errors detected (took 22ms)
23:50:16.286 Table counts: notes: 300, revisions: 64, attachments: 38, branches: 303, attributes: 446, etapi_tokens: 0, blobs: 273
23:50:16.307 All consistency checks passed with no errors detected (took 22ms)
