00:22:07.922 Table counts: notes: 287, revisions: 18, attachments: 38, branches: 290, attributes: 441, etapi_tokens: 0, blobs: 227
00:22:07.942 All consistency checks passed with no errors detected (took 15ms)
01:22:07.927 Table counts: notes: 287, revisions: 18, attachments: 38, branches: 290, attributes: 441, etapi_tokens: 0, blobs: 227
01:22:07.953 All consistency checks passed with no errors detected (took 26ms)
02:19:07.050 Error: Router not found for request GET /sitemap.xml
02:19:18.920 Error: Router not found for request GET /config.json
02:22:07.942 Table counts: notes: 287, revisions: 18, attachments: 38, branches: 290, attributes: 441, etapi_tokens: 0, blobs: 227
02:22:07.955 All consistency checks passed with no errors detected (took 13ms)
02:25:12.201 Error: Router not found for request GET /sitemap.xml
02:25:41.134 Error: Router not found for request GET /_profiler/phpinfo
02:40:53.990 Error: Router not found for request GET /ipfs/bafkreicyqcbhpicbos7ev4mrxofwqx6hvvge7pahpta6xuspr44crai5by
03:21:59.927 Optimizing database
03:21:59.930 Optimization finished in 1ms.
03:22:07.949 Table counts: notes: 287, revisions: 18, attachments: 38, branches: 290, attributes: 441, etapi_tokens: 0, blobs: 227
03:22:07.962 All consistency checks passed with no errors detected (took 13ms)
03:58:52.917 Error: Router not found for request GET /ads.txt
04:22:07.969 Table counts: notes: 287, revisions: 18, attachments: 38, branches: 290, attributes: 441, etapi_tokens: 0, blobs: 227
04:22:07.984 All consistency checks passed with no errors detected (took 23ms)
05:22:07.968 Table counts: notes: 287, revisions: 18, attachments: 38, branches: 290, attributes: 441, etapi_tokens: 0, blobs: 227
05:22:07.995 All consistency checks passed with no errors detected (took 26ms)
06:22:07.976 Table counts: notes: 287, revisions: 18, attachments: 38, branches: 290, attributes: 441, etapi_tokens: 0, blobs: 227
06:22:08.008 All consistency checks passed with no errors detected (took 33ms)
06:52:26.074 Error: Router not found for request GET /.well-known/security.txt
07:22:07.978 Table counts: notes: 287, revisions: 18, attachments: 38, branches: 290, attributes: 441, etapi_tokens: 0, blobs: 227
07:22:08.003 All consistency checks passed with no errors detected (took 26ms)
08:22:07.984 Table counts: notes: 287, revisions: 18, attachments: 38, branches: 290, attributes: 441, etapi_tokens: 0, blobs: 227
08:22:08.000 All consistency checks passed with no errors detected (took 16ms)
09:22:07.984 Table counts: notes: 287, revisions: 18, attachments: 38, branches: 290, attributes: 441, etapi_tokens: 0, blobs: 227
09:22:08.001 All consistency checks passed with no errors detected (took 17ms)
10:22:07.986 Table counts: notes: 287, revisions: 18, attachments: 38, branches: 290, attributes: 441, etapi_tokens: 0, blobs: 227
10:22:08.013 All consistency checks passed with no errors detected (took 28ms)
11:22:08.013 Table counts: notes: 287, revisions: 18, attachments: 38, branches: 290, attributes: 441, etapi_tokens: 0, blobs: 227
11:22:08.031 All consistency checks passed with no errors detected (took 18ms)
12:22:08.041 Table counts: notes: 287, revisions: 18, attachments: 38, branches: 290, attributes: 441, etapi_tokens: 0, blobs: 227
12:22:08.057 All consistency checks passed with no errors detected (took 17ms)
13:21:59.936 Optimizing database
13:21:59.939 Optimization finished in 1ms.
13:22:08.042 Table counts: notes: 287, revisions: 18, attachments: 38, branches: 290, attributes: 441, etapi_tokens: 0, blobs: 227
13:22:08.063 All consistency checks passed with no errors detected (took 22ms)
14:22:08.067 Table counts: notes: 287, revisions: 18, attachments: 38, branches: 290, attributes: 441, etapi_tokens: 0, blobs: 227
14:22:08.089 All consistency checks passed with no errors detected (took 23ms)
15:22:08.088 Table counts: notes: 287, revisions: 18, attachments: 38, branches: 290, attributes: 441, etapi_tokens: 0, blobs: 227
15:22:08.109 All consistency checks passed with no errors detected (took 22ms)
16:22:08.106 Table counts: notes: 287, revisions: 18, attachments: 38, branches: 290, attributes: 441, etapi_tokens: 0, blobs: 227
16:22:08.127 All consistency checks passed with no errors detected (took 22ms)
17:22:08.112 Table counts: notes: 287, revisions: 18, attachments: 38, branches: 290, attributes: 441, etapi_tokens: 0, blobs: 227
17:22:08.128 All consistency checks passed with no errors detected (took 17ms)
18:10:09.071 Error: Router not found for request GET /.git/
18:22:08.115 Table counts: notes: 287, revisions: 18, attachments: 38, branches: 290, attributes: 441, etapi_tokens: 0, blobs: 227
18:22:08.140 All consistency checks passed with no errors detected (took 25ms)
19:22:08.125 Table counts: notes: 287, revisions: 18, attachments: 38, branches: 290, attributes: 441, etapi_tokens: 0, blobs: 227
19:22:08.147 All consistency checks passed with no errors detected (took 22ms)
20:22:08.134 Table counts: notes: 287, revisions: 18, attachments: 38, branches: 290, attributes: 441, etapi_tokens: 0, blobs: 227
20:22:08.154 All consistency checks passed with no errors detected (took 21ms)
21:22:08.138 Table counts: notes: 287, revisions: 18, attachments: 38, branches: 290, attributes: 441, etapi_tokens: 0, blobs: 227
21:22:08.156 All consistency checks passed with no errors detected (took 18ms)
22:22:08.142 Table counts: notes: 287, revisions: 18, attachments: 38, branches: 290, attributes: 441, etapi_tokens: 0, blobs: 227
22:22:08.158 All consistency checks passed with no errors detected (took 17ms)
23:21:59.951 Optimizing database
23:21:59.954 Optimization finished in 1ms.
23:22:08.143 Table counts: notes: 287, revisions: 18, attachments: 38, branches: 290, attributes: 441, etapi_tokens: 0, blobs: 227
23:22:08.159 All consistency checks passed with no errors detected (took 16ms)
