00:50:17.344 Table counts: notes: 301, revisions: 65, attachments: 38, branches: 304, attributes: 446, etapi_tokens: 0, blobs: 275
00:50:17.363 All consistency checks passed with no errors detected (took 20ms)
01:50:17.345 Table counts: notes: 301, revisions: 65, attachments: 38, branches: 304, attributes: 446, etapi_tokens: 0, blobs: 275
01:50:17.364 All consistency checks passed with no errors detected (took 20ms)
02:50:17.350 Table counts: notes: 301, revisions: 65, attachments: 38, branches: 304, attributes: 446, etapi_tokens: 0, blobs: 275
02:50:17.366 All consistency checks passed with no errors detected (took 17ms)
03:50:16.014 Optimizing database
03:50:16.018 Optimization finished in 2ms.
03:50:17.352 Table counts: notes: 301, revisions: 65, attachments: 38, branches: 304, attributes: 446, etapi_tokens: 0, blobs: 275
03:50:17.382 All consistency checks passed with no errors detected (took 31ms)
04:50:17.356 Table counts: notes: 301, revisions: 65, attachments: 38, branches: 304, attributes: 446, etapi_tokens: 0, blobs: 275
04:50:17.376 All consistency checks passed with no errors detected (took 20ms)
05:50:17.357 Table counts: notes: 301, revisions: 65, attachments: 38, branches: 304, attributes: 446, etapi_tokens: 0, blobs: 275
05:50:17.370 All consistency checks passed with no errors detected (took 13ms)
06:50:17.388 Table counts: notes: 301, revisions: 65, attachments: 38, branches: 304, attributes: 446, etapi_tokens: 0, blobs: 275
06:50:17.409 All consistency checks passed with no errors detected (took 22ms)
07:50:17.416 Table counts: notes: 301, revisions: 65, attachments: 38, branches: 304, attributes: 446, etapi_tokens: 0, blobs: 275
07:50:17.435 All consistency checks passed with no errors detected (took 20ms)
08:50:17.436 Table counts: notes: 301, revisions: 65, attachments: 38, branches: 304, attributes: 446, etapi_tokens: 0, blobs: 275
08:50:17.456 All consistency checks passed with no errors detected (took 20ms)
09:50:17.439 Table counts: notes: 301, revisions: 65, attachments: 38, branches: 304, attributes: 446, etapi_tokens: 0, blobs: 275
09:50:17.459 All consistency checks passed with no errors detected (took 19ms)
10:50:17.462 Table counts: notes: 301, revisions: 65, attachments: 38, branches: 304, attributes: 446, etapi_tokens: 0, blobs: 275
10:50:17.483 All consistency checks passed with no errors detected (took 22ms)
11:50:17.483 Table counts: notes: 301, revisions: 65, attachments: 38, branches: 304, attributes: 446, etapi_tokens: 0, blobs: 275
11:50:17.508 All consistency checks passed with no errors detected (took 26ms)
12:50:17.487 Table counts: notes: 301, revisions: 65, attachments: 38, branches: 304, attributes: 446, etapi_tokens: 0, blobs: 275
12:50:17.516 All consistency checks passed with no errors detected (took 30ms)
13:16:20.962 Error: Router not found for request GET /pdown
13:50:16.029 Optimizing database
13:50:16.032 Optimization finished in 1ms.
13:50:17.487 Table counts: notes: 301, revisions: 65, attachments: 38, branches: 304, attributes: 446, etapi_tokens: 0, blobs: 275
13:50:17.512 All consistency checks passed with no errors detected (took 26ms)
14:50:17.500 Table counts: notes: 301, revisions: 65, attachments: 38, branches: 304, attributes: 446, etapi_tokens: 0, blobs: 275
14:50:17.519 All consistency checks passed with no errors detected (took 20ms)
15:50:17.513 Table counts: notes: 301, revisions: 65, attachments: 38, branches: 304, attributes: 446, etapi_tokens: 0, blobs: 275
15:50:17.531 All consistency checks passed with no errors detected (took 18ms)
16:50:17.521 Table counts: notes: 301, revisions: 65, attachments: 38, branches: 304, attributes: 446, etapi_tokens: 0, blobs: 275
16:50:17.535 All consistency checks passed with no errors detected (took 15ms)
17:50:17.522 Table counts: notes: 301, revisions: 65, attachments: 38, branches: 304, attributes: 446, etapi_tokens: 0, blobs: 275
17:50:17.536 All consistency checks passed with no errors detected (took 14ms)
18:50:17.528 Table counts: notes: 301, revisions: 65, attachments: 38, branches: 304, attributes: 446, etapi_tokens: 0, blobs: 275
18:50:17.544 All consistency checks passed with no errors detected (took 17ms)
19:50:17.529 Table counts: notes: 301, revisions: 65, attachments: 38, branches: 304, attributes: 446, etapi_tokens: 0, blobs: 275
19:50:17.543 All consistency checks passed with no errors detected (took 15ms)
20:50:17.531 Table counts: notes: 301, revisions: 65, attachments: 38, branches: 304, attributes: 446, etapi_tokens: 0, blobs: 275
20:50:17.545 All consistency checks passed with no errors detected (took 14ms)
21:50:17.532 Table counts: notes: 301, revisions: 65, attachments: 38, branches: 304, attributes: 446, etapi_tokens: 0, blobs: 275
21:50:17.546 All consistency checks passed with no errors detected (took 14ms)
22:50:17.555 Table counts: notes: 301, revisions: 65, attachments: 38, branches: 304, attributes: 446, etapi_tokens: 0, blobs: 275
22:50:17.568 All consistency checks passed with no errors detected (took 14ms)
23:50:16.051 Optimizing database
23:50:16.054 Optimization finished in 1ms.
23:50:17.558 Table counts: notes: 301, revisions: 65, attachments: 38, branches: 304, attributes: 446, etapi_tokens: 0, blobs: 275
23:50:17.579 All consistency checks passed with no errors detected (took 22ms)
