00:22:03.267 Table counts: notes: 287, revisions: 18, attachments: 40, branches: 290, attributes: 441, etapi_tokens: 0, blobs: 227
00:22:03.281 All consistency checks passed with no errors detected (took 15ms)
01:22:03.269 Table counts: notes: 287, revisions: 18, attachments: 40, branches: 290, attributes: 441, etapi_tokens: 0, blobs: 227
01:22:03.280 All consistency checks passed with no errors detected (took 11ms)
02:22:03.294 Table counts: notes: 287, revisions: 18, attachments: 40, branches: 290, attributes: 441, etapi_tokens: 0, blobs: 227
02:22:03.306 All consistency checks passed with no errors detected (took 13ms)
03:04:30.996 Error: Router not found for request GET /sitemap.xml
03:22:03.310 Table counts: notes: 287, revisions: 18, attachments: 40, branches: 290, attributes: 441, etapi_tokens: 0, blobs: 227
03:22:03.333 All consistency checks passed with no errors detected (took 23ms)
04:22:03.337 Table counts: notes: 287, revisions: 18, attachments: 40, branches: 290, attributes: 441, etapi_tokens: 0, blobs: 227
04:22:03.363 All consistency checks passed with no errors detected (took 27ms)
05:22:03.338 Table counts: notes: 287, revisions: 18, attachments: 40, branches: 290, attributes: 441, etapi_tokens: 0, blobs: 227
05:22:03.349 All consistency checks passed with no errors detected (took 11ms)
06:22:03.343 Table counts: notes: 287, revisions: 18, attachments: 40, branches: 290, attributes: 441, etapi_tokens: 0, blobs: 227
06:22:03.357 All consistency checks passed with no errors detected (took 15ms)
07:21:59.363 Optimizing database
07:21:59.366 Optimization finished in 1ms.
07:22:03.345 Table counts: notes: 287, revisions: 18, attachments: 40, branches: 290, attributes: 441, etapi_tokens: 0, blobs: 227
07:22:03.358 All consistency checks passed with no errors detected (took 14ms)
08:22:03.351 Table counts: notes: 287, revisions: 18, attachments: 40, branches: 290, attributes: 441, etapi_tokens: 0, blobs: 227
08:22:03.364 All consistency checks passed with no errors detected (took 14ms)
09:22:03.354 Table counts: notes: 287, revisions: 18, attachments: 40, branches: 290, attributes: 441, etapi_tokens: 0, blobs: 227
09:22:03.363 All consistency checks passed with no errors detected (took 10ms)
10:22:03.369 Table counts: notes: 287, revisions: 18, attachments: 40, branches: 290, attributes: 441, etapi_tokens: 0, blobs: 227
10:22:03.385 All consistency checks passed with no errors detected (took 17ms)
11:22:03.381 Table counts: notes: 287, revisions: 18, attachments: 40, branches: 290, attributes: 441, etapi_tokens: 0, blobs: 227
11:22:03.396 All consistency checks passed with no errors detected (took 15ms)
12:22:03.392 Table counts: notes: 287, revisions: 18, attachments: 40, branches: 290, attributes: 441, etapi_tokens: 0, blobs: 227
12:22:03.404 All consistency checks passed with no errors detected (took 13ms)
13:22:03.396 Table counts: notes: 287, revisions: 18, attachments: 40, branches: 290, attributes: 441, etapi_tokens: 0, blobs: 227
13:22:03.411 All consistency checks passed with no errors detected (took 16ms)
14:22:03.403 Table counts: notes: 287, revisions: 18, attachments: 40, branches: 290, attributes: 441, etapi_tokens: 0, blobs: 227
14:22:03.414 All consistency checks passed with no errors detected (took 12ms)
15:22:03.410 Table counts: notes: 287, revisions: 18, attachments: 40, branches: 290, attributes: 441, etapi_tokens: 0, blobs: 227
15:22:03.426 All consistency checks passed with no errors detected (took 16ms)
16:22:03.417 Table counts: notes: 287, revisions: 18, attachments: 40, branches: 290, attributes: 441, etapi_tokens: 0, blobs: 227
16:22:03.438 All consistency checks passed with no errors detected (took 22ms)
17:21:59.370 Optimizing database
17:21:59.373 Optimization finished in 1ms.
17:22:03.417 Table counts: notes: 287, revisions: 18, attachments: 40, branches: 290, attributes: 441, etapi_tokens: 0, blobs: 227
17:22:03.433 All consistency checks passed with no errors detected (took 16ms)
18:22:03.421 Table counts: notes: 287, revisions: 18, attachments: 40, branches: 290, attributes: 441, etapi_tokens: 0, blobs: 227
18:22:03.436 All consistency checks passed with no errors detected (took 16ms)
19:22:03.425 Table counts: notes: 287, revisions: 18, attachments: 40, branches: 290, attributes: 441, etapi_tokens: 0, blobs: 227
19:22:03.442 All consistency checks passed with no errors detected (took 18ms)
20:22:03.427 Table counts: notes: 287, revisions: 18, attachments: 40, branches: 290, attributes: 441, etapi_tokens: 0, blobs: 227
20:22:03.444 All consistency checks passed with no errors detected (took 18ms)
21:22:03.429 Table counts: notes: 287, revisions: 18, attachments: 40, branches: 290, attributes: 441, etapi_tokens: 0, blobs: 227
21:22:03.441 All consistency checks passed with no errors detected (took 13ms)
22:22:03.436 Table counts: notes: 287, revisions: 18, attachments: 40, branches: 290, attributes: 441, etapi_tokens: 0, blobs: 227
22:22:03.454 All consistency checks passed with no errors detected (took 19ms)
23:22:03.440 Table counts: notes: 287, revisions: 18, attachments: 40, branches: 290, attributes: 441, etapi_tokens: 0, blobs: 227
23:22:03.455 All consistency checks passed with no errors detected (took 16ms)
