00:00:30.601 No connection to sync server.
00:01:30.581 No connection to sync server.
00:02:30.590 No connection to sync server.
00:03:30.596 No connection to sync server.
00:04:30.619 No connection to sync server.
00:05:30.625 No connection to sync server.
00:06:30.648 No connection to sync server.
00:07:30.652 No connection to sync server.
00:08:30.665 No connection to sync server.
00:09:30.670 No connection to sync server.
00:10:30.690 No connection to sync server.
00:11:30.676 No connection to sync server.
00:12:30.684 No connection to sync server.
00:13:30.731 No connection to sync server.
00:14:30.706 No connection to sync server.
00:15:30.725 No connection to sync server.
00:16:30.728 No connection to sync server.
00:17:07.067 Table counts: notes: 308, revisions: 122, attachments: 65, branches: 311, attributes: 457, etapi_tokens: 0, blobs: 333
00:17:07.098 All consistency checks passed with no errors detected (took 32ms)
00:17:30.756 No connection to sync server.
00:18:30.758 No connection to sync server.
00:19:30.778 No connection to sync server.
00:20:30.846 No connection to sync server.
00:21:30.794 No connection to sync server.
00:22:30.816 No connection to sync server.
00:23:30.813 No connection to sync server.
00:24:30.829 No connection to sync server.
00:25:30.853 No connection to sync server.
00:26:30.847 No connection to sync server.
00:27:30.862 No connection to sync server.
00:28:30.880 No connection to sync server.
00:29:30.876 No connection to sync server.
00:30:30.905 No connection to sync server.
00:31:30.910 No connection to sync server.
00:32:30.911 No connection to sync server.
00:33:30.929 No connection to sync server.
00:34:30.936 No connection to sync server.
00:35:30.959 No connection to sync server.
00:36:30.963 No connection to sync server.
00:37:30.985 No connection to sync server.
00:38:30.989 No connection to sync server.
00:39:30.998 No connection to sync server.
00:40:31.011 No connection to sync server.
00:41:31.042 No connection to sync server.
00:42:31.040 No connection to sync server.
00:43:31.048 No connection to sync server.
00:44:31.065 No connection to sync server.
00:45:31.058 No connection to sync server.
00:46:31.078 No connection to sync server.
00:47:31.090 No connection to sync server.
00:48:31.093 No connection to sync server.
00:49:31.115 No connection to sync server.
00:50:31.109 No connection to sync server.
00:51:31.153 No connection to sync server.
00:52:31.147 No connection to sync server.
00:53:31.168 No connection to sync server.
00:54:31.156 No connection to sync server.
00:55:31.184 No connection to sync server.
00:56:31.194 No connection to sync server.
00:57:31.190 No connection to sync server.
00:58:31.210 No connection to sync server.
00:59:31.209 No connection to sync server.
01:00:31.210 No connection to sync server.
01:01:31.235 No connection to sync server.
01:02:31.239 No connection to sync server.
01:03:31.259 No connection to sync server.
01:04:31.260 No connection to sync server.
01:05:31.270 No connection to sync server.
01:06:31.285 No connection to sync server.
01:07:31.296 No connection to sync server.
01:08:31.313 No connection to sync server.
01:09:31.331 No connection to sync server.
01:10:31.325 No connection to sync server.
01:11:31.342 No connection to sync server.
01:12:31.352 No connection to sync server.
01:13:31.369 No connection to sync server.
01:14:31.372 No connection to sync server.
01:15:31.386 No connection to sync server.
01:16:31.391 No connection to sync server.
01:17:07.068 Table counts: notes: 308, revisions: 122, attachments: 65, branches: 311, attributes: 457, etapi_tokens: 0, blobs: 333
01:17:07.086 All consistency checks passed with no errors detected (took 19ms)
01:17:31.408 No connection to sync server.
01:18:31.406 No connection to sync server.
01:19:31.608 No connection to sync server.
01:20:31.625 No connection to sync server.
01:21:31.443 No connection to sync server.
01:22:31.448 No connection to sync server.
01:23:31.471 No connection to sync server.
01:24:31.477 No connection to sync server.
01:25:31.494 No connection to sync server.
01:26:31.487 No connection to sync server.
01:27:31.508 No connection to sync server.
01:28:31.524 No connection to sync server.
01:29:31.532 No connection to sync server.
01:30:31.552 No connection to sync server.
01:31:31.553 No connection to sync server.
01:32:31.561 No connection to sync server.
01:33:31.554 No connection to sync server.
01:34:31.592 No connection to sync server.
01:35:31.580 No connection to sync server.
01:36:31.598 No connection to sync server.
01:37:31.602 No connection to sync server.
01:38:31.625 No connection to sync server.
01:39:31.635 No connection to sync server.
01:40:31.644 No connection to sync server.
01:41:31.646 No connection to sync server.
01:42:31.648 No connection to sync server.
01:43:31.668 No connection to sync server.
01:44:31.667 No connection to sync server.
01:45:31.686 No connection to sync server.
01:46:31.697 No connection to sync server.
01:47:31.772 No connection to sync server.
01:48:31.718 No connection to sync server.
01:49:31.725 No connection to sync server.
01:50:31.728 No connection to sync server.
01:51:31.748 No connection to sync server.
01:52:31.768 No connection to sync server.
01:53:31.766 No connection to sync server.
01:54:31.801 No connection to sync server.
01:55:31.793 No connection to sync server.
01:56:31.790 No connection to sync server.
01:57:31.799 No connection to sync server.
01:58:31.813 No connection to sync server.
01:59:31.817 No connection to sync server.
02:00:31.841 No connection to sync server.
02:01:31.837 No connection to sync server.
02:02:31.854 No connection to sync server.
02:03:31.869 No connection to sync server.
02:04:31.887 No connection to sync server.
02:05:31.878 No connection to sync server.
02:06:31.890 No connection to sync server.
02:07:31.905 No connection to sync server.
02:08:31.911 No connection to sync server.
02:09:31.919 No connection to sync server.
02:10:31.925 No connection to sync server.
02:11:31.934 No connection to sync server.
02:12:31.950 No connection to sync server.
02:13:31.948 No connection to sync server.
02:14:31.974 No connection to sync server.
02:15:31.968 No connection to sync server.
02:16:31.987 No connection to sync server.
02:17:07.068 Table counts: notes: 308, revisions: 122, attachments: 65, branches: 311, attributes: 457, etapi_tokens: 0, blobs: 333
02:17:07.082 All consistency checks passed with no errors detected (took 14ms)
02:17:31.989 No connection to sync server.
02:18:32.006 No connection to sync server.
02:19:32.211 No connection to sync server.
02:20:32.027 No connection to sync server.
02:21:32.021 No connection to sync server.
02:22:32.028 No connection to sync server.
02:23:32.043 No connection to sync server.
02:24:32.048 No connection to sync server.
02:25:32.066 No connection to sync server.
02:26:32.071 No connection to sync server.
02:27:32.080 No connection to sync server.
02:28:32.094 No connection to sync server.
02:29:32.111 No connection to sync server.
02:30:32.110 No connection to sync server.
02:31:32.120 No connection to sync server.
02:32:32.124 No connection to sync server.
02:33:32.147 No connection to sync server.
02:34:32.157 No connection to sync server.
02:35:32.165 No connection to sync server.
02:36:32.174 No connection to sync server.
02:37:32.187 No connection to sync server.
02:38:32.200 No connection to sync server.
02:39:32.215 No connection to sync server.
02:40:32.209 No connection to sync server.
02:41:32.219 No connection to sync server.
02:42:32.238 No connection to sync server.
02:43:32.236 No connection to sync server.
02:44:32.250 No connection to sync server.
02:45:32.259 No connection to sync server.
02:46:32.267 No connection to sync server.
02:47:32.273 No connection to sync server.
02:48:32.288 No connection to sync server.
02:49:32.302 No connection to sync server.
02:50:32.311 No connection to sync server.
02:51:32.321 No connection to sync server.
02:52:32.340 No connection to sync server.
02:53:32.349 No connection to sync server.
02:54:32.338 No connection to sync server.
02:55:32.354 No connection to sync server.
02:56:32.362 No connection to sync server.
02:57:32.391 No connection to sync server.
02:58:32.378 No connection to sync server.
02:59:32.401 No connection to sync server.
03:00:32.393 No connection to sync server.
03:01:32.410 No connection to sync server.
03:02:32.407 No connection to sync server.
03:03:32.436 No connection to sync server.
03:04:32.430 No connection to sync server.
03:05:32.437 No connection to sync server.
03:06:32.444 No connection to sync server.
03:07:32.462 No connection to sync server.
03:08:32.459 No connection to sync server.
03:09:32.479 No connection to sync server.
03:10:32.471 No connection to sync server.
03:11:32.505 No connection to sync server.
03:12:32.502 No connection to sync server.
03:13:32.513 No connection to sync server.
03:14:32.513 No connection to sync server.
03:15:32.530 No connection to sync server.
03:16:32.538 No connection to sync server.
03:17:07.075 Erased attachments: ["XBoVVMRtzHUX"]
03:17:07.076 Table counts: notes: 308, revisions: 122, attachments: 64, branches: 311, attributes: 457, etapi_tokens: 0, blobs: 333
03:17:07.096 All consistency checks passed with no errors detected (took 19ms)
03:17:32.548 No connection to sync server.
03:18:32.546 No connection to sync server.
03:19:32.569 No connection to sync server.
03:20:32.574 No connection to sync server.
03:21:32.593 No connection to sync server.
03:22:32.590 No connection to sync server.
03:23:32.599 No connection to sync server.
03:24:32.606 No connection to sync server.
03:25:32.626 No connection to sync server.
03:26:32.621 No connection to sync server.
03:27:32.630 No connection to sync server.
03:28:32.646 No connection to sync server.
03:29:32.650 No connection to sync server.
03:30:32.660 No connection to sync server.
03:31:32.681 No connection to sync server.
03:32:32.682 No connection to sync server.
03:33:32.697 No connection to sync server.
03:34:32.703 No connection to sync server.
03:35:32.710 No connection to sync server.
03:36:32.715 No connection to sync server.
03:37:32.724 No connection to sync server.
03:38:32.739 No connection to sync server.
03:39:32.743 No connection to sync server.
03:40:32.752 No connection to sync server.
03:41:32.755 No connection to sync server.
03:42:32.772 No connection to sync server.
03:43:32.768 No connection to sync server.
03:44:32.784 No connection to sync server.
03:45:32.790 No connection to sync server.
03:46:32.799 No connection to sync server.
03:47:32.799 No connection to sync server.
03:48:32.818 No connection to sync server.
03:49:32.830 No connection to sync server.
03:50:32.841 No connection to sync server.
03:51:32.832 No connection to sync server.
03:52:32.855 No connection to sync server.
03:53:32.857 No connection to sync server.
03:54:32.873 No connection to sync server.
03:55:32.870 No connection to sync server.
03:56:32.886 No connection to sync server.
03:57:32.902 No connection to sync server.
03:58:32.889 No connection to sync server.
03:59:32.898 No connection to sync server.
04:00:32.905 No connection to sync server.
04:01:32.922 No connection to sync server.
04:02:32.904 No connection to sync server.
04:03:32.929 No connection to sync server.
04:04:32.933 No connection to sync server.
04:05:32.945 No connection to sync server.
04:06:32.952 No connection to sync server.
04:07:32.968 No connection to sync server.
04:08:32.960 No connection to sync server.
04:09:32.974 No connection to sync server.
04:10:32.965 No connection to sync server.
04:11:32.976 No connection to sync server.
04:12:32.980 No connection to sync server.
04:13:32.980 No connection to sync server.
04:14:32.986 No connection to sync server.
04:15:33.010 No connection to sync server.
04:16:33.016 No connection to sync server.
04:17:07.078 Table counts: notes: 308, revisions: 122, attachments: 64, branches: 311, attributes: 457, etapi_tokens: 0, blobs: 333
04:17:07.099 All consistency checks passed with no errors detected (took 21ms)
04:17:33.035 No connection to sync server.
04:18:33.055 No connection to sync server.
04:19:33.038 No connection to sync server.
04:20:33.048 No connection to sync server.
04:21:33.059 No connection to sync server.
04:22:33.059 No connection to sync server.
04:23:33.072 No connection to sync server.
04:24:33.082 No connection to sync server.
04:25:33.079 No connection to sync server.
04:26:33.093 No connection to sync server.
04:27:33.102 No connection to sync server.
04:28:33.115 No connection to sync server.
04:29:33.125 No connection to sync server.
04:30:33.123 No connection to sync server.
04:31:33.131 No connection to sync server.
04:32:33.143 No connection to sync server.
04:33:33.365 No connection to sync server.
04:34:33.158 No connection to sync server.
04:35:33.160 No connection to sync server.
04:36:33.181 No connection to sync server.
04:37:33.182 No connection to sync server.
04:38:33.193 No connection to sync server.
04:39:33.201 No connection to sync server.
04:40:33.208 No connection to sync server.
04:41:33.217 No connection to sync server.
04:42:33.220 No connection to sync server.
04:43:33.234 No connection to sync server.
04:44:33.233 No connection to sync server.
04:45:33.242 No connection to sync server.
04:46:33.271 No connection to sync server.
04:47:33.260 No connection to sync server.
04:48:33.279 No connection to sync server.
04:49:33.275 No connection to sync server.
04:50:33.282 No connection to sync server.
04:51:33.288 No connection to sync server.
04:52:33.305 No connection to sync server.
04:53:33.310 No connection to sync server.
04:54:33.325 No connection to sync server.
04:55:33.321 No connection to sync server.
04:56:33.333 No connection to sync server.
04:57:33.335 No connection to sync server.
04:58:33.342 No connection to sync server.
04:59:33.353 No connection to sync server.
05:00:33.369 No connection to sync server.
05:01:33.364 No connection to sync server.
05:02:33.362 No connection to sync server.
05:03:33.374 No connection to sync server.
05:04:33.382 No connection to sync server.
05:05:33.387 No connection to sync server.
05:06:33.395 No connection to sync server.
05:07:33.401 No connection to sync server.
05:08:33.410 No connection to sync server.
05:09:33.411 No connection to sync server.
05:10:33.418 No connection to sync server.
05:11:33.432 No connection to sync server.
05:12:33.446 No connection to sync server.
05:13:33.456 No connection to sync server.
05:14:33.463 No connection to sync server.
05:15:33.460 No connection to sync server.
05:16:33.474 No connection to sync server.
05:17:07.079 Table counts: notes: 308, revisions: 122, attachments: 64, branches: 311, attributes: 457, etapi_tokens: 0, blobs: 333
05:17:07.098 All consistency checks passed with no errors detected (took 20ms)
05:17:33.492 No connection to sync server.
05:18:33.482 No connection to sync server.
05:19:33.499 No connection to sync server.
05:20:33.498 No connection to sync server.
05:21:33.563 No connection to sync server.
05:22:33.516 No connection to sync server.
05:23:33.522 No connection to sync server.
05:24:33.532 No connection to sync server.
05:25:33.545 No connection to sync server.
05:26:33.547 No connection to sync server.
05:27:33.551 No connection to sync server.
05:28:33.562 No connection to sync server.
05:29:33.564 No connection to sync server.
05:30:33.575 No connection to sync server.
05:31:33.576 No connection to sync server.
05:32:33.579 No connection to sync server.
05:33:33.596 No connection to sync server.
05:34:33.600 No connection to sync server.
05:35:33.608 No connection to sync server.
05:36:33.613 No connection to sync server.
05:37:33.626 No connection to sync server.
05:38:33.628 No connection to sync server.
05:39:33.629 No connection to sync server.
05:40:33.634 No connection to sync server.
05:41:33.651 No connection to sync server.
05:42:33.652 No connection to sync server.
05:43:33.666 No connection to sync server.
05:44:33.661 No connection to sync server.
05:45:33.673 No connection to sync server.
05:46:33.680 No connection to sync server.
05:47:33.696 No connection to sync server.
05:48:33.697 No connection to sync server.
05:49:33.696 No connection to sync server.
05:50:33.703 No connection to sync server.
05:51:33.735 No connection to sync server.
05:52:33.726 No connection to sync server.
05:53:33.727 No connection to sync server.
05:54:33.748 No connection to sync server.
05:55:33.749 No connection to sync server.
05:56:33.750 No connection to sync server.
05:57:33.763 No connection to sync server.
05:58:33.767 No connection to sync server.
05:59:33.764 No connection to sync server.
06:00:33.780 No connection to sync server.
06:01:33.819 No connection to sync server.
06:02:33.791 No connection to sync server.
06:03:33.794 No connection to sync server.
06:04:33.805 No connection to sync server.
06:05:33.820 No connection to sync server.
06:06:33.839 No connection to sync server.
06:07:33.823 No connection to sync server.
06:08:33.832 No connection to sync server.
06:09:33.847 No connection to sync server.
06:10:34.051 No connection to sync server.
06:11:33.855 No connection to sync server.
06:12:33.856 No connection to sync server.
06:13:33.859 No connection to sync server.
06:14:33.863 No connection to sync server.
06:15:33.862 No connection to sync server.
06:16:33.876 No connection to sync server.
06:17:06.665 Optimizing database
06:17:06.666 Optimization finished in 0ms.
06:17:07.079 Table counts: notes: 308, revisions: 122, attachments: 64, branches: 311, attributes: 457, etapi_tokens: 0, blobs: 333
06:17:07.109 All consistency checks passed with no errors detected (took 31ms)
06:17:33.885 No connection to sync server.
06:18:33.918 No connection to sync server.
06:19:33.899 No connection to sync server.
06:20:33.905 No connection to sync server.
06:21:33.909 No connection to sync server.
06:22:33.910 No connection to sync server.
06:23:33.922 No connection to sync server.
06:24:33.929 No connection to sync server.
06:25:33.935 No connection to sync server.
06:26:33.939 No connection to sync server.
06:27:34.190 No connection to sync server.
06:28:33.954 No connection to sync server.
06:29:33.956 No connection to sync server.
06:30:33.954 No connection to sync server.
06:31:33.962 No connection to sync server.
06:32:33.978 No connection to sync server.
06:33:33.978 No connection to sync server.
06:34:33.991 No connection to sync server.
06:35:33.999 No connection to sync server.
06:36:33.999 No connection to sync server.
06:37:34.010 No connection to sync server.
06:38:34.007 No connection to sync server.
06:39:34.020 No connection to sync server.
06:40:34.018 No connection to sync server.
06:41:34.022 No connection to sync server.
06:42:34.022 No connection to sync server.
06:43:34.042 No connection to sync server.
06:44:34.046 No connection to sync server.
06:45:34.062 No connection to sync server.
06:46:34.058 No connection to sync server.
06:47:34.072 No connection to sync server.
06:48:34.063 No connection to sync server.
06:49:34.066 No connection to sync server.
06:50:34.070 No connection to sync server.
06:51:34.085 No connection to sync server.
06:52:34.098 No connection to sync server.
06:53:34.095 No connection to sync server.
06:54:34.106 No connection to sync server.
06:55:34.102 No connection to sync server.
06:56:34.111 No connection to sync server.
06:57:34.123 No connection to sync server.
06:58:34.129 No connection to sync server.
06:59:34.133 No connection to sync server.
07:00:34.144 No connection to sync server.
07:01:34.145 No connection to sync server.
07:02:34.160 No connection to sync server.
07:03:34.143 No connection to sync server.
07:04:34.147 No connection to sync server.
07:05:34.156 No connection to sync server.
07:06:34.153 No connection to sync server.
07:07:34.167 No connection to sync server.
07:08:34.169 No connection to sync server.
07:09:34.174 No connection to sync server.
07:10:34.186 No connection to sync server.
07:11:34.833 No connection to sync server.
07:12:34.198 No connection to sync server.
07:13:34.208 No connection to sync server.
07:14:34.201 No connection to sync server.
07:15:34.207 No connection to sync server.
07:16:34.207 No connection to sync server.
07:17:07.079 Table counts: notes: 308, revisions: 122, attachments: 64, branches: 311, attributes: 457, etapi_tokens: 0, blobs: 333
07:17:07.113 All consistency checks passed with no errors detected (took 35ms)
07:17:34.222 No connection to sync server.
07:18:34.219 No connection to sync server.
07:19:34.226 No connection to sync server.
07:20:34.222 No connection to sync server.
07:21:34.246 No connection to sync server.
07:22:34.241 No connection to sync server.
07:23:34.243 No connection to sync server.
07:24:34.250 No connection to sync server.
07:25:34.252 No connection to sync server.
07:26:34.357 No connection to sync server.
07:27:34.268 No connection to sync server.
07:28:34.271 No connection to sync server.
07:29:34.276 No connection to sync server.
07:30:34.282 No connection to sync server.
07:31:34.284 No connection to sync server.
07:32:34.293 No connection to sync server.
07:33:34.293 No connection to sync server.
07:34:34.304 No connection to sync server.
07:35:34.399 No connection to sync server.
07:36:34.311 No connection to sync server.
07:37:34.328 No connection to sync server.
07:38:34.329 No connection to sync server.
07:39:34.331 No connection to sync server.
07:40:34.327 No connection to sync server.
07:41:34.338 No connection to sync server.
07:42:34.340 No connection to sync server.
07:43:34.343 No connection to sync server.
07:44:34.346 No connection to sync server.
07:45:34.352 No connection to sync server.
07:46:34.354 No connection to sync server.
07:47:34.377 No connection to sync server.
07:48:34.355 No connection to sync server.
07:49:34.367 No connection to sync server.
07:50:34.369 No connection to sync server.
07:51:34.388 No connection to sync server.
07:52:34.382 No connection to sync server.
07:53:34.380 No connection to sync server.
07:54:34.390 No connection to sync server.
07:55:34.393 No connection to sync server.
07:56:34.403 No connection to sync server.
07:57:34.409 No connection to sync server.
07:58:34.410 No connection to sync server.
07:59:34.412 No connection to sync server.
08:00:34.430 No connection to sync server.
08:01:34.420 No connection to sync server.
08:02:34.426 No connection to sync server.
08:03:34.440 No connection to sync server.
08:04:34.438 No connection to sync server.
08:05:34.453 No connection to sync server.
08:06:34.451 No connection to sync server.
08:07:34.451 No connection to sync server.
08:08:34.448 No connection to sync server.
08:09:34.451 No connection to sync server.
08:10:34.458 No connection to sync server.
08:11:34.462 No connection to sync server.
08:12:34.465 No connection to sync server.
08:13:34.481 No connection to sync server.
08:14:34.471 No connection to sync server.
08:15:34.477 No connection to sync server.
08:16:34.487 No connection to sync server.
08:17:07.079 Table counts: notes: 308, revisions: 122, attachments: 64, branches: 311, attributes: 457, etapi_tokens: 0, blobs: 333
08:17:07.099 All consistency checks passed with no errors detected (took 20ms)
08:17:34.487 No connection to sync server.
08:18:34.496 No connection to sync server.
08:19:34.502 No connection to sync server.
08:20:34.498 No connection to sync server.
08:21:34.509 No connection to sync server.
08:22:34.521 No connection to sync server.
08:23:34.508 No connection to sync server.
08:24:34.507 No connection to sync server.
08:25:34.514 No connection to sync server.
08:26:34.533 No connection to sync server.
08:27:34.520 No connection to sync server.
08:28:34.542 No connection to sync server.
08:29:34.622 No connection to sync server.
08:30:34.532 No connection to sync server.
08:31:34.537 No connection to sync server.
08:32:34.548 No connection to sync server.
08:33:34.540 No connection to sync server.
08:34:34.548 No connection to sync server.
08:35:34.554 No connection to sync server.
08:36:34.562 No connection to sync server.
08:37:34.556 No connection to sync server.
08:38:34.578 No connection to sync server.
08:39:34.564 No connection to sync server.
08:40:34.574 No connection to sync server.
08:41:34.580 No connection to sync server.
08:42:34.584 No connection to sync server.
08:43:34.588 No connection to sync server.
08:44:34.580 No connection to sync server.
08:45:34.585 No connection to sync server.
08:46:34.744 No connection to sync server.
08:47:34.595 No connection to sync server.
08:48:34.609 No connection to sync server.
08:49:34.605 No connection to sync server.
08:50:34.611 No connection to sync server.
08:51:34.618 No connection to sync server.
08:52:34.631 No connection to sync server.
08:53:34.613 No connection to sync server.
08:54:34.629 No connection to sync server.
08:55:34.624 No connection to sync server.
08:56:34.628 No connection to sync server.
08:57:34.627 No connection to sync server.
08:58:34.640 No connection to sync server.
08:59:34.644 No connection to sync server.
09:00:34.638 No connection to sync server.
09:01:34.644 No connection to sync server.
09:02:34.651 No connection to sync server.
09:03:34.646 No connection to sync server.
09:04:34.654 No connection to sync server.
09:05:34.651 No connection to sync server.
09:06:34.655 No connection to sync server.
09:07:34.660 No connection to sync server.
09:08:34.676 No connection to sync server.
09:09:34.672 No connection to sync server.
09:10:34.664 No connection to sync server.
09:11:34.672 No connection to sync server.
09:12:34.670 No connection to sync server.
09:13:34.686 No connection to sync server.
09:14:34.925 No connection to sync server.
09:15:34.761 No connection to sync server.
09:16:34.676 No connection to sync server.
09:17:07.079 Table counts: notes: 308, revisions: 122, attachments: 64, branches: 311, attributes: 457, etapi_tokens: 0, blobs: 333
09:17:07.096 All consistency checks passed with no errors detected (took 18ms)
09:17:34.690 No connection to sync server.
09:18:34.697 No connection to sync server.
09:19:34.692 No connection to sync server.
09:20:34.694 No connection to sync server.
09:21:34.703 No connection to sync server.
09:22:34.702 No connection to sync server.
09:23:34.701 No connection to sync server.
09:24:34.697 No connection to sync server.
09:25:34.705 No connection to sync server.
09:26:34.716 No connection to sync server.
09:27:34.709 No connection to sync server.
09:28:34.720 No connection to sync server.
09:29:34.718 No connection to sync server.
09:30:34.721 No connection to sync server.
09:31:34.714 No connection to sync server.
09:32:34.711 No connection to sync server.
09:33:34.723 No connection to sync server.
09:34:34.721 No connection to sync server.
09:35:34.945 No connection to sync server.
09:36:34.724 No connection to sync server.
09:37:34.737 No connection to sync server.
09:38:34.727 No connection to sync server.
09:39:34.730 No connection to sync server.
09:40:34.731 No connection to sync server.
09:41:34.732 No connection to sync server.
09:42:34.734 No connection to sync server.
09:43:34.739 No connection to sync server.
09:44:34.750 No connection to sync server.
09:45:34.738 No connection to sync server.
09:46:34.742 No connection to sync server.
09:47:34.750 No connection to sync server.
09:48:34.745 No connection to sync server.
09:49:34.750 No connection to sync server.
09:50:34.753 No connection to sync server.
09:51:34.753 No connection to sync server.
09:52:34.744 No connection to sync server.
09:53:34.751 No connection to sync server.
09:54:34.748 No connection to sync server.
09:55:34.746 No connection to sync server.
09:56:34.748 No connection to sync server.
09:57:34.753 No connection to sync server.
09:58:34.744 No connection to sync server.
09:59:34.757 No connection to sync server.
10:00:34.750 No connection to sync server.
10:01:34.785 No connection to sync server.
10:02:34.773 No connection to sync server.
10:03:34.781 No connection to sync server.
10:04:34.832 No connection to sync server.
10:05:34.818 No connection to sync server.
10:06:34.832 No connection to sync server.
10:07:34.840 No connection to sync server.
10:08:34.866 No connection to sync server.
10:09:34.858 No connection to sync server.
10:10:34.897 No connection to sync server.
10:11:34.901 No connection to sync server.
10:12:34.929 No connection to sync server.
10:13:34.928 No connection to sync server.
10:14:34.946 No connection to sync server.
10:15:34.973 No connection to sync server.
10:16:34.980 No connection to sync server.
10:17:07.078 Table counts: notes: 308, revisions: 122, attachments: 64, branches: 311, attributes: 457, etapi_tokens: 0, blobs: 333
10:17:07.096 All consistency checks passed with no errors detected (took 18ms)
10:17:34.991 No connection to sync server.
10:18:34.992 No connection to sync server.
10:19:35.003 No connection to sync server.
10:20:34.986 No connection to sync server.
10:21:35.018 No connection to sync server.
10:22:35.024 No connection to sync server.
10:23:35.031 No connection to sync server.
10:24:35.037 No connection to sync server.
10:25:35.044 No connection to sync server.
10:26:35.054 No connection to sync server.
10:27:35.088 No connection to sync server.
10:28:35.085 No connection to sync server.
10:29:35.086 No connection to sync server.
10:30:35.122 No connection to sync server.
10:31:35.134 No connection to sync server.
10:32:35.158 No connection to sync server.
10:33:35.154 No connection to sync server.
10:34:35.149 No connection to sync server.
10:35:35.183 No connection to sync server.
10:36:35.183 No connection to sync server.
10:37:35.214 No connection to sync server.
10:38:35.218 No connection to sync server.
10:39:35.229 No connection to sync server.
10:40:35.240 No connection to sync server.
10:41:35.251 No connection to sync server.
10:42:35.269 No connection to sync server.
10:43:35.281 No connection to sync server.
10:44:35.275 No connection to sync server.
10:45:35.315 No connection to sync server.
10:46:35.322 No connection to sync server.
10:47:35.332 No connection to sync server.
10:48:35.331 No connection to sync server.
10:49:35.365 No connection to sync server.
10:50:35.366 No connection to sync server.
10:51:35.398 No connection to sync server.
10:52:35.413 No connection to sync server.
10:53:35.418 No connection to sync server.
10:54:35.418 No connection to sync server.
10:55:35.447 No connection to sync server.
10:56:35.459 No connection to sync server.
10:57:35.477 No connection to sync server.
10:58:35.479 No connection to sync server.
10:59:35.516 No connection to sync server.
11:00:35.511 No connection to sync server.
11:01:35.552 No connection to sync server.
11:02:35.544 No connection to sync server.
11:03:35.576 No connection to sync server.
11:04:35.570 No connection to sync server.
11:05:35.617 No connection to sync server.
11:06:35.607 No connection to sync server.
11:07:35.638 No connection to sync server.
11:08:35.639 No connection to sync server.
11:09:35.666 No connection to sync server.
11:10:35.671 No connection to sync server.
11:11:35.701 No connection to sync server.
11:12:35.708 No connection to sync server.
11:13:35.721 No connection to sync server.
11:14:35.756 No connection to sync server.
11:15:35.754 No connection to sync server.
11:16:35.780 No connection to sync server.
11:17:07.079 Table counts: notes: 308, revisions: 122, attachments: 64, branches: 311, attributes: 457, etapi_tokens: 0, blobs: 333
11:17:07.098 All consistency checks passed with no errors detected (took 20ms)
11:17:35.827 No connection to sync server.
11:18:35.804 No connection to sync server.
11:19:35.854 No connection to sync server.
11:20:35.830 No connection to sync server.
11:21:35.838 No connection to sync server.
11:22:35.869 No connection to sync server.
11:23:35.891 No connection to sync server.
11:24:35.898 No connection to sync server.
11:25:35.910 No connection to sync server.
11:26:35.922 No connection to sync server.
11:27:35.924 No connection to sync server.
11:28:35.962 No connection to sync server.
11:29:35.959 No connection to sync server.
11:30:36.028 No connection to sync server.
11:31:36.016 No connection to sync server.
11:32:36.023 No connection to sync server.
11:33:36.048 No connection to sync server.
11:34:36.038 No connection to sync server.
11:35:36.058 No connection to sync server.
11:36:36.070 No connection to sync server.
11:37:36.096 No connection to sync server.
11:38:36.106 No connection to sync server.
11:39:36.122 No connection to sync server.
11:40:36.125 No connection to sync server.
11:41:36.242 No connection to sync server.
11:42:36.159 No connection to sync server.
11:43:36.184 No connection to sync server.
11:44:36.174 No connection to sync server.
11:45:36.212 No connection to sync server.
11:46:36.212 No connection to sync server.
11:47:36.226 No connection to sync server.
11:48:36.270 No connection to sync server.
11:49:36.273 No connection to sync server.
11:50:36.264 No connection to sync server.
11:51:36.301 No connection to sync server.
11:52:36.304 No connection to sync server.
11:53:36.324 No connection to sync server.
11:54:36.330 No connection to sync server.
11:55:36.363 No connection to sync server.
11:56:36.370 No connection to sync server.
11:57:36.402 No connection to sync server.
11:58:36.392 No connection to sync server.
11:59:36.420 No connection to sync server.
12:00:36.423 No connection to sync server.
12:01:36.448 No connection to sync server.
12:02:36.456 No connection to sync server.
12:03:36.483 No connection to sync server.
12:04:36.491 No connection to sync server.
12:05:36.514 No connection to sync server.
12:06:36.519 No connection to sync server.
12:07:36.536 No connection to sync server.
12:08:36.559 No connection to sync server.
12:09:36.565 No connection to sync server.
12:10:36.595 No connection to sync server.
12:11:36.603 No connection to sync server.
12:12:36.616 No connection to sync server.
12:13:36.632 No connection to sync server.
12:14:36.642 No connection to sync server.
12:15:36.672 No connection to sync server.
12:16:36.680 No connection to sync server.
12:17:07.081 Table counts: notes: 308, revisions: 122, attachments: 64, branches: 311, attributes: 457, etapi_tokens: 0, blobs: 333
12:17:07.105 All consistency checks passed with no errors detected (took 25ms)
12:17:36.708 No connection to sync server.
12:18:36.713 No connection to sync server.
12:19:36.728 No connection to sync server.
12:20:36.742 No connection to sync server.
12:21:36.754 No connection to sync server.
12:22:36.771 No connection to sync server.
12:23:36.797 No connection to sync server.
12:24:36.801 No connection to sync server.
12:25:36.824 No connection to sync server.
12:26:36.849 No connection to sync server.
12:27:36.860 No connection to sync server.
12:28:36.866 No connection to sync server.
12:29:36.892 No connection to sync server.
12:30:36.909 No connection to sync server.
12:31:36.901 No connection to sync server.
12:32:36.921 No connection to sync server.
12:33:36.934 No connection to sync server.
12:34:36.946 No connection to sync server.
12:35:36.963 No connection to sync server.
12:36:36.986 No connection to sync server.
12:37:36.982 No connection to sync server.
12:38:37.008 No connection to sync server.
12:39:37.031 No connection to sync server.
12:40:37.058 No connection to sync server.
12:41:37.058 No connection to sync server.
12:42:37.069 No connection to sync server.
12:43:37.084 No connection to sync server.
12:44:37.106 No connection to sync server.
12:45:37.115 No connection to sync server.
12:46:37.150 No connection to sync server.
12:47:37.139 No connection to sync server.
12:48:37.140 No connection to sync server.
12:49:37.175 No connection to sync server.
12:50:37.191 No connection to sync server.
12:51:37.200 No connection to sync server.
12:52:37.204 No connection to sync server.
12:53:37.243 No connection to sync server.
12:54:37.235 No connection to sync server.
12:55:37.259 No connection to sync server.
12:56:37.266 No connection to sync server.
12:57:37.289 No connection to sync server.
12:58:37.301 No connection to sync server.
12:59:37.321 No connection to sync server.
13:00:37.351 No connection to sync server.
13:01:37.351 No connection to sync server.
13:02:37.358 No connection to sync server.
13:03:37.380 No connection to sync server.
13:04:37.385 No connection to sync server.
13:05:37.410 No connection to sync server.
13:06:37.416 No connection to sync server.
13:07:37.442 No connection to sync server.
13:08:37.452 No connection to sync server.
13:09:37.475 No connection to sync server.
13:10:37.502 No connection to sync server.
13:11:37.504 No connection to sync server.
13:12:37.508 No connection to sync server.
13:13:37.557 No connection to sync server.
13:13:47.276 Error: Router not found for request GET /pdown
13:14:37.546 No connection to sync server.
13:15:37.560 No connection to sync server.
13:16:37.570 No connection to sync server.
13:17:07.082 Table counts: notes: 308, revisions: 122, attachments: 64, branches: 311, attributes: 457, etapi_tokens: 0, blobs: 333
13:17:07.104 All consistency checks passed with no errors detected (took 21ms)
13:17:37.587 No connection to sync server.
13:18:37.601 No connection to sync server.
13:19:37.604 No connection to sync server.
13:20:37.638 No connection to sync server.
13:21:37.619 No connection to sync server.
13:22:37.640 No connection to sync server.
13:23:37.642 No connection to sync server.
13:24:37.671 No connection to sync server.
13:25:37.671 No connection to sync server.
13:26:37.696 No connection to sync server.
13:27:37.721 No connection to sync server.
13:28:37.729 No connection to sync server.
13:29:37.743 No connection to sync server.
13:30:37.763 No connection to sync server.
13:31:37.773 No connection to sync server.
13:32:37.793 No connection to sync server.
13:33:37.803 No connection to sync server.
13:34:37.806 No connection to sync server.
13:35:37.823 No connection to sync server.
13:36:37.812 No connection to sync server.
13:37:37.845 No connection to sync server.
13:38:37.849 No connection to sync server.
13:39:37.877 No connection to sync server.
13:40:37.889 No connection to sync server.
13:41:37.893 No connection to sync server.
13:42:37.915 No connection to sync server.
13:43:37.922 No connection to sync server.
13:44:37.949 No connection to sync server.
13:45:37.968 No connection to sync server.
13:46:37.975 No connection to sync server.
13:47:37.966 No connection to sync server.
13:48:37.976 No connection to sync server.
13:49:37.996 No connection to sync server.
13:50:38.010 No connection to sync server.
13:51:38.042 No connection to sync server.
13:52:38.046 No connection to sync server.
13:53:38.063 No connection to sync server.
13:54:38.062 No connection to sync server.
13:55:38.090 No connection to sync server.
13:56:38.104 No connection to sync server.
13:57:38.127 No connection to sync server.
13:58:38.116 No connection to sync server.
13:59:38.144 No connection to sync server.
14:00:38.149 No connection to sync server.
14:01:38.191 No connection to sync server.
14:02:38.182 No connection to sync server.
14:03:38.217 No connection to sync server.
14:04:38.222 No connection to sync server.
14:05:38.220 No connection to sync server.
14:06:38.246 No connection to sync server.
14:07:38.254 No connection to sync server.
14:08:38.280 No connection to sync server.
14:09:38.270 No connection to sync server.
14:10:38.297 No connection to sync server.
14:11:38.305 No connection to sync server.
14:12:38.328 No connection to sync server.
14:13:38.334 No connection to sync server.
14:14:38.372 No connection to sync server.
14:15:38.363 No connection to sync server.
14:16:38.402 No connection to sync server.
14:17:07.083 Table counts: notes: 308, revisions: 122, attachments: 64, branches: 311, attributes: 457, etapi_tokens: 0, blobs: 333
14:17:07.101 All consistency checks passed with no errors detected (took 18ms)
14:17:38.385 No connection to sync server.
14:18:38.414 No connection to sync server.
14:19:38.424 No connection to sync server.
14:20:38.441 No connection to sync server.
14:21:38.456 No connection to sync server.
14:22:38.480 No connection to sync server.
14:23:38.478 No connection to sync server.
14:24:38.507 No connection to sync server.
14:25:38.507 No connection to sync server.
14:26:38.541 No connection to sync server.
14:27:38.542 No connection to sync server.
14:28:38.567 No connection to sync server.
14:29:38.564 No connection to sync server.
14:30:38.588 No connection to sync server.
14:31:38.598 No connection to sync server.
14:32:38.614 No connection to sync server.
14:33:38.628 No connection to sync server.
14:34:38.647 No connection to sync server.
14:35:38.651 No connection to sync server.
14:36:38.690 No connection to sync server.
14:37:38.696 No connection to sync server.
14:38:38.706 No connection to sync server.
14:39:38.726 No connection to sync server.
14:40:38.743 No connection to sync server.
14:41:38.740 No connection to sync server.
14:42:38.773 No connection to sync server.
14:43:38.766 No connection to sync server.
14:44:38.788 No connection to sync server.
14:45:38.816 No connection to sync server.
14:46:38.829 No connection to sync server.
14:47:38.820 No connection to sync server.
14:48:38.846 No connection to sync server.
14:49:38.861 No connection to sync server.
14:50:38.869 No connection to sync server.
14:51:38.888 No connection to sync server.
14:52:38.900 No connection to sync server.
14:53:38.914 No connection to sync server.
14:54:38.925 No connection to sync server.
14:55:38.949 No connection to sync server.
14:56:39.175 No connection to sync server.
14:57:38.968 No connection to sync server.
14:58:38.972 No connection to sync server.
14:59:39.012 No connection to sync server.
15:00:39.001 No connection to sync server.
15:01:39.026 No connection to sync server.
15:02:39.039 No connection to sync server.
15:03:39.060 No connection to sync server.
15:04:39.058 No connection to sync server.
15:05:39.092 No connection to sync server.
15:06:39.094 No connection to sync server.
15:07:39.129 No connection to sync server.
15:08:39.123 No connection to sync server.
15:09:39.134 No connection to sync server.
15:10:39.155 No connection to sync server.
15:11:39.170 No connection to sync server.
15:12:39.174 No connection to sync server.
15:13:39.213 No connection to sync server.
15:14:39.211 No connection to sync server.
15:15:39.227 No connection to sync server.
15:16:39.236 No connection to sync server.
15:17:07.085 Table counts: notes: 308, revisions: 122, attachments: 64, branches: 311, attributes: 457, etapi_tokens: 0, blobs: 333
15:17:07.112 All consistency checks passed with no errors detected (took 28ms)
15:17:39.254 No connection to sync server.
15:18:39.268 No connection to sync server.
15:19:39.287 No connection to sync server.
15:20:39.292 No connection to sync server.
15:21:39.321 No connection to sync server.
15:22:39.320 No connection to sync server.
15:23:39.338 No connection to sync server.
15:24:39.355 No connection to sync server.
15:25:39.374 No connection to sync server.
15:26:39.378 No connection to sync server.
15:27:39.410 No connection to sync server.
15:28:39.417 No connection to sync server.
15:29:39.417 No connection to sync server.
15:30:39.758 No connection to sync server.
15:31:39.451 No connection to sync server.
15:32:39.449 No connection to sync server.
15:33:39.466 No connection to sync server.
15:34:39.484 No connection to sync server.
15:35:39.488 No connection to sync server.
15:36:39.483 No connection to sync server.
15:37:39.503 No connection to sync server.
15:38:39.511 No connection to sync server.
15:39:39.540 No connection to sync server.
15:40:39.556 No connection to sync server.
15:41:39.554 No connection to sync server.
15:42:39.556 No connection to sync server.
15:43:39.649 No connection to sync server.
15:44:39.593 No connection to sync server.
15:45:39.612 No connection to sync server.
15:46:39.608 No connection to sync server.
15:47:39.633 No connection to sync server.
15:48:39.653 No connection to sync server.
15:49:39.645 No connection to sync server.
15:50:39.648 No connection to sync server.
15:51:39.659 No connection to sync server.
15:52:39.680 No connection to sync server.
15:53:39.699 No connection to sync server.
15:54:39.701 No connection to sync server.
15:55:39.731 No connection to sync server.
15:56:39.915 No connection to sync server.
15:57:39.761 No connection to sync server.
15:58:39.759 No connection to sync server.
15:59:39.781 No connection to sync server.
16:00:39.777 No connection to sync server.
16:01:39.802 No connection to sync server.
16:02:39.804 No connection to sync server.
16:03:39.834 No connection to sync server.
16:04:39.835 No connection to sync server.
16:05:39.863 No connection to sync server.
16:06:39.861 No connection to sync server.
16:07:39.882 No connection to sync server.
16:08:39.892 No connection to sync server.
16:09:39.913 No connection to sync server.
16:10:39.914 No connection to sync server.
16:11:39.934 No connection to sync server.
16:12:39.949 No connection to sync server.
16:13:39.963 No connection to sync server.
16:14:39.973 No connection to sync server.
16:15:40.000 No connection to sync server.
16:16:39.994 No connection to sync server.
16:17:06.665 Optimizing database
16:17:06.667 Optimization finished in 1ms.
16:17:07.086 Table counts: notes: 308, revisions: 122, attachments: 64, branches: 311, attributes: 457, etapi_tokens: 0, blobs: 333
16:17:07.116 All consistency checks passed with no errors detected (took 31ms)
16:17:40.031 No connection to sync server.
16:18:40.026 No connection to sync server.
16:19:40.058 No connection to sync server.
16:20:40.063 No connection to sync server.
16:21:40.082 No connection to sync server.
16:22:40.096 No connection to sync server.
16:23:40.103 No connection to sync server.
16:24:40.114 No connection to sync server.
16:25:40.115 No connection to sync server.
16:26:40.148 No connection to sync server.
16:27:40.157 No connection to sync server.
16:28:40.171 No connection to sync server.
16:29:40.182 No connection to sync server.
16:30:40.177 No connection to sync server.
16:31:40.216 No connection to sync server.
16:32:40.199 No connection to sync server.
16:33:40.220 No connection to sync server.
16:34:40.235 No connection to sync server.
16:35:40.257 No connection to sync server.
16:36:40.259 No connection to sync server.
16:37:40.261 No connection to sync server.
16:38:40.274 No connection to sync server.
16:39:40.286 No connection to sync server.
16:40:40.298 No connection to sync server.
16:41:40.414 No connection to sync server.
16:42:40.333 No connection to sync server.
16:43:40.346 No connection to sync server.
16:44:40.366 No connection to sync server.
16:45:40.368 No connection to sync server.
16:46:40.385 No connection to sync server.
16:47:40.391 No connection to sync server.
16:48:40.427 No connection to sync server.
16:49:40.420 No connection to sync server.
16:50:40.447 No connection to sync server.
16:51:40.458 No connection to sync server.
16:52:40.465 No connection to sync server.
16:53:40.489 No connection to sync server.
16:54:40.484 No connection to sync server.
16:55:40.495 No connection to sync server.
16:56:40.521 No connection to sync server.
16:57:40.528 No connection to sync server.
16:58:40.538 No connection to sync server.
16:59:40.545 No connection to sync server.
17:00:40.548 No connection to sync server.
17:01:40.582 No connection to sync server.
17:02:41.863 No connection to sync server.
17:03:40.610 No connection to sync server.
17:04:40.620 No connection to sync server.
17:05:40.631 No connection to sync server.
17:06:40.642 No connection to sync server.
17:07:40.669 No connection to sync server.
17:08:40.687 No connection to sync server.
17:09:40.691 No connection to sync server.
17:10:40.694 No connection to sync server.
17:11:40.726 No connection to sync server.
17:12:40.723 No connection to sync server.
17:13:40.739 No connection to sync server.
17:14:40.756 No connection to sync server.
17:15:40.772 No connection to sync server.
17:16:40.775 No connection to sync server.
17:17:07.087 Table counts: notes: 308, revisions: 122, attachments: 64, branches: 311, attributes: 457, etapi_tokens: 0, blobs: 333
17:17:07.105 All consistency checks passed with no errors detected (took 18ms)
17:17:40.801 No connection to sync server.
17:18:40.809 No connection to sync server.
17:19:40.824 No connection to sync server.
17:20:40.820 No connection to sync server.
17:21:40.851 No connection to sync server.
17:22:40.855 No connection to sync server.
17:23:40.879 No connection to sync server.
17:24:40.879 No connection to sync server.
17:25:40.899 No connection to sync server.
17:26:40.907 No connection to sync server.
17:27:40.923 No connection to sync server.
17:28:40.940 No connection to sync server.
17:29:40.948 No connection to sync server.
17:30:40.971 No connection to sync server.
17:31:40.976 No connection to sync server.
17:32:40.984 No connection to sync server.
17:33:40.992 No connection to sync server.
17:34:41.000 No connection to sync server.
17:35:41.029 No connection to sync server.
17:36:41.034 No connection to sync server.
17:37:41.041 No connection to sync server.
17:38:41.128 No connection to sync server.
17:39:41.061 No connection to sync server.
17:40:41.081 No connection to sync server.
17:41:41.086 No connection to sync server.
17:42:41.094 No connection to sync server.
17:43:41.111 No connection to sync server.
17:44:41.119 No connection to sync server.
17:45:41.124 No connection to sync server.
17:46:41.151 No connection to sync server.
17:47:41.159 No connection to sync server.
17:48:41.190 No connection to sync server.
17:49:41.175 No connection to sync server.
17:50:41.196 No connection to sync server.
17:51:41.196 No connection to sync server.
17:52:41.206 No connection to sync server.
17:53:41.231 No connection to sync server.
17:54:41.226 No connection to sync server.
17:55:41.236 No connection to sync server.
17:56:41.265 No connection to sync server.
17:57:41.265 No connection to sync server.
17:58:41.286 No connection to sync server.
17:59:41.286 No connection to sync server.
18:00:41.324 No connection to sync server.
18:01:41.324 No connection to sync server.
18:02:41.337 No connection to sync server.
18:03:41.342 No connection to sync server.
18:04:41.364 No connection to sync server.
18:05:41.374 No connection to sync server.
18:06:41.389 No connection to sync server.
18:07:41.393 No connection to sync server.
18:08:41.414 No connection to sync server.
18:09:41.417 No connection to sync server.
18:10:41.425 No connection to sync server.
18:11:41.448 No connection to sync server.
18:12:41.456 No connection to sync server.
18:13:41.474 No connection to sync server.
18:14:41.457 No connection to sync server.
18:15:41.492 No connection to sync server.
18:16:41.488 No connection to sync server.
18:17:07.087 Table counts: notes: 308, revisions: 122, attachments: 64, branches: 311, attributes: 457, etapi_tokens: 0, blobs: 333
18:17:07.101 All consistency checks passed with no errors detected (took 14ms)
18:17:41.513 No connection to sync server.
18:18:41.522 No connection to sync server.
18:19:41.549 No connection to sync server.
18:20:41.539 No connection to sync server.
18:21:41.564 No connection to sync server.
18:22:41.577 No connection to sync server.
18:23:41.587 No connection to sync server.
18:24:41.602 No connection to sync server.
18:25:41.616 No connection to sync server.
18:26:41.627 No connection to sync server.
18:27:41.635 No connection to sync server.
18:28:41.652 No connection to sync server.
18:29:41.666 No connection to sync server.
18:30:41.672 No connection to sync server.
18:31:41.694 No connection to sync server.
18:32:41.703 No connection to sync server.
18:33:41.721 No connection to sync server.
18:34:41.728 No connection to sync server.
18:35:41.730 No connection to sync server.
18:36:41.756 No connection to sync server.
18:37:41.770 No connection to sync server.
18:38:41.794 No connection to sync server.
18:39:41.797 No connection to sync server.
18:40:41.802 No connection to sync server.
18:41:41.816 No connection to sync server.
18:42:41.829 No connection to sync server.
18:43:41.842 No connection to sync server.
18:44:41.860 No connection to sync server.
18:45:41.864 No connection to sync server.
18:46:41.882 No connection to sync server.
18:47:41.902 No connection to sync server.
18:48:41.900 No connection to sync server.
18:49:41.918 No connection to sync server.
18:50:41.924 No connection to sync server.
18:51:41.951 No connection to sync server.
18:52:41.951 No connection to sync server.
18:53:41.970 No connection to sync server.
18:54:41.979 No connection to sync server.
18:55:41.995 No connection to sync server.
18:56:41.998 No connection to sync server.
18:57:42.003 No connection to sync server.
18:58:42.014 No connection to sync server.
18:59:42.023 No connection to sync server.
19:00:42.052 No connection to sync server.
19:01:42.047 No connection to sync server.
19:02:42.068 No connection to sync server.
19:03:42.085 No connection to sync server.
19:04:42.092 No connection to sync server.
19:05:42.104 No connection to sync server.
19:06:42.117 No connection to sync server.
19:07:42.150 No connection to sync server.
19:08:42.136 No connection to sync server.
19:09:42.154 No connection to sync server.
19:10:42.154 No connection to sync server.
19:11:42.185 No connection to sync server.
19:12:42.180 No connection to sync server.
19:13:42.207 No connection to sync server.
19:14:42.210 No connection to sync server.
19:15:42.206 No connection to sync server.
19:16:42.213 No connection to sync server.
19:17:07.089 Table counts: notes: 308, revisions: 122, attachments: 64, branches: 311, attributes: 457, etapi_tokens: 0, blobs: 333
19:17:07.108 All consistency checks passed with no errors detected (took 18ms)
19:17:42.244 No connection to sync server.
19:18:42.231 No connection to sync server.
19:19:42.262 No connection to sync server.
19:20:42.267 No connection to sync server.
19:21:42.284 No connection to sync server.
19:22:42.304 No connection to sync server.
19:23:42.299 No connection to sync server.
19:24:42.313 No connection to sync server.
19:25:42.325 No connection to sync server.
19:26:42.336 No connection to sync server.
19:27:42.372 No connection to sync server.
19:28:42.362 No connection to sync server.
19:29:42.382 No connection to sync server.
19:30:42.386 No connection to sync server.
19:31:42.415 No connection to sync server.
19:32:42.408 No connection to sync server.
19:33:42.426 No connection to sync server.
19:34:42.431 No connection to sync server.
19:35:42.452 No connection to sync server.
19:36:42.461 No connection to sync server.
19:37:42.494 No connection to sync server.
19:38:42.483 No connection to sync server.
19:39:42.503 No connection to sync server.
19:40:42.519 No connection to sync server.
19:41:42.533 No connection to sync server.
19:42:42.535 No connection to sync server.
19:43:42.558 No connection to sync server.
19:44:42.561 No connection to sync server.
19:45:42.581 No connection to sync server.
19:46:42.586 No connection to sync server.
19:47:42.613 No connection to sync server.
19:48:42.626 No connection to sync server.
19:49:42.634 No connection to sync server.
19:50:42.657 No connection to sync server.
19:51:42.639 No connection to sync server.
19:52:42.671 No connection to sync server.
19:53:42.671 No connection to sync server.
19:54:42.694 No connection to sync server.
19:55:42.691 No connection to sync server.
19:56:42.707 No connection to sync server.
19:57:42.806 No connection to sync server.
19:58:42.740 No connection to sync server.
19:59:42.737 No connection to sync server.
20:00:42.763 No connection to sync server.
20:01:42.767 No connection to sync server.
20:02:42.780 No connection to sync server.
20:03:42.797 No connection to sync server.
20:04:42.823 No connection to sync server.
20:05:42.818 No connection to sync server.
20:06:42.852 No connection to sync server.
20:07:42.839 No connection to sync server.
20:08:42.874 No connection to sync server.
20:09:42.858 No connection to sync server.
20:10:42.865 No connection to sync server.
20:11:43.038 No connection to sync server.
20:12:42.904 No connection to sync server.
20:13:42.910 No connection to sync server.
20:14:42.922 No connection to sync server.
20:15:42.932 No connection to sync server.
20:16:42.946 No connection to sync server.
20:17:07.091 Table counts: notes: 308, revisions: 122, attachments: 64, branches: 311, attributes: 457, etapi_tokens: 0, blobs: 333
20:17:07.108 All consistency checks passed with no errors detected (took 18ms)
20:17:42.953 No connection to sync server.
20:18:42.967 No connection to sync server.
20:19:42.976 No connection to sync server.
20:20:42.999 No connection to sync server.
20:21:43.000 No connection to sync server.
20:22:43.015 No connection to sync server.
20:23:43.017 No connection to sync server.
20:24:43.037 No connection to sync server.
20:25:43.041 No connection to sync server.
20:26:43.042 No connection to sync server.
20:27:43.069 No connection to sync server.
20:28:43.071 No connection to sync server.
20:29:43.081 No connection to sync server.
20:30:43.096 No connection to sync server.
20:31:43.107 No connection to sync server.
20:32:43.115 No connection to sync server.
20:33:43.129 No connection to sync server.
20:34:43.220 No connection to sync server.
20:35:43.143 No connection to sync server.
20:36:43.167 No connection to sync server.
20:37:43.172 No connection to sync server.
20:38:43.186 No connection to sync server.
20:39:43.204 No connection to sync server.
20:40:43.205 No connection to sync server.
20:41:43.218 No connection to sync server.
20:42:43.223 No connection to sync server.
20:43:43.221 No connection to sync server.
20:44:43.250 No connection to sync server.
20:45:43.241 No connection to sync server.
20:46:43.265 No connection to sync server.
20:47:43.269 No connection to sync server.
20:48:43.285 No connection to sync server.
20:49:43.288 No connection to sync server.
20:50:43.309 No connection to sync server.
20:51:43.349 No connection to sync server.
20:52:43.328 No connection to sync server.
20:53:43.340 No connection to sync server.
20:54:43.361 No connection to sync server.
20:55:43.366 No connection to sync server.
20:56:43.370 No connection to sync server.
20:57:43.388 No connection to sync server.
20:58:43.390 No connection to sync server.
20:59:43.412 No connection to sync server.
21:00:43.416 No connection to sync server.
21:01:43.440 No connection to sync server.
21:02:43.450 No connection to sync server.
21:03:43.451 No connection to sync server.
21:04:43.458 No connection to sync server.
21:05:43.471 No connection to sync server.
21:06:43.487 No connection to sync server.
21:07:43.487 No connection to sync server.
21:08:43.511 No connection to sync server.
21:09:43.710 No connection to sync server.
21:10:43.527 No connection to sync server.
21:11:43.540 No connection to sync server.
21:12:43.557 No connection to sync server.
21:13:43.555 No connection to sync server.
21:14:43.576 No connection to sync server.
21:15:43.586 No connection to sync server.
21:16:43.600 No connection to sync server.
21:17:07.092 Table counts: notes: 308, revisions: 122, attachments: 64, branches: 311, attributes: 457, etapi_tokens: 0, blobs: 333
21:17:07.110 All consistency checks passed with no errors detected (took 18ms)
21:17:43.605 No connection to sync server.
21:18:43.629 No connection to sync server.
21:19:43.625 No connection to sync server.
21:20:43.645 No connection to sync server.
21:21:43.655 No connection to sync server.
21:22:43.670 No connection to sync server.
21:23:43.671 No connection to sync server.
21:24:43.986 No connection to sync server.
21:25:43.692 No connection to sync server.
21:26:43.698 No connection to sync server.
21:27:43.709 No connection to sync server.
21:28:43.786 No connection to sync server.
21:29:43.745 No connection to sync server.
21:30:43.738 No connection to sync server.
21:31:43.769 No connection to sync server.
21:32:43.761 No connection to sync server.
21:33:43.770 No connection to sync server.
21:34:43.794 No connection to sync server.
21:35:43.796 No connection to sync server.
21:36:43.801 No connection to sync server.
21:37:43.813 No connection to sync server.
21:38:43.837 No connection to sync server.
21:39:43.850 No connection to sync server.
21:40:43.860 No connection to sync server.
21:41:43.856 No connection to sync server.
21:42:43.881 No connection to sync server.
21:43:43.889 No connection to sync server.
21:44:43.884 No connection to sync server.
21:45:43.910 No connection to sync server.
21:46:43.907 No connection to sync server.
21:47:43.932 No connection to sync server.
21:48:43.949 No connection to sync server.
21:49:43.934 No connection to sync server.
21:50:43.952 No connection to sync server.
21:51:43.947 No connection to sync server.
21:52:43.961 No connection to sync server.
21:53:43.974 No connection to sync server.
21:54:43.985 No connection to sync server.
21:55:43.989 No connection to sync server.
21:56:43.996 No connection to sync server.
21:57:44.021 No connection to sync server.
21:58:44.014 No connection to sync server.
21:59:44.053 No connection to sync server.
22:00:44.043 No connection to sync server.
22:01:44.061 No connection to sync server.
22:02:44.059 No connection to sync server.
22:03:44.076 No connection to sync server.
22:04:44.071 No connection to sync server.
22:05:44.078 No connection to sync server.
22:06:44.081 No connection to sync server.
22:07:44.098 No connection to sync server.
22:08:44.098 No connection to sync server.
22:09:44.120 No connection to sync server.
22:10:44.123 No connection to sync server.
22:11:44.138 No connection to sync server.
22:12:44.140 No connection to sync server.
22:13:44.150 No connection to sync server.
22:14:44.162 No connection to sync server.
22:15:44.176 No connection to sync server.
22:16:44.169 No connection to sync server.
22:17:07.092 Table counts: notes: 308, revisions: 122, attachments: 64, branches: 311, attributes: 457, etapi_tokens: 0, blobs: 333
22:17:07.115 All consistency checks passed with no errors detected (took 22ms)
22:17:44.171 No connection to sync server.
22:18:44.269 No connection to sync server.
22:19:44.184 No connection to sync server.
22:20:44.216 No connection to sync server.
22:21:45.233 No connection to sync server.
22:22:49.249 No connection to sync server.
22:23:47.275 No connection to sync server.
22:24:45.261 No connection to sync server.
22:25:44.238 No connection to sync server.
22:26:44.250 No connection to sync server.
22:27:45.294 No connection to sync server.
22:28:49.261 No connection to sync server.
22:29:45.286 No connection to sync server.
22:30:44.294 No connection to sync server.
22:31:45.315 No connection to sync server.
22:32:44.302 No connection to sync server.
22:33:47.340 No connection to sync server.
22:34:44.318 No connection to sync server.
22:35:44.311 No connection to sync server.
22:36:49.342 No connection to sync server.
22:37:44.339 No connection to sync server.
22:38:44.353 No connection to sync server.
22:39:45.381 No connection to sync server.
22:40:44.363 No connection to sync server.
22:41:49.380 No connection to sync server.
22:42:44.399 No connection to sync server.
22:43:49.395 No connection to sync server.
22:44:54.377 Sync failed: 'Request to GET https://trilium.l2.bb1a.cn:8082/api/setup/status failed, error: Error: getaddrinfo ENOTFOUND trilium.l2.bb1a.cn', stack: Error: Request to GET https://trilium.l2.bb1a.cn:8082/api/setup/status failed, error: Error: getaddrinfo ENOTFOUND trilium.l2.bb1a.cn
    at generateError (/root/software/trilium-chinese/trilium-linux-x64-server/src/services/request.js:207:12)
    at ClientRequest.<anonymous> (/root/software/trilium-chinese/trilium-linux-x64-server/src/services/request.js:58:47)
    at ClientRequest.emit (node:events:517:28)
    at TLSSocket.socketErrorListener (node:_http_client:501:9)
    at TLSSocket.emit (node:events:517:28)
    at emitErrorNT (node:internal/streams/destroy:151:8)
    at emitErrorCloseNT (node:internal/streams/destroy:116:3)
    at process.processTicksAndRejections (node:internal/process/task_queues:82:21)
22:45:45.413 No connection to sync server.
22:46:44.427 No connection to sync server.
22:47:45.449 No connection to sync server.
22:48:44.447 No connection to sync server.
22:49:45.486 No connection to sync server.
22:50:44.454 No connection to sync server.
22:51:44.655 No connection to sync server.
22:52:44.485 No connection to sync server.
22:53:44.495 No connection to sync server.
22:54:44.498 No connection to sync server.
22:55:44.520 No connection to sync server.
22:56:44.521 No connection to sync server.
22:57:44.543 No connection to sync server.
22:58:44.542 No connection to sync server.
22:59:44.551 No connection to sync server.
23:00:44.561 No connection to sync server.
23:01:44.573 No connection to sync server.
23:02:44.577 No connection to sync server.
23:03:44.587 No connection to sync server.
23:04:44.601 No connection to sync server.
23:05:44.615 No connection to sync server.
23:06:44.622 No connection to sync server.
23:07:44.622 No connection to sync server.
23:08:44.657 No connection to sync server.
23:09:44.649 No connection to sync server.
23:10:44.670 No connection to sync server.
23:11:44.666 No connection to sync server.
23:12:44.685 No connection to sync server.
23:13:44.688 No connection to sync server.
23:14:44.710 No connection to sync server.
23:15:44.706 No connection to sync server.
23:16:44.719 No connection to sync server.
23:17:07.094 Table counts: notes: 308, revisions: 122, attachments: 64, branches: 311, attributes: 457, etapi_tokens: 0, blobs: 333
23:17:07.113 All consistency checks passed with no errors detected (took 20ms)
23:17:44.734 No connection to sync server.
23:18:44.762 No connection to sync server.
23:19:44.750 No connection to sync server.
23:20:44.767 No connection to sync server.
23:21:44.765 No connection to sync server.
23:22:44.793 No connection to sync server.
23:23:44.795 No connection to sync server.
23:24:44.808 No connection to sync server.
23:25:44.805 No connection to sync server.
23:26:44.824 No connection to sync server.
23:27:44.833 No connection to sync server.
23:28:44.859 No connection to sync server.
23:29:44.856 No connection to sync server.
23:30:44.866 No connection to sync server.
23:31:44.868 No connection to sync server.
23:32:44.883 No connection to sync server.
23:33:44.897 No connection to sync server.
23:34:44.901 No connection to sync server.
23:35:36.141 Error: Router not found for request GET /wiki
23:35:44.903 No connection to sync server.
23:36:44.963 No connection to sync server.
23:37:44.936 No connection to sync server.
23:38:44.940 No connection to sync server.
23:39:44.939 No connection to sync server.
23:40:44.961 No connection to sync server.
23:41:44.968 No connection to sync server.
23:42:44.983 No connection to sync server.
23:43:44.984 No connection to sync server.
23:44:44.999 No connection to sync server.
23:45:45.008 No connection to sync server.
23:46:45.012 No connection to sync server.
23:47:45.017 No connection to sync server.
23:48:45.032 No connection to sync server.
23:49:45.038 No connection to sync server.
23:50:45.051 No connection to sync server.
23:51:45.279 No connection to sync server.
23:52:45.073 No connection to sync server.
23:53:45.077 No connection to sync server.
23:54:45.094 No connection to sync server.
23:55:45.091 No connection to sync server.
23:56:45.109 No connection to sync server.
23:57:45.118 No connection to sync server.
23:58:45.119 No connection to sync server.
23:59:45.145 No connection to sync server.
