00:00:44.077 No connection to sync server.
00:01:44.089 No connection to sync server.
00:02:44.108 No connection to sync server.
00:03:44.124 No connection to sync server.
00:04:44.130 No connection to sync server.
00:05:44.148 No connection to sync server.
00:06:44.152 No connection to sync server.
00:07:44.182 No connection to sync server.
00:08:44.186 No connection to sync server.
00:09:44.209 No connection to sync server.
00:10:44.209 No connection to sync server.
00:11:44.230 No connection to sync server.
00:12:44.231 No connection to sync server.
00:13:44.265 No connection to sync server.
00:14:44.261 No connection to sync server.
00:15:44.289 No connection to sync server.
00:16:44.296 No connection to sync server.
00:17:07.177 Table counts: notes: 308, revisions: 122, attachments: 64, branches: 311, attributes: 457, etapi_tokens: 0, blobs: 333
00:17:07.203 All consistency checks passed with no errors detected (took 27ms)
00:17:44.325 No connection to sync server.
00:18:44.311 No connection to sync server.
00:19:44.348 No connection to sync server.
00:20:44.348 No connection to sync server.
00:21:44.345 No connection to sync server.
00:22:44.366 No connection to sync server.
00:23:44.380 No connection to sync server.
00:24:44.400 No connection to sync server.
00:25:44.400 No connection to sync server.
00:26:44.432 No connection to sync server.
00:27:44.436 No connection to sync server.
00:28:44.448 No connection to sync server.
00:29:44.458 No connection to sync server.
00:30:44.487 No connection to sync server.
00:31:44.488 No connection to sync server.
00:32:44.520 No connection to sync server.
00:33:44.521 No connection to sync server.
00:34:44.536 No connection to sync server.
00:35:44.540 No connection to sync server.
00:36:44.566 No connection to sync server.
00:37:44.577 No connection to sync server.
00:38:44.588 No connection to sync server.
00:39:44.603 No connection to sync server.
00:40:44.619 No connection to sync server.
00:41:44.628 No connection to sync server.
00:42:44.641 No connection to sync server.
00:43:44.664 No connection to sync server.
00:44:44.676 No connection to sync server.
00:45:44.692 No connection to sync server.
00:46:44.704 No connection to sync server.
00:47:44.725 No connection to sync server.
00:48:44.745 No connection to sync server.
00:49:44.747 No connection to sync server.
00:50:44.765 No connection to sync server.
00:51:44.774 No connection to sync server.
00:52:44.795 No connection to sync server.
00:53:44.801 No connection to sync server.
00:54:44.822 No connection to sync server.
00:55:44.830 No connection to sync server.
00:56:44.852 No connection to sync server.
00:57:44.852 No connection to sync server.
00:58:44.868 No connection to sync server.
00:59:44.872 No connection to sync server.
01:00:44.905 No connection to sync server.
01:01:44.906 No connection to sync server.
01:02:44.926 No connection to sync server.
01:03:44.925 No connection to sync server.
01:04:44.951 No connection to sync server.
01:05:44.948 No connection to sync server.
01:06:44.976 No connection to sync server.
01:07:44.974 No connection to sync server.
01:08:44.991 No connection to sync server.
01:09:45.014 No connection to sync server.
01:10:45.010 No connection to sync server.
01:11:45.037 No connection to sync server.
01:12:45.044 No connection to sync server.
01:13:45.056 No connection to sync server.
01:14:45.058 No connection to sync server.
01:15:45.075 No connection to sync server.
01:16:45.086 No connection to sync server.
01:17:07.177 Table counts: notes: 308, revisions: 122, attachments: 64, branches: 311, attributes: 457, etapi_tokens: 0, blobs: 333
01:17:07.193 All consistency checks passed with no errors detected (took 17ms)
01:17:45.112 No connection to sync server.
01:18:45.136 No connection to sync server.
01:19:45.139 No connection to sync server.
01:20:45.147 No connection to sync server.
01:21:45.170 No connection to sync server.
01:22:45.173 No connection to sync server.
01:23:45.186 No connection to sync server.
01:24:45.200 No connection to sync server.
01:25:45.203 No connection to sync server.
01:26:45.234 No connection to sync server.
01:27:45.232 No connection to sync server.
01:28:45.250 No connection to sync server.
01:29:45.268 No connection to sync server.
01:30:45.288 No connection to sync server.
01:31:45.285 No connection to sync server.
01:32:45.313 No connection to sync server.
01:33:45.324 No connection to sync server.
01:34:45.332 No connection to sync server.
01:35:45.346 No connection to sync server.
01:36:45.382 No connection to sync server.
01:37:45.377 No connection to sync server.
01:38:45.394 No connection to sync server.
01:39:45.409 No connection to sync server.
01:40:45.427 No connection to sync server.
01:41:45.422 No connection to sync server.
01:42:45.434 No connection to sync server.
01:43:45.456 No connection to sync server.
01:44:45.447 No connection to sync server.
01:45:45.468 No connection to sync server.
01:46:45.476 No connection to sync server.
01:47:45.503 No connection to sync server.
01:48:45.493 No connection to sync server.
01:49:45.520 No connection to sync server.
01:50:45.518 No connection to sync server.
01:51:45.540 No connection to sync server.
01:52:45.548 No connection to sync server.
01:53:45.551 No connection to sync server.
01:54:45.566 No connection to sync server.
01:55:45.583 No connection to sync server.
01:56:45.604 No connection to sync server.
01:57:45.615 No connection to sync server.
01:58:45.628 No connection to sync server.
01:59:45.636 No connection to sync server.
02:00:45.657 No connection to sync server.
02:01:45.671 No connection to sync server.
02:02:45.678 No connection to sync server.
02:03:45.681 No connection to sync server.
02:04:45.685 No connection to sync server.
02:05:45.709 No connection to sync server.
02:06:45.710 No connection to sync server.
02:07:45.734 No connection to sync server.
02:08:45.736 No connection to sync server.
02:09:45.761 No connection to sync server.
02:10:45.761 No connection to sync server.
02:11:45.764 No connection to sync server.
02:12:45.786 No connection to sync server.
02:13:45.798 No connection to sync server.
02:14:45.802 No connection to sync server.
02:15:45.805 No connection to sync server.
02:16:45.814 No connection to sync server.
02:17:07.178 Table counts: notes: 308, revisions: 122, attachments: 64, branches: 311, attributes: 457, etapi_tokens: 0, blobs: 333
02:17:07.199 All consistency checks passed with no errors detected (took 22ms)
02:17:45.821 No connection to sync server.
02:18:45.842 No connection to sync server.
02:19:45.851 No connection to sync server.
02:20:45.878 No connection to sync server.
02:21:45.876 No connection to sync server.
02:22:45.884 No connection to sync server.
02:23:45.892 No connection to sync server.
02:24:45.903 No connection to sync server.
02:25:45.925 No connection to sync server.
02:26:45.922 No connection to sync server.
02:27:45.958 No connection to sync server.
02:28:45.958 No connection to sync server.
02:29:45.968 No connection to sync server.
02:30:45.983 No connection to sync server.
02:31:46.006 No connection to sync server.
02:32:46.018 No connection to sync server.
02:33:46.028 No connection to sync server.
02:34:46.057 No connection to sync server.
02:35:46.046 No connection to sync server.
02:36:46.058 No connection to sync server.
02:37:46.060 No connection to sync server.
02:38:46.097 No connection to sync server.
02:39:46.089 No connection to sync server.
02:40:46.108 No connection to sync server.
02:41:46.114 No connection to sync server.
02:42:46.146 No connection to sync server.
02:43:46.146 No connection to sync server.
02:44:46.163 No connection to sync server.
02:45:46.170 No connection to sync server.
02:46:46.188 No connection to sync server.
02:47:46.192 No connection to sync server.
02:48:46.204 No connection to sync server.
02:49:46.214 No connection to sync server.
02:50:46.215 No connection to sync server.
02:51:46.273 No connection to sync server.
02:52:46.242 No connection to sync server.
02:53:46.266 No connection to sync server.
02:54:46.279 No connection to sync server.
02:55:46.294 No connection to sync server.
02:56:46.300 No connection to sync server.
02:57:46.316 No connection to sync server.
02:58:46.323 No connection to sync server.
02:59:46.332 No connection to sync server.
03:00:46.346 No connection to sync server.
03:01:46.342 No connection to sync server.
03:02:46.370 No connection to sync server.
03:03:46.366 No connection to sync server.
03:04:46.389 No connection to sync server.
03:05:46.399 No connection to sync server.
03:06:46.441 No connection to sync server.
03:07:46.421 No connection to sync server.
03:08:46.452 No connection to sync server.
03:09:46.462 No connection to sync server.
03:10:46.469 No connection to sync server.
03:11:46.486 No connection to sync server.
03:12:46.496 No connection to sync server.
03:13:46.512 No connection to sync server.
03:14:46.509 No connection to sync server.
03:15:46.530 No connection to sync server.
03:16:46.535 No connection to sync server.
03:17:07.178 Table counts: notes: 308, revisions: 122, attachments: 64, branches: 311, attributes: 457, etapi_tokens: 0, blobs: 333
03:17:07.204 All consistency checks passed with no errors detected (took 27ms)
03:17:46.546 No connection to sync server.
03:18:46.569 No connection to sync server.
03:19:46.568 No connection to sync server.
03:20:46.584 No connection to sync server.
03:21:46.579 No connection to sync server.
03:22:46.588 No connection to sync server.
03:23:46.613 No connection to sync server.
03:24:46.618 No connection to sync server.
03:25:46.637 No connection to sync server.
03:26:46.640 No connection to sync server.
03:27:46.645 No connection to sync server.
03:28:46.680 No connection to sync server.
03:29:46.665 No connection to sync server.
03:30:46.678 No connection to sync server.
03:31:46.700 No connection to sync server.
03:32:46.723 No connection to sync server.
03:33:46.740 No connection to sync server.
03:34:46.730 No connection to sync server.
03:35:46.751 No connection to sync server.
03:36:46.758 No connection to sync server.
03:37:46.765 No connection to sync server.
03:38:46.785 No connection to sync server.
03:39:46.804 No connection to sync server.
03:40:46.803 No connection to sync server.
03:41:46.825 No connection to sync server.
03:42:46.831 No connection to sync server.
03:43:46.850 No connection to sync server.
03:44:46.861 No connection to sync server.
03:45:46.874 No connection to sync server.
03:46:46.881 No connection to sync server.
03:47:46.906 No connection to sync server.
03:48:46.903 No connection to sync server.
03:49:46.922 No connection to sync server.
03:50:46.923 No connection to sync server.
03:51:46.940 No connection to sync server.
03:52:46.949 No connection to sync server.
03:53:46.966 No connection to sync server.
03:54:46.971 No connection to sync server.
03:55:46.993 No connection to sync server.
03:56:46.982 No connection to sync server.
03:57:47.016 No connection to sync server.
03:58:47.019 No connection to sync server.
03:59:47.038 No connection to sync server.
04:00:47.045 No connection to sync server.
04:01:47.070 No connection to sync server.
04:02:47.061 No connection to sync server.
04:03:47.075 No connection to sync server.
04:04:47.083 No connection to sync server.
04:05:47.102 No connection to sync server.
04:06:47.104 No connection to sync server.
04:07:47.128 No connection to sync server.
04:08:47.129 No connection to sync server.
04:09:47.149 No connection to sync server.
04:10:47.161 No connection to sync server.
04:11:47.183 No connection to sync server.
04:12:47.191 No connection to sync server.
04:13:47.226 No connection to sync server.
04:14:47.222 No connection to sync server.
04:15:47.217 No connection to sync server.
04:16:47.228 No connection to sync server.
04:17:07.179 Table counts: notes: 308, revisions: 122, attachments: 64, branches: 311, attributes: 457, etapi_tokens: 0, blobs: 333
04:17:07.199 All consistency checks passed with no errors detected (took 21ms)
04:18:02.556 No connection to sync server.
04:18:47.278 No connection to sync server.
04:19:47.286 No connection to sync server.
04:20:47.308 No connection to sync server.
04:21:47.314 No connection to sync server.
04:22:47.330 No connection to sync server.
04:23:47.343 No connection to sync server.
04:24:47.351 No connection to sync server.
04:25:47.365 No connection to sync server.
04:26:47.378 No connection to sync server.
04:27:47.410 No connection to sync server.
04:28:47.407 No connection to sync server.
04:29:47.411 No connection to sync server.
04:30:47.418 No connection to sync server.
04:31:47.442 No connection to sync server.
04:32:47.453 No connection to sync server.
04:33:47.470 No connection to sync server.
04:34:47.466 No connection to sync server.
04:35:47.478 No connection to sync server.
04:36:47.493 No connection to sync server.
04:37:47.498 No connection to sync server.
04:38:47.495 No connection to sync server.
04:39:47.524 No connection to sync server.
04:40:47.530 No connection to sync server.
04:41:47.550 No connection to sync server.
04:42:47.550 No connection to sync server.
04:43:47.560 No connection to sync server.
04:44:47.589 No connection to sync server.
04:45:47.594 No connection to sync server.
04:46:47.594 No connection to sync server.
04:47:47.603 No connection to sync server.
04:48:47.615 No connection to sync server.
04:49:47.621 No connection to sync server.
04:50:47.639 No connection to sync server.
04:51:47.650 No connection to sync server.
04:54:47.605 Sync failed: 'Process exceeded time limit 120000', stack: Error: Process exceeded time limit 120000
    at Object.timeLimit (/root/software/trilium-chinese/trilium-linux-x64-server/src/services/utils.js:250:19)
    at requestToSyncServer (/root/software/trilium-chinese/trilium-linux-x64-server/src/services/setup.js:49:24)
    at Object.hasSyncServerSchemaAndSeed (/root/software/trilium-chinese/trilium-linux-x64-server/src/services/setup.js:12:28)
    at login (/root/software/trilium-chinese/trilium-linux-x64-server/src/services/sync.js:89:29)
    at /root/software/trilium-chinese/trilium-linux-x64-server/src/services/sync.js:35:43
    at Object.doExclusively (/root/software/trilium-chinese/trilium-linux-x64-server/src/services/sync_mutex.js:13:22)
    at async sync (/root/software/trilium-chinese/trilium-linux-x64-server/src/services/sync.js:27:16)
04:54:47.688 No connection to sync server.
04:54:47.770 No connection to sync server.
04:55:47.702 No connection to sync server.
04:56:47.705 No connection to sync server.
04:57:47.732 No connection to sync server.
04:58:47.740 No connection to sync server.
04:59:47.743 No connection to sync server.
05:00:47.748 No connection to sync server.
05:01:47.754 No connection to sync server.
05:02:47.771 No connection to sync server.
05:03:47.793 No connection to sync server.
05:04:47.785 No connection to sync server.
05:05:47.818 No connection to sync server.
05:06:47.807 No connection to sync server.
05:07:47.820 No connection to sync server.
05:08:47.824 No connection to sync server.
05:09:47.828 No connection to sync server.
05:10:47.830 No connection to sync server.
05:11:47.837 No connection to sync server.
05:12:47.850 No connection to sync server.
05:13:47.864 No connection to sync server.
05:14:47.869 No connection to sync server.
05:15:47.890 No connection to sync server.
05:16:47.890 No connection to sync server.
05:17:07.180 Table counts: notes: 308, revisions: 122, attachments: 64, branches: 311, attributes: 457, etapi_tokens: 0, blobs: 333
05:17:07.200 All consistency checks passed with no errors detected (took 21ms)
05:17:47.915 No connection to sync server.
05:18:47.926 No connection to sync server.
05:19:47.943 No connection to sync server.
05:20:47.937 No connection to sync server.
05:21:47.949 No connection to sync server.
05:22:47.969 No connection to sync server.
05:23:47.987 No connection to sync server.
05:24:47.981 No connection to sync server.
05:25:47.998 No connection to sync server.
05:26:48.018 No connection to sync server.
05:27:48.026 No connection to sync server.
05:28:48.033 No connection to sync server.
05:29:48.052 No connection to sync server.
05:30:48.050 No connection to sync server.
05:31:48.057 No connection to sync server.
05:32:48.083 No connection to sync server.
05:33:48.076 No connection to sync server.
05:34:48.108 No connection to sync server.
05:35:48.109 No connection to sync server.
05:36:48.116 No connection to sync server.
05:37:48.118 No connection to sync server.
05:38:48.144 No connection to sync server.
05:39:48.144 No connection to sync server.
05:40:48.162 No connection to sync server.
05:41:48.165 No connection to sync server.
05:42:48.186 No connection to sync server.
05:43:48.186 No connection to sync server.
05:44:48.198 No connection to sync server.
05:45:48.205 No connection to sync server.
05:46:48.225 No connection to sync server.
05:47:48.223 No connection to sync server.
05:48:48.252 No connection to sync server.
05:49:48.248 No connection to sync server.
05:50:48.260 No connection to sync server.
05:51:48.269 No connection to sync server.
05:52:48.286 No connection to sync server.
05:53:48.288 No connection to sync server.
05:54:48.311 No connection to sync server.
05:55:48.318 No connection to sync server.
05:56:48.338 No connection to sync server.
05:57:48.325 No connection to sync server.
05:58:48.349 No connection to sync server.
05:59:48.352 No connection to sync server.
06:00:48.372 No connection to sync server.
06:01:48.380 No connection to sync server.
06:02:48.397 No connection to sync server.
06:03:48.400 No connection to sync server.
06:04:48.428 No connection to sync server.
06:05:48.413 No connection to sync server.
06:06:48.441 No connection to sync server.
06:07:48.443 No connection to sync server.
06:08:48.460 No connection to sync server.
06:09:48.466 No connection to sync server.
06:10:48.480 No connection to sync server.
06:11:48.493 No connection to sync server.
06:12:48.505 No connection to sync server.
06:13:48.509 No connection to sync server.
06:14:48.535 No connection to sync server.
06:15:48.533 No connection to sync server.
06:16:48.553 No connection to sync server.
06:17:06.700 Optimizing database
06:17:06.702 Optimization finished in 1ms.
06:17:07.182 Table counts: notes: 308, revisions: 122, attachments: 64, branches: 311, attributes: 457, etapi_tokens: 0, blobs: 333
06:17:07.214 All consistency checks passed with no errors detected (took 33ms)
06:17:48.554 No connection to sync server.
06:18:48.576 No connection to sync server.
06:19:48.582 No connection to sync server.
06:20:48.600 No connection to sync server.
06:21:48.604 No connection to sync server.
06:22:48.615 No connection to sync server.
06:23:48.622 No connection to sync server.
06:24:48.633 No connection to sync server.
06:25:48.634 No connection to sync server.
06:26:48.656 No connection to sync server.
06:27:48.665 No connection to sync server.
06:28:48.676 No connection to sync server.
06:29:48.682 No connection to sync server.
06:30:48.703 No connection to sync server.
06:31:48.703 No connection to sync server.
06:32:48.722 No connection to sync server.
06:33:48.742 No connection to sync server.
06:34:48.756 No connection to sync server.
06:35:48.743 No connection to sync server.
06:36:48.758 No connection to sync server.
06:37:48.775 No connection to sync server.
06:38:48.789 No connection to sync server.
06:39:48.791 No connection to sync server.
06:40:48.811 No connection to sync server.
06:41:48.822 No connection to sync server.
06:42:48.834 No connection to sync server.
06:43:48.838 No connection to sync server.
06:44:48.852 No connection to sync server.
06:45:48.860 No connection to sync server.
06:46:48.874 No connection to sync server.
06:47:48.874 No connection to sync server.
06:48:48.898 No connection to sync server.
06:49:48.907 No connection to sync server.
06:50:48.929 No connection to sync server.
06:51:48.928 No connection to sync server.
06:52:48.943 No connection to sync server.
06:53:48.957 No connection to sync server.
06:54:48.962 No connection to sync server.
06:55:48.961 No connection to sync server.
06:56:48.988 No connection to sync server.
06:57:48.989 No connection to sync server.
06:58:49.015 No connection to sync server.
06:59:49.003 No connection to sync server.
07:00:49.008 No connection to sync server.
07:01:49.017 No connection to sync server.
07:02:49.031 No connection to sync server.
07:03:49.038 No connection to sync server.
07:04:49.044 No connection to sync server.
07:05:49.064 No connection to sync server.
07:06:49.069 No connection to sync server.
07:07:49.089 No connection to sync server.
07:08:49.091 No connection to sync server.
07:09:49.115 No connection to sync server.
07:10:49.111 No connection to sync server.
07:11:49.126 No connection to sync server.
07:12:49.142 No connection to sync server.
07:13:49.150 No connection to sync server.
07:14:49.151 No connection to sync server.
07:15:49.169 No connection to sync server.
07:16:49.170 No connection to sync server.
07:17:07.182 Table counts: notes: 308, revisions: 122, attachments: 64, branches: 311, attributes: 457, etapi_tokens: 0, blobs: 333
07:17:07.210 All consistency checks passed with no errors detected (took 28ms)
07:17:49.196 No connection to sync server.
07:18:49.198 No connection to sync server.
07:19:49.197 No connection to sync server.
07:20:49.229 No connection to sync server.
07:21:49.231 No connection to sync server.
07:22:49.236 No connection to sync server.
07:23:49.240 No connection to sync server.
07:24:49.256 No connection to sync server.
07:25:49.261 No connection to sync server.
07:26:49.280 No connection to sync server.
07:27:49.276 No connection to sync server.
07:28:49.310 No connection to sync server.
07:29:49.295 No connection to sync server.
07:30:49.319 No connection to sync server.
07:31:49.327 No connection to sync server.
07:32:49.340 No connection to sync server.
07:33:49.334 No connection to sync server.
07:34:49.357 No connection to sync server.
07:35:49.368 No connection to sync server.
07:36:49.390 No connection to sync server.
07:37:49.386 No connection to sync server.
07:38:49.396 No connection to sync server.
07:39:49.407 No connection to sync server.
07:40:49.417 No connection to sync server.
07:41:49.411 No connection to sync server.
07:42:49.436 No connection to sync server.
07:43:49.439 No connection to sync server.
07:44:49.455 No connection to sync server.
07:45:49.473 No connection to sync server.
07:46:49.476 No connection to sync server.
07:47:49.485 No connection to sync server.
07:48:49.494 No connection to sync server.
07:49:49.502 No connection to sync server.
07:50:49.517 No connection to sync server.
07:51:49.527 No connection to sync server.
07:52:49.530 No connection to sync server.
07:53:49.530 No connection to sync server.
07:54:49.561 No connection to sync server.
07:55:49.564 No connection to sync server.
07:56:49.564 No connection to sync server.
07:57:49.568 No connection to sync server.
07:58:49.588 No connection to sync server.
07:59:49.592 No connection to sync server.
08:00:49.610 No connection to sync server.
08:01:49.609 No connection to sync server.
08:02:49.634 No connection to sync server.
08:03:49.639 No connection to sync server.
08:04:49.641 No connection to sync server.
08:05:49.647 No connection to sync server.
08:06:49.667 No connection to sync server.
08:07:49.671 No connection to sync server.
08:08:49.684 No connection to sync server.
08:09:49.702 No connection to sync server.
08:10:49.714 No connection to sync server.
08:11:49.719 No connection to sync server.
08:12:49.711 No connection to sync server.
08:13:49.730 No connection to sync server.
08:14:49.741 No connection to sync server.
08:15:49.742 No connection to sync server.
08:16:49.758 No connection to sync server.
08:17:07.190 Table counts: notes: 308, revisions: 122, attachments: 64, branches: 311, attributes: 457, etapi_tokens: 0, blobs: 333
08:17:07.210 All consistency checks passed with no errors detected (took 21ms)
08:17:49.771 No connection to sync server.
08:18:49.774 No connection to sync server.
08:19:49.780 No connection to sync server.
08:20:49.793 No connection to sync server.
08:21:49.809 No connection to sync server.
08:22:49.815 No connection to sync server.
08:23:49.829 No connection to sync server.
08:24:49.825 No connection to sync server.
08:25:49.851 No connection to sync server.
08:26:49.864 No connection to sync server.
08:27:49.870 No connection to sync server.
08:28:49.864 No connection to sync server.
08:29:49.883 No connection to sync server.
08:30:49.888 No connection to sync server.
08:31:49.884 No connection to sync server.
08:32:49.907 No connection to sync server.
08:33:49.910 No connection to sync server.
08:34:49.925 No connection to sync server.
08:35:49.925 No connection to sync server.
08:36:49.920 No connection to sync server.
08:37:49.931 No connection to sync server.
08:38:49.939 No connection to sync server.
08:39:49.962 No connection to sync server.
08:40:49.964 No connection to sync server.
08:41:49.976 No connection to sync server.
08:42:49.988 No connection to sync server.
08:43:49.989 No connection to sync server.
08:44:50.007 No connection to sync server.
08:45:50.013 No connection to sync server.
08:46:50.015 No connection to sync server.
08:47:50.038 No connection to sync server.
08:48:50.033 No connection to sync server.
08:49:50.044 No connection to sync server.
08:50:50.045 No connection to sync server.
08:51:50.070 No connection to sync server.
08:52:50.072 No connection to sync server.
08:53:50.071 No connection to sync server.
08:54:50.090 No connection to sync server.
08:55:50.095 No connection to sync server.
08:56:50.110 No connection to sync server.
08:57:50.107 No connection to sync server.
08:58:50.119 No connection to sync server.
08:59:50.133 No connection to sync server.
09:00:50.149 No connection to sync server.
09:01:50.145 No connection to sync server.
09:02:51.246 No connection to sync server.
09:03:50.166 No connection to sync server.
09:04:50.167 No connection to sync server.
09:05:50.165 No connection to sync server.
09:06:50.189 No connection to sync server.
09:07:50.186 No connection to sync server.
09:08:50.185 No connection to sync server.
09:09:50.200 No connection to sync server.
09:10:50.201 No connection to sync server.
09:11:50.220 No connection to sync server.
09:12:50.220 No connection to sync server.
09:13:50.218 No connection to sync server.
09:14:50.231 No connection to sync server.
09:15:50.237 No connection to sync server.
09:16:50.251 No connection to sync server.
09:17:07.184 Table counts: notes: 308, revisions: 122, attachments: 64, branches: 311, attributes: 457, etapi_tokens: 0, blobs: 333
09:17:07.212 All consistency checks passed with no errors detected (took 29ms)
09:17:50.255 No connection to sync server.
09:18:50.260 No connection to sync server.
09:19:50.273 No connection to sync server.
09:20:50.274 No connection to sync server.
09:21:50.281 No connection to sync server.
09:22:50.301 No connection to sync server.
09:23:50.296 No connection to sync server.
09:24:50.305 No connection to sync server.
09:25:50.317 No connection to sync server.
09:26:50.315 No connection to sync server.
09:27:50.329 No connection to sync server.
09:28:50.332 No connection to sync server.
09:29:50.348 No connection to sync server.
09:30:50.346 No connection to sync server.
09:31:50.357 No connection to sync server.
09:32:50.345 No connection to sync server.
09:33:50.361 No connection to sync server.
09:34:50.363 No connection to sync server.
09:35:50.374 No connection to sync server.
09:36:50.374 No connection to sync server.
09:37:50.390 No connection to sync server.
09:38:50.401 No connection to sync server.
09:39:50.401 No connection to sync server.
09:40:50.416 No connection to sync server.
09:41:50.427 No connection to sync server.
09:42:50.423 No connection to sync server.
09:43:50.438 No connection to sync server.
09:44:50.452 No connection to sync server.
09:45:50.454 No connection to sync server.
09:46:50.451 No connection to sync server.
09:47:50.471 No connection to sync server.
09:48:50.473 No connection to sync server.
09:49:50.483 No connection to sync server.
09:50:50.489 No connection to sync server.
09:51:50.516 No connection to sync server.
09:52:50.509 No connection to sync server.
09:53:50.524 No connection to sync server.
09:54:50.525 No connection to sync server.
09:55:50.549 No connection to sync server.
09:56:50.556 No connection to sync server.
09:57:50.544 No connection to sync server.
09:58:50.557 No connection to sync server.
09:59:50.564 No connection to sync server.
10:00:50.574 No connection to sync server.
10:01:50.581 No connection to sync server.
10:02:50.597 No connection to sync server.
10:03:50.604 No connection to sync server.
10:04:50.606 No connection to sync server.
10:05:50.616 No connection to sync server.
10:06:50.625 No connection to sync server.
10:07:50.621 No connection to sync server.
10:08:50.640 No connection to sync server.
10:09:50.652 No connection to sync server.
10:10:50.658 No connection to sync server.
10:11:50.657 No connection to sync server.
10:12:50.662 No connection to sync server.
10:13:50.678 No connection to sync server.
10:14:50.686 No connection to sync server.
10:15:50.696 No connection to sync server.
10:16:50.694 No connection to sync server.
10:17:06.932 Created backup at /root/.local/share/trilium-data/backup/backup-weekly.db
10:17:07.184 Table counts: notes: 308, revisions: 122, attachments: 64, branches: 311, attributes: 457, etapi_tokens: 0, blobs: 333
10:17:07.205 All consistency checks passed with no errors detected (took 21ms)
10:17:50.706 No connection to sync server.
10:18:50.698 No connection to sync server.
10:19:50.719 No connection to sync server.
10:20:50.715 No connection to sync server.
10:21:50.730 No connection to sync server.
10:22:50.733 No connection to sync server.
10:23:50.736 No connection to sync server.
10:24:50.747 No connection to sync server.
10:24:51.011 Error: Router not found for request GET /.git/config
10:25:50.769 No connection to sync server.
10:26:50.760 No connection to sync server.
10:27:50.772 No connection to sync server.
10:28:50.777 No connection to sync server.
10:29:50.795 No connection to sync server.
10:30:50.806 No connection to sync server.
10:31:50.808 No connection to sync server.
10:32:50.807 No connection to sync server.
10:33:50.813 No connection to sync server.
10:34:50.829 No connection to sync server.
10:35:50.837 No connection to sync server.
10:36:50.834 No connection to sync server.
10:37:50.850 No connection to sync server.
10:38:50.855 No connection to sync server.
10:39:50.865 No connection to sync server.
10:40:50.871 No connection to sync server.
10:41:50.885 No connection to sync server.
10:42:50.895 No connection to sync server.
10:43:50.887 No connection to sync server.
10:44:50.905 No connection to sync server.
10:45:50.902 No connection to sync server.
10:46:50.915 No connection to sync server.
10:47:50.920 No connection to sync server.
10:48:50.928 No connection to sync server.
10:49:50.933 No connection to sync server.
10:50:50.947 No connection to sync server.
10:51:50.958 No connection to sync server.
10:52:50.961 No connection to sync server.
10:53:50.959 No connection to sync server.
10:54:50.972 No connection to sync server.
10:55:50.989 No connection to sync server.
10:56:50.988 No connection to sync server.
10:57:50.997 No connection to sync server.
10:58:50.993 No connection to sync server.
10:59:51.012 No connection to sync server.
11:00:51.016 No connection to sync server.
11:01:51.034 No connection to sync server.
11:02:51.035 No connection to sync server.
11:03:51.036 No connection to sync server.
11:04:51.044 No connection to sync server.
11:05:51.044 No connection to sync server.
11:06:51.047 No connection to sync server.
11:07:51.065 No connection to sync server.
11:08:51.067 No connection to sync server.
11:09:51.072 No connection to sync server.
11:10:51.081 No connection to sync server.
11:11:51.091 No connection to sync server.
11:12:51.090 No connection to sync server.
11:13:51.088 No connection to sync server.
11:14:51.105 No connection to sync server.
11:15:51.104 No connection to sync server.
11:16:51.119 No connection to sync server.
11:17:07.186 Table counts: notes: 308, revisions: 122, attachments: 64, branches: 311, attributes: 457, etapi_tokens: 0, blobs: 333
11:17:07.211 All consistency checks passed with no errors detected (took 26ms)
11:17:51.122 No connection to sync server.
11:18:51.131 No connection to sync server.
11:19:51.141 No connection to sync server.
11:20:51.131 No connection to sync server.
11:21:51.152 No connection to sync server.
11:22:51.143 No connection to sync server.
11:23:51.162 No connection to sync server.
11:24:51.172 No connection to sync server.
11:25:51.167 No connection to sync server.
11:26:51.177 No connection to sync server.
11:27:51.193 No connection to sync server.
11:28:51.189 No connection to sync server.
11:29:51.192 No connection to sync server.
11:30:51.207 No connection to sync server.
11:31:51.216 No connection to sync server.
11:32:51.211 No connection to sync server.
11:33:51.247 No connection to sync server.
11:34:51.230 No connection to sync server.
11:35:51.235 No connection to sync server.
11:36:51.249 No connection to sync server.
11:37:51.261 No connection to sync server.
11:38:51.262 No connection to sync server.
11:39:51.261 No connection to sync server.
11:40:51.272 No connection to sync server.
11:41:51.275 No connection to sync server.
11:42:51.281 No connection to sync server.
11:43:51.284 No connection to sync server.
11:44:51.300 No connection to sync server.
11:45:51.296 No connection to sync server.
11:46:51.310 No connection to sync server.
11:47:51.308 No connection to sync server.
11:48:51.319 No connection to sync server.
11:49:51.330 No connection to sync server.
11:50:51.336 No connection to sync server.
11:51:51.332 No connection to sync server.
11:52:51.347 No connection to sync server.
11:53:51.347 No connection to sync server.
11:54:51.356 No connection to sync server.
11:55:51.832 No connection to sync server.
11:56:51.356 No connection to sync server.
11:57:51.365 No connection to sync server.
11:58:51.370 No connection to sync server.
11:59:51.376 No connection to sync server.
12:00:51.383 No connection to sync server.
12:01:51.393 No connection to sync server.
12:02:51.401 No connection to sync server.
12:03:51.403 No connection to sync server.
12:04:51.408 No connection to sync server.
12:05:51.404 No connection to sync server.
12:06:51.417 No connection to sync server.
12:07:51.427 No connection to sync server.
12:08:51.437 No connection to sync server.
12:09:51.429 No connection to sync server.
12:10:51.450 No connection to sync server.
12:11:51.457 No connection to sync server.
12:12:51.559 No connection to sync server.
12:13:51.451 No connection to sync server.
12:14:51.458 No connection to sync server.
12:15:51.507 No connection to sync server.
12:16:51.467 No connection to sync server.
12:17:07.186 Table counts: notes: 308, revisions: 122, attachments: 64, branches: 311, attributes: 457, etapi_tokens: 0, blobs: 333
12:17:07.207 All consistency checks passed with no errors detected (took 21ms)
12:17:51.480 No connection to sync server.
12:18:51.513 No connection to sync server.
12:19:51.495 No connection to sync server.
12:20:51.504 No connection to sync server.
12:21:51.501 No connection to sync server.
12:22:51.506 No connection to sync server.
12:23:51.513 No connection to sync server.
12:24:51.519 No connection to sync server.
12:25:52.506 No connection to sync server.
12:26:51.518 No connection to sync server.
12:27:51.531 No connection to sync server.
12:28:51.540 No connection to sync server.
12:29:51.549 No connection to sync server.
12:30:51.543 No connection to sync server.
12:31:51.560 No connection to sync server.
12:32:51.559 No connection to sync server.
12:33:51.558 No connection to sync server.
12:34:51.564 No connection to sync server.
12:35:51.576 No connection to sync server.
12:36:51.588 No connection to sync server.
12:37:51.583 No connection to sync server.
12:38:51.594 No connection to sync server.
12:39:51.615 No connection to sync server.
12:40:56.604 No connection to sync server.
12:41:51.634 No connection to sync server.
12:42:51.620 No connection to sync server.
12:43:51.616 No connection to sync server.
12:44:51.625 No connection to sync server.
12:45:51.656 No connection to sync server.
12:46:51.733 No connection to sync server.
12:47:52.037 No connection to sync server.
12:48:51.646 No connection to sync server.
12:49:51.646 No connection to sync server.
12:50:51.660 No connection to sync server.
12:51:51.678 No connection to sync server.
12:52:51.660 No connection to sync server.
12:53:51.660 No connection to sync server.
12:54:51.671 No connection to sync server.
12:55:51.676 No connection to sync server.
12:56:51.684 No connection to sync server.
12:57:51.687 No connection to sync server.
12:58:51.691 No connection to sync server.
12:59:51.693 No connection to sync server.
13:00:51.716 No connection to sync server.
13:01:51.710 No connection to sync server.
13:02:51.718 No connection to sync server.
13:03:51.730 No connection to sync server.
13:04:51.725 No connection to sync server.
13:05:51.727 No connection to sync server.
13:06:51.726 No connection to sync server.
13:07:51.730 No connection to sync server.
13:08:51.740 No connection to sync server.
13:09:51.739 No connection to sync server.
13:10:51.760 No connection to sync server.
13:11:51.760 No connection to sync server.
13:12:51.766 No connection to sync server.
13:13:51.775 No connection to sync server.
13:14:53.619 No connection to sync server.
13:15:51.776 No connection to sync server.
13:16:51.776 No connection to sync server.
13:17:07.187 Table counts: notes: 308, revisions: 122, attachments: 64, branches: 311, attributes: 457, etapi_tokens: 0, blobs: 333
13:17:07.212 All consistency checks passed with no errors detected (took 26ms)
13:17:51.790 No connection to sync server.
13:18:51.798 No connection to sync server.
13:19:51.794 No connection to sync server.
13:20:51.789 No connection to sync server.
13:21:53.118 No connection to sync server.
13:22:51.797 No connection to sync server.
13:23:51.870 No connection to sync server.
13:24:51.810 No connection to sync server.
13:25:51.819 No connection to sync server.
13:26:52.534 No connection to sync server.
13:28:12.207 No connection to sync server.
13:28:51.828 No connection to sync server.
13:29:51.829 No connection to sync server.
13:30:51.825 No connection to sync server.
13:31:51.836 No connection to sync server.
13:32:51.844 No connection to sync server.
13:33:51.850 No connection to sync server.
13:34:51.848 No connection to sync server.
13:35:51.849 No connection to sync server.
13:36:51.849 No connection to sync server.
13:37:51.868 No connection to sync server.
13:38:51.862 No connection to sync server.
13:39:51.861 No connection to sync server.
13:40:51.893 No connection to sync server.
13:41:51.876 No connection to sync server.
13:42:51.873 No connection to sync server.
13:43:51.884 No connection to sync server.
13:44:51.896 No connection to sync server.
13:45:51.886 No connection to sync server.
13:46:51.896 No connection to sync server.
13:47:51.904 No connection to sync server.
13:48:51.998 No connection to sync server.
13:49:51.911 No connection to sync server.
13:50:51.915 No connection to sync server.
13:51:51.943 No connection to sync server.
13:52:51.919 No connection to sync server.
13:53:51.924 No connection to sync server.
13:54:51.922 No connection to sync server.
13:55:08.700 Error: Router not found for request GET /a/login
13:55:12.824 Error: Router not found for request GET /adpweb/a/login
13:55:17.868 Error: Router not found for request GET /a
13:55:22.803 Error: Router not found for request GET /f
13:55:27.710 Error: Router not found for request GET /sys/login
13:55:32.687 Error: Router not found for request GET /admin/login
13:55:36.861 Error: Router not found for request GET /admin
13:55:42.126 Error: Router not found for request GET /system
13:55:51.711 Error: Router not found for request GET /login/login
13:55:51.930 No connection to sync server.
13:55:56.710 Error: Router not found for request GET /login_toLogin
13:56:51.932 No connection to sync server.
13:57:51.934 No connection to sync server.
13:58:51.943 No connection to sync server.
13:59:51.956 No connection to sync server.
14:00:51.941 No connection to sync server.
14:01:51.948 No connection to sync server.
14:02:51.961 No connection to sync server.
14:03:52.110 No connection to sync server.
14:04:51.958 No connection to sync server.
14:05:29.909 Error: Router not found for request GET /a/login
14:05:31.935 Error: Router not found for request GET /adpweb/a/login
14:05:33.720 Error: Router not found for request GET /a
14:05:35.696 Error: Router not found for request GET /f
14:05:37.731 Error: Router not found for request GET /sys/login
14:05:40.525 Error: Router not found for request GET /admin/login
14:05:42.708 Error: Router not found for request GET /admin
14:05:44.758 Error: Router not found for request GET /system
14:05:46.736 Error: Router not found for request GET /system/login
14:05:50.699 Error: Router not found for request GET /login/login
14:05:51.962 No connection to sync server.
14:05:52.670 Error: Router not found for request GET /login_toLogin
14:06:51.964 No connection to sync server.
14:07:51.963 No connection to sync server.
14:08:51.969 No connection to sync server.
14:09:51.974 No connection to sync server.
14:10:51.978 No connection to sync server.
14:11:51.974 No connection to sync server.
14:12:51.973 No connection to sync server.
14:13:51.984 No connection to sync server.
14:14:51.989 No connection to sync server.
14:15:51.985 No connection to sync server.
14:16:51.998 No connection to sync server.
14:17:07.187 Table counts: notes: 308, revisions: 122, attachments: 64, branches: 311, attributes: 457, etapi_tokens: 0, blobs: 333
14:17:07.202 All consistency checks passed with no errors detected (took 16ms)
14:17:51.992 No connection to sync server.
14:18:51.999 No connection to sync server.
14:19:52.008 No connection to sync server.
14:20:52.001 No connection to sync server.
14:21:52.021 No connection to sync server.
14:22:52.015 No connection to sync server.
14:23:52.010 No connection to sync server.
14:24:52.026 No connection to sync server.
14:25:52.024 No connection to sync server.
14:26:52.022 No connection to sync server.
14:27:52.032 No connection to sync server.
14:28:52.026 No connection to sync server.
14:29:52.017 No connection to sync server.
14:30:52.029 No connection to sync server.
14:31:52.030 No connection to sync server.
14:32:52.028 No connection to sync server.
14:33:52.039 No connection to sync server.
14:34:52.037 No connection to sync server.
14:35:52.040 No connection to sync server.
14:36:52.055 No connection to sync server.
14:37:52.066 No connection to sync server.
14:38:52.046 No connection to sync server.
14:39:52.049 No connection to sync server.
14:40:52.054 No connection to sync server.
14:41:52.053 No connection to sync server.
14:42:52.059 No connection to sync server.
14:43:52.058 No connection to sync server.
14:44:52.054 No connection to sync server.
14:45:52.054 No connection to sync server.
14:46:52.064 No connection to sync server.
14:47:52.064 No connection to sync server.
14:48:52.067 No connection to sync server.
14:49:52.065 No connection to sync server.
14:50:52.064 No connection to sync server.
14:51:52.071 No connection to sync server.
14:52:52.072 No connection to sync server.
14:53:52.082 No connection to sync server.
14:54:52.071 No connection to sync server.
14:55:52.088 No connection to sync server.
14:56:52.071 No connection to sync server.
14:57:52.088 No connection to sync server.
14:58:52.082 No connection to sync server.
14:59:52.085 No connection to sync server.
15:00:52.086 No connection to sync server.
15:01:52.084 No connection to sync server.
15:02:52.072 No connection to sync server.
15:03:52.080 No connection to sync server.
15:04:52.094 No connection to sync server.
15:05:52.090 No connection to sync server.
15:06:52.092 No connection to sync server.
15:07:52.091 No connection to sync server.
15:08:52.092 No connection to sync server.
15:09:52.090 No connection to sync server.
15:10:52.094 No connection to sync server.
15:11:52.089 No connection to sync server.
15:12:52.094 No connection to sync server.
15:13:52.096 No connection to sync server.
15:14:52.101 No connection to sync server.
15:15:52.096 No connection to sync server.
15:16:52.095 No connection to sync server.
15:17:07.187 Table counts: notes: 308, revisions: 122, attachments: 64, branches: 311, attributes: 457, etapi_tokens: 0, blobs: 333
15:17:07.207 All consistency checks passed with no errors detected (took 20ms)
15:17:52.089 No connection to sync server.
15:18:52.091 No connection to sync server.
15:19:52.099 No connection to sync server.
15:20:52.097 No connection to sync server.
15:21:52.114 No connection to sync server.
15:22:52.139 No connection to sync server.
15:23:52.143 No connection to sync server.
15:24:52.160 No connection to sync server.
15:25:52.171 No connection to sync server.
15:26:52.197 No connection to sync server.
15:27:52.208 No connection to sync server.
15:28:52.247 No connection to sync server.
15:29:52.245 No connection to sync server.
15:30:52.265 No connection to sync server.
15:31:57.792 No connection to sync server.
15:32:52.300 No connection to sync server.
15:33:52.312 No connection to sync server.
15:34:13.842 Error: Router not found for request GET /pdown
15:34:52.339 No connection to sync server.
15:35:52.335 No connection to sync server.
15:36:52.364 No connection to sync server.
15:37:52.369 No connection to sync server.
15:38:53.420 No connection to sync server.
15:39:52.404 No connection to sync server.
15:40:52.425 No connection to sync server.
15:41:52.429 No connection to sync server.
15:42:52.463 No connection to sync server.
15:43:52.463 No connection to sync server.
15:44:52.486 No connection to sync server.
15:45:52.490 No connection to sync server.
15:46:52.514 No connection to sync server.
15:47:52.529 No connection to sync server.
15:48:52.541 No connection to sync server.
15:49:52.555 No connection to sync server.
15:50:52.566 No connection to sync server.
15:51:52.598 No connection to sync server.
15:52:52.594 No connection to sync server.
15:53:52.629 No connection to sync server.
15:54:52.631 No connection to sync server.
15:55:52.650 No connection to sync server.
15:56:52.653 No connection to sync server.
15:57:52.683 No connection to sync server.
15:58:52.696 No connection to sync server.
15:59:52.721 No connection to sync server.
16:00:52.719 No connection to sync server.
16:01:52.743 No connection to sync server.
16:02:52.759 No connection to sync server.
16:03:52.789 No connection to sync server.
16:04:52.787 No connection to sync server.
16:05:52.828 No connection to sync server.
16:06:52.824 No connection to sync server.
16:07:52.829 No connection to sync server.
16:08:52.833 No connection to sync server.
16:09:52.865 No connection to sync server.
16:10:52.870 No connection to sync server.
16:11:52.894 No connection to sync server.
16:12:52.898 No connection to sync server.
16:13:52.903 No connection to sync server.
16:14:52.936 No connection to sync server.
16:15:52.939 No connection to sync server.
16:16:52.946 No connection to sync server.
16:17:06.714 Optimizing database
16:17:06.716 Optimization finished in 1ms.
16:17:07.189 Table counts: notes: 308, revisions: 122, attachments: 64, branches: 311, attributes: 457, etapi_tokens: 0, blobs: 333
16:17:07.217 All consistency checks passed with no errors detected (took 29ms)
16:17:52.977 No connection to sync server.
16:18:52.979 No connection to sync server.
16:19:52.992 No connection to sync server.
16:20:53.004 No connection to sync server.
16:21:53.006 No connection to sync server.
16:22:53.041 No connection to sync server.
16:23:53.046 No connection to sync server.
16:24:53.077 No connection to sync server.
16:25:53.079 No connection to sync server.
16:26:53.080 No connection to sync server.
16:27:53.117 No connection to sync server.
16:28:53.112 No connection to sync server.
16:29:53.114 No connection to sync server.
16:30:53.152 No connection to sync server.
16:31:53.144 No connection to sync server.
16:32:53.168 No connection to sync server.
16:33:53.186 No connection to sync server.
16:34:53.198 No connection to sync server.
16:35:53.232 No connection to sync server.
16:36:53.237 No connection to sync server.
16:37:53.250 No connection to sync server.
16:38:53.259 No connection to sync server.
16:39:53.282 No connection to sync server.
16:40:53.287 No connection to sync server.
16:41:53.319 No connection to sync server.
16:42:53.316 No connection to sync server.
16:43:53.353 No connection to sync server.
16:44:53.337 No connection to sync server.
16:45:53.382 No connection to sync server.
16:46:53.374 No connection to sync server.
16:47:53.425 No connection to sync server.
16:48:53.400 No connection to sync server.
16:49:53.434 No connection to sync server.
16:50:53.436 No connection to sync server.
16:51:53.473 No connection to sync server.
16:52:53.475 No connection to sync server.
16:53:53.501 No connection to sync server.
16:54:53.500 No connection to sync server.
16:55:53.530 No connection to sync server.
16:56:53.538 No connection to sync server.
16:57:53.563 No connection to sync server.
16:58:53.564 No connection to sync server.
16:59:53.591 No connection to sync server.
17:00:53.615 No connection to sync server.
17:01:53.624 No connection to sync server.
17:02:53.641 No connection to sync server.
17:03:53.638 No connection to sync server.
17:04:53.670 No connection to sync server.
17:05:53.674 No connection to sync server.
17:06:53.703 No connection to sync server.
17:07:53.694 No connection to sync server.
17:08:53.720 No connection to sync server.
17:09:53.727 No connection to sync server.
17:10:53.745 No connection to sync server.
17:11:53.761 No connection to sync server.
17:12:53.791 No connection to sync server.
17:13:53.790 No connection to sync server.
17:14:53.821 No connection to sync server.
17:15:53.818 No connection to sync server.
17:16:53.846 No connection to sync server.
17:17:07.189 Table counts: notes: 308, revisions: 122, attachments: 64, branches: 311, attributes: 457, etapi_tokens: 0, blobs: 333
17:17:07.208 All consistency checks passed with no errors detected (took 20ms)
17:17:53.856 No connection to sync server.
17:18:53.883 No connection to sync server.
17:19:53.896 No connection to sync server.
17:20:53.914 No connection to sync server.
17:21:53.910 No connection to sync server.
17:22:53.949 No connection to sync server.
17:23:53.953 No connection to sync server.
17:24:53.978 No connection to sync server.
17:25:53.980 No connection to sync server.
17:26:54.014 No connection to sync server.
17:27:54.009 No connection to sync server.
17:28:54.037 No connection to sync server.
17:29:54.052 No connection to sync server.
17:30:54.072 No connection to sync server.
17:31:54.078 No connection to sync server.
17:32:54.105 No connection to sync server.
17:33:54.122 No connection to sync server.
17:34:54.132 No connection to sync server.
17:35:54.150 No connection to sync server.
17:36:54.169 No connection to sync server.
17:37:54.186 No connection to sync server.
17:38:54.197 No connection to sync server.
17:39:54.215 No connection to sync server.
17:40:54.213 No connection to sync server.
17:41:54.230 No connection to sync server.
17:42:54.246 No connection to sync server.
17:43:54.258 No connection to sync server.
17:44:54.272 No connection to sync server.
17:45:54.285 No connection to sync server.
17:46:54.309 No connection to sync server.
17:47:54.326 No connection to sync server.
17:48:54.344 No connection to sync server.
17:49:54.364 No connection to sync server.
17:50:54.375 No connection to sync server.
17:51:54.385 No connection to sync server.
17:52:54.410 No connection to sync server.
17:53:54.405 No connection to sync server.
17:54:54.432 No connection to sync server.
17:55:54.439 No connection to sync server.
17:56:54.472 No connection to sync server.
17:57:54.469 No connection to sync server.
17:58:54.492 No connection to sync server.
17:59:54.517 No connection to sync server.
18:00:54.524 No connection to sync server.
18:01:54.536 No connection to sync server.
18:02:54.571 No connection to sync server.
18:03:54.578 No connection to sync server.
18:04:54.603 No connection to sync server.
18:05:54.604 No connection to sync server.
18:06:54.630 No connection to sync server.
18:07:54.647 No connection to sync server.
18:08:54.661 No connection to sync server.
18:09:54.653 No connection to sync server.
18:10:54.683 No connection to sync server.
18:11:54.694 No connection to sync server.
18:12:54.713 No connection to sync server.
18:13:54.784 No connection to sync server.
18:14:54.746 No connection to sync server.
18:15:54.755 No connection to sync server.
18:16:54.777 No connection to sync server.
18:17:07.191 Table counts: notes: 308, revisions: 122, attachments: 64, branches: 311, attributes: 457, etapi_tokens: 0, blobs: 333
18:17:07.210 All consistency checks passed with no errors detected (took 19ms)
18:17:54.796 No connection to sync server.
18:18:54.811 No connection to sync server.
18:19:54.820 No connection to sync server.
18:20:54.843 No connection to sync server.
18:21:54.861 No connection to sync server.
18:22:54.872 No connection to sync server.
18:23:54.873 No connection to sync server.
18:24:54.909 No connection to sync server.
18:25:54.902 No connection to sync server.
18:26:54.937 No connection to sync server.
18:27:54.936 No connection to sync server.
18:28:54.961 No connection to sync server.
18:29:54.961 No connection to sync server.
18:30:54.997 No connection to sync server.
18:31:54.995 No connection to sync server.
18:32:55.014 No connection to sync server.
18:33:55.029 No connection to sync server.
18:34:55.037 No connection to sync server.
18:35:55.077 No connection to sync server.
18:36:55.070 No connection to sync server.
18:37:55.100 No connection to sync server.
18:38:55.104 No connection to sync server.
18:39:55.124 No connection to sync server.
18:40:55.121 No connection to sync server.
18:41:55.149 No connection to sync server.
18:42:55.154 No connection to sync server.
18:43:55.175 No connection to sync server.
18:44:55.191 No connection to sync server.
18:45:55.197 No connection to sync server.
18:46:55.222 No connection to sync server.
18:47:55.235 No connection to sync server.
18:48:55.251 No connection to sync server.
18:49:55.280 No connection to sync server.
18:50:55.282 No connection to sync server.
18:51:55.302 No connection to sync server.
18:52:55.308 No connection to sync server.
18:53:55.340 No connection to sync server.
18:54:55.344 No connection to sync server.
18:55:55.336 No connection to sync server.
18:56:55.373 No connection to sync server.
18:57:55.369 No connection to sync server.
18:58:55.405 No connection to sync server.
18:59:55.405 No connection to sync server.
19:00:55.411 No connection to sync server.
19:01:55.437 No connection to sync server.
19:02:55.440 No connection to sync server.
19:03:55.472 No connection to sync server.
19:04:55.472 No connection to sync server.
19:05:55.504 No connection to sync server.
19:06:55.498 No connection to sync server.
19:07:55.531 No connection to sync server.
19:08:55.546 No connection to sync server.
19:09:55.531 No connection to sync server.
19:10:55.565 No connection to sync server.
19:11:55.560 No connection to sync server.
19:12:55.595 No connection to sync server.
19:13:55.596 No connection to sync server.
19:14:55.616 No connection to sync server.
19:15:55.628 No connection to sync server.
19:16:55.638 No connection to sync server.
19:17:07.192 Table counts: notes: 308, revisions: 122, attachments: 64, branches: 311, attributes: 457, etapi_tokens: 0, blobs: 333
19:17:07.216 All consistency checks passed with no errors detected (took 24ms)
19:17:55.645 No connection to sync server.
19:18:55.663 No connection to sync server.
19:19:55.673 No connection to sync server.
19:20:55.700 No connection to sync server.
19:21:55.712 No connection to sync server.
19:22:55.737 No connection to sync server.
19:23:55.738 No connection to sync server.
19:24:55.766 No connection to sync server.
19:25:55.768 No connection to sync server.
19:26:55.796 No connection to sync server.
19:27:55.790 No connection to sync server.
19:28:55.822 No connection to sync server.
19:29:55.826 No connection to sync server.
19:30:55.851 No connection to sync server.
19:31:55.863 No connection to sync server.
19:32:55.888 No connection to sync server.
19:33:55.894 No connection to sync server.
19:34:55.914 No connection to sync server.
19:35:55.921 No connection to sync server.
19:36:56.514 No connection to sync server.
19:37:55.948 No connection to sync server.
19:38:55.977 No connection to sync server.
19:39:55.976 No connection to sync server.
19:40:56.011 No connection to sync server.
19:41:56.004 No connection to sync server.
19:42:56.041 No connection to sync server.
19:43:56.036 No connection to sync server.
19:44:56.068 No connection to sync server.
19:45:56.070 No connection to sync server.
19:46:56.099 No connection to sync server.
19:47:56.100 No connection to sync server.
19:48:56.118 No connection to sync server.
19:49:56.116 No connection to sync server.
19:50:56.143 No connection to sync server.
19:51:56.140 No connection to sync server.
19:52:56.168 No connection to sync server.
19:53:56.179 No connection to sync server.
19:54:57.255 No connection to sync server.
19:55:56.208 No connection to sync server.
19:56:56.215 No connection to sync server.
19:57:56.251 No connection to sync server.
19:58:56.245 No connection to sync server.
19:59:56.255 No connection to sync server.
20:00:56.280 No connection to sync server.
20:01:56.299 No connection to sync server.
20:02:56.309 No connection to sync server.
20:03:56.326 No connection to sync server.
20:04:56.343 No connection to sync server.
20:05:56.362 No connection to sync server.
20:06:56.376 No connection to sync server.
20:07:56.387 No connection to sync server.
20:08:56.396 No connection to sync server.
20:09:56.430 No connection to sync server.
20:10:56.435 No connection to sync server.
20:11:56.454 No connection to sync server.
20:12:56.462 No connection to sync server.
20:13:56.482 No connection to sync server.
20:14:56.489 No connection to sync server.
20:15:56.500 No connection to sync server.
20:16:56.533 No connection to sync server.
20:17:07.193 Table counts: notes: 308, revisions: 122, attachments: 64, branches: 311, attributes: 457, etapi_tokens: 0, blobs: 333
20:17:07.216 All consistency checks passed with no errors detected (took 24ms)
20:17:56.529 No connection to sync server.
20:18:56.555 No connection to sync server.
20:19:56.564 No connection to sync server.
20:20:56.571 No connection to sync server.
20:21:56.590 No connection to sync server.
20:22:56.599 No connection to sync server.
20:23:56.617 No connection to sync server.
20:24:56.631 No connection to sync server.
20:25:56.665 No connection to sync server.
20:26:56.655 No connection to sync server.
20:27:56.683 No connection to sync server.
20:28:56.686 No connection to sync server.
20:29:56.713 No connection to sync server.
20:30:56.714 No connection to sync server.
20:31:56.741 No connection to sync server.
20:32:56.757 No connection to sync server.
20:33:56.766 No connection to sync server.
20:34:56.784 No connection to sync server.
20:35:56.801 No connection to sync server.
20:36:56.812 No connection to sync server.
20:37:56.826 No connection to sync server.
20:38:56.842 No connection to sync server.
20:39:56.865 No connection to sync server.
20:40:56.865 No connection to sync server.
20:41:56.893 No connection to sync server.
20:42:56.896 No connection to sync server.
20:43:56.918 No connection to sync server.
20:44:56.919 No connection to sync server.
20:45:56.954 No connection to sync server.
20:46:56.956 No connection to sync server.
20:47:56.986 No connection to sync server.
20:48:56.993 No connection to sync server.
20:49:57.005 No connection to sync server.
20:50:57.008 No connection to sync server.
20:51:57.034 No connection to sync server.
20:52:57.041 No connection to sync server.
20:53:57.044 No connection to sync server.
20:54:57.072 No connection to sync server.
20:55:57.072 No connection to sync server.
20:56:57.077 No connection to sync server.
20:57:57.092 No connection to sync server.
20:58:57.102 No connection to sync server.
20:59:57.111 No connection to sync server.
21:00:57.131 No connection to sync server.
21:01:57.144 No connection to sync server.
21:02:57.158 No connection to sync server.
21:03:57.175 No connection to sync server.
21:04:57.166 No connection to sync server.
21:05:57.176 No connection to sync server.
21:06:57.200 No connection to sync server.
21:07:57.201 No connection to sync server.
21:08:57.234 No connection to sync server.
21:09:57.233 No connection to sync server.
21:10:57.247 No connection to sync server.
21:11:57.265 No connection to sync server.
21:12:57.284 No connection to sync server.
21:13:57.289 No connection to sync server.
21:14:57.311 No connection to sync server.
21:15:57.311 No connection to sync server.
21:16:57.346 No connection to sync server.
21:17:07.194 Table counts: notes: 308, revisions: 122, attachments: 64, branches: 311, attributes: 457, etapi_tokens: 0, blobs: 333
21:17:07.212 All consistency checks passed with no errors detected (took 19ms)
21:17:57.345 No connection to sync server.
21:18:57.368 No connection to sync server.
21:19:57.371 No connection to sync server.
21:20:57.397 No connection to sync server.
21:21:57.401 No connection to sync server.
21:22:57.433 No connection to sync server.
21:23:57.435 No connection to sync server.
21:24:57.453 No connection to sync server.
21:25:57.456 No connection to sync server.
21:26:57.462 No connection to sync server.
21:27:57.491 No connection to sync server.
21:28:57.493 No connection to sync server.
21:29:57.495 No connection to sync server.
21:30:57.524 No connection to sync server.
21:31:57.522 No connection to sync server.
21:32:57.545 No connection to sync server.
21:33:57.546 No connection to sync server.
21:34:57.574 No connection to sync server.
21:35:57.571 No connection to sync server.
21:36:57.611 No connection to sync server.
21:37:57.605 No connection to sync server.
21:38:57.617 No connection to sync server.
21:39:57.638 No connection to sync server.
21:40:57.633 No connection to sync server.
21:41:57.656 No connection to sync server.
21:42:57.666 No connection to sync server.
21:43:57.695 No connection to sync server.
21:44:57.704 No connection to sync server.
21:45:57.727 No connection to sync server.
21:46:57.730 No connection to sync server.
21:47:57.740 No connection to sync server.
21:48:57.753 No connection to sync server.
21:49:57.779 No connection to sync server.
21:50:57.788 No connection to sync server.
21:51:57.809 No connection to sync server.
21:52:57.816 No connection to sync server.
21:53:57.833 No connection to sync server.
21:54:57.847 No connection to sync server.
21:55:57.863 No connection to sync server.
21:56:57.867 No connection to sync server.
21:57:57.897 No connection to sync server.
21:58:57.898 No connection to sync server.
21:59:57.925 No connection to sync server.
22:00:57.926 No connection to sync server.
22:01:57.948 No connection to sync server.
22:02:57.945 No connection to sync server.
22:03:57.989 No connection to sync server.
22:04:57.987 No connection to sync server.
22:05:58.003 No connection to sync server.
22:06:58.001 No connection to sync server.
22:07:58.038 No connection to sync server.
22:08:58.032 No connection to sync server.
22:09:58.040 No connection to sync server.
22:10:58.059 No connection to sync server.
22:11:58.076 No connection to sync server.
22:12:58.090 No connection to sync server.
22:13:58.088 No connection to sync server.
22:14:58.123 No connection to sync server.
22:15:58.112 No connection to sync server.
22:16:58.130 No connection to sync server.
22:17:07.194 Table counts: notes: 308, revisions: 122, attachments: 64, branches: 311, attributes: 457, etapi_tokens: 0, blobs: 333
22:17:07.212 All consistency checks passed with no errors detected (took 19ms)
22:17:58.136 No connection to sync server.
22:18:58.157 No connection to sync server.
22:19:58.165 No connection to sync server.
22:20:58.186 No connection to sync server.
22:21:58.183 No connection to sync server.
22:22:58.206 No connection to sync server.
22:23:58.216 No connection to sync server.
22:24:58.211 No connection to sync server.
22:25:58.238 No connection to sync server.
22:26:58.250 No connection to sync server.
22:27:58.246 No connection to sync server.
22:28:58.275 No connection to sync server.
22:29:58.279 No connection to sync server.
22:30:58.302 No connection to sync server.
22:31:58.302 No connection to sync server.
22:32:58.332 No connection to sync server.
22:33:58.337 No connection to sync server.
22:34:58.360 No connection to sync server.
22:35:58.360 No connection to sync server.
22:36:58.374 No connection to sync server.
22:37:58.386 No connection to sync server.
22:38:58.413 No connection to sync server.
22:39:58.411 No connection to sync server.
22:40:58.441 No connection to sync server.
22:41:58.445 No connection to sync server.
22:42:58.471 No connection to sync server.
22:43:58.466 No connection to sync server.
22:44:58.491 No connection to sync server.
22:45:58.483 No connection to sync server.
22:46:58.507 No connection to sync server.
22:47:58.521 No connection to sync server.
22:48:58.544 No connection to sync server.
22:49:58.542 No connection to sync server.
22:50:58.579 No connection to sync server.
22:51:58.575 No connection to sync server.
22:52:58.600 No connection to sync server.
22:53:58.600 No connection to sync server.
22:54:58.601 No connection to sync server.
22:55:58.636 No connection to sync server.
22:56:58.635 No connection to sync server.
22:57:58.641 No connection to sync server.
22:58:58.661 No connection to sync server.
22:59:58.658 No connection to sync server.
23:00:58.680 No connection to sync server.
23:01:58.681 No connection to sync server.
23:02:58.695 No connection to sync server.
23:03:58.704 No connection to sync server.
23:04:58.722 No connection to sync server.
23:05:58.725 No connection to sync server.
23:06:58.747 No connection to sync server.
23:07:58.753 No connection to sync server.
23:08:58.783 No connection to sync server.
23:09:58.783 No connection to sync server.
23:10:58.805 No connection to sync server.
23:11:58.811 No connection to sync server.
23:12:58.836 No connection to sync server.
23:13:58.839 No connection to sync server.
23:14:58.854 No connection to sync server.
23:15:58.856 No connection to sync server.
23:16:58.886 No connection to sync server.
23:17:07.195 Table counts: notes: 308, revisions: 122, attachments: 64, branches: 311, attributes: 457, etapi_tokens: 0, blobs: 333
23:17:07.218 All consistency checks passed with no errors detected (took 24ms)
23:17:58.890 No connection to sync server.
23:18:58.920 No connection to sync server.
23:19:58.918 No connection to sync server.
23:20:58.927 No connection to sync server.
23:21:58.946 No connection to sync server.
23:22:58.955 No connection to sync server.
23:23:58.976 No connection to sync server.
23:24:58.973 No connection to sync server.
23:25:59.002 No connection to sync server.
23:26:59.004 No connection to sync server.
23:27:59.034 No connection to sync server.
23:28:59.024 No connection to sync server.
23:29:59.052 No connection to sync server.
23:30:59.057 No connection to sync server.
23:31:59.084 No connection to sync server.
23:32:59.091 No connection to sync server.
23:33:59.085 No connection to sync server.
23:34:59.110 No connection to sync server.
23:35:59.106 No connection to sync server.
23:36:59.123 No connection to sync server.
23:37:59.129 No connection to sync server.
23:38:59.159 No connection to sync server.
23:39:59.151 No connection to sync server.
23:40:59.174 No connection to sync server.
23:41:59.179 No connection to sync server.
23:42:59.211 No connection to sync server.
23:43:59.197 No connection to sync server.
23:44:59.228 No connection to sync server.
23:45:59.240 No connection to sync server.
23:46:59.249 No connection to sync server.
23:47:59.268 No connection to sync server.
23:48:59.283 No connection to sync server.
23:49:59.295 No connection to sync server.
23:50:59.303 No connection to sync server.
23:51:59.319 No connection to sync server.
23:52:59.341 No connection to sync server.
23:53:59.360 No connection to sync server.
23:54:59.353 No connection to sync server.
23:55:59.382 No connection to sync server.
23:56:59.392 No connection to sync server.
23:57:59.404 No connection to sync server.
23:58:59.410 No connection to sync server.
23:59:59.431 No connection to sync server.
