00:00:45.142 No connection to sync server.
00:01:45.144 No connection to sync server.
00:02:45.176 No connection to sync server.
00:03:45.166 No connection to sync server.
00:04:45.186 No connection to sync server.
00:05:45.186 No connection to sync server.
00:06:45.199 No connection to sync server.
00:07:45.216 No connection to sync server.
00:08:45.219 No connection to sync server.
00:09:45.230 No connection to sync server.
00:10:45.236 No connection to sync server.
00:11:45.240 No connection to sync server.
00:12:45.256 No connection to sync server.
00:13:45.268 No connection to sync server.
00:14:45.365 No connection to sync server.
00:15:45.282 No connection to sync server.
00:16:45.301 No connection to sync server.
00:17:07.095 Table counts: notes: 308, revisions: 122, attachments: 64, branches: 311, attributes: 457, etapi_tokens: 0, blobs: 333
00:17:07.119 All consistency checks passed with no errors detected (took 24ms)
00:17:45.305 No connection to sync server.
00:18:45.312 No connection to sync server.
00:19:45.319 No connection to sync server.
00:20:45.325 No connection to sync server.
00:21:45.356 No connection to sync server.
00:22:45.351 No connection to sync server.
00:23:45.625 No connection to sync server.
00:24:45.368 No connection to sync server.
00:25:45.381 No connection to sync server.
00:26:45.393 No connection to sync server.
00:27:45.399 No connection to sync server.
00:28:45.415 No connection to sync server.
00:29:45.423 No connection to sync server.
00:30:45.431 No connection to sync server.
00:31:45.443 No connection to sync server.
00:32:45.447 No connection to sync server.
00:33:45.449 No connection to sync server.
00:34:45.472 No connection to sync server.
00:35:45.472 No connection to sync server.
00:36:45.488 No connection to sync server.
00:37:45.492 No connection to sync server.
00:38:45.508 No connection to sync server.
00:39:45.520 No connection to sync server.
00:40:45.643 No connection to sync server.
00:41:45.530 No connection to sync server.
00:42:45.549 No connection to sync server.
00:43:45.551 No connection to sync server.
00:44:45.552 No connection to sync server.
00:45:45.577 No connection to sync server.
00:46:45.577 No connection to sync server.
00:47:45.580 No connection to sync server.
00:48:45.591 No connection to sync server.
00:49:45.600 No connection to sync server.
00:50:45.614 No connection to sync server.
00:51:45.624 No connection to sync server.
00:52:45.634 No connection to sync server.
00:53:45.631 No connection to sync server.
00:54:45.646 No connection to sync server.
00:55:45.658 No connection to sync server.
00:56:45.664 No connection to sync server.
00:57:45.666 No connection to sync server.
00:58:45.674 No connection to sync server.
00:59:45.684 No connection to sync server.
01:00:45.700 No connection to sync server.
01:01:45.694 No connection to sync server.
01:02:45.712 No connection to sync server.
01:03:45.714 No connection to sync server.
01:04:45.728 No connection to sync server.
01:05:45.745 No connection to sync server.
01:06:45.744 No connection to sync server.
01:07:46.183 No connection to sync server.
01:08:45.765 No connection to sync server.
01:09:45.774 No connection to sync server.
01:10:45.773 No connection to sync server.
01:11:45.780 No connection to sync server.
01:12:45.789 No connection to sync server.
01:13:45.793 No connection to sync server.
01:14:45.830 No connection to sync server.
01:15:45.810 No connection to sync server.
01:16:45.827 No connection to sync server.
01:17:07.096 Table counts: notes: 308, revisions: 122, attachments: 64, branches: 311, attributes: 457, etapi_tokens: 0, blobs: 333
01:17:07.112 All consistency checks passed with no errors detected (took 17ms)
01:17:45.832 No connection to sync server.
01:18:45.849 No connection to sync server.
01:19:45.846 No connection to sync server.
01:20:45.858 No connection to sync server.
01:21:45.861 No connection to sync server.
01:22:45.874 No connection to sync server.
01:23:45.886 No connection to sync server.
01:24:45.894 No connection to sync server.
01:25:45.897 No connection to sync server.
01:26:45.909 No connection to sync server.
01:27:45.908 No connection to sync server.
01:28:45.925 No connection to sync server.
01:29:45.941 No connection to sync server.
01:30:45.944 No connection to sync server.
01:31:45.961 No connection to sync server.
01:32:45.959 No connection to sync server.
01:33:45.966 No connection to sync server.
01:34:45.974 No connection to sync server.
01:35:45.995 No connection to sync server.
01:36:45.992 No connection to sync server.
01:37:46.000 No connection to sync server.
01:38:45.999 No connection to sync server.
01:39:46.014 No connection to sync server.
01:40:46.010 No connection to sync server.
01:41:46.040 No connection to sync server.
01:42:46.039 No connection to sync server.
01:43:46.049 No connection to sync server.
01:44:46.049 No connection to sync server.
01:45:46.061 No connection to sync server.
01:46:46.058 No connection to sync server.
01:47:46.072 No connection to sync server.
01:48:46.074 No connection to sync server.
01:49:46.098 No connection to sync server.
01:50:46.099 No connection to sync server.
01:51:46.124 No connection to sync server.
01:52:46.110 No connection to sync server.
01:53:46.125 No connection to sync server.
01:54:46.142 No connection to sync server.
01:55:46.132 No connection to sync server.
01:56:46.138 No connection to sync server.
01:57:46.157 No connection to sync server.
01:58:46.158 No connection to sync server.
01:59:46.155 No connection to sync server.
02:00:46.159 No connection to sync server.
02:01:46.183 No connection to sync server.
02:02:46.169 No connection to sync server.
02:03:46.204 No connection to sync server.
02:04:46.198 No connection to sync server.
02:05:46.209 No connection to sync server.
02:06:46.213 No connection to sync server.
02:07:46.211 No connection to sync server.
02:08:46.225 No connection to sync server.
02:09:46.227 No connection to sync server.
02:10:46.235 No connection to sync server.
02:11:46.235 No connection to sync server.
02:12:46.242 No connection to sync server.
02:13:46.255 No connection to sync server.
02:14:46.260 No connection to sync server.
02:15:46.259 No connection to sync server.
02:16:46.268 No connection to sync server.
02:17:06.667 Optimizing database
02:17:06.669 Optimization finished in 1ms.
02:17:07.096 Table counts: notes: 308, revisions: 122, attachments: 64, branches: 311, attributes: 457, etapi_tokens: 0, blobs: 333
02:17:07.116 All consistency checks passed with no errors detected (took 21ms)
02:17:46.277 No connection to sync server.
02:18:46.277 No connection to sync server.
02:19:46.289 No connection to sync server.
02:20:46.295 No connection to sync server.
02:21:46.295 No connection to sync server.
02:22:46.301 No connection to sync server.
02:23:46.320 No connection to sync server.
02:24:46.317 No connection to sync server.
02:25:46.334 No connection to sync server.
02:26:46.332 No connection to sync server.
02:27:46.350 No connection to sync server.
02:28:46.352 No connection to sync server.
02:29:46.356 No connection to sync server.
02:30:46.369 No connection to sync server.
02:31:46.379 No connection to sync server.
02:32:46.383 No connection to sync server.
02:33:46.382 No connection to sync server.
02:34:46.390 No connection to sync server.
02:35:46.399 No connection to sync server.
02:36:46.403 No connection to sync server.
02:37:46.409 No connection to sync server.
02:38:46.436 No connection to sync server.
02:39:46.433 No connection to sync server.
02:40:46.436 No connection to sync server.
02:41:46.447 No connection to sync server.
02:42:46.448 No connection to sync server.
02:43:46.448 No connection to sync server.
02:44:46.477 No connection to sync server.
02:45:46.470 No connection to sync server.
02:46:46.476 No connection to sync server.
02:47:46.695 No connection to sync server.
02:48:46.496 No connection to sync server.
02:49:46.489 No connection to sync server.
02:50:46.502 No connection to sync server.
02:51:46.501 No connection to sync server.
02:52:46.521 No connection to sync server.
02:53:46.519 No connection to sync server.
02:54:46.528 No connection to sync server.
02:55:46.540 No connection to sync server.
02:56:46.542 No connection to sync server.
02:57:46.542 No connection to sync server.
02:58:46.553 No connection to sync server.
02:59:46.558 No connection to sync server.
03:00:46.564 No connection to sync server.
03:01:46.583 No connection to sync server.
03:02:46.609 No connection to sync server.
03:03:46.585 No connection to sync server.
03:04:46.592 No connection to sync server.
03:05:49.661 No connection to sync server.
03:06:46.611 No connection to sync server.
03:07:46.611 No connection to sync server.
03:08:46.622 No connection to sync server.
03:09:46.620 No connection to sync server.
03:10:46.629 No connection to sync server.
03:11:46.633 No connection to sync server.
03:12:46.640 No connection to sync server.
03:13:46.651 No connection to sync server.
03:14:46.665 No connection to sync server.
03:15:46.668 No connection to sync server.
03:16:46.667 No connection to sync server.
03:17:07.097 Table counts: notes: 308, revisions: 122, attachments: 64, branches: 311, attributes: 457, etapi_tokens: 0, blobs: 333
03:17:07.124 All consistency checks passed with no errors detected (took 28ms)
03:17:46.667 No connection to sync server.
03:18:46.686 No connection to sync server.
03:19:46.690 No connection to sync server.
03:20:46.693 No connection to sync server.
03:21:46.699 No connection to sync server.
03:22:46.704 No connection to sync server.
03:23:46.703 No connection to sync server.
03:24:46.717 No connection to sync server.
03:25:46.724 No connection to sync server.
03:26:46.737 No connection to sync server.
03:27:46.745 No connection to sync server.
03:28:46.744 No connection to sync server.
03:29:46.742 No connection to sync server.
03:30:46.751 No connection to sync server.
03:31:46.756 No connection to sync server.
03:32:46.773 No connection to sync server.
03:33:46.781 No connection to sync server.
03:34:46.790 No connection to sync server.
03:35:46.787 No connection to sync server.
03:36:46.798 No connection to sync server.
03:37:46.814 No connection to sync server.
03:38:46.813 No connection to sync server.
03:39:46.812 No connection to sync server.
03:40:46.817 No connection to sync server.
03:41:46.836 No connection to sync server.
03:42:46.826 No connection to sync server.
03:43:46.844 No connection to sync server.
03:44:46.844 No connection to sync server.
03:45:46.918 No connection to sync server.
03:46:46.850 No connection to sync server.
03:47:46.854 No connection to sync server.
03:48:46.860 No connection to sync server.
03:49:46.870 No connection to sync server.
03:50:46.876 No connection to sync server.
03:51:46.887 No connection to sync server.
03:52:46.900 No connection to sync server.
03:53:46.906 No connection to sync server.
03:54:46.898 No connection to sync server.
03:55:46.911 No connection to sync server.
03:56:46.906 No connection to sync server.
03:57:46.918 No connection to sync server.
03:58:46.926 No connection to sync server.
03:59:46.923 No connection to sync server.
