00:22:01.157 Table counts: notes: 287, revisions: 18, attachments: 40, branches: 290, attributes: 441, etapi_tokens: 0, blobs: 227
00:22:01.166 All consistency checks passed with no errors detected (took 10ms)
01:22:01.159 Table counts: notes: 287, revisions: 18, attachments: 40, branches: 290, attributes: 441, etapi_tokens: 0, blobs: 227
01:22:01.172 All consistency checks passed with no errors detected (took 14ms)
02:22:01.172 Table counts: notes: 287, revisions: 18, attachments: 40, branches: 290, attributes: 441, etapi_tokens: 0, blobs: 227
02:22:01.182 All consistency checks passed with no errors detected (took 10ms)
03:13:04.505 Generated CSRF token eojVDwmr-Yjzx3un_JNUvetuiY-83Jxi2czM with secret _csrf=MQcCdg9kFSSi_171evAdgTI2; Path=/
03:13:04.734 200 GET /api/options with 8296 bytes took 2ms
03:13:04.738 200 GET /api/tree with 34300 bytes took 4ms
03:13:04.750 Slow 200 GET /api/keyboard-actions with 12407 bytes took 11ms
03:13:04.766 Slow 200 GET /api/script/widgets with 155155 bytes took 15ms
03:13:04.860 200 POST /api/tree/load with 6399 bytes took 1ms
03:13:04.933 200 POST /api/tree/load with 6563 bytes took 1ms
03:13:05.174 200 POST /api/tree/load with 5954 bytes took 2ms
03:13:05.265 200 GET /api/keyboard-shortcuts-for-notes with 2 bytes took 2ms
03:13:05.731 200 GET /api/notes/lsgJRCHtTh9a/blob with 9416 bytes took 3ms
03:13:05.733 200 GET /api/note-map/lsgJRCHtTh9a/backlink-count with 11 bytes took 1ms
03:13:05.979 200 GET /api/search/%23workspace%20%23!template with 2 bytes took 1ms
03:13:06.252 200 GET /api/note-map/lsgJRCHtTh9a/backlink-count with 11 bytes took 1ms
03:13:06.290 204 PUT /api/options with 0 bytes took 8ms
03:13:07.266 200 GET /api/script/startup with 1804 bytes took 3ms
03:13:07.341 200 POST /api/tree/load with 6525 bytes took 2ms
03:13:07.420 200 POST /api/tree/load with 6679 bytes took 2ms
03:13:08.559 204 PUT /api/options with 0 bytes took 4ms
03:13:08.561 200 GET /api/note-map/QHp8TIFYUsiT/backlink-count with 11 bytes took 2ms
03:13:08.563 200 GET /api/notes/QHp8TIFYUsiT/blob with 22637 bytes took 2ms
03:22:01.190 Table counts: notes: 287, revisions: 18, attachments: 40, branches: 290, attributes: 441, etapi_tokens: 0, blobs: 227
03:22:01.199 All consistency checks passed with no errors detected (took 9ms)
04:22:01.215 Table counts: notes: 287, revisions: 18, attachments: 40, branches: 290, attributes: 441, etapi_tokens: 0, blobs: 227
04:22:01.224 All consistency checks passed with no errors detected (took 9ms)
05:22:01.213 Table counts: notes: 287, revisions: 18, attachments: 40, branches: 290, attributes: 441, etapi_tokens: 0, blobs: 227
05:22:01.224 All consistency checks passed with no errors detected (took 12ms)
06:22:01.228 Table counts: notes: 287, revisions: 18, attachments: 40, branches: 290, attributes: 441, etapi_tokens: 0, blobs: 227
06:22:01.238 All consistency checks passed with no errors detected (took 10ms)
07:21:59.093 Optimizing database
07:21:59.096 Optimization finished in 1ms.
07:22:01.231 Table counts: notes: 287, revisions: 18, attachments: 40, branches: 290, attributes: 441, etapi_tokens: 0, blobs: 227
07:22:01.247 All consistency checks passed with no errors detected (took 17ms)
08:22:01.233 Table counts: notes: 287, revisions: 18, attachments: 40, branches: 290, attributes: 441, etapi_tokens: 0, blobs: 227
08:22:01.249 All consistency checks passed with no errors detected (took 15ms)
09:22:01.234 Table counts: notes: 287, revisions: 18, attachments: 40, branches: 290, attributes: 441, etapi_tokens: 0, blobs: 227
09:22:01.245 All consistency checks passed with no errors detected (took 11ms)
10:22:01.244 Table counts: notes: 287, revisions: 18, attachments: 40, branches: 290, attributes: 441, etapi_tokens: 0, blobs: 227
10:22:01.257 All consistency checks passed with no errors detected (took 13ms)
11:22:01.254 Table counts: notes: 287, revisions: 18, attachments: 40, branches: 290, attributes: 441, etapi_tokens: 0, blobs: 227
11:22:01.266 All consistency checks passed with no errors detected (took 12ms)
12:22:01.266 Table counts: notes: 287, revisions: 18, attachments: 40, branches: 290, attributes: 441, etapi_tokens: 0, blobs: 227
12:22:01.274 All consistency checks passed with no errors detected (took 8ms)
13:22:01.268 Table counts: notes: 287, revisions: 18, attachments: 40, branches: 290, attributes: 441, etapi_tokens: 0, blobs: 227
13:22:01.276 All consistency checks passed with no errors detected (took 9ms)
14:22:01.269 Table counts: notes: 287, revisions: 18, attachments: 40, branches: 290, attributes: 441, etapi_tokens: 0, blobs: 227
14:22:01.277 All consistency checks passed with no errors detected (took 9ms)
15:22:01.272 Table counts: notes: 287, revisions: 18, attachments: 40, branches: 290, attributes: 441, etapi_tokens: 0, blobs: 227
15:22:01.287 All consistency checks passed with no errors detected (took 15ms)
16:22:01.276 Table counts: notes: 287, revisions: 18, attachments: 40, branches: 290, attributes: 441, etapi_tokens: 0, blobs: 227
16:22:01.291 All consistency checks passed with no errors detected (took 16ms)
17:21:59.116 Optimizing database
17:21:59.120 Optimization finished in 2ms.
17:22:01.275 Table counts: notes: 287, revisions: 18, attachments: 40, branches: 290, attributes: 441, etapi_tokens: 0, blobs: 227
17:22:01.289 All consistency checks passed with no errors detected (took 15ms)
18:22:01.279 Table counts: notes: 287, revisions: 18, attachments: 40, branches: 290, attributes: 441, etapi_tokens: 0, blobs: 227
18:22:01.293 All consistency checks passed with no errors detected (took 14ms)
19:22:01.306 Table counts: notes: 287, revisions: 18, attachments: 40, branches: 290, attributes: 441, etapi_tokens: 0, blobs: 227
19:22:01.319 All consistency checks passed with no errors detected (took 14ms)
20:22:01.331 Table counts: notes: 287, revisions: 18, attachments: 40, branches: 290, attributes: 441, etapi_tokens: 0, blobs: 227
20:22:01.344 All consistency checks passed with no errors detected (took 14ms)
21:22:01.333 Table counts: notes: 287, revisions: 18, attachments: 40, branches: 290, attributes: 441, etapi_tokens: 0, blobs: 227
21:22:01.347 All consistency checks passed with no errors detected (took 14ms)
22:22:01.335 Table counts: notes: 287, revisions: 18, attachments: 40, branches: 290, attributes: 441, etapi_tokens: 0, blobs: 227
22:22:01.345 All consistency checks passed with no errors detected (took 10ms)
23:22:01.358 Table counts: notes: 287, revisions: 18, attachments: 40, branches: 290, attributes: 441, etapi_tokens: 0, blobs: 227
23:22:01.369 All consistency checks passed with no errors detected (took 12ms)
