00:22:02.125 Table counts: notes: 287, revisions: 18, attachments: 40, branches: 290, attributes: 441, etapi_tokens: 0, blobs: 227
00:22:02.143 All consistency checks passed with no errors detected (took 18ms)
01:22:02.127 Table counts: notes: 287, revisions: 18, attachments: 40, branches: 290, attributes: 441, etapi_tokens: 0, blobs: 227
01:22:02.145 All consistency checks passed with no errors detected (took 19ms)
02:22:02.156 Table counts: notes: 287, revisions: 18, attachments: 40, branches: 290, attributes: 441, etapi_tokens: 0, blobs: 227
02:22:02.170 All consistency checks passed with no errors detected (took 14ms)
03:22:02.184 Table counts: notes: 287, revisions: 18, attachments: 40, branches: 290, attributes: 441, etapi_tokens: 0, blobs: 227
03:22:02.196 All consistency checks passed with no errors detected (took 13ms)
04:22:02.211 Table counts: notes: 287, revisions: 18, attachments: 40, branches: 290, attributes: 441, etapi_tokens: 0, blobs: 227
04:22:02.221 All consistency checks passed with no errors detected (took 11ms)
05:22:02.213 Table counts: notes: 287, revisions: 18, attachments: 40, branches: 290, attributes: 441, etapi_tokens: 0, blobs: 227
05:22:02.222 All consistency checks passed with no errors detected (took 9ms)
06:22:02.235 Table counts: notes: 287, revisions: 18, attachments: 40, branches: 290, attributes: 441, etapi_tokens: 0, blobs: 227
06:22:02.246 All consistency checks passed with no errors detected (took 12ms)
07:21:59.221 Optimizing database
07:21:59.225 Optimization finished in 1ms.
07:22:02.236 Table counts: notes: 287, revisions: 18, attachments: 40, branches: 290, attributes: 441, etapi_tokens: 0, blobs: 227
07:22:02.248 All consistency checks passed with no errors detected (took 12ms)
08:22:02.245 Table counts: notes: 287, revisions: 18, attachments: 40, branches: 290, attributes: 441, etapi_tokens: 0, blobs: 227
08:22:02.254 All consistency checks passed with no errors detected (took 10ms)
09:21:59.587 Created backup at /root/.local/share/trilium-data/backup/backup-weekly.db
09:22:02.246 Table counts: notes: 287, revisions: 18, attachments: 40, branches: 290, attributes: 441, etapi_tokens: 0, blobs: 227
09:22:02.255 All consistency checks passed with no errors detected (took 9ms)
10:22:02.259 Table counts: notes: 287, revisions: 18, attachments: 40, branches: 290, attributes: 441, etapi_tokens: 0, blobs: 227
10:22:02.268 All consistency checks passed with no errors detected (took 9ms)
11:22:02.269 Table counts: notes: 287, revisions: 18, attachments: 40, branches: 290, attributes: 441, etapi_tokens: 0, blobs: 227
11:22:02.282 All consistency checks passed with no errors detected (took 14ms)
12:22:02.277 Table counts: notes: 287, revisions: 18, attachments: 40, branches: 290, attributes: 441, etapi_tokens: 0, blobs: 227
12:22:02.290 All consistency checks passed with no errors detected (took 14ms)
13:22:02.279 Table counts: notes: 287, revisions: 18, attachments: 40, branches: 290, attributes: 441, etapi_tokens: 0, blobs: 227
13:22:02.288 All consistency checks passed with no errors detected (took 10ms)
14:22:02.281 Table counts: notes: 287, revisions: 18, attachments: 40, branches: 290, attributes: 441, etapi_tokens: 0, blobs: 227
14:22:02.292 All consistency checks passed with no errors detected (took 11ms)
15:22:02.284 Table counts: notes: 287, revisions: 18, attachments: 40, branches: 290, attributes: 441, etapi_tokens: 0, blobs: 227
15:22:02.292 All consistency checks passed with no errors detected (took 9ms)
16:22:02.314 Table counts: notes: 287, revisions: 18, attachments: 40, branches: 290, attributes: 441, etapi_tokens: 0, blobs: 227
16:22:02.324 All consistency checks passed with no errors detected (took 10ms)
17:21:59.248 Optimizing database
17:21:59.251 Optimization finished in 1ms.
17:22:02.316 Table counts: notes: 287, revisions: 18, attachments: 40, branches: 290, attributes: 441, etapi_tokens: 0, blobs: 227
17:22:02.330 All consistency checks passed with no errors detected (took 14ms)
18:22:02.323 Table counts: notes: 287, revisions: 18, attachments: 40, branches: 290, attributes: 441, etapi_tokens: 0, blobs: 227
18:22:02.332 All consistency checks passed with no errors detected (took 10ms)
19:22:02.350 Table counts: notes: 287, revisions: 18, attachments: 40, branches: 290, attributes: 441, etapi_tokens: 0, blobs: 227
19:22:02.360 All consistency checks passed with no errors detected (took 11ms)
20:22:02.374 Table counts: notes: 287, revisions: 18, attachments: 40, branches: 290, attributes: 441, etapi_tokens: 0, blobs: 227
20:22:02.389 All consistency checks passed with no errors detected (took 16ms)
21:22:02.375 Table counts: notes: 287, revisions: 18, attachments: 40, branches: 290, attributes: 441, etapi_tokens: 0, blobs: 227
21:22:02.383 All consistency checks passed with no errors detected (took 8ms)
22:22:02.400 Table counts: notes: 287, revisions: 18, attachments: 40, branches: 290, attributes: 441, etapi_tokens: 0, blobs: 227
22:22:02.412 All consistency checks passed with no errors detected (took 13ms)
23:22:02.409 Table counts: notes: 287, revisions: 18, attachments: 40, branches: 290, attributes: 441, etapi_tokens: 0, blobs: 227
23:22:02.421 All consistency checks passed with no errors detected (took 13ms)
