00:00:10.138 Sync failed: 'Request to GET https://unix.free.svipss.top:8024/api/setup/status failed, error: Error: read ECONNRESET', stack: Error: Request to GET https://unix.free.svipss.top:8024/api/setup/status failed, error: Error: read ECONNRESET
    at generateError (/root/software/trilium-chinese/trilium-linux-x64-server/src/services/request.js:207:12)
    at ClientRequest.<anonymous> (/root/software/trilium-chinese/trilium-linux-x64-server/src/services/request.js:58:47)
    at ClientRequest.emit (node:events:517:28)
    at TLSSocket.socketErrorListener (node:_http_client:501:9)
    at TLSSocket.emit (node:events:517:28)
    at emitErrorNT (node:internal/streams/destroy:151:8)
    at emitErrorCloseNT (node:internal/streams/destroy:116:3)
    at process.processTicksAndRejections (node:internal/process/task_queues:82:21)
00:01:10.146 Sync failed: 'Request to GET https://unix.free.svipss.top:8024/api/setup/status failed, error: Error: read ECONNRESET', stack: Error: Request to GET https://unix.free.svipss.top:8024/api/setup/status failed, error: Error: read ECONNRESET
    at generateError (/root/software/trilium-chinese/trilium-linux-x64-server/src/services/request.js:207:12)
    at ClientRequest.<anonymous> (/root/software/trilium-chinese/trilium-linux-x64-server/src/services/request.js:58:47)
    at ClientRequest.emit (node:events:517:28)
    at TLSSocket.socketErrorListener (node:_http_client:501:9)
    at TLSSocket.emit (node:events:517:28)
    at emitErrorNT (node:internal/streams/destroy:151:8)
    at emitErrorCloseNT (node:internal/streams/destroy:116:3)
    at process.processTicksAndRejections (node:internal/process/task_queues:82:21)
00:02:10.147 Sync failed: 'Request to GET https://unix.free.svipss.top:8024/api/setup/status failed, error: Error: read ECONNRESET', stack: Error: Request to GET https://unix.free.svipss.top:8024/api/setup/status failed, error: Error: read ECONNRESET
    at generateError (/root/software/trilium-chinese/trilium-linux-x64-server/src/services/request.js:207:12)
    at ClientRequest.<anonymous> (/root/software/trilium-chinese/trilium-linux-x64-server/src/services/request.js:58:47)
    at ClientRequest.emit (node:events:517:28)
    at TLSSocket.socketErrorListener (node:_http_client:501:9)
    at TLSSocket.emit (node:events:517:28)
    at emitErrorNT (node:internal/streams/destroy:151:8)
    at emitErrorCloseNT (node:internal/streams/destroy:116:3)
    at process.processTicksAndRejections (node:internal/process/task_queues:82:21)
00:03:10.161 Sync failed: 'Request to GET https://unix.free.svipss.top:8024/api/setup/status failed, error: Error: read ECONNRESET', stack: Error: Request to GET https://unix.free.svipss.top:8024/api/setup/status failed, error: Error: read ECONNRESET
    at generateError (/root/software/trilium-chinese/trilium-linux-x64-server/src/services/request.js:207:12)
    at ClientRequest.<anonymous> (/root/software/trilium-chinese/trilium-linux-x64-server/src/services/request.js:58:47)
    at ClientRequest.emit (node:events:517:28)
    at TLSSocket.socketErrorListener (node:_http_client:501:9)
    at TLSSocket.emit (node:events:517:28)
    at emitErrorNT (node:internal/streams/destroy:151:8)
    at emitErrorCloseNT (node:internal/streams/destroy:116:3)
    at process.processTicksAndRejections (node:internal/process/task_queues:82:21)
00:04:10.163 Sync failed: 'Request to GET https://unix.free.svipss.top:8024/api/setup/status failed, error: Error: read ECONNRESET', stack: Error: Request to GET https://unix.free.svipss.top:8024/api/setup/status failed, error: Error: read ECONNRESET
    at generateError (/root/software/trilium-chinese/trilium-linux-x64-server/src/services/request.js:207:12)
    at ClientRequest.<anonymous> (/root/software/trilium-chinese/trilium-linux-x64-server/src/services/request.js:58:47)
    at ClientRequest.emit (node:events:517:28)
    at TLSSocket.socketErrorListener (node:_http_client:501:9)
    at TLSSocket.emit (node:events:517:28)
    at emitErrorNT (node:internal/streams/destroy:151:8)
    at emitErrorCloseNT (node:internal/streams/destroy:116:3)
    at process.processTicksAndRejections (node:internal/process/task_queues:82:21)
00:05:10.186 Sync failed: 'Request to GET https://unix.free.svipss.top:8024/api/setup/status failed, error: Error: read ECONNRESET', stack: Error: Request to GET https://unix.free.svipss.top:8024/api/setup/status failed, error: Error: read ECONNRESET
    at generateError (/root/software/trilium-chinese/trilium-linux-x64-server/src/services/request.js:207:12)
    at ClientRequest.<anonymous> (/root/software/trilium-chinese/trilium-linux-x64-server/src/services/request.js:58:47)
    at ClientRequest.emit (node:events:517:28)
    at TLSSocket.socketErrorListener (node:_http_client:501:9)
    at TLSSocket.emit (node:events:517:28)
    at emitErrorNT (node:internal/streams/destroy:151:8)
    at emitErrorCloseNT (node:internal/streams/destroy:116:3)
    at process.processTicksAndRejections (node:internal/process/task_queues:82:21)
00:06:10.187 Sync failed: 'Request to GET https://unix.free.svipss.top:8024/api/setup/status failed, error: Error: read ECONNRESET', stack: Error: Request to GET https://unix.free.svipss.top:8024/api/setup/status failed, error: Error: read ECONNRESET
    at generateError (/root/software/trilium-chinese/trilium-linux-x64-server/src/services/request.js:207:12)
    at ClientRequest.<anonymous> (/root/software/trilium-chinese/trilium-linux-x64-server/src/services/request.js:58:47)
    at ClientRequest.emit (node:events:517:28)
    at TLSSocket.socketErrorListener (node:_http_client:501:9)
    at TLSSocket.emit (node:events:517:28)
    at emitErrorNT (node:internal/streams/destroy:151:8)
    at emitErrorCloseNT (node:internal/streams/destroy:116:3)
    at process.processTicksAndRejections (node:internal/process/task_queues:82:21)
00:07:10.197 Sync failed: 'Request to GET https://unix.free.svipss.top:8024/api/setup/status failed, error: Error: read ECONNRESET', stack: Error: Request to GET https://unix.free.svipss.top:8024/api/setup/status failed, error: Error: read ECONNRESET
    at generateError (/root/software/trilium-chinese/trilium-linux-x64-server/src/services/request.js:207:12)
    at ClientRequest.<anonymous> (/root/software/trilium-chinese/trilium-linux-x64-server/src/services/request.js:58:47)
    at ClientRequest.emit (node:events:517:28)
    at TLSSocket.socketErrorListener (node:_http_client:501:9)
    at TLSSocket.emit (node:events:517:28)
    at emitErrorNT (node:internal/streams/destroy:151:8)
    at emitErrorCloseNT (node:internal/streams/destroy:116:3)
    at process.processTicksAndRejections (node:internal/process/task_queues:82:21)
00:08:10.206 Sync failed: 'Request to GET https://unix.free.svipss.top:8024/api/setup/status failed, error: Error: read ECONNRESET', stack: Error: Request to GET https://unix.free.svipss.top:8024/api/setup/status failed, error: Error: read ECONNRESET
    at generateError (/root/software/trilium-chinese/trilium-linux-x64-server/src/services/request.js:207:12)
    at ClientRequest.<anonymous> (/root/software/trilium-chinese/trilium-linux-x64-server/src/services/request.js:58:47)
    at ClientRequest.emit (node:events:517:28)
    at TLSSocket.socketErrorListener (node:_http_client:501:9)
    at TLSSocket.emit (node:events:517:28)
    at emitErrorNT (node:internal/streams/destroy:151:8)
    at emitErrorCloseNT (node:internal/streams/destroy:116:3)
    at process.processTicksAndRejections (node:internal/process/task_queues:82:21)
00:09:10.215 Sync failed: 'Request to GET https://unix.free.svipss.top:8024/api/setup/status failed, error: Error: read ECONNRESET', stack: Error: Request to GET https://unix.free.svipss.top:8024/api/setup/status failed, error: Error: read ECONNRESET
    at generateError (/root/software/trilium-chinese/trilium-linux-x64-server/src/services/request.js:207:12)
    at ClientRequest.<anonymous> (/root/software/trilium-chinese/trilium-linux-x64-server/src/services/request.js:58:47)
    at ClientRequest.emit (node:events:517:28)
    at TLSSocket.socketErrorListener (node:_http_client:501:9)
    at TLSSocket.emit (node:events:517:28)
    at emitErrorNT (node:internal/streams/destroy:151:8)
    at emitErrorCloseNT (node:internal/streams/destroy:116:3)
    at process.processTicksAndRejections (node:internal/process/task_queues:82:21)
00:10:10.228 Sync failed: 'Request to GET https://unix.free.svipss.top:8024/api/setup/status failed, error: Error: read ECONNRESET', stack: Error: Request to GET https://unix.free.svipss.top:8024/api/setup/status failed, error: Error: read ECONNRESET
    at generateError (/root/software/trilium-chinese/trilium-linux-x64-server/src/services/request.js:207:12)
    at ClientRequest.<anonymous> (/root/software/trilium-chinese/trilium-linux-x64-server/src/services/request.js:58:47)
    at ClientRequest.emit (node:events:517:28)
    at TLSSocket.socketErrorListener (node:_http_client:501:9)
    at TLSSocket.emit (node:events:517:28)
    at emitErrorNT (node:internal/streams/destroy:151:8)
    at emitErrorCloseNT (node:internal/streams/destroy:116:3)
    at process.processTicksAndRejections (node:internal/process/task_queues:82:21)
00:11:10.238 Sync failed: 'Request to GET https://unix.free.svipss.top:8024/api/setup/status failed, error: Error: read ECONNRESET', stack: Error: Request to GET https://unix.free.svipss.top:8024/api/setup/status failed, error: Error: read ECONNRESET
    at generateError (/root/software/trilium-chinese/trilium-linux-x64-server/src/services/request.js:207:12)
    at ClientRequest.<anonymous> (/root/software/trilium-chinese/trilium-linux-x64-server/src/services/request.js:58:47)
    at ClientRequest.emit (node:events:517:28)
    at TLSSocket.socketErrorListener (node:_http_client:501:9)
    at TLSSocket.emit (node:events:517:28)
    at emitErrorNT (node:internal/streams/destroy:151:8)
    at emitErrorCloseNT (node:internal/streams/destroy:116:3)
    at process.processTicksAndRejections (node:internal/process/task_queues:82:21)
00:12:10.243 Sync failed: 'Request to GET https://unix.free.svipss.top:8024/api/setup/status failed, error: Error: read ECONNRESET', stack: Error: Request to GET https://unix.free.svipss.top:8024/api/setup/status failed, error: Error: read ECONNRESET
    at generateError (/root/software/trilium-chinese/trilium-linux-x64-server/src/services/request.js:207:12)
    at ClientRequest.<anonymous> (/root/software/trilium-chinese/trilium-linux-x64-server/src/services/request.js:58:47)
    at ClientRequest.emit (node:events:517:28)
    at TLSSocket.socketErrorListener (node:_http_client:501:9)
    at TLSSocket.emit (node:events:517:28)
    at emitErrorNT (node:internal/streams/destroy:151:8)
    at emitErrorCloseNT (node:internal/streams/destroy:116:3)
    at process.processTicksAndRejections (node:internal/process/task_queues:82:21)
00:13:10.249 Sync failed: 'Request to GET https://unix.free.svipss.top:8024/api/setup/status failed, error: Error: read ECONNRESET', stack: Error: Request to GET https://unix.free.svipss.top:8024/api/setup/status failed, error: Error: read ECONNRESET
    at generateError (/root/software/trilium-chinese/trilium-linux-x64-server/src/services/request.js:207:12)
    at ClientRequest.<anonymous> (/root/software/trilium-chinese/trilium-linux-x64-server/src/services/request.js:58:47)
    at ClientRequest.emit (node:events:517:28)
    at TLSSocket.socketErrorListener (node:_http_client:501:9)
    at TLSSocket.emit (node:events:517:28)
    at emitErrorNT (node:internal/streams/destroy:151:8)
    at emitErrorCloseNT (node:internal/streams/destroy:116:3)
    at process.processTicksAndRejections (node:internal/process/task_queues:82:21)
00:14:10.262 Sync failed: 'Request to GET https://unix.free.svipss.top:8024/api/setup/status failed, error: Error: read ECONNRESET', stack: Error: Request to GET https://unix.free.svipss.top:8024/api/setup/status failed, error: Error: read ECONNRESET
    at generateError (/root/software/trilium-chinese/trilium-linux-x64-server/src/services/request.js:207:12)
    at ClientRequest.<anonymous> (/root/software/trilium-chinese/trilium-linux-x64-server/src/services/request.js:58:47)
    at ClientRequest.emit (node:events:517:28)
    at TLSSocket.socketErrorListener (node:_http_client:501:9)
    at TLSSocket.emit (node:events:517:28)
    at emitErrorNT (node:internal/streams/destroy:151:8)
    at emitErrorCloseNT (node:internal/streams/destroy:116:3)
    at process.processTicksAndRejections (node:internal/process/task_queues:82:21)
00:15:10.261 Sync failed: 'Request to GET https://unix.free.svipss.top:8024/api/setup/status failed, error: Error: read ECONNRESET', stack: Error: Request to GET https://unix.free.svipss.top:8024/api/setup/status failed, error: Error: read ECONNRESET
    at generateError (/root/software/trilium-chinese/trilium-linux-x64-server/src/services/request.js:207:12)
    at ClientRequest.<anonymous> (/root/software/trilium-chinese/trilium-linux-x64-server/src/services/request.js:58:47)
    at ClientRequest.emit (node:events:517:28)
    at TLSSocket.socketErrorListener (node:_http_client:501:9)
    at TLSSocket.emit (node:events:517:28)
    at emitErrorNT (node:internal/streams/destroy:151:8)
    at emitErrorCloseNT (node:internal/streams/destroy:116:3)
    at process.processTicksAndRejections (node:internal/process/task_queues:82:21)
00:16:10.267 Sync failed: 'Request to GET https://unix.free.svipss.top:8024/api/setup/status failed, error: Error: read ECONNRESET', stack: Error: Request to GET https://unix.free.svipss.top:8024/api/setup/status failed, error: Error: read ECONNRESET
    at generateError (/root/software/trilium-chinese/trilium-linux-x64-server/src/services/request.js:207:12)
    at ClientRequest.<anonymous> (/root/software/trilium-chinese/trilium-linux-x64-server/src/services/request.js:58:47)
    at ClientRequest.emit (node:events:517:28)
    at TLSSocket.socketErrorListener (node:_http_client:501:9)
    at TLSSocket.emit (node:events:517:28)
    at emitErrorNT (node:internal/streams/destroy:151:8)
    at emitErrorCloseNT (node:internal/streams/destroy:116:3)
    at process.processTicksAndRejections (node:internal/process/task_queues:82:21)
00:17:10.270 Sync failed: 'Request to GET https://unix.free.svipss.top:8024/api/setup/status failed, error: Error: read ECONNRESET', stack: Error: Request to GET https://unix.free.svipss.top:8024/api/setup/status failed, error: Error: read ECONNRESET
    at generateError (/root/software/trilium-chinese/trilium-linux-x64-server/src/services/request.js:207:12)
    at ClientRequest.<anonymous> (/root/software/trilium-chinese/trilium-linux-x64-server/src/services/request.js:58:47)
    at ClientRequest.emit (node:events:517:28)
    at TLSSocket.socketErrorListener (node:_http_client:501:9)
    at TLSSocket.emit (node:events:517:28)
    at emitErrorNT (node:internal/streams/destroy:151:8)
    at emitErrorCloseNT (node:internal/streams/destroy:116:3)
    at process.processTicksAndRejections (node:internal/process/task_queues:82:21)
00:18:10.285 Sync failed: 'Request to GET https://unix.free.svipss.top:8024/api/setup/status failed, error: Error: read ECONNRESET', stack: Error: Request to GET https://unix.free.svipss.top:8024/api/setup/status failed, error: Error: read ECONNRESET
    at generateError (/root/software/trilium-chinese/trilium-linux-x64-server/src/services/request.js:207:12)
    at ClientRequest.<anonymous> (/root/software/trilium-chinese/trilium-linux-x64-server/src/services/request.js:58:47)
    at ClientRequest.emit (node:events:517:28)
    at TLSSocket.socketErrorListener (node:_http_client:501:9)
    at TLSSocket.emit (node:events:517:28)
    at emitErrorNT (node:internal/streams/destroy:151:8)
    at emitErrorCloseNT (node:internal/streams/destroy:116:3)
    at process.processTicksAndRejections (node:internal/process/task_queues:82:21)
00:19:10.286 Sync failed: 'Request to GET https://unix.free.svipss.top:8024/api/setup/status failed, error: Error: read ECONNRESET', stack: Error: Request to GET https://unix.free.svipss.top:8024/api/setup/status failed, error: Error: read ECONNRESET
    at generateError (/root/software/trilium-chinese/trilium-linux-x64-server/src/services/request.js:207:12)
    at ClientRequest.<anonymous> (/root/software/trilium-chinese/trilium-linux-x64-server/src/services/request.js:58:47)
    at ClientRequest.emit (node:events:517:28)
    at TLSSocket.socketErrorListener (node:_http_client:501:9)
    at TLSSocket.emit (node:events:517:28)
    at emitErrorNT (node:internal/streams/destroy:151:8)
    at emitErrorCloseNT (node:internal/streams/destroy:116:3)
    at process.processTicksAndRejections (node:internal/process/task_queues:82:21)
00:20:10.302 Sync failed: 'Request to GET https://unix.free.svipss.top:8024/api/setup/status failed, error: Error: read ECONNRESET', stack: Error: Request to GET https://unix.free.svipss.top:8024/api/setup/status failed, error: Error: read ECONNRESET
    at generateError (/root/software/trilium-chinese/trilium-linux-x64-server/src/services/request.js:207:12)
    at ClientRequest.<anonymous> (/root/software/trilium-chinese/trilium-linux-x64-server/src/services/request.js:58:47)
    at ClientRequest.emit (node:events:517:28)
    at TLSSocket.socketErrorListener (node:_http_client:501:9)
    at TLSSocket.emit (node:events:517:28)
    at emitErrorNT (node:internal/streams/destroy:151:8)
    at emitErrorCloseNT (node:internal/streams/destroy:116:3)
    at process.processTicksAndRejections (node:internal/process/task_queues:82:21)
00:21:10.314 Sync failed: 'Request to GET https://unix.free.svipss.top:8024/api/setup/status failed, error: Error: read ECONNRESET', stack: Error: Request to GET https://unix.free.svipss.top:8024/api/setup/status failed, error: Error: read ECONNRESET
    at generateError (/root/software/trilium-chinese/trilium-linux-x64-server/src/services/request.js:207:12)
    at ClientRequest.<anonymous> (/root/software/trilium-chinese/trilium-linux-x64-server/src/services/request.js:58:47)
    at ClientRequest.emit (node:events:517:28)
    at TLSSocket.socketErrorListener (node:_http_client:501:9)
    at TLSSocket.emit (node:events:517:28)
    at emitErrorNT (node:internal/streams/destroy:151:8)
    at emitErrorCloseNT (node:internal/streams/destroy:116:3)
    at process.processTicksAndRejections (node:internal/process/task_queues:82:21)
00:22:10.318 Sync failed: 'Request to GET https://unix.free.svipss.top:8024/api/setup/status failed, error: Error: read ECONNRESET', stack: Error: Request to GET https://unix.free.svipss.top:8024/api/setup/status failed, error: Error: read ECONNRESET
    at generateError (/root/software/trilium-chinese/trilium-linux-x64-server/src/services/request.js:207:12)
    at ClientRequest.<anonymous> (/root/software/trilium-chinese/trilium-linux-x64-server/src/services/request.js:58:47)
    at ClientRequest.emit (node:events:517:28)
    at TLSSocket.socketErrorListener (node:_http_client:501:9)
    at TLSSocket.emit (node:events:517:28)
    at emitErrorNT (node:internal/streams/destroy:151:8)
    at emitErrorCloseNT (node:internal/streams/destroy:116:3)
    at process.processTicksAndRejections (node:internal/process/task_queues:82:21)
00:23:10.322 Sync failed: 'Request to GET https://unix.free.svipss.top:8024/api/setup/status failed, error: Error: read ECONNRESET', stack: Error: Request to GET https://unix.free.svipss.top:8024/api/setup/status failed, error: Error: read ECONNRESET
    at generateError (/root/software/trilium-chinese/trilium-linux-x64-server/src/services/request.js:207:12)
    at ClientRequest.<anonymous> (/root/software/trilium-chinese/trilium-linux-x64-server/src/services/request.js:58:47)
    at ClientRequest.emit (node:events:517:28)
    at TLSSocket.socketErrorListener (node:_http_client:501:9)
    at TLSSocket.emit (node:events:517:28)
    at emitErrorNT (node:internal/streams/destroy:151:8)
    at emitErrorCloseNT (node:internal/streams/destroy:116:3)
    at process.processTicksAndRejections (node:internal/process/task_queues:82:21)
00:24:10.324 Sync failed: 'Request to GET https://unix.free.svipss.top:8024/api/setup/status failed, error: Error: read ECONNRESET', stack: Error: Request to GET https://unix.free.svipss.top:8024/api/setup/status failed, error: Error: read ECONNRESET
    at generateError (/root/software/trilium-chinese/trilium-linux-x64-server/src/services/request.js:207:12)
    at ClientRequest.<anonymous> (/root/software/trilium-chinese/trilium-linux-x64-server/src/services/request.js:58:47)
    at ClientRequest.emit (node:events:517:28)
    at TLSSocket.socketErrorListener (node:_http_client:501:9)
    at TLSSocket.emit (node:events:517:28)
    at emitErrorNT (node:internal/streams/destroy:151:8)
    at emitErrorCloseNT (node:internal/streams/destroy:116:3)
    at process.processTicksAndRejections (node:internal/process/task_queues:82:21)
00:25:10.332 Sync failed: 'Request to GET https://unix.free.svipss.top:8024/api/setup/status failed, error: Error: read ECONNRESET', stack: Error: Request to GET https://unix.free.svipss.top:8024/api/setup/status failed, error: Error: read ECONNRESET
    at generateError (/root/software/trilium-chinese/trilium-linux-x64-server/src/services/request.js:207:12)
    at ClientRequest.<anonymous> (/root/software/trilium-chinese/trilium-linux-x64-server/src/services/request.js:58:47)
    at ClientRequest.emit (node:events:517:28)
    at TLSSocket.socketErrorListener (node:_http_client:501:9)
    at TLSSocket.emit (node:events:517:28)
    at emitErrorNT (node:internal/streams/destroy:151:8)
    at emitErrorCloseNT (node:internal/streams/destroy:116:3)
    at process.processTicksAndRejections (node:internal/process/task_queues:82:21)
00:26:10.341 Sync failed: 'Request to GET https://unix.free.svipss.top:8024/api/setup/status failed, error: Error: read ECONNRESET', stack: Error: Request to GET https://unix.free.svipss.top:8024/api/setup/status failed, error: Error: read ECONNRESET
    at generateError (/root/software/trilium-chinese/trilium-linux-x64-server/src/services/request.js:207:12)
    at ClientRequest.<anonymous> (/root/software/trilium-chinese/trilium-linux-x64-server/src/services/request.js:58:47)
    at ClientRequest.emit (node:events:517:28)
    at TLSSocket.socketErrorListener (node:_http_client:501:9)
    at TLSSocket.emit (node:events:517:28)
    at emitErrorNT (node:internal/streams/destroy:151:8)
    at emitErrorCloseNT (node:internal/streams/destroy:116:3)
    at process.processTicksAndRejections (node:internal/process/task_queues:82:21)
00:27:10.352 Sync failed: 'Request to GET https://unix.free.svipss.top:8024/api/setup/status failed, error: Error: read ECONNRESET', stack: Error: Request to GET https://unix.free.svipss.top:8024/api/setup/status failed, error: Error: read ECONNRESET
    at generateError (/root/software/trilium-chinese/trilium-linux-x64-server/src/services/request.js:207:12)
    at ClientRequest.<anonymous> (/root/software/trilium-chinese/trilium-linux-x64-server/src/services/request.js:58:47)
    at ClientRequest.emit (node:events:517:28)
    at TLSSocket.socketErrorListener (node:_http_client:501:9)
    at TLSSocket.emit (node:events:517:28)
    at emitErrorNT (node:internal/streams/destroy:151:8)
    at emitErrorCloseNT (node:internal/streams/destroy:116:3)
    at process.processTicksAndRejections (node:internal/process/task_queues:82:21)
00:28:10.360 Sync failed: 'Request to GET https://unix.free.svipss.top:8024/api/setup/status failed, error: Error: read ECONNRESET', stack: Error: Request to GET https://unix.free.svipss.top:8024/api/setup/status failed, error: Error: read ECONNRESET
    at generateError (/root/software/trilium-chinese/trilium-linux-x64-server/src/services/request.js:207:12)
    at ClientRequest.<anonymous> (/root/software/trilium-chinese/trilium-linux-x64-server/src/services/request.js:58:47)
    at ClientRequest.emit (node:events:517:28)
    at TLSSocket.socketErrorListener (node:_http_client:501:9)
    at TLSSocket.emit (node:events:517:28)
    at emitErrorNT (node:internal/streams/destroy:151:8)
    at emitErrorCloseNT (node:internal/streams/destroy:116:3)
    at process.processTicksAndRejections (node:internal/process/task_queues:82:21)
00:29:10.358 Sync failed: 'Request to GET https://unix.free.svipss.top:8024/api/setup/status failed, error: Error: read ECONNRESET', stack: Error: Request to GET https://unix.free.svipss.top:8024/api/setup/status failed, error: Error: read ECONNRESET
    at generateError (/root/software/trilium-chinese/trilium-linux-x64-server/src/services/request.js:207:12)
    at ClientRequest.<anonymous> (/root/software/trilium-chinese/trilium-linux-x64-server/src/services/request.js:58:47)
    at ClientRequest.emit (node:events:517:28)
    at TLSSocket.socketErrorListener (node:_http_client:501:9)
    at TLSSocket.emit (node:events:517:28)
    at emitErrorNT (node:internal/streams/destroy:151:8)
    at emitErrorCloseNT (node:internal/streams/destroy:116:3)
    at process.processTicksAndRejections (node:internal/process/task_queues:82:21)
00:30:10.373 Sync failed: 'Request to GET https://unix.free.svipss.top:8024/api/setup/status failed, error: Error: read ECONNRESET', stack: Error: Request to GET https://unix.free.svipss.top:8024/api/setup/status failed, error: Error: read ECONNRESET
    at generateError (/root/software/trilium-chinese/trilium-linux-x64-server/src/services/request.js:207:12)
    at ClientRequest.<anonymous> (/root/software/trilium-chinese/trilium-linux-x64-server/src/services/request.js:58:47)
    at ClientRequest.emit (node:events:517:28)
    at TLSSocket.socketErrorListener (node:_http_client:501:9)
    at TLSSocket.emit (node:events:517:28)
    at emitErrorNT (node:internal/streams/destroy:151:8)
    at emitErrorCloseNT (node:internal/streams/destroy:116:3)
    at process.processTicksAndRejections (node:internal/process/task_queues:82:21)
00:31:10.382 Sync failed: 'Request to GET https://unix.free.svipss.top:8024/api/setup/status failed, error: Error: read ECONNRESET', stack: Error: Request to GET https://unix.free.svipss.top:8024/api/setup/status failed, error: Error: read ECONNRESET
    at generateError (/root/software/trilium-chinese/trilium-linux-x64-server/src/services/request.js:207:12)
    at ClientRequest.<anonymous> (/root/software/trilium-chinese/trilium-linux-x64-server/src/services/request.js:58:47)
    at ClientRequest.emit (node:events:517:28)
    at TLSSocket.socketErrorListener (node:_http_client:501:9)
    at TLSSocket.emit (node:events:517:28)
    at emitErrorNT (node:internal/streams/destroy:151:8)
    at emitErrorCloseNT (node:internal/streams/destroy:116:3)
    at process.processTicksAndRejections (node:internal/process/task_queues:82:21)
00:32:10.391 Sync failed: 'Request to GET https://unix.free.svipss.top:8024/api/setup/status failed, error: Error: read ECONNRESET', stack: Error: Request to GET https://unix.free.svipss.top:8024/api/setup/status failed, error: Error: read ECONNRESET
    at generateError (/root/software/trilium-chinese/trilium-linux-x64-server/src/services/request.js:207:12)
    at ClientRequest.<anonymous> (/root/software/trilium-chinese/trilium-linux-x64-server/src/services/request.js:58:47)
    at ClientRequest.emit (node:events:517:28)
    at TLSSocket.socketErrorListener (node:_http_client:501:9)
    at TLSSocket.emit (node:events:517:28)
    at emitErrorNT (node:internal/streams/destroy:151:8)
    at emitErrorCloseNT (node:internal/streams/destroy:116:3)
    at process.processTicksAndRejections (node:internal/process/task_queues:82:21)
00:33:10.392 Sync failed: 'Request to GET https://unix.free.svipss.top:8024/api/setup/status failed, error: Error: read ECONNRESET', stack: Error: Request to GET https://unix.free.svipss.top:8024/api/setup/status failed, error: Error: read ECONNRESET
    at generateError (/root/software/trilium-chinese/trilium-linux-x64-server/src/services/request.js:207:12)
    at ClientRequest.<anonymous> (/root/software/trilium-chinese/trilium-linux-x64-server/src/services/request.js:58:47)
    at ClientRequest.emit (node:events:517:28)
    at TLSSocket.socketErrorListener (node:_http_client:501:9)
    at TLSSocket.emit (node:events:517:28)
    at emitErrorNT (node:internal/streams/destroy:151:8)
    at emitErrorCloseNT (node:internal/streams/destroy:116:3)
    at process.processTicksAndRejections (node:internal/process/task_queues:82:21)
00:34:10.409 Sync failed: 'Request to GET https://unix.free.svipss.top:8024/api/setup/status failed, error: Error: read ECONNRESET', stack: Error: Request to GET https://unix.free.svipss.top:8024/api/setup/status failed, error: Error: read ECONNRESET
    at generateError (/root/software/trilium-chinese/trilium-linux-x64-server/src/services/request.js:207:12)
    at ClientRequest.<anonymous> (/root/software/trilium-chinese/trilium-linux-x64-server/src/services/request.js:58:47)
    at ClientRequest.emit (node:events:517:28)
    at TLSSocket.socketErrorListener (node:_http_client:501:9)
    at TLSSocket.emit (node:events:517:28)
    at emitErrorNT (node:internal/streams/destroy:151:8)
    at emitErrorCloseNT (node:internal/streams/destroy:116:3)
    at process.processTicksAndRejections (node:internal/process/task_queues:82:21)
00:35:10.411 Sync failed: 'Request to GET https://unix.free.svipss.top:8024/api/setup/status failed, error: Error: read ECONNRESET', stack: Error: Request to GET https://unix.free.svipss.top:8024/api/setup/status failed, error: Error: read ECONNRESET
    at generateError (/root/software/trilium-chinese/trilium-linux-x64-server/src/services/request.js:207:12)
    at ClientRequest.<anonymous> (/root/software/trilium-chinese/trilium-linux-x64-server/src/services/request.js:58:47)
    at ClientRequest.emit (node:events:517:28)
    at TLSSocket.socketErrorListener (node:_http_client:501:9)
    at TLSSocket.emit (node:events:517:28)
    at emitErrorNT (node:internal/streams/destroy:151:8)
    at emitErrorCloseNT (node:internal/streams/destroy:116:3)
    at process.processTicksAndRejections (node:internal/process/task_queues:82:21)
00:36:10.430 Sync failed: 'Request to GET https://unix.free.svipss.top:8024/api/setup/status failed, error: Error: read ECONNRESET', stack: Error: Request to GET https://unix.free.svipss.top:8024/api/setup/status failed, error: Error: read ECONNRESET
    at generateError (/root/software/trilium-chinese/trilium-linux-x64-server/src/services/request.js:207:12)
    at ClientRequest.<anonymous> (/root/software/trilium-chinese/trilium-linux-x64-server/src/services/request.js:58:47)
    at ClientRequest.emit (node:events:517:28)
    at TLSSocket.socketErrorListener (node:_http_client:501:9)
    at TLSSocket.emit (node:events:517:28)
    at emitErrorNT (node:internal/streams/destroy:151:8)
    at emitErrorCloseNT (node:internal/streams/destroy:116:3)
    at process.processTicksAndRejections (node:internal/process/task_queues:82:21)
00:37:10.427 Sync failed: 'Request to GET https://unix.free.svipss.top:8024/api/setup/status failed, error: Error: read ECONNRESET', stack: Error: Request to GET https://unix.free.svipss.top:8024/api/setup/status failed, error: Error: read ECONNRESET
    at generateError (/root/software/trilium-chinese/trilium-linux-x64-server/src/services/request.js:207:12)
    at ClientRequest.<anonymous> (/root/software/trilium-chinese/trilium-linux-x64-server/src/services/request.js:58:47)
    at ClientRequest.emit (node:events:517:28)
    at TLSSocket.socketErrorListener (node:_http_client:501:9)
    at TLSSocket.emit (node:events:517:28)
    at emitErrorNT (node:internal/streams/destroy:151:8)
    at emitErrorCloseNT (node:internal/streams/destroy:116:3)
    at process.processTicksAndRejections (node:internal/process/task_queues:82:21)
00:38:10.448 Sync failed: 'Request to GET https://unix.free.svipss.top:8024/api/setup/status failed, error: Error: read ECONNRESET', stack: Error: Request to GET https://unix.free.svipss.top:8024/api/setup/status failed, error: Error: read ECONNRESET
    at generateError (/root/software/trilium-chinese/trilium-linux-x64-server/src/services/request.js:207:12)
    at ClientRequest.<anonymous> (/root/software/trilium-chinese/trilium-linux-x64-server/src/services/request.js:58:47)
    at ClientRequest.emit (node:events:517:28)
    at TLSSocket.socketErrorListener (node:_http_client:501:9)
    at TLSSocket.emit (node:events:517:28)
    at emitErrorNT (node:internal/streams/destroy:151:8)
    at emitErrorCloseNT (node:internal/streams/destroy:116:3)
    at process.processTicksAndRejections (node:internal/process/task_queues:82:21)
00:39:10.444 Sync failed: 'Request to GET https://unix.free.svipss.top:8024/api/setup/status failed, error: Error: read ECONNRESET', stack: Error: Request to GET https://unix.free.svipss.top:8024/api/setup/status failed, error: Error: read ECONNRESET
    at generateError (/root/software/trilium-chinese/trilium-linux-x64-server/src/services/request.js:207:12)
    at ClientRequest.<anonymous> (/root/software/trilium-chinese/trilium-linux-x64-server/src/services/request.js:58:47)
    at ClientRequest.emit (node:events:517:28)
    at TLSSocket.socketErrorListener (node:_http_client:501:9)
    at TLSSocket.emit (node:events:517:28)
    at emitErrorNT (node:internal/streams/destroy:151:8)
    at emitErrorCloseNT (node:internal/streams/destroy:116:3)
    at process.processTicksAndRejections (node:internal/process/task_queues:82:21)
00:40:10.459 Sync failed: 'Request to GET https://unix.free.svipss.top:8024/api/setup/status failed, error: Error: read ECONNRESET', stack: Error: Request to GET https://unix.free.svipss.top:8024/api/setup/status failed, error: Error: read ECONNRESET
    at generateError (/root/software/trilium-chinese/trilium-linux-x64-server/src/services/request.js:207:12)
    at ClientRequest.<anonymous> (/root/software/trilium-chinese/trilium-linux-x64-server/src/services/request.js:58:47)
    at ClientRequest.emit (node:events:517:28)
    at TLSSocket.socketErrorListener (node:_http_client:501:9)
    at TLSSocket.emit (node:events:517:28)
    at emitErrorNT (node:internal/streams/destroy:151:8)
    at emitErrorCloseNT (node:internal/streams/destroy:116:3)
    at process.processTicksAndRejections (node:internal/process/task_queues:82:21)
00:41:10.469 Sync failed: 'Request to GET https://unix.free.svipss.top:8024/api/setup/status failed, error: Error: read ECONNRESET', stack: Error: Request to GET https://unix.free.svipss.top:8024/api/setup/status failed, error: Error: read ECONNRESET
    at generateError (/root/software/trilium-chinese/trilium-linux-x64-server/src/services/request.js:207:12)
    at ClientRequest.<anonymous> (/root/software/trilium-chinese/trilium-linux-x64-server/src/services/request.js:58:47)
    at ClientRequest.emit (node:events:517:28)
    at TLSSocket.socketErrorListener (node:_http_client:501:9)
    at TLSSocket.emit (node:events:517:28)
    at emitErrorNT (node:internal/streams/destroy:151:8)
    at emitErrorCloseNT (node:internal/streams/destroy:116:3)
    at process.processTicksAndRejections (node:internal/process/task_queues:82:21)
00:42:10.482 Sync failed: 'Request to GET https://unix.free.svipss.top:8024/api/setup/status failed, error: Error: read ECONNRESET', stack: Error: Request to GET https://unix.free.svipss.top:8024/api/setup/status failed, error: Error: read ECONNRESET
    at generateError (/root/software/trilium-chinese/trilium-linux-x64-server/src/services/request.js:207:12)
    at ClientRequest.<anonymous> (/root/software/trilium-chinese/trilium-linux-x64-server/src/services/request.js:58:47)
    at ClientRequest.emit (node:events:517:28)
    at TLSSocket.socketErrorListener (node:_http_client:501:9)
    at TLSSocket.emit (node:events:517:28)
    at emitErrorNT (node:internal/streams/destroy:151:8)
    at emitErrorCloseNT (node:internal/streams/destroy:116:3)
    at process.processTicksAndRejections (node:internal/process/task_queues:82:21)
00:43:10.482 Sync failed: 'Request to GET https://unix.free.svipss.top:8024/api/setup/status failed, error: Error: read ECONNRESET', stack: Error: Request to GET https://unix.free.svipss.top:8024/api/setup/status failed, error: Error: read ECONNRESET
    at generateError (/root/software/trilium-chinese/trilium-linux-x64-server/src/services/request.js:207:12)
    at ClientRequest.<anonymous> (/root/software/trilium-chinese/trilium-linux-x64-server/src/services/request.js:58:47)
    at ClientRequest.emit (node:events:517:28)
    at TLSSocket.socketErrorListener (node:_http_client:501:9)
    at TLSSocket.emit (node:events:517:28)
    at emitErrorNT (node:internal/streams/destroy:151:8)
    at emitErrorCloseNT (node:internal/streams/destroy:116:3)
    at process.processTicksAndRejections (node:internal/process/task_queues:82:21)
00:44:10.495 Sync failed: 'Request to GET https://unix.free.svipss.top:8024/api/setup/status failed, error: Error: read ECONNRESET', stack: Error: Request to GET https://unix.free.svipss.top:8024/api/setup/status failed, error: Error: read ECONNRESET
    at generateError (/root/software/trilium-chinese/trilium-linux-x64-server/src/services/request.js:207:12)
    at ClientRequest.<anonymous> (/root/software/trilium-chinese/trilium-linux-x64-server/src/services/request.js:58:47)
    at ClientRequest.emit (node:events:517:28)
    at TLSSocket.socketErrorListener (node:_http_client:501:9)
    at TLSSocket.emit (node:events:517:28)
    at emitErrorNT (node:internal/streams/destroy:151:8)
    at emitErrorCloseNT (node:internal/streams/destroy:116:3)
    at process.processTicksAndRejections (node:internal/process/task_queues:82:21)
00:45:10.498 Sync failed: 'Request to GET https://unix.free.svipss.top:8024/api/setup/status failed, error: Error: read ECONNRESET', stack: Error: Request to GET https://unix.free.svipss.top:8024/api/setup/status failed, error: Error: read ECONNRESET
    at generateError (/root/software/trilium-chinese/trilium-linux-x64-server/src/services/request.js:207:12)
    at ClientRequest.<anonymous> (/root/software/trilium-chinese/trilium-linux-x64-server/src/services/request.js:58:47)
    at ClientRequest.emit (node:events:517:28)
    at TLSSocket.socketErrorListener (node:_http_client:501:9)
    at TLSSocket.emit (node:events:517:28)
    at emitErrorNT (node:internal/streams/destroy:151:8)
    at emitErrorCloseNT (node:internal/streams/destroy:116:3)
    at process.processTicksAndRejections (node:internal/process/task_queues:82:21)
00:46:06.859 Optimizing database
00:46:06.861 Optimization finished in 1ms.
00:46:07.191 Table counts: notes: 308, revisions: 120, attachments: 66, branches: 311, attributes: 457, etapi_tokens: 0, blobs: 331
00:46:07.219 All consistency checks passed with no errors detected (took 29ms)
00:46:10.507 Sync failed: 'Request to GET https://unix.free.svipss.top:8024/api/setup/status failed, error: Error: read ECONNRESET', stack: Error: Request to GET https://unix.free.svipss.top:8024/api/setup/status failed, error: Error: read ECONNRESET
    at generateError (/root/software/trilium-chinese/trilium-linux-x64-server/src/services/request.js:207:12)
    at ClientRequest.<anonymous> (/root/software/trilium-chinese/trilium-linux-x64-server/src/services/request.js:58:47)
    at ClientRequest.emit (node:events:517:28)
    at TLSSocket.socketErrorListener (node:_http_client:501:9)
    at TLSSocket.emit (node:events:517:28)
    at emitErrorNT (node:internal/streams/destroy:151:8)
    at emitErrorCloseNT (node:internal/streams/destroy:116:3)
    at process.processTicksAndRejections (node:internal/process/task_queues:82:21)
00:47:10.515 Sync failed: 'Request to GET https://unix.free.svipss.top:8024/api/setup/status failed, error: Error: read ECONNRESET', stack: Error: Request to GET https://unix.free.svipss.top:8024/api/setup/status failed, error: Error: read ECONNRESET
    at generateError (/root/software/trilium-chinese/trilium-linux-x64-server/src/services/request.js:207:12)
    at ClientRequest.<anonymous> (/root/software/trilium-chinese/trilium-linux-x64-server/src/services/request.js:58:47)
    at ClientRequest.emit (node:events:517:28)
    at TLSSocket.socketErrorListener (node:_http_client:501:9)
    at TLSSocket.emit (node:events:517:28)
    at emitErrorNT (node:internal/streams/destroy:151:8)
    at emitErrorCloseNT (node:internal/streams/destroy:116:3)
    at process.processTicksAndRejections (node:internal/process/task_queues:82:21)
00:48:10.518 Sync failed: 'Request to GET https://unix.free.svipss.top:8024/api/setup/status failed, error: Error: read ECONNRESET', stack: Error: Request to GET https://unix.free.svipss.top:8024/api/setup/status failed, error: Error: read ECONNRESET
    at generateError (/root/software/trilium-chinese/trilium-linux-x64-server/src/services/request.js:207:12)
    at ClientRequest.<anonymous> (/root/software/trilium-chinese/trilium-linux-x64-server/src/services/request.js:58:47)
    at ClientRequest.emit (node:events:517:28)
    at TLSSocket.socketErrorListener (node:_http_client:501:9)
    at TLSSocket.emit (node:events:517:28)
    at emitErrorNT (node:internal/streams/destroy:151:8)
    at emitErrorCloseNT (node:internal/streams/destroy:116:3)
    at process.processTicksAndRejections (node:internal/process/task_queues:82:21)
00:49:10.530 Sync failed: 'Request to GET https://unix.free.svipss.top:8024/api/setup/status failed, error: Error: read ECONNRESET', stack: Error: Request to GET https://unix.free.svipss.top:8024/api/setup/status failed, error: Error: read ECONNRESET
    at generateError (/root/software/trilium-chinese/trilium-linux-x64-server/src/services/request.js:207:12)
    at ClientRequest.<anonymous> (/root/software/trilium-chinese/trilium-linux-x64-server/src/services/request.js:58:47)
    at ClientRequest.emit (node:events:517:28)
    at TLSSocket.socketErrorListener (node:_http_client:501:9)
    at TLSSocket.emit (node:events:517:28)
    at emitErrorNT (node:internal/streams/destroy:151:8)
    at emitErrorCloseNT (node:internal/streams/destroy:116:3)
    at process.processTicksAndRejections (node:internal/process/task_queues:82:21)
00:50:10.540 Sync failed: 'Request to GET https://unix.free.svipss.top:8024/api/setup/status failed, error: Error: read ECONNRESET', stack: Error: Request to GET https://unix.free.svipss.top:8024/api/setup/status failed, error: Error: read ECONNRESET
    at generateError (/root/software/trilium-chinese/trilium-linux-x64-server/src/services/request.js:207:12)
    at ClientRequest.<anonymous> (/root/software/trilium-chinese/trilium-linux-x64-server/src/services/request.js:58:47)
    at ClientRequest.emit (node:events:517:28)
    at TLSSocket.socketErrorListener (node:_http_client:501:9)
    at TLSSocket.emit (node:events:517:28)
    at emitErrorNT (node:internal/streams/destroy:151:8)
    at emitErrorCloseNT (node:internal/streams/destroy:116:3)
    at process.processTicksAndRejections (node:internal/process/task_queues:82:21)
00:51:10.549 Sync failed: 'Request to GET https://unix.free.svipss.top:8024/api/setup/status failed, error: Error: read ECONNRESET', stack: Error: Request to GET https://unix.free.svipss.top:8024/api/setup/status failed, error: Error: read ECONNRESET
    at generateError (/root/software/trilium-chinese/trilium-linux-x64-server/src/services/request.js:207:12)
    at ClientRequest.<anonymous> (/root/software/trilium-chinese/trilium-linux-x64-server/src/services/request.js:58:47)
    at ClientRequest.emit (node:events:517:28)
    at TLSSocket.socketErrorListener (node:_http_client:501:9)
    at TLSSocket.emit (node:events:517:28)
    at emitErrorNT (node:internal/streams/destroy:151:8)
    at emitErrorCloseNT (node:internal/streams/destroy:116:3)
    at process.processTicksAndRejections (node:internal/process/task_queues:82:21)
00:52:10.560 Sync failed: 'Request to GET https://unix.free.svipss.top:8024/api/setup/status failed, error: Error: read ECONNRESET', stack: Error: Request to GET https://unix.free.svipss.top:8024/api/setup/status failed, error: Error: read ECONNRESET
    at generateError (/root/software/trilium-chinese/trilium-linux-x64-server/src/services/request.js:207:12)
    at ClientRequest.<anonymous> (/root/software/trilium-chinese/trilium-linux-x64-server/src/services/request.js:58:47)
    at ClientRequest.emit (node:events:517:28)
    at TLSSocket.socketErrorListener (node:_http_client:501:9)
    at TLSSocket.emit (node:events:517:28)
    at emitErrorNT (node:internal/streams/destroy:151:8)
    at emitErrorCloseNT (node:internal/streams/destroy:116:3)
    at process.processTicksAndRejections (node:internal/process/task_queues:82:21)
00:53:10.564 Sync failed: 'Request to GET https://unix.free.svipss.top:8024/api/setup/status failed, error: Error: read ECONNRESET', stack: Error: Request to GET https://unix.free.svipss.top:8024/api/setup/status failed, error: Error: read ECONNRESET
    at generateError (/root/software/trilium-chinese/trilium-linux-x64-server/src/services/request.js:207:12)
    at ClientRequest.<anonymous> (/root/software/trilium-chinese/trilium-linux-x64-server/src/services/request.js:58:47)
    at ClientRequest.emit (node:events:517:28)
    at TLSSocket.socketErrorListener (node:_http_client:501:9)
    at TLSSocket.emit (node:events:517:28)
    at emitErrorNT (node:internal/streams/destroy:151:8)
    at emitErrorCloseNT (node:internal/streams/destroy:116:3)
    at process.processTicksAndRejections (node:internal/process/task_queues:82:21)
00:54:10.574 Sync failed: 'Request to GET https://unix.free.svipss.top:8024/api/setup/status failed, error: Error: read ECONNRESET', stack: Error: Request to GET https://unix.free.svipss.top:8024/api/setup/status failed, error: Error: read ECONNRESET
    at generateError (/root/software/trilium-chinese/trilium-linux-x64-server/src/services/request.js:207:12)
    at ClientRequest.<anonymous> (/root/software/trilium-chinese/trilium-linux-x64-server/src/services/request.js:58:47)
    at ClientRequest.emit (node:events:517:28)
    at TLSSocket.socketErrorListener (node:_http_client:501:9)
    at TLSSocket.emit (node:events:517:28)
    at emitErrorNT (node:internal/streams/destroy:151:8)
    at emitErrorCloseNT (node:internal/streams/destroy:116:3)
    at process.processTicksAndRejections (node:internal/process/task_queues:82:21)
00:55:10.575 Sync failed: 'Request to GET https://unix.free.svipss.top:8024/api/setup/status failed, error: Error: read ECONNRESET', stack: Error: Request to GET https://unix.free.svipss.top:8024/api/setup/status failed, error: Error: read ECONNRESET
    at generateError (/root/software/trilium-chinese/trilium-linux-x64-server/src/services/request.js:207:12)
    at ClientRequest.<anonymous> (/root/software/trilium-chinese/trilium-linux-x64-server/src/services/request.js:58:47)
    at ClientRequest.emit (node:events:517:28)
    at TLSSocket.socketErrorListener (node:_http_client:501:9)
    at TLSSocket.emit (node:events:517:28)
    at emitErrorNT (node:internal/streams/destroy:151:8)
    at emitErrorCloseNT (node:internal/streams/destroy:116:3)
    at process.processTicksAndRejections (node:internal/process/task_queues:82:21)
00:56:10.588 Sync failed: 'Request to GET https://unix.free.svipss.top:8024/api/setup/status failed, error: Error: read ECONNRESET', stack: Error: Request to GET https://unix.free.svipss.top:8024/api/setup/status failed, error: Error: read ECONNRESET
    at generateError (/root/software/trilium-chinese/trilium-linux-x64-server/src/services/request.js:207:12)
    at ClientRequest.<anonymous> (/root/software/trilium-chinese/trilium-linux-x64-server/src/services/request.js:58:47)
    at ClientRequest.emit (node:events:517:28)
    at TLSSocket.socketErrorListener (node:_http_client:501:9)
    at TLSSocket.emit (node:events:517:28)
    at emitErrorNT (node:internal/streams/destroy:151:8)
    at emitErrorCloseNT (node:internal/streams/destroy:116:3)
    at process.processTicksAndRejections (node:internal/process/task_queues:82:21)
00:57:10.593 Sync failed: 'Request to GET https://unix.free.svipss.top:8024/api/setup/status failed, error: Error: read ECONNRESET', stack: Error: Request to GET https://unix.free.svipss.top:8024/api/setup/status failed, error: Error: read ECONNRESET
    at generateError (/root/software/trilium-chinese/trilium-linux-x64-server/src/services/request.js:207:12)
    at ClientRequest.<anonymous> (/root/software/trilium-chinese/trilium-linux-x64-server/src/services/request.js:58:47)
    at ClientRequest.emit (node:events:517:28)
    at TLSSocket.socketErrorListener (node:_http_client:501:9)
    at TLSSocket.emit (node:events:517:28)
    at emitErrorNT (node:internal/streams/destroy:151:8)
    at emitErrorCloseNT (node:internal/streams/destroy:116:3)
    at process.processTicksAndRejections (node:internal/process/task_queues:82:21)
00:58:10.606 Sync failed: 'Request to GET https://unix.free.svipss.top:8024/api/setup/status failed, error: Error: read ECONNRESET', stack: Error: Request to GET https://unix.free.svipss.top:8024/api/setup/status failed, error: Error: read ECONNRESET
    at generateError (/root/software/trilium-chinese/trilium-linux-x64-server/src/services/request.js:207:12)
    at ClientRequest.<anonymous> (/root/software/trilium-chinese/trilium-linux-x64-server/src/services/request.js:58:47)
    at ClientRequest.emit (node:events:517:28)
    at TLSSocket.socketErrorListener (node:_http_client:501:9)
    at TLSSocket.emit (node:events:517:28)
    at emitErrorNT (node:internal/streams/destroy:151:8)
    at emitErrorCloseNT (node:internal/streams/destroy:116:3)
    at process.processTicksAndRejections (node:internal/process/task_queues:82:21)
00:59:10.612 Sync failed: 'Request to GET https://unix.free.svipss.top:8024/api/setup/status failed, error: Error: read ECONNRESET', stack: Error: Request to GET https://unix.free.svipss.top:8024/api/setup/status failed, error: Error: read ECONNRESET
    at generateError (/root/software/trilium-chinese/trilium-linux-x64-server/src/services/request.js:207:12)
    at ClientRequest.<anonymous> (/root/software/trilium-chinese/trilium-linux-x64-server/src/services/request.js:58:47)
    at ClientRequest.emit (node:events:517:28)
    at TLSSocket.socketErrorListener (node:_http_client:501:9)
    at TLSSocket.emit (node:events:517:28)
    at emitErrorNT (node:internal/streams/destroy:151:8)
    at emitErrorCloseNT (node:internal/streams/destroy:116:3)
    at process.processTicksAndRejections (node:internal/process/task_queues:82:21)
01:00:10.624 Sync failed: 'Request to GET https://unix.free.svipss.top:8024/api/setup/status failed, error: Error: read ECONNRESET', stack: Error: Request to GET https://unix.free.svipss.top:8024/api/setup/status failed, error: Error: read ECONNRESET
    at generateError (/root/software/trilium-chinese/trilium-linux-x64-server/src/services/request.js:207:12)
    at ClientRequest.<anonymous> (/root/software/trilium-chinese/trilium-linux-x64-server/src/services/request.js:58:47)
    at ClientRequest.emit (node:events:517:28)
    at TLSSocket.socketErrorListener (node:_http_client:501:9)
    at TLSSocket.emit (node:events:517:28)
    at emitErrorNT (node:internal/streams/destroy:151:8)
    at emitErrorCloseNT (node:internal/streams/destroy:116:3)
    at process.processTicksAndRejections (node:internal/process/task_queues:82:21)
01:01:10.627 Sync failed: 'Request to GET https://unix.free.svipss.top:8024/api/setup/status failed, error: Error: read ECONNRESET', stack: Error: Request to GET https://unix.free.svipss.top:8024/api/setup/status failed, error: Error: read ECONNRESET
    at generateError (/root/software/trilium-chinese/trilium-linux-x64-server/src/services/request.js:207:12)
    at ClientRequest.<anonymous> (/root/software/trilium-chinese/trilium-linux-x64-server/src/services/request.js:58:47)
    at ClientRequest.emit (node:events:517:28)
    at TLSSocket.socketErrorListener (node:_http_client:501:9)
    at TLSSocket.emit (node:events:517:28)
    at emitErrorNT (node:internal/streams/destroy:151:8)
    at emitErrorCloseNT (node:internal/streams/destroy:116:3)
    at process.processTicksAndRejections (node:internal/process/task_queues:82:21)
01:02:10.650 Sync failed: 'Request to GET https://unix.free.svipss.top:8024/api/setup/status failed, error: Error: read ECONNRESET', stack: Error: Request to GET https://unix.free.svipss.top:8024/api/setup/status failed, error: Error: read ECONNRESET
    at generateError (/root/software/trilium-chinese/trilium-linux-x64-server/src/services/request.js:207:12)
    at ClientRequest.<anonymous> (/root/software/trilium-chinese/trilium-linux-x64-server/src/services/request.js:58:47)
    at ClientRequest.emit (node:events:517:28)
    at TLSSocket.socketErrorListener (node:_http_client:501:9)
    at TLSSocket.emit (node:events:517:28)
    at emitErrorNT (node:internal/streams/destroy:151:8)
    at emitErrorCloseNT (node:internal/streams/destroy:116:3)
    at process.processTicksAndRejections (node:internal/process/task_queues:82:21)
01:03:10.644 Sync failed: 'Request to GET https://unix.free.svipss.top:8024/api/setup/status failed, error: Error: read ECONNRESET', stack: Error: Request to GET https://unix.free.svipss.top:8024/api/setup/status failed, error: Error: read ECONNRESET
    at generateError (/root/software/trilium-chinese/trilium-linux-x64-server/src/services/request.js:207:12)
    at ClientRequest.<anonymous> (/root/software/trilium-chinese/trilium-linux-x64-server/src/services/request.js:58:47)
    at ClientRequest.emit (node:events:517:28)
    at TLSSocket.socketErrorListener (node:_http_client:501:9)
    at TLSSocket.emit (node:events:517:28)
    at emitErrorNT (node:internal/streams/destroy:151:8)
    at emitErrorCloseNT (node:internal/streams/destroy:116:3)
    at process.processTicksAndRejections (node:internal/process/task_queues:82:21)
01:04:10.656 Sync failed: 'Request to GET https://unix.free.svipss.top:8024/api/setup/status failed, error: Error: read ECONNRESET', stack: Error: Request to GET https://unix.free.svipss.top:8024/api/setup/status failed, error: Error: read ECONNRESET
    at generateError (/root/software/trilium-chinese/trilium-linux-x64-server/src/services/request.js:207:12)
    at ClientRequest.<anonymous> (/root/software/trilium-chinese/trilium-linux-x64-server/src/services/request.js:58:47)
    at ClientRequest.emit (node:events:517:28)
    at TLSSocket.socketErrorListener (node:_http_client:501:9)
    at TLSSocket.emit (node:events:517:28)
    at emitErrorNT (node:internal/streams/destroy:151:8)
    at emitErrorCloseNT (node:internal/streams/destroy:116:3)
    at process.processTicksAndRejections (node:internal/process/task_queues:82:21)
01:05:10.656 Sync failed: 'Request to GET https://unix.free.svipss.top:8024/api/setup/status failed, error: Error: read ECONNRESET', stack: Error: Request to GET https://unix.free.svipss.top:8024/api/setup/status failed, error: Error: read ECONNRESET
    at generateError (/root/software/trilium-chinese/trilium-linux-x64-server/src/services/request.js:207:12)
    at ClientRequest.<anonymous> (/root/software/trilium-chinese/trilium-linux-x64-server/src/services/request.js:58:47)
    at ClientRequest.emit (node:events:517:28)
    at TLSSocket.socketErrorListener (node:_http_client:501:9)
    at TLSSocket.emit (node:events:517:28)
    at emitErrorNT (node:internal/streams/destroy:151:8)
    at emitErrorCloseNT (node:internal/streams/destroy:116:3)
    at process.processTicksAndRejections (node:internal/process/task_queues:82:21)
01:06:10.667 Sync failed: 'Request to GET https://unix.free.svipss.top:8024/api/setup/status failed, error: Error: read ECONNRESET', stack: Error: Request to GET https://unix.free.svipss.top:8024/api/setup/status failed, error: Error: read ECONNRESET
    at generateError (/root/software/trilium-chinese/trilium-linux-x64-server/src/services/request.js:207:12)
    at ClientRequest.<anonymous> (/root/software/trilium-chinese/trilium-linux-x64-server/src/services/request.js:58:47)
    at ClientRequest.emit (node:events:517:28)
    at TLSSocket.socketErrorListener (node:_http_client:501:9)
    at TLSSocket.emit (node:events:517:28)
    at emitErrorNT (node:internal/streams/destroy:151:8)
    at emitErrorCloseNT (node:internal/streams/destroy:116:3)
    at process.processTicksAndRejections (node:internal/process/task_queues:82:21)
01:07:10.673 Sync failed: 'Request to GET https://unix.free.svipss.top:8024/api/setup/status failed, error: Error: read ECONNRESET', stack: Error: Request to GET https://unix.free.svipss.top:8024/api/setup/status failed, error: Error: read ECONNRESET
    at generateError (/root/software/trilium-chinese/trilium-linux-x64-server/src/services/request.js:207:12)
    at ClientRequest.<anonymous> (/root/software/trilium-chinese/trilium-linux-x64-server/src/services/request.js:58:47)
    at ClientRequest.emit (node:events:517:28)
    at TLSSocket.socketErrorListener (node:_http_client:501:9)
    at TLSSocket.emit (node:events:517:28)
    at emitErrorNT (node:internal/streams/destroy:151:8)
    at emitErrorCloseNT (node:internal/streams/destroy:116:3)
    at process.processTicksAndRejections (node:internal/process/task_queues:82:21)
01:08:10.685 Sync failed: 'Request to GET https://unix.free.svipss.top:8024/api/setup/status failed, error: Error: read ECONNRESET', stack: Error: Request to GET https://unix.free.svipss.top:8024/api/setup/status failed, error: Error: read ECONNRESET
    at generateError (/root/software/trilium-chinese/trilium-linux-x64-server/src/services/request.js:207:12)
    at ClientRequest.<anonymous> (/root/software/trilium-chinese/trilium-linux-x64-server/src/services/request.js:58:47)
    at ClientRequest.emit (node:events:517:28)
    at TLSSocket.socketErrorListener (node:_http_client:501:9)
    at TLSSocket.emit (node:events:517:28)
    at emitErrorNT (node:internal/streams/destroy:151:8)
    at emitErrorCloseNT (node:internal/streams/destroy:116:3)
    at process.processTicksAndRejections (node:internal/process/task_queues:82:21)
01:09:10.684 Sync failed: 'Request to GET https://unix.free.svipss.top:8024/api/setup/status failed, error: Error: read ECONNRESET', stack: Error: Request to GET https://unix.free.svipss.top:8024/api/setup/status failed, error: Error: read ECONNRESET
    at generateError (/root/software/trilium-chinese/trilium-linux-x64-server/src/services/request.js:207:12)
    at ClientRequest.<anonymous> (/root/software/trilium-chinese/trilium-linux-x64-server/src/services/request.js:58:47)
    at ClientRequest.emit (node:events:517:28)
    at TLSSocket.socketErrorListener (node:_http_client:501:9)
    at TLSSocket.emit (node:events:517:28)
    at emitErrorNT (node:internal/streams/destroy:151:8)
    at emitErrorCloseNT (node:internal/streams/destroy:116:3)
    at process.processTicksAndRejections (node:internal/process/task_queues:82:21)
01:10:10.697 Sync failed: 'Request to GET https://unix.free.svipss.top:8024/api/setup/status failed, error: Error: read ECONNRESET', stack: Error: Request to GET https://unix.free.svipss.top:8024/api/setup/status failed, error: Error: read ECONNRESET
    at generateError (/root/software/trilium-chinese/trilium-linux-x64-server/src/services/request.js:207:12)
    at ClientRequest.<anonymous> (/root/software/trilium-chinese/trilium-linux-x64-server/src/services/request.js:58:47)
    at ClientRequest.emit (node:events:517:28)
    at TLSSocket.socketErrorListener (node:_http_client:501:9)
    at TLSSocket.emit (node:events:517:28)
    at emitErrorNT (node:internal/streams/destroy:151:8)
    at emitErrorCloseNT (node:internal/streams/destroy:116:3)
    at process.processTicksAndRejections (node:internal/process/task_queues:82:21)
01:11:10.701 Sync failed: 'Request to GET https://unix.free.svipss.top:8024/api/setup/status failed, error: Error: read ECONNRESET', stack: Error: Request to GET https://unix.free.svipss.top:8024/api/setup/status failed, error: Error: read ECONNRESET
    at generateError (/root/software/trilium-chinese/trilium-linux-x64-server/src/services/request.js:207:12)
    at ClientRequest.<anonymous> (/root/software/trilium-chinese/trilium-linux-x64-server/src/services/request.js:58:47)
    at ClientRequest.emit (node:events:517:28)
    at TLSSocket.socketErrorListener (node:_http_client:501:9)
    at TLSSocket.emit (node:events:517:28)
    at emitErrorNT (node:internal/streams/destroy:151:8)
    at emitErrorCloseNT (node:internal/streams/destroy:116:3)
    at process.processTicksAndRejections (node:internal/process/task_queues:82:21)
01:12:10.716 Sync failed: 'Request to GET https://unix.free.svipss.top:8024/api/setup/status failed, error: Error: read ECONNRESET', stack: Error: Request to GET https://unix.free.svipss.top:8024/api/setup/status failed, error: Error: read ECONNRESET
    at generateError (/root/software/trilium-chinese/trilium-linux-x64-server/src/services/request.js:207:12)
    at ClientRequest.<anonymous> (/root/software/trilium-chinese/trilium-linux-x64-server/src/services/request.js:58:47)
    at ClientRequest.emit (node:events:517:28)
    at TLSSocket.socketErrorListener (node:_http_client:501:9)
    at TLSSocket.emit (node:events:517:28)
    at emitErrorNT (node:internal/streams/destroy:151:8)
    at emitErrorCloseNT (node:internal/streams/destroy:116:3)
    at process.processTicksAndRejections (node:internal/process/task_queues:82:21)
01:13:10.717 Sync failed: 'Request to GET https://unix.free.svipss.top:8024/api/setup/status failed, error: Error: read ECONNRESET', stack: Error: Request to GET https://unix.free.svipss.top:8024/api/setup/status failed, error: Error: read ECONNRESET
    at generateError (/root/software/trilium-chinese/trilium-linux-x64-server/src/services/request.js:207:12)
    at ClientRequest.<anonymous> (/root/software/trilium-chinese/trilium-linux-x64-server/src/services/request.js:58:47)
    at ClientRequest.emit (node:events:517:28)
    at TLSSocket.socketErrorListener (node:_http_client:501:9)
    at TLSSocket.emit (node:events:517:28)
    at emitErrorNT (node:internal/streams/destroy:151:8)
    at emitErrorCloseNT (node:internal/streams/destroy:116:3)
    at process.processTicksAndRejections (node:internal/process/task_queues:82:21)
01:14:10.730 Sync failed: 'Request to GET https://unix.free.svipss.top:8024/api/setup/status failed, error: Error: read ECONNRESET', stack: Error: Request to GET https://unix.free.svipss.top:8024/api/setup/status failed, error: Error: read ECONNRESET
    at generateError (/root/software/trilium-chinese/trilium-linux-x64-server/src/services/request.js:207:12)
    at ClientRequest.<anonymous> (/root/software/trilium-chinese/trilium-linux-x64-server/src/services/request.js:58:47)
    at ClientRequest.emit (node:events:517:28)
    at TLSSocket.socketErrorListener (node:_http_client:501:9)
    at TLSSocket.emit (node:events:517:28)
    at emitErrorNT (node:internal/streams/destroy:151:8)
    at emitErrorCloseNT (node:internal/streams/destroy:116:3)
    at process.processTicksAndRejections (node:internal/process/task_queues:82:21)
01:15:10.733 Sync failed: 'Request to GET https://unix.free.svipss.top:8024/api/setup/status failed, error: Error: read ECONNRESET', stack: Error: Request to GET https://unix.free.svipss.top:8024/api/setup/status failed, error: Error: read ECONNRESET
    at generateError (/root/software/trilium-chinese/trilium-linux-x64-server/src/services/request.js:207:12)
    at ClientRequest.<anonymous> (/root/software/trilium-chinese/trilium-linux-x64-server/src/services/request.js:58:47)
    at ClientRequest.emit (node:events:517:28)
    at TLSSocket.socketErrorListener (node:_http_client:501:9)
    at TLSSocket.emit (node:events:517:28)
    at emitErrorNT (node:internal/streams/destroy:151:8)
    at emitErrorCloseNT (node:internal/streams/destroy:116:3)
    at process.processTicksAndRejections (node:internal/process/task_queues:82:21)
01:16:10.746 Sync failed: 'Request to GET https://unix.free.svipss.top:8024/api/setup/status failed, error: Error: read ECONNRESET', stack: Error: Request to GET https://unix.free.svipss.top:8024/api/setup/status failed, error: Error: read ECONNRESET
    at generateError (/root/software/trilium-chinese/trilium-linux-x64-server/src/services/request.js:207:12)
    at ClientRequest.<anonymous> (/root/software/trilium-chinese/trilium-linux-x64-server/src/services/request.js:58:47)
    at ClientRequest.emit (node:events:517:28)
    at TLSSocket.socketErrorListener (node:_http_client:501:9)
    at TLSSocket.emit (node:events:517:28)
    at emitErrorNT (node:internal/streams/destroy:151:8)
    at emitErrorCloseNT (node:internal/streams/destroy:116:3)
    at process.processTicksAndRejections (node:internal/process/task_queues:82:21)
01:17:10.748 Sync failed: 'Request to GET https://unix.free.svipss.top:8024/api/setup/status failed, error: Error: read ECONNRESET', stack: Error: Request to GET https://unix.free.svipss.top:8024/api/setup/status failed, error: Error: read ECONNRESET
    at generateError (/root/software/trilium-chinese/trilium-linux-x64-server/src/services/request.js:207:12)
    at ClientRequest.<anonymous> (/root/software/trilium-chinese/trilium-linux-x64-server/src/services/request.js:58:47)
    at ClientRequest.emit (node:events:517:28)
    at TLSSocket.socketErrorListener (node:_http_client:501:9)
    at TLSSocket.emit (node:events:517:28)
    at emitErrorNT (node:internal/streams/destroy:151:8)
    at emitErrorCloseNT (node:internal/streams/destroy:116:3)
    at process.processTicksAndRejections (node:internal/process/task_queues:82:21)
01:18:10.749 Sync failed: 'Request to GET https://unix.free.svipss.top:8024/api/setup/status failed, error: Error: read ECONNRESET', stack: Error: Request to GET https://unix.free.svipss.top:8024/api/setup/status failed, error: Error: read ECONNRESET
    at generateError (/root/software/trilium-chinese/trilium-linux-x64-server/src/services/request.js:207:12)
    at ClientRequest.<anonymous> (/root/software/trilium-chinese/trilium-linux-x64-server/src/services/request.js:58:47)
    at ClientRequest.emit (node:events:517:28)
    at TLSSocket.socketErrorListener (node:_http_client:501:9)
    at TLSSocket.emit (node:events:517:28)
    at emitErrorNT (node:internal/streams/destroy:151:8)
    at emitErrorCloseNT (node:internal/streams/destroy:116:3)
    at process.processTicksAndRejections (node:internal/process/task_queues:82:21)
01:19:10.765 Sync failed: 'Request to GET https://unix.free.svipss.top:8024/api/setup/status failed, error: Error: read ECONNRESET', stack: Error: Request to GET https://unix.free.svipss.top:8024/api/setup/status failed, error: Error: read ECONNRESET
    at generateError (/root/software/trilium-chinese/trilium-linux-x64-server/src/services/request.js:207:12)
    at ClientRequest.<anonymous> (/root/software/trilium-chinese/trilium-linux-x64-server/src/services/request.js:58:47)
    at ClientRequest.emit (node:events:517:28)
    at TLSSocket.socketErrorListener (node:_http_client:501:9)
    at TLSSocket.emit (node:events:517:28)
    at emitErrorNT (node:internal/streams/destroy:151:8)
    at emitErrorCloseNT (node:internal/streams/destroy:116:3)
    at process.processTicksAndRejections (node:internal/process/task_queues:82:21)
01:20:10.765 Sync failed: 'Request to GET https://unix.free.svipss.top:8024/api/setup/status failed, error: Error: read ECONNRESET', stack: Error: Request to GET https://unix.free.svipss.top:8024/api/setup/status failed, error: Error: read ECONNRESET
    at generateError (/root/software/trilium-chinese/trilium-linux-x64-server/src/services/request.js:207:12)
    at ClientRequest.<anonymous> (/root/software/trilium-chinese/trilium-linux-x64-server/src/services/request.js:58:47)
    at ClientRequest.emit (node:events:517:28)
    at TLSSocket.socketErrorListener (node:_http_client:501:9)
    at TLSSocket.emit (node:events:517:28)
    at emitErrorNT (node:internal/streams/destroy:151:8)
    at emitErrorCloseNT (node:internal/streams/destroy:116:3)
    at process.processTicksAndRejections (node:internal/process/task_queues:82:21)
01:21:10.781 Sync failed: 'Request to GET https://unix.free.svipss.top:8024/api/setup/status failed, error: Error: read ECONNRESET', stack: Error: Request to GET https://unix.free.svipss.top:8024/api/setup/status failed, error: Error: read ECONNRESET
    at generateError (/root/software/trilium-chinese/trilium-linux-x64-server/src/services/request.js:207:12)
    at ClientRequest.<anonymous> (/root/software/trilium-chinese/trilium-linux-x64-server/src/services/request.js:58:47)
    at ClientRequest.emit (node:events:517:28)
    at TLSSocket.socketErrorListener (node:_http_client:501:9)
    at TLSSocket.emit (node:events:517:28)
    at emitErrorNT (node:internal/streams/destroy:151:8)
    at emitErrorCloseNT (node:internal/streams/destroy:116:3)
    at process.processTicksAndRejections (node:internal/process/task_queues:82:21)
01:22:10.787 Sync failed: 'Request to GET https://unix.free.svipss.top:8024/api/setup/status failed, error: Error: read ECONNRESET', stack: Error: Request to GET https://unix.free.svipss.top:8024/api/setup/status failed, error: Error: read ECONNRESET
    at generateError (/root/software/trilium-chinese/trilium-linux-x64-server/src/services/request.js:207:12)
    at ClientRequest.<anonymous> (/root/software/trilium-chinese/trilium-linux-x64-server/src/services/request.js:58:47)
    at ClientRequest.emit (node:events:517:28)
    at TLSSocket.socketErrorListener (node:_http_client:501:9)
    at TLSSocket.emit (node:events:517:28)
    at emitErrorNT (node:internal/streams/destroy:151:8)
    at emitErrorCloseNT (node:internal/streams/destroy:116:3)
    at process.processTicksAndRejections (node:internal/process/task_queues:82:21)
01:23:10.792 Sync failed: 'Request to GET https://unix.free.svipss.top:8024/api/setup/status failed, error: Error: read ECONNRESET', stack: Error: Request to GET https://unix.free.svipss.top:8024/api/setup/status failed, error: Error: read ECONNRESET
    at generateError (/root/software/trilium-chinese/trilium-linux-x64-server/src/services/request.js:207:12)
    at ClientRequest.<anonymous> (/root/software/trilium-chinese/trilium-linux-x64-server/src/services/request.js:58:47)
    at ClientRequest.emit (node:events:517:28)
    at TLSSocket.socketErrorListener (node:_http_client:501:9)
    at TLSSocket.emit (node:events:517:28)
    at emitErrorNT (node:internal/streams/destroy:151:8)
    at emitErrorCloseNT (node:internal/streams/destroy:116:3)
    at process.processTicksAndRejections (node:internal/process/task_queues:82:21)
01:24:10.790 Sync failed: 'Request to GET https://unix.free.svipss.top:8024/api/setup/status failed, error: Error: read ECONNRESET', stack: Error: Request to GET https://unix.free.svipss.top:8024/api/setup/status failed, error: Error: read ECONNRESET
    at generateError (/root/software/trilium-chinese/trilium-linux-x64-server/src/services/request.js:207:12)
    at ClientRequest.<anonymous> (/root/software/trilium-chinese/trilium-linux-x64-server/src/services/request.js:58:47)
    at ClientRequest.emit (node:events:517:28)
    at TLSSocket.socketErrorListener (node:_http_client:501:9)
    at TLSSocket.emit (node:events:517:28)
    at emitErrorNT (node:internal/streams/destroy:151:8)
    at emitErrorCloseNT (node:internal/streams/destroy:116:3)
    at process.processTicksAndRejections (node:internal/process/task_queues:82:21)
01:25:10.803 Sync failed: 'Request to GET https://unix.free.svipss.top:8024/api/setup/status failed, error: Error: read ECONNRESET', stack: Error: Request to GET https://unix.free.svipss.top:8024/api/setup/status failed, error: Error: read ECONNRESET
    at generateError (/root/software/trilium-chinese/trilium-linux-x64-server/src/services/request.js:207:12)
    at ClientRequest.<anonymous> (/root/software/trilium-chinese/trilium-linux-x64-server/src/services/request.js:58:47)
    at ClientRequest.emit (node:events:517:28)
    at TLSSocket.socketErrorListener (node:_http_client:501:9)
    at TLSSocket.emit (node:events:517:28)
    at emitErrorNT (node:internal/streams/destroy:151:8)
    at emitErrorCloseNT (node:internal/streams/destroy:116:3)
    at process.processTicksAndRejections (node:internal/process/task_queues:82:21)
01:26:10.808 Sync failed: 'Request to GET https://unix.free.svipss.top:8024/api/setup/status failed, error: Error: read ECONNRESET', stack: Error: Request to GET https://unix.free.svipss.top:8024/api/setup/status failed, error: Error: read ECONNRESET
    at generateError (/root/software/trilium-chinese/trilium-linux-x64-server/src/services/request.js:207:12)
    at ClientRequest.<anonymous> (/root/software/trilium-chinese/trilium-linux-x64-server/src/services/request.js:58:47)
    at ClientRequest.emit (node:events:517:28)
    at TLSSocket.socketErrorListener (node:_http_client:501:9)
    at TLSSocket.emit (node:events:517:28)
    at emitErrorNT (node:internal/streams/destroy:151:8)
    at emitErrorCloseNT (node:internal/streams/destroy:116:3)
    at process.processTicksAndRejections (node:internal/process/task_queues:82:21)
01:27:10.818 Sync failed: 'Request to GET https://unix.free.svipss.top:8024/api/setup/status failed, error: Error: read ECONNRESET', stack: Error: Request to GET https://unix.free.svipss.top:8024/api/setup/status failed, error: Error: read ECONNRESET
    at generateError (/root/software/trilium-chinese/trilium-linux-x64-server/src/services/request.js:207:12)
    at ClientRequest.<anonymous> (/root/software/trilium-chinese/trilium-linux-x64-server/src/services/request.js:58:47)
    at ClientRequest.emit (node:events:517:28)
    at TLSSocket.socketErrorListener (node:_http_client:501:9)
    at TLSSocket.emit (node:events:517:28)
    at emitErrorNT (node:internal/streams/destroy:151:8)
    at emitErrorCloseNT (node:internal/streams/destroy:116:3)
    at process.processTicksAndRejections (node:internal/process/task_queues:82:21)
01:28:10.823 Sync failed: 'Request to GET https://unix.free.svipss.top:8024/api/setup/status failed, error: Error: read ECONNRESET', stack: Error: Request to GET https://unix.free.svipss.top:8024/api/setup/status failed, error: Error: read ECONNRESET
    at generateError (/root/software/trilium-chinese/trilium-linux-x64-server/src/services/request.js:207:12)
    at ClientRequest.<anonymous> (/root/software/trilium-chinese/trilium-linux-x64-server/src/services/request.js:58:47)
    at ClientRequest.emit (node:events:517:28)
    at TLSSocket.socketErrorListener (node:_http_client:501:9)
    at TLSSocket.emit (node:events:517:28)
    at emitErrorNT (node:internal/streams/destroy:151:8)
    at emitErrorCloseNT (node:internal/streams/destroy:116:3)
    at process.processTicksAndRejections (node:internal/process/task_queues:82:21)
01:29:10.836 Sync failed: 'Request to GET https://unix.free.svipss.top:8024/api/setup/status failed, error: Error: read ECONNRESET', stack: Error: Request to GET https://unix.free.svipss.top:8024/api/setup/status failed, error: Error: read ECONNRESET
    at generateError (/root/software/trilium-chinese/trilium-linux-x64-server/src/services/request.js:207:12)
    at ClientRequest.<anonymous> (/root/software/trilium-chinese/trilium-linux-x64-server/src/services/request.js:58:47)
    at ClientRequest.emit (node:events:517:28)
    at TLSSocket.socketErrorListener (node:_http_client:501:9)
    at TLSSocket.emit (node:events:517:28)
    at emitErrorNT (node:internal/streams/destroy:151:8)
    at emitErrorCloseNT (node:internal/streams/destroy:116:3)
    at process.processTicksAndRejections (node:internal/process/task_queues:82:21)
