00:00:59.528 No connection to sync server.
00:01:59.537 No connection to sync server.
00:02:59.536 No connection to sync server.
00:03:59.531 No connection to sync server.
00:04:59.540 No connection to sync server.
00:05:59.546 No connection to sync server.
00:06:59.550 No connection to sync server.
00:07:59.561 No connection to sync server.
00:08:59.557 No connection to sync server.
00:09:59.558 No connection to sync server.
00:10:59.563 No connection to sync server.
00:11:59.573 No connection to sync server.
00:12:59.570 No connection to sync server.
00:13:59.593 No connection to sync server.
00:14:59.582 No connection to sync server.
00:15:59.601 No connection to sync server.
00:16:59.600 No connection to sync server.
00:17:07.115 Table counts: notes: 308, revisions: 122, attachments: 64, branches: 311, attributes: 457, etapi_tokens: 0, blobs: 333
00:17:07.129 All consistency checks passed with no errors detected (took 14ms)
00:17:59.606 No connection to sync server.
00:18:59.612 No connection to sync server.
00:19:59.624 No connection to sync server.
00:20:59.629 No connection to sync server.
00:21:59.633 No connection to sync server.
00:22:59.643 No connection to sync server.
00:23:59.650 No connection to sync server.
00:24:59.654 No connection to sync server.
00:25:59.656 No connection to sync server.
00:26:59.662 No connection to sync server.
00:27:59.665 No connection to sync server.
00:28:59.665 No connection to sync server.
00:29:59.664 No connection to sync server.
00:30:59.679 No connection to sync server.
00:31:59.679 No connection to sync server.
00:32:59.694 No connection to sync server.
00:33:59.706 No connection to sync server.
00:34:59.701 No connection to sync server.
00:35:59.705 No connection to sync server.
00:36:59.715 No connection to sync server.
00:37:59.713 No connection to sync server.
00:38:59.717 No connection to sync server.
00:39:59.727 No connection to sync server.
00:40:59.735 No connection to sync server.
00:41:59.728 No connection to sync server.
00:42:59.737 No connection to sync server.
00:43:59.746 No connection to sync server.
00:44:59.741 No connection to sync server.
00:45:59.750 No connection to sync server.
00:46:59.770 No connection to sync server.
00:47:59.768 No connection to sync server.
00:48:59.781 No connection to sync server.
00:49:59.788 No connection to sync server.
00:50:59.784 No connection to sync server.
00:51:59.790 No connection to sync server.
00:52:59.797 No connection to sync server.
00:53:59.797 No connection to sync server.
00:54:59.819 No connection to sync server.
00:55:59.818 No connection to sync server.
00:56:59.829 No connection to sync server.
00:57:59.836 No connection to sync server.
00:58:59.835 No connection to sync server.
00:59:59.834 No connection to sync server.
01:00:59.850 No connection to sync server.
01:01:59.853 No connection to sync server.
01:02:59.855 No connection to sync server.
01:03:59.861 No connection to sync server.
01:04:59.861 No connection to sync server.
01:06:12.010 No connection to sync server.
01:06:59.881 No connection to sync server.
01:07:59.890 No connection to sync server.
01:08:59.889 No connection to sync server.
01:09:59.899 No connection to sync server.
01:10:59.898 No connection to sync server.
01:11:59.917 No connection to sync server.
01:12:59.919 No connection to sync server.
01:13:59.941 No connection to sync server.
01:14:59.928 No connection to sync server.
01:15:59.934 No connection to sync server.
01:16:59.961 No connection to sync server.
01:17:07.121 Table counts: notes: 308, revisions: 122, attachments: 64, branches: 311, attributes: 457, etapi_tokens: 0, blobs: 333
01:17:07.142 All consistency checks passed with no errors detected (took 26ms)
01:17:59.940 No connection to sync server.
01:18:59.942 No connection to sync server.
01:19:59.946 No connection to sync server.
01:20:59.960 No connection to sync server.
01:21:59.969 No connection to sync server.
01:22:59.971 No connection to sync server.
01:23:59.974 No connection to sync server.
01:24:59.979 No connection to sync server.
01:25:59.990 No connection to sync server.
01:27:00.007 No connection to sync server.
01:27:59.997 No connection to sync server.
01:28:59.997 No connection to sync server.
01:29:59.998 No connection to sync server.
01:31:00.018 No connection to sync server.
01:32:00.019 No connection to sync server.
01:33:00.021 No connection to sync server.
01:34:00.024 No connection to sync server.
01:35:00.048 No connection to sync server.
01:36:00.041 No connection to sync server.
01:37:00.066 No connection to sync server.
01:38:00.053 No connection to sync server.
01:39:00.062 No connection to sync server.
01:40:00.059 No connection to sync server.
01:41:00.068 No connection to sync server.
01:42:00.096 No connection to sync server.
01:43:00.080 No connection to sync server.
01:44:00.082 No connection to sync server.
01:45:00.091 No connection to sync server.
01:46:00.088 No connection to sync server.
01:47:00.101 No connection to sync server.
01:48:00.108 No connection to sync server.
01:49:00.107 No connection to sync server.
01:50:00.097 No connection to sync server.
01:51:00.117 No connection to sync server.
01:52:00.105 No connection to sync server.
01:53:00.131 No connection to sync server.
01:54:00.120 No connection to sync server.
01:55:00.134 No connection to sync server.
01:56:00.140 No connection to sync server.
01:57:00.128 No connection to sync server.
01:58:00.143 No connection to sync server.
01:59:00.147 No connection to sync server.
02:00:00.149 No connection to sync server.
02:01:00.156 No connection to sync server.
02:02:00.172 No connection to sync server.
02:03:00.176 No connection to sync server.
02:04:00.172 No connection to sync server.
02:05:00.171 No connection to sync server.
02:06:00.173 No connection to sync server.
02:07:00.174 No connection to sync server.
02:08:00.182 No connection to sync server.
02:09:00.173 No connection to sync server.
02:10:00.183 No connection to sync server.
02:11:00.194 No connection to sync server.
02:12:00.198 No connection to sync server.
02:13:00.200 No connection to sync server.
02:14:00.207 No connection to sync server.
02:15:00.219 No connection to sync server.
02:16:00.215 No connection to sync server.
02:17:00.225 No connection to sync server.
02:17:07.117 Table counts: notes: 308, revisions: 122, attachments: 64, branches: 311, attributes: 457, etapi_tokens: 0, blobs: 333
02:17:07.133 All consistency checks passed with no errors detected (took 17ms)
02:18:00.224 No connection to sync server.
02:19:00.222 No connection to sync server.
02:20:00.223 No connection to sync server.
02:21:00.234 No connection to sync server.
02:22:00.253 No connection to sync server.
02:23:00.245 No connection to sync server.
02:24:00.246 No connection to sync server.
02:25:00.248 No connection to sync server.
02:26:00.256 No connection to sync server.
02:27:00.263 No connection to sync server.
02:28:00.258 No connection to sync server.
02:29:00.273 No connection to sync server.
02:30:00.271 No connection to sync server.
02:31:00.271 No connection to sync server.
02:32:00.279 No connection to sync server.
02:33:00.296 No connection to sync server.
02:34:00.288 No connection to sync server.
02:35:00.293 No connection to sync server.
02:36:00.306 No connection to sync server.
02:37:00.301 No connection to sync server.
02:38:00.300 No connection to sync server.
02:39:00.308 No connection to sync server.
02:40:00.313 No connection to sync server.
02:41:00.322 No connection to sync server.
02:42:00.316 No connection to sync server.
02:43:00.541 No connection to sync server.
02:44:00.333 No connection to sync server.
02:45:00.328 No connection to sync server.
02:46:00.344 No connection to sync server.
02:47:00.342 No connection to sync server.
02:48:00.328 No connection to sync server.
02:49:00.344 No connection to sync server.
02:50:00.340 No connection to sync server.
02:51:00.346 No connection to sync server.
02:52:00.348 No connection to sync server.
02:53:00.348 No connection to sync server.
02:54:00.350 No connection to sync server.
02:55:00.365 No connection to sync server.
02:56:00.365 No connection to sync server.
02:57:00.372 No connection to sync server.
02:58:00.370 No connection to sync server.
02:59:00.362 No connection to sync server.
03:00:00.379 No connection to sync server.
03:01:00.381 No connection to sync server.
03:02:00.379 No connection to sync server.
03:03:00.383 No connection to sync server.
03:04:00.389 No connection to sync server.
03:05:00.384 No connection to sync server.
03:06:00.394 No connection to sync server.
03:07:00.405 No connection to sync server.
03:08:00.398 No connection to sync server.
03:09:00.406 No connection to sync server.
03:10:00.411 No connection to sync server.
03:11:00.403 No connection to sync server.
03:12:00.409 No connection to sync server.
03:13:00.415 No connection to sync server.
03:14:00.422 No connection to sync server.
03:15:00.421 No connection to sync server.
03:16:00.425 No connection to sync server.
03:17:00.437 No connection to sync server.
03:17:07.120 Table counts: notes: 308, revisions: 122, attachments: 64, branches: 311, attributes: 457, etapi_tokens: 0, blobs: 333
03:17:07.149 All consistency checks passed with no errors detected (took 30ms)
03:18:00.433 No connection to sync server.
03:19:00.435 No connection to sync server.
03:20:00.435 No connection to sync server.
03:21:00.438 No connection to sync server.
03:22:00.444 No connection to sync server.
03:23:00.443 No connection to sync server.
03:24:00.446 No connection to sync server.
03:25:00.443 No connection to sync server.
03:26:00.446 No connection to sync server.
03:27:00.451 No connection to sync server.
03:28:00.453 No connection to sync server.
03:29:00.457 No connection to sync server.
03:30:00.461 No connection to sync server.
03:31:00.454 No connection to sync server.
03:32:00.536 No connection to sync server.
03:33:00.468 No connection to sync server.
03:34:00.458 No connection to sync server.
03:35:00.465 No connection to sync server.
03:36:00.467 No connection to sync server.
03:37:00.476 No connection to sync server.
03:38:00.472 No connection to sync server.
03:39:00.475 No connection to sync server.
03:40:00.472 No connection to sync server.
03:41:00.478 No connection to sync server.
03:42:00.496 No connection to sync server.
03:43:00.475 No connection to sync server.
03:44:00.492 No connection to sync server.
03:45:00.489 No connection to sync server.
03:46:00.480 No connection to sync server.
03:47:00.493 No connection to sync server.
03:48:00.492 No connection to sync server.
03:49:00.492 No connection to sync server.
03:50:00.490 No connection to sync server.
03:51:00.491 No connection to sync server.
03:52:00.489 No connection to sync server.
03:53:00.493 No connection to sync server.
03:54:00.504 No connection to sync server.
03:55:00.494 No connection to sync server.
03:56:00.489 No connection to sync server.
03:57:00.494 No connection to sync server.
03:58:00.500 No connection to sync server.
03:59:00.494 No connection to sync server.
04:00:00.491 No connection to sync server.
04:01:00.503 No connection to sync server.
04:02:00.514 No connection to sync server.
04:03:00.508 No connection to sync server.
04:04:00.503 No connection to sync server.
04:05:00.500 No connection to sync server.
04:06:00.499 No connection to sync server.
04:07:00.506 No connection to sync server.
04:08:00.497 No connection to sync server.
04:09:00.503 No connection to sync server.
04:10:00.544 No connection to sync server.
04:11:00.541 No connection to sync server.
04:12:00.580 No connection to sync server.
04:13:00.569 No connection to sync server.
04:14:00.593 No connection to sync server.
04:15:00.606 No connection to sync server.
04:16:00.625 No connection to sync server.
04:17:00.636 No connection to sync server.
04:17:07.121 Table counts: notes: 308, revisions: 122, attachments: 64, branches: 311, attributes: 457, etapi_tokens: 0, blobs: 333
04:17:07.138 All consistency checks passed with no errors detected (took 18ms)
04:18:00.660 No connection to sync server.
04:19:00.662 No connection to sync server.
04:20:00.932 No connection to sync server.
04:21:00.707 No connection to sync server.
04:22:00.753 No connection to sync server.
04:23:00.744 No connection to sync server.
04:24:00.765 No connection to sync server.
04:25:00.768 No connection to sync server.
04:26:00.794 No connection to sync server.
04:27:00.794 No connection to sync server.
04:28:00.827 No connection to sync server.
04:29:00.833 No connection to sync server.
04:30:00.854 No connection to sync server.
04:31:00.869 No connection to sync server.
04:32:00.886 No connection to sync server.
04:33:00.895 No connection to sync server.
04:34:00.923 No connection to sync server.
04:35:00.938 No connection to sync server.
04:36:00.952 No connection to sync server.
04:37:00.968 No connection to sync server.
04:38:00.956 No connection to sync server.
04:39:00.968 No connection to sync server.
04:40:00.971 No connection to sync server.
04:41:01.008 No connection to sync server.
04:42:01.092 No connection to sync server.
04:43:01.038 No connection to sync server.
04:44:01.036 No connection to sync server.
04:45:01.068 No connection to sync server.
04:46:01.069 No connection to sync server.
04:47:01.111 No connection to sync server.
04:48:01.102 No connection to sync server.
04:49:01.123 No connection to sync server.
04:50:01.133 No connection to sync server.
04:51:01.142 No connection to sync server.
04:52:01.149 No connection to sync server.
04:53:01.178 No connection to sync server.
04:54:01.203 No connection to sync server.
04:55:01.232 No connection to sync server.
04:56:01.233 No connection to sync server.
04:57:01.237 No connection to sync server.
04:58:01.261 No connection to sync server.
04:59:01.270 No connection to sync server.
05:00:01.275 No connection to sync server.
05:01:01.312 No connection to sync server.
05:02:01.310 No connection to sync server.
05:03:01.340 No connection to sync server.
05:04:01.346 No connection to sync server.
05:05:01.374 No connection to sync server.
05:06:01.376 No connection to sync server.
05:07:01.398 No connection to sync server.
05:08:01.405 No connection to sync server.
05:09:01.402 No connection to sync server.
05:10:01.441 No connection to sync server.
05:11:01.461 No connection to sync server.
05:12:01.471 No connection to sync server.
05:13:01.474 No connection to sync server.
05:14:01.494 No connection to sync server.
05:15:01.510 No connection to sync server.
05:16:01.532 No connection to sync server.
05:17:01.542 No connection to sync server.
05:17:07.120 Table counts: notes: 308, revisions: 122, attachments: 64, branches: 311, attributes: 457, etapi_tokens: 0, blobs: 333
05:17:07.137 All consistency checks passed with no errors detected (took 17ms)
05:18:01.569 No connection to sync server.
05:19:01.569 No connection to sync server.
05:20:01.592 No connection to sync server.
05:21:01.618 No connection to sync server.
05:22:01.622 No connection to sync server.
05:23:01.640 No connection to sync server.
05:24:01.664 No connection to sync server.
05:25:01.671 No connection to sync server.
05:26:01.682 No connection to sync server.
05:27:01.699 No connection to sync server.
05:28:01.718 No connection to sync server.
05:29:01.732 No connection to sync server.
05:30:01.747 No connection to sync server.
05:31:01.913 No connection to sync server.
05:32:01.792 No connection to sync server.
05:33:01.793 No connection to sync server.
05:34:01.814 No connection to sync server.
05:35:01.817 No connection to sync server.
05:36:01.862 No connection to sync server.
05:37:01.914 No connection to sync server.
05:38:01.862 No connection to sync server.
05:39:01.898 No connection to sync server.
05:40:01.896 No connection to sync server.
05:41:01.930 No connection to sync server.
05:42:01.931 No connection to sync server.
05:43:01.950 No connection to sync server.
05:44:01.964 No connection to sync server.
05:45:01.977 No connection to sync server.
05:46:01.993 No connection to sync server.
05:47:02.014 No connection to sync server.
05:48:02.010 No connection to sync server.
05:49:02.044 No connection to sync server.
05:50:02.049 No connection to sync server.
05:51:02.067 No connection to sync server.
05:52:02.070 No connection to sync server.
05:53:02.086 No connection to sync server.
05:54:02.115 No connection to sync server.
05:55:02.107 No connection to sync server.
05:56:02.138 No connection to sync server.
05:57:02.140 No connection to sync server.
05:58:02.174 No connection to sync server.
05:59:02.183 No connection to sync server.
06:00:02.211 No connection to sync server.
06:01:02.207 No connection to sync server.
06:02:02.242 No connection to sync server.
06:03:02.241 No connection to sync server.
06:04:02.274 No connection to sync server.
06:05:02.279 No connection to sync server.
06:06:02.289 No connection to sync server.
06:07:02.314 No connection to sync server.
06:08:02.330 No connection to sync server.
06:09:02.342 No connection to sync server.
06:10:02.359 No connection to sync server.
06:11:02.366 No connection to sync server.
06:12:02.393 No connection to sync server.
06:13:02.406 No connection to sync server.
06:14:02.416 No connection to sync server.
06:15:02.433 No connection to sync server.
06:16:02.460 No connection to sync server.
06:17:02.469 No connection to sync server.
06:17:07.120 Table counts: notes: 308, revisions: 122, attachments: 64, branches: 311, attributes: 457, etapi_tokens: 0, blobs: 333
06:17:07.136 All consistency checks passed with no errors detected (took 16ms)
06:18:02.484 No connection to sync server.
06:19:02.488 No connection to sync server.
06:20:02.510 No connection to sync server.
06:21:02.532 No connection to sync server.
06:22:02.540 No connection to sync server.
06:23:02.553 No connection to sync server.
06:24:02.562 No connection to sync server.
06:25:02.583 No connection to sync server.
06:26:02.598 No connection to sync server.
06:27:02.612 No connection to sync server.
06:28:02.638 No connection to sync server.
06:29:02.647 No connection to sync server.
06:30:02.652 No connection to sync server.
06:31:02.765 No connection to sync server.
06:32:02.684 No connection to sync server.
06:33:02.712 No connection to sync server.
06:34:02.716 No connection to sync server.
06:35:02.752 No connection to sync server.
06:36:02.744 No connection to sync server.
06:37:02.782 No connection to sync server.
06:38:02.776 No connection to sync server.
06:39:02.820 No connection to sync server.
06:40:02.814 No connection to sync server.
06:41:02.825 No connection to sync server.
06:42:02.844 No connection to sync server.
06:43:02.858 No connection to sync server.
06:44:02.872 No connection to sync server.
06:45:02.887 No connection to sync server.
06:46:02.902 No connection to sync server.
06:47:02.921 No connection to sync server.
06:48:03.170 No connection to sync server.
06:49:02.939 No connection to sync server.
06:50:02.962 No connection to sync server.
06:51:02.975 No connection to sync server.
06:52:02.993 No connection to sync server.
06:53:03.006 No connection to sync server.
06:54:03.030 No connection to sync server.
06:55:03.046 No connection to sync server.
06:56:03.064 No connection to sync server.
06:57:03.057 No connection to sync server.
06:58:03.082 No connection to sync server.
06:59:03.089 No connection to sync server.
07:00:08.100 No connection to sync server.
07:01:03.118 No connection to sync server.
07:02:03.117 No connection to sync server.
07:03:03.145 No connection to sync server.
07:04:03.148 No connection to sync server.
07:05:03.180 No connection to sync server.
07:06:03.181 No connection to sync server.
07:07:03.208 No connection to sync server.
07:08:03.212 No connection to sync server.
07:09:03.240 No connection to sync server.
07:10:03.234 No connection to sync server.
07:11:03.266 No connection to sync server.
07:12:03.271 No connection to sync server.
07:13:03.290 No connection to sync server.
07:14:03.300 No connection to sync server.
07:15:03.334 No connection to sync server.
07:16:03.332 No connection to sync server.
07:17:03.364 No connection to sync server.
07:17:07.122 Table counts: notes: 308, revisions: 122, attachments: 64, branches: 311, attributes: 457, etapi_tokens: 0, blobs: 333
07:17:07.145 All consistency checks passed with no errors detected (took 24ms)
07:18:03.367 No connection to sync server.
07:19:03.391 No connection to sync server.
07:20:03.391 No connection to sync server.
07:21:03.434 No connection to sync server.
07:22:03.422 No connection to sync server.
07:23:03.451 No connection to sync server.
07:24:03.451 No connection to sync server.
07:25:03.481 No connection to sync server.
07:26:03.476 No connection to sync server.
07:27:03.516 No connection to sync server.
07:28:03.511 No connection to sync server.
07:29:03.532 No connection to sync server.
07:30:03.549 No connection to sync server.
07:31:03.573 No connection to sync server.
07:32:03.574 No connection to sync server.
07:33:03.588 No connection to sync server.
07:34:03.610 No connection to sync server.
07:35:03.635 No connection to sync server.
07:36:03.633 No connection to sync server.
07:37:03.649 No connection to sync server.
07:38:03.679 No connection to sync server.
07:39:03.670 No connection to sync server.
07:40:03.694 No connection to sync server.
07:41:03.706 No connection to sync server.
07:42:03.733 No connection to sync server.
07:43:03.736 No connection to sync server.
07:44:03.752 No connection to sync server.
07:45:03.767 No connection to sync server.
07:46:03.794 No connection to sync server.
07:47:03.789 No connection to sync server.
07:48:03.818 No connection to sync server.
07:49:03.825 No connection to sync server.
07:50:03.848 No connection to sync server.
07:51:03.863 No connection to sync server.
07:52:03.877 No connection to sync server.
07:53:03.900 No connection to sync server.
07:54:03.910 No connection to sync server.
07:55:03.914 No connection to sync server.
07:56:03.947 No connection to sync server.
07:57:03.950 No connection to sync server.
07:58:03.974 No connection to sync server.
07:59:03.974 No connection to sync server.
08:00:04.013 No connection to sync server.
08:01:04.001 No connection to sync server.
08:02:04.035 No connection to sync server.
08:03:04.042 No connection to sync server.
08:04:04.060 No connection to sync server.
08:05:04.065 No connection to sync server.
08:06:04.100 No connection to sync server.
08:07:04.102 No connection to sync server.
08:08:04.123 No connection to sync server.
08:09:04.121 No connection to sync server.
08:10:04.151 No connection to sync server.
08:11:04.151 No connection to sync server.
08:12:04.170 No connection to sync server.
08:13:04.182 No connection to sync server.
08:14:04.213 No connection to sync server.
08:15:04.217 No connection to sync server.
08:16:04.251 No connection to sync server.
08:17:04.241 No connection to sync server.
08:17:06.670 Optimizing database
08:17:06.672 Optimization finished in 1ms.
08:17:07.122 Table counts: notes: 308, revisions: 122, attachments: 64, branches: 311, attributes: 457, etapi_tokens: 0, blobs: 333
08:17:07.141 All consistency checks passed with no errors detected (took 20ms)
08:18:04.273 No connection to sync server.
08:19:04.281 No connection to sync server.
08:20:04.305 No connection to sync server.
08:21:04.306 No connection to sync server.
08:22:04.327 No connection to sync server.
08:23:04.339 No connection to sync server.
08:24:04.360 No connection to sync server.
08:25:04.367 No connection to sync server.
08:26:04.405 No connection to sync server.
08:27:04.404 No connection to sync server.
08:28:04.405 No connection to sync server.
08:29:04.429 No connection to sync server.
08:30:04.436 No connection to sync server.
08:31:04.469 No connection to sync server.
08:32:04.468 No connection to sync server.
08:33:04.491 No connection to sync server.
08:34:04.500 No connection to sync server.
08:35:04.514 No connection to sync server.
08:36:04.523 No connection to sync server.
08:37:04.552 No connection to sync server.
08:38:04.557 No connection to sync server.
08:39:04.590 No connection to sync server.
08:40:04.594 No connection to sync server.
08:41:04.615 No connection to sync server.
08:42:04.620 No connection to sync server.
08:43:04.637 No connection to sync server.
08:44:04.645 No connection to sync server.
08:45:04.675 No connection to sync server.
08:46:04.673 No connection to sync server.
08:47:04.696 No connection to sync server.
08:48:04.709 No connection to sync server.
08:49:04.744 No connection to sync server.
08:50:04.744 No connection to sync server.
08:51:04.763 No connection to sync server.
08:52:04.778 No connection to sync server.
08:53:04.793 No connection to sync server.
08:54:04.804 No connection to sync server.
08:55:04.835 No connection to sync server.
08:56:04.837 No connection to sync server.
08:57:04.862 No connection to sync server.
08:58:04.860 No connection to sync server.
08:59:04.887 No connection to sync server.
09:00:04.885 No connection to sync server.
09:01:04.914 No connection to sync server.
09:02:04.917 No connection to sync server.
09:03:04.932 No connection to sync server.
09:04:04.938 No connection to sync server.
09:05:04.985 No connection to sync server.
09:06:04.973 No connection to sync server.
09:07:05.001 No connection to sync server.
09:08:05.011 No connection to sync server.
09:09:05.014 No connection to sync server.
09:10:05.031 No connection to sync server.
09:11:05.035 No connection to sync server.
09:12:05.068 No connection to sync server.
09:13:05.070 No connection to sync server.
09:14:05.073 No connection to sync server.
09:15:05.093 No connection to sync server.
09:16:05.108 No connection to sync server.
09:17:05.119 No connection to sync server.
09:17:07.124 Table counts: notes: 308, revisions: 122, attachments: 64, branches: 311, attributes: 457, etapi_tokens: 0, blobs: 333
09:17:07.139 All consistency checks passed with no errors detected (took 16ms)
09:18:05.139 No connection to sync server.
09:19:05.144 No connection to sync server.
09:20:05.166 No connection to sync server.
09:21:05.177 No connection to sync server.
09:22:05.176 No connection to sync server.
09:23:05.171 No connection to sync server.
09:24:05.197 No connection to sync server.
09:25:05.208 No connection to sync server.
09:26:05.237 No connection to sync server.
09:27:05.238 No connection to sync server.
09:28:05.257 No connection to sync server.
09:29:05.266 No connection to sync server.
09:30:05.284 No connection to sync server.
09:31:05.290 No connection to sync server.
09:32:05.306 No connection to sync server.
09:33:05.338 No connection to sync server.
09:34:05.334 No connection to sync server.
09:35:05.361 No connection to sync server.
09:36:05.373 No connection to sync server.
09:37:05.385 No connection to sync server.
09:38:05.395 No connection to sync server.
09:39:05.410 No connection to sync server.
09:40:05.434 No connection to sync server.
09:41:05.464 No connection to sync server.
09:42:05.457 No connection to sync server.
09:43:05.474 No connection to sync server.
09:44:05.486 No connection to sync server.
09:45:05.510 No connection to sync server.
09:46:05.518 No connection to sync server.
09:47:05.529 No connection to sync server.
09:48:05.530 No connection to sync server.
09:49:05.555 No connection to sync server.
09:50:05.558 No connection to sync server.
09:51:05.596 No connection to sync server.
09:52:05.584 No connection to sync server.
09:53:05.613 No connection to sync server.
09:54:05.626 No connection to sync server.
09:55:05.646 No connection to sync server.
09:56:05.657 No connection to sync server.
09:57:05.665 No connection to sync server.
09:58:05.667 No connection to sync server.
09:59:05.702 No connection to sync server.
10:00:05.721 No connection to sync server.
10:01:05.737 No connection to sync server.
10:02:05.722 No connection to sync server.
10:03:05.753 No connection to sync server.
10:04:05.767 No connection to sync server.
10:05:05.785 No connection to sync server.
10:06:05.782 No connection to sync server.
10:07:05.819 No connection to sync server.
10:08:05.807 No connection to sync server.
10:09:05.831 No connection to sync server.
10:10:05.839 No connection to sync server.
10:11:05.861 No connection to sync server.
10:12:05.862 No connection to sync server.
10:13:05.891 No connection to sync server.
10:14:05.907 No connection to sync server.
10:15:05.937 No connection to sync server.
10:16:05.929 No connection to sync server.
10:17:05.943 No connection to sync server.
10:17:07.124 Table counts: notes: 308, revisions: 122, attachments: 64, branches: 311, attributes: 457, etapi_tokens: 0, blobs: 333
10:17:07.147 All consistency checks passed with no errors detected (took 23ms)
10:18:05.944 No connection to sync server.
10:19:05.984 No connection to sync server.
10:20:05.999 No connection to sync server.
10:21:06.011 No connection to sync server.
10:22:06.014 No connection to sync server.
10:23:06.024 No connection to sync server.
10:24:06.034 No connection to sync server.
10:25:06.061 No connection to sync server.
10:26:06.057 No connection to sync server.
10:27:06.086 No connection to sync server.
10:28:06.099 No connection to sync server.
10:29:06.117 No connection to sync server.
10:30:06.122 No connection to sync server.
10:31:06.152 No connection to sync server.
10:32:06.146 No connection to sync server.
10:33:06.170 No connection to sync server.
10:34:06.178 No connection to sync server.
10:35:06.196 No connection to sync server.
10:36:06.206 No connection to sync server.
10:37:06.204 No connection to sync server.
10:38:06.220 No connection to sync server.
10:39:06.240 No connection to sync server.
10:40:06.247 No connection to sync server.
10:41:06.260 No connection to sync server.
10:42:06.270 No connection to sync server.
10:43:06.285 No connection to sync server.
10:44:06.304 No connection to sync server.
10:45:06.319 No connection to sync server.
10:46:06.340 No connection to sync server.
10:47:06.348 No connection to sync server.
10:48:06.348 No connection to sync server.
10:49:06.358 No connection to sync server.
10:50:06.366 No connection to sync server.
10:51:06.397 No connection to sync server.
10:52:06.403 No connection to sync server.
10:53:06.419 No connection to sync server.
10:54:06.431 No connection to sync server.
10:55:06.459 No connection to sync server.
10:56:06.455 No connection to sync server.
10:57:06.475 No connection to sync server.
10:58:06.488 No connection to sync server.
10:59:06.496 No connection to sync server.
11:00:06.518 No connection to sync server.
11:01:06.523 No connection to sync server.
11:02:06.547 No connection to sync server.
11:03:06.546 No connection to sync server.
11:04:06.575 No connection to sync server.
11:05:06.581 No connection to sync server.
11:06:06.604 No connection to sync server.
11:07:06.602 No connection to sync server.
11:08:06.621 No connection to sync server.
11:09:06.639 No connection to sync server.
11:10:06.649 No connection to sync server.
11:11:06.652 No connection to sync server.
11:12:06.677 No connection to sync server.
11:13:06.674 No connection to sync server.
11:14:06.707 No connection to sync server.
11:15:06.718 No connection to sync server.
11:16:06.728 No connection to sync server.
11:17:06.743 No connection to sync server.
11:17:07.126 Table counts: notes: 308, revisions: 122, attachments: 64, branches: 311, attributes: 457, etapi_tokens: 0, blobs: 333
11:17:07.143 All consistency checks passed with no errors detected (took 17ms)
11:18:06.760 No connection to sync server.
11:19:06.773 No connection to sync server.
11:20:06.793 No connection to sync server.
11:21:06.792 No connection to sync server.
11:22:06.821 No connection to sync server.
11:23:06.820 No connection to sync server.
11:24:06.837 No connection to sync server.
11:25:06.843 No connection to sync server.
11:26:06.864 No connection to sync server.
11:27:06.872 No connection to sync server.
11:28:06.898 No connection to sync server.
11:29:06.893 No connection to sync server.
11:30:06.993 No connection to sync server.
11:31:06.921 No connection to sync server.
11:32:06.944 No connection to sync server.
11:33:06.945 No connection to sync server.
11:34:06.977 No connection to sync server.
11:35:07.004 No connection to sync server.
11:36:07.006 No connection to sync server.
11:37:07.011 No connection to sync server.
11:38:07.027 No connection to sync server.
11:39:07.032 No connection to sync server.
11:40:07.056 No connection to sync server.
11:41:07.063 No connection to sync server.
11:42:07.086 No connection to sync server.
11:43:07.083 No connection to sync server.
11:44:07.109 No connection to sync server.
11:45:07.108 No connection to sync server.
11:46:07.133 No connection to sync server.
11:47:07.142 No connection to sync server.
11:48:07.204 No connection to sync server.
11:49:07.166 No connection to sync server.
11:50:07.178 No connection to sync server.
11:51:07.195 No connection to sync server.
11:52:07.199 No connection to sync server.
11:53:07.213 No connection to sync server.
11:54:07.217 No connection to sync server.
11:55:07.250 No connection to sync server.
11:56:07.243 No connection to sync server.
11:57:07.271 No connection to sync server.
11:58:07.286 No connection to sync server.
11:59:07.272 No connection to sync server.
12:00:07.306 No connection to sync server.
12:01:07.301 No connection to sync server.
12:02:07.318 No connection to sync server.
12:03:07.327 No connection to sync server.
12:04:07.346 No connection to sync server.
12:05:07.349 No connection to sync server.
12:06:07.395 No connection to sync server.
12:07:07.389 No connection to sync server.
12:08:07.396 No connection to sync server.
12:09:07.412 No connection to sync server.
12:10:07.438 No connection to sync server.
12:11:07.424 No connection to sync server.
12:12:07.458 No connection to sync server.
12:13:07.449 No connection to sync server.
12:14:07.473 No connection to sync server.
12:15:07.482 No connection to sync server.
12:16:07.502 No connection to sync server.
12:17:07.126 Table counts: notes: 308, revisions: 122, attachments: 64, branches: 311, attributes: 457, etapi_tokens: 0, blobs: 333
12:17:07.145 All consistency checks passed with no errors detected (took 19ms)
12:17:07.505 No connection to sync server.
12:18:07.537 No connection to sync server.
12:19:07.532 No connection to sync server.
12:20:07.543 No connection to sync server.
12:21:07.554 No connection to sync server.
12:22:07.557 No connection to sync server.
12:23:07.599 No connection to sync server.
12:24:07.586 No connection to sync server.
12:25:07.585 No connection to sync server.
12:26:07.607 No connection to sync server.
12:27:07.615 No connection to sync server.
12:28:07.650 No connection to sync server.
12:29:07.643 No connection to sync server.
12:30:07.674 No connection to sync server.
12:31:07.663 No connection to sync server.
12:32:07.684 No connection to sync server.
12:33:07.696 No connection to sync server.
12:34:07.718 No connection to sync server.
12:35:07.722 No connection to sync server.
12:36:07.744 No connection to sync server.
12:37:07.753 No connection to sync server.
12:38:07.769 No connection to sync server.
12:39:07.784 No connection to sync server.
12:40:07.800 No connection to sync server.
12:41:07.796 No connection to sync server.
12:42:07.823 No connection to sync server.
12:43:07.824 No connection to sync server.
12:44:07.853 No connection to sync server.
12:45:07.848 No connection to sync server.
12:46:07.868 No connection to sync server.
12:47:07.876 No connection to sync server.
12:48:07.906 No connection to sync server.
12:49:07.908 No connection to sync server.
12:50:07.928 No connection to sync server.
12:51:07.941 No connection to sync server.
12:52:07.958 No connection to sync server.
12:53:07.957 No connection to sync server.
12:54:07.960 No connection to sync server.
12:55:07.975 No connection to sync server.
12:56:07.984 No connection to sync server.
12:57:07.990 No connection to sync server.
12:58:08.014 No connection to sync server.
12:59:08.020 No connection to sync server.
13:00:08.044 No connection to sync server.
13:01:08.035 No connection to sync server.
13:02:08.056 No connection to sync server.
13:03:08.070 No connection to sync server.
13:04:08.065 No connection to sync server.
13:05:08.080 No connection to sync server.
13:06:08.085 No connection to sync server.
13:07:08.114 No connection to sync server.
13:08:08.103 No connection to sync server.
13:09:08.129 No connection to sync server.
13:10:08.112 No connection to sync server.
13:11:08.131 No connection to sync server.
13:12:08.138 No connection to sync server.
13:13:08.161 No connection to sync server.
13:14:08.165 No connection to sync server.
13:15:08.184 No connection to sync server.
13:16:08.176 No connection to sync server.
13:17:07.128 Table counts: notes: 308, revisions: 122, attachments: 64, branches: 311, attributes: 457, etapi_tokens: 0, blobs: 333
13:17:07.150 All consistency checks passed with no errors detected (took 23ms)
13:17:08.181 No connection to sync server.
13:18:08.195 No connection to sync server.
13:18:42.363 Error: Router not found for request GET /pdown
13:19:08.205 No connection to sync server.
13:20:08.215 No connection to sync server.
13:21:08.227 No connection to sync server.
13:22:08.238 No connection to sync server.
13:23:08.247 No connection to sync server.
13:24:08.273 No connection to sync server.
13:25:08.263 No connection to sync server.
13:26:08.288 No connection to sync server.
13:27:08.281 No connection to sync server.
13:28:08.311 No connection to sync server.
13:29:18.273 Sync failed: 'Request to GET https://trilium.l2.bb1a.cn:8082/api/setup/status failed, error: Error: getaddrinfo ENOTFOUND trilium.l2.bb1a.cn', stack: Error: Request to GET https://trilium.l2.bb1a.cn:8082/api/setup/status failed, error: Error: getaddrinfo ENOTFOUND trilium.l2.bb1a.cn
    at generateError (/root/software/trilium-chinese/trilium-linux-x64-server/src/services/request.js:207:12)
    at ClientRequest.<anonymous> (/root/software/trilium-chinese/trilium-linux-x64-server/src/services/request.js:58:47)
    at ClientRequest.emit (node:events:517:28)
    at TLSSocket.socketErrorListener (node:_http_client:501:9)
    at TLSSocket.emit (node:events:517:28)
    at emitErrorNT (node:internal/streams/destroy:151:8)
    at emitErrorCloseNT (node:internal/streams/destroy:116:3)
    at process.processTicksAndRejections (node:internal/process/task_queues:82:21)
13:30:08.336 No connection to sync server.
13:31:08.334 No connection to sync server.
13:32:08.359 No connection to sync server.
13:33:08.353 No connection to sync server.
13:34:08.370 No connection to sync server.
13:35:08.384 No connection to sync server.
13:36:08.408 No connection to sync server.
13:37:08.406 No connection to sync server.
13:38:28.905 No connection to sync server.
13:39:08.446 No connection to sync server.
13:40:08.457 No connection to sync server.
13:41:08.463 No connection to sync server.
13:42:08.482 No connection to sync server.
13:43:08.496 No connection to sync server.
13:44:08.507 No connection to sync server.
13:45:08.498 No connection to sync server.
13:46:08.517 No connection to sync server.
13:47:08.529 No connection to sync server.
13:48:08.541 No connection to sync server.
13:49:08.566 No connection to sync server.
13:50:08.570 No connection to sync server.
13:51:08.573 No connection to sync server.
13:52:08.598 No connection to sync server.
13:54:17.894 No connection to sync server.
13:54:17.964 No connection to sync server.
13:55:08.623 No connection to sync server.
13:56:08.654 No connection to sync server.
13:57:08.637 No connection to sync server.
13:58:08.674 No connection to sync server.
13:59:08.670 No connection to sync server.
14:00:08.688 No connection to sync server.
14:01:08.699 No connection to sync server.
14:02:08.710 No connection to sync server.
14:03:29.109 No connection to sync server.
14:04:08.735 No connection to sync server.
14:05:08.753 No connection to sync server.
14:06:08.759 No connection to sync server.
14:07:08.767 No connection to sync server.
14:08:08.786 No connection to sync server.
14:09:08.791 No connection to sync server.
14:10:08.811 No connection to sync server.
14:11:08.819 No connection to sync server.
14:12:08.830 No connection to sync server.
14:13:08.851 No connection to sync server.
14:14:08.844 No connection to sync server.
14:15:08.884 No connection to sync server.
14:16:08.871 No connection to sync server.
14:17:07.128 Table counts: notes: 308, revisions: 122, attachments: 64, branches: 311, attributes: 457, etapi_tokens: 0, blobs: 333
14:17:07.149 All consistency checks passed with no errors detected (took 21ms)
14:17:08.872 No connection to sync server.
14:18:08.893 No connection to sync server.
14:19:08.894 No connection to sync server.
14:20:08.920 No connection to sync server.
14:21:08.928 No connection to sync server.
14:22:08.942 No connection to sync server.
14:23:08.947 No connection to sync server.
14:24:08.968 No connection to sync server.
14:25:08.975 No connection to sync server.
14:26:08.974 No connection to sync server.
14:27:08.989 No connection to sync server.
14:28:09.005 No connection to sync server.
14:29:09.006 No connection to sync server.
14:30:09.024 No connection to sync server.
14:31:09.036 No connection to sync server.
14:32:09.062 No connection to sync server.
14:33:09.057 No connection to sync server.
14:34:09.126 No connection to sync server.
14:35:09.092 No connection to sync server.
14:36:09.114 No connection to sync server.
14:37:09.110 No connection to sync server.
14:38:09.121 No connection to sync server.
14:39:09.135 No connection to sync server.
14:40:09.155 No connection to sync server.
14:41:09.160 No connection to sync server.
14:42:09.163 No connection to sync server.
14:43:09.186 No connection to sync server.
14:44:09.196 No connection to sync server.
14:45:09.211 No connection to sync server.
14:46:09.219 No connection to sync server.
14:47:09.237 No connection to sync server.
14:48:09.230 No connection to sync server.
14:49:09.246 No connection to sync server.
14:50:09.260 No connection to sync server.
14:51:09.270 No connection to sync server.
14:52:09.274 No connection to sync server.
14:53:09.290 No connection to sync server.
14:54:09.298 No connection to sync server.
14:55:09.321 No connection to sync server.
14:56:09.316 No connection to sync server.
14:57:09.339 No connection to sync server.
14:58:09.333 No connection to sync server.
14:59:09.361 No connection to sync server.
15:00:09.363 No connection to sync server.
15:01:09.368 No connection to sync server.
15:02:09.381 No connection to sync server.
15:03:09.393 No connection to sync server.
15:04:09.394 No connection to sync server.
15:05:09.401 No connection to sync server.
15:06:09.412 No connection to sync server.
15:07:09.421 No connection to sync server.
15:08:09.436 No connection to sync server.
15:09:09.442 No connection to sync server.
15:10:09.456 No connection to sync server.
15:11:09.476 No connection to sync server.
15:12:09.482 No connection to sync server.
15:13:09.486 No connection to sync server.
15:14:09.507 No connection to sync server.
15:15:09.508 No connection to sync server.
15:16:09.525 No connection to sync server.
15:17:07.129 Table counts: notes: 308, revisions: 122, attachments: 64, branches: 311, attributes: 457, etapi_tokens: 0, blobs: 333
15:17:07.147 All consistency checks passed with no errors detected (took 17ms)
15:17:09.537 No connection to sync server.
15:18:09.553 No connection to sync server.
15:19:09.542 No connection to sync server.
15:20:09.580 No connection to sync server.
15:21:09.576 No connection to sync server.
15:22:09.574 No connection to sync server.
15:23:09.598 No connection to sync server.
15:24:09.602 No connection to sync server.
15:25:09.621 No connection to sync server.
15:26:09.636 No connection to sync server.
15:27:09.636 No connection to sync server.
15:28:09.655 No connection to sync server.
15:29:09.674 No connection to sync server.
15:30:09.664 No connection to sync server.
15:31:09.684 No connection to sync server.
15:32:09.681 No connection to sync server.
15:33:09.701 No connection to sync server.
15:34:09.711 No connection to sync server.
15:35:09.728 No connection to sync server.
15:36:09.737 No connection to sync server.
15:37:09.747 No connection to sync server.
15:38:09.756 No connection to sync server.
15:39:09.759 No connection to sync server.
15:40:09.768 No connection to sync server.
15:41:09.780 No connection to sync server.
15:42:09.788 No connection to sync server.
15:43:09.801 No connection to sync server.
15:44:09.820 No connection to sync server.
15:45:09.833 No connection to sync server.
15:46:09.839 No connection to sync server.
15:47:09.848 No connection to sync server.
15:48:09.856 No connection to sync server.
15:49:09.867 No connection to sync server.
15:50:09.890 No connection to sync server.
15:51:09.881 No connection to sync server.
15:52:09.904 No connection to sync server.
15:53:09.921 No connection to sync server.
15:54:09.935 No connection to sync server.
15:55:09.928 No connection to sync server.
15:56:09.941 No connection to sync server.
15:57:09.946 No connection to sync server.
15:58:09.961 No connection to sync server.
15:59:09.964 No connection to sync server.
16:00:09.988 No connection to sync server.
16:01:09.988 No connection to sync server.
16:02:10.011 No connection to sync server.
16:03:10.011 No connection to sync server.
16:04:10.033 No connection to sync server.
16:05:10.041 No connection to sync server.
16:06:10.052 No connection to sync server.
16:07:10.065 No connection to sync server.
16:08:10.080 No connection to sync server.
16:09:10.087 No connection to sync server.
16:10:10.098 No connection to sync server.
16:11:10.119 No connection to sync server.
16:12:10.130 No connection to sync server.
16:13:10.125 No connection to sync server.
16:14:10.126 No connection to sync server.
16:15:10.150 No connection to sync server.
16:16:10.159 No connection to sync server.
16:17:07.131 Table counts: notes: 308, revisions: 122, attachments: 64, branches: 311, attributes: 457, etapi_tokens: 0, blobs: 333
16:17:07.150 All consistency checks passed with no errors detected (took 19ms)
16:17:10.150 No connection to sync server.
16:18:10.161 No connection to sync server.
16:19:10.178 No connection to sync server.
16:20:10.191 No connection to sync server.
16:21:10.196 No connection to sync server.
16:22:10.201 No connection to sync server.
16:23:10.212 No connection to sync server.
16:24:10.226 No connection to sync server.
16:25:10.230 No connection to sync server.
16:26:10.249 No connection to sync server.
16:27:10.251 No connection to sync server.
16:28:10.257 No connection to sync server.
16:29:10.272 No connection to sync server.
16:30:10.294 No connection to sync server.
16:31:10.302 No connection to sync server.
16:32:10.317 No connection to sync server.
16:33:10.312 No connection to sync server.
16:34:10.329 No connection to sync server.
16:35:10.336 No connection to sync server.
16:36:10.351 No connection to sync server.
16:37:10.351 No connection to sync server.
16:38:10.376 No connection to sync server.
16:39:10.387 No connection to sync server.
16:40:10.408 No connection to sync server.
16:41:10.408 No connection to sync server.
16:42:10.416 No connection to sync server.
16:43:10.455 No connection to sync server.
16:44:10.433 No connection to sync server.
16:45:10.444 No connection to sync server.
16:46:10.436 No connection to sync server.
16:47:10.444 No connection to sync server.
16:48:10.459 No connection to sync server.
16:49:10.460 No connection to sync server.
16:50:10.484 No connection to sync server.
16:51:10.497 No connection to sync server.
16:52:10.500 No connection to sync server.
16:53:10.508 No connection to sync server.
16:54:10.514 No connection to sync server.
16:55:10.537 No connection to sync server.
16:56:10.538 No connection to sync server.
16:57:10.547 No connection to sync server.
16:58:10.550 No connection to sync server.
16:59:10.570 No connection to sync server.
17:00:10.575 No connection to sync server.
17:01:10.586 No connection to sync server.
17:02:10.591 No connection to sync server.
17:03:10.616 No connection to sync server.
17:04:10.615 No connection to sync server.
17:05:10.623 No connection to sync server.
17:06:10.642 No connection to sync server.
17:07:10.644 No connection to sync server.
17:08:10.662 No connection to sync server.
17:09:10.668 No connection to sync server.
17:10:10.675 No connection to sync server.
17:11:10.674 No connection to sync server.
17:12:10.703 No connection to sync server.
17:13:10.703 No connection to sync server.
17:14:10.729 No connection to sync server.
17:15:10.718 No connection to sync server.
17:16:10.733 No connection to sync server.
17:17:07.132 Table counts: notes: 308, revisions: 122, attachments: 64, branches: 311, attributes: 457, etapi_tokens: 0, blobs: 333
17:17:07.148 All consistency checks passed with no errors detected (took 17ms)
17:17:10.741 No connection to sync server.
17:18:10.762 No connection to sync server.
17:19:10.756 No connection to sync server.
17:20:10.777 No connection to sync server.
17:21:10.777 No connection to sync server.
17:22:10.798 No connection to sync server.
17:23:10.799 No connection to sync server.
17:24:10.812 No connection to sync server.
17:25:10.812 No connection to sync server.
17:26:10.827 No connection to sync server.
17:27:10.836 No connection to sync server.
17:28:10.856 No connection to sync server.
17:29:10.859 No connection to sync server.
17:30:10.883 No connection to sync server.
17:31:10.874 No connection to sync server.
17:32:10.903 No connection to sync server.
17:33:10.891 No connection to sync server.
17:34:10.904 No connection to sync server.
17:35:10.921 No connection to sync server.
17:36:10.929 No connection to sync server.
17:37:10.932 No connection to sync server.
17:38:10.949 No connection to sync server.
17:39:10.952 No connection to sync server.
17:40:10.960 No connection to sync server.
17:41:10.969 No connection to sync server.
17:42:10.978 No connection to sync server.
17:43:10.987 No connection to sync server.
17:44:10.989 No connection to sync server.
17:45:11.018 No connection to sync server.
17:46:11.004 No connection to sync server.
17:47:11.026 No connection to sync server.
17:48:11.036 No connection to sync server.
17:49:11.052 No connection to sync server.
17:50:11.057 No connection to sync server.
17:51:11.067 No connection to sync server.
17:52:11.077 No connection to sync server.
17:53:11.087 No connection to sync server.
17:54:11.104 No connection to sync server.
17:55:11.115 No connection to sync server.
17:56:11.109 No connection to sync server.
17:57:11.128 No connection to sync server.
17:58:11.138 No connection to sync server.
17:59:11.148 No connection to sync server.
18:00:11.156 No connection to sync server.
18:01:11.167 No connection to sync server.
18:02:11.167 No connection to sync server.
18:03:11.179 No connection to sync server.
18:04:11.191 No connection to sync server.
18:05:11.199 No connection to sync server.
18:06:11.204 No connection to sync server.
18:07:11.224 No connection to sync server.
18:08:11.224 No connection to sync server.
18:09:11.230 No connection to sync server.
18:10:11.242 No connection to sync server.
18:11:11.243 No connection to sync server.
18:12:11.269 No connection to sync server.
18:13:11.264 No connection to sync server.
18:14:11.278 No connection to sync server.
18:15:11.292 No connection to sync server.
18:16:11.293 No connection to sync server.
18:17:06.671 Optimizing database
18:17:06.673 Optimization finished in 1ms.
18:17:07.132 Table counts: notes: 308, revisions: 122, attachments: 64, branches: 311, attributes: 457, etapi_tokens: 0, blobs: 333
18:17:07.150 All consistency checks passed with no errors detected (took 19ms)
18:17:11.302 No connection to sync server.
18:18:11.310 No connection to sync server.
18:19:11.323 No connection to sync server.
18:20:11.339 No connection to sync server.
18:21:11.340 No connection to sync server.
18:22:11.334 No connection to sync server.
18:23:11.340 No connection to sync server.
18:24:11.357 No connection to sync server.
18:25:11.355 No connection to sync server.
18:26:11.372 No connection to sync server.
18:27:11.383 No connection to sync server.
18:28:11.393 No connection to sync server.
18:29:11.392 No connection to sync server.
18:30:11.411 No connection to sync server.
18:31:11.419 No connection to sync server.
18:32:11.424 No connection to sync server.
18:33:11.441 No connection to sync server.
18:34:11.450 No connection to sync server.
18:35:11.450 No connection to sync server.
18:36:11.464 No connection to sync server.
18:37:11.478 No connection to sync server.
18:38:11.489 No connection to sync server.
18:39:11.502 No connection to sync server.
18:40:11.518 No connection to sync server.
18:41:11.505 No connection to sync server.
18:42:11.521 No connection to sync server.
18:43:11.534 No connection to sync server.
18:44:11.537 No connection to sync server.
18:45:11.545 No connection to sync server.
18:46:11.560 No connection to sync server.
18:47:11.561 No connection to sync server.
18:48:11.570 No connection to sync server.
18:49:11.574 No connection to sync server.
18:50:11.582 No connection to sync server.
18:51:11.579 No connection to sync server.
18:52:11.602 No connection to sync server.
18:53:11.614 No connection to sync server.
18:54:11.621 No connection to sync server.
18:55:11.630 No connection to sync server.
18:56:11.644 No connection to sync server.
18:57:11.642 No connection to sync server.
18:58:11.636 No connection to sync server.
18:59:11.652 No connection to sync server.
19:00:11.653 No connection to sync server.
19:01:11.675 No connection to sync server.
19:02:11.670 No connection to sync server.
19:03:11.683 No connection to sync server.
19:04:11.693 No connection to sync server.
19:05:11.702 No connection to sync server.
19:06:11.700 No connection to sync server.
19:07:11.721 No connection to sync server.
19:08:11.719 No connection to sync server.
19:09:11.734 No connection to sync server.
19:10:11.735 No connection to sync server.
19:11:11.740 No connection to sync server.
19:12:11.753 No connection to sync server.
19:13:11.764 No connection to sync server.
19:14:11.762 No connection to sync server.
19:15:11.778 No connection to sync server.
19:16:11.777 No connection to sync server.
19:17:07.132 Table counts: notes: 308, revisions: 122, attachments: 64, branches: 311, attributes: 457, etapi_tokens: 0, blobs: 333
19:17:07.164 All consistency checks passed with no errors detected (took 32ms)
19:17:11.797 No connection to sync server.
19:18:11.800 No connection to sync server.
19:19:11.802 No connection to sync server.
19:20:11.813 No connection to sync server.
19:21:11.811 No connection to sync server.
19:22:11.830 No connection to sync server.
19:23:11.831 No connection to sync server.
19:24:11.846 No connection to sync server.
19:25:11.848 No connection to sync server.
19:26:11.856 No connection to sync server.
19:27:11.861 No connection to sync server.
19:28:11.879 No connection to sync server.
19:29:11.878 No connection to sync server.
19:30:11.898 No connection to sync server.
19:31:11.901 No connection to sync server.
19:32:11.912 No connection to sync server.
19:33:11.920 No connection to sync server.
19:34:11.924 No connection to sync server.
19:35:11.928 No connection to sync server.
19:36:11.943 No connection to sync server.
19:37:11.952 No connection to sync server.
19:38:11.969 No connection to sync server.
19:39:11.971 No connection to sync server.
19:40:12.007 Sync failed: 'Request to GET https://trilium.l2.bb1a.cn:8082/api/setup/status failed, error: Error: read ECONNRESET', stack: Error: Request to GET https://trilium.l2.bb1a.cn:8082/api/setup/status failed, error: Error: read ECONNRESET
    at generateError (/root/software/trilium-chinese/trilium-linux-x64-server/src/services/request.js:207:12)
    at ClientRequest.<anonymous> (/root/software/trilium-chinese/trilium-linux-x64-server/src/services/request.js:58:47)
    at ClientRequest.emit (node:events:517:28)
    at TLSSocket.socketErrorListener (node:_http_client:501:9)
    at TLSSocket.emit (node:events:517:28)
    at emitErrorNT (node:internal/streams/destroy:151:8)
    at emitErrorCloseNT (node:internal/streams/destroy:116:3)
    at process.processTicksAndRejections (node:internal/process/task_queues:82:21)
19:41:11.980 No connection to sync server.
19:42:11.986 No connection to sync server.
19:43:11.992 No connection to sync server.
19:44:12.011 No connection to sync server.
19:45:12.019 No connection to sync server.
19:46:12.032 No connection to sync server.
19:47:12.023 No connection to sync server.
19:48:12.042 No connection to sync server.
19:49:12.042 No connection to sync server.
19:50:12.061 No connection to sync server.
19:51:12.058 No connection to sync server.
19:52:12.068 No connection to sync server.
19:53:12.073 No connection to sync server.
19:54:12.098 No connection to sync server.
19:55:12.092 No connection to sync server.
19:56:12.106 No connection to sync server.
19:57:12.107 No connection to sync server.
19:58:12.117 No connection to sync server.
19:59:12.120 No connection to sync server.
20:00:12.130 No connection to sync server.
20:01:12.136 No connection to sync server.
20:02:12.145 No connection to sync server.
20:03:12.147 No connection to sync server.
20:04:12.170 No connection to sync server.
20:05:12.176 No connection to sync server.
20:06:12.177 No connection to sync server.
20:07:12.185 No connection to sync server.
20:08:12.196 No connection to sync server.
20:09:12.192 No connection to sync server.
20:10:12.205 No connection to sync server.
20:11:12.215 No connection to sync server.
20:12:12.225 No connection to sync server.
20:13:12.233 No connection to sync server.
20:14:12.250 No connection to sync server.
20:15:12.242 No connection to sync server.
20:16:12.250 No connection to sync server.
20:17:07.133 Table counts: notes: 308, revisions: 122, attachments: 64, branches: 311, attributes: 457, etapi_tokens: 0, blobs: 333
20:17:07.161 All consistency checks passed with no errors detected (took 28ms)
20:17:12.252 No connection to sync server.
20:18:12.265 No connection to sync server.
20:19:12.270 No connection to sync server.
20:20:12.273 No connection to sync server.
20:21:12.286 No connection to sync server.
20:22:12.296 No connection to sync server.
20:23:12.301 No connection to sync server.
20:24:12.322 No connection to sync server.
20:25:12.318 No connection to sync server.
20:26:12.319 No connection to sync server.
20:27:12.347 No connection to sync server.
20:28:12.334 No connection to sync server.
20:29:12.352 No connection to sync server.
20:30:12.363 No connection to sync server.
20:31:12.358 No connection to sync server.
20:32:12.372 No connection to sync server.
20:33:12.385 No connection to sync server.
20:34:12.382 No connection to sync server.
20:35:12.389 No connection to sync server.
20:36:12.398 No connection to sync server.
20:37:12.410 No connection to sync server.
20:38:12.449 No connection to sync server.
20:39:12.424 No connection to sync server.
20:40:12.431 No connection to sync server.
20:41:12.440 No connection to sync server.
20:42:12.434 No connection to sync server.
20:43:12.447 No connection to sync server.
20:44:12.448 No connection to sync server.
20:45:12.455 No connection to sync server.
20:46:12.467 No connection to sync server.
20:47:12.468 No connection to sync server.
20:48:12.474 No connection to sync server.
20:49:12.480 No connection to sync server.
20:50:12.495 No connection to sync server.
20:51:12.489 No connection to sync server.
20:52:12.509 No connection to sync server.
20:53:12.506 No connection to sync server.
20:54:12.518 No connection to sync server.
20:55:12.518 No connection to sync server.
20:56:12.526 No connection to sync server.
20:57:12.532 No connection to sync server.
20:58:12.541 No connection to sync server.
20:59:12.546 No connection to sync server.
21:00:12.562 No connection to sync server.
21:01:12.562 No connection to sync server.
21:02:12.575 No connection to sync server.
21:03:12.565 No connection to sync server.
21:04:12.585 No connection to sync server.
21:05:12.582 No connection to sync server.
21:06:12.597 No connection to sync server.
21:07:12.598 No connection to sync server.
21:08:12.600 No connection to sync server.
21:09:12.621 No connection to sync server.
21:10:12.622 No connection to sync server.
21:11:12.623 No connection to sync server.
21:12:12.630 No connection to sync server.
21:13:12.642 No connection to sync server.
21:14:12.651 No connection to sync server.
21:15:12.640 No connection to sync server.
21:16:12.655 No connection to sync server.
21:17:07.135 Table counts: notes: 308, revisions: 122, attachments: 64, branches: 311, attributes: 457, etapi_tokens: 0, blobs: 333
21:17:07.163 All consistency checks passed with no errors detected (took 29ms)
21:17:12.654 No connection to sync server.
21:18:12.663 No connection to sync server.
21:19:12.665 No connection to sync server.
21:20:12.673 No connection to sync server.
21:21:12.680 No connection to sync server.
21:22:12.693 No connection to sync server.
21:23:12.692 No connection to sync server.
21:24:12.703 No connection to sync server.
21:25:12.699 No connection to sync server.
21:26:12.709 No connection to sync server.
21:27:12.716 No connection to sync server.
21:28:12.720 No connection to sync server.
21:29:12.728 No connection to sync server.
21:30:12.735 No connection to sync server.
21:31:12.739 No connection to sync server.
21:32:12.750 No connection to sync server.
21:33:12.751 No connection to sync server.
21:34:12.752 No connection to sync server.
21:35:12.760 No connection to sync server.
21:36:12.774 No connection to sync server.
21:37:12.778 No connection to sync server.
21:38:12.789 No connection to sync server.
21:39:12.791 No connection to sync server.
21:40:12.808 No connection to sync server.
21:41:12.804 No connection to sync server.
21:42:12.801 No connection to sync server.
21:43:12.810 No connection to sync server.
21:44:12.823 No connection to sync server.
21:45:12.822 No connection to sync server.
21:46:12.831 No connection to sync server.
21:47:12.828 No connection to sync server.
21:48:12.847 No connection to sync server.
21:49:12.849 No connection to sync server.
21:50:12.850 No connection to sync server.
21:51:12.862 No connection to sync server.
21:52:12.865 No connection to sync server.
21:53:12.867 No connection to sync server.
21:54:12.881 No connection to sync server.
21:55:12.888 No connection to sync server.
21:56:12.898 No connection to sync server.
21:57:12.890 No connection to sync server.
21:58:12.896 No connection to sync server.
21:59:12.901 No connection to sync server.
22:00:12.908 No connection to sync server.
22:01:12.917 No connection to sync server.
22:02:12.921 No connection to sync server.
22:03:12.919 No connection to sync server.
22:04:12.931 No connection to sync server.
22:05:12.932 No connection to sync server.
22:06:12.944 No connection to sync server.
22:07:12.958 No connection to sync server.
22:08:12.958 No connection to sync server.
22:09:12.964 No connection to sync server.
22:10:12.973 No connection to sync server.
22:11:12.969 No connection to sync server.
22:12:12.983 No connection to sync server.
22:13:12.981 No connection to sync server.
22:14:12.987 No connection to sync server.
22:15:12.992 No connection to sync server.
22:16:12.994 No connection to sync server.
22:17:07.134 Table counts: notes: 308, revisions: 122, attachments: 64, branches: 311, attributes: 457, etapi_tokens: 0, blobs: 333
22:17:07.160 All consistency checks passed with no errors detected (took 26ms)
22:17:13.000 No connection to sync server.
22:18:13.010 No connection to sync server.
22:19:13.011 No connection to sync server.
22:20:13.025 No connection to sync server.
22:21:13.019 No connection to sync server.
22:22:13.028 No connection to sync server.
22:23:13.041 No connection to sync server.
22:24:13.044 No connection to sync server.
22:25:13.048 No connection to sync server.
22:26:13.047 No connection to sync server.
22:27:13.052 No connection to sync server.
22:28:13.050 No connection to sync server.
22:29:13.060 No connection to sync server.
22:30:13.077 No connection to sync server.
22:31:13.071 No connection to sync server.
22:32:13.072 No connection to sync server.
22:33:13.078 No connection to sync server.
22:34:13.085 No connection to sync server.
22:35:13.087 No connection to sync server.
22:36:13.109 No connection to sync server.
22:37:13.105 No connection to sync server.
22:38:13.106 No connection to sync server.
22:39:13.107 No connection to sync server.
22:40:13.112 No connection to sync server.
22:41:13.122 No connection to sync server.
22:42:13.120 No connection to sync server.
22:43:13.137 No connection to sync server.
22:44:13.132 No connection to sync server.
22:45:13.140 No connection to sync server.
22:46:13.144 No connection to sync server.
22:47:13.153 No connection to sync server.
22:48:13.165 No connection to sync server.
22:49:13.157 No connection to sync server.
22:50:13.163 No connection to sync server.
22:51:13.175 No connection to sync server.
22:52:13.175 No connection to sync server.
22:53:13.177 No connection to sync server.
22:54:13.186 No connection to sync server.
22:55:13.191 No connection to sync server.
22:56:13.189 No connection to sync server.
22:57:13.192 No connection to sync server.
22:58:13.205 No connection to sync server.
22:59:13.194 No connection to sync server.
23:00:13.209 No connection to sync server.
23:01:13.208 No connection to sync server.
23:02:13.213 No connection to sync server.
23:03:13.212 No connection to sync server.
23:04:13.224 No connection to sync server.
23:05:13.238 No connection to sync server.
23:06:13.235 No connection to sync server.
23:07:13.233 No connection to sync server.
23:08:13.242 No connection to sync server.
23:09:13.239 No connection to sync server.
23:10:13.258 No connection to sync server.
23:11:13.259 No connection to sync server.
23:12:13.245 No connection to sync server.
23:13:13.251 No connection to sync server.
23:14:13.261 No connection to sync server.
23:15:13.260 No connection to sync server.
23:16:13.278 No connection to sync server.
23:17:07.135 Table counts: notes: 308, revisions: 122, attachments: 64, branches: 311, attributes: 457, etapi_tokens: 0, blobs: 333
23:17:07.156 All consistency checks passed with no errors detected (took 22ms)
23:17:13.270 No connection to sync server.
23:18:13.272 No connection to sync server.
23:19:13.283 No connection to sync server.
23:20:13.280 No connection to sync server.
23:21:13.296 No connection to sync server.
23:22:13.290 No connection to sync server.
23:23:13.290 No connection to sync server.
23:24:13.296 No connection to sync server.
23:25:13.310 No connection to sync server.
23:26:13.301 No connection to sync server.
23:27:13.314 No connection to sync server.
23:28:13.309 No connection to sync server.
23:29:13.316 No connection to sync server.
23:30:13.331 No connection to sync server.
23:31:13.332 No connection to sync server.
23:32:13.325 No connection to sync server.
23:33:13.329 No connection to sync server.
23:34:13.339 No connection to sync server.
23:35:13.343 No connection to sync server.
23:36:13.354 No connection to sync server.
23:37:13.348 No connection to sync server.
23:38:13.352 No connection to sync server.
23:39:13.352 No connection to sync server.
23:40:13.349 No connection to sync server.
23:41:13.360 No connection to sync server.
23:42:13.374 No connection to sync server.
23:43:13.365 No connection to sync server.
23:44:13.366 No connection to sync server.
23:45:13.366 No connection to sync server.
23:46:18.374 No connection to sync server.
23:47:13.617 No connection to sync server.
23:48:13.388 No connection to sync server.
23:49:19.405 No connection to sync server.
23:50:18.387 No connection to sync server.
23:51:13.403 No connection to sync server.
23:52:13.386 No connection to sync server.
23:53:13.400 No connection to sync server.
23:54:13.398 No connection to sync server.
23:55:13.401 No connection to sync server.
23:56:13.403 No connection to sync server.
23:57:16.426 No connection to sync server.
23:58:13.408 No connection to sync server.
23:59:13.411 No connection to sync server.
