00:22:06.483 Table counts: notes: 287, revisions: 18, attachments: 38, branches: 290, attributes: 441, etapi_tokens: 0, blobs: 227
00:22:06.497 All consistency checks passed with no errors detected (took 15ms)
01:22:06.488 Table counts: notes: 287, revisions: 18, attachments: 38, branches: 290, attributes: 441, etapi_tokens: 0, blobs: 227
01:22:06.505 All consistency checks passed with no errors detected (took 17ms)
02:22:06.502 Table counts: notes: 287, revisions: 18, attachments: 38, branches: 290, attributes: 441, etapi_tokens: 0, blobs: 227
02:22:06.521 All consistency checks passed with no errors detected (took 20ms)
03:22:06.507 Table counts: notes: 287, revisions: 18, attachments: 38, branches: 290, attributes: 441, etapi_tokens: 0, blobs: 227
03:22:06.517 All consistency checks passed with no errors detected (took 10ms)
04:22:06.517 Table counts: notes: 287, revisions: 18, attachments: 38, branches: 290, attributes: 441, etapi_tokens: 0, blobs: 227
04:22:06.525 All consistency checks passed with no errors detected (took 9ms)
05:22:06.517 Table counts: notes: 287, revisions: 18, attachments: 38, branches: 290, attributes: 441, etapi_tokens: 0, blobs: 227
05:22:06.525 All consistency checks passed with no errors detected (took 8ms)
06:22:06.526 Table counts: notes: 287, revisions: 18, attachments: 38, branches: 290, attributes: 441, etapi_tokens: 0, blobs: 227
06:22:06.535 All consistency checks passed with no errors detected (took 9ms)
07:21:59.781 Optimizing database
07:21:59.784 Optimization finished in 1ms.
07:22:06.530 Table counts: notes: 287, revisions: 18, attachments: 38, branches: 290, attributes: 441, etapi_tokens: 0, blobs: 227
07:22:06.544 All consistency checks passed with no errors detected (took 15ms)
08:22:06.533 Table counts: notes: 287, revisions: 18, attachments: 38, branches: 290, attributes: 441, etapi_tokens: 0, blobs: 227
08:22:06.544 All consistency checks passed with no errors detected (took 11ms)
09:22:06.536 Table counts: notes: 287, revisions: 18, attachments: 38, branches: 290, attributes: 441, etapi_tokens: 0, blobs: 227
09:22:06.546 All consistency checks passed with no errors detected (took 11ms)
10:22:06.563 Table counts: notes: 287, revisions: 18, attachments: 38, branches: 290, attributes: 441, etapi_tokens: 0, blobs: 227
10:22:06.593 All consistency checks passed with no errors detected (took 30ms)
11:22:06.566 Table counts: notes: 287, revisions: 18, attachments: 38, branches: 290, attributes: 441, etapi_tokens: 0, blobs: 227
11:22:06.575 All consistency checks passed with no errors detected (took 10ms)
12:22:06.594 Table counts: notes: 287, revisions: 18, attachments: 38, branches: 290, attributes: 441, etapi_tokens: 0, blobs: 227
12:22:06.612 All consistency checks passed with no errors detected (took 18ms)
13:22:06.600 Table counts: notes: 287, revisions: 18, attachments: 38, branches: 290, attributes: 441, etapi_tokens: 0, blobs: 227
13:22:06.618 All consistency checks passed with no errors detected (took 19ms)
14:22:06.626 Table counts: notes: 287, revisions: 18, attachments: 38, branches: 290, attributes: 441, etapi_tokens: 0, blobs: 227
14:22:06.638 All consistency checks passed with no errors detected (took 11ms)
15:22:06.650 Table counts: notes: 287, revisions: 18, attachments: 38, branches: 290, attributes: 441, etapi_tokens: 0, blobs: 227
15:22:06.679 All consistency checks passed with no errors detected (took 30ms)
16:22:06.664 Table counts: notes: 287, revisions: 18, attachments: 38, branches: 290, attributes: 441, etapi_tokens: 0, blobs: 227
16:22:06.680 All consistency checks passed with no errors detected (took 17ms)
17:21:59.784 Optimizing database
17:21:59.786 Optimization finished in 0ms.
17:22:06.667 Table counts: notes: 287, revisions: 18, attachments: 38, branches: 290, attributes: 441, etapi_tokens: 0, blobs: 227
17:22:06.685 All consistency checks passed with no errors detected (took 18ms)
18:22:06.688 Table counts: notes: 287, revisions: 18, attachments: 38, branches: 290, attributes: 441, etapi_tokens: 0, blobs: 227
18:22:06.701 All consistency checks passed with no errors detected (took 14ms)
19:22:06.708 Table counts: notes: 287, revisions: 18, attachments: 38, branches: 290, attributes: 441, etapi_tokens: 0, blobs: 227
19:22:06.723 All consistency checks passed with no errors detected (took 14ms)
20:22:06.724 Table counts: notes: 287, revisions: 18, attachments: 38, branches: 290, attributes: 441, etapi_tokens: 0, blobs: 227
20:22:06.734 All consistency checks passed with no errors detected (took 10ms)
21:22:06.725 Table counts: notes: 287, revisions: 18, attachments: 38, branches: 290, attributes: 441, etapi_tokens: 0, blobs: 227
21:22:06.734 All consistency checks passed with no errors detected (took 9ms)
22:22:06.739 Table counts: notes: 287, revisions: 18, attachments: 38, branches: 290, attributes: 441, etapi_tokens: 0, blobs: 227
22:22:06.749 All consistency checks passed with no errors detected (took 10ms)
23:22:06.751 Table counts: notes: 287, revisions: 18, attachments: 38, branches: 290, attributes: 441, etapi_tokens: 0, blobs: 227
23:22:06.764 All consistency checks passed with no errors detected (took 14ms)
23:49:28.771 Error: Router not found for request GET /sitemap.xml
23:50:00.864 Error: Router not found for request GET /config.json
