00:00:13.412 No connection to sync server.
00:01:13.416 No connection to sync server.
00:02:13.421 No connection to sync server.
00:03:18.430 No connection to sync server.
00:04:13.429 No connection to sync server.
00:05:13.425 No connection to sync server.
00:06:16.451 No connection to sync server.
00:07:13.431 No connection to sync server.
00:08:13.439 No connection to sync server.
00:09:13.436 No connection to sync server.
00:10:13.440 No connection to sync server.
00:11:13.439 No connection to sync server.
00:12:13.445 No connection to sync server.
00:13:21.481 No connection to sync server.
00:14:13.456 No connection to sync server.
00:15:13.454 No connection to sync server.
00:16:13.445 No connection to sync server.
00:17:07.136 Table counts: notes: 308, revisions: 122, attachments: 64, branches: 311, attributes: 457, etapi_tokens: 0, blobs: 333
00:17:07.158 All consistency checks passed with no errors detected (took 23ms)
00:17:13.449 No connection to sync server.
00:18:13.460 No connection to sync server.
00:19:13.453 No connection to sync server.
00:20:13.459 No connection to sync server.
00:21:13.466 No connection to sync server.
00:22:13.468 No connection to sync server.
00:23:13.458 No connection to sync server.
00:24:13.480 No connection to sync server.
00:25:13.467 No connection to sync server.
00:26:13.480 No connection to sync server.
00:27:13.466 No connection to sync server.
00:28:13.472 No connection to sync server.
00:29:13.477 No connection to sync server.
00:30:13.476 No connection to sync server.
00:31:23.474 No connection to sync server.
00:32:19.528 No connection to sync server.
00:33:16.525 No connection to sync server.
00:34:14.509 No connection to sync server.
00:35:13.489 No connection to sync server.
00:36:16.526 No connection to sync server.
00:37:13.490 No connection to sync server.
00:38:13.482 No connection to sync server.
00:39:16.515 No connection to sync server.
00:40:19.507 No connection to sync server.
00:41:13.497 No connection to sync server.
00:42:13.488 No connection to sync server.
00:43:13.493 No connection to sync server.
00:44:13.486 No connection to sync server.
00:45:13.489 No connection to sync server.
00:46:13.492 No connection to sync server.
00:47:13.480 No connection to sync server.
00:48:13.492 No connection to sync server.
00:49:13.517 No connection to sync server.
00:50:13.532 No connection to sync server.
00:51:13.561 No connection to sync server.
00:52:13.558 No connection to sync server.
00:53:13.572 No connection to sync server.
00:54:13.585 No connection to sync server.
00:55:13.597 No connection to sync server.
00:56:13.622 No connection to sync server.
00:57:13.634 No connection to sync server.
00:58:13.646 No connection to sync server.
00:59:13.661 No connection to sync server.
01:00:13.685 No connection to sync server.
01:01:13.700 No connection to sync server.
01:02:13.723 No connection to sync server.
01:03:13.740 No connection to sync server.
01:04:13.757 No connection to sync server.
01:05:13.765 No connection to sync server.
01:06:13.787 No connection to sync server.
01:07:13.796 No connection to sync server.
01:08:13.831 No connection to sync server.
01:09:13.821 No connection to sync server.
01:10:13.819 No connection to sync server.
01:11:13.857 No connection to sync server.
01:12:13.853 No connection to sync server.
01:13:13.885 No connection to sync server.
01:14:13.881 No connection to sync server.
01:15:13.911 No connection to sync server.
01:16:13.921 No connection to sync server.
01:17:07.138 Table counts: notes: 308, revisions: 122, attachments: 64, branches: 311, attributes: 457, etapi_tokens: 0, blobs: 333
01:17:07.164 All consistency checks passed with no errors detected (took 27ms)
01:17:13.925 No connection to sync server.
01:18:13.953 No connection to sync server.
01:19:13.957 No connection to sync server.
01:20:13.986 No connection to sync server.
01:21:13.990 No connection to sync server.
01:22:14.022 No connection to sync server.
01:23:14.027 No connection to sync server.
01:24:14.049 No connection to sync server.
01:25:14.061 No connection to sync server.
01:26:14.095 No connection to sync server.
01:27:14.103 No connection to sync server.
01:28:14.114 No connection to sync server.
01:29:14.112 No connection to sync server.
01:30:14.140 No connection to sync server.
01:31:14.137 No connection to sync server.
01:32:14.166 No connection to sync server.
01:33:14.158 No connection to sync server.
01:34:14.180 No connection to sync server.
01:35:14.177 No connection to sync server.
01:36:14.191 No connection to sync server.
01:37:14.211 No connection to sync server.
01:38:14.221 No connection to sync server.
01:39:14.222 No connection to sync server.
01:40:14.252 No connection to sync server.
01:41:14.252 No connection to sync server.
01:42:14.294 No connection to sync server.
01:43:14.290 No connection to sync server.
01:44:14.315 No connection to sync server.
01:45:14.323 No connection to sync server.
01:46:14.353 No connection to sync server.
01:47:14.351 No connection to sync server.
01:48:14.384 No connection to sync server.
01:49:14.385 No connection to sync server.
01:50:14.413 No connection to sync server.
01:51:14.418 No connection to sync server.
01:52:14.457 No connection to sync server.
01:53:14.448 No connection to sync server.
01:54:14.477 No connection to sync server.
01:55:14.493 No connection to sync server.
01:56:14.517 No connection to sync server.
01:57:14.536 No connection to sync server.
01:58:14.548 No connection to sync server.
01:59:14.549 No connection to sync server.
02:00:14.579 No connection to sync server.
02:01:14.581 No connection to sync server.
02:02:14.618 No connection to sync server.
02:03:14.620 No connection to sync server.
02:04:14.646 No connection to sync server.
02:05:14.648 No connection to sync server.
02:06:14.682 No connection to sync server.
02:07:14.676 No connection to sync server.
02:08:14.723 No connection to sync server.
02:09:14.709 No connection to sync server.
02:10:14.749 No connection to sync server.
02:11:14.740 No connection to sync server.
02:12:14.772 No connection to sync server.
02:13:14.785 No connection to sync server.
02:14:14.795 No connection to sync server.
02:15:14.810 No connection to sync server.
02:16:14.839 No connection to sync server.
02:17:07.138 Table counts: notes: 308, revisions: 122, attachments: 64, branches: 311, attributes: 457, etapi_tokens: 0, blobs: 333
02:17:07.158 All consistency checks passed with no errors detected (took 21ms)
02:17:14.844 No connection to sync server.
02:18:14.870 No connection to sync server.
02:19:14.860 No connection to sync server.
02:20:14.899 No connection to sync server.
02:21:14.896 No connection to sync server.
02:22:14.930 No connection to sync server.
02:23:14.932 No connection to sync server.
02:24:14.952 No connection to sync server.
02:25:14.971 No connection to sync server.
02:26:14.996 No connection to sync server.
02:27:14.992 No connection to sync server.
02:28:15.030 No connection to sync server.
02:29:15.033 No connection to sync server.
02:30:15.056 No connection to sync server.
02:31:15.056 No connection to sync server.
02:32:15.099 No connection to sync server.
02:33:15.101 No connection to sync server.
02:34:15.132 No connection to sync server.
02:35:15.122 No connection to sync server.
02:36:15.154 No connection to sync server.
02:37:15.156 No connection to sync server.
02:38:15.185 No connection to sync server.
02:39:15.183 No connection to sync server.
02:40:15.225 No connection to sync server.
02:41:15.228 No connection to sync server.
02:42:15.249 No connection to sync server.
02:43:15.255 No connection to sync server.
02:44:15.253 No connection to sync server.
02:45:15.287 No connection to sync server.
02:46:15.292 No connection to sync server.
02:47:15.319 No connection to sync server.
02:48:15.314 No connection to sync server.
02:49:15.350 No connection to sync server.
02:50:15.353 No connection to sync server.
02:51:15.381 No connection to sync server.
02:52:15.385 No connection to sync server.
02:53:15.380 No connection to sync server.
02:54:15.416 No connection to sync server.
02:55:15.417 No connection to sync server.
02:56:15.454 No connection to sync server.
02:57:15.445 No connection to sync server.
02:58:15.467 No connection to sync server.
02:59:15.483 No connection to sync server.
03:00:15.510 No connection to sync server.
03:01:15.517 No connection to sync server.
03:02:15.539 No connection to sync server.
03:03:15.548 No connection to sync server.
03:04:15.560 No connection to sync server.
03:05:15.563 No connection to sync server.
03:06:15.595 No connection to sync server.
03:07:15.594 No connection to sync server.
03:08:15.615 No connection to sync server.
03:09:15.620 No connection to sync server.
03:10:15.653 No connection to sync server.
03:11:15.647 No connection to sync server.
03:12:15.667 No connection to sync server.
03:13:15.692 No connection to sync server.
03:14:15.709 No connection to sync server.
03:15:15.711 No connection to sync server.
03:16:15.728 No connection to sync server.
03:17:07.139 Table counts: notes: 308, revisions: 122, attachments: 64, branches: 311, attributes: 457, etapi_tokens: 0, blobs: 333
03:17:07.160 All consistency checks passed with no errors detected (took 21ms)
03:17:15.731 No connection to sync server.
03:18:15.743 No connection to sync server.
03:19:15.769 No connection to sync server.
03:20:15.772 No connection to sync server.
03:21:15.787 No connection to sync server.
03:22:15.806 No connection to sync server.
03:23:15.826 No connection to sync server.
03:24:15.844 No connection to sync server.
03:25:15.865 No connection to sync server.
03:26:15.870 No connection to sync server.
03:27:15.941 No connection to sync server.
03:28:15.916 No connection to sync server.
03:29:15.923 No connection to sync server.
03:30:15.937 No connection to sync server.
03:31:15.944 No connection to sync server.
03:32:15.967 No connection to sync server.
03:33:15.985 No connection to sync server.
03:34:16.005 No connection to sync server.
03:35:16.019 No connection to sync server.
03:36:16.028 No connection to sync server.
03:37:16.044 No connection to sync server.
03:38:16.047 No connection to sync server.
03:39:16.070 No connection to sync server.
03:40:16.083 No connection to sync server.
03:41:16.103 No connection to sync server.
03:42:16.117 No connection to sync server.
03:43:16.145 No connection to sync server.
03:44:16.140 No connection to sync server.
03:45:16.174 No connection to sync server.
03:46:16.168 No connection to sync server.
03:47:16.195 No connection to sync server.
03:48:16.205 No connection to sync server.
03:49:16.223 No connection to sync server.
03:50:16.222 No connection to sync server.
03:51:16.258 No connection to sync server.
03:52:16.273 No connection to sync server.
03:53:16.286 No connection to sync server.
03:54:16.292 No connection to sync server.
03:55:16.318 No connection to sync server.
03:56:16.331 No connection to sync server.
03:57:16.372 No connection to sync server.
03:58:16.367 No connection to sync server.
03:59:16.391 No connection to sync server.
04:00:16.389 No connection to sync server.
04:01:16.417 No connection to sync server.
04:02:16.419 No connection to sync server.
04:03:16.429 No connection to sync server.
04:04:16.432 No connection to sync server.
04:05:16.462 No connection to sync server.
04:06:16.463 No connection to sync server.
04:07:16.488 No connection to sync server.
04:08:16.482 No connection to sync server.
04:09:16.525 No connection to sync server.
04:10:16.530 No connection to sync server.
04:11:16.550 No connection to sync server.
04:12:16.549 No connection to sync server.
04:13:16.571 No connection to sync server.
04:14:16.589 No connection to sync server.
04:15:16.606 No connection to sync server.
04:16:16.609 No connection to sync server.
04:17:06.671 Optimizing database
04:17:06.673 Optimization finished in 1ms.
04:17:07.141 Table counts: notes: 308, revisions: 122, attachments: 64, branches: 311, attributes: 457, etapi_tokens: 0, blobs: 333
04:17:07.164 All consistency checks passed with no errors detected (took 24ms)
04:17:16.642 No connection to sync server.
04:18:16.635 No connection to sync server.
04:19:16.636 No connection to sync server.
04:20:16.655 No connection to sync server.
04:21:16.664 No connection to sync server.
04:22:16.692 No connection to sync server.
04:23:16.701 No connection to sync server.
04:24:16.719 No connection to sync server.
04:25:16.721 No connection to sync server.
04:26:16.754 No connection to sync server.
04:27:16.746 No connection to sync server.
04:28:16.775 No connection to sync server.
04:29:16.784 No connection to sync server.
04:30:16.806 No connection to sync server.
04:31:16.815 No connection to sync server.
04:32:16.830 No connection to sync server.
04:33:16.843 No connection to sync server.
04:34:16.859 No connection to sync server.
04:35:16.882 No connection to sync server.
04:36:16.871 No connection to sync server.
04:37:16.906 No connection to sync server.
04:38:16.908 No connection to sync server.
04:39:16.922 No connection to sync server.
04:40:16.945 No connection to sync server.
04:41:16.953 No connection to sync server.
04:42:16.972 No connection to sync server.
04:43:16.982 No connection to sync server.
04:44:16.999 No connection to sync server.
04:45:17.027 No connection to sync server.
04:46:17.034 No connection to sync server.
04:47:17.049 No connection to sync server.
04:48:17.051 No connection to sync server.
04:49:17.102 No connection to sync server.
04:50:17.081 No connection to sync server.
04:51:17.109 No connection to sync server.
04:52:17.104 No connection to sync server.
04:53:17.140 No connection to sync server.
04:54:17.144 No connection to sync server.
04:55:17.167 No connection to sync server.
04:56:17.180 No connection to sync server.
04:57:17.175 No connection to sync server.
04:58:17.171 No connection to sync server.
04:59:17.196 No connection to sync server.
05:00:17.212 No connection to sync server.
05:01:17.236 No connection to sync server.
05:02:17.251 No connection to sync server.
05:03:17.267 No connection to sync server.
05:04:17.263 No connection to sync server.
05:05:17.280 No connection to sync server.
05:06:17.304 No connection to sync server.
05:07:17.295 No connection to sync server.
05:08:17.333 No connection to sync server.
05:09:17.323 No connection to sync server.
05:10:17.348 No connection to sync server.
05:11:17.360 No connection to sync server.
05:12:17.376 No connection to sync server.
05:13:17.376 No connection to sync server.
05:14:17.405 No connection to sync server.
05:15:17.408 No connection to sync server.
05:16:17.442 No connection to sync server.
05:17:07.141 Table counts: notes: 308, revisions: 122, attachments: 64, branches: 311, attributes: 457, etapi_tokens: 0, blobs: 333
05:17:07.156 All consistency checks passed with no errors detected (took 15ms)
05:17:17.445 No connection to sync server.
05:18:17.448 No connection to sync server.
05:19:17.445 No connection to sync server.
05:20:17.453 No connection to sync server.
05:21:17.465 No connection to sync server.
05:22:17.479 No connection to sync server.
05:23:17.475 No connection to sync server.
05:24:17.499 No connection to sync server.
05:25:17.506 No connection to sync server.
05:26:17.536 No connection to sync server.
05:27:17.549 No connection to sync server.
05:28:17.570 No connection to sync server.
05:29:17.573 No connection to sync server.
05:30:17.598 No connection to sync server.
05:31:17.601 No connection to sync server.
05:32:17.606 No connection to sync server.
05:33:17.631 No connection to sync server.
05:34:17.637 No connection to sync server.
05:35:17.667 No connection to sync server.
05:36:17.662 No connection to sync server.
05:37:17.696 No connection to sync server.
05:38:17.689 No connection to sync server.
05:39:17.696 No connection to sync server.
05:40:17.721 No connection to sync server.
05:41:17.729 No connection to sync server.
05:42:17.734 No connection to sync server.
05:43:17.738 No connection to sync server.
05:44:17.769 No connection to sync server.
05:45:17.768 No connection to sync server.
05:46:17.790 No connection to sync server.
05:47:17.806 No connection to sync server.
05:48:17.824 No connection to sync server.
05:49:17.833 No connection to sync server.
05:50:17.851 No connection to sync server.
05:51:17.868 No connection to sync server.
05:52:17.875 No connection to sync server.
05:53:17.882 No connection to sync server.
05:54:17.909 No connection to sync server.
05:55:17.925 No connection to sync server.
05:56:17.938 No connection to sync server.
05:57:17.948 No connection to sync server.
05:58:17.965 No connection to sync server.
05:59:17.978 No connection to sync server.
06:00:17.982 No connection to sync server.
06:01:18.021 No connection to sync server.
06:02:18.009 No connection to sync server.
06:03:18.039 No connection to sync server.
06:04:18.035 No connection to sync server.
06:05:18.075 No connection to sync server.
06:06:18.071 No connection to sync server.
06:07:18.104 No connection to sync server.
06:08:18.102 No connection to sync server.
06:09:18.124 No connection to sync server.
06:10:18.170 No connection to sync server.
06:11:18.168 No connection to sync server.
06:12:18.170 No connection to sync server.
06:13:18.175 No connection to sync server.
06:14:18.176 No connection to sync server.
06:15:18.192 No connection to sync server.
06:16:18.197 No connection to sync server.
06:17:07.142 Table counts: notes: 308, revisions: 122, attachments: 64, branches: 311, attributes: 457, etapi_tokens: 0, blobs: 333
06:17:07.166 All consistency checks passed with no errors detected (took 25ms)
06:17:18.211 No connection to sync server.
06:18:18.206 No connection to sync server.
06:19:18.219 No connection to sync server.
06:20:18.231 No connection to sync server.
06:21:18.246 No connection to sync server.
06:22:18.258 No connection to sync server.
06:23:18.275 No connection to sync server.
06:24:18.299 No connection to sync server.
06:25:18.316 No connection to sync server.
06:26:18.308 No connection to sync server.
06:27:18.311 No connection to sync server.
06:28:18.322 No connection to sync server.
06:29:18.346 No connection to sync server.
06:30:18.349 No connection to sync server.
06:31:18.357 No connection to sync server.
06:32:18.350 No connection to sync server.
06:33:18.381 No connection to sync server.
06:34:18.370 No connection to sync server.
06:35:18.409 No connection to sync server.
06:36:18.407 No connection to sync server.
06:37:18.425 No connection to sync server.
06:38:24.456 No connection to sync server.
06:39:18.678 No connection to sync server.
06:40:18.475 No connection to sync server.
06:41:18.476 No connection to sync server.
06:42:18.497 No connection to sync server.
06:43:18.516 No connection to sync server.
06:44:18.522 No connection to sync server.
06:45:18.535 No connection to sync server.
06:46:18.559 No connection to sync server.
06:47:18.562 No connection to sync server.
06:48:18.588 No connection to sync server.
06:49:18.589 No connection to sync server.
06:50:18.617 No connection to sync server.
06:51:18.625 No connection to sync server.
06:52:18.791 No connection to sync server.
06:53:18.647 No connection to sync server.
06:54:18.638 No connection to sync server.
06:55:18.684 No connection to sync server.
06:56:18.684 No connection to sync server.
06:57:18.712 No connection to sync server.
06:58:18.720 No connection to sync server.
06:59:18.708 No connection to sync server.
07:00:18.742 No connection to sync server.
07:01:18.741 No connection to sync server.
07:02:18.777 No connection to sync server.
07:03:18.765 No connection to sync server.
07:04:18.790 No connection to sync server.
07:05:18.788 No connection to sync server.
07:06:18.844 No connection to sync server.
07:07:18.827 No connection to sync server.
07:08:18.847 No connection to sync server.
07:09:18.851 No connection to sync server.
07:10:18.868 No connection to sync server.
07:11:18.876 No connection to sync server.
07:12:18.899 No connection to sync server.
07:13:18.910 No connection to sync server.
07:14:18.927 No connection to sync server.
07:15:18.926 No connection to sync server.
07:16:18.961 No connection to sync server.
07:17:07.144 Table counts: notes: 308, revisions: 122, attachments: 64, branches: 311, attributes: 457, etapi_tokens: 0, blobs: 333
07:17:07.168 All consistency checks passed with no errors detected (took 25ms)
07:17:18.946 No connection to sync server.
07:18:18.981 No connection to sync server.
07:19:18.979 No connection to sync server.
07:20:19.003 No connection to sync server.
07:21:19.005 No connection to sync server.
07:22:19.043 No connection to sync server.
07:23:19.042 No connection to sync server.
07:24:19.062 No connection to sync server.
07:25:19.064 No connection to sync server.
07:26:19.092 No connection to sync server.
07:27:19.091 No connection to sync server.
07:28:19.112 No connection to sync server.
07:29:19.129 No connection to sync server.
07:30:19.140 No connection to sync server.
07:31:19.153 No connection to sync server.
07:32:19.155 No connection to sync server.
07:33:19.164 No connection to sync server.
07:34:19.189 No connection to sync server.
07:35:19.190 No connection to sync server.
07:36:19.222 No connection to sync server.
07:37:19.211 No connection to sync server.
07:38:19.234 No connection to sync server.
07:39:19.244 No connection to sync server.
07:40:19.267 No connection to sync server.
07:41:19.271 No connection to sync server.
07:42:19.493 No connection to sync server.
07:43:19.302 No connection to sync server.
07:44:19.323 No connection to sync server.
07:45:19.328 No connection to sync server.
07:46:19.344 No connection to sync server.
07:47:19.360 No connection to sync server.
07:48:19.372 No connection to sync server.
07:49:19.378 No connection to sync server.
07:50:19.405 No connection to sync server.
07:51:19.409 No connection to sync server.
07:52:19.404 No connection to sync server.
07:53:19.442 No connection to sync server.
07:54:19.442 No connection to sync server.
07:55:19.470 No connection to sync server.
07:56:19.460 No connection to sync server.
07:57:19.500 No connection to sync server.
07:58:19.497 No connection to sync server.
07:59:19.525 No connection to sync server.
08:00:19.520 No connection to sync server.
08:01:19.532 No connection to sync server.
08:02:19.557 No connection to sync server.
08:03:19.570 No connection to sync server.
08:04:19.583 No connection to sync server.
08:05:19.586 No connection to sync server.
08:06:19.603 No connection to sync server.
08:07:19.619 No connection to sync server.
08:08:19.633 No connection to sync server.
08:09:19.653 No connection to sync server.
08:10:19.657 No connection to sync server.
08:11:19.675 No connection to sync server.
08:12:19.694 No connection to sync server.
08:13:19.709 No connection to sync server.
08:14:19.719 No connection to sync server.
08:15:19.737 No connection to sync server.
08:16:19.754 No connection to sync server.
08:17:07.145 Table counts: notes: 308, revisions: 122, attachments: 64, branches: 311, attributes: 457, etapi_tokens: 0, blobs: 333
08:17:07.162 All consistency checks passed with no errors detected (took 18ms)
08:17:19.747 No connection to sync server.
08:18:19.762 No connection to sync server.
08:19:19.764 No connection to sync server.
08:20:19.788 No connection to sync server.
08:21:19.793 No connection to sync server.
08:22:19.801 No connection to sync server.
08:23:19.825 No connection to sync server.
08:24:19.835 No connection to sync server.
08:25:19.858 No connection to sync server.
08:26:19.867 No connection to sync server.
08:27:19.876 No connection to sync server.
08:28:19.886 No connection to sync server.
08:29:19.904 No connection to sync server.
08:30:19.916 No connection to sync server.
08:31:19.941 No connection to sync server.
08:32:19.941 No connection to sync server.
08:33:19.956 No connection to sync server.
08:34:19.951 No connection to sync server.
08:35:19.980 No connection to sync server.
08:36:19.996 No connection to sync server.
08:37:20.013 No connection to sync server.
08:38:20.020 No connection to sync server.
08:39:20.045 No connection to sync server.
08:40:20.049 No connection to sync server.
08:41:20.072 No connection to sync server.
08:42:20.070 No connection to sync server.
08:43:20.094 No connection to sync server.
08:44:20.109 No connection to sync server.
08:45:20.115 No connection to sync server.
08:46:20.125 No connection to sync server.
08:47:20.121 No connection to sync server.
08:48:20.142 No connection to sync server.
08:49:20.149 No connection to sync server.
08:50:20.177 No connection to sync server.
08:51:20.182 No connection to sync server.
08:52:20.169 No connection to sync server.
08:53:20.203 No connection to sync server.
08:54:20.212 No connection to sync server.
08:55:20.232 No connection to sync server.
08:56:20.237 No connection to sync server.
08:57:20.244 No connection to sync server.
08:58:20.259 No connection to sync server.
08:59:20.282 No connection to sync server.
09:00:20.289 No connection to sync server.
09:01:20.281 No connection to sync server.
09:02:20.285 No connection to sync server.
09:03:20.313 No connection to sync server.
09:04:20.404 No connection to sync server.
09:05:20.340 No connection to sync server.
09:06:20.353 No connection to sync server.
09:07:20.358 No connection to sync server.
09:08:20.366 No connection to sync server.
09:09:20.383 No connection to sync server.
09:10:20.384 No connection to sync server.
09:11:20.412 No connection to sync server.
09:12:20.412 No connection to sync server.
09:13:20.428 No connection to sync server.
09:14:20.444 No connection to sync server.
09:15:20.457 No connection to sync server.
09:16:20.456 No connection to sync server.
09:17:07.145 Table counts: notes: 308, revisions: 122, attachments: 64, branches: 311, attributes: 457, etapi_tokens: 0, blobs: 333
09:17:07.178 All consistency checks passed with no errors detected (took 34ms)
09:17:20.468 No connection to sync server.
09:18:20.494 No connection to sync server.
09:19:20.488 No connection to sync server.
09:20:20.512 No connection to sync server.
09:21:20.523 No connection to sync server.
09:22:20.544 No connection to sync server.
09:23:20.548 No connection to sync server.
09:24:20.566 No connection to sync server.
09:25:20.559 No connection to sync server.
09:26:20.596 No connection to sync server.
09:27:20.589 No connection to sync server.
09:28:20.616 No connection to sync server.
09:29:20.614 No connection to sync server.
09:30:20.628 No connection to sync server.
09:31:20.634 No connection to sync server.
09:32:20.640 No connection to sync server.
09:33:20.648 No connection to sync server.
09:34:20.673 No connection to sync server.
09:35:20.676 No connection to sync server.
09:36:20.682 No connection to sync server.
09:37:20.702 No connection to sync server.
09:38:20.903 No connection to sync server.
09:39:20.737 No connection to sync server.
09:40:20.724 No connection to sync server.
09:41:20.755 No connection to sync server.
09:42:20.749 No connection to sync server.
09:43:20.775 No connection to sync server.
09:44:20.774 No connection to sync server.
09:45:20.794 No connection to sync server.
09:46:20.792 No connection to sync server.
09:47:20.792 No connection to sync server.
09:48:20.811 No connection to sync server.
09:49:20.826 No connection to sync server.
09:50:20.829 No connection to sync server.
09:51:20.838 No connection to sync server.
09:52:20.865 No connection to sync server.
09:53:20.864 No connection to sync server.
09:54:20.892 No connection to sync server.
09:55:20.900 No connection to sync server.
09:56:20.921 No connection to sync server.
09:57:20.926 No connection to sync server.
09:58:20.943 No connection to sync server.
09:59:20.948 No connection to sync server.
10:00:20.973 No connection to sync server.
10:01:21.216 No connection to sync server.
10:02:20.968 No connection to sync server.
10:03:20.987 No connection to sync server.
10:04:20.993 No connection to sync server.
10:05:21.008 No connection to sync server.
10:06:21.034 No connection to sync server.
10:07:21.023 No connection to sync server.
10:08:21.049 No connection to sync server.
10:09:21.045 No connection to sync server.
10:10:21.071 No connection to sync server.
10:11:21.071 No connection to sync server.
10:12:21.101 No connection to sync server.
10:13:21.094 No connection to sync server.
10:14:21.111 No connection to sync server.
10:15:21.127 No connection to sync server.
10:16:21.160 No connection to sync server.
10:17:07.145 Table counts: notes: 308, revisions: 122, attachments: 64, branches: 311, attributes: 457, etapi_tokens: 0, blobs: 333
10:17:07.167 All consistency checks passed with no errors detected (took 23ms)
10:17:21.142 No connection to sync server.
10:18:21.169 No connection to sync server.
10:19:21.168 No connection to sync server.
10:20:21.197 No connection to sync server.
10:21:21.189 No connection to sync server.
10:22:21.207 No connection to sync server.
10:23:21.230 No connection to sync server.
10:24:21.239 No connection to sync server.
10:25:21.237 No connection to sync server.
10:26:21.275 No connection to sync server.
10:27:21.267 No connection to sync server.
10:28:21.304 No connection to sync server.
10:29:21.288 No connection to sync server.
10:30:21.291 No connection to sync server.
10:31:21.322 No connection to sync server.
10:32:21.337 No connection to sync server.
10:33:21.344 No connection to sync server.
10:34:21.340 No connection to sync server.
10:35:21.354 No connection to sync server.
10:36:21.365 No connection to sync server.
10:37:21.375 No connection to sync server.
10:38:21.389 No connection to sync server.
10:39:21.407 No connection to sync server.
10:40:26.419 No connection to sync server.
10:41:21.428 No connection to sync server.
10:42:21.436 No connection to sync server.
10:43:21.435 No connection to sync server.
10:44:21.453 No connection to sync server.
10:45:21.454 No connection to sync server.
10:46:21.488 No connection to sync server.
10:47:21.474 No connection to sync server.
10:48:21.498 No connection to sync server.
10:49:21.496 No connection to sync server.
10:50:21.524 No connection to sync server.
10:51:21.539 No connection to sync server.
10:52:21.555 No connection to sync server.
10:53:21.562 No connection to sync server.
10:54:21.573 No connection to sync server.
10:55:21.585 No connection to sync server.
10:56:21.583 No connection to sync server.
10:57:21.592 No connection to sync server.
10:58:21.607 No connection to sync server.
10:59:21.624 No connection to sync server.
11:00:21.614 No connection to sync server.
11:01:21.644 No connection to sync server.
11:02:21.649 No connection to sync server.
11:03:21.668 No connection to sync server.
11:04:21.672 No connection to sync server.
11:05:21.694 No connection to sync server.
11:06:21.690 No connection to sync server.
11:07:21.722 No connection to sync server.
11:08:21.712 No connection to sync server.
11:09:21.739 No connection to sync server.
11:10:21.742 No connection to sync server.
11:11:21.759 No connection to sync server.
11:12:21.775 No connection to sync server.
11:13:21.782 No connection to sync server.
11:14:21.802 No connection to sync server.
11:15:21.821 No connection to sync server.
11:16:21.817 No connection to sync server.
11:17:07.147 Table counts: notes: 308, revisions: 122, attachments: 64, branches: 311, attributes: 457, etapi_tokens: 0, blobs: 333
11:17:07.181 All consistency checks passed with no errors detected (took 35ms)
11:17:21.816 No connection to sync server.
11:18:21.850 No connection to sync server.
11:19:21.840 No connection to sync server.
11:20:21.847 No connection to sync server.
11:21:21.865 No connection to sync server.
11:22:21.864 No connection to sync server.
11:23:22.107 No connection to sync server.
11:24:21.890 No connection to sync server.
11:25:21.913 No connection to sync server.
11:26:21.911 No connection to sync server.
11:27:21.935 No connection to sync server.
11:28:21.937 No connection to sync server.
11:29:21.953 No connection to sync server.
11:30:21.946 No connection to sync server.
11:31:21.960 No connection to sync server.
11:32:21.966 No connection to sync server.
11:33:21.989 No connection to sync server.
11:34:22.009 No connection to sync server.
11:35:22.021 No connection to sync server.
11:36:22.019 No connection to sync server.
11:37:22.036 No connection to sync server.
11:38:22.035 No connection to sync server.
11:39:22.061 No connection to sync server.
11:40:22.052 No connection to sync server.
11:41:22.079 No connection to sync server.
11:42:22.094 No connection to sync server.
11:43:22.104 No connection to sync server.
11:44:22.118 No connection to sync server.
11:45:22.131 No connection to sync server.
11:46:22.145 No connection to sync server.
11:47:22.132 No connection to sync server.
11:48:22.148 No connection to sync server.
11:49:22.164 No connection to sync server.
11:50:22.180 No connection to sync server.
11:51:22.176 No connection to sync server.
11:52:22.196 No connection to sync server.
11:53:22.208 No connection to sync server.
11:54:22.209 No connection to sync server.
11:55:22.219 No connection to sync server.
11:56:22.241 No connection to sync server.
11:57:22.242 No connection to sync server.
11:58:22.257 No connection to sync server.
11:59:22.261 No connection to sync server.
12:00:22.278 No connection to sync server.
12:01:22.295 No connection to sync server.
12:02:22.290 No connection to sync server.
12:03:22.303 No connection to sync server.
12:04:22.312 No connection to sync server.
12:05:22.332 No connection to sync server.
12:06:22.337 No connection to sync server.
12:07:22.352 No connection to sync server.
12:08:22.368 No connection to sync server.
12:09:22.376 No connection to sync server.
12:10:22.384 No connection to sync server.
12:11:22.393 No connection to sync server.
12:12:22.396 No connection to sync server.
12:13:22.494 No connection to sync server.
12:14:22.435 No connection to sync server.
12:15:22.444 No connection to sync server.
12:16:22.452 No connection to sync server.
12:17:07.149 Table counts: notes: 308, revisions: 122, attachments: 64, branches: 311, attributes: 457, etapi_tokens: 0, blobs: 333
12:17:07.182 All consistency checks passed with no errors detected (took 33ms)
12:17:22.441 No connection to sync server.
12:18:22.470 No connection to sync server.
12:19:22.462 No connection to sync server.
12:20:22.486 No connection to sync server.
12:21:22.492 No connection to sync server.
12:22:22.509 No connection to sync server.
12:23:22.525 No connection to sync server.
12:24:22.536 No connection to sync server.
12:25:22.548 No connection to sync server.
12:26:22.555 No connection to sync server.
12:27:22.570 No connection to sync server.
12:28:22.557 No connection to sync server.
12:29:22.574 No connection to sync server.
12:30:22.585 No connection to sync server.
12:31:22.607 No connection to sync server.
12:32:22.599 No connection to sync server.
12:33:22.642 No connection to sync server.
12:34:23.157 No connection to sync server.
12:35:22.638 No connection to sync server.
12:36:22.651 No connection to sync server.
12:37:22.663 No connection to sync server.
12:38:22.670 No connection to sync server.
12:39:22.698 No connection to sync server.
12:40:22.694 No connection to sync server.
12:41:22.714 No connection to sync server.
12:42:22.716 No connection to sync server.
12:43:22.725 No connection to sync server.
12:44:22.781 No connection to sync server.
12:45:22.747 No connection to sync server.
12:46:22.758 No connection to sync server.
12:47:22.762 No connection to sync server.
12:48:22.768 No connection to sync server.
12:49:22.778 No connection to sync server.
12:50:22.802 No connection to sync server.
12:51:22.813 No connection to sync server.
12:52:22.819 No connection to sync server.
12:53:22.823 No connection to sync server.
12:54:22.839 No connection to sync server.
12:55:22.849 No connection to sync server.
12:56:22.849 No connection to sync server.
12:57:22.877 No connection to sync server.
12:58:22.875 No connection to sync server.
12:59:23.014 No connection to sync server.
13:00:23.081 No connection to sync server.
13:01:22.911 No connection to sync server.
13:02:23.029 No connection to sync server.
13:03:22.929 No connection to sync server.
13:04:22.921 No connection to sync server.
13:05:22.945 No connection to sync server.
13:06:22.951 No connection to sync server.
13:07:22.964 No connection to sync server.
13:08:23.035 No connection to sync server.
13:09:22.994 No connection to sync server.
13:10:22.997 No connection to sync server.
13:11:23.012 No connection to sync server.
13:12:23.018 No connection to sync server.
13:13:23.044 No connection to sync server.
13:14:23.049 No connection to sync server.
13:15:03.956 Error: Router not found for request GET /pdown
13:15:23.058 No connection to sync server.
13:16:23.066 No connection to sync server.
13:17:07.151 Table counts: notes: 308, revisions: 122, attachments: 64, branches: 311, attributes: 457, etapi_tokens: 0, blobs: 333
13:17:07.168 All consistency checks passed with no errors detected (took 18ms)
13:17:23.068 No connection to sync server.
13:18:23.119 No connection to sync server.
13:19:23.087 No connection to sync server.
13:20:23.105 No connection to sync server.
13:21:23.113 No connection to sync server.
13:22:23.129 No connection to sync server.
13:23:23.142 No connection to sync server.
13:24:23.155 No connection to sync server.
13:25:23.148 No connection to sync server.
13:26:23.173 No connection to sync server.
13:27:23.178 No connection to sync server.
13:28:23.175 No connection to sync server.
13:29:23.174 No connection to sync server.
13:30:23.194 No connection to sync server.
13:31:23.208 No connection to sync server.
13:32:23.208 No connection to sync server.
13:33:23.229 No connection to sync server.
13:34:23.219 No connection to sync server.
13:35:23.218 No connection to sync server.
13:36:23.239 No connection to sync server.
13:37:23.250 No connection to sync server.
13:38:23.271 No connection to sync server.
13:39:23.270 No connection to sync server.
13:40:23.289 No connection to sync server.
13:41:23.291 No connection to sync server.
13:42:23.305 No connection to sync server.
13:43:23.313 No connection to sync server.
13:44:23.319 No connection to sync server.
13:45:23.332 No connection to sync server.
13:46:23.356 No connection to sync server.
13:47:23.346 No connection to sync server.
13:48:23.363 No connection to sync server.
13:49:23.353 No connection to sync server.
13:50:23.381 No connection to sync server.
13:51:23.391 No connection to sync server.
13:52:23.393 No connection to sync server.
13:53:23.417 No connection to sync server.
13:54:23.413 No connection to sync server.
13:55:23.428 No connection to sync server.
13:56:23.442 No connection to sync server.
13:57:23.442 No connection to sync server.
13:58:23.463 No connection to sync server.
13:59:23.473 No connection to sync server.
14:00:23.486 No connection to sync server.
14:01:23.477 No connection to sync server.
14:02:23.481 No connection to sync server.
14:03:23.493 No connection to sync server.
14:04:23.489 No connection to sync server.
14:05:23.519 No connection to sync server.
14:06:23.520 No connection to sync server.
14:07:23.542 No connection to sync server.
14:08:23.553 No connection to sync server.
14:09:23.548 No connection to sync server.
14:10:23.569 No connection to sync server.
14:11:23.571 No connection to sync server.
14:12:23.573 No connection to sync server.
14:13:23.590 No connection to sync server.
14:14:23.605 No connection to sync server.
14:15:23.616 No connection to sync server.
14:16:23.622 No connection to sync server.
14:17:06.671 Optimizing database
14:17:06.673 Optimization finished in 1ms.
14:17:07.152 Table counts: notes: 308, revisions: 122, attachments: 64, branches: 311, attributes: 457, etapi_tokens: 0, blobs: 333
14:17:07.188 All consistency checks passed with no errors detected (took 37ms)
14:17:23.621 No connection to sync server.
14:18:23.634 No connection to sync server.
14:19:23.637 No connection to sync server.
14:20:23.654 No connection to sync server.
14:21:23.656 No connection to sync server.
14:22:23.674 No connection to sync server.
14:23:23.688 No connection to sync server.
14:24:23.691 No connection to sync server.
14:25:23.690 No connection to sync server.
14:26:23.703 No connection to sync server.
14:27:23.712 No connection to sync server.
14:28:23.721 No connection to sync server.
14:29:23.727 No connection to sync server.
14:30:23.748 No connection to sync server.
14:31:23.753 No connection to sync server.
14:32:23.765 No connection to sync server.
14:33:23.772 No connection to sync server.
14:34:23.777 No connection to sync server.
14:35:23.788 No connection to sync server.
14:36:23.797 No connection to sync server.
14:37:23.805 No connection to sync server.
14:38:24.870 No connection to sync server.
14:39:23.830 No connection to sync server.
14:40:23.842 No connection to sync server.
14:41:23.845 No connection to sync server.
14:42:23.852 No connection to sync server.
14:43:23.866 No connection to sync server.
14:44:23.878 No connection to sync server.
14:45:23.898 No connection to sync server.
14:46:23.890 No connection to sync server.
14:47:23.891 No connection to sync server.
14:48:23.908 No connection to sync server.
14:49:23.914 No connection to sync server.
14:50:23.928 No connection to sync server.
14:51:23.932 No connection to sync server.
14:52:23.948 No connection to sync server.
14:53:23.955 No connection to sync server.
14:54:23.966 No connection to sync server.
14:55:23.974 No connection to sync server.
14:56:23.973 No connection to sync server.
14:57:24.002 No connection to sync server.
14:58:24.003 No connection to sync server.
14:59:24.010 No connection to sync server.
15:00:24.013 No connection to sync server.
15:01:24.027 No connection to sync server.
15:02:24.022 No connection to sync server.
15:03:24.046 No connection to sync server.
15:04:24.048 No connection to sync server.
15:05:24.054 No connection to sync server.
15:06:24.091 No connection to sync server.
15:07:24.075 No connection to sync server.
15:08:24.086 No connection to sync server.
15:09:24.082 No connection to sync server.
15:10:24.117 No connection to sync server.
15:11:24.111 No connection to sync server.
15:12:24.121 No connection to sync server.
15:13:24.124 No connection to sync server.
15:14:24.144 No connection to sync server.
15:15:24.155 No connection to sync server.
15:16:24.164 No connection to sync server.
15:17:07.154 Table counts: notes: 308, revisions: 122, attachments: 64, branches: 311, attributes: 457, etapi_tokens: 0, blobs: 333
15:17:07.187 All consistency checks passed with no errors detected (took 34ms)
15:17:24.163 No connection to sync server.
15:18:24.191 No connection to sync server.
15:19:24.174 No connection to sync server.
15:20:24.210 No connection to sync server.
15:21:24.192 No connection to sync server.
15:22:24.392 No connection to sync server.
15:23:24.219 No connection to sync server.
15:24:24.230 No connection to sync server.
15:25:24.238 No connection to sync server.
15:26:24.248 No connection to sync server.
15:27:24.247 No connection to sync server.
15:28:24.257 No connection to sync server.
15:29:24.259 No connection to sync server.
15:30:24.275 No connection to sync server.
15:31:24.290 No connection to sync server.
15:32:24.277 No connection to sync server.
15:33:24.310 No connection to sync server.
15:34:24.328 No connection to sync server.
15:35:24.311 No connection to sync server.
15:36:24.317 No connection to sync server.
15:37:29.322 No connection to sync server.
15:38:24.362 No connection to sync server.
15:39:24.347 No connection to sync server.
15:40:24.732 No connection to sync server.
15:41:24.363 No connection to sync server.
15:42:24.377 No connection to sync server.
15:43:24.376 No connection to sync server.
15:44:24.392 No connection to sync server.
15:45:24.397 No connection to sync server.
15:46:24.408 No connection to sync server.
15:47:24.408 No connection to sync server.
15:48:24.425 No connection to sync server.
15:49:24.423 No connection to sync server.
15:50:24.444 No connection to sync server.
15:51:24.445 No connection to sync server.
15:52:29.448 No connection to sync server.
15:53:24.464 No connection to sync server.
15:54:24.477 No connection to sync server.
15:55:24.474 No connection to sync server.
15:56:24.488 No connection to sync server.
15:57:24.504 No connection to sync server.
15:58:24.501 No connection to sync server.
15:59:24.503 No connection to sync server.
16:00:24.539 No connection to sync server.
16:01:24.539 No connection to sync server.
16:02:24.523 No connection to sync server.
16:03:24.554 No connection to sync server.
16:04:24.549 No connection to sync server.
16:05:24.575 No connection to sync server.
16:06:24.558 No connection to sync server.
16:07:24.580 No connection to sync server.
16:08:24.586 No connection to sync server.
16:09:24.598 No connection to sync server.
16:10:24.610 No connection to sync server.
16:11:24.605 No connection to sync server.
16:12:24.615 No connection to sync server.
16:13:24.623 No connection to sync server.
16:14:24.635 No connection to sync server.
16:15:24.620 No connection to sync server.
16:16:24.644 No connection to sync server.
16:17:07.155 Table counts: notes: 308, revisions: 122, attachments: 64, branches: 311, attributes: 457, etapi_tokens: 0, blobs: 333
16:17:07.184 All consistency checks passed with no errors detected (took 30ms)
16:17:24.645 No connection to sync server.
16:18:24.658 No connection to sync server.
16:19:24.664 No connection to sync server.
16:20:24.683 No connection to sync server.
16:21:24.673 No connection to sync server.
16:22:24.688 No connection to sync server.
16:23:24.685 No connection to sync server.
16:24:24.709 No connection to sync server.
16:25:24.729 No connection to sync server.
16:26:24.733 No connection to sync server.
16:27:24.726 No connection to sync server.
16:28:24.727 No connection to sync server.
16:29:24.747 No connection to sync server.
16:30:24.751 No connection to sync server.
16:31:24.754 No connection to sync server.
16:32:24.771 No connection to sync server.
16:33:24.781 No connection to sync server.
16:34:24.781 No connection to sync server.
16:35:24.782 No connection to sync server.
16:36:24.783 No connection to sync server.
16:37:24.814 No connection to sync server.
16:38:24.812 No connection to sync server.
16:39:24.808 No connection to sync server.
16:40:24.822 No connection to sync server.
16:41:24.829 No connection to sync server.
16:42:24.837 No connection to sync server.
16:43:24.848 No connection to sync server.
16:44:24.852 No connection to sync server.
16:45:24.862 No connection to sync server.
16:46:24.863 No connection to sync server.
16:47:24.871 No connection to sync server.
16:48:24.879 No connection to sync server.
16:49:24.886 No connection to sync server.
16:50:24.896 No connection to sync server.
16:51:24.910 No connection to sync server.
16:52:24.911 No connection to sync server.
16:53:24.924 No connection to sync server.
16:54:24.927 No connection to sync server.
16:55:24.937 No connection to sync server.
16:56:24.941 No connection to sync server.
16:57:24.956 No connection to sync server.
16:58:24.961 No connection to sync server.
16:59:24.963 No connection to sync server.
17:00:24.980 No connection to sync server.
17:01:24.977 No connection to sync server.
17:02:24.981 No connection to sync server.
17:03:24.998 No connection to sync server.
17:04:24.993 No connection to sync server.
17:05:25.030 No connection to sync server.
17:06:25.010 No connection to sync server.
17:07:25.019 No connection to sync server.
17:08:25.031 No connection to sync server.
17:09:25.034 No connection to sync server.
17:10:25.042 No connection to sync server.
17:11:25.043 No connection to sync server.
17:12:25.065 No connection to sync server.
17:13:25.084 No connection to sync server.
17:14:25.069 No connection to sync server.
17:15:25.083 No connection to sync server.
17:16:25.082 No connection to sync server.
17:17:07.155 Table counts: notes: 308, revisions: 122, attachments: 64, branches: 311, attributes: 457, etapi_tokens: 0, blobs: 333
17:17:07.189 All consistency checks passed with no errors detected (took 35ms)
17:17:25.089 No connection to sync server.
17:18:25.097 No connection to sync server.
17:19:25.103 No connection to sync server.
17:20:25.105 No connection to sync server.
17:21:25.114 No connection to sync server.
17:22:25.132 No connection to sync server.
17:23:25.125 No connection to sync server.
17:24:25.138 No connection to sync server.
17:25:25.137 No connection to sync server.
17:26:25.151 No connection to sync server.
17:27:25.153 No connection to sync server.
17:28:25.152 No connection to sync server.
17:29:25.162 No connection to sync server.
17:30:25.164 No connection to sync server.
17:31:25.172 No connection to sync server.
17:32:25.186 No connection to sync server.
17:33:25.189 No connection to sync server.
17:34:25.187 No connection to sync server.
17:35:25.213 No connection to sync server.
17:36:25.220 No connection to sync server.
17:37:25.212 No connection to sync server.
17:38:25.225 No connection to sync server.
17:39:25.235 No connection to sync server.
17:40:25.236 No connection to sync server.
17:41:25.242 No connection to sync server.
17:42:25.254 No connection to sync server.
17:43:25.254 No connection to sync server.
17:44:25.266 No connection to sync server.
17:45:25.262 No connection to sync server.
17:46:25.277 No connection to sync server.
17:47:25.272 No connection to sync server.
17:48:25.289 No connection to sync server.
17:49:25.278 No connection to sync server.
17:50:25.295 No connection to sync server.
17:51:25.312 No connection to sync server.
17:52:25.311 No connection to sync server.
17:53:25.316 No connection to sync server.
17:54:25.320 No connection to sync server.
17:55:25.326 No connection to sync server.
17:56:25.336 No connection to sync server.
17:57:25.344 No connection to sync server.
17:58:25.348 No connection to sync server.
17:59:25.349 No connection to sync server.
18:00:25.356 No connection to sync server.
18:01:25.366 No connection to sync server.
18:02:25.365 No connection to sync server.
18:03:25.383 No connection to sync server.
18:04:25.380 No connection to sync server.
18:05:25.380 No connection to sync server.
18:06:25.393 No connection to sync server.
18:07:25.398 No connection to sync server.
18:08:25.411 No connection to sync server.
18:09:25.409 No connection to sync server.
18:10:25.419 No connection to sync server.
18:11:25.422 No connection to sync server.
18:12:25.430 No connection to sync server.
18:13:25.437 No connection to sync server.
18:14:25.443 No connection to sync server.
18:15:25.445 No connection to sync server.
18:16:25.462 No connection to sync server.
18:17:07.156 Table counts: notes: 308, revisions: 122, attachments: 64, branches: 311, attributes: 457, etapi_tokens: 0, blobs: 333
18:17:07.186 All consistency checks passed with no errors detected (took 31ms)
18:17:25.468 No connection to sync server.
18:18:25.461 No connection to sync server.
18:19:25.463 No connection to sync server.
18:20:25.470 No connection to sync server.
18:21:25.480 No connection to sync server.
18:22:25.485 No connection to sync server.
18:23:25.498 No connection to sync server.
18:24:25.509 No connection to sync server.
18:25:25.497 No connection to sync server.
18:26:25.512 No connection to sync server.
18:27:25.511 No connection to sync server.
18:28:25.523 No connection to sync server.
18:29:25.526 No connection to sync server.
18:30:25.532 No connection to sync server.
18:31:25.554 No connection to sync server.
18:32:25.538 No connection to sync server.
18:33:25.545 No connection to sync server.
18:34:25.558 No connection to sync server.
18:35:25.571 No connection to sync server.
18:36:25.580 No connection to sync server.
18:37:25.571 No connection to sync server.
18:38:25.576 No connection to sync server.
18:39:25.587 No connection to sync server.
18:40:25.598 No connection to sync server.
18:41:25.590 No connection to sync server.
18:42:25.596 No connection to sync server.
18:43:25.607 No connection to sync server.
18:44:25.625 No connection to sync server.
18:45:25.624 No connection to sync server.
18:46:25.623 No connection to sync server.
18:47:25.630 No connection to sync server.
18:48:25.631 No connection to sync server.
18:49:25.637 No connection to sync server.
18:50:25.650 No connection to sync server.
18:51:25.692 No connection to sync server.
18:52:25.652 No connection to sync server.
18:53:25.648 No connection to sync server.
18:54:25.671 No connection to sync server.
18:55:25.673 No connection to sync server.
18:56:25.683 No connection to sync server.
18:57:25.682 No connection to sync server.
18:58:25.683 No connection to sync server.
18:59:25.676 No connection to sync server.
19:00:25.703 No connection to sync server.
19:01:25.703 No connection to sync server.
19:02:25.708 No connection to sync server.
19:03:25.728 No connection to sync server.
19:04:25.711 No connection to sync server.
19:05:25.722 No connection to sync server.
19:06:25.726 No connection to sync server.
19:07:25.730 No connection to sync server.
19:08:25.734 No connection to sync server.
19:09:25.734 No connection to sync server.
19:10:25.756 No connection to sync server.
19:11:25.760 No connection to sync server.
19:12:25.757 No connection to sync server.
19:13:25.760 No connection to sync server.
19:14:25.770 No connection to sync server.
19:15:25.779 No connection to sync server.
19:16:25.791 No connection to sync server.
19:17:07.156 Table counts: notes: 308, revisions: 122, attachments: 64, branches: 311, attributes: 457, etapi_tokens: 0, blobs: 333
19:17:07.184 All consistency checks passed with no errors detected (took 28ms)
19:17:25.784 No connection to sync server.
19:18:25.787 No connection to sync server.
19:19:25.782 No connection to sync server.
19:20:25.800 No connection to sync server.
19:21:25.805 No connection to sync server.
19:22:25.811 No connection to sync server.
19:23:25.817 No connection to sync server.
19:24:25.818 No connection to sync server.
19:25:25.824 No connection to sync server.
19:26:25.827 No connection to sync server.
19:27:25.827 No connection to sync server.
19:28:25.832 No connection to sync server.
19:29:25.841 No connection to sync server.
19:30:25.843 No connection to sync server.
19:31:25.840 No connection to sync server.
19:32:25.860 No connection to sync server.
19:33:25.872 No connection to sync server.
19:34:25.863 No connection to sync server.
19:35:25.864 No connection to sync server.
19:36:25.859 No connection to sync server.
19:37:25.874 No connection to sync server.
19:38:25.876 No connection to sync server.
19:39:25.888 No connection to sync server.
19:40:25.887 No connection to sync server.
19:41:25.882 No connection to sync server.
19:42:25.887 No connection to sync server.
19:43:25.900 No connection to sync server.
19:44:25.907 No connection to sync server.
19:45:25.905 No connection to sync server.
19:46:25.908 No connection to sync server.
19:47:25.907 No connection to sync server.
19:48:25.921 No connection to sync server.
19:49:25.923 No connection to sync server.
19:50:25.919 No connection to sync server.
19:51:25.939 No connection to sync server.
19:52:25.931 No connection to sync server.
19:53:25.937 No connection to sync server.
19:54:25.946 No connection to sync server.
19:55:25.944 No connection to sync server.
19:56:25.953 No connection to sync server.
19:57:25.972 No connection to sync server.
19:58:25.962 No connection to sync server.
19:59:25.959 No connection to sync server.
20:00:25.967 No connection to sync server.
20:01:25.963 No connection to sync server.
20:02:25.965 No connection to sync server.
20:03:25.981 No connection to sync server.
20:04:25.985 No connection to sync server.
20:05:25.983 No connection to sync server.
20:06:25.986 No connection to sync server.
20:07:25.989 No connection to sync server.
20:08:25.987 No connection to sync server.
20:09:26.004 No connection to sync server.
20:10:25.991 No connection to sync server.
20:11:26.011 No connection to sync server.
20:12:26.006 No connection to sync server.
20:12:26.382 Error: Router not found for request GET /wp-json/wp/v2/users
20:13:26.013 No connection to sync server.
20:14:26.016 No connection to sync server.
20:15:26.011 No connection to sync server.
20:16:26.019 No connection to sync server.
20:17:07.157 Table counts: notes: 308, revisions: 122, attachments: 64, branches: 311, attributes: 457, etapi_tokens: 0, blobs: 333
20:17:07.185 All consistency checks passed with no errors detected (took 29ms)
20:17:26.020 No connection to sync server.
20:18:26.030 No connection to sync server.
20:19:26.031 No connection to sync server.
20:20:26.038 No connection to sync server.
20:21:26.036 No connection to sync server.
20:22:26.034 No connection to sync server.
20:23:26.046 No connection to sync server.
20:24:26.039 No connection to sync server.
20:25:26.048 No connection to sync server.
20:26:26.049 No connection to sync server.
20:27:26.045 No connection to sync server.
20:28:26.060 No connection to sync server.
20:29:26.060 No connection to sync server.
20:30:26.060 No connection to sync server.
20:31:26.057 No connection to sync server.
20:32:26.065 No connection to sync server.
20:33:26.066 No connection to sync server.
20:34:26.071 No connection to sync server.
20:35:26.180 No connection to sync server.
20:36:26.067 No connection to sync server.
20:37:26.067 No connection to sync server.
20:38:26.079 No connection to sync server.
20:39:26.086 No connection to sync server.
20:40:26.091 No connection to sync server.
20:41:26.079 No connection to sync server.
20:42:26.096 No connection to sync server.
20:43:26.083 No connection to sync server.
20:44:26.090 No connection to sync server.
20:45:26.101 No connection to sync server.
20:46:26.094 No connection to sync server.
20:47:26.091 No connection to sync server.
20:48:26.098 No connection to sync server.
20:49:26.110 No connection to sync server.
20:50:26.099 No connection to sync server.
20:51:26.101 No connection to sync server.
20:52:26.106 No connection to sync server.
20:53:26.114 No connection to sync server.
20:54:26.116 No connection to sync server.
20:55:26.112 No connection to sync server.
20:56:26.116 No connection to sync server.
20:57:26.116 No connection to sync server.
20:58:26.117 No connection to sync server.
20:59:26.115 No connection to sync server.
21:00:26.114 No connection to sync server.
21:01:26.125 No connection to sync server.
21:02:26.124 No connection to sync server.
21:03:26.121 No connection to sync server.
21:04:26.127 No connection to sync server.
21:05:26.125 No connection to sync server.
21:06:26.133 No connection to sync server.
21:07:26.131 No connection to sync server.
21:08:26.132 No connection to sync server.
21:09:26.140 No connection to sync server.
21:10:26.131 No connection to sync server.
21:11:26.143 No connection to sync server.
21:12:26.135 No connection to sync server.
21:13:26.138 No connection to sync server.
21:14:26.137 No connection to sync server.
21:15:26.137 No connection to sync server.
21:16:26.146 No connection to sync server.
21:17:07.159 Table counts: notes: 308, revisions: 122, attachments: 64, branches: 311, attributes: 457, etapi_tokens: 0, blobs: 333
21:17:07.188 All consistency checks passed with no errors detected (took 30ms)
21:17:26.133 No connection to sync server.
21:18:26.137 No connection to sync server.
21:19:26.136 No connection to sync server.
21:20:26.143 No connection to sync server.
21:21:26.151 No connection to sync server.
21:22:26.152 No connection to sync server.
21:23:26.145 No connection to sync server.
21:24:26.143 No connection to sync server.
21:25:26.169 No connection to sync server.
21:26:26.174 No connection to sync server.
21:27:26.210 No connection to sync server.
21:28:26.204 No connection to sync server.
21:29:26.240 No connection to sync server.
21:30:26.238 No connection to sync server.
21:31:26.273 No connection to sync server.
21:32:26.270 No connection to sync server.
21:33:26.304 No connection to sync server.
21:34:26.307 No connection to sync server.
21:35:26.339 No connection to sync server.
21:36:26.340 No connection to sync server.
21:37:26.380 No connection to sync server.
21:38:26.368 No connection to sync server.
21:39:26.397 No connection to sync server.
21:40:26.398 No connection to sync server.
21:41:26.432 No connection to sync server.
21:42:26.438 No connection to sync server.
21:43:26.466 No connection to sync server.
21:44:26.469 No connection to sync server.
21:45:26.493 No connection to sync server.
21:46:26.493 No connection to sync server.
21:47:26.502 No connection to sync server.
21:48:26.530 No connection to sync server.
21:49:26.535 No connection to sync server.
21:50:26.566 No connection to sync server.
21:51:26.565 No connection to sync server.
21:52:26.601 No connection to sync server.
21:53:26.610 No connection to sync server.
21:54:26.633 No connection to sync server.
21:55:26.631 No connection to sync server.
21:56:26.666 No connection to sync server.
21:57:26.672 No connection to sync server.
21:58:26.696 No connection to sync server.
21:59:26.711 No connection to sync server.
22:00:26.740 No connection to sync server.
22:01:26.743 No connection to sync server.
22:02:26.749 No connection to sync server.
22:03:26.767 No connection to sync server.
22:04:26.765 No connection to sync server.
22:05:26.794 No connection to sync server.
22:06:26.802 No connection to sync server.
22:07:26.831 No connection to sync server.
22:08:26.837 No connection to sync server.
22:09:26.862 No connection to sync server.
22:10:26.871 No connection to sync server.
22:11:26.909 No connection to sync server.
22:12:26.904 No connection to sync server.
22:13:26.930 No connection to sync server.
22:14:26.943 No connection to sync server.
22:15:26.966 No connection to sync server.
22:16:26.968 No connection to sync server.
22:17:07.159 Table counts: notes: 308, revisions: 122, attachments: 64, branches: 311, attributes: 457, etapi_tokens: 0, blobs: 333
22:17:07.201 All consistency checks passed with no errors detected (took 43ms)
22:17:26.973 No connection to sync server.
22:18:27.001 No connection to sync server.
22:19:27.006 No connection to sync server.
22:20:27.033 No connection to sync server.
22:21:27.041 No connection to sync server.
22:22:27.061 No connection to sync server.
22:23:27.070 No connection to sync server.
22:24:27.097 No connection to sync server.
22:25:27.100 No connection to sync server.
22:26:27.141 No connection to sync server.
22:27:27.134 No connection to sync server.
22:28:27.138 No connection to sync server.
22:29:27.161 No connection to sync server.
22:30:27.164 No connection to sync server.
22:31:27.205 No connection to sync server.
22:32:27.198 No connection to sync server.
22:33:27.251 No connection to sync server.
22:34:27.225 No connection to sync server.
22:35:27.241 No connection to sync server.
22:36:27.259 No connection to sync server.
22:37:27.277 No connection to sync server.
22:38:27.298 No connection to sync server.
22:39:27.300 No connection to sync server.
22:40:27.306 No connection to sync server.
22:41:27.337 No connection to sync server.
22:42:27.342 No connection to sync server.
22:43:27.365 No connection to sync server.
22:44:27.372 No connection to sync server.
22:45:27.395 No connection to sync server.
22:46:27.408 No connection to sync server.
22:47:27.417 No connection to sync server.
22:48:27.439 No connection to sync server.
22:49:27.437 No connection to sync server.
22:50:27.462 No connection to sync server.
22:51:27.469 No connection to sync server.
22:52:27.503 No connection to sync server.
22:53:27.508 No connection to sync server.
22:54:27.532 No connection to sync server.
22:55:27.532 No connection to sync server.
22:56:27.556 No connection to sync server.
22:57:27.550 No connection to sync server.
22:58:27.588 No connection to sync server.
22:59:27.595 No connection to sync server.
23:00:27.619 No connection to sync server.
23:01:27.624 No connection to sync server.
23:02:27.625 No connection to sync server.
23:03:27.664 No connection to sync server.
23:04:27.663 No connection to sync server.
23:05:27.684 No connection to sync server.
23:06:27.690 No connection to sync server.
23:07:27.720 No connection to sync server.
23:08:27.727 No connection to sync server.
23:09:27.757 No connection to sync server.
23:10:27.765 No connection to sync server.
23:11:27.773 No connection to sync server.
23:12:27.790 No connection to sync server.
23:13:27.810 No connection to sync server.
23:14:27.820 No connection to sync server.
23:15:27.840 No connection to sync server.
23:16:27.846 No connection to sync server.
23:17:07.160 Table counts: notes: 308, revisions: 122, attachments: 64, branches: 311, attributes: 457, etapi_tokens: 0, blobs: 333
23:17:07.188 All consistency checks passed with no errors detected (took 29ms)
23:17:27.845 No connection to sync server.
23:18:27.864 No connection to sync server.
23:19:27.879 No connection to sync server.
23:20:27.892 No connection to sync server.
23:21:27.889 No connection to sync server.
23:22:27.930 No connection to sync server.
23:23:27.930 No connection to sync server.
23:24:27.952 No connection to sync server.
23:25:27.951 No connection to sync server.
23:26:27.982 No connection to sync server.
23:27:27.998 No connection to sync server.
23:28:28.015 No connection to sync server.
23:29:28.033 No connection to sync server.
23:30:28.031 No connection to sync server.
23:31:28.066 No connection to sync server.
23:32:28.055 No connection to sync server.
23:33:28.092 No connection to sync server.
23:34:28.086 No connection to sync server.
23:35:28.112 No connection to sync server.
23:36:28.121 No connection to sync server.
23:37:28.155 No connection to sync server.
23:38:28.150 No connection to sync server.
23:39:28.179 No connection to sync server.
23:40:28.181 No connection to sync server.
23:41:28.188 No connection to sync server.
23:42:28.211 No connection to sync server.
23:43:28.226 No connection to sync server.
23:44:28.244 No connection to sync server.
23:45:28.256 No connection to sync server.
23:46:28.279 No connection to sync server.
23:47:28.269 No connection to sync server.
23:48:28.300 No connection to sync server.
23:49:28.325 No connection to sync server.
23:50:28.345 No connection to sync server.
23:51:28.357 No connection to sync server.
23:52:28.351 No connection to sync server.
23:53:28.386 No connection to sync server.
23:54:28.380 No connection to sync server.
23:55:28.417 No connection to sync server.
23:56:28.435 No connection to sync server.
23:57:28.456 No connection to sync server.
23:58:28.453 No connection to sync server.
23:59:28.483 No connection to sync server.
