00:22:13.244 Table counts: notes: 301, revisions: 59, attachments: 38, branches: 304, attributes: 448, etapi_tokens: 0, blobs: 271
00:22:13.266 All consistency checks passed with no errors detected (took 24ms)
01:22:13.249 Table counts: notes: 301, revisions: 59, attachments: 38, branches: 304, attributes: 448, etapi_tokens: 0, blobs: 271
01:22:13.270 All consistency checks passed with no errors detected (took 21ms)
02:22:13.262 Table counts: notes: 301, revisions: 59, attachments: 38, branches: 304, attributes: 448, etapi_tokens: 0, blobs: 271
02:22:13.324 All consistency checks passed with no errors detected (took 63ms)
03:22:00.533 Optimizing database
03:22:00.536 Optimization finished in 1ms.
03:22:13.267 Table counts: notes: 301, revisions: 59, attachments: 38, branches: 304, attributes: 448, etapi_tokens: 0, blobs: 271
03:22:13.323 All consistency checks passed with no errors detected (took 57ms)
04:22:13.290 Table counts: notes: 301, revisions: 59, attachments: 38, branches: 304, attributes: 448, etapi_tokens: 0, blobs: 271
04:22:13.330 All consistency checks passed with no errors detected (took 41ms)
05:22:13.302 Table counts: notes: 301, revisions: 59, attachments: 38, branches: 304, attributes: 448, etapi_tokens: 0, blobs: 271
05:22:13.341 All consistency checks passed with no errors detected (took 39ms)
06:22:13.333 Table counts: notes: 301, revisions: 59, attachments: 38, branches: 304, attributes: 448, etapi_tokens: 0, blobs: 271
06:22:13.378 All consistency checks passed with no errors detected (took 46ms)
07:22:13.347 Table counts: notes: 301, revisions: 59, attachments: 38, branches: 304, attributes: 448, etapi_tokens: 0, blobs: 271
07:22:13.374 All consistency checks passed with no errors detected (took 31ms)
08:22:13.359 Table counts: notes: 301, revisions: 59, attachments: 38, branches: 304, attributes: 448, etapi_tokens: 0, blobs: 271
08:22:13.393 All consistency checks passed with no errors detected (took 34ms)
09:22:13.371 Table counts: notes: 301, revisions: 59, attachments: 38, branches: 304, attributes: 448, etapi_tokens: 0, blobs: 271
09:22:13.404 All consistency checks passed with no errors detected (took 34ms)
10:22:13.384 Table counts: notes: 301, revisions: 59, attachments: 38, branches: 304, attributes: 448, etapi_tokens: 0, blobs: 271
10:22:13.425 All consistency checks passed with no errors detected (took 43ms)
11:19:33.326 Error: Router not found for request GET /ads.txt
11:22:13.396 Table counts: notes: 301, revisions: 59, attachments: 38, branches: 304, attributes: 448, etapi_tokens: 0, blobs: 271
11:22:13.442 All consistency checks passed with no errors detected (took 47ms)
12:22:13.405 Table counts: notes: 301, revisions: 59, attachments: 38, branches: 304, attributes: 448, etapi_tokens: 0, blobs: 271
12:22:13.431 All consistency checks passed with no errors detected (took 26ms)
13:22:00.535 Optimizing database
13:22:00.539 Optimization finished in 1ms.
13:22:13.413 Table counts: notes: 301, revisions: 59, attachments: 38, branches: 304, attributes: 448, etapi_tokens: 0, blobs: 271
13:22:13.437 All consistency checks passed with no errors detected (took 25ms)
14:22:13.418 Table counts: notes: 301, revisions: 59, attachments: 38, branches: 304, attributes: 448, etapi_tokens: 0, blobs: 271
14:22:13.446 All consistency checks passed with no errors detected (took 29ms)
15:22:13.424 Table counts: notes: 301, revisions: 59, attachments: 38, branches: 304, attributes: 448, etapi_tokens: 0, blobs: 271
15:22:13.464 All consistency checks passed with no errors detected (took 41ms)
16:22:13.433 Table counts: notes: 301, revisions: 59, attachments: 38, branches: 304, attributes: 448, etapi_tokens: 0, blobs: 271
16:22:13.477 All consistency checks passed with no errors detected (took 45ms)
17:22:13.438 Table counts: notes: 301, revisions: 59, attachments: 38, branches: 304, attributes: 448, etapi_tokens: 0, blobs: 271
17:22:13.487 All consistency checks passed with no errors detected (took 50ms)
18:22:13.437 Table counts: notes: 301, revisions: 59, attachments: 38, branches: 304, attributes: 448, etapi_tokens: 0, blobs: 271
18:22:13.468 All consistency checks passed with no errors detected (took 32ms)
18:44:48.451 Error: Router not found for request GET /sitemap.xml
19:22:13.442 Table counts: notes: 301, revisions: 59, attachments: 38, branches: 304, attributes: 448, etapi_tokens: 0, blobs: 271
19:22:13.486 All consistency checks passed with no errors detected (took 44ms)
20:22:13.453 Table counts: notes: 301, revisions: 59, attachments: 38, branches: 304, attributes: 448, etapi_tokens: 0, blobs: 271
20:22:13.477 All consistency checks passed with no errors detected (took 26ms)
21:22:13.456 Table counts: notes: 301, revisions: 59, attachments: 38, branches: 304, attributes: 448, etapi_tokens: 0, blobs: 271
21:22:13.478 All consistency checks passed with no errors detected (took 23ms)
22:22:13.466 Table counts: notes: 301, revisions: 59, attachments: 38, branches: 304, attributes: 448, etapi_tokens: 0, blobs: 271
22:22:13.490 All consistency checks passed with no errors detected (took 25ms)
23:22:00.541 Optimizing database
23:22:00.545 Optimization finished in 2ms.
23:22:13.469 Table counts: notes: 301, revisions: 59, attachments: 38, branches: 304, attributes: 448, etapi_tokens: 0, blobs: 271
23:22:13.490 All consistency checks passed with no errors detected (took 22ms)
