00:27:12.049 Table counts: notes: 276, revisions: 10, attachments: 29, branches: 279, attributes: 426, etapi_tokens: 0, blobs: 216
00:27:12.062 All consistency checks passed with no errors detected (took 14ms)
01:27:12.050 Table counts: notes: 276, revisions: 10, attachments: 29, branches: 279, attributes: 426, etapi_tokens: 0, blobs: 216
01:27:12.064 All consistency checks passed with no errors detected (took 15ms)
02:07:53.737 Error: Router not found for request GET /.well-known/security.txt
02:27:12.050 Table counts: notes: 276, revisions: 10, attachments: 29, branches: 279, attributes: 426, etapi_tokens: 0, blobs: 216
02:27:12.065 All consistency checks passed with no errors detected (took 15ms)
03:27:12.050 Table counts: notes: 276, revisions: 10, attachments: 29, branches: 279, attributes: 426, etapi_tokens: 0, blobs: 216
03:27:12.075 All consistency checks passed with no errors detected (took 25ms)
04:27:12.050 Table counts: notes: 276, revisions: 10, attachments: 29, branches: 279, attributes: 426, etapi_tokens: 0, blobs: 216
04:27:12.067 All consistency checks passed with no errors detected (took 17ms)
05:27:12.050 Table counts: notes: 276, revisions: 10, attachments: 29, branches: 279, attributes: 426, etapi_tokens: 0, blobs: 216
05:27:12.066 All consistency checks passed with no errors detected (took 17ms)
06:27:11.941 Optimizing database
06:27:11.944 Optimization finished in 1ms.
06:27:12.049 Table counts: notes: 276, revisions: 10, attachments: 29, branches: 279, attributes: 426, etapi_tokens: 0, blobs: 216
06:27:12.064 All consistency checks passed with no errors detected (took 15ms)
07:27:12.050 Table counts: notes: 276, revisions: 10, attachments: 29, branches: 279, attributes: 426, etapi_tokens: 0, blobs: 216
07:27:12.064 All consistency checks passed with no errors detected (took 14ms)
08:27:12.055 Table counts: notes: 276, revisions: 10, attachments: 29, branches: 279, attributes: 426, etapi_tokens: 0, blobs: 216
08:27:12.068 All consistency checks passed with no errors detected (took 13ms)
09:27:12.055 Table counts: notes: 276, revisions: 10, attachments: 29, branches: 279, attributes: 426, etapi_tokens: 0, blobs: 216
09:27:12.069 All consistency checks passed with no errors detected (took 14ms)
10:27:12.056 Table counts: notes: 276, revisions: 10, attachments: 29, branches: 279, attributes: 426, etapi_tokens: 0, blobs: 216
10:27:12.069 All consistency checks passed with no errors detected (took 14ms)
11:27:12.077 Table counts: notes: 276, revisions: 10, attachments: 29, branches: 279, attributes: 426, etapi_tokens: 0, blobs: 216
11:27:12.086 All consistency checks passed with no errors detected (took 10ms)
12:27:12.099 Table counts: notes: 276, revisions: 10, attachments: 29, branches: 279, attributes: 426, etapi_tokens: 0, blobs: 216
12:27:12.111 All consistency checks passed with no errors detected (took 12ms)
13:27:12.100 Table counts: notes: 276, revisions: 10, attachments: 29, branches: 279, attributes: 426, etapi_tokens: 0, blobs: 216
13:27:12.108 All consistency checks passed with no errors detected (took 9ms)
14:27:12.100 Table counts: notes: 276, revisions: 10, attachments: 29, branches: 279, attributes: 426, etapi_tokens: 0, blobs: 216
14:27:12.116 All consistency checks passed with no errors detected (took 17ms)
15:27:12.119 Table counts: notes: 276, revisions: 10, attachments: 29, branches: 279, attributes: 426, etapi_tokens: 0, blobs: 216
15:27:12.133 All consistency checks passed with no errors detected (took 15ms)
16:27:11.958 Optimizing database
16:27:11.962 Optimization finished in 2ms.
16:27:12.119 Table counts: notes: 276, revisions: 10, attachments: 29, branches: 279, attributes: 426, etapi_tokens: 0, blobs: 216
16:27:12.136 All consistency checks passed with no errors detected (took 18ms)
17:27:12.133 Table counts: notes: 276, revisions: 10, attachments: 29, branches: 279, attributes: 426, etapi_tokens: 0, blobs: 216
17:27:12.146 All consistency checks passed with no errors detected (took 13ms)
18:27:12.135 Table counts: notes: 276, revisions: 10, attachments: 29, branches: 279, attributes: 426, etapi_tokens: 0, blobs: 216
18:27:12.149 All consistency checks passed with no errors detected (took 15ms)
19:27:12.148 Table counts: notes: 276, revisions: 10, attachments: 29, branches: 279, attributes: 426, etapi_tokens: 0, blobs: 216
19:27:12.166 All consistency checks passed with no errors detected (took 19ms)
20:27:12.148 Table counts: notes: 276, revisions: 10, attachments: 29, branches: 279, attributes: 426, etapi_tokens: 0, blobs: 216
20:27:12.163 All consistency checks passed with no errors detected (took 15ms)
21:27:12.158 Table counts: notes: 276, revisions: 10, attachments: 29, branches: 279, attributes: 426, etapi_tokens: 0, blobs: 216
21:27:12.173 All consistency checks passed with no errors detected (took 16ms)
22:27:12.158 Table counts: notes: 276, revisions: 10, attachments: 29, branches: 279, attributes: 426, etapi_tokens: 0, blobs: 216
22:27:12.174 All consistency checks passed with no errors detected (took 17ms)
23:27:12.166 Table counts: notes: 276, revisions: 10, attachments: 29, branches: 279, attributes: 426, etapi_tokens: 0, blobs: 216
23:27:12.182 All consistency checks passed with no errors detected (took 16ms)
