00:22:15.368 Table counts: notes: 301, revisions: 59, attachments: 38, branches: 304, attributes: 448, etapi_tokens: 0, blobs: 271
00:22:15.392 All consistency checks passed with no errors detected (took 25ms)
01:22:00.721 Optimizing database
01:22:00.724 Optimization finished in 1ms.
01:22:15.381 Table counts: notes: 301, revisions: 59, attachments: 38, branches: 304, attributes: 448, etapi_tokens: 0, blobs: 271
01:22:15.413 All consistency checks passed with no errors detected (took 33ms)
02:22:15.399 Table counts: notes: 301, revisions: 59, attachments: 38, branches: 304, attributes: 448, etapi_tokens: 0, blobs: 271
02:22:15.432 All consistency checks passed with no errors detected (took 34ms)
03:22:15.415 Table counts: notes: 301, revisions: 59, attachments: 38, branches: 304, attributes: 448, etapi_tokens: 0, blobs: 271
03:22:15.454 All consistency checks passed with no errors detected (took 41ms)
04:03:12.947 Error: Router not found for request GET /ads.txt
04:22:15.421 Table counts: notes: 301, revisions: 59, attachments: 38, branches: 304, attributes: 448, etapi_tokens: 0, blobs: 271
04:22:15.449 All consistency checks passed with no errors detected (took 29ms)
05:22:15.429 Table counts: notes: 301, revisions: 59, attachments: 38, branches: 304, attributes: 448, etapi_tokens: 0, blobs: 271
05:22:15.445 All consistency checks passed with no errors detected (took 17ms)
06:22:15.442 Table counts: notes: 301, revisions: 59, attachments: 38, branches: 304, attributes: 448, etapi_tokens: 0, blobs: 271
06:22:15.487 All consistency checks passed with no errors detected (took 46ms)
07:22:15.453 Table counts: notes: 301, revisions: 59, attachments: 38, branches: 304, attributes: 448, etapi_tokens: 0, blobs: 271
07:22:15.477 All consistency checks passed with no errors detected (took 25ms)
08:22:15.476 Table counts: notes: 301, revisions: 59, attachments: 38, branches: 304, attributes: 448, etapi_tokens: 0, blobs: 271
08:22:15.523 All consistency checks passed with no errors detected (took 49ms)
09:22:15.475 Table counts: notes: 301, revisions: 59, attachments: 38, branches: 304, attributes: 448, etapi_tokens: 0, blobs: 271
09:22:15.494 All consistency checks passed with no errors detected (took 20ms)
10:22:15.488 Table counts: notes: 301, revisions: 59, attachments: 38, branches: 304, attributes: 448, etapi_tokens: 0, blobs: 271
10:22:15.520 All consistency checks passed with no errors detected (took 34ms)
11:22:00.738 Optimizing database
11:22:00.743 Optimization finished in 2ms.
11:22:15.518 Table counts: notes: 301, revisions: 59, attachments: 38, branches: 304, attributes: 448, etapi_tokens: 0, blobs: 271
11:22:15.553 All consistency checks passed with no errors detected (took 36ms)
12:22:15.517 Table counts: notes: 301, revisions: 59, attachments: 38, branches: 304, attributes: 448, etapi_tokens: 0, blobs: 271
12:22:15.535 All consistency checks passed with no errors detected (took 18ms)
13:22:15.517 Table counts: notes: 301, revisions: 59, attachments: 38, branches: 304, attributes: 448, etapi_tokens: 0, blobs: 271
13:22:15.537 All consistency checks passed with no errors detected (took 20ms)
14:22:15.524 Table counts: notes: 301, revisions: 59, attachments: 38, branches: 304, attributes: 448, etapi_tokens: 0, blobs: 271
14:22:15.550 All consistency checks passed with no errors detected (took 27ms)
15:22:15.544 Table counts: notes: 301, revisions: 59, attachments: 38, branches: 304, attributes: 448, etapi_tokens: 0, blobs: 271
15:22:15.562 All consistency checks passed with no errors detected (took 19ms)
16:22:15.574 Table counts: notes: 301, revisions: 59, attachments: 38, branches: 304, attributes: 448, etapi_tokens: 0, blobs: 271
16:22:15.607 All consistency checks passed with no errors detected (took 34ms)
17:22:15.586 Table counts: notes: 301, revisions: 59, attachments: 38, branches: 304, attributes: 448, etapi_tokens: 0, blobs: 271
17:22:15.610 All consistency checks passed with no errors detected (took 25ms)
18:22:15.592 Table counts: notes: 301, revisions: 59, attachments: 38, branches: 304, attributes: 448, etapi_tokens: 0, blobs: 271
18:22:15.626 All consistency checks passed with no errors detected (took 34ms)
19:22:15.612 Table counts: notes: 301, revisions: 59, attachments: 38, branches: 304, attributes: 448, etapi_tokens: 0, blobs: 271
19:22:15.637 All consistency checks passed with no errors detected (took 25ms)
20:22:15.624 Table counts: notes: 301, revisions: 59, attachments: 38, branches: 304, attributes: 448, etapi_tokens: 0, blobs: 271
20:22:15.645 All consistency checks passed with no errors detected (took 21ms)
21:22:00.739 Optimizing database
21:22:00.744 Optimization finished in 2ms.
21:22:15.639 Table counts: notes: 301, revisions: 59, attachments: 38, branches: 304, attributes: 448, etapi_tokens: 0, blobs: 271
21:22:15.660 All consistency checks passed with no errors detected (took 22ms)
22:22:15.648 Table counts: notes: 301, revisions: 59, attachments: 38, branches: 304, attributes: 448, etapi_tokens: 0, blobs: 271
22:22:15.661 All consistency checks passed with no errors detected (took 14ms)
23:22:15.659 Table counts: notes: 301, revisions: 59, attachments: 38, branches: 304, attributes: 448, etapi_tokens: 0, blobs: 271
23:22:15.678 All consistency checks passed with no errors detected (took 19ms)
