00:27:12.226 Optimizing database
00:27:12.231 Optimization finished in 1ms.
00:27:13.784 Table counts: notes: 276, revisions: 10, attachments: 29, branches: 279, attributes: 426, etapi_tokens: 0, blobs: 216
00:27:13.802 All consistency checks passed with no errors detected (took 18ms)
01:27:13.798 Table counts: notes: 276, revisions: 10, attachments: 29, branches: 279, attributes: 426, etapi_tokens: 0, blobs: 216
01:27:13.812 All consistency checks passed with no errors detected (took 15ms)
02:27:13.800 Table counts: notes: 276, revisions: 10, attachments: 29, branches: 279, attributes: 426, etapi_tokens: 0, blobs: 216
02:27:13.818 All consistency checks passed with no errors detected (took 19ms)
03:27:13.803 Table counts: notes: 276, revisions: 10, attachments: 29, branches: 279, attributes: 426, etapi_tokens: 0, blobs: 216
03:27:13.812 All consistency checks passed with no errors detected (took 9ms)
04:27:13.812 Table counts: notes: 276, revisions: 10, attachments: 29, branches: 279, attributes: 426, etapi_tokens: 0, blobs: 216
04:27:13.828 All consistency checks passed with no errors detected (took 16ms)
04:35:22.518 Error: Router not found for request GET /.well-known/security.txt
05:27:13.818 Table counts: notes: 276, revisions: 10, attachments: 29, branches: 279, attributes: 426, etapi_tokens: 0, blobs: 216
05:27:13.834 All consistency checks passed with no errors detected (took 16ms)
06:27:13.819 Table counts: notes: 276, revisions: 10, attachments: 29, branches: 279, attributes: 426, etapi_tokens: 0, blobs: 216
06:27:13.833 All consistency checks passed with no errors detected (took 14ms)
07:27:13.824 Table counts: notes: 276, revisions: 10, attachments: 29, branches: 279, attributes: 426, etapi_tokens: 0, blobs: 216
07:27:13.841 All consistency checks passed with no errors detected (took 18ms)
08:27:13.828 Table counts: notes: 276, revisions: 10, attachments: 29, branches: 279, attributes: 426, etapi_tokens: 0, blobs: 216
08:27:13.840 All consistency checks passed with no errors detected (took 13ms)
08:58:58.865 Generated CSRF token sTPbROAx-4YkrxgW7rJoUqSzxarN8UhxZlsQ with secret _csrf=AsV1HPM_9CB2lBrpwxtjnw0t; Path=/
08:58:59.056 200 GET /api/options with 6526 bytes took 2ms
08:58:59.077 200 GET /api/tree with 32697 bytes took 5ms
08:58:59.084 200 GET /api/keyboard-actions with 12407 bytes took 6ms
08:58:59.094 Slow 200 GET /api/script/widgets with 155155 bytes took 10ms
08:58:59.166 200 POST /api/tree/load with 6014 bytes took 2ms
08:58:59.236 200 POST /api/tree/load with 6178 bytes took 2ms
08:58:59.464 200 POST /api/tree/load with 5569 bytes took 1ms
08:58:59.554 200 GET /api/keyboard-shortcuts-for-notes with 2 bytes took 1ms
08:58:59.664 200 GET /api/notes/lsgJRCHtTh9a/blob with 9417 bytes took 4ms
08:58:59.665 200 GET /api/note-map/lsgJRCHtTh9a/backlink-count with 11 bytes took 1ms
08:58:59.950 200 GET /api/note-map/lsgJRCHtTh9a/backlink-count with 11 bytes took 1ms
08:59:00.560 204 PUT /api/options with 0 bytes took 6ms
08:59:01.574 200 GET /api/script/startup with 1804 bytes took 3ms
08:59:01.634 200 POST /api/tree/load with 6141 bytes took 2ms
08:59:01.711 200 POST /api/tree/load with 6295 bytes took 4ms
09:27:13.832 Table counts: notes: 276, revisions: 10, attachments: 29, branches: 279, attributes: 426, etapi_tokens: 0, blobs: 216
09:27:13.840 All consistency checks passed with no errors detected (took 12ms)
09:27:22.080 204 PUT /api/options with 0 bytes took 3ms
09:27:22.085 200 GET /api/notes/QHp8TIFYUsiT/blob with 22637 bytes took 4ms
09:27:22.086 200 GET /api/note-map/QHp8TIFYUsiT/backlink-count with 11 bytes took 1ms
10:27:12.226 Optimizing database
10:27:12.229 Optimization finished in 1ms.
10:27:13.830 Table counts: notes: 276, revisions: 10, attachments: 29, branches: 279, attributes: 426, etapi_tokens: 0, blobs: 216
10:27:13.844 All consistency checks passed with no errors detected (took 15ms)
11:27:13.842 Table counts: notes: 276, revisions: 10, attachments: 29, branches: 279, attributes: 426, etapi_tokens: 0, blobs: 216
11:27:13.854 All consistency checks passed with no errors detected (took 13ms)
12:27:13.855 Table counts: notes: 276, revisions: 10, attachments: 29, branches: 279, attributes: 426, etapi_tokens: 0, blobs: 216
12:27:13.869 All consistency checks passed with no errors detected (took 15ms)
13:27:13.866 Table counts: notes: 276, revisions: 10, attachments: 29, branches: 279, attributes: 426, etapi_tokens: 0, blobs: 216
13:27:13.878 All consistency checks passed with no errors detected (took 13ms)
14:27:13.867 Table counts: notes: 276, revisions: 10, attachments: 29, branches: 279, attributes: 426, etapi_tokens: 0, blobs: 216
14:27:13.881 All consistency checks passed with no errors detected (took 14ms)
15:27:13.879 Table counts: notes: 276, revisions: 10, attachments: 29, branches: 279, attributes: 426, etapi_tokens: 0, blobs: 216
15:27:13.888 All consistency checks passed with no errors detected (took 10ms)
16:27:13.894 Table counts: notes: 276, revisions: 10, attachments: 29, branches: 279, attributes: 426, etapi_tokens: 0, blobs: 216
16:27:13.905 All consistency checks passed with no errors detected (took 11ms)
17:14:25.691 Error: Router not found for request GET /.well-known/security.txt
17:27:13.898 Table counts: notes: 276, revisions: 10, attachments: 29, branches: 279, attributes: 426, etapi_tokens: 0, blobs: 216
17:27:13.914 All consistency checks passed with no errors detected (took 16ms)
18:27:13.900 Table counts: notes: 276, revisions: 10, attachments: 29, branches: 279, attributes: 426, etapi_tokens: 0, blobs: 216
18:27:13.915 All consistency checks passed with no errors detected (took 15ms)
19:27:13.909 Table counts: notes: 276, revisions: 10, attachments: 29, branches: 279, attributes: 426, etapi_tokens: 0, blobs: 216
19:27:13.928 All consistency checks passed with no errors detected (took 20ms)
20:27:12.232 Optimizing database
20:27:12.236 Optimization finished in 2ms.
20:27:13.910 Table counts: notes: 276, revisions: 10, attachments: 29, branches: 279, attributes: 426, etapi_tokens: 0, blobs: 216
20:27:13.925 All consistency checks passed with no errors detected (took 15ms)
21:27:13.912 Table counts: notes: 276, revisions: 10, attachments: 29, branches: 279, attributes: 426, etapi_tokens: 0, blobs: 216
21:27:13.926 All consistency checks passed with no errors detected (took 14ms)
22:27:13.913 Table counts: notes: 276, revisions: 10, attachments: 29, branches: 279, attributes: 426, etapi_tokens: 0, blobs: 216
22:27:13.922 All consistency checks passed with no errors detected (took 9ms)
23:27:13.917 Table counts: notes: 276, revisions: 10, attachments: 29, branches: 279, attributes: 426, etapi_tokens: 0, blobs: 216
23:27:13.937 All consistency checks passed with no errors detected (took 20ms)
