00:22:06.017 Table counts: notes: 287, revisions: 18, attachments: 38, branches: 290, attributes: 441, etapi_tokens: 0, blobs: 227
00:22:06.029 All consistency checks passed with no errors detected (took 13ms)
01:22:06.022 Table counts: notes: 287, revisions: 18, attachments: 38, branches: 290, attributes: 441, etapi_tokens: 0, blobs: 227
01:22:06.035 All consistency checks passed with no errors detected (took 14ms)
02:22:06.028 Table counts: notes: 287, revisions: 18, attachments: 38, branches: 290, attributes: 441, etapi_tokens: 0, blobs: 227
02:22:06.037 All consistency checks passed with no errors detected (took 9ms)
03:22:06.035 Table counts: notes: 287, revisions: 18, attachments: 38, branches: 290, attributes: 441, etapi_tokens: 0, blobs: 227
03:22:06.045 All consistency checks passed with no errors detected (took 9ms)
04:22:06.039 Table counts: notes: 287, revisions: 18, attachments: 38, branches: 290, attributes: 441, etapi_tokens: 0, blobs: 227
04:22:06.048 All consistency checks passed with no errors detected (took 10ms)
05:21:59.729 Optimizing database
05:21:59.733 Optimization finished in 1ms.
05:22:06.039 Table counts: notes: 287, revisions: 18, attachments: 38, branches: 290, attributes: 441, etapi_tokens: 0, blobs: 227
05:22:06.048 All consistency checks passed with no errors detected (took 10ms)
06:22:06.042 Table counts: notes: 287, revisions: 18, attachments: 38, branches: 290, attributes: 441, etapi_tokens: 0, blobs: 227
06:22:06.052 All consistency checks passed with no errors detected (took 11ms)
07:22:06.068 Table counts: notes: 287, revisions: 18, attachments: 38, branches: 290, attributes: 441, etapi_tokens: 0, blobs: 227
07:22:06.082 All consistency checks passed with no errors detected (took 15ms)
08:22:06.096 Table counts: notes: 287, revisions: 18, attachments: 38, branches: 290, attributes: 441, etapi_tokens: 0, blobs: 227
08:22:06.110 All consistency checks passed with no errors detected (took 15ms)
09:22:06.102 Table counts: notes: 287, revisions: 18, attachments: 38, branches: 290, attributes: 441, etapi_tokens: 0, blobs: 227
09:22:06.114 All consistency checks passed with no errors detected (took 13ms)
10:22:06.126 Table counts: notes: 287, revisions: 18, attachments: 38, branches: 290, attributes: 441, etapi_tokens: 0, blobs: 227
10:22:06.135 All consistency checks passed with no errors detected (took 10ms)
11:22:06.131 Table counts: notes: 287, revisions: 18, attachments: 38, branches: 290, attributes: 441, etapi_tokens: 0, blobs: 227
11:22:06.145 All consistency checks passed with no errors detected (took 14ms)
12:22:06.153 Table counts: notes: 287, revisions: 18, attachments: 38, branches: 290, attributes: 441, etapi_tokens: 0, blobs: 227
12:22:06.166 All consistency checks passed with no errors detected (took 13ms)
13:22:06.156 Table counts: notes: 287, revisions: 18, attachments: 38, branches: 290, attributes: 441, etapi_tokens: 0, blobs: 227
13:22:06.167 All consistency checks passed with no errors detected (took 11ms)
14:22:06.175 Table counts: notes: 287, revisions: 18, attachments: 38, branches: 290, attributes: 441, etapi_tokens: 0, blobs: 227
14:22:06.188 All consistency checks passed with no errors detected (took 14ms)
15:21:59.734 Optimizing database
15:21:59.736 Optimization finished in 0ms.
15:22:06.180 Table counts: notes: 287, revisions: 18, attachments: 38, branches: 290, attributes: 441, etapi_tokens: 0, blobs: 227
15:22:06.192 All consistency checks passed with no errors detected (took 12ms)
16:22:06.187 Table counts: notes: 287, revisions: 18, attachments: 38, branches: 290, attributes: 441, etapi_tokens: 0, blobs: 227
16:22:06.200 All consistency checks passed with no errors detected (took 14ms)
17:22:06.193 Table counts: notes: 287, revisions: 18, attachments: 38, branches: 290, attributes: 441, etapi_tokens: 0, blobs: 227
17:22:06.209 All consistency checks passed with no errors detected (took 16ms)
18:22:06.208 Table counts: notes: 287, revisions: 18, attachments: 38, branches: 290, attributes: 441, etapi_tokens: 0, blobs: 227
18:22:06.218 All consistency checks passed with no errors detected (took 10ms)
19:22:06.218 Table counts: notes: 287, revisions: 18, attachments: 38, branches: 290, attributes: 441, etapi_tokens: 0, blobs: 227
19:22:06.227 All consistency checks passed with no errors detected (took 10ms)
20:22:06.226 Table counts: notes: 287, revisions: 18, attachments: 38, branches: 290, attributes: 441, etapi_tokens: 0, blobs: 227
20:22:06.245 All consistency checks passed with no errors detected (took 19ms)
21:22:06.233 Table counts: notes: 287, revisions: 18, attachments: 38, branches: 290, attributes: 441, etapi_tokens: 0, blobs: 227
21:22:06.243 All consistency checks passed with no errors detected (took 10ms)
22:15:25.100 Error: Router not found for request GET /sitemap.xml
22:22:06.241 Table counts: notes: 287, revisions: 18, attachments: 38, branches: 290, attributes: 441, etapi_tokens: 0, blobs: 227
22:22:06.252 All consistency checks passed with no errors detected (took 12ms)
23:22:06.245 Table counts: notes: 287, revisions: 18, attachments: 38, branches: 290, attributes: 441, etapi_tokens: 0, blobs: 227
23:22:06.254 All consistency checks passed with no errors detected (took 10ms)
