00:57:31.329 Table counts: notes: 276, revisions: 11, attachments: 29, branches: 279, attributes: 426, etapi_tokens: 0, blobs: 217
00:57:31.347 All consistency checks passed with no errors detected (took 18ms)
01:36:03.161 Error: Router not found for request GET /.well-known/security.txt
01:57:31.181 Optimizing database
01:57:31.181 Optimization finished in 0ms.
01:57:31.331 Table counts: notes: 276, revisions: 11, attachments: 29, branches: 279, attributes: 426, etapi_tokens: 0, blobs: 217
01:57:31.350 All consistency checks passed with no errors detected (took 20ms)
02:57:31.331 Table counts: notes: 276, revisions: 11, attachments: 29, branches: 279, attributes: 426, etapi_tokens: 0, blobs: 217
02:57:31.345 All consistency checks passed with no errors detected (took 15ms)
03:57:31.332 Table counts: notes: 276, revisions: 11, attachments: 29, branches: 279, attributes: 426, etapi_tokens: 0, blobs: 217
03:57:31.348 All consistency checks passed with no errors detected (took 17ms)
04:57:31.332 Table counts: notes: 276, revisions: 11, attachments: 29, branches: 279, attributes: 426, etapi_tokens: 0, blobs: 217
04:57:31.345 All consistency checks passed with no errors detected (took 13ms)
05:57:31.333 Table counts: notes: 276, revisions: 11, attachments: 29, branches: 279, attributes: 426, etapi_tokens: 0, blobs: 217
05:57:31.345 All consistency checks passed with no errors detected (took 13ms)
06:12:02.763 Error: Router not found for request GET /ads.txt
06:57:31.333 Table counts: notes: 276, revisions: 11, attachments: 29, branches: 279, attributes: 426, etapi_tokens: 0, blobs: 217
06:57:31.348 All consistency checks passed with no errors detected (took 15ms)
07:57:31.335 Table counts: notes: 276, revisions: 11, attachments: 29, branches: 279, attributes: 426, etapi_tokens: 0, blobs: 217
07:57:31.345 All consistency checks passed with no errors detected (took 10ms)
08:57:31.336 Table counts: notes: 276, revisions: 11, attachments: 29, branches: 279, attributes: 426, etapi_tokens: 0, blobs: 217
08:57:31.354 All consistency checks passed with no errors detected (took 19ms)
09:57:31.336 Table counts: notes: 276, revisions: 11, attachments: 29, branches: 279, attributes: 426, etapi_tokens: 0, blobs: 217
09:57:31.353 All consistency checks passed with no errors detected (took 18ms)
10:57:31.336 Table counts: notes: 276, revisions: 11, attachments: 29, branches: 279, attributes: 426, etapi_tokens: 0, blobs: 217
10:57:31.358 All consistency checks passed with no errors detected (took 22ms)
11:57:31.181 Optimizing database
11:57:31.182 Optimization finished in 1ms.
11:57:31.338 Table counts: notes: 276, revisions: 11, attachments: 29, branches: 279, attributes: 426, etapi_tokens: 0, blobs: 217
11:57:31.356 All consistency checks passed with no errors detected (took 19ms)
12:57:31.338 Table counts: notes: 276, revisions: 11, attachments: 29, branches: 279, attributes: 426, etapi_tokens: 0, blobs: 217
12:57:31.356 All consistency checks passed with no errors detected (took 18ms)
13:57:31.338 Table counts: notes: 276, revisions: 11, attachments: 29, branches: 279, attributes: 426, etapi_tokens: 0, blobs: 217
13:57:31.350 All consistency checks passed with no errors detected (took 13ms)
14:57:31.347 Table counts: notes: 276, revisions: 11, attachments: 29, branches: 279, attributes: 426, etapi_tokens: 0, blobs: 217
14:57:31.359 All consistency checks passed with no errors detected (took 13ms)
15:57:31.342 Table counts: notes: 276, revisions: 11, attachments: 29, branches: 279, attributes: 426, etapi_tokens: 0, blobs: 217
15:57:31.359 All consistency checks passed with no errors detected (took 18ms)
16:57:31.344 Table counts: notes: 276, revisions: 11, attachments: 29, branches: 279, attributes: 426, etapi_tokens: 0, blobs: 217
16:57:31.363 All consistency checks passed with no errors detected (took 20ms)
17:57:31.344 Table counts: notes: 276, revisions: 11, attachments: 29, branches: 279, attributes: 426, etapi_tokens: 0, blobs: 217
17:57:31.357 All consistency checks passed with no errors detected (took 13ms)
18:57:31.346 Table counts: notes: 276, revisions: 11, attachments: 29, branches: 279, attributes: 426, etapi_tokens: 0, blobs: 217
18:57:31.358 All consistency checks passed with no errors detected (took 12ms)
19:57:31.347 Table counts: notes: 276, revisions: 11, attachments: 29, branches: 279, attributes: 426, etapi_tokens: 0, blobs: 217
19:57:31.357 All consistency checks passed with no errors detected (took 11ms)
20:57:31.348 Table counts: notes: 276, revisions: 11, attachments: 29, branches: 279, attributes: 426, etapi_tokens: 0, blobs: 217
20:57:31.362 All consistency checks passed with no errors detected (took 14ms)
21:57:31.182 Optimizing database
21:57:31.183 Optimization finished in 0ms.
21:57:31.347 Table counts: notes: 276, revisions: 11, attachments: 29, branches: 279, attributes: 426, etapi_tokens: 0, blobs: 217
21:57:31.362 All consistency checks passed with no errors detected (took 15ms)
22:57:31.352 Table counts: notes: 276, revisions: 11, attachments: 29, branches: 279, attributes: 426, etapi_tokens: 0, blobs: 217
22:57:31.367 All consistency checks passed with no errors detected (took 15ms)
23:57:31.354 Table counts: notes: 276, revisions: 11, attachments: 29, branches: 279, attributes: 426, etapi_tokens: 0, blobs: 217
23:57:31.366 All consistency checks passed with no errors detected (took 13ms)
