00:50:16.133 Table counts: notes: 300, revisions: 63, attachments: 38, branches: 303, attributes: 446, etapi_tokens: 0, blobs: 272
00:50:16.159 All consistency checks passed with no errors detected (took 27ms)
01:50:16.132 Table counts: notes: 300, revisions: 63, attachments: 38, branches: 303, attributes: 446, etapi_tokens: 0, blobs: 272
01:50:16.147 All consistency checks passed with no errors detected (took 15ms)
02:25:32.960 Generated CSRF token csRMowFu-CVyn773jbeu2xBwUpMiRg3YEFzA with secret undefined
02:25:33.760 200 GET /api/options with 6917 bytes took 7ms
02:25:33.766 200 GET /api/tree with 35710 bytes took 5ms
02:25:33.774 200 GET /api/keyboard-actions with 12407 bytes took 7ms
02:25:33.793 Slow 200 GET /api/script/widgets with 155155 bytes took 18ms
02:25:34.009 200 POST /api/tree/load with 6273 bytes took 4ms
02:25:34.107 200 POST /api/tree/load with 6437 bytes took 3ms
02:25:34.909 200 POST /api/tree/load with 5828 bytes took 2ms
02:25:35.038 200 GET /api/keyboard-shortcuts-for-notes with 2 bytes took 3ms
02:25:35.069 200 GET /api/tree?subTreeNoteId=Y1ssLHdTfg74 with 2249 bytes took 4ms
02:25:35.230 200 GET /api/note-map/5tuXRUjKpIvp/backlink-count with 11 bytes took 2ms
02:25:35.234 200 GET /api/notes/5tuXRUjKpIvp/blob with 1526 bytes took 3ms
02:25:35.468 200 GET /api/search/%23workspace%20%23!template with 2 bytes took 4ms
02:25:35.594 200 GET /api/notes/lsgJRCHtTh9a/blob with 9416 bytes took 3ms
02:25:35.596 200 GET /api/note-map/lsgJRCHtTh9a/backlink-count with 11 bytes took 1ms
02:25:36.012 204 PUT /api/options with 0 bytes took 5ms
02:25:37.040 200 GET /api/script/startup with 1804 bytes took 4ms
02:25:37.145 200 POST /api/tree/load with 6399 bytes took 7ms
02:25:37.243 200 POST /api/tree/load with 6553 bytes took 3ms
02:25:39.952 200 GET /api/notes/5tuXRUjKpIvp/blob with 1526 bytes took 3ms
02:25:39.955 200 GET /api/note-map/5tuXRUjKpIvp/backlink-count with 11 bytes took 2ms
02:25:39.973 204 PUT /api/options with 0 bytes took 9ms
02:25:41.582 200 GET /api/notes/5tuXRUjKpIvp/blob with 1526 bytes took 3ms
02:25:43.047 Slow 204 PUT /api/notes/5tuXRUjKpIvp/data with 0 bytes took 11ms
02:25:43.139 200 GET /api/notes/5tuXRUjKpIvp/blob with 1539 bytes took 3ms
02:25:44.081 Slow 204 PUT /api/notes/5tuXRUjKpIvp/data with 0 bytes took 11ms
02:25:44.194 200 GET /api/notes/5tuXRUjKpIvp/blob with 1552 bytes took 3ms
02:25:44.307 200 GET /api/notes/5tuXRUjKpIvp/blob with 1552 bytes took 2ms
02:25:48.784 204 PUT /api/notes/5tuXRUjKpIvp/data with 0 bytes took 7ms
02:25:48.896 200 GET /api/notes/5tuXRUjKpIvp/blob with 1548 bytes took 3ms
02:25:51.464 204 PUT /api/notes/5tuXRUjKpIvp/data with 0 bytes took 8ms
02:25:51.561 200 GET /api/notes/5tuXRUjKpIvp/blob with 1550 bytes took 2ms
02:25:52.613 Slow 204 PUT /api/notes/5tuXRUjKpIvp/data with 0 bytes took 10ms
02:25:52.720 200 GET /api/notes/5tuXRUjKpIvp/blob with 1549 bytes took 4ms
02:25:53.487 204 PUT /api/notes/5tuXRUjKpIvp/data with 0 bytes took 7ms
02:25:53.595 200 GET /api/notes/5tuXRUjKpIvp/blob with 1551 bytes took 6ms
02:25:54.490 204 PUT /api/notes/5tuXRUjKpIvp/data with 0 bytes took 8ms
02:25:54.594 200 GET /api/notes/5tuXRUjKpIvp/blob with 1554 bytes took 4ms
02:25:56.554 204 PUT /api/notes/5tuXRUjKpIvp/data with 0 bytes took 9ms
02:25:56.660 200 GET /api/notes/5tuXRUjKpIvp/blob with 1556 bytes took 2ms
02:25:57.561 204 PUT /api/notes/5tuXRUjKpIvp/data with 0 bytes took 7ms
02:25:57.644 200 GET /api/notes/5tuXRUjKpIvp/blob with 1557 bytes took 2ms
02:25:58.619 204 PUT /api/notes/5tuXRUjKpIvp/data with 0 bytes took 6ms
02:25:58.703 200 GET /api/notes/5tuXRUjKpIvp/blob with 1560 bytes took 3ms
02:25:58.806 200 GET /api/notes/5tuXRUjKpIvp/blob with 1560 bytes took 2ms
02:25:59.955 Slow 204 PUT /api/notes/5tuXRUjKpIvp/data with 0 bytes took 10ms
02:26:00.062 200 GET /api/notes/5tuXRUjKpIvp/blob with 1562 bytes took 3ms
02:26:05.189 Slow 204 PUT /api/notes/5tuXRUjKpIvp/data with 0 bytes took 11ms
02:26:05.295 200 GET /api/notes/5tuXRUjKpIvp/blob with 1563 bytes took 4ms
02:26:06.198 204 PUT /api/notes/5tuXRUjKpIvp/data with 0 bytes took 6ms
02:26:06.301 200 GET /api/notes/5tuXRUjKpIvp/blob with 1564 bytes took 3ms
02:26:08.735 Slow 204 PUT /api/notes/5tuXRUjKpIvp/data with 0 bytes took 10ms
02:26:08.840 200 GET /api/notes/5tuXRUjKpIvp/blob with 1566 bytes took 4ms
02:26:11.076 204 PUT /api/notes/5tuXRUjKpIvp/data with 0 bytes took 6ms
02:26:11.166 200 GET /api/notes/5tuXRUjKpIvp/blob with 1567 bytes took 7ms
02:26:12.413 204 PUT /api/notes/5tuXRUjKpIvp/data with 0 bytes took 6ms
02:26:12.520 200 GET /api/notes/5tuXRUjKpIvp/blob with 1568 bytes took 3ms
02:26:13.414 204 PUT /api/notes/5tuXRUjKpIvp/data with 0 bytes took 4ms
02:26:14.419 204 PUT /api/notes/5tuXRUjKpIvp/data with 0 bytes took 7ms
02:26:14.498 200 GET /api/notes/5tuXRUjKpIvp/blob with 1568 bytes took 3ms
02:26:15.414 204 PUT /api/notes/5tuXRUjKpIvp/data with 0 bytes took 6ms
02:26:15.498 200 GET /api/notes/5tuXRUjKpIvp/blob with 1569 bytes took 4ms
02:26:15.603 200 GET /api/notes/5tuXRUjKpIvp/blob with 1569 bytes took 4ms
02:26:17.511 204 PUT /api/notes/5tuXRUjKpIvp/data with 0 bytes took 5ms
02:26:17.597 200 GET /api/notes/5tuXRUjKpIvp/blob with 1570 bytes took 2ms
02:26:18.822 204 PUT /api/notes/5tuXRUjKpIvp/data with 0 bytes took 7ms
02:26:18.907 200 GET /api/notes/5tuXRUjKpIvp/blob with 1573 bytes took 3ms
02:26:19.837 Slow 204 PUT /api/notes/5tuXRUjKpIvp/data with 0 bytes took 10ms
02:26:19.928 200 GET /api/notes/5tuXRUjKpIvp/blob with 1574 bytes took 3ms
02:26:20.038 200 GET /api/notes/5tuXRUjKpIvp/blob with 1574 bytes took 3ms
02:26:22.231 204 PUT /api/notes/5tuXRUjKpIvp/data with 0 bytes took 7ms
02:26:22.312 200 GET /api/notes/5tuXRUjKpIvp/blob with 1576 bytes took 3ms
02:26:23.244 204 PUT /api/notes/5tuXRUjKpIvp/data with 0 bytes took 6ms
02:26:23.334 200 GET /api/notes/5tuXRUjKpIvp/blob with 1577 bytes took 7ms
02:26:23.436 200 GET /api/notes/5tuXRUjKpIvp/blob with 1577 bytes took 2ms
02:26:24.254 204 PUT /api/notes/5tuXRUjKpIvp/data with 0 bytes took 8ms
02:26:24.339 200 GET /api/notes/5tuXRUjKpIvp/blob with 1578 bytes took 7ms
02:26:24.496 200 GET /api/notes/5tuXRUjKpIvp/blob with 1578 bytes took 4ms
02:26:25.298 204 PUT /api/notes/5tuXRUjKpIvp/data with 0 bytes took 6ms
02:26:25.388 200 GET /api/notes/5tuXRUjKpIvp/blob with 1580 bytes took 4ms
02:26:31.337 204 PUT /api/notes/5tuXRUjKpIvp/data with 0 bytes took 8ms
02:26:31.421 200 GET /api/notes/5tuXRUjKpIvp/blob with 1582 bytes took 3ms
02:26:32.732 204 PUT /api/notes/5tuXRUjKpIvp/data with 0 bytes took 6ms
02:26:32.824 200 GET /api/notes/5tuXRUjKpIvp/blob with 1583 bytes took 6ms
02:26:39.611 Slow 204 PUT /api/notes/5tuXRUjKpIvp/data with 0 bytes took 17ms
02:26:39.710 200 GET /api/notes/5tuXRUjKpIvp/blob with 1584 bytes took 3ms
02:26:42.115 Slow 204 PUT /api/notes/5tuXRUjKpIvp/data with 0 bytes took 11ms
02:26:42.221 200 GET /api/notes/5tuXRUjKpIvp/blob with 1585 bytes took 2ms
02:26:43.124 204 PUT /api/notes/5tuXRUjKpIvp/data with 0 bytes took 9ms
02:26:43.216 200 GET /api/notes/5tuXRUjKpIvp/blob with 1586 bytes took 3ms
02:26:44.127 204 PUT /api/notes/5tuXRUjKpIvp/data with 0 bytes took 8ms
02:26:44.230 200 GET /api/notes/5tuXRUjKpIvp/blob with 1588 bytes took 2ms
02:26:45.154 204 PUT /api/notes/5tuXRUjKpIvp/data with 0 bytes took 7ms
02:26:45.259 200 GET /api/notes/5tuXRUjKpIvp/blob with 1589 bytes took 3ms
02:26:45.379 200 GET /api/notes/5tuXRUjKpIvp/blob with 1589 bytes took 4ms
02:26:47.382 204 PUT /api/notes/5tuXRUjKpIvp/data with 0 bytes took 7ms
02:26:47.494 200 GET /api/notes/5tuXRUjKpIvp/blob with 1591 bytes took 3ms
02:26:48.394 204 PUT /api/notes/5tuXRUjKpIvp/data with 0 bytes took 7ms
02:26:48.483 200 GET /api/notes/5tuXRUjKpIvp/blob with 1593 bytes took 3ms
02:26:49.858 Slow 204 PUT /api/notes/5tuXRUjKpIvp/data with 0 bytes took 10ms
02:26:49.958 200 GET /api/notes/5tuXRUjKpIvp/blob with 1594 bytes took 3ms
02:26:50.865 204 PUT /api/notes/5tuXRUjKpIvp/data with 0 bytes took 6ms
02:26:50.971 200 GET /api/notes/5tuXRUjKpIvp/blob with 1596 bytes took 3ms
02:26:51.089 200 GET /api/notes/5tuXRUjKpIvp/blob with 1596 bytes took 3ms
02:26:51.878 204 PUT /api/notes/5tuXRUjKpIvp/data with 0 bytes took 7ms
02:26:51.980 200 GET /api/notes/5tuXRUjKpIvp/blob with 1597 bytes took 3ms
02:26:52.103 200 GET /api/notes/5tuXRUjKpIvp/blob with 1597 bytes took 3ms
02:26:52.936 204 PUT /api/notes/5tuXRUjKpIvp/data with 0 bytes took 7ms
02:26:53.030 200 GET /api/notes/5tuXRUjKpIvp/blob with 1598 bytes took 3ms
02:26:53.124 200 GET /api/notes/5tuXRUjKpIvp/blob with 1598 bytes took 3ms
02:26:56.036 204 PUT /api/notes/5tuXRUjKpIvp/data with 0 bytes took 6ms
02:26:56.145 200 GET /api/notes/5tuXRUjKpIvp/blob with 1600 bytes took 3ms
02:26:57.040 Slow 204 PUT /api/notes/5tuXRUjKpIvp/data with 0 bytes took 10ms
02:26:57.118 200 GET /api/notes/5tuXRUjKpIvp/blob with 1602 bytes took 3ms
02:27:03.039 204 PUT /api/notes/5tuXRUjKpIvp/data with 0 bytes took 8ms
02:27:03.128 200 GET /api/notes/5tuXRUjKpIvp/blob with 1604 bytes took 4ms
02:27:04.051 204 PUT /api/notes/5tuXRUjKpIvp/data with 0 bytes took 7ms
02:27:04.130 200 GET /api/notes/5tuXRUjKpIvp/blob with 1602 bytes took 3ms
02:27:04.231 200 GET /api/notes/5tuXRUjKpIvp/blob with 1602 bytes took 6ms
02:27:05.042 204 PUT /api/notes/5tuXRUjKpIvp/data with 0 bytes took 6ms
02:27:05.130 200 GET /api/notes/5tuXRUjKpIvp/blob with 1604 bytes took 2ms
02:27:05.237 200 GET /api/notes/5tuXRUjKpIvp/blob with 1604 bytes took 4ms
02:27:06.052 204 PUT /api/notes/5tuXRUjKpIvp/data with 0 bytes took 8ms
02:27:06.135 200 GET /api/notes/5tuXRUjKpIvp/blob with 1607 bytes took 4ms
02:27:06.243 200 GET /api/notes/5tuXRUjKpIvp/blob with 1607 bytes took 4ms
02:27:07.357 204 PUT /api/notes/5tuXRUjKpIvp/data with 0 bytes took 7ms
02:27:07.444 200 GET /api/notes/5tuXRUjKpIvp/blob with 1606 bytes took 3ms
02:27:11.328 204 PUT /api/notes/5tuXRUjKpIvp/data with 0 bytes took 6ms
02:27:11.426 200 GET /api/notes/5tuXRUjKpIvp/blob with 1607 bytes took 2ms
02:27:18.764 204 PUT /api/notes/5tuXRUjKpIvp/data with 0 bytes took 7ms
02:27:18.864 200 GET /api/notes/5tuXRUjKpIvp/blob with 1606 bytes took 4ms
02:49:05.755 Error: Router not found for request GET /phpinfo.php
02:49:06.917 Error: Router not found for request GET /info.php
02:49:08.021 Error: Router not found for request GET /phpinfo
02:49:09.108 Error: Router not found for request GET /.env
02:49:10.267 Error: Router not found for request GET /config/.env
02:49:11.414 Error: Router not found for request GET /api/.env
02:50:16.135 Table counts: notes: 300, revisions: 64, attachments: 38, branches: 303, attributes: 446, etapi_tokens: 0, blobs: 273
02:50:16.159 All consistency checks passed with no errors detected (took 25ms)
02:50:32.941 Error: Router not found for request GET /.git/HEAD
02:50:35.990 Error: Router not found for request GET /_profiler/phpinfo
02:50:36.196 Error: Router not found for request GET /_profiler/phpinfo.php
02:50:36.401 Error: Router not found for request GET /phpinfo
02:50:36.606 Error: Router not found for request GET /phpinfo.php
02:50:36.811 Error: Router not found for request GET /info
02:50:37.057 Error: Router not found for request GET /info.php
02:50:37.262 Error: Router not found for request GET /.env
02:50:37.466 Error: Router not found for request GET /app/.env
02:50:37.671 Error: Router not found for request GET /.env.bak
02:50:37.899 Error: Router not found for request GET /.env.example
02:50:38.132 Error: Router not found for request GET /.env.local
02:50:38.357 Error: Router not found for request GET /.env.old
02:50:38.565 Error: Router not found for request GET /.env.prod
02:50:38.770 Error: Router not found for request GET /.env.production.local
02:50:38.995 Error: Router not found for request GET /.env.stage
02:50:39.198 Error: Router not found for request GET /admin/.env
02:50:39.401 Error: Router not found for request GET /api/.env
02:50:39.628 Error: Router not found for request GET /apps/.env
02:50:39.832 Error: Router not found for request GET /.git/config
02:50:40.037 Error: Router not found for request GET /main.js
02:50:40.288 Error: Router not found for request GET /test2.php
02:50:40.492 Error: Router not found for request GET /etc/caddy/Caddyfile
02:50:40.696 Error: Router not found for request GET /api/config/tsconfig.json
02:50:40.900 Error: Router not found for request GET /test
02:50:41.104 Error: Router not found for request GET /application.properties
02:50:41.309 Error: Router not found for request GET /products/.gitlab-ci.yml
02:50:41.524 Error: Router not found for request GET /.aws/credentials
02:50:41.727 Error: Router not found for request GET /config/database.php
02:50:41.931 Error: Router not found for request GET /appsettings.json
02:50:42.156 Error: Router not found for request GET /index.html
02:50:42.360 Error: Router not found for request GET /docs/deployment.md
02:50:42.566 Error: Router not found for request GET /index.php/phpinfo
02:50:42.771 Error: Router not found for request GET /app/routes.py
02:50:42.980 Error: Router not found for request GET /src/main/resources/appsettings.yml
02:50:43.186 Error: Router not found for request GET /config/test.json
02:50:43.440 Error: Router not found for request GET /app.js
02:50:43.646 Error: Router not found for request GET /docker-compose.yml
02:50:43.886 Error: Router not found for request GET /config/config.json
02:50:44.090 Error: Router not found for request GET /app_dev.php/_profiler/phpinfo
02:50:44.294 Error: Router not found for request GET /resources/application.conf
02:50:44.518 Error: Router not found for request GET /php.php
02:50:44.728 Error: Router not found for request GET /config/application.yml
02:50:44.960 Error: Router not found for request GET /debug/default
02:50:45.220 Error: Router not found for request GET /test.php
02:50:45.424 Error: Router not found for request GET /frontend_dev.php/$
02:50:45.629 Error: Router not found for request GET /index.php
02:50:45.835 Error: Router not found for request GET /server.js
02:50:46.039 Error: Router not found for request GET /application/config/constants.php
02:50:46.245 Error: Router not found for request GET /config/services.yaml
02:50:46.467 Error: Router not found for request GET /config/config.js
02:50:46.671 Error: Router not found for request GET /app/etc/env.php
02:50:46.875 Error: Router not found for request GET /.profile
02:50:47.109 Error: Router not found for request GET /config/config.ini
02:50:47.336 Error: Router not found for request GET /wp-config.php
02:50:47.541 Error: Router not found for request GET /gulpfile.js
02:50:47.776 Error: Router not found for request GET /settings.json
02:50:47.982 Error: Router not found for request GET /config.php
02:50:48.186 Error: Router not found for request GET /config
02:50:48.390 Error: Router not found for request GET /php-info.php
02:50:48.595 Error: Router not found for request GET /config.properties
02:50:48.799 Error: Router not found for request GET /test1.php
02:50:49.010 Error: Router not found for request GET /config/constants.js
02:50:49.214 Error: Router not found for request GET /js/config.js
02:50:49.420 Error: Router not found for request GET /configs/application.ini
02:50:49.627 Error: Router not found for request GET /config/aws.json
02:50:49.831 Error: Router not found for request GET /manifest.json
02:50:50.036 Error: Router not found for request GET /config/settings.py
02:50:50.241 Error: Router not found for request GET /admin/config
02:50:50.446 Error: Router not found for request GET /config.ini
02:50:50.653 Error: Router not found for request GET /ecosystem.config.js
02:50:50.893 Error: Router not found for request GET /config.json
02:50:51.097 Error: Router not found for request GET /src/main/resources/application.properties
02:50:51.301 Error: Router not found for request GET /config/config.php
02:50:51.516 Error: Router not found for request GET /.aws/config
02:50:51.719 Error: Router not found for request GET /appsettings.Development.json
02:50:51.922 Error: Router not found for request GET /README.md
02:50:52.128 Error: Router not found for request GET /k8s/deployment.yaml
02:50:52.335 Error: Router not found for request GET /project/settings.py
02:50:52.539 Error: Router not found for request GET /Dockerfile
02:50:52.745 Error: Router not found for request GET /Program.cs
02:50:52.948 Error: Router not found for request GET /app.config.js
02:50:53.152 Error: Router not found for request GET /config/default.json
02:50:53.357 Error: Router not found for request GET /config/production.json
02:50:53.562 Error: Router not found for request GET /config/development.yaml
02:50:53.768 Error: Router not found for request GET /src/config/environment.js
02:50:53.972 Error: Router not found for request GET /.flaskenv
02:50:54.201 Error: Router not found for request GET /config/config.yaml
02:50:54.405 Error: Router not found for request GET /config/secrets.json
02:50:54.608 Error: Router not found for request GET /config/application.rb
02:50:54.815 Error: Router not found for request GET /config/environments/production.rb
02:50:55.021 Error: Router not found for request GET /config/environments/development.rb
02:50:55.225 Error: Router not found for request GET /config/initializers/devise.rb
02:50:55.429 Error: Router not found for request GET /config/database.yml
02:50:55.634 Error: Router not found for request GET /config/secrets.yml
02:50:55.837 Error: Router not found for request GET /config/app.php
02:50:56.041 Error: Router not found for request GET /config/cache.php
02:50:56.252 Error: Router not found for request GET /config/config.yml
02:50:56.456 Error: Router not found for request GET /config/packages/prod/doctrine.yaml
02:50:56.661 Error: Router not found for request GET /src/main/resources/application.yml
02:50:56.882 Error: Router not found for request GET /src/main/resources/application-dev.properties
02:50:57.087 Error: Router not found for request GET /src/main/resources/application-prod.properties
02:50:57.292 Error: Router not found for request GET /config/applicationContext.xml
02:50:57.497 Error: Router not found for request GET /appsettings.Production.json
02:50:57.704 Error: Router not found for request GET /web.config
02:50:57.908 Error: Router not found for request GET /secrets/appsettings.json
02:50:58.114 Error: Router not found for request GET /config/config.go
02:50:58.317 Error: Router not found for request GET /src/config/config.yaml
02:50:58.524 Error: Router not found for request GET /src/config/config.json
02:50:58.731 Error: Router not found for request GET /config/app.yaml
02:50:58.939 Error: Router not found for request GET /Config.plist
02:50:59.142 Error: Router not found for request GET /Info.plist
02:50:59.347 Error: Router not found for request GET /Environment.xcconfig
02:50:59.553 Error: Router not found for request GET /Config.xcconfig
02:50:59.757 Error: Router not found for request GET /App/Config.swift
02:50:59.961 Error: Router not found for request GET /App/Info.plist
02:51:00.165 Error: Router not found for request GET /src/main/java/com/example/config/Config.kt
02:51:00.380 Error: Router not found for request GET /local.properties
02:51:00.583 Error: Router not found for request GET /src/main/assets/config.json
02:51:00.787 Error: Router not found for request GET /config/config.exs
02:51:00.991 Error: Router not found for request GET /config/prod.exs
02:51:01.197 Error: Router not found for request GET /config/dev.exs
02:51:01.405 Error: Router not found for request GET /config/runtime.exs
02:51:01.611 Error: Router not found for request GET /config/releases.exs
02:51:01.816 Error: Router not found for request GET /Rocket.toml
02:51:02.020 Error: Router not found for request GET /config/Config.toml
02:51:02.225 Error: Router not found for request GET /src/config.rs
02:51:02.430 Error: Router not found for request GET /config.yml
02:51:02.645 Error: Router not found for request GET /environments/development.yml
02:51:03.022 Error: Router not found for request GET /environments/production.yml
02:51:03.227 Error: Router not found for request GET /app.pl
02:51:03.431 Error: Router not found for request GET /bin/app.pl
02:51:03.635 Error: Router not found for request GET /conf/application.conf
02:51:03.842 Error: Router not found for request GET /conf/development.conf
02:51:04.046 Error: Router not found for request GET /conf/production.conf
02:51:04.254 Error: Router not found for request GET /build.sbt
02:51:04.464 Error: Router not found for request GET /project/plugins.sbt
02:51:04.668 Error: Router not found for request GET /src/config.clj
02:51:04.872 Error: Router not found for request GET /.lein-env
02:51:05.079 Error: Router not found for request GET /project.clj
02:51:05.283 Error: Router not found for request GET /resources/config.edn
02:51:05.487 Error: Router not found for request GET /config/config.jl
02:51:05.691 Error: Router not found for request GET /config/development.jl
02:51:05.903 Error: Router not found for request GET /config/production.jl
02:51:06.108 Error: Router not found for request GET /config/routes.jl
02:51:06.314 Error: Router not found for request GET /config/database.jl
02:51:06.523 Error: Router not found for request GET /src/config.ml
02:51:06.727 Error: Router not found for request GET /src/server/server.ml
02:51:06.932 Error: Router not found for request GET /config/sys.config
02:51:07.137 Error: Router not found for request GET /rel/sys.config
02:51:07.342 Error: Router not found for request GET /rel/vm.args
02:51:07.547 Error: Router not found for request GET /config/application.cr
02:51:07.751 Error: Router not found for request GET /config/config.cr
02:51:07.964 Error: Router not found for request GET /config/development.cr
02:51:08.169 Error: Router not found for request GET /config/production.cr
02:51:08.374 Error: Router not found for request GET /config/routes.cr
02:51:08.578 Error: Router not found for request GET /config.nim
02:51:08.783 Error: Router not found for request GET /config/development.nim
02:51:08.987 Error: Router not found for request GET /config/production.nim
02:51:09.192 Error: Router not found for request GET /src/config.nim
02:51:09.396 Error: Router not found for request GET /src/routes.nim
02:51:09.601 Error: Router not found for request GET /global.R
02:51:09.807 Error: Router not found for request GET /server.R
02:51:10.013 Error: Router not found for request GET /ui.R
02:51:10.216 Error: Router not found for request GET /config.R
02:51:10.421 Error: Router not found for request GET /app.R
02:51:10.626 Error: Router not found for request GET /config.m
02:51:10.831 Error: Router not found for request GET /config.f90
02:51:11.035 Error: Router not found for request GET /config.cbl
02:51:11.267 Error: Router not found for request GET /Sources/App/configure.swift
02:51:11.474 Error: Router not found for request GET /Sources/App/routes.swift
02:51:11.679 Error: Router not found for request GET /Resources/Config
02:51:11.885 Error: Router not found for request GET /pubspec.yaml
02:51:12.090 Error: Router not found for request GET /config.dart
02:51:12.610 Error: Router not found for request GET /src/main.rs
02:51:12.823 Error: Router not found for request GET /Application.cfc
02:51:13.028 Error: Router not found for request GET /Application.cfm
02:51:13.234 Error: Router not found for request GET /config/config.cfc
02:51:13.443 Error: Router not found for request GET /config/settings.cfc
02:51:13.651 Error: Router not found for request GET /config/environment.cfc
02:51:13.857 Error: Router not found for request GET /.cfconfig.json
02:51:14.071 Error: Router not found for request GET /config.lua
02:51:14.278 Error: Router not found for request GET /config/application.lua
02:51:14.484 Error: Router not found for request GET /config/development.lua
02:51:14.690 Error: Router not found for request GET /config/production.lua
02:51:14.894 Error: Router not found for request GET /config/routes.lua
02:51:15.099 Error: Router not found for request GET /config/db.lua
02:51:15.304 Error: Router not found for request GET /grails-app/conf/application.yml
02:51:15.510 Error: Router not found for request GET /grails-app/conf/application.groovy
02:51:15.716 Error: Router not found for request GET /grails-app/conf/application.properties
02:51:15.921 Error: Router not found for request GET /grails-app/conf/logback.groovy
02:51:16.125 Error: Router not found for request GET /grails-app/conf/bootstrap.groovy
02:51:16.338 Error: Router not found for request GET /.ebextensions/myconfig.config
02:51:16.547 Error: Router not found for request GET /cloudformation/template.yaml
02:51:16.765 Error: Router not found for request GET /cloudformation/template.json
02:51:16.969 Error: Router not found for request GET /appspec.yml
02:51:17.176 Error: Router not found for request GET /scripts/install_dependencies.sh
02:51:17.398 Error: Router not found for request GET /scripts/start_server.sh
02:51:17.600 Error: Router not found for request GET /apprunner.yaml
02:51:17.805 Error: Router not found for request GET /localstack/config.json
02:51:18.008 Error: Router not found for request GET /meshes/mesh_config.json
02:51:18.222 Error: Router not found for request GET /stepfunctions/state-machine-definition.json
02:51:18.451 Error: Router not found for request GET /stepfunctions/state-machine-definition.yaml
02:51:18.655 Error: Router not found for request GET /index.js
02:51:18.864 Error: Router not found for request GET /config.js
02:51:19.069 Error: Router not found for request GET /lambda_function.py
02:51:19.274 Error: Router not found for request GET /config.yaml
02:51:19.478 Error: Router not found for request GET /etc/environment
02:51:19.693 Error: Router not found for request GET /etc/profile.d
02:51:19.903 Error: Router not found for request GET /home/ec2-user/.bashrc
02:51:20.144 Error: Router not found for request GET /home/ec2-user/.aws/credentials
02:51:20.349 Error: Router not found for request GET /home/ec2-user/.aws/config
02:51:20.553 Error: Router not found for request GET /ecs-params.yml
02:51:20.759 Error: Router not found for request GET /ebextensions.config
02:51:20.965 Error: Router not found for request GET /.elasticbeanstalk/config.yml
02:51:21.176 Error: Router not found for request GET /bucket-name/config/config.json
02:51:21.390 Error: Router not found for request GET /bucket-name/config/config.yaml
02:51:21.594 Error: Router not found for request GET /bucket-name/config/.env
02:51:21.803 Error: Router not found for request GET /CloudFormation
02:51:22.008 Error: Router not found for request GET /cloudformation-template.json
02:51:22.213 Error: Router not found for request GET /cloudformation-template.yaml
02:51:22.419 Error: Router not found for request GET /kubernetes/deployment.yaml
02:51:23.153 Error: Router not found for request GET /kubernetes/service.yaml
02:51:23.363 Error: Router not found for request GET /kubernetes/configmap.yaml
02:51:24.155 Error: Router not found for request GET /kubernetes/secrets.yaml
02:51:24.360 Error: Router not found for request GET /amplify/.config/project-config.json
02:51:24.564 Error: Router not found for request GET /amplify/backend/config.json
02:51:24.769 Error: Router not found for request GET /amplify/backend/environment-parameters.json
02:51:25.006 Error: Router not found for request GET /src/aws-exports.js
02:51:25.235 Error: Router not found for request GET /bin/app.ts
02:51:25.443 Error: Router not found for request GET /lib/my-stack.ts
02:51:25.647 Error: Router not found for request GET /cdk.json
02:51:25.851 Error: Router not found for request GET /serverless.yml
02:51:26.056 Error: Router not found for request GET /Terraform
02:51:26.306 Error: Router not found for request GET /main.tf
02:51:26.511 Error: Router not found for request GET /variables.tf
02:51:26.716 Error: Router not found for request GET /terraform.tfvars
02:51:27.327 Error: Router not found for request GET /template.yaml
02:51:27.534 Error: Router not found for request GET /samconfig.toml
02:51:27.739 Error: Router not found for request GET /CodePipeline
02:51:27.944 Error: Router not found for request GET /buildspec.yml
02:51:28.150 Error: Router not found for request GET /pipeline.yml
02:51:28.457 Error: Router not found for request GET /config/database.json
02:51:28.689 Error: Router not found for request GET /config/application.json
02:51:29.626 Error: Router not found for request GET /config/settings.json
03:50:15.771 Optimizing database
03:50:15.773 Optimization finished in 1ms.
03:50:16.136 Table counts: notes: 300, revisions: 64, attachments: 38, branches: 303, attributes: 446, etapi_tokens: 0, blobs: 273
03:50:16.158 All consistency checks passed with no errors detected (took 23ms)
04:50:16.138 Table counts: notes: 300, revisions: 64, attachments: 38, branches: 303, attributes: 446, etapi_tokens: 0, blobs: 273
04:50:16.152 All consistency checks passed with no errors detected (took 15ms)
05:50:15.918 Created backup at /root/.local/share/trilium-data/backup/backup-weekly.db
05:50:16.138 Table counts: notes: 300, revisions: 64, attachments: 38, branches: 303, attributes: 446, etapi_tokens: 0, blobs: 273
05:50:16.158 All consistency checks passed with no errors detected (took 19ms)
06:50:16.141 Table counts: notes: 300, revisions: 64, attachments: 38, branches: 303, attributes: 446, etapi_tokens: 0, blobs: 273
06:50:16.163 All consistency checks passed with no errors detected (took 22ms)
07:50:16.144 Table counts: notes: 300, revisions: 64, attachments: 38, branches: 303, attributes: 446, etapi_tokens: 0, blobs: 273
07:50:16.158 All consistency checks passed with no errors detected (took 15ms)
08:50:16.144 Table counts: notes: 300, revisions: 64, attachments: 38, branches: 303, attributes: 446, etapi_tokens: 0, blobs: 273
08:50:16.166 All consistency checks passed with no errors detected (took 22ms)
09:50:16.144 Table counts: notes: 300, revisions: 64, attachments: 38, branches: 303, attributes: 446, etapi_tokens: 0, blobs: 273
09:50:16.157 All consistency checks passed with no errors detected (took 14ms)
10:50:16.147 Table counts: notes: 300, revisions: 64, attachments: 38, branches: 303, attributes: 446, etapi_tokens: 0, blobs: 273
10:50:16.163 All consistency checks passed with no errors detected (took 16ms)
11:50:16.149 Table counts: notes: 300, revisions: 64, attachments: 38, branches: 303, attributes: 446, etapi_tokens: 0, blobs: 273
11:50:16.170 All consistency checks passed with no errors detected (took 21ms)
12:50:16.151 Table counts: notes: 300, revisions: 64, attachments: 38, branches: 303, attributes: 446, etapi_tokens: 0, blobs: 273
12:50:16.164 All consistency checks passed with no errors detected (took 14ms)
13:50:15.773 Optimizing database
13:50:15.775 Optimization finished in 1ms.
13:50:16.152 Table counts: notes: 300, revisions: 64, attachments: 38, branches: 303, attributes: 446, etapi_tokens: 0, blobs: 273
13:50:16.175 All consistency checks passed with no errors detected (took 24ms)
14:50:16.154 Table counts: notes: 300, revisions: 64, attachments: 38, branches: 303, attributes: 446, etapi_tokens: 0, blobs: 273
14:50:16.169 All consistency checks passed with no errors detected (took 16ms)
15:50:16.154 Table counts: notes: 300, revisions: 64, attachments: 38, branches: 303, attributes: 446, etapi_tokens: 0, blobs: 273
15:50:16.173 All consistency checks passed with no errors detected (took 20ms)
16:50:16.156 Table counts: notes: 300, revisions: 64, attachments: 38, branches: 303, attributes: 446, etapi_tokens: 0, blobs: 273
16:50:16.176 All consistency checks passed with no errors detected (took 20ms)
17:50:16.156 Table counts: notes: 300, revisions: 64, attachments: 38, branches: 303, attributes: 446, etapi_tokens: 0, blobs: 273
17:50:16.183 All consistency checks passed with no errors detected (took 27ms)
18:50:16.159 Table counts: notes: 300, revisions: 64, attachments: 38, branches: 303, attributes: 446, etapi_tokens: 0, blobs: 273
18:50:16.176 All consistency checks passed with no errors detected (took 17ms)
19:50:16.161 Table counts: notes: 300, revisions: 64, attachments: 38, branches: 303, attributes: 446, etapi_tokens: 0, blobs: 273
19:50:16.181 All consistency checks passed with no errors detected (took 21ms)
20:50:16.163 Table counts: notes: 300, revisions: 64, attachments: 38, branches: 303, attributes: 446, etapi_tokens: 0, blobs: 273
20:50:16.178 All consistency checks passed with no errors detected (took 16ms)
21:50:16.163 Table counts: notes: 300, revisions: 64, attachments: 38, branches: 303, attributes: 446, etapi_tokens: 0, blobs: 273
21:50:16.179 All consistency checks passed with no errors detected (took 16ms)
22:50:16.163 Table counts: notes: 300, revisions: 64, attachments: 38, branches: 303, attributes: 446, etapi_tokens: 0, blobs: 273
22:50:16.185 All consistency checks passed with no errors detected (took 22ms)
23:50:15.775 Optimizing database
23:50:15.778 Optimization finished in 1ms.
23:50:16.166 Table counts: notes: 300, revisions: 64, attachments: 38, branches: 303, attributes: 446, etapi_tokens: 0, blobs: 273
23:50:16.190 All consistency checks passed with no errors detected (took 25ms)
