00:50:19.825 Table counts: notes: 305, revisions: 76, attachments: 38, branches: 308, attributes: 451, etapi_tokens: 0, blobs: 287
00:50:19.838 All consistency checks passed with no errors detected (took 13ms)
01:03:19.340 Slow 204 PUT /api/notes/LxOoSbpds4By/data with 0 bytes took 19ms
01:03:19.419 200 GET /api/notes/LxOoSbpds4By/blob with 3881 bytes took 4ms
01:03:27.745 204 PUT /api/notes/LxOoSbpds4By/data with 0 bytes took 6ms
01:03:27.977 200 GET /api/notes/LxOoSbpds4By/blob with 3853 bytes took 2ms
01:03:34.076 204 PUT /api/notes/LxOoSbpds4By/data with 0 bytes took 6ms
01:03:34.158 200 GET /api/notes/LxOoSbpds4By/blob with 3848 bytes took 2ms
01:03:35.084 204 PUT /api/notes/LxOoSbpds4By/data with 0 bytes took 6ms
01:03:35.168 200 GET /api/notes/LxOoSbpds4By/blob with 3849 bytes took 4ms
01:03:39.771 204 PUT /api/notes/LxOoSbpds4By/data with 0 bytes took 6ms
01:03:39.843 200 GET /api/notes/LxOoSbpds4By/blob with 3851 bytes took 2ms
01:03:40.926 204 PUT /api/notes/LxOoSbpds4By/data with 0 bytes took 6ms
01:03:41.003 200 GET /api/notes/LxOoSbpds4By/blob with 3852 bytes took 3ms
01:03:41.939 204 PUT /api/notes/LxOoSbpds4By/data with 0 bytes took 5ms
01:03:42.012 200 GET /api/notes/LxOoSbpds4By/blob with 3849 bytes took 3ms
01:03:43.433 204 PUT /api/notes/LxOoSbpds4By/data with 0 bytes took 5ms
01:03:43.505 200 GET /api/notes/LxOoSbpds4By/blob with 3850 bytes took 3ms
01:03:44.444 204 PUT /api/notes/LxOoSbpds4By/data with 0 bytes took 5ms
01:03:44.513 200 GET /api/notes/LxOoSbpds4By/blob with 3852 bytes took 2ms
01:03:45.731 204 PUT /api/notes/LxOoSbpds4By/data with 0 bytes took 6ms
01:03:45.802 200 GET /api/notes/LxOoSbpds4By/blob with 3854 bytes took 3ms
01:03:46.752 204 PUT /api/notes/LxOoSbpds4By/data with 0 bytes took 7ms
01:03:46.821 200 GET /api/notes/LxOoSbpds4By/blob with 3856 bytes took 2ms
01:03:47.771 204 PUT /api/notes/LxOoSbpds4By/data with 0 bytes took 6ms
01:03:47.857 200 GET /api/notes/LxOoSbpds4By/blob with 3857 bytes took 3ms
01:03:48.782 204 PUT /api/notes/LxOoSbpds4By/data with 0 bytes took 6ms
01:03:48.859 200 GET /api/notes/LxOoSbpds4By/blob with 3860 bytes took 2ms
01:03:52.277 204 PUT /api/notes/LxOoSbpds4By/data with 0 bytes took 5ms
01:03:52.350 200 GET /api/notes/LxOoSbpds4By/blob with 3866 bytes took 3ms
01:03:53.601 204 PUT /api/notes/LxOoSbpds4By/data with 0 bytes took 6ms
01:03:53.680 200 GET /api/notes/LxOoSbpds4By/blob with 3868 bytes took 3ms
01:04:01.776 204 PUT /api/notes/LxOoSbpds4By/data with 0 bytes took 9ms
01:04:01.847 200 GET /api/notes/LxOoSbpds4By/blob with 3870 bytes took 2ms
01:04:04.645 204 PUT /api/notes/LxOoSbpds4By/data with 0 bytes took 8ms
01:04:04.717 200 GET /api/notes/LxOoSbpds4By/blob with 3873 bytes took 2ms
01:04:05.922 204 PUT /api/notes/LxOoSbpds4By/data with 0 bytes took 6ms
01:04:05.993 200 GET /api/notes/LxOoSbpds4By/blob with 3874 bytes took 3ms
01:04:06.922 204 PUT /api/notes/LxOoSbpds4By/data with 0 bytes took 7ms
01:04:06.992 200 GET /api/notes/LxOoSbpds4By/blob with 3876 bytes took 3ms
01:04:09.984 204 PUT /api/notes/LxOoSbpds4By/data with 0 bytes took 7ms
01:04:10.054 200 GET /api/notes/LxOoSbpds4By/blob with 3880 bytes took 3ms
01:04:10.993 204 PUT /api/notes/LxOoSbpds4By/data with 0 bytes took 6ms
01:04:11.063 200 GET /api/notes/LxOoSbpds4By/blob with 3881 bytes took 2ms
01:04:13.679 Slow 204 PUT /api/notes/LxOoSbpds4By/data with 0 bytes took 17ms
01:04:13.749 200 GET /api/notes/LxOoSbpds4By/blob with 3880 bytes took 3ms
01:04:14.684 Slow 204 PUT /api/notes/LxOoSbpds4By/data with 0 bytes took 11ms
01:04:14.756 200 GET /api/notes/LxOoSbpds4By/blob with 3869 bytes took 3ms
01:04:15.703 204 PUT /api/notes/LxOoSbpds4By/data with 0 bytes took 6ms
01:04:15.782 200 GET /api/notes/LxOoSbpds4By/blob with 3868 bytes took 2ms
01:04:16.705 204 PUT /api/notes/LxOoSbpds4By/data with 0 bytes took 8ms
01:04:16.781 200 GET /api/notes/LxOoSbpds4By/blob with 3869 bytes took 5ms
01:04:17.717 204 PUT /api/notes/LxOoSbpds4By/data with 0 bytes took 7ms
01:04:17.797 200 GET /api/notes/LxOoSbpds4By/blob with 3873 bytes took 3ms
01:04:18.717 204 PUT /api/notes/LxOoSbpds4By/data with 0 bytes took 7ms
01:04:18.796 200 GET /api/notes/LxOoSbpds4By/blob with 3874 bytes took 3ms
01:04:20.246 204 PUT /api/notes/LxOoSbpds4By/data with 0 bytes took 6ms
01:04:20.327 200 GET /api/notes/LxOoSbpds4By/blob with 3876 bytes took 2ms
01:04:21.428 204 PUT /api/notes/LxOoSbpds4By/data with 0 bytes took 6ms
01:04:21.490 200 GET /api/notes/LxOoSbpds4By/blob with 3875 bytes took 3ms
01:04:22.446 204 PUT /api/notes/LxOoSbpds4By/data with 0 bytes took 7ms
01:04:22.531 200 GET /api/notes/LxOoSbpds4By/blob with 3874 bytes took 5ms
01:04:23.453 204 PUT /api/notes/LxOoSbpds4By/data with 0 bytes took 5ms
01:04:23.536 200 GET /api/notes/LxOoSbpds4By/blob with 3877 bytes took 2ms
01:04:29.424 204 PUT /api/notes/LxOoSbpds4By/data with 0 bytes took 7ms
01:04:29.501 200 GET /api/notes/LxOoSbpds4By/blob with 3878 bytes took 2ms
01:04:31.071 204 PUT /api/notes/LxOoSbpds4By/data with 0 bytes took 5ms
01:04:31.149 200 GET /api/notes/LxOoSbpds4By/blob with 3880 bytes took 2ms
01:04:32.794 204 PUT /api/notes/LxOoSbpds4By/data with 0 bytes took 6ms
01:04:32.867 200 GET /api/notes/LxOoSbpds4By/blob with 3883 bytes took 2ms
01:04:33.809 204 PUT /api/notes/LxOoSbpds4By/data with 0 bytes took 5ms
01:04:33.892 200 GET /api/notes/LxOoSbpds4By/blob with 3884 bytes took 4ms
01:04:36.645 204 PUT /api/notes/LxOoSbpds4By/data with 0 bytes took 5ms
01:04:36.718 200 GET /api/notes/LxOoSbpds4By/blob with 3886 bytes took 3ms
01:04:38.463 Slow 204 PUT /api/notes/LxOoSbpds4By/data with 0 bytes took 10ms
01:04:38.532 200 GET /api/notes/LxOoSbpds4By/blob with 3888 bytes took 2ms
01:04:39.477 204 PUT /api/notes/LxOoSbpds4By/data with 0 bytes took 6ms
01:04:39.562 200 GET /api/notes/LxOoSbpds4By/blob with 3891 bytes took 3ms
01:04:40.469 204 PUT /api/notes/LxOoSbpds4By/data with 0 bytes took 5ms
01:04:40.544 200 GET /api/notes/LxOoSbpds4By/blob with 3890 bytes took 2ms
01:04:41.497 204 PUT /api/notes/LxOoSbpds4By/data with 0 bytes took 5ms
01:04:41.568 200 GET /api/notes/LxOoSbpds4By/blob with 3891 bytes took 2ms
01:04:42.500 204 PUT /api/notes/LxOoSbpds4By/data with 0 bytes took 6ms
01:04:42.582 200 GET /api/notes/LxOoSbpds4By/blob with 3892 bytes took 6ms
01:04:43.502 204 PUT /api/notes/LxOoSbpds4By/data with 0 bytes took 5ms
01:04:43.574 200 GET /api/notes/LxOoSbpds4By/blob with 3891 bytes took 3ms
01:04:45.483 204 PUT /api/notes/LxOoSbpds4By/data with 0 bytes took 7ms
01:04:45.558 200 GET /api/notes/LxOoSbpds4By/blob with 3892 bytes took 2ms
01:04:46.502 204 PUT /api/notes/LxOoSbpds4By/data with 0 bytes took 6ms
01:04:46.578 200 GET /api/notes/LxOoSbpds4By/blob with 3894 bytes took 3ms
01:04:49.283 204 PUT /api/notes/LxOoSbpds4By/data with 0 bytes took 6ms
01:04:49.361 200 GET /api/notes/LxOoSbpds4By/blob with 3896 bytes took 3ms
01:04:50.571 204 PUT /api/notes/LxOoSbpds4By/data with 0 bytes took 6ms
01:04:50.648 200 GET /api/notes/LxOoSbpds4By/blob with 3899 bytes took 4ms
01:04:51.627 204 PUT /api/notes/LxOoSbpds4By/data with 0 bytes took 5ms
01:04:51.704 200 GET /api/notes/LxOoSbpds4By/blob with 3901 bytes took 3ms
01:04:52.630 204 PUT /api/notes/LxOoSbpds4By/data with 0 bytes took 6ms
01:04:52.711 200 GET /api/notes/LxOoSbpds4By/blob with 3903 bytes took 2ms
01:04:54.910 204 PUT /api/notes/LxOoSbpds4By/data with 0 bytes took 5ms
01:04:54.980 200 GET /api/notes/LxOoSbpds4By/blob with 3905 bytes took 3ms
01:04:58.291 204 PUT /api/notes/LxOoSbpds4By/data with 0 bytes took 5ms
01:04:58.367 200 GET /api/notes/LxOoSbpds4By/blob with 3907 bytes took 2ms
01:04:59.292 204 PUT /api/notes/LxOoSbpds4By/data with 0 bytes took 5ms
01:04:59.363 200 GET /api/notes/LxOoSbpds4By/blob with 3904 bytes took 5ms
01:05:00.311 204 PUT /api/notes/LxOoSbpds4By/data with 0 bytes took 5ms
01:05:00.383 200 GET /api/notes/LxOoSbpds4By/blob with 3903 bytes took 3ms
01:05:01.309 204 PUT /api/notes/LxOoSbpds4By/data with 0 bytes took 8ms
01:05:01.382 200 GET /api/notes/LxOoSbpds4By/blob with 3905 bytes took 3ms
01:05:02.586 204 PUT /api/notes/LxOoSbpds4By/data with 0 bytes took 5ms
01:05:02.658 200 GET /api/notes/LxOoSbpds4By/blob with 3907 bytes took 2ms
01:05:03.587 204 PUT /api/notes/LxOoSbpds4By/data with 0 bytes took 9ms
01:05:03.671 200 GET /api/notes/LxOoSbpds4By/blob with 3908 bytes took 3ms
01:05:04.591 204 PUT /api/notes/LxOoSbpds4By/data with 0 bytes took 5ms
01:05:04.667 200 GET /api/notes/LxOoSbpds4By/blob with 3911 bytes took 4ms
01:05:05.700 204 PUT /api/notes/LxOoSbpds4By/data with 0 bytes took 6ms
01:05:06.025 200 GET /api/notes/LxOoSbpds4By/blob with 3913 bytes took 4ms
01:05:06.614 204 PUT /api/notes/LxOoSbpds4By/data with 0 bytes took 8ms
01:05:06.685 200 GET /api/notes/LxOoSbpds4By/blob with 3915 bytes took 3ms
01:05:07.607 204 PUT /api/notes/LxOoSbpds4By/data with 0 bytes took 6ms
01:05:07.680 200 GET /api/notes/LxOoSbpds4By/blob with 3916 bytes took 3ms
01:05:08.626 204 PUT /api/notes/LxOoSbpds4By/data with 0 bytes took 6ms
01:05:08.695 200 GET /api/notes/LxOoSbpds4By/blob with 3918 bytes took 3ms
01:05:09.625 204 PUT /api/notes/LxOoSbpds4By/data with 0 bytes took 6ms
01:05:09.697 200 GET /api/notes/LxOoSbpds4By/blob with 3920 bytes took 5ms
01:05:10.626 204 PUT /api/notes/LxOoSbpds4By/data with 0 bytes took 5ms
01:05:10.704 200 GET /api/notes/LxOoSbpds4By/blob with 3922 bytes took 2ms
01:05:11.630 204 PUT /api/notes/LxOoSbpds4By/data with 0 bytes took 6ms
01:05:11.700 200 GET /api/notes/LxOoSbpds4By/blob with 3924 bytes took 3ms
01:05:12.642 204 PUT /api/notes/LxOoSbpds4By/data with 0 bytes took 5ms
01:05:12.714 200 GET /api/notes/LxOoSbpds4By/blob with 3926 bytes took 3ms
01:05:13.670 204 PUT /api/notes/LxOoSbpds4By/data with 0 bytes took 7ms
01:05:13.754 200 GET /api/notes/LxOoSbpds4By/blob with 3929 bytes took 3ms
01:05:16.867 Slow 204 PUT /api/notes/LxOoSbpds4By/data with 0 bytes took 15ms
01:05:16.959 200 GET /api/notes/LxOoSbpds4By/blob with 3931 bytes took 2ms
01:05:17.873 204 PUT /api/notes/LxOoSbpds4By/data with 0 bytes took 7ms
01:05:17.954 200 GET /api/notes/LxOoSbpds4By/blob with 3933 bytes took 3ms
01:05:19.182 204 PUT /api/notes/LxOoSbpds4By/data with 0 bytes took 8ms
01:05:19.254 200 GET /api/notes/LxOoSbpds4By/blob with 3935 bytes took 3ms
01:05:20.197 204 PUT /api/notes/LxOoSbpds4By/data with 0 bytes took 6ms
01:05:20.277 200 GET /api/notes/LxOoSbpds4By/blob with 3937 bytes took 3ms
01:05:21.547 204 PUT /api/notes/LxOoSbpds4By/data with 0 bytes took 6ms
01:05:21.628 200 GET /api/notes/LxOoSbpds4By/blob with 3939 bytes took 2ms
01:05:23.047 204 PUT /api/notes/LxOoSbpds4By/data with 0 bytes took 7ms
01:05:23.130 200 GET /api/notes/LxOoSbpds4By/blob with 3941 bytes took 4ms
01:05:26.995 204 PUT /api/notes/LxOoSbpds4By/data with 0 bytes took 6ms
01:05:27.073 200 GET /api/notes/LxOoSbpds4By/blob with 3942 bytes took 3ms
01:05:29.536 204 PUT /api/notes/LxOoSbpds4By/data with 0 bytes took 5ms
01:05:29.624 200 GET /api/notes/LxOoSbpds4By/blob with 3944 bytes took 2ms
01:05:30.539 204 PUT /api/notes/LxOoSbpds4By/data with 0 bytes took 6ms
01:05:30.612 200 GET /api/notes/LxOoSbpds4By/blob with 3946 bytes took 2ms
01:05:32.404 204 PUT /api/notes/LxOoSbpds4By/data with 0 bytes took 6ms
01:05:32.484 200 GET /api/notes/LxOoSbpds4By/blob with 3987 bytes took 2ms
01:05:33.403 204 PUT /api/notes/LxOoSbpds4By/data with 0 bytes took 7ms
01:05:33.476 200 GET /api/notes/LxOoSbpds4By/blob with 3983 bytes took 5ms
01:07:09.651 204 PUT /api/notes/LxOoSbpds4By/data with 0 bytes took 6ms
01:07:09.720 200 GET /api/notes/LxOoSbpds4By/blob with 3985 bytes took 2ms
01:07:10.497 204 PUT /api/notes/LxOoSbpds4By/data with 0 bytes took 5ms
01:07:10.577 200 GET /api/notes/LxOoSbpds4By/blob with 3983 bytes took 3ms
01:07:15.608 204 PUT /api/notes/LxOoSbpds4By/data with 0 bytes took 6ms
01:07:15.688 200 GET /api/notes/LxOoSbpds4By/blob with 3985 bytes took 2ms
01:07:17.020 204 PUT /api/notes/LxOoSbpds4By/data with 0 bytes took 5ms
01:07:17.092 200 GET /api/notes/LxOoSbpds4By/blob with 3987 bytes took 3ms
01:07:18.122 204 PUT /api/notes/LxOoSbpds4By/data with 0 bytes took 4ms
01:07:18.202 200 GET /api/notes/LxOoSbpds4By/blob with 3989 bytes took 2ms
01:07:20.036 204 PUT /api/notes/LxOoSbpds4By/data with 0 bytes took 5ms
01:07:20.113 200 GET /api/notes/LxOoSbpds4By/blob with 3991 bytes took 3ms
01:07:21.119 204 PUT /api/notes/LxOoSbpds4By/data with 0 bytes took 5ms
01:07:21.200 200 GET /api/notes/LxOoSbpds4By/blob with 3992 bytes took 4ms
01:07:22.144 204 PUT /api/notes/LxOoSbpds4By/data with 0 bytes took 8ms
01:07:22.219 200 GET /api/notes/LxOoSbpds4By/blob with 3994 bytes took 2ms
01:07:23.398 204 PUT /api/notes/LxOoSbpds4By/data with 0 bytes took 7ms
01:07:23.469 200 GET /api/notes/LxOoSbpds4By/blob with 3996 bytes took 5ms
01:07:24.417 204 PUT /api/notes/LxOoSbpds4By/data with 0 bytes took 6ms
01:07:24.486 200 GET /api/notes/LxOoSbpds4By/blob with 3997 bytes took 2ms
01:07:25.426 204 PUT /api/notes/LxOoSbpds4By/data with 0 bytes took 4ms
01:07:25.497 200 GET /api/notes/LxOoSbpds4By/blob with 3998 bytes took 3ms
01:07:26.424 204 PUT /api/notes/LxOoSbpds4By/data with 0 bytes took 5ms
01:07:26.495 200 GET /api/notes/LxOoSbpds4By/blob with 4000 bytes took 4ms
01:07:27.441 204 PUT /api/notes/LxOoSbpds4By/data with 0 bytes took 5ms
01:07:27.516 200 GET /api/notes/LxOoSbpds4By/blob with 4002 bytes took 3ms
01:07:29.703 204 PUT /api/notes/LxOoSbpds4By/data with 0 bytes took 5ms
01:07:29.775 200 GET /api/notes/LxOoSbpds4By/blob with 4001 bytes took 3ms
01:07:30.731 204 PUT /api/notes/LxOoSbpds4By/data with 0 bytes took 5ms
01:07:30.803 200 GET /api/notes/LxOoSbpds4By/blob with 4000 bytes took 2ms
01:07:31.736 204 PUT /api/notes/LxOoSbpds4By/data with 0 bytes took 5ms
01:07:31.818 200 GET /api/notes/LxOoSbpds4By/blob with 4001 bytes took 3ms
01:07:43.078 204 PUT /api/notes/LxOoSbpds4By/data with 0 bytes took 5ms
01:07:43.151 200 GET /api/notes/LxOoSbpds4By/blob with 4003 bytes took 2ms
01:07:45.885 204 PUT /api/notes/LxOoSbpds4By/data with 0 bytes took 7ms
01:07:45.958 200 GET /api/notes/LxOoSbpds4By/blob with 4009 bytes took 3ms
01:07:47.158 204 PUT /api/notes/LxOoSbpds4By/data with 0 bytes took 6ms
01:07:47.240 200 GET /api/notes/LxOoSbpds4By/blob with 4010 bytes took 3ms
01:07:48.161 204 PUT /api/notes/LxOoSbpds4By/data with 0 bytes took 5ms
01:07:48.237 200 GET /api/notes/LxOoSbpds4By/blob with 4009 bytes took 2ms
01:07:49.507 204 PUT /api/notes/LxOoSbpds4By/data with 0 bytes took 7ms
01:07:49.589 200 GET /api/notes/LxOoSbpds4By/blob with 4010 bytes took 2ms
01:07:50.806 204 PUT /api/notes/LxOoSbpds4By/data with 0 bytes took 5ms
01:07:50.890 200 GET /api/notes/LxOoSbpds4By/blob with 4012 bytes took 3ms
01:07:51.814 204 PUT /api/notes/LxOoSbpds4By/data with 0 bytes took 5ms
01:07:51.883 200 GET /api/notes/LxOoSbpds4By/blob with 4014 bytes took 2ms
01:07:52.828 204 PUT /api/notes/LxOoSbpds4By/data with 0 bytes took 5ms
01:07:52.905 200 GET /api/notes/LxOoSbpds4By/blob with 4015 bytes took 2ms
01:07:55.926 204 PUT /api/notes/LxOoSbpds4By/data with 0 bytes took 6ms
01:07:56.004 200 GET /api/notes/LxOoSbpds4By/blob with 4017 bytes took 3ms
01:07:56.940 204 PUT /api/notes/LxOoSbpds4By/data with 0 bytes took 6ms
01:07:57.017 200 GET /api/notes/LxOoSbpds4By/blob with 4019 bytes took 4ms
01:07:57.959 204 PUT /api/notes/LxOoSbpds4By/data with 0 bytes took 6ms
01:07:58.038 200 GET /api/notes/LxOoSbpds4By/blob with 4020 bytes took 3ms
01:07:59.469 204 PUT /api/notes/LxOoSbpds4By/data with 0 bytes took 6ms
01:07:59.548 200 GET /api/notes/LxOoSbpds4By/blob with 4022 bytes took 2ms
01:08:00.494 204 PUT /api/notes/LxOoSbpds4By/data with 0 bytes took 8ms
01:08:00.592 200 GET /api/notes/LxOoSbpds4By/blob with 4024 bytes took 5ms
01:08:01.774 Slow 204 PUT /api/notes/LxOoSbpds4By/data with 0 bytes took 14ms
01:08:01.846 200 GET /api/notes/LxOoSbpds4By/blob with 4026 bytes took 2ms
01:08:02.789 204 PUT /api/notes/LxOoSbpds4By/data with 0 bytes took 8ms
01:08:02.872 200 GET /api/notes/LxOoSbpds4By/blob with 4028 bytes took 2ms
01:08:03.787 204 PUT /api/notes/LxOoSbpds4By/data with 0 bytes took 6ms
01:08:03.867 200 GET /api/notes/LxOoSbpds4By/blob with 4029 bytes took 3ms
01:08:04.811 204 PUT /api/notes/LxOoSbpds4By/data with 0 bytes took 6ms
01:08:04.883 200 GET /api/notes/LxOoSbpds4By/blob with 4031 bytes took 2ms
01:08:06.277 204 PUT /api/notes/LxOoSbpds4By/data with 0 bytes took 7ms
01:08:06.352 200 GET /api/notes/LxOoSbpds4By/blob with 4030 bytes took 2ms
01:08:07.288 204 PUT /api/notes/LxOoSbpds4By/data with 0 bytes took 6ms
01:08:07.358 200 GET /api/notes/LxOoSbpds4By/blob with 4029 bytes took 2ms
01:08:09.084 204 PUT /api/notes/LxOoSbpds4By/data with 0 bytes took 6ms
01:08:09.165 200 GET /api/notes/LxOoSbpds4By/blob with 4031 bytes took 3ms
01:08:10.083 204 PUT /api/notes/LxOoSbpds4By/data with 0 bytes took 6ms
01:08:10.154 200 GET /api/notes/LxOoSbpds4By/blob with 4032 bytes took 4ms
01:08:11.101 204 PUT /api/notes/LxOoSbpds4By/data with 0 bytes took 7ms
01:08:11.177 200 GET /api/notes/LxOoSbpds4By/blob with 4034 bytes took 3ms
01:08:12.103 204 PUT /api/notes/LxOoSbpds4By/data with 0 bytes took 6ms
01:08:12.183 200 GET /api/notes/LxOoSbpds4By/blob with 4035 bytes took 2ms
01:08:13.122 204 PUT /api/notes/LxOoSbpds4By/data with 0 bytes took 5ms
01:08:13.204 200 GET /api/notes/LxOoSbpds4By/blob with 4034 bytes took 2ms
01:08:14.123 204 PUT /api/notes/LxOoSbpds4By/data with 0 bytes took 6ms
01:08:14.193 200 GET /api/notes/LxOoSbpds4By/blob with 4037 bytes took 3ms
01:08:15.235 204 PUT /api/notes/LxOoSbpds4By/data with 0 bytes took 5ms
01:08:15.319 200 GET /api/notes/LxOoSbpds4By/blob with 4039 bytes took 3ms
01:08:16.233 204 PUT /api/notes/LxOoSbpds4By/data with 0 bytes took 7ms
01:08:16.316 200 GET /api/notes/LxOoSbpds4By/blob with 4040 bytes took 2ms
01:08:17.470 204 PUT /api/notes/LxOoSbpds4By/data with 0 bytes took 6ms
01:08:17.548 200 GET /api/notes/LxOoSbpds4By/blob with 4042 bytes took 3ms
01:08:29.393 204 PUT /api/notes/LxOoSbpds4By/data with 0 bytes took 5ms
01:08:29.468 200 GET /api/notes/LxOoSbpds4By/blob with 4043 bytes took 2ms
01:08:30.435 204 PUT /api/notes/LxOoSbpds4By/data with 0 bytes took 5ms
01:08:30.507 200 GET /api/notes/LxOoSbpds4By/blob with 4045 bytes took 3ms
01:08:32.639 204 PUT /api/notes/LxOoSbpds4By/data with 0 bytes took 5ms
01:08:32.717 200 GET /api/notes/LxOoSbpds4By/blob with 4046 bytes took 2ms
01:08:33.669 204 PUT /api/notes/LxOoSbpds4By/data with 0 bytes took 5ms
01:08:33.743 200 GET /api/notes/LxOoSbpds4By/blob with 4048 bytes took 4ms
01:08:34.669 204 PUT /api/notes/LxOoSbpds4By/data with 0 bytes took 5ms
01:08:34.743 200 GET /api/notes/LxOoSbpds4By/blob with 4046 bytes took 2ms
01:08:35.696 204 PUT /api/notes/LxOoSbpds4By/data with 0 bytes took 8ms
01:08:35.773 200 GET /api/notes/LxOoSbpds4By/blob with 4043 bytes took 2ms
01:08:36.707 204 PUT /api/notes/LxOoSbpds4By/data with 0 bytes took 5ms
01:08:36.783 200 GET /api/notes/LxOoSbpds4By/blob with 4046 bytes took 2ms
01:08:37.704 204 PUT /api/notes/LxOoSbpds4By/data with 0 bytes took 6ms
01:08:37.785 200 GET /api/notes/LxOoSbpds4By/blob with 4049 bytes took 2ms
01:08:48.549 204 PUT /api/notes/LxOoSbpds4By/data with 0 bytes took 7ms
01:08:48.618 200 GET /api/notes/LxOoSbpds4By/blob with 4051 bytes took 2ms
01:08:52.512 204 PUT /api/notes/LxOoSbpds4By/data with 0 bytes took 5ms
01:08:52.590 200 GET /api/notes/LxOoSbpds4By/blob with 4053 bytes took 2ms
01:08:54.180 204 PUT /api/notes/LxOoSbpds4By/data with 0 bytes took 5ms
01:08:54.253 200 GET /api/notes/LxOoSbpds4By/blob with 4055 bytes took 2ms
01:08:58.561 204 PUT /api/notes/LxOoSbpds4By/data with 0 bytes took 7ms
01:08:58.634 200 GET /api/notes/LxOoSbpds4By/blob with 4057 bytes took 3ms
01:09:01.278 204 PUT /api/notes/LxOoSbpds4By/data with 0 bytes took 7ms
01:09:01.353 200 GET /api/notes/LxOoSbpds4By/blob with 4059 bytes took 3ms
01:09:02.620 204 PUT /api/notes/LxOoSbpds4By/data with 0 bytes took 6ms
01:09:02.693 200 GET /api/notes/LxOoSbpds4By/blob with 4061 bytes took 3ms
01:09:03.636 204 PUT /api/notes/LxOoSbpds4By/data with 0 bytes took 5ms
01:09:03.713 200 GET /api/notes/LxOoSbpds4By/blob with 4063 bytes took 2ms
01:09:04.645 204 PUT /api/notes/LxOoSbpds4By/data with 0 bytes took 6ms
01:09:04.718 200 GET /api/notes/LxOoSbpds4By/blob with 4066 bytes took 3ms
01:09:06.461 204 PUT /api/notes/LxOoSbpds4By/data with 0 bytes took 6ms
01:09:06.532 200 GET /api/notes/LxOoSbpds4By/blob with 4067 bytes took 2ms
01:09:07.536 204 PUT /api/notes/LxOoSbpds4By/data with 0 bytes took 7ms
01:09:07.619 200 GET /api/notes/LxOoSbpds4By/blob with 4069 bytes took 4ms
01:09:08.546 204 PUT /api/notes/LxOoSbpds4By/data with 0 bytes took 6ms
01:09:08.624 200 GET /api/notes/LxOoSbpds4By/blob with 4071 bytes took 2ms
01:09:11.809 204 PUT /api/notes/LxOoSbpds4By/data with 0 bytes took 8ms
01:09:11.888 200 GET /api/notes/LxOoSbpds4By/blob with 4072 bytes took 3ms
01:09:14.195 204 PUT /api/notes/LxOoSbpds4By/data with 0 bytes took 6ms
01:09:14.274 200 GET /api/notes/LxOoSbpds4By/blob with 4074 bytes took 3ms
01:09:15.193 204 PUT /api/notes/LxOoSbpds4By/data with 0 bytes took 3ms
01:09:16.783 204 PUT /api/notes/LxOoSbpds4By/data with 0 bytes took 5ms
01:09:16.859 200 GET /api/notes/LxOoSbpds4By/blob with 4076 bytes took 3ms
01:09:17.813 204 PUT /api/notes/LxOoSbpds4By/data with 0 bytes took 7ms
01:09:17.906 200 GET /api/notes/LxOoSbpds4By/blob with 4074 bytes took 2ms
01:09:18.816 204 PUT /api/notes/LxOoSbpds4By/data with 0 bytes took 6ms
01:09:18.900 200 GET /api/notes/LxOoSbpds4By/blob with 4076 bytes took 3ms
01:09:19.819 Slow 204 PUT /api/notes/LxOoSbpds4By/data with 0 bytes took 12ms
01:09:19.888 200 GET /api/notes/LxOoSbpds4By/blob with 4078 bytes took 2ms
01:09:20.836 Slow 204 PUT /api/notes/LxOoSbpds4By/data with 0 bytes took 10ms
01:09:20.926 200 GET /api/notes/LxOoSbpds4By/blob with 4079 bytes took 3ms
01:09:21.847 204 PUT /api/notes/LxOoSbpds4By/data with 0 bytes took 7ms
01:09:21.919 200 GET /api/notes/LxOoSbpds4By/blob with 4081 bytes took 3ms
01:09:22.847 204 PUT /api/notes/LxOoSbpds4By/data with 0 bytes took 5ms
01:09:22.925 200 GET /api/notes/LxOoSbpds4By/blob with 4083 bytes took 3ms
01:09:23.868 204 PUT /api/notes/LxOoSbpds4By/data with 0 bytes took 6ms
01:09:23.942 200 GET /api/notes/LxOoSbpds4By/blob with 4085 bytes took 2ms
01:09:24.864 204 PUT /api/notes/LxOoSbpds4By/data with 0 bytes took 6ms
01:09:24.947 200 GET /api/notes/LxOoSbpds4By/blob with 4087 bytes took 4ms
01:09:27.030 204 PUT /api/notes/LxOoSbpds4By/data with 0 bytes took 4ms
01:09:27.102 200 GET /api/notes/LxOoSbpds4By/blob with 4089 bytes took 3ms
01:09:28.040 204 PUT /api/notes/LxOoSbpds4By/data with 0 bytes took 6ms
01:09:28.125 200 GET /api/notes/LxOoSbpds4By/blob with 4130 bytes took 2ms
01:09:29.216 204 PUT /api/notes/LxOoSbpds4By/data with 0 bytes took 5ms
01:09:29.303 200 GET /api/notes/LxOoSbpds4By/blob with 4125 bytes took 3ms
01:09:30.185 Slow 204 PUT /api/notes/LxOoSbpds4By/data with 0 bytes took 10ms
01:09:30.275 200 GET /api/notes/LxOoSbpds4By/blob with 4126 bytes took 3ms
01:22:27.603 Slow 204 PUT /api/notes/LxOoSbpds4By/data with 0 bytes took 13ms
01:22:27.701 200 GET /api/notes/LxOoSbpds4By/blob with 4125 bytes took 2ms
01:22:28.979 204 PUT /api/notes/LxOoSbpds4By/data with 0 bytes took 5ms
01:22:29.073 200 GET /api/notes/LxOoSbpds4By/blob with 4126 bytes took 2ms
01:26:46.693 Slow 204 PUT /api/notes/LxOoSbpds4By/data with 0 bytes took 11ms
01:26:46.747 200 GET /api/notes/LxOoSbpds4By/blob with 4125 bytes took 4ms
01:26:47.578 204 PUT /api/notes/LxOoSbpds4By/data with 0 bytes took 8ms
01:26:47.632 200 GET /api/notes/LxOoSbpds4By/blob with 4130 bytes took 3ms
01:26:48.590 204 PUT /api/notes/LxOoSbpds4By/data with 0 bytes took 7ms
01:26:48.638 200 GET /api/notes/LxOoSbpds4By/blob with 4089 bytes took 3ms
01:26:50.902 204 PUT /api/notes/LxOoSbpds4By/data with 0 bytes took 8ms
01:26:50.957 200 GET /api/notes/LxOoSbpds4By/blob with 4130 bytes took 6ms
01:26:51.939 204 PUT /api/notes/LxOoSbpds4By/data with 0 bytes took 7ms
01:26:52.000 200 GET /api/notes/LxOoSbpds4By/blob with 4171 bytes took 3ms
01:26:52.950 204 PUT /api/notes/LxOoSbpds4By/data with 0 bytes took 6ms
01:26:52.989 200 GET /api/notes/LxOoSbpds4By/blob with 4130 bytes took 2ms
01:26:53.947 204 PUT /api/notes/LxOoSbpds4By/data with 0 bytes took 7ms
01:26:54.003 200 GET /api/notes/LxOoSbpds4By/blob with 4089 bytes took 2ms
01:26:55.200 204 PUT /api/notes/LxOoSbpds4By/data with 0 bytes took 6ms
01:26:55.253 200 GET /api/notes/LxOoSbpds4By/blob with 4130 bytes took 3ms
01:26:56.299 204 PUT /api/notes/LxOoSbpds4By/data with 0 bytes took 6ms
01:26:56.358 200 GET /api/notes/LxOoSbpds4By/blob with 4171 bytes took 5ms
01:26:58.909 204 PUT /api/notes/LxOoSbpds4By/data with 0 bytes took 6ms
01:26:58.954 200 GET /api/notes/LxOoSbpds4By/blob with 4167 bytes took 2ms
01:26:59.926 204 PUT /api/notes/LxOoSbpds4By/data with 0 bytes took 5ms
01:26:59.985 200 GET /api/notes/LxOoSbpds4By/blob with 4169 bytes took 3ms
01:27:00.928 204 PUT /api/notes/LxOoSbpds4By/data with 0 bytes took 6ms
01:27:01.020 200 GET /api/notes/LxOoSbpds4By/blob with 4170 bytes took 3ms
01:27:01.944 204 PUT /api/notes/LxOoSbpds4By/data with 0 bytes took 9ms
01:27:01.999 200 GET /api/notes/LxOoSbpds4By/blob with 4169 bytes took 4ms
01:27:03.312 204 PUT /api/notes/LxOoSbpds4By/data with 0 bytes took 5ms
01:27:03.368 200 GET /api/notes/LxOoSbpds4By/blob with 4168 bytes took 3ms
01:27:04.335 204 PUT /api/notes/LxOoSbpds4By/data with 0 bytes took 5ms
01:27:04.388 200 GET /api/notes/LxOoSbpds4By/blob with 4167 bytes took 4ms
01:27:05.336 204 PUT /api/notes/LxOoSbpds4By/data with 0 bytes took 6ms
01:27:05.390 200 GET /api/notes/LxOoSbpds4By/blob with 4169 bytes took 2ms
01:27:10.259 204 PUT /api/notes/LxOoSbpds4By/data with 0 bytes took 7ms
01:27:10.316 200 GET /api/notes/LxOoSbpds4By/blob with 4171 bytes took 5ms
01:27:13.057 204 PUT /api/notes/LxOoSbpds4By/data with 0 bytes took 7ms
01:27:13.103 200 GET /api/notes/LxOoSbpds4By/blob with 4143 bytes took 2ms
01:27:15.114 Slow 204 PUT /api/notes/LxOoSbpds4By/data with 0 bytes took 10ms
01:27:15.165 200 GET /api/notes/LxOoSbpds4By/blob with 4184 bytes took 3ms
01:27:41.290 204 PUT /api/notes/LxOoSbpds4By/data with 0 bytes took 6ms
01:27:41.347 200 GET /api/notes/LxOoSbpds4By/blob with 4183 bytes took 3ms
01:27:42.298 204 PUT /api/notes/LxOoSbpds4By/data with 0 bytes took 5ms
01:27:42.355 200 GET /api/notes/LxOoSbpds4By/blob with 4182 bytes took 4ms
01:27:43.313 204 PUT /api/notes/LxOoSbpds4By/data with 0 bytes took 6ms
01:27:43.364 200 GET /api/notes/LxOoSbpds4By/blob with 4184 bytes took 3ms
01:27:49.106 204 PUT /api/notes/LxOoSbpds4By/data with 0 bytes took 7ms
01:27:49.175 200 GET /api/notes/LxOoSbpds4By/blob with 4179 bytes took 3ms
01:27:50.128 204 PUT /api/notes/LxOoSbpds4By/data with 0 bytes took 8ms
01:27:50.182 200 GET /api/notes/LxOoSbpds4By/blob with 4180 bytes took 3ms
01:27:51.118 204 PUT /api/notes/LxOoSbpds4By/data with 0 bytes took 5ms
01:27:51.171 200 GET /api/notes/LxOoSbpds4By/blob with 4184 bytes took 3ms
01:27:52.327 204 PUT /api/notes/LxOoSbpds4By/data with 0 bytes took 5ms
01:27:52.383 200 GET /api/notes/LxOoSbpds4By/blob with 4184 bytes took 2ms
01:27:53.336 204 PUT /api/notes/LxOoSbpds4By/data with 0 bytes took 5ms
01:27:53.381 200 GET /api/notes/LxOoSbpds4By/blob with 4185 bytes took 3ms
01:27:54.354 Slow 204 PUT /api/notes/LxOoSbpds4By/data with 0 bytes took 14ms
01:27:54.406 200 GET /api/notes/LxOoSbpds4By/blob with 4189 bytes took 3ms
01:27:55.943 204 PUT /api/notes/LxOoSbpds4By/data with 0 bytes took 8ms
01:27:55.985 200 GET /api/notes/LxOoSbpds4By/blob with 4188 bytes took 2ms
01:27:56.942 204 PUT /api/notes/LxOoSbpds4By/data with 0 bytes took 6ms
01:27:56.998 200 GET /api/notes/LxOoSbpds4By/blob with 4187 bytes took 3ms
01:27:57.952 204 PUT /api/notes/LxOoSbpds4By/data with 0 bytes took 7ms
01:27:58.000 200 GET /api/notes/LxOoSbpds4By/blob with 4188 bytes took 3ms
01:27:58.979 204 PUT /api/notes/LxOoSbpds4By/data with 0 bytes took 6ms
01:27:59.035 200 GET /api/notes/LxOoSbpds4By/blob with 4190 bytes took 3ms
01:28:02.505 204 PUT /api/notes/LxOoSbpds4By/data with 0 bytes took 8ms
01:28:02.549 200 GET /api/notes/LxOoSbpds4By/blob with 4196 bytes took 2ms
01:28:03.502 204 PUT /api/notes/LxOoSbpds4By/data with 0 bytes took 7ms
01:28:03.559 200 GET /api/notes/LxOoSbpds4By/blob with 4198 bytes took 2ms
01:28:04.743 204 PUT /api/notes/LxOoSbpds4By/data with 0 bytes took 6ms
01:28:04.799 200 GET /api/notes/LxOoSbpds4By/blob with 4199 bytes took 3ms
01:28:05.754 Slow 204 PUT /api/notes/LxOoSbpds4By/data with 0 bytes took 10ms
01:28:05.806 200 GET /api/notes/LxOoSbpds4By/blob with 4202 bytes took 4ms
01:28:06.759 204 PUT /api/notes/LxOoSbpds4By/data with 0 bytes took 6ms
01:28:06.816 200 GET /api/notes/LxOoSbpds4By/blob with 4204 bytes took 2ms
01:28:07.782 204 PUT /api/notes/LxOoSbpds4By/data with 0 bytes took 8ms
01:28:07.831 200 GET /api/notes/LxOoSbpds4By/blob with 4205 bytes took 3ms
01:28:08.790 204 PUT /api/notes/LxOoSbpds4By/data with 0 bytes took 6ms
01:28:08.848 200 GET /api/notes/LxOoSbpds4By/blob with 4207 bytes took 4ms
01:28:11.918 204 PUT /api/notes/LxOoSbpds4By/data with 0 bytes took 5ms
01:28:11.966 200 GET /api/notes/LxOoSbpds4By/blob with 4212 bytes took 3ms
01:28:12.931 204 PUT /api/notes/LxOoSbpds4By/data with 0 bytes took 5ms
01:28:12.982 200 GET /api/notes/LxOoSbpds4By/blob with 4214 bytes took 3ms
01:28:13.945 204 PUT /api/notes/LxOoSbpds4By/data with 0 bytes took 6ms
01:28:14.003 200 GET /api/notes/LxOoSbpds4By/blob with 4215 bytes took 2ms
01:28:15.319 204 PUT /api/notes/LxOoSbpds4By/data with 0 bytes took 6ms
01:28:15.377 200 GET /api/notes/LxOoSbpds4By/blob with 4220 bytes took 3ms
01:28:16.320 204 PUT /api/notes/LxOoSbpds4By/data with 0 bytes took 9ms
01:28:16.375 200 GET /api/notes/LxOoSbpds4By/blob with 4222 bytes took 3ms
01:28:17.560 204 PUT /api/notes/LxOoSbpds4By/data with 0 bytes took 6ms
01:28:17.604 200 GET /api/notes/LxOoSbpds4By/blob with 4224 bytes took 3ms
01:28:21.674 204 PUT /api/notes/LxOoSbpds4By/data with 0 bytes took 7ms
01:28:21.735 200 GET /api/notes/LxOoSbpds4By/blob with 4225 bytes took 4ms
01:28:22.688 204 PUT /api/notes/LxOoSbpds4By/data with 0 bytes took 6ms
01:28:22.739 200 GET /api/notes/LxOoSbpds4By/blob with 4227 bytes took 2ms
01:28:23.680 204 PUT /api/notes/LxOoSbpds4By/data with 0 bytes took 6ms
01:28:23.724 200 GET /api/notes/LxOoSbpds4By/blob with 4229 bytes took 2ms
01:28:35.336 204 PUT /api/notes/LxOoSbpds4By/data with 0 bytes took 5ms
01:28:35.391 200 GET /api/notes/LxOoSbpds4By/blob with 4231 bytes took 3ms
01:28:36.329 204 PUT /api/notes/LxOoSbpds4By/data with 0 bytes took 5ms
01:28:36.385 200 GET /api/notes/LxOoSbpds4By/blob with 4233 bytes took 3ms
01:28:37.520 204 PUT /api/notes/LxOoSbpds4By/data with 0 bytes took 7ms
01:28:37.579 200 GET /api/notes/LxOoSbpds4By/blob with 4234 bytes took 3ms
01:28:39.028 204 PUT /api/notes/LxOoSbpds4By/data with 0 bytes took 5ms
01:28:39.085 200 GET /api/notes/LxOoSbpds4By/blob with 4233 bytes took 4ms
01:28:40.050 204 PUT /api/notes/LxOoSbpds4By/data with 0 bytes took 8ms
01:28:40.099 200 GET /api/notes/LxOoSbpds4By/blob with 4234 bytes took 3ms
01:28:41.060 204 PUT /api/notes/LxOoSbpds4By/data with 0 bytes took 5ms
01:28:41.113 200 GET /api/notes/LxOoSbpds4By/blob with 4237 bytes took 2ms
01:28:43.686 204 PUT /api/notes/LxOoSbpds4By/data with 0 bytes took 5ms
01:28:43.742 200 GET /api/notes/LxOoSbpds4By/blob with 4242 bytes took 2ms
01:28:44.696 204 PUT /api/notes/LxOoSbpds4By/data with 0 bytes took 6ms
01:28:44.767 200 GET /api/notes/LxOoSbpds4By/blob with 4244 bytes took 4ms
01:28:45.714 204 PUT /api/notes/LxOoSbpds4By/data with 0 bytes took 5ms
01:28:45.779 200 GET /api/notes/LxOoSbpds4By/blob with 4246 bytes took 3ms
01:28:46.714 204 PUT /api/notes/LxOoSbpds4By/data with 0 bytes took 6ms
01:28:46.760 200 GET /api/notes/LxOoSbpds4By/blob with 4248 bytes took 3ms
01:28:49.760 204 PUT /api/notes/LxOoSbpds4By/data with 0 bytes took 7ms
01:28:49.817 200 GET /api/notes/LxOoSbpds4By/blob with 4250 bytes took 5ms
01:28:50.774 204 PUT /api/notes/LxOoSbpds4By/data with 0 bytes took 8ms
01:28:50.828 200 GET /api/notes/LxOoSbpds4By/blob with 4248 bytes took 2ms
01:28:51.790 204 PUT /api/notes/LxOoSbpds4By/data with 0 bytes took 9ms
01:28:51.842 200 GET /api/notes/LxOoSbpds4By/blob with 4253 bytes took 3ms
01:28:52.791 204 PUT /api/notes/LxOoSbpds4By/data with 0 bytes took 5ms
01:28:52.839 200 GET /api/notes/LxOoSbpds4By/blob with 4254 bytes took 2ms
01:28:53.790 204 PUT /api/notes/LxOoSbpds4By/data with 0 bytes took 7ms
01:28:53.843 200 GET /api/notes/LxOoSbpds4By/blob with 4263 bytes took 2ms
01:29:03.960 204 PUT /api/notes/LxOoSbpds4By/data with 0 bytes took 7ms
01:29:04.015 200 GET /api/notes/LxOoSbpds4By/blob with 4257 bytes took 3ms
01:29:06.596 204 PUT /api/notes/LxOoSbpds4By/data with 0 bytes took 5ms
01:29:06.638 200 GET /api/notes/LxOoSbpds4By/blob with 4259 bytes took 2ms
01:29:07.621 Slow 204 PUT /api/notes/LxOoSbpds4By/data with 0 bytes took 12ms
01:29:07.662 200 GET /api/notes/LxOoSbpds4By/blob with 4260 bytes took 2ms
01:29:08.618 204 PUT /api/notes/LxOoSbpds4By/data with 0 bytes took 7ms
01:29:08.668 200 GET /api/notes/LxOoSbpds4By/blob with 4262 bytes took 4ms
01:29:09.622 204 PUT /api/notes/LxOoSbpds4By/data with 0 bytes took 5ms
01:29:09.658 200 GET /api/notes/LxOoSbpds4By/blob with 4260 bytes took 2ms
01:29:10.644 204 PUT /api/notes/LxOoSbpds4By/data with 0 bytes took 7ms
01:29:10.700 200 GET /api/notes/LxOoSbpds4By/blob with 4262 bytes took 3ms
01:29:11.636 204 PUT /api/notes/LxOoSbpds4By/data with 0 bytes took 5ms
01:29:11.684 200 GET /api/notes/LxOoSbpds4By/blob with 4268 bytes took 2ms
01:29:12.640 204 PUT /api/notes/LxOoSbpds4By/data with 0 bytes took 6ms
01:29:12.693 200 GET /api/notes/LxOoSbpds4By/blob with 4267 bytes took 3ms
01:29:13.656 204 PUT /api/notes/LxOoSbpds4By/data with 0 bytes took 7ms
01:29:13.702 200 GET /api/notes/LxOoSbpds4By/blob with 4263 bytes took 4ms
01:29:15.734 204 PUT /api/notes/LxOoSbpds4By/data with 0 bytes took 5ms
01:29:15.791 200 GET /api/notes/LxOoSbpds4By/blob with 4268 bytes took 3ms
01:29:16.916 204 PUT /api/notes/LxOoSbpds4By/data with 0 bytes took 5ms
01:29:17.758 204 PUT /api/notes/LxOoSbpds4By/data with 0 bytes took 5ms
01:29:17.812 200 GET /api/notes/LxOoSbpds4By/blob with 4270 bytes took 3ms
01:29:19.336 204 PUT /api/notes/LxOoSbpds4By/data with 0 bytes took 5ms
01:29:19.387 200 GET /api/notes/LxOoSbpds4By/blob with 4272 bytes took 3ms
01:29:20.342 204 PUT /api/notes/LxOoSbpds4By/data with 0 bytes took 6ms
01:29:20.401 200 GET /api/notes/LxOoSbpds4By/blob with 4273 bytes took 3ms
01:29:21.354 204 PUT /api/notes/LxOoSbpds4By/data with 0 bytes took 6ms
01:29:21.407 200 GET /api/notes/LxOoSbpds4By/blob with 4274 bytes took 4ms
01:29:22.359 204 PUT /api/notes/LxOoSbpds4By/data with 0 bytes took 8ms
01:29:22.413 200 GET /api/notes/LxOoSbpds4By/blob with 4279 bytes took 4ms
01:29:23.369 204 PUT /api/notes/LxOoSbpds4By/data with 0 bytes took 6ms
01:29:23.417 200 GET /api/notes/LxOoSbpds4By/blob with 4281 bytes took 3ms
01:29:24.388 204 PUT /api/notes/LxOoSbpds4By/data with 0 bytes took 8ms
01:29:24.441 200 GET /api/notes/LxOoSbpds4By/blob with 4282 bytes took 3ms
01:29:38.225 204 PUT /api/notes/LxOoSbpds4By/data with 0 bytes took 7ms
01:29:38.282 200 GET /api/notes/LxOoSbpds4By/blob with 4283 bytes took 4ms
01:29:39.247 204 PUT /api/notes/LxOoSbpds4By/data with 0 bytes took 5ms
01:29:39.319 200 GET /api/notes/LxOoSbpds4By/blob with 4284 bytes took 3ms
