00:00:06.280 No connection to sync server.
00:01:06.282 No connection to sync server.
00:02:06.292 No connection to sync server.
00:03:06.302 No connection to sync server.
00:04:06.312 No connection to sync server.
00:05:06.332 No connection to sync server.
00:06:06.332 No connection to sync server.
00:07:06.338 No connection to sync server.
00:08:06.352 No connection to sync server.
00:09:06.357 No connection to sync server.
00:10:06.368 No connection to sync server.
00:11:06.382 No connection to sync server.
00:12:06.384 No connection to sync server.
00:13:06.388 No connection to sync server.
00:14:06.401 No connection to sync server.
00:15:06.406 No connection to sync server.
00:16:06.417 No connection to sync server.
00:17:06.425 No connection to sync server.
00:18:06.438 No connection to sync server.
00:19:07.492 No connection to sync server.
00:20:06.457 No connection to sync server.
00:21:06.457 No connection to sync server.
00:22:06.465 No connection to sync server.
00:23:06.470 No connection to sync server.
00:24:06.488 No connection to sync server.
00:25:06.491 No connection to sync server.
00:26:06.502 No connection to sync server.
00:27:06.524 No connection to sync server.
00:28:06.510 No connection to sync server.
00:29:06.533 No connection to sync server.
00:30:06.535 No connection to sync server.
00:31:06.547 No connection to sync server.
00:32:06.549 No connection to sync server.
00:33:06.571 No connection to sync server.
00:34:06.572 No connection to sync server.
00:35:06.586 No connection to sync server.
00:36:06.578 No connection to sync server.
00:37:06.590 No connection to sync server.
00:38:06.593 No connection to sync server.
00:39:06.611 No connection to sync server.
00:40:06.613 No connection to sync server.
00:41:06.632 No connection to sync server.
00:42:06.626 No connection to sync server.
00:43:06.637 No connection to sync server.
00:44:06.655 No connection to sync server.
00:45:06.652 No connection to sync server.
00:46:06.662 No connection to sync server.
00:46:07.317 Table counts: notes: 308, revisions: 122, attachments: 66, branches: 311, attributes: 457, etapi_tokens: 0, blobs: 333
00:46:07.334 All consistency checks passed with no errors detected (took 18ms)
00:47:06.661 No connection to sync server.
00:48:06.675 No connection to sync server.
00:49:06.673 No connection to sync server.
00:50:06.691 No connection to sync server.
00:51:06.696 No connection to sync server.
00:52:06.711 No connection to sync server.
00:53:06.704 No connection to sync server.
00:54:06.720 No connection to sync server.
00:55:06.733 No connection to sync server.
00:56:06.743 No connection to sync server.
00:57:06.733 No connection to sync server.
00:58:06.751 No connection to sync server.
00:59:06.753 No connection to sync server.
01:00:06.768 No connection to sync server.
01:01:06.775 No connection to sync server.
01:02:06.779 No connection to sync server.
01:03:06.781 No connection to sync server.
01:04:06.794 No connection to sync server.
01:05:06.803 No connection to sync server.
01:06:06.814 No connection to sync server.
01:07:06.826 No connection to sync server.
01:08:06.829 No connection to sync server.
01:09:06.847 No connection to sync server.
01:10:06.846 No connection to sync server.
01:11:06.849 No connection to sync server.
01:12:06.861 No connection to sync server.
01:13:06.857 No connection to sync server.
01:14:06.883 No connection to sync server.
01:15:06.887 No connection to sync server.
01:16:06.901 No connection to sync server.
01:17:06.908 No connection to sync server.
01:18:06.912 No connection to sync server.
01:19:06.923 No connection to sync server.
01:20:06.933 No connection to sync server.
01:21:06.941 No connection to sync server.
01:22:06.942 No connection to sync server.
01:23:07.006 No connection to sync server.
01:24:06.958 No connection to sync server.
01:25:06.965 No connection to sync server.
01:26:06.978 No connection to sync server.
01:27:06.979 No connection to sync server.
01:28:06.993 No connection to sync server.
01:29:06.998 No connection to sync server.
01:30:07.014 No connection to sync server.
01:31:07.008 No connection to sync server.
01:32:07.011 No connection to sync server.
01:33:07.013 No connection to sync server.
01:34:07.028 No connection to sync server.
01:35:07.028 No connection to sync server.
01:36:07.038 No connection to sync server.
01:37:07.058 No connection to sync server.
01:38:07.053 No connection to sync server.
01:39:07.067 No connection to sync server.
01:40:07.072 No connection to sync server.
01:41:07.068 No connection to sync server.
01:42:07.086 No connection to sync server.
01:43:07.092 No connection to sync server.
01:44:07.100 No connection to sync server.
01:45:07.104 No connection to sync server.
01:46:07.106 No connection to sync server.
01:46:07.317 Table counts: notes: 308, revisions: 122, attachments: 66, branches: 311, attributes: 457, etapi_tokens: 0, blobs: 333
01:46:07.335 All consistency checks passed with no errors detected (took 19ms)
01:47:07.112 No connection to sync server.
01:48:07.123 No connection to sync server.
01:49:07.144 No connection to sync server.
01:50:07.141 No connection to sync server.
01:51:07.157 No connection to sync server.
01:52:07.150 No connection to sync server.
01:53:07.154 No connection to sync server.
01:54:07.152 No connection to sync server.
01:55:07.163 No connection to sync server.
01:56:07.163 No connection to sync server.
01:57:07.179 No connection to sync server.
01:58:07.181 No connection to sync server.
01:59:07.201 No connection to sync server.
02:00:07.190 No connection to sync server.
02:01:07.197 No connection to sync server.
02:02:07.207 No connection to sync server.
02:03:07.211 No connection to sync server.
02:04:07.222 No connection to sync server.
02:05:07.233 No connection to sync server.
02:06:07.235 No connection to sync server.
02:07:07.249 No connection to sync server.
02:08:07.247 No connection to sync server.
02:09:07.259 No connection to sync server.
02:10:07.266 No connection to sync server.
02:11:07.265 No connection to sync server.
02:12:07.279 No connection to sync server.
02:13:07.279 No connection to sync server.
02:14:07.291 No connection to sync server.
02:15:07.303 No connection to sync server.
02:16:07.314 No connection to sync server.
02:17:07.320 No connection to sync server.
02:18:07.312 No connection to sync server.
02:19:07.334 No connection to sync server.
02:20:07.333 No connection to sync server.
02:21:07.339 No connection to sync server.
02:22:07.346 No connection to sync server.
02:23:07.341 No connection to sync server.
02:24:07.367 No connection to sync server.
02:25:07.354 No connection to sync server.
02:26:07.354 No connection to sync server.
02:27:07.371 No connection to sync server.
02:28:07.368 No connection to sync server.
02:29:07.390 No connection to sync server.
02:30:07.397 No connection to sync server.
02:31:07.395 No connection to sync server.
02:32:07.404 No connection to sync server.
02:33:07.413 No connection to sync server.
02:34:07.455 No connection to sync server.
02:35:07.413 No connection to sync server.
02:36:07.426 No connection to sync server.
02:37:07.442 No connection to sync server.
02:38:07.442 No connection to sync server.
02:39:07.453 No connection to sync server.
02:40:07.448 No connection to sync server.
02:41:07.460 No connection to sync server.
02:42:07.460 No connection to sync server.
02:43:07.485 No connection to sync server.
02:44:07.470 No connection to sync server.
02:45:07.484 No connection to sync server.
02:46:07.317 Table counts: notes: 308, revisions: 122, attachments: 66, branches: 311, attributes: 457, etapi_tokens: 0, blobs: 333
02:46:07.335 All consistency checks passed with no errors detected (took 19ms)
02:46:07.490 No connection to sync server.
02:47:07.498 No connection to sync server.
02:48:07.491 No connection to sync server.
02:49:07.512 No connection to sync server.
02:50:07.510 No connection to sync server.
02:51:07.512 No connection to sync server.
02:52:07.522 No connection to sync server.
02:53:07.528 No connection to sync server.
02:54:07.536 No connection to sync server.
02:55:07.540 No connection to sync server.
02:56:07.540 No connection to sync server.
02:57:07.551 No connection to sync server.
02:58:07.571 No connection to sync server.
02:59:07.566 No connection to sync server.
03:00:07.579 No connection to sync server.
03:01:07.572 No connection to sync server.
03:02:07.588 No connection to sync server.
03:03:07.595 No connection to sync server.
03:04:07.595 No connection to sync server.
03:05:07.603 No connection to sync server.
03:06:07.604 No connection to sync server.
03:07:07.623 No connection to sync server.
03:08:07.627 No connection to sync server.
03:09:07.625 No connection to sync server.
03:10:07.637 No connection to sync server.
03:11:07.642 No connection to sync server.
03:12:07.644 No connection to sync server.
03:13:07.650 No connection to sync server.
03:14:07.663 No connection to sync server.
03:15:07.658 No connection to sync server.
03:16:07.658 No connection to sync server.
03:17:07.680 No connection to sync server.
03:18:07.679 No connection to sync server.
03:19:07.693 No connection to sync server.
03:20:07.686 No connection to sync server.
03:21:07.691 No connection to sync server.
03:22:07.694 No connection to sync server.
03:23:10.788 No connection to sync server.
03:24:07.710 No connection to sync server.
03:25:07.715 No connection to sync server.
03:26:07.715 No connection to sync server.
03:27:07.722 No connection to sync server.
03:28:07.734 No connection to sync server.
03:29:07.745 No connection to sync server.
03:30:07.735 No connection to sync server.
03:31:07.751 No connection to sync server.
03:32:07.753 No connection to sync server.
03:33:07.774 No connection to sync server.
03:34:07.763 No connection to sync server.
03:35:07.777 No connection to sync server.
03:36:07.770 No connection to sync server.
03:37:07.789 No connection to sync server.
03:38:07.778 No connection to sync server.
03:39:07.781 No connection to sync server.
03:40:07.796 No connection to sync server.
03:41:07.796 No connection to sync server.
03:42:07.812 No connection to sync server.
03:43:07.818 No connection to sync server.
03:44:07.811 No connection to sync server.
03:45:07.821 No connection to sync server.
03:46:07.319 Table counts: notes: 308, revisions: 122, attachments: 66, branches: 311, attributes: 457, etapi_tokens: 0, blobs: 333
03:46:07.345 All consistency checks passed with no errors detected (took 27ms)
03:46:07.825 No connection to sync server.
03:47:07.828 No connection to sync server.
03:48:07.830 No connection to sync server.
03:49:07.830 No connection to sync server.
03:50:07.839 No connection to sync server.
03:51:07.840 No connection to sync server.
03:52:07.843 No connection to sync server.
03:53:07.860 No connection to sync server.
03:54:07.854 No connection to sync server.
03:55:07.866 No connection to sync server.
03:56:07.874 No connection to sync server.
03:57:07.879 No connection to sync server.
03:58:07.879 No connection to sync server.
03:59:07.879 No connection to sync server.
04:00:07.886 No connection to sync server.
04:01:07.887 No connection to sync server.
04:02:07.892 No connection to sync server.
04:03:07.904 No connection to sync server.
04:04:07.908 No connection to sync server.
04:05:07.908 No connection to sync server.
04:06:07.911 No connection to sync server.
04:07:07.915 No connection to sync server.
04:08:07.914 No connection to sync server.
04:09:07.920 No connection to sync server.
04:10:07.934 No connection to sync server.
04:11:07.939 No connection to sync server.
04:12:07.933 No connection to sync server.
04:13:07.941 No connection to sync server.
04:14:07.953 No connection to sync server.
04:15:07.951 No connection to sync server.
04:16:07.953 No connection to sync server.
04:17:07.946 No connection to sync server.
04:18:07.955 No connection to sync server.
04:19:07.961 No connection to sync server.
04:20:07.956 No connection to sync server.
04:21:08.016 No connection to sync server.
04:22:07.972 No connection to sync server.
04:23:07.986 No connection to sync server.
04:24:07.976 No connection to sync server.
04:25:07.985 No connection to sync server.
04:26:07.986 No connection to sync server.
04:27:07.997 No connection to sync server.
04:28:07.996 No connection to sync server.
04:29:07.997 No connection to sync server.
04:30:08.011 No connection to sync server.
04:31:08.013 No connection to sync server.
04:32:08.020 No connection to sync server.
04:33:08.025 No connection to sync server.
04:34:08.034 No connection to sync server.
04:35:08.030 No connection to sync server.
04:36:08.039 No connection to sync server.
04:37:08.037 No connection to sync server.
04:38:08.041 No connection to sync server.
04:39:08.047 No connection to sync server.
04:40:08.046 No connection to sync server.
04:41:08.055 No connection to sync server.
04:42:08.059 No connection to sync server.
04:43:08.060 No connection to sync server.
04:44:08.059 No connection to sync server.
04:45:08.064 No connection to sync server.
04:46:06.871 Optimizing database
04:46:06.873 Optimization finished in 1ms.
04:46:07.320 Table counts: notes: 308, revisions: 122, attachments: 66, branches: 311, attributes: 457, etapi_tokens: 0, blobs: 333
04:46:07.342 All consistency checks passed with no errors detected (took 22ms)
04:46:08.066 No connection to sync server.
04:47:08.068 No connection to sync server.
04:48:08.084 No connection to sync server.
04:49:08.079 No connection to sync server.
04:50:08.076 No connection to sync server.
04:51:08.086 No connection to sync server.
04:52:08.092 No connection to sync server.
04:53:08.098 No connection to sync server.
04:54:08.108 No connection to sync server.
04:55:08.100 No connection to sync server.
04:56:08.115 No connection to sync server.
04:57:08.111 No connection to sync server.
04:58:08.118 No connection to sync server.
04:59:08.121 No connection to sync server.
05:00:08.119 No connection to sync server.
05:01:08.119 No connection to sync server.
05:02:08.127 No connection to sync server.
05:03:08.139 No connection to sync server.
05:04:08.144 No connection to sync server.
05:05:08.147 No connection to sync server.
05:06:08.141 No connection to sync server.
05:07:08.146 No connection to sync server.
05:08:08.146 No connection to sync server.
05:09:08.149 No connection to sync server.
05:10:08.156 No connection to sync server.
05:11:08.160 No connection to sync server.
05:12:08.162 No connection to sync server.
05:13:08.178 No connection to sync server.
05:14:08.170 No connection to sync server.
05:15:11.208 No connection to sync server.
05:16:08.175 No connection to sync server.
05:17:08.184 No connection to sync server.
05:18:08.177 No connection to sync server.
05:19:08.187 No connection to sync server.
05:20:08.193 No connection to sync server.
05:21:08.195 No connection to sync server.
05:22:08.202 No connection to sync server.
05:23:08.214 No connection to sync server.
05:24:08.210 No connection to sync server.
05:25:08.215 No connection to sync server.
05:26:08.208 No connection to sync server.
05:27:08.203 No connection to sync server.
05:28:08.212 No connection to sync server.
05:29:08.228 No connection to sync server.
05:30:08.233 No connection to sync server.
05:31:08.225 No connection to sync server.
05:32:08.221 No connection to sync server.
05:33:08.233 No connection to sync server.
05:34:08.236 No connection to sync server.
05:35:08.226 No connection to sync server.
05:36:08.237 No connection to sync server.
05:37:08.229 No connection to sync server.
05:38:08.231 No connection to sync server.
05:39:08.253 No connection to sync server.
05:40:08.242 No connection to sync server.
05:41:08.255 No connection to sync server.
05:42:08.252 No connection to sync server.
05:43:08.255 No connection to sync server.
05:44:08.260 No connection to sync server.
05:45:08.264 No connection to sync server.
05:46:07.321 Table counts: notes: 308, revisions: 122, attachments: 66, branches: 311, attributes: 457, etapi_tokens: 0, blobs: 333
05:46:07.340 All consistency checks passed with no errors detected (took 20ms)
05:46:08.259 No connection to sync server.
05:47:08.263 No connection to sync server.
05:48:08.259 No connection to sync server.
05:49:08.266 No connection to sync server.
05:50:08.268 No connection to sync server.
05:51:08.269 No connection to sync server.
05:52:08.272 No connection to sync server.
05:53:08.273 No connection to sync server.
05:54:08.279 No connection to sync server.
05:55:08.282 No connection to sync server.
05:56:08.283 No connection to sync server.
05:57:08.284 No connection to sync server.
05:58:08.311 No connection to sync server.
05:59:08.290 No connection to sync server.
06:00:08.288 No connection to sync server.
06:01:08.289 No connection to sync server.
06:02:11.393 No connection to sync server.
06:03:23.726 No connection to sync server.
06:04:08.299 No connection to sync server.
06:05:08.304 No connection to sync server.
06:06:08.296 No connection to sync server.
06:07:08.300 No connection to sync server.
06:08:08.305 No connection to sync server.
06:09:08.303 No connection to sync server.
06:10:08.316 No connection to sync server.
06:11:08.305 No connection to sync server.
06:12:08.299 No connection to sync server.
06:13:08.313 No connection to sync server.
06:14:08.301 No connection to sync server.
06:15:08.303 No connection to sync server.
06:16:08.307 No connection to sync server.
06:17:08.309 No connection to sync server.
06:18:08.319 No connection to sync server.
06:19:08.316 No connection to sync server.
06:20:08.321 No connection to sync server.
06:21:08.312 No connection to sync server.
06:22:08.316 No connection to sync server.
06:23:08.315 No connection to sync server.
06:24:08.314 No connection to sync server.
06:25:08.325 No connection to sync server.
06:26:08.314 No connection to sync server.
06:27:08.314 No connection to sync server.
06:28:08.311 No connection to sync server.
06:29:08.312 No connection to sync server.
06:30:08.344 No connection to sync server.
06:31:08.348 No connection to sync server.
06:32:08.369 No connection to sync server.
06:33:08.394 No connection to sync server.
06:34:08.386 No connection to sync server.
06:35:08.408 No connection to sync server.
06:36:08.429 No connection to sync server.
06:37:08.453 No connection to sync server.
06:38:08.452 No connection to sync server.
06:39:08.450 No connection to sync server.
06:40:08.476 No connection to sync server.
06:41:08.480 No connection to sync server.
06:42:08.511 No connection to sync server.
06:43:08.519 No connection to sync server.
06:44:08.536 No connection to sync server.
06:45:08.544 No connection to sync server.
06:46:07.321 Table counts: notes: 308, revisions: 122, attachments: 66, branches: 311, attributes: 457, etapi_tokens: 0, blobs: 333
06:46:07.343 All consistency checks passed with no errors detected (took 22ms)
06:46:08.545 No connection to sync server.
06:47:08.588 No connection to sync server.
06:48:08.585 No connection to sync server.
06:49:08.618 No connection to sync server.
06:50:08.609 No connection to sync server.
06:51:08.619 No connection to sync server.
06:52:08.627 No connection to sync server.
06:53:08.645 No connection to sync server.
06:54:08.641 No connection to sync server.
06:55:08.676 No connection to sync server.
06:56:08.680 No connection to sync server.
06:57:08.714 No connection to sync server.
06:58:08.705 No connection to sync server.
06:59:08.700 No connection to sync server.
07:00:08.748 No connection to sync server.
07:01:08.731 No connection to sync server.
07:02:08.768 No connection to sync server.
07:03:08.787 No connection to sync server.
07:04:08.780 No connection to sync server.
07:05:08.796 No connection to sync server.
07:06:08.816 No connection to sync server.
07:07:08.831 No connection to sync server.
07:08:08.832 No connection to sync server.
07:09:08.861 No connection to sync server.
07:10:08.881 No connection to sync server.
07:11:08.874 No connection to sync server.
07:12:08.908 No connection to sync server.
07:13:08.905 No connection to sync server.
07:14:08.926 No connection to sync server.
07:15:08.941 No connection to sync server.
07:16:08.955 No connection to sync server.
07:17:08.964 No connection to sync server.
07:18:08.996 No connection to sync server.
07:19:08.988 No connection to sync server.
07:20:09.024 No connection to sync server.
07:21:09.028 No connection to sync server.
07:22:09.061 No connection to sync server.
07:23:09.053 No connection to sync server.
07:24:09.090 No connection to sync server.
07:25:09.101 No connection to sync server.
07:26:09.115 No connection to sync server.
07:27:09.126 No connection to sync server.
07:28:09.143 No connection to sync server.
07:29:09.159 No connection to sync server.
07:30:09.191 No connection to sync server.
07:31:09.202 No connection to sync server.
07:32:09.216 No connection to sync server.
07:33:09.223 No connection to sync server.
07:34:09.253 No connection to sync server.
07:35:09.251 No connection to sync server.
07:36:09.289 No connection to sync server.
07:37:09.275 No connection to sync server.
07:38:09.313 No connection to sync server.
07:39:09.307 No connection to sync server.
07:40:09.350 No connection to sync server.
07:41:09.343 No connection to sync server.
07:42:09.369 No connection to sync server.
07:43:09.415 No connection to sync server.
07:44:09.382 No connection to sync server.
07:45:09.405 No connection to sync server.
07:46:07.323 Table counts: notes: 308, revisions: 122, attachments: 66, branches: 311, attributes: 457, etapi_tokens: 0, blobs: 333
07:46:07.340 All consistency checks passed with no errors detected (took 18ms)
07:46:09.412 No connection to sync server.
07:47:09.408 No connection to sync server.
07:48:09.503 No connection to sync server.
07:49:09.444 No connection to sync server.
07:50:09.472 No connection to sync server.
07:51:09.471 No connection to sync server.
07:52:09.504 No connection to sync server.
07:53:09.504 No connection to sync server.
07:54:09.529 No connection to sync server.
07:55:09.533 No connection to sync server.
07:56:09.565 No connection to sync server.
07:57:09.575 No connection to sync server.
07:58:09.590 No connection to sync server.
07:59:09.607 No connection to sync server.
08:00:09.617 No connection to sync server.
08:01:09.625 No connection to sync server.
08:02:09.641 No connection to sync server.
08:03:09.651 No connection to sync server.
08:04:09.670 No connection to sync server.
08:05:09.687 No connection to sync server.
08:06:09.699 No connection to sync server.
08:07:09.726 No connection to sync server.
08:08:09.739 No connection to sync server.
08:09:09.738 No connection to sync server.
08:10:09.767 No connection to sync server.
08:11:09.796 No connection to sync server.
08:12:10.797 No connection to sync server.
08:13:09.796 No connection to sync server.
08:14:09.812 No connection to sync server.
08:15:09.828 No connection to sync server.
08:16:09.841 No connection to sync server.
08:17:09.855 No connection to sync server.
08:18:09.857 No connection to sync server.
08:19:09.875 No connection to sync server.
08:20:09.887 No connection to sync server.
08:21:09.911 No connection to sync server.
08:22:09.913 No connection to sync server.
08:23:09.921 No connection to sync server.
08:24:09.929 No connection to sync server.
08:25:09.937 No connection to sync server.
08:26:09.966 No connection to sync server.
08:27:09.949 No connection to sync server.
08:28:09.981 No connection to sync server.
08:29:09.977 No connection to sync server.
08:30:09.987 No connection to sync server.
08:31:10.012 No connection to sync server.
08:32:10.008 No connection to sync server.
08:33:10.051 No connection to sync server.
08:34:10.046 No connection to sync server.
08:35:10.054 No connection to sync server.
08:36:10.086 No connection to sync server.
08:37:10.090 No connection to sync server.
08:38:10.100 No connection to sync server.
08:39:10.128 No connection to sync server.
08:40:10.118 No connection to sync server.
08:41:10.137 No connection to sync server.
08:42:10.144 No connection to sync server.
08:43:10.157 No connection to sync server.
08:44:10.175 No connection to sync server.
08:45:10.191 No connection to sync server.
08:46:07.323 Table counts: notes: 308, revisions: 122, attachments: 66, branches: 311, attributes: 457, etapi_tokens: 0, blobs: 333
08:46:07.338 All consistency checks passed with no errors detected (took 16ms)
08:46:10.196 No connection to sync server.
08:47:10.217 No connection to sync server.
08:48:10.220 No connection to sync server.
08:49:10.250 No connection to sync server.
08:50:10.225 No connection to sync server.
08:51:10.253 No connection to sync server.
08:52:10.258 No connection to sync server.
08:53:10.264 No connection to sync server.
08:54:10.290 No connection to sync server.
08:55:10.288 No connection to sync server.
08:56:10.326 No connection to sync server.
08:57:10.321 No connection to sync server.
08:58:10.360 No connection to sync server.
08:59:11.412 No connection to sync server.
09:00:10.369 No connection to sync server.
09:01:10.380 No connection to sync server.
09:02:10.383 No connection to sync server.
09:03:10.418 No connection to sync server.
09:04:10.428 No connection to sync server.
09:05:10.417 No connection to sync server.
09:06:10.428 No connection to sync server.
09:07:10.454 No connection to sync server.
09:08:10.459 No connection to sync server.
09:09:10.479 No connection to sync server.
09:10:10.478 No connection to sync server.
09:11:10.485 No connection to sync server.
09:12:10.512 No connection to sync server.
09:13:10.519 No connection to sync server.
09:14:10.558 No connection to sync server.
09:15:10.550 No connection to sync server.
09:16:10.569 No connection to sync server.
09:17:10.587 No connection to sync server.
09:18:10.612 No connection to sync server.
09:19:10.619 No connection to sync server.
09:20:10.629 No connection to sync server.
09:21:10.648 No connection to sync server.
09:22:10.673 No connection to sync server.
09:23:10.681 No connection to sync server.
09:24:10.701 No connection to sync server.
09:25:10.708 No connection to sync server.
09:26:10.728 No connection to sync server.
09:27:10.741 No connection to sync server.
09:28:10.773 No connection to sync server.
09:29:10.771 No connection to sync server.
09:30:10.793 No connection to sync server.
09:31:10.801 No connection to sync server.
09:32:10.807 No connection to sync server.
09:33:10.816 No connection to sync server.
09:34:10.810 No connection to sync server.
09:35:10.820 No connection to sync server.
09:36:10.836 No connection to sync server.
09:37:10.845 No connection to sync server.
09:38:10.862 No connection to sync server.
09:39:10.877 No connection to sync server.
09:40:10.895 No connection to sync server.
09:41:10.910 No connection to sync server.
09:42:10.931 No connection to sync server.
09:42:31.541 Error: Router not found for request GET /login.htm
09:43:10.926 No connection to sync server.
09:44:10.956 No connection to sync server.
09:45:10.959 No connection to sync server.
09:46:07.325 Table counts: notes: 308, revisions: 122, attachments: 66, branches: 311, attributes: 457, etapi_tokens: 0, blobs: 333
09:46:07.340 All consistency checks passed with no errors detected (took 16ms)
09:46:10.958 No connection to sync server.
09:47:10.992 No connection to sync server.
09:48:10.986 No connection to sync server.
09:49:11.021 No connection to sync server.
09:50:11.025 No connection to sync server.
09:51:11.047 No connection to sync server.
09:52:11.061 No connection to sync server.
09:53:11.064 No connection to sync server.
09:54:11.077 No connection to sync server.
09:55:11.077 No connection to sync server.
09:56:11.105 No connection to sync server.
09:57:11.092 No connection to sync server.
09:58:11.130 No connection to sync server.
09:59:11.127 No connection to sync server.
10:00:11.157 No connection to sync server.
10:01:11.162 No connection to sync server.
10:02:11.188 No connection to sync server.
10:03:11.192 No connection to sync server.
10:04:11.218 No connection to sync server.
10:05:11.211 No connection to sync server.
10:06:11.246 No connection to sync server.
10:07:11.258 No connection to sync server.
10:08:11.269 No connection to sync server.
10:09:11.274 No connection to sync server.
10:10:11.285 No connection to sync server.
10:11:11.293 No connection to sync server.
10:12:11.324 No connection to sync server.
10:13:11.313 No connection to sync server.
10:14:11.344 No connection to sync server.
10:15:11.354 No connection to sync server.
10:16:11.381 No connection to sync server.
10:17:11.385 No connection to sync server.
10:18:11.414 No connection to sync server.
10:19:11.405 No connection to sync server.
10:20:11.428 No connection to sync server.
10:21:11.439 No connection to sync server.
10:22:11.463 No connection to sync server.
10:23:11.461 No connection to sync server.
10:24:11.486 No connection to sync server.
10:25:11.485 No connection to sync server.
10:26:11.517 No connection to sync server.
10:27:11.521 No connection to sync server.
10:28:11.548 No connection to sync server.
10:29:11.551 No connection to sync server.
10:30:11.574 No connection to sync server.
10:31:11.579 No connection to sync server.
10:32:11.594 No connection to sync server.
10:33:11.602 No connection to sync server.
10:34:11.628 No connection to sync server.
10:35:11.640 No connection to sync server.
10:36:11.661 No connection to sync server.
10:37:11.678 No connection to sync server.
10:38:11.675 No connection to sync server.
10:39:11.697 No connection to sync server.
10:40:11.707 No connection to sync server.
10:41:11.720 No connection to sync server.
10:42:11.731 No connection to sync server.
10:43:11.747 No connection to sync server.
10:44:11.753 No connection to sync server.
10:45:11.778 No connection to sync server.
10:46:07.325 Table counts: notes: 308, revisions: 122, attachments: 66, branches: 311, attributes: 457, etapi_tokens: 0, blobs: 333
10:46:07.348 All consistency checks passed with no errors detected (took 24ms)
10:46:11.760 No connection to sync server.
10:47:11.787 No connection to sync server.
10:48:11.786 No connection to sync server.
10:49:11.813 No connection to sync server.
10:50:11.830 No connection to sync server.
10:51:11.844 No connection to sync server.
10:52:11.848 No connection to sync server.
10:53:11.872 No connection to sync server.
10:54:11.872 No connection to sync server.
10:55:11.895 No connection to sync server.
10:56:11.897 No connection to sync server.
10:57:11.921 No connection to sync server.
10:58:11.922 No connection to sync server.
10:59:11.947 No connection to sync server.
11:00:11.941 No connection to sync server.
11:01:11.960 No connection to sync server.
11:02:11.973 No connection to sync server.
11:03:11.983 No connection to sync server.
11:04:12.007 No connection to sync server.
11:05:12.009 No connection to sync server.
11:06:12.030 No connection to sync server.
11:07:12.039 No connection to sync server.
11:08:12.056 No connection to sync server.
11:09:12.068 No connection to sync server.
11:10:12.070 No connection to sync server.
11:11:12.096 No connection to sync server.
11:12:12.102 No connection to sync server.
11:13:12.113 No connection to sync server.
11:14:12.113 No connection to sync server.
11:15:12.142 No connection to sync server.
11:16:12.146 No connection to sync server.
11:17:12.171 No connection to sync server.
11:18:12.160 No connection to sync server.
11:19:12.204 No connection to sync server.
11:20:12.197 No connection to sync server.
11:21:12.230 No connection to sync server.
11:22:12.234 No connection to sync server.
11:23:12.252 No connection to sync server.
11:24:12.262 No connection to sync server.
11:25:12.271 No connection to sync server.
11:26:12.281 No connection to sync server.
11:27:12.291 No connection to sync server.
11:28:12.297 No connection to sync server.
11:29:12.294 No connection to sync server.
11:30:12.323 No connection to sync server.
11:31:12.323 No connection to sync server.
11:32:12.349 No connection to sync server.
11:33:12.351 No connection to sync server.
11:34:12.381 No connection to sync server.
11:35:12.387 No connection to sync server.
11:36:12.406 No connection to sync server.
11:37:12.417 No connection to sync server.
11:38:12.426 No connection to sync server.
11:39:12.423 No connection to sync server.
11:40:12.454 No connection to sync server.
11:41:12.459 No connection to sync server.
11:42:12.481 No connection to sync server.
11:43:12.484 No connection to sync server.
11:44:12.511 No connection to sync server.
11:45:12.517 No connection to sync server.
11:46:07.326 Table counts: notes: 308, revisions: 122, attachments: 66, branches: 311, attributes: 457, etapi_tokens: 0, blobs: 333
11:46:07.345 All consistency checks passed with no errors detected (took 18ms)
11:46:12.521 No connection to sync server.
11:47:12.528 No connection to sync server.
11:48:12.554 No connection to sync server.
11:49:12.564 No connection to sync server.
11:50:12.575 No connection to sync server.
11:51:12.578 No connection to sync server.
11:52:12.614 No connection to sync server.
11:53:12.611 No connection to sync server.
11:54:12.632 No connection to sync server.
11:55:12.643 No connection to sync server.
11:56:12.656 No connection to sync server.
11:57:12.657 No connection to sync server.
11:58:12.687 No connection to sync server.
11:59:12.676 No connection to sync server.
12:00:12.693 No connection to sync server.
12:01:12.696 No connection to sync server.
12:02:12.726 No connection to sync server.
12:03:12.728 No connection to sync server.
12:04:12.727 No connection to sync server.
12:05:12.752 No connection to sync server.
12:06:12.756 No connection to sync server.
12:07:12.781 No connection to sync server.
12:08:12.795 No connection to sync server.
12:09:12.798 No connection to sync server.
12:10:12.819 No connection to sync server.
12:11:12.820 No connection to sync server.
12:12:12.836 No connection to sync server.
12:13:12.848 No connection to sync server.
12:14:12.854 No connection to sync server.
12:15:12.870 No connection to sync server.
12:16:12.874 No connection to sync server.
12:17:12.903 No connection to sync server.
12:18:12.905 No connection to sync server.
12:19:12.922 No connection to sync server.
12:20:12.926 No connection to sync server.
12:21:13.000 No connection to sync server.
12:22:12.954 No connection to sync server.
12:23:12.986 No connection to sync server.
12:24:12.986 No connection to sync server.
12:25:13.001 No connection to sync server.
12:26:12.997 No connection to sync server.
12:27:13.032 No connection to sync server.
12:28:13.035 No connection to sync server.
12:29:13.066 No connection to sync server.
12:30:13.060 No connection to sync server.
12:31:13.087 No connection to sync server.
12:32:13.103 No connection to sync server.
12:33:13.095 No connection to sync server.
12:34:13.116 No connection to sync server.
12:35:13.118 No connection to sync server.
12:36:13.144 No connection to sync server.
12:37:13.139 No connection to sync server.
12:38:13.176 No connection to sync server.
12:39:13.174 No connection to sync server.
12:40:13.202 No connection to sync server.
12:41:13.207 No connection to sync server.
12:42:13.225 No connection to sync server.
12:43:13.234 No connection to sync server.
12:44:13.244 No connection to sync server.
12:45:13.252 No connection to sync server.
12:46:07.328 Table counts: notes: 308, revisions: 122, attachments: 66, branches: 311, attributes: 457, etapi_tokens: 0, blobs: 333
12:46:07.347 All consistency checks passed with no errors detected (took 20ms)
12:46:13.265 No connection to sync server.
12:47:13.289 No connection to sync server.
12:48:13.282 No connection to sync server.
12:49:13.312 No connection to sync server.
12:50:13.317 No connection to sync server.
12:51:13.340 No connection to sync server.
12:52:13.344 No connection to sync server.
12:53:13.362 No connection to sync server.
12:54:13.375 No connection to sync server.
12:55:13.396 No connection to sync server.
12:56:13.387 No connection to sync server.
12:57:13.415 No connection to sync server.
12:58:13.417 No connection to sync server.
12:59:13.446 No connection to sync server.
13:00:13.449 No connection to sync server.
13:01:13.479 No connection to sync server.
13:02:13.470 No connection to sync server.
13:03:13.478 No connection to sync server.
13:04:13.489 No connection to sync server.
13:05:13.491 No connection to sync server.
13:06:13.503 No connection to sync server.
13:07:13.524 No connection to sync server.
13:08:13.538 No connection to sync server.
13:09:13.554 No connection to sync server.
13:10:13.566 No connection to sync server.
13:11:13.558 No connection to sync server.
13:12:13.572 No connection to sync server.
13:13:13.602 No connection to sync server.
13:14:13.612 No connection to sync server.
13:14:31.953 Error: Router not found for request GET /pdown
13:15:18.619 No connection to sync server.
13:16:13.644 No connection to sync server.
13:17:13.648 No connection to sync server.
13:18:13.662 No connection to sync server.
13:19:13.664 No connection to sync server.
13:20:13.912 No connection to sync server.
13:21:13.685 No connection to sync server.
13:22:13.695 No connection to sync server.
13:23:13.715 No connection to sync server.
13:24:13.727 No connection to sync server.
13:25:13.726 No connection to sync server.
13:26:13.733 No connection to sync server.
13:27:13.750 No connection to sync server.
13:28:13.761 No connection to sync server.
13:29:13.764 No connection to sync server.
13:30:13.788 No connection to sync server.
13:31:13.802 No connection to sync server.
13:32:13.802 No connection to sync server.
13:33:13.826 No connection to sync server.
13:34:13.831 No connection to sync server.
13:35:13.839 No connection to sync server.
13:36:13.843 No connection to sync server.
13:37:13.852 No connection to sync server.
13:38:13.878 No connection to sync server.
13:39:13.881 No connection to sync server.
13:40:13.897 No connection to sync server.
13:41:13.903 No connection to sync server.
13:42:13.922 No connection to sync server.
13:43:14.518 No connection to sync server.
13:44:13.947 No connection to sync server.
13:45:13.959 No connection to sync server.
13:46:07.328 Table counts: notes: 308, revisions: 122, attachments: 66, branches: 311, attributes: 457, etapi_tokens: 0, blobs: 333
13:46:07.343 All consistency checks passed with no errors detected (took 15ms)
13:46:13.965 No connection to sync server.
13:47:13.976 No connection to sync server.
13:48:13.988 No connection to sync server.
13:49:14.018 No connection to sync server.
13:50:14.010 No connection to sync server.
13:51:14.009 No connection to sync server.
13:52:14.032 No connection to sync server.
13:53:14.039 No connection to sync server.
13:54:14.057 No connection to sync server.
13:55:14.043 No connection to sync server.
13:56:14.060 No connection to sync server.
13:57:14.063 No connection to sync server.
13:58:14.078 No connection to sync server.
13:59:14.096 No connection to sync server.
14:00:14.100 No connection to sync server.
14:01:14.132 No connection to sync server.
14:02:14.126 No connection to sync server.
14:03:14.142 No connection to sync server.
14:04:14.161 No connection to sync server.
14:05:14.176 No connection to sync server.
14:06:14.182 No connection to sync server.
14:07:14.202 No connection to sync server.
14:08:14.216 No connection to sync server.
14:09:14.226 No connection to sync server.
14:10:14.242 No connection to sync server.
14:11:14.255 No connection to sync server.
14:12:14.259 No connection to sync server.
14:13:14.255 No connection to sync server.
14:14:14.284 No connection to sync server.
14:15:14.279 No connection to sync server.
14:16:14.311 No connection to sync server.
14:17:14.307 No connection to sync server.
14:18:14.335 No connection to sync server.
14:19:14.322 No connection to sync server.
14:20:14.345 No connection to sync server.
14:21:14.354 No connection to sync server.
14:22:14.367 No connection to sync server.
14:23:14.381 No connection to sync server.
14:24:14.982 No connection to sync server.
14:25:14.406 No connection to sync server.
14:26:14.429 No connection to sync server.
14:27:14.430 No connection to sync server.
14:28:14.468 No connection to sync server.
14:29:14.465 No connection to sync server.
14:30:14.486 No connection to sync server.
14:31:14.491 No connection to sync server.
14:32:14.505 No connection to sync server.
14:33:14.514 No connection to sync server.
14:34:14.538 No connection to sync server.
14:35:14.535 No connection to sync server.
14:36:14.556 No connection to sync server.
14:37:14.564 No connection to sync server.
14:38:14.592 No connection to sync server.
14:39:14.593 No connection to sync server.
14:40:14.612 No connection to sync server.
14:41:14.617 No connection to sync server.
14:42:14.645 No connection to sync server.
14:43:14.644 No connection to sync server.
14:44:14.658 No connection to sync server.
14:45:14.667 No connection to sync server.
14:46:06.871 Optimizing database
14:46:06.873 Optimization finished in 1ms.
14:46:07.329 Table counts: notes: 308, revisions: 122, attachments: 66, branches: 311, attributes: 457, etapi_tokens: 0, blobs: 333
14:46:07.351 All consistency checks passed with no errors detected (took 23ms)
14:46:14.665 No connection to sync server.
14:47:14.697 No connection to sync server.
14:48:14.703 No connection to sync server.
14:49:14.719 No connection to sync server.
14:50:14.718 No connection to sync server.
14:51:14.732 No connection to sync server.
14:52:14.739 No connection to sync server.
14:53:14.747 No connection to sync server.
14:54:14.757 No connection to sync server.
14:55:14.772 No connection to sync server.
14:56:14.785 No connection to sync server.
14:57:14.799 No connection to sync server.
14:58:14.803 No connection to sync server.
14:59:14.830 No connection to sync server.
15:00:14.839 No connection to sync server.
15:01:14.862 No connection to sync server.
15:02:14.867 No connection to sync server.
15:03:14.872 No connection to sync server.
15:04:14.873 No connection to sync server.
15:05:14.904 No connection to sync server.
15:06:14.898 No connection to sync server.
15:07:14.934 No connection to sync server.
15:08:14.926 No connection to sync server.
15:09:14.952 No connection to sync server.
15:10:14.975 No connection to sync server.
15:11:14.972 No connection to sync server.
15:12:14.975 No connection to sync server.
15:13:14.999 No connection to sync server.
15:14:15.005 No connection to sync server.
15:15:15.030 No connection to sync server.
15:16:15.037 No connection to sync server.
15:17:15.055 No connection to sync server.
15:18:15.059 No connection to sync server.
15:19:15.078 No connection to sync server.
15:20:15.074 No connection to sync server.
15:21:15.079 No connection to sync server.
15:22:15.098 No connection to sync server.
15:23:15.112 No connection to sync server.
15:24:15.123 No connection to sync server.
15:25:15.123 No connection to sync server.
15:26:15.147 No connection to sync server.
15:27:15.156 No connection to sync server.
15:28:15.165 No connection to sync server.
15:29:15.183 No connection to sync server.
15:30:15.201 No connection to sync server.
15:31:15.185 No connection to sync server.
15:32:15.216 No connection to sync server.
15:33:15.209 No connection to sync server.
15:34:15.229 No connection to sync server.
15:35:15.234 No connection to sync server.
15:36:15.251 No connection to sync server.
15:37:15.275 No connection to sync server.
15:38:15.304 No connection to sync server.
15:39:15.283 No connection to sync server.
15:40:15.313 No connection to sync server.
15:41:15.315 No connection to sync server.
15:42:15.320 No connection to sync server.
15:43:15.339 No connection to sync server.
15:44:15.337 No connection to sync server.
15:45:15.366 No connection to sync server.
15:46:07.329 Table counts: notes: 308, revisions: 122, attachments: 66, branches: 311, attributes: 457, etapi_tokens: 0, blobs: 333
15:46:07.343 All consistency checks passed with no errors detected (took 14ms)
15:46:15.351 No connection to sync server.
15:47:15.383 No connection to sync server.
15:48:15.382 No connection to sync server.
15:49:15.390 No connection to sync server.
15:50:15.390 No connection to sync server.
15:51:15.419 No connection to sync server.
15:52:15.414 No connection to sync server.
15:53:15.448 No connection to sync server.
15:54:15.443 No connection to sync server.
15:55:15.473 No connection to sync server.
15:56:17.196 No connection to sync server.
15:57:15.478 No connection to sync server.
15:58:15.480 No connection to sync server.
15:59:15.511 No connection to sync server.
16:00:15.741 No connection to sync server.
16:01:15.527 No connection to sync server.
16:02:15.557 No connection to sync server.
16:03:15.560 No connection to sync server.
16:04:15.556 No connection to sync server.
16:05:15.604 No connection to sync server.
16:06:15.584 No connection to sync server.
16:07:15.598 No connection to sync server.
16:08:15.615 No connection to sync server.
16:09:15.622 No connection to sync server.
16:10:15.638 No connection to sync server.
16:11:15.647 No connection to sync server.
16:12:15.668 No connection to sync server.
16:13:15.679 No connection to sync server.
16:14:15.685 No connection to sync server.
16:15:15.679 No connection to sync server.
16:16:15.703 No connection to sync server.
16:17:15.696 No connection to sync server.
16:18:15.714 No connection to sync server.
16:19:15.729 No connection to sync server.
16:20:15.739 No connection to sync server.
16:21:15.753 No connection to sync server.
16:22:15.768 No connection to sync server.
16:23:15.795 No connection to sync server.
16:24:15.796 No connection to sync server.
16:25:15.794 No connection to sync server.
16:26:15.808 No connection to sync server.
16:27:15.815 No connection to sync server.
16:28:15.836 No connection to sync server.
16:29:15.839 No connection to sync server.
16:30:15.861 No connection to sync server.
16:31:15.862 No connection to sync server.
16:32:15.864 No connection to sync server.
16:33:15.880 No connection to sync server.
16:34:15.886 No connection to sync server.
16:35:15.887 No connection to sync server.
16:36:15.904 No connection to sync server.
16:37:15.918 No connection to sync server.
16:38:15.927 No connection to sync server.
16:39:15.933 No connection to sync server.
16:40:15.943 No connection to sync server.
16:41:15.957 No connection to sync server.
16:42:15.977 No connection to sync server.
16:43:15.979 No connection to sync server.
16:44:15.981 No connection to sync server.
16:45:16.006 No connection to sync server.
16:46:07.330 Table counts: notes: 308, revisions: 122, attachments: 66, branches: 311, attributes: 457, etapi_tokens: 0, blobs: 333
16:46:07.349 All consistency checks passed with no errors detected (took 19ms)
16:46:16.004 No connection to sync server.
16:47:16.008 No connection to sync server.
16:48:16.007 No connection to sync server.
16:49:16.038 No connection to sync server.
16:50:16.038 No connection to sync server.
16:51:16.056 No connection to sync server.
16:52:16.067 No connection to sync server.
16:53:16.082 No connection to sync server.
16:54:16.095 No connection to sync server.
16:55:16.103 No connection to sync server.
16:56:16.104 No connection to sync server.
16:57:16.107 No connection to sync server.
16:58:16.133 No connection to sync server.
16:59:16.138 No connection to sync server.
17:00:16.158 No connection to sync server.
17:01:16.147 No connection to sync server.
17:02:16.164 No connection to sync server.
17:03:16.179 No connection to sync server.
17:04:09.522 Error: Router not found for request GET /sitemap.xml
17:04:16.190 No connection to sync server.
17:05:16.197 No connection to sync server.
17:06:16.206 No connection to sync server.
17:07:16.230 No connection to sync server.
17:08:16.235 No connection to sync server.
17:09:16.240 No connection to sync server.
17:10:16.260 No connection to sync server.
17:11:16.268 No connection to sync server.
17:12:16.272 No connection to sync server.
17:13:16.286 No connection to sync server.
17:14:16.298 No connection to sync server.
17:15:16.322 No connection to sync server.
17:16:16.325 No connection to sync server.
17:17:16.318 No connection to sync server.
17:18:16.321 No connection to sync server.
17:19:16.342 No connection to sync server.
17:20:16.363 No connection to sync server.
17:21:16.349 No connection to sync server.
17:22:16.374 No connection to sync server.
17:23:16.370 No connection to sync server.
17:24:16.384 No connection to sync server.
17:25:16.374 No connection to sync server.
17:26:16.407 No connection to sync server.
17:27:16.416 No connection to sync server.
17:28:16.419 No connection to sync server.
17:29:16.417 No connection to sync server.
17:30:16.449 No connection to sync server.
17:31:16.440 No connection to sync server.
17:32:16.437 No connection to sync server.
17:33:16.459 No connection to sync server.
17:34:16.459 No connection to sync server.
17:35:16.480 No connection to sync server.
17:36:16.493 No connection to sync server.
17:37:16.508 No connection to sync server.
17:38:16.512 No connection to sync server.
17:39:16.521 No connection to sync server.
17:40:16.539 No connection to sync server.
17:41:16.535 No connection to sync server.
17:42:16.542 No connection to sync server.
17:43:16.564 No connection to sync server.
17:44:16.558 No connection to sync server.
17:45:16.585 No connection to sync server.
17:46:07.332 Table counts: notes: 308, revisions: 122, attachments: 66, branches: 311, attributes: 457, etapi_tokens: 0, blobs: 333
17:46:07.347 All consistency checks passed with no errors detected (took 16ms)
17:46:16.575 No connection to sync server.
17:47:16.589 No connection to sync server.
17:48:16.597 No connection to sync server.
17:49:16.613 No connection to sync server.
17:50:16.626 No connection to sync server.
17:51:16.634 No connection to sync server.
17:52:16.633 No connection to sync server.
17:53:16.649 No connection to sync server.
17:54:16.661 No connection to sync server.
17:55:16.664 No connection to sync server.
17:56:16.671 No connection to sync server.
17:57:16.690 No connection to sync server.
17:58:16.690 No connection to sync server.
17:59:16.702 No connection to sync server.
18:00:16.714 No connection to sync server.
18:01:16.712 No connection to sync server.
18:02:16.742 No connection to sync server.
18:03:16.734 No connection to sync server.
18:04:16.758 No connection to sync server.
18:05:16.774 No connection to sync server.
18:06:16.770 No connection to sync server.
18:07:16.772 No connection to sync server.
18:08:16.800 No connection to sync server.
18:09:16.798 No connection to sync server.
18:10:16.810 No connection to sync server.
18:11:16.807 No connection to sync server.
18:12:16.816 No connection to sync server.
18:13:16.830 No connection to sync server.
18:14:16.838 No connection to sync server.
18:15:16.865 No connection to sync server.
18:16:16.862 No connection to sync server.
18:17:16.872 No connection to sync server.
18:18:16.875 No connection to sync server.
18:19:16.883 No connection to sync server.
18:20:16.892 No connection to sync server.
18:21:16.912 No connection to sync server.
18:22:16.904 No connection to sync server.
18:23:16.930 No connection to sync server.
18:24:16.930 No connection to sync server.
18:25:16.950 No connection to sync server.
18:26:16.951 No connection to sync server.
18:27:16.975 No connection to sync server.
18:28:16.972 No connection to sync server.
18:29:17.008 No connection to sync server.
18:30:17.000 No connection to sync server.
18:31:17.006 No connection to sync server.
18:32:17.015 No connection to sync server.
18:33:17.028 No connection to sync server.
18:34:17.030 No connection to sync server.
18:35:17.048 No connection to sync server.
18:36:17.064 No connection to sync server.
18:37:17.060 No connection to sync server.
18:38:17.074 No connection to sync server.
18:39:17.148 No connection to sync server.
18:40:17.094 No connection to sync server.
18:41:17.094 No connection to sync server.
18:42:17.111 No connection to sync server.
18:43:17.127 No connection to sync server.
18:44:17.127 No connection to sync server.
18:45:17.145 No connection to sync server.
18:46:07.332 Table counts: notes: 308, revisions: 122, attachments: 66, branches: 311, attributes: 457, etapi_tokens: 0, blobs: 333
18:46:07.346 All consistency checks passed with no errors detected (took 15ms)
18:46:17.144 No connection to sync server.
18:47:17.171 No connection to sync server.
18:48:17.166 No connection to sync server.
18:49:17.184 No connection to sync server.
18:50:17.181 No connection to sync server.
18:51:17.190 No connection to sync server.
18:52:17.195 No connection to sync server.
18:53:17.204 No connection to sync server.
18:54:17.218 No connection to sync server.
18:55:17.226 No connection to sync server.
18:56:17.227 No connection to sync server.
18:57:17.253 No connection to sync server.
18:58:17.254 No connection to sync server.
18:59:17.269 No connection to sync server.
19:00:17.275 No connection to sync server.
19:01:17.277 No connection to sync server.
19:02:17.293 No connection to sync server.
19:03:17.312 No connection to sync server.
19:04:17.325 No connection to sync server.
19:05:17.336 No connection to sync server.
19:06:17.331 No connection to sync server.
19:07:17.343 No connection to sync server.
19:08:17.354 No connection to sync server.
19:09:17.368 No connection to sync server.
19:10:17.369 No connection to sync server.
19:11:17.390 No connection to sync server.
19:12:17.388 No connection to sync server.
19:13:17.414 No connection to sync server.
19:14:17.417 No connection to sync server.
19:15:17.425 No connection to sync server.
19:16:17.434 No connection to sync server.
19:17:17.435 No connection to sync server.
19:18:17.446 No connection to sync server.
19:19:17.464 No connection to sync server.
19:20:17.466 No connection to sync server.
19:21:17.473 No connection to sync server.
19:22:17.473 No connection to sync server.
19:23:17.496 No connection to sync server.
19:24:17.491 No connection to sync server.
19:25:17.503 No connection to sync server.
19:26:17.523 No connection to sync server.
19:27:17.528 No connection to sync server.
19:28:17.536 No connection to sync server.
19:29:17.534 No connection to sync server.
19:30:17.541 No connection to sync server.
19:31:17.555 No connection to sync server.
19:32:17.561 No connection to sync server.
19:33:17.577 No connection to sync server.
19:34:17.592 No connection to sync server.
19:35:17.586 No connection to sync server.
19:36:17.609 No connection to sync server.
19:37:17.606 No connection to sync server.
19:38:17.637 No connection to sync server.
19:39:17.629 No connection to sync server.
19:40:17.644 No connection to sync server.
19:41:17.647 No connection to sync server.
19:42:17.663 No connection to sync server.
19:43:17.669 No connection to sync server.
19:44:17.672 No connection to sync server.
19:45:17.687 No connection to sync server.
19:46:07.334 Table counts: notes: 308, revisions: 122, attachments: 66, branches: 311, attributes: 457, etapi_tokens: 0, blobs: 333
19:46:07.351 All consistency checks passed with no errors detected (took 18ms)
19:46:17.694 No connection to sync server.
19:47:17.702 No connection to sync server.
19:48:17.715 No connection to sync server.
19:49:17.718 No connection to sync server.
19:50:17.727 No connection to sync server.
19:51:17.744 No connection to sync server.
19:52:17.752 No connection to sync server.
19:53:17.754 No connection to sync server.
19:54:17.770 No connection to sync server.
19:55:17.780 No connection to sync server.
19:56:17.776 No connection to sync server.
19:57:17.783 No connection to sync server.
19:58:17.803 No connection to sync server.
19:59:17.804 No connection to sync server.
20:00:17.828 No connection to sync server.
20:01:17.827 No connection to sync server.
20:02:17.838 No connection to sync server.
20:03:17.848 No connection to sync server.
20:04:17.863 No connection to sync server.
20:05:17.877 No connection to sync server.
20:06:17.875 No connection to sync server.
20:07:17.876 No connection to sync server.
20:08:17.883 No connection to sync server.
20:09:17.893 No connection to sync server.
20:10:17.908 No connection to sync server.
20:11:17.917 No connection to sync server.
20:12:17.911 No connection to sync server.
20:13:17.928 No connection to sync server.
20:14:17.927 No connection to sync server.
20:15:17.941 No connection to sync server.
20:16:17.952 No connection to sync server.
20:17:17.955 No connection to sync server.
20:18:17.963 No connection to sync server.
20:19:17.976 No connection to sync server.
20:20:18.079 No connection to sync server.
20:21:17.992 No connection to sync server.
20:22:18.008 No connection to sync server.
20:23:18.008 No connection to sync server.
20:24:18.025 No connection to sync server.
20:25:18.037 No connection to sync server.
20:26:18.047 No connection to sync server.
20:27:18.114 No connection to sync server.
20:28:18.068 No connection to sync server.
20:29:18.074 No connection to sync server.
20:30:18.086 No connection to sync server.
20:31:18.089 No connection to sync server.
20:32:18.096 No connection to sync server.
20:33:18.094 No connection to sync server.
20:34:18.095 No connection to sync server.
20:35:18.123 No connection to sync server.
20:36:18.182 No connection to sync server.
20:37:18.138 No connection to sync server.
20:38:18.137 No connection to sync server.
20:39:18.153 No connection to sync server.
20:40:18.154 No connection to sync server.
20:41:18.169 No connection to sync server.
20:42:18.173 No connection to sync server.
20:43:18.187 No connection to sync server.
20:44:18.237 No connection to sync server.
20:45:18.200 No connection to sync server.
20:46:07.335 Table counts: notes: 308, revisions: 122, attachments: 66, branches: 311, attributes: 457, etapi_tokens: 0, blobs: 333
20:46:07.360 All consistency checks passed with no errors detected (took 25ms)
20:46:18.217 No connection to sync server.
20:47:18.230 No connection to sync server.
20:48:18.229 No connection to sync server.
20:49:18.234 No connection to sync server.
20:50:18.234 No connection to sync server.
20:51:18.254 No connection to sync server.
20:52:18.265 No connection to sync server.
20:53:18.263 No connection to sync server.
20:54:18.277 No connection to sync server.
20:55:18.286 No connection to sync server.
20:56:18.283 No connection to sync server.
20:57:18.304 No connection to sync server.
20:58:18.302 No connection to sync server.
20:59:18.315 No connection to sync server.
21:00:18.319 No connection to sync server.
21:01:18.330 No connection to sync server.
21:02:18.339 No connection to sync server.
21:03:18.352 No connection to sync server.
21:04:18.356 No connection to sync server.
21:05:18.366 No connection to sync server.
21:06:18.378 No connection to sync server.
21:07:18.381 No connection to sync server.
21:08:18.385 No connection to sync server.
21:09:18.393 No connection to sync server.
21:10:18.402 No connection to sync server.
21:11:18.411 No connection to sync server.
21:12:18.421 No connection to sync server.
21:13:18.425 No connection to sync server.
21:14:18.442 No connection to sync server.
21:15:18.443 No connection to sync server.
21:16:18.459 No connection to sync server.
21:17:18.461 No connection to sync server.
21:18:18.464 No connection to sync server.
21:19:18.469 No connection to sync server.
21:20:18.476 No connection to sync server.
21:21:18.473 No connection to sync server.
21:22:18.490 No connection to sync server.
21:23:18.500 No connection to sync server.
21:24:18.509 No connection to sync server.
21:25:18.520 No connection to sync server.
21:26:18.531 No connection to sync server.
21:27:18.532 No connection to sync server.
21:28:18.547 No connection to sync server.
21:29:18.545 No connection to sync server.
21:30:18.548 No connection to sync server.
21:31:18.547 No connection to sync server.
21:32:18.571 No connection to sync server.
21:33:19.567 No connection to sync server.
21:34:18.575 No connection to sync server.
21:35:18.585 No connection to sync server.
21:36:18.584 No connection to sync server.
21:37:18.605 No connection to sync server.
21:38:18.611 No connection to sync server.
21:39:18.607 No connection to sync server.
21:40:18.620 No connection to sync server.
21:41:18.619 No connection to sync server.
21:42:18.628 No connection to sync server.
21:43:18.631 No connection to sync server.
21:44:18.652 No connection to sync server.
21:45:18.657 No connection to sync server.
21:46:07.335 Table counts: notes: 308, revisions: 122, attachments: 66, branches: 311, attributes: 457, etapi_tokens: 0, blobs: 333
21:46:07.356 All consistency checks passed with no errors detected (took 22ms)
21:46:18.657 No connection to sync server.
21:47:18.667 No connection to sync server.
21:48:18.668 No connection to sync server.
21:49:18.691 No connection to sync server.
21:50:18.669 No connection to sync server.
21:51:18.683 No connection to sync server.
21:52:18.689 No connection to sync server.
21:53:18.703 No connection to sync server.
21:54:18.716 No connection to sync server.
21:55:18.725 No connection to sync server.
21:56:18.718 No connection to sync server.
21:57:18.732 No connection to sync server.
21:58:18.732 No connection to sync server.
21:59:18.745 No connection to sync server.
22:00:18.751 No connection to sync server.
22:01:18.740 No connection to sync server.
22:02:18.743 No connection to sync server.
22:03:18.746 No connection to sync server.
22:04:18.764 No connection to sync server.
22:05:18.774 No connection to sync server.
22:06:18.790 No connection to sync server.
22:07:18.781 No connection to sync server.
22:08:18.793 No connection to sync server.
22:09:18.787 No connection to sync server.
22:10:26.128 No connection to sync server.
22:11:18.802 No connection to sync server.
22:12:18.819 No connection to sync server.
22:13:18.818 No connection to sync server.
22:14:18.823 No connection to sync server.
22:15:18.840 No connection to sync server.
22:16:18.827 No connection to sync server.
22:17:18.845 No connection to sync server.
22:18:18.855 No connection to sync server.
22:19:18.851 No connection to sync server.
22:20:18.851 No connection to sync server.
22:21:18.870 No connection to sync server.
22:22:18.877 No connection to sync server.
22:23:18.869 No connection to sync server.
22:24:18.880 No connection to sync server.
22:25:18.902 No connection to sync server.
22:26:18.905 No connection to sync server.
22:27:18.906 No connection to sync server.
22:28:18.916 No connection to sync server.
22:29:18.921 No connection to sync server.
22:30:18.937 No connection to sync server.
22:31:18.930 No connection to sync server.
22:32:18.935 No connection to sync server.
22:33:18.947 No connection to sync server.
22:34:18.960 No connection to sync server.
22:35:18.958 No connection to sync server.
22:36:18.970 No connection to sync server.
22:37:18.972 No connection to sync server.
22:38:18.969 No connection to sync server.
22:39:18.987 No connection to sync server.
22:40:19.000 No connection to sync server.
22:41:18.996 No connection to sync server.
22:42:19.002 No connection to sync server.
22:43:18.999 No connection to sync server.
22:44:19.010 No connection to sync server.
22:45:19.028 No connection to sync server.
22:46:07.335 Table counts: notes: 308, revisions: 122, attachments: 66, branches: 311, attributes: 457, etapi_tokens: 0, blobs: 333
22:46:07.358 All consistency checks passed with no errors detected (took 24ms)
22:46:19.008 No connection to sync server.
22:47:19.032 No connection to sync server.
22:48:19.028 No connection to sync server.
22:49:19.049 No connection to sync server.
22:50:19.039 No connection to sync server.
22:51:19.052 No connection to sync server.
22:52:19.053 No connection to sync server.
22:53:19.065 No connection to sync server.
22:54:19.059 No connection to sync server.
22:55:19.072 No connection to sync server.
22:56:19.079 No connection to sync server.
22:57:19.090 No connection to sync server.
22:58:19.098 No connection to sync server.
22:59:19.103 No connection to sync server.
23:00:19.102 No connection to sync server.
23:01:19.103 No connection to sync server.
23:02:19.122 No connection to sync server.
23:03:19.115 No connection to sync server.
23:04:19.121 No connection to sync server.
23:05:19.118 No connection to sync server.
23:06:19.132 No connection to sync server.
23:07:19.137 No connection to sync server.
23:08:19.147 No connection to sync server.
23:09:19.159 No connection to sync server.
23:10:19.161 No connection to sync server.
23:11:19.166 No connection to sync server.
23:12:19.163 No connection to sync server.
23:13:19.174 No connection to sync server.
23:14:19.170 No connection to sync server.
23:15:19.188 No connection to sync server.
23:16:19.191 No connection to sync server.
23:17:19.195 No connection to sync server.
23:18:19.196 No connection to sync server.
23:19:19.221 No connection to sync server.
23:20:19.214 No connection to sync server.
23:21:19.216 No connection to sync server.
23:22:19.225 No connection to sync server.
23:23:19.226 No connection to sync server.
23:24:19.235 No connection to sync server.
23:25:19.242 No connection to sync server.
23:26:19.250 No connection to sync server.
23:27:19.253 No connection to sync server.
23:28:19.261 No connection to sync server.
23:29:19.249 No connection to sync server.
23:30:19.252 No connection to sync server.
23:31:19.259 No connection to sync server.
23:32:19.267 No connection to sync server.
23:33:19.279 No connection to sync server.
23:34:19.284 No connection to sync server.
23:35:19.303 No connection to sync server.
23:36:19.280 No connection to sync server.
23:37:19.289 No connection to sync server.
23:38:19.303 No connection to sync server.
23:39:19.307 No connection to sync server.
23:40:19.312 No connection to sync server.
23:41:19.311 No connection to sync server.
23:42:19.318 No connection to sync server.
23:43:19.329 No connection to sync server.
23:44:19.334 No connection to sync server.
23:45:19.339 No connection to sync server.
23:46:07.335 Table counts: notes: 308, revisions: 122, attachments: 66, branches: 311, attributes: 457, etapi_tokens: 0, blobs: 333
23:46:07.357 All consistency checks passed with no errors detected (took 22ms)
23:46:19.344 No connection to sync server.
23:47:19.350 No connection to sync server.
23:48:19.342 No connection to sync server.
23:49:19.349 No connection to sync server.
23:50:19.347 No connection to sync server.
23:51:19.355 No connection to sync server.
23:52:19.356 No connection to sync server.
23:53:19.371 No connection to sync server.
23:54:19.371 No connection to sync server.
23:55:19.383 No connection to sync server.
23:56:19.381 No connection to sync server.
23:57:19.390 No connection to sync server.
23:58:19.394 No connection to sync server.
23:59:19.401 No connection to sync server.
