00:00:47.148 No connection to sync server.
00:01:47.152 No connection to sync server.
00:02:47.170 No connection to sync server.
00:03:47.182 No connection to sync server.
00:04:47.189 No connection to sync server.
00:05:47.216 No connection to sync server.
00:06:47.214 No connection to sync server.
00:07:47.230 No connection to sync server.
00:08:47.242 No connection to sync server.
00:09:47.266 No connection to sync server.
00:10:47.269 No connection to sync server.
00:11:47.296 No connection to sync server.
00:12:47.284 No connection to sync server.
00:13:47.312 No connection to sync server.
00:14:47.316 No connection to sync server.
00:15:47.335 No connection to sync server.
00:16:47.351 No connection to sync server.
00:17:06.789 Table counts: notes: 308, revisions: 122, attachments: 66, branches: 311, attributes: 457, etapi_tokens: 0, blobs: 333
00:17:06.805 All consistency checks passed with no errors detected (took 16ms)
00:17:47.364 No connection to sync server.
00:18:47.383 No connection to sync server.
00:19:47.398 No connection to sync server.
00:20:47.398 No connection to sync server.
00:21:47.426 No connection to sync server.
00:22:47.425 No connection to sync server.
00:23:47.439 No connection to sync server.
00:24:47.463 No connection to sync server.
00:25:47.464 No connection to sync server.
00:26:47.473 No connection to sync server.
00:27:47.496 No connection to sync server.
00:28:47.503 No connection to sync server.
00:29:47.523 No connection to sync server.
00:30:47.540 No connection to sync server.
00:31:47.557 No connection to sync server.
00:32:47.567 No connection to sync server.
00:33:47.580 No connection to sync server.
00:34:47.591 No connection to sync server.
00:35:47.590 No connection to sync server.
00:36:47.595 No connection to sync server.
00:37:47.618 No connection to sync server.
00:38:47.622 No connection to sync server.
00:39:47.645 No connection to sync server.
00:40:47.641 No connection to sync server.
00:41:47.665 No connection to sync server.
00:42:47.684 No connection to sync server.
00:43:47.697 No connection to sync server.
00:44:47.697 No connection to sync server.
00:45:47.715 No connection to sync server.
00:46:47.724 No connection to sync server.
00:47:47.735 No connection to sync server.
00:48:47.754 No connection to sync server.
00:49:47.768 No connection to sync server.
00:50:47.777 No connection to sync server.
00:51:47.805 No connection to sync server.
00:52:47.810 No connection to sync server.
00:53:47.818 No connection to sync server.
00:54:47.836 No connection to sync server.
00:55:47.846 No connection to sync server.
00:56:47.855 No connection to sync server.
00:57:47.861 No connection to sync server.
00:58:47.877 No connection to sync server.
00:59:47.882 No connection to sync server.
01:00:47.903 No connection to sync server.
01:01:47.897 No connection to sync server.
01:02:47.929 No connection to sync server.
01:03:47.938 No connection to sync server.
01:04:47.953 No connection to sync server.
01:05:47.958 No connection to sync server.
01:06:47.974 No connection to sync server.
01:07:47.982 No connection to sync server.
01:08:48.005 No connection to sync server.
01:09:48.009 No connection to sync server.
01:10:48.034 No connection to sync server.
01:11:48.031 No connection to sync server.
01:12:48.055 No connection to sync server.
01:13:48.062 No connection to sync server.
01:14:48.079 No connection to sync server.
01:15:48.081 No connection to sync server.
01:16:48.107 No connection to sync server.
01:17:06.793 Table counts: notes: 308, revisions: 122, attachments: 66, branches: 311, attributes: 457, etapi_tokens: 0, blobs: 333
01:17:06.812 All consistency checks passed with no errors detected (took 19ms)
01:17:48.118 No connection to sync server.
01:18:48.126 No connection to sync server.
01:19:48.145 No connection to sync server.
01:20:48.160 No connection to sync server.
01:21:48.164 No connection to sync server.
01:22:48.174 No connection to sync server.
01:23:48.195 No connection to sync server.
01:24:48.196 No connection to sync server.
01:25:48.219 No connection to sync server.
01:26:48.221 No connection to sync server.
01:27:48.241 No connection to sync server.
01:28:48.250 No connection to sync server.
01:29:48.259 No connection to sync server.
01:30:48.273 No connection to sync server.
01:31:48.286 No connection to sync server.
01:32:48.301 No connection to sync server.
01:33:48.300 No connection to sync server.
01:34:48.328 No connection to sync server.
01:35:48.326 No connection to sync server.
01:36:48.336 No connection to sync server.
01:37:48.347 No connection to sync server.
01:38:48.370 No connection to sync server.
01:39:48.382 No connection to sync server.
01:40:48.399 No connection to sync server.
01:41:48.408 No connection to sync server.
01:42:48.416 No connection to sync server.
01:43:48.431 No connection to sync server.
01:44:48.431 No connection to sync server.
01:45:48.452 No connection to sync server.
01:46:48.460 No connection to sync server.
01:47:48.476 No connection to sync server.
01:48:48.482 No connection to sync server.
01:49:48.494 No connection to sync server.
01:50:48.501 No connection to sync server.
01:51:48.528 No connection to sync server.
01:52:48.537 No connection to sync server.
01:53:48.551 No connection to sync server.
01:54:48.561 No connection to sync server.
01:55:48.577 No connection to sync server.
01:56:48.583 No connection to sync server.
01:57:48.594 No connection to sync server.
01:58:48.611 No connection to sync server.
01:59:48.619 No connection to sync server.
02:00:48.622 No connection to sync server.
02:01:48.630 No connection to sync server.
02:02:48.653 No connection to sync server.
02:03:48.657 No connection to sync server.
02:04:48.671 No connection to sync server.
02:05:48.688 No connection to sync server.
02:06:48.701 No connection to sync server.
02:07:48.703 No connection to sync server.
02:08:48.716 No connection to sync server.
02:09:48.730 No connection to sync server.
02:10:48.744 No connection to sync server.
02:11:48.753 No connection to sync server.
02:12:48.759 No connection to sync server.
02:13:48.781 No connection to sync server.
02:14:48.793 No connection to sync server.
02:15:48.801 No connection to sync server.
02:16:48.804 No connection to sync server.
02:17:06.798 Table counts: notes: 308, revisions: 122, attachments: 66, branches: 311, attributes: 457, etapi_tokens: 0, blobs: 333
02:17:06.813 All consistency checks passed with no errors detected (took 16ms)
02:17:48.835 No connection to sync server.
02:18:48.840 No connection to sync server.
02:19:48.847 No connection to sync server.
02:20:48.858 No connection to sync server.
02:21:48.877 No connection to sync server.
02:22:48.877 No connection to sync server.
02:23:48.905 No connection to sync server.
02:24:48.910 No connection to sync server.
02:25:48.906 No connection to sync server.
02:26:48.928 No connection to sync server.
02:27:48.945 No connection to sync server.
02:28:48.947 No connection to sync server.
02:29:48.958 No connection to sync server.
02:30:48.977 No connection to sync server.
02:31:48.976 No connection to sync server.
02:32:48.995 No connection to sync server.
02:33:49.002 No connection to sync server.
02:34:49.017 No connection to sync server.
02:35:49.035 No connection to sync server.
02:36:49.040 No connection to sync server.
02:37:49.053 No connection to sync server.
02:38:49.065 No connection to sync server.
02:39:49.084 No connection to sync server.
02:40:49.097 No connection to sync server.
02:41:49.089 No connection to sync server.
02:42:49.114 No connection to sync server.
02:43:49.111 No connection to sync server.
02:44:49.129 No connection to sync server.
02:45:49.138 No connection to sync server.
02:46:49.135 No connection to sync server.
02:47:49.166 No connection to sync server.
02:48:49.161 No connection to sync server.
02:49:49.185 No connection to sync server.
02:50:49.188 No connection to sync server.
02:51:49.206 No connection to sync server.
02:52:49.209 No connection to sync server.
02:53:49.224 No connection to sync server.
02:54:49.238 No connection to sync server.
02:55:49.251 No connection to sync server.
02:56:49.265 No connection to sync server.
02:57:49.275 No connection to sync server.
02:58:49.281 No connection to sync server.
02:59:49.295 No connection to sync server.
03:00:49.312 No connection to sync server.
03:01:49.317 No connection to sync server.
03:02:49.329 No connection to sync server.
03:03:49.347 No connection to sync server.
03:04:49.361 No connection to sync server.
03:05:49.363 No connection to sync server.
03:06:49.373 No connection to sync server.
03:07:49.386 No connection to sync server.
03:08:49.401 No connection to sync server.
03:09:49.403 No connection to sync server.
03:10:49.421 No connection to sync server.
03:11:49.426 No connection to sync server.
03:12:49.444 No connection to sync server.
03:13:49.454 No connection to sync server.
03:14:49.469 No connection to sync server.
03:15:49.471 No connection to sync server.
03:16:49.481 No connection to sync server.
03:17:06.798 Table counts: notes: 308, revisions: 122, attachments: 66, branches: 311, attributes: 457, etapi_tokens: 0, blobs: 333
03:17:06.822 All consistency checks passed with no errors detected (took 25ms)
03:17:49.493 No connection to sync server.
03:18:49.510 No connection to sync server.
03:19:49.499 No connection to sync server.
03:20:49.524 No connection to sync server.
03:21:49.529 No connection to sync server.
03:22:49.540 No connection to sync server.
03:23:49.544 No connection to sync server.
03:24:49.561 No connection to sync server.
03:25:49.564 No connection to sync server.
03:26:49.578 No connection to sync server.
03:27:49.585 No connection to sync server.
03:28:49.588 No connection to sync server.
03:29:49.611 No connection to sync server.
03:30:49.626 No connection to sync server.
03:31:49.630 No connection to sync server.
03:32:49.633 No connection to sync server.
03:33:49.629 No connection to sync server.
03:34:49.655 No connection to sync server.
03:35:49.656 No connection to sync server.
03:36:49.678 No connection to sync server.
03:37:49.668 No connection to sync server.
03:38:49.704 No connection to sync server.
03:39:49.693 No connection to sync server.
03:40:49.716 No connection to sync server.
03:41:49.712 No connection to sync server.
03:42:49.718 No connection to sync server.
03:43:49.745 No connection to sync server.
03:44:49.753 No connection to sync server.
03:45:49.774 No connection to sync server.
03:46:49.786 No connection to sync server.
03:47:49.788 No connection to sync server.
03:48:49.800 No connection to sync server.
03:49:49.822 No connection to sync server.
03:50:49.827 No connection to sync server.
03:51:49.834 No connection to sync server.
03:52:49.829 No connection to sync server.
03:53:49.856 No connection to sync server.
03:54:49.859 No connection to sync server.
03:55:49.880 No connection to sync server.
03:56:49.878 No connection to sync server.
03:57:49.894 No connection to sync server.
03:58:49.902 No connection to sync server.
03:59:49.916 No connection to sync server.
04:00:49.921 No connection to sync server.
04:01:49.941 No connection to sync server.
04:02:49.948 No connection to sync server.
04:03:49.962 No connection to sync server.
04:04:49.953 No connection to sync server.
04:05:49.973 No connection to sync server.
04:06:49.981 No connection to sync server.
04:07:49.982 No connection to sync server.
04:08:50.009 No connection to sync server.
04:09:50.010 No connection to sync server.
04:10:50.024 No connection to sync server.
04:11:50.018 No connection to sync server.
04:12:50.043 No connection to sync server.
04:13:50.052 No connection to sync server.
04:14:50.057 No connection to sync server.
04:15:50.063 No connection to sync server.
04:16:57.279 No connection to sync server.
04:17:06.635 Optimizing database
04:17:06.636 Optimization finished in 1ms.
04:17:06.798 Table counts: notes: 308, revisions: 122, attachments: 66, branches: 311, attributes: 457, etapi_tokens: 0, blobs: 333
04:17:06.818 All consistency checks passed with no errors detected (took 21ms)
04:17:50.080 No connection to sync server.
04:18:50.094 No connection to sync server.
04:19:50.109 No connection to sync server.
04:20:50.114 No connection to sync server.
04:21:50.137 No connection to sync server.
04:22:50.145 No connection to sync server.
04:23:50.154 No connection to sync server.
04:24:50.150 No connection to sync server.
04:25:50.169 No connection to sync server.
04:26:50.170 No connection to sync server.
04:27:50.169 No connection to sync server.
04:28:50.191 No connection to sync server.
04:29:50.198 No connection to sync server.
04:30:50.210 No connection to sync server.
04:31:50.207 No connection to sync server.
04:32:50.237 No connection to sync server.
04:33:50.234 No connection to sync server.
04:34:50.254 No connection to sync server.
04:35:50.253 No connection to sync server.
04:36:50.280 No connection to sync server.
04:37:50.277 No connection to sync server.
04:38:50.291 No connection to sync server.
04:39:50.297 No connection to sync server.
04:40:50.308 No connection to sync server.
04:41:50.325 No connection to sync server.
04:42:50.331 No connection to sync server.
04:43:50.338 No connection to sync server.
04:44:50.344 No connection to sync server.
04:45:50.355 No connection to sync server.
04:46:50.366 No connection to sync server.
04:47:50.372 No connection to sync server.
04:48:50.386 No connection to sync server.
04:49:50.393 No connection to sync server.
04:50:50.408 No connection to sync server.
04:51:50.420 No connection to sync server.
04:52:50.433 No connection to sync server.
04:53:50.445 No connection to sync server.
04:54:50.461 No connection to sync server.
04:55:50.456 No connection to sync server.
04:56:50.476 No connection to sync server.
04:57:50.479 No connection to sync server.
04:58:50.496 No connection to sync server.
04:59:50.498 No connection to sync server.
05:00:50.511 No connection to sync server.
05:01:50.537 No connection to sync server.
05:02:50.521 No connection to sync server.
05:03:50.532 No connection to sync server.
05:04:50.552 No connection to sync server.
05:05:50.551 No connection to sync server.
05:06:50.559 No connection to sync server.
05:07:50.566 No connection to sync server.
05:08:50.593 No connection to sync server.
05:09:50.596 No connection to sync server.
05:10:50.602 No connection to sync server.
05:11:50.621 No connection to sync server.
05:12:50.623 No connection to sync server.
05:13:50.652 No connection to sync server.
05:14:50.650 No connection to sync server.
05:15:50.658 No connection to sync server.
05:16:50.654 No connection to sync server.
05:17:06.801 Table counts: notes: 308, revisions: 122, attachments: 66, branches: 311, attributes: 457, etapi_tokens: 0, blobs: 333
05:17:06.818 All consistency checks passed with no errors detected (took 18ms)
05:17:50.676 No connection to sync server.
05:18:50.685 No connection to sync server.
05:19:50.696 No connection to sync server.
05:20:50.709 No connection to sync server.
05:21:50.717 No connection to sync server.
05:22:50.716 No connection to sync server.
05:23:50.738 No connection to sync server.
05:24:50.734 No connection to sync server.
05:25:50.757 No connection to sync server.
05:26:50.757 No connection to sync server.
05:27:50.773 No connection to sync server.
05:28:50.763 No connection to sync server.
05:29:50.792 No connection to sync server.
05:30:50.803 No connection to sync server.
05:31:50.813 No connection to sync server.
05:32:50.813 No connection to sync server.
05:33:50.831 No connection to sync server.
05:34:50.842 No connection to sync server.
05:35:50.853 No connection to sync server.
05:36:50.846 No connection to sync server.
05:37:50.868 No connection to sync server.
05:38:50.877 No connection to sync server.
05:39:50.884 No connection to sync server.
05:40:50.906 No connection to sync server.
05:41:50.917 No connection to sync server.
05:42:50.912 No connection to sync server.
05:43:50.929 No connection to sync server.
05:44:50.934 No connection to sync server.
05:45:50.951 No connection to sync server.
05:46:50.951 No connection to sync server.
05:47:50.976 No connection to sync server.
05:48:50.973 No connection to sync server.
05:49:50.986 No connection to sync server.
05:50:50.999 No connection to sync server.
05:51:50.992 No connection to sync server.
05:52:51.004 No connection to sync server.
05:53:51.012 No connection to sync server.
05:54:51.032 No connection to sync server.
05:55:51.040 No connection to sync server.
05:56:51.053 No connection to sync server.
05:57:51.056 No connection to sync server.
05:58:51.078 No connection to sync server.
05:59:51.076 No connection to sync server.
06:00:51.092 No connection to sync server.
06:01:51.101 No connection to sync server.
06:02:51.097 No connection to sync server.
06:03:51.118 No connection to sync server.
06:04:51.122 No connection to sync server.
06:05:51.136 No connection to sync server.
06:06:51.152 No connection to sync server.
06:07:51.148 No connection to sync server.
06:08:51.155 No connection to sync server.
06:09:51.149 No connection to sync server.
06:10:51.168 No connection to sync server.
06:11:51.182 No connection to sync server.
06:12:51.175 No connection to sync server.
06:13:51.185 No connection to sync server.
06:14:51.202 No connection to sync server.
06:15:51.216 No connection to sync server.
06:16:51.210 No connection to sync server.
06:17:06.801 Table counts: notes: 308, revisions: 122, attachments: 66, branches: 311, attributes: 457, etapi_tokens: 0, blobs: 333
06:17:06.817 All consistency checks passed with no errors detected (took 16ms)
06:17:51.227 No connection to sync server.
06:18:51.233 No connection to sync server.
06:19:51.248 No connection to sync server.
06:20:51.255 No connection to sync server.
06:21:51.277 No connection to sync server.
06:22:51.274 No connection to sync server.
06:23:51.288 No connection to sync server.
06:24:51.305 No connection to sync server.
06:25:51.297 No connection to sync server.
06:26:51.314 No connection to sync server.
06:27:51.321 No connection to sync server.
06:28:51.327 No connection to sync server.
06:29:51.347 No connection to sync server.
06:30:51.351 No connection to sync server.
06:31:51.365 No connection to sync server.
06:32:51.369 No connection to sync server.
06:33:51.383 No connection to sync server.
06:34:51.376 No connection to sync server.
06:35:51.404 No connection to sync server.
06:36:51.402 No connection to sync server.
06:37:51.406 No connection to sync server.
06:38:51.414 No connection to sync server.
06:39:51.427 No connection to sync server.
06:40:51.429 No connection to sync server.
06:41:51.452 No connection to sync server.
06:42:51.450 No connection to sync server.
06:43:51.465 No connection to sync server.
06:44:51.462 No connection to sync server.
06:45:51.496 No connection to sync server.
06:46:51.489 No connection to sync server.
06:47:51.498 No connection to sync server.
06:48:51.502 No connection to sync server.
06:49:51.525 No connection to sync server.
06:50:51.524 No connection to sync server.
06:51:51.534 No connection to sync server.
06:52:51.548 No connection to sync server.
06:53:51.553 No connection to sync server.
06:54:51.561 No connection to sync server.
06:55:51.583 No connection to sync server.
06:56:51.572 No connection to sync server.
06:57:51.598 No connection to sync server.
06:58:51.593 No connection to sync server.
06:59:51.609 No connection to sync server.
07:00:51.619 No connection to sync server.
07:01:51.619 No connection to sync server.
07:02:51.628 No connection to sync server.
07:03:51.640 No connection to sync server.
07:04:51.642 No connection to sync server.
07:05:51.654 No connection to sync server.
07:06:51.662 No connection to sync server.
07:07:51.669 No connection to sync server.
07:08:51.666 No connection to sync server.
07:09:51.689 No connection to sync server.
07:10:51.693 No connection to sync server.
07:11:51.701 No connection to sync server.
07:12:51.700 No connection to sync server.
07:13:51.719 No connection to sync server.
07:14:51.719 No connection to sync server.
07:15:51.739 No connection to sync server.
07:16:51.741 No connection to sync server.
07:17:06.801 Table counts: notes: 308, revisions: 122, attachments: 66, branches: 311, attributes: 457, etapi_tokens: 0, blobs: 333
07:17:06.819 All consistency checks passed with no errors detected (took 18ms)
07:17:51.745 No connection to sync server.
07:18:51.746 No connection to sync server.
07:19:51.763 No connection to sync server.
07:20:51.762 No connection to sync server.
07:21:51.784 No connection to sync server.
07:22:51.783 No connection to sync server.
07:23:51.790 No connection to sync server.
07:24:51.793 No connection to sync server.
07:25:51.828 No connection to sync server.
07:26:51.815 No connection to sync server.
07:27:51.826 No connection to sync server.
07:28:51.834 No connection to sync server.
07:29:51.839 No connection to sync server.
07:30:51.852 No connection to sync server.
07:31:51.862 No connection to sync server.
07:32:51.860 No connection to sync server.
07:33:51.878 No connection to sync server.
07:34:51.884 No connection to sync server.
07:35:51.893 No connection to sync server.
07:36:51.888 No connection to sync server.
07:37:51.915 No connection to sync server.
07:38:51.910 No connection to sync server.
07:39:51.916 No connection to sync server.
07:40:51.921 No connection to sync server.
07:41:51.935 No connection to sync server.
07:42:51.946 No connection to sync server.
07:43:51.940 No connection to sync server.
07:44:51.953 No connection to sync server.
07:45:51.969 No connection to sync server.
07:46:51.973 No connection to sync server.
07:47:51.971 No connection to sync server.
07:48:51.992 No connection to sync server.
07:49:51.987 No connection to sync server.
07:50:52.011 No connection to sync server.
07:51:52.000 No connection to sync server.
07:52:52.031 No connection to sync server.
07:53:52.028 No connection to sync server.
07:54:52.045 No connection to sync server.
07:55:52.048 No connection to sync server.
07:56:52.056 No connection to sync server.
07:57:52.049 No connection to sync server.
07:58:52.074 No connection to sync server.
07:59:52.079 No connection to sync server.
08:00:52.078 No connection to sync server.
08:01:52.088 No connection to sync server.
08:02:52.089 No connection to sync server.
08:03:52.102 No connection to sync server.
08:04:52.109 No connection to sync server.
08:05:52.125 No connection to sync server.
08:06:52.125 No connection to sync server.
08:07:52.135 No connection to sync server.
08:08:52.139 No connection to sync server.
08:09:52.140 No connection to sync server.
08:10:52.169 No connection to sync server.
08:11:52.169 No connection to sync server.
08:12:52.178 No connection to sync server.
08:13:52.184 No connection to sync server.
08:14:52.193 No connection to sync server.
08:15:52.198 No connection to sync server.
08:16:52.201 No connection to sync server.
08:17:06.809 Erased attachments: ["ZRetCbBw6PgW"]
08:17:06.810 Table counts: notes: 308, revisions: 122, attachments: 65, branches: 311, attributes: 457, etapi_tokens: 0, blobs: 333
08:17:06.828 All consistency checks passed with no errors detected (took 17ms)
08:17:52.206 No connection to sync server.
08:18:52.229 No connection to sync server.
08:19:52.222 No connection to sync server.
08:20:52.232 No connection to sync server.
08:21:52.232 No connection to sync server.
08:22:52.252 No connection to sync server.
08:23:52.260 No connection to sync server.
08:24:52.256 No connection to sync server.
08:25:52.277 No connection to sync server.
08:26:52.268 No connection to sync server.
08:27:52.288 No connection to sync server.
08:28:52.291 No connection to sync server.
08:29:52.296 No connection to sync server.
08:30:52.306 No connection to sync server.
08:31:52.312 No connection to sync server.
08:32:52.314 No connection to sync server.
08:33:52.332 No connection to sync server.
08:34:52.333 No connection to sync server.
08:35:52.345 No connection to sync server.
08:36:52.344 No connection to sync server.
08:37:52.359 No connection to sync server.
08:38:52.375 No connection to sync server.
08:39:52.362 No connection to sync server.
08:40:52.372 No connection to sync server.
08:41:52.385 No connection to sync server.
08:42:52.386 No connection to sync server.
08:43:52.392 No connection to sync server.
08:44:52.604 No connection to sync server.
08:45:52.416 No connection to sync server.
08:46:52.409 No connection to sync server.
08:47:52.429 No connection to sync server.
08:48:52.879 No connection to sync server.
08:49:52.441 No connection to sync server.
08:50:52.440 No connection to sync server.
08:51:52.446 No connection to sync server.
08:52:52.450 No connection to sync server.
08:53:52.471 No connection to sync server.
08:54:52.473 No connection to sync server.
08:55:52.471 No connection to sync server.
08:56:52.476 No connection to sync server.
08:57:52.492 No connection to sync server.
08:58:52.497 No connection to sync server.
08:59:52.502 No connection to sync server.
09:00:52.501 No connection to sync server.
09:01:52.509 No connection to sync server.
09:02:52.507 No connection to sync server.
09:03:52.520 No connection to sync server.
09:04:52.521 No connection to sync server.
09:05:52.530 No connection to sync server.
09:06:52.545 No connection to sync server.
09:07:52.554 No connection to sync server.
09:08:52.552 No connection to sync server.
09:09:52.560 No connection to sync server.
09:10:52.568 No connection to sync server.
09:11:52.566 No connection to sync server.
09:12:52.576 No connection to sync server.
09:13:52.573 No connection to sync server.
09:14:52.589 No connection to sync server.
09:15:52.587 No connection to sync server.
09:16:52.592 No connection to sync server.
09:17:06.811 Table counts: notes: 308, revisions: 122, attachments: 65, branches: 311, attributes: 457, etapi_tokens: 0, blobs: 333
09:17:06.826 All consistency checks passed with no errors detected (took 16ms)
09:17:52.613 No connection to sync server.
09:18:52.600 No connection to sync server.
09:19:52.617 No connection to sync server.
09:20:52.625 No connection to sync server.
09:21:52.633 No connection to sync server.
09:22:52.641 No connection to sync server.
09:23:52.641 No connection to sync server.
09:24:52.658 No connection to sync server.
09:25:52.668 No connection to sync server.
09:26:52.660 No connection to sync server.
09:27:52.688 No connection to sync server.
09:28:52.671 No connection to sync server.
09:29:52.672 No connection to sync server.
09:30:52.682 No connection to sync server.
09:31:55.778 No connection to sync server.
09:32:52.706 No connection to sync server.
09:33:52.701 No connection to sync server.
09:34:52.711 No connection to sync server.
09:35:52.714 No connection to sync server.
09:36:52.729 No connection to sync server.
09:37:52.734 No connection to sync server.
09:38:52.726 No connection to sync server.
09:39:52.741 No connection to sync server.
09:40:52.747 No connection to sync server.
09:41:52.744 No connection to sync server.
09:42:52.761 No connection to sync server.
09:43:52.767 No connection to sync server.
09:44:52.773 No connection to sync server.
09:45:52.778 No connection to sync server.
09:46:52.796 No connection to sync server.
09:47:52.786 No connection to sync server.
09:48:52.810 No connection to sync server.
09:49:52.802 No connection to sync server.
09:50:52.805 No connection to sync server.
09:51:52.819 No connection to sync server.
09:52:52.832 No connection to sync server.
09:53:52.820 No connection to sync server.
09:54:52.833 No connection to sync server.
09:55:52.835 No connection to sync server.
09:56:52.861 No connection to sync server.
09:57:52.844 No connection to sync server.
09:58:52.864 No connection to sync server.
09:59:53.046 No connection to sync server.
10:00:52.866 No connection to sync server.
10:01:52.872 No connection to sync server.
10:02:52.881 No connection to sync server.
10:03:52.883 No connection to sync server.
10:04:52.888 No connection to sync server.
10:05:52.898 No connection to sync server.
10:06:52.902 No connection to sync server.
10:07:52.899 No connection to sync server.
10:08:52.909 No connection to sync server.
10:09:52.914 No connection to sync server.
10:10:52.924 No connection to sync server.
10:11:52.928 No connection to sync server.
10:12:52.938 No connection to sync server.
10:13:52.948 No connection to sync server.
10:14:52.951 No connection to sync server.
10:15:52.952 No connection to sync server.
10:16:52.971 No connection to sync server.
10:17:06.811 Table counts: notes: 308, revisions: 122, attachments: 65, branches: 311, attributes: 457, etapi_tokens: 0, blobs: 333
10:17:06.825 All consistency checks passed with no errors detected (took 14ms)
10:17:52.966 No connection to sync server.
10:18:52.969 No connection to sync server.
10:19:52.971 No connection to sync server.
10:20:52.972 No connection to sync server.
10:21:52.985 No connection to sync server.
10:22:52.980 No connection to sync server.
10:23:52.979 No connection to sync server.
10:24:52.991 No connection to sync server.
10:25:52.994 No connection to sync server.
10:26:53.010 No connection to sync server.
10:27:53.008 No connection to sync server.
10:28:53.016 No connection to sync server.
10:29:53.012 No connection to sync server.
10:30:53.021 No connection to sync server.
10:31:53.034 No connection to sync server.
10:32:53.032 No connection to sync server.
10:33:53.048 No connection to sync server.
10:34:53.045 No connection to sync server.
10:35:53.055 No connection to sync server.
10:36:53.056 No connection to sync server.
10:37:53.059 No connection to sync server.
10:38:53.071 No connection to sync server.
10:39:53.085 No connection to sync server.
10:40:53.086 No connection to sync server.
10:41:53.081 No connection to sync server.
10:42:53.094 No connection to sync server.
10:43:53.085 No connection to sync server.
10:44:53.096 No connection to sync server.
10:45:53.099 No connection to sync server.
10:46:53.109 No connection to sync server.
10:47:53.123 No connection to sync server.
10:48:53.117 No connection to sync server.
10:49:53.123 No connection to sync server.
10:50:53.130 No connection to sync server.
10:51:53.128 No connection to sync server.
10:52:53.140 No connection to sync server.
10:53:53.145 No connection to sync server.
10:54:53.145 No connection to sync server.
10:55:53.150 No connection to sync server.
10:56:53.157 No connection to sync server.
10:57:53.157 No connection to sync server.
10:58:53.180 No connection to sync server.
10:59:53.181 No connection to sync server.
11:00:53.165 No connection to sync server.
11:01:58.185 No connection to sync server.
11:02:53.197 No connection to sync server.
11:03:53.186 No connection to sync server.
11:04:53.194 No connection to sync server.
11:05:53.204 No connection to sync server.
11:06:53.199 No connection to sync server.
11:07:53.197 No connection to sync server.
11:08:53.208 No connection to sync server.
11:09:53.222 No connection to sync server.
11:10:53.227 No connection to sync server.
11:11:53.218 No connection to sync server.
11:12:53.252 No connection to sync server.
11:13:53.242 No connection to sync server.
11:14:53.234 No connection to sync server.
11:15:53.240 No connection to sync server.
11:16:53.261 No connection to sync server.
11:17:06.812 Table counts: notes: 308, revisions: 122, attachments: 65, branches: 311, attributes: 457, etapi_tokens: 0, blobs: 333
11:17:06.829 All consistency checks passed with no errors detected (took 18ms)
11:17:53.258 No connection to sync server.
11:18:53.252 No connection to sync server.
11:19:53.256 No connection to sync server.
11:20:53.270 No connection to sync server.
11:21:53.276 No connection to sync server.
11:22:56.383 No connection to sync server.
11:23:53.287 No connection to sync server.
11:24:53.280 No connection to sync server.
11:25:53.274 No connection to sync server.
11:26:53.282 No connection to sync server.
11:27:53.282 No connection to sync server.
11:28:53.292 No connection to sync server.
11:29:53.305 No connection to sync server.
11:30:53.304 No connection to sync server.
11:31:53.308 No connection to sync server.
11:32:53.316 No connection to sync server.
11:33:53.328 No connection to sync server.
11:34:53.319 No connection to sync server.
11:35:53.322 No connection to sync server.
11:36:53.330 No connection to sync server.
11:37:53.335 No connection to sync server.
11:38:53.333 No connection to sync server.
11:39:53.343 No connection to sync server.
11:40:53.344 No connection to sync server.
11:41:53.347 No connection to sync server.
11:42:53.356 No connection to sync server.
11:43:53.365 No connection to sync server.
11:44:53.364 No connection to sync server.
11:45:53.360 No connection to sync server.
11:46:53.362 No connection to sync server.
11:47:53.364 No connection to sync server.
11:48:53.365 No connection to sync server.
11:49:53.389 No connection to sync server.
11:50:53.384 No connection to sync server.
11:51:53.383 No connection to sync server.
11:52:53.391 No connection to sync server.
11:53:53.394 No connection to sync server.
11:54:53.394 No connection to sync server.
11:55:53.401 No connection to sync server.
11:56:53.400 No connection to sync server.
11:57:53.408 No connection to sync server.
11:58:53.399 No connection to sync server.
11:59:53.408 No connection to sync server.
12:00:53.421 No connection to sync server.
12:01:53.421 No connection to sync server.
12:02:53.422 No connection to sync server.
12:03:53.432 No connection to sync server.
12:04:53.423 No connection to sync server.
12:05:53.433 No connection to sync server.
12:06:53.437 No connection to sync server.
12:07:53.436 No connection to sync server.
12:08:53.433 No connection to sync server.
12:09:53.449 No connection to sync server.
12:10:53.447 No connection to sync server.
12:11:53.447 No connection to sync server.
12:12:53.455 No connection to sync server.
12:13:53.450 No connection to sync server.
12:14:53.450 No connection to sync server.
12:15:53.458 No connection to sync server.
12:16:53.452 No connection to sync server.
12:17:06.814 Table counts: notes: 308, revisions: 122, attachments: 65, branches: 311, attributes: 457, etapi_tokens: 0, blobs: 333
12:17:06.828 All consistency checks passed with no errors detected (took 15ms)
12:17:53.468 No connection to sync server.
12:18:53.466 No connection to sync server.
12:19:53.467 No connection to sync server.
12:20:53.471 No connection to sync server.
12:21:53.471 No connection to sync server.
12:22:53.489 No connection to sync server.
12:23:53.473 No connection to sync server.
12:24:53.483 No connection to sync server.
12:25:53.481 No connection to sync server.
12:26:53.480 No connection to sync server.
12:27:53.486 No connection to sync server.
12:28:53.485 No connection to sync server.
12:29:53.498 No connection to sync server.
12:30:53.492 No connection to sync server.
12:31:53.505 No connection to sync server.
12:32:53.515 No connection to sync server.
12:33:53.493 No connection to sync server.
12:34:53.504 No connection to sync server.
12:35:53.502 No connection to sync server.
12:36:53.512 No connection to sync server.
12:37:53.512 No connection to sync server.
12:38:53.505 No connection to sync server.
12:39:53.517 No connection to sync server.
12:40:53.522 No connection to sync server.
12:41:53.514 No connection to sync server.
12:42:53.527 No connection to sync server.
12:43:53.520 No connection to sync server.
12:44:53.512 No connection to sync server.
12:45:53.513 No connection to sync server.
12:46:53.524 No connection to sync server.
12:47:53.534 No connection to sync server.
12:48:53.524 No connection to sync server.
12:49:53.541 No connection to sync server.
12:50:53.540 No connection to sync server.
12:51:53.762 No connection to sync server.
12:52:53.540 No connection to sync server.
12:53:53.535 No connection to sync server.
12:54:53.539 No connection to sync server.
12:55:53.540 No connection to sync server.
12:56:53.539 No connection to sync server.
12:57:53.535 No connection to sync server.
12:58:53.535 No connection to sync server.
12:59:53.538 No connection to sync server.
13:00:53.535 No connection to sync server.
13:01:53.541 No connection to sync server.
13:02:53.544 No connection to sync server.
13:03:53.552 No connection to sync server.
13:04:53.538 No connection to sync server.
13:05:53.542 No connection to sync server.
13:06:53.572 No connection to sync server.
13:07:53.584 No connection to sync server.
13:08:53.610 No connection to sync server.
13:09:53.595 No connection to sync server.
13:10:53.634 No connection to sync server.
13:11:53.636 No connection to sync server.
13:12:53.676 No connection to sync server.
13:13:53.670 No connection to sync server.
13:14:53.690 No connection to sync server.
13:15:48.935 Error: Router not found for request GET /pdown
13:15:53.692 No connection to sync server.
13:16:53.714 No connection to sync server.
13:17:06.816 Table counts: notes: 308, revisions: 122, attachments: 65, branches: 311, attributes: 457, etapi_tokens: 0, blobs: 333
13:17:06.829 All consistency checks passed with no errors detected (took 13ms)
13:17:53.728 No connection to sync server.
13:18:53.739 No connection to sync server.
13:19:53.755 No connection to sync server.
13:20:58.759 No connection to sync server.
13:21:53.790 No connection to sync server.
13:22:53.792 No connection to sync server.
13:23:53.813 No connection to sync server.
13:24:53.824 No connection to sync server.
13:25:53.844 No connection to sync server.
13:26:53.861 No connection to sync server.
13:27:53.882 No connection to sync server.
13:28:53.888 No connection to sync server.
13:29:53.902 No connection to sync server.
13:30:53.924 No connection to sync server.
13:31:53.941 No connection to sync server.
13:32:53.958 No connection to sync server.
13:33:53.967 No connection to sync server.
13:34:53.985 No connection to sync server.
13:35:54.010 No connection to sync server.
13:36:54.001 No connection to sync server.
13:37:54.015 No connection to sync server.
13:38:54.038 No connection to sync server.
13:39:54.047 No connection to sync server.
13:40:54.069 No connection to sync server.
13:41:54.080 No connection to sync server.
13:42:54.108 No connection to sync server.
13:43:54.116 No connection to sync server.
13:44:54.134 No connection to sync server.
13:45:54.152 No connection to sync server.
13:46:54.164 No connection to sync server.
13:47:54.163 No connection to sync server.
13:48:54.174 No connection to sync server.
13:49:54.191 No connection to sync server.
13:50:54.202 No connection to sync server.
13:51:54.236 No connection to sync server.
13:52:54.233 No connection to sync server.
13:53:54.262 No connection to sync server.
13:54:54.257 No connection to sync server.
13:55:54.303 No connection to sync server.
13:56:54.310 No connection to sync server.
13:57:54.325 No connection to sync server.
13:58:54.332 No connection to sync server.
13:59:54.393 No connection to sync server.
14:00:54.358 No connection to sync server.
14:01:54.440 No connection to sync server.
14:02:54.397 No connection to sync server.
14:03:54.421 No connection to sync server.
14:04:54.411 No connection to sync server.
14:05:54.442 No connection to sync server.
14:06:54.452 No connection to sync server.
14:07:54.446 No connection to sync server.
14:08:54.484 No connection to sync server.
14:09:54.486 No connection to sync server.
14:10:54.486 No connection to sync server.
14:11:54.520 No connection to sync server.
14:12:54.526 No connection to sync server.
14:13:54.544 No connection to sync server.
14:14:54.563 No connection to sync server.
14:15:54.576 No connection to sync server.
14:16:54.587 No connection to sync server.
14:17:06.638 Optimizing database
14:17:06.639 Optimization finished in 1ms.
14:17:06.817 Table counts: notes: 308, revisions: 122, attachments: 65, branches: 311, attributes: 457, etapi_tokens: 0, blobs: 333
14:17:06.834 All consistency checks passed with no errors detected (took 18ms)
14:17:54.612 No connection to sync server.
14:18:54.624 No connection to sync server.
14:19:54.649 No connection to sync server.
14:20:54.647 No connection to sync server.
14:21:54.676 No connection to sync server.
14:22:54.673 No connection to sync server.
14:23:54.709 No connection to sync server.
14:24:54.702 No connection to sync server.
14:25:54.738 No connection to sync server.
14:26:54.746 No connection to sync server.
14:27:54.765 No connection to sync server.
14:28:54.776 No connection to sync server.
14:29:54.796 No connection to sync server.
14:30:54.803 No connection to sync server.
14:31:54.832 No connection to sync server.
14:32:54.837 No connection to sync server.
14:33:54.854 No connection to sync server.
14:34:54.870 No connection to sync server.
14:35:54.901 No connection to sync server.
14:36:54.901 No connection to sync server.
14:37:54.920 No connection to sync server.
14:38:54.925 No connection to sync server.
14:39:54.961 No connection to sync server.
14:40:54.954 No connection to sync server.
14:41:54.983 No connection to sync server.
14:42:54.990 No connection to sync server.
14:43:55.011 No connection to sync server.
14:44:55.019 No connection to sync server.
14:45:55.042 No connection to sync server.
14:46:55.061 No connection to sync server.
14:47:55.071 No connection to sync server.
14:48:55.082 No connection to sync server.
14:49:55.113 No connection to sync server.
14:50:55.116 No connection to sync server.
14:51:55.132 No connection to sync server.
14:52:55.144 No connection to sync server.
14:53:55.145 No connection to sync server.
14:54:55.177 No connection to sync server.
14:55:55.176 No connection to sync server.
14:56:55.199 No connection to sync server.
14:57:55.195 No connection to sync server.
14:58:55.227 No connection to sync server.
14:59:55.229 No connection to sync server.
15:00:55.235 No connection to sync server.
15:01:55.263 No connection to sync server.
15:02:55.281 No connection to sync server.
15:03:55.300 No connection to sync server.
15:04:55.295 No connection to sync server.
15:05:55.324 No connection to sync server.
15:06:55.333 No connection to sync server.
15:07:55.347 No connection to sync server.
15:08:55.346 No connection to sync server.
15:09:55.381 No connection to sync server.
15:10:55.391 No connection to sync server.
15:11:55.414 No connection to sync server.
15:12:55.407 No connection to sync server.
15:13:55.432 No connection to sync server.
15:14:55.451 No connection to sync server.
15:15:55.459 No connection to sync server.
15:16:55.478 No connection to sync server.
15:17:06.821 Table counts: notes: 308, revisions: 122, attachments: 65, branches: 311, attributes: 457, etapi_tokens: 0, blobs: 333
15:17:06.837 All consistency checks passed with no errors detected (took 16ms)
15:17:55.506 No connection to sync server.
15:18:55.503 No connection to sync server.
15:19:55.523 No connection to sync server.
15:20:55.539 No connection to sync server.
15:21:55.552 No connection to sync server.
15:22:55.556 No connection to sync server.
15:23:55.579 No connection to sync server.
15:24:55.593 No connection to sync server.
15:25:55.615 No connection to sync server.
15:26:55.620 No connection to sync server.
15:27:55.645 No connection to sync server.
15:28:55.656 No connection to sync server.
15:29:55.680 No connection to sync server.
15:30:55.674 No connection to sync server.
15:31:55.707 No connection to sync server.
15:32:55.699 No connection to sync server.
15:33:55.728 No connection to sync server.
15:34:55.739 No connection to sync server.
15:35:55.772 No connection to sync server.
15:36:55.769 No connection to sync server.
15:37:55.800 No connection to sync server.
15:38:55.799 No connection to sync server.
15:39:55.837 No connection to sync server.
15:40:55.833 No connection to sync server.
15:41:55.843 No connection to sync server.
15:42:55.849 No connection to sync server.
15:43:55.866 No connection to sync server.
15:44:55.889 No connection to sync server.
15:45:55.898 No connection to sync server.
15:46:55.916 No connection to sync server.
15:47:55.926 No connection to sync server.
15:48:55.962 No connection to sync server.
15:49:55.953 No connection to sync server.
15:50:55.994 No connection to sync server.
15:51:55.994 No connection to sync server.
15:52:56.019 No connection to sync server.
15:53:56.026 No connection to sync server.
15:54:56.041 No connection to sync server.
15:55:56.051 No connection to sync server.
15:56:56.071 No connection to sync server.
15:57:56.067 No connection to sync server.
15:58:56.102 No connection to sync server.
15:59:56.118 No connection to sync server.
16:00:56.112 No connection to sync server.
16:01:56.137 No connection to sync server.
16:02:56.151 No connection to sync server.
16:03:56.146 No connection to sync server.
16:04:56.177 No connection to sync server.
16:05:56.178 No connection to sync server.
16:06:56.212 No connection to sync server.
16:07:56.209 No connection to sync server.
16:08:56.209 No connection to sync server.
16:09:56.245 No connection to sync server.
16:10:56.240 No connection to sync server.
16:11:56.267 No connection to sync server.
16:12:56.273 No connection to sync server.
16:13:56.296 No connection to sync server.
16:14:56.295 No connection to sync server.
16:15:56.317 No connection to sync server.
16:16:56.339 No connection to sync server.
16:17:06.825 Table counts: notes: 308, revisions: 122, attachments: 65, branches: 311, attributes: 457, etapi_tokens: 0, blobs: 333
16:17:06.839 All consistency checks passed with no errors detected (took 15ms)
16:17:56.361 No connection to sync server.
16:18:56.374 No connection to sync server.
16:19:56.371 No connection to sync server.
16:20:56.401 No connection to sync server.
16:21:56.407 No connection to sync server.
16:22:56.431 No connection to sync server.
16:23:56.437 No connection to sync server.
16:24:56.457 No connection to sync server.
16:25:56.472 No connection to sync server.
16:26:56.492 No connection to sync server.
16:27:56.491 No connection to sync server.
16:28:56.518 No connection to sync server.
16:29:56.524 No connection to sync server.
16:30:56.548 No connection to sync server.
16:31:56.565 No connection to sync server.
16:32:56.563 No connection to sync server.
16:33:56.580 No connection to sync server.
16:34:56.579 No connection to sync server.
16:35:56.627 No connection to sync server.
16:36:56.619 No connection to sync server.
16:37:56.619 No connection to sync server.
16:38:56.643 No connection to sync server.
16:39:56.635 No connection to sync server.
16:40:56.682 No connection to sync server.
16:41:56.688 No connection to sync server.
16:42:56.697 No connection to sync server.
16:43:56.697 No connection to sync server.
16:44:56.743 No connection to sync server.
16:45:56.728 No connection to sync server.
16:46:56.754 No connection to sync server.
16:47:56.755 No connection to sync server.
16:48:56.784 No connection to sync server.
16:49:56.806 No connection to sync server.
16:50:56.829 No connection to sync server.
16:51:56.823 No connection to sync server.
16:52:56.845 No connection to sync server.
16:53:56.853 No connection to sync server.
16:54:56.873 No connection to sync server.
16:55:56.886 No connection to sync server.
16:56:56.915 No connection to sync server.
16:57:56.920 No connection to sync server.
16:58:56.942 No connection to sync server.
16:59:56.945 No connection to sync server.
17:00:56.979 No connection to sync server.
17:01:56.995 No connection to sync server.
17:02:57.015 No connection to sync server.
17:03:57.013 No connection to sync server.
17:04:57.010 No connection to sync server.
17:05:57.030 No connection to sync server.
17:06:57.046 No connection to sync server.
17:07:57.061 No connection to sync server.
17:08:57.066 No connection to sync server.
17:09:57.089 No connection to sync server.
17:10:57.085 No connection to sync server.
17:11:57.087 No connection to sync server.
17:12:57.117 No connection to sync server.
17:13:57.128 No connection to sync server.
17:14:57.150 No connection to sync server.
17:15:57.154 No connection to sync server.
17:16:57.167 No connection to sync server.
17:17:06.831 Table counts: notes: 308, revisions: 122, attachments: 65, branches: 311, attributes: 457, etapi_tokens: 0, blobs: 333
17:17:06.844 All consistency checks passed with no errors detected (took 14ms)
17:17:57.172 No connection to sync server.
17:18:57.196 No connection to sync server.
17:19:57.210 No connection to sync server.
17:20:57.251 No connection to sync server.
17:21:57.243 No connection to sync server.
17:22:57.253 No connection to sync server.
17:23:57.267 No connection to sync server.
17:24:57.279 No connection to sync server.
17:25:57.302 No connection to sync server.
17:26:57.302 No connection to sync server.
17:27:57.319 No connection to sync server.
17:28:57.335 No connection to sync server.
17:29:57.356 No connection to sync server.
17:30:57.361 No connection to sync server.
17:31:57.391 No connection to sync server.
17:32:57.390 No connection to sync server.
17:33:57.390 No connection to sync server.
17:34:57.424 No connection to sync server.
17:35:57.422 No connection to sync server.
17:36:57.449 No connection to sync server.
17:37:57.452 No connection to sync server.
17:38:57.481 No connection to sync server.
17:39:57.485 No connection to sync server.
17:40:57.495 No connection to sync server.
17:41:57.516 No connection to sync server.
17:42:57.521 No connection to sync server.
17:43:57.523 No connection to sync server.
17:44:57.553 No connection to sync server.
17:45:57.560 No connection to sync server.
17:46:57.558 No connection to sync server.
17:47:57.582 No connection to sync server.
17:48:57.595 No connection to sync server.
17:49:57.605 No connection to sync server.
17:50:57.616 No connection to sync server.
17:51:57.629 No connection to sync server.
17:52:57.670 No connection to sync server.
17:53:57.649 No connection to sync server.
17:54:57.698 No connection to sync server.
17:55:57.697 No connection to sync server.
17:56:57.710 No connection to sync server.
17:57:57.711 No connection to sync server.
17:58:57.735 No connection to sync server.
17:59:57.748 No connection to sync server.
18:00:57.769 No connection to sync server.
18:01:57.775 No connection to sync server.
18:02:57.802 No connection to sync server.
18:03:57.799 No connection to sync server.
18:04:57.817 No connection to sync server.
18:05:57.838 No connection to sync server.
18:06:57.849 No connection to sync server.
18:07:57.860 No connection to sync server.
18:08:57.879 No connection to sync server.
18:09:57.881 No connection to sync server.
18:10:57.937 No connection to sync server.
18:11:57.956 No connection to sync server.
18:12:57.936 No connection to sync server.
18:13:57.948 No connection to sync server.
18:14:57.965 No connection to sync server.
18:15:57.969 No connection to sync server.
18:16:58.027 No connection to sync server.
18:17:06.828 Table counts: notes: 308, revisions: 122, attachments: 65, branches: 311, attributes: 457, etapi_tokens: 0, blobs: 333
18:17:06.845 All consistency checks passed with no errors detected (took 18ms)
18:17:58.026 No connection to sync server.
18:18:58.020 No connection to sync server.
18:19:58.035 No connection to sync server.
18:20:58.054 No connection to sync server.
18:21:58.074 No connection to sync server.
18:22:58.068 No connection to sync server.
18:23:58.084 No connection to sync server.
18:24:58.100 No connection to sync server.
18:25:58.116 No connection to sync server.
18:26:58.123 No connection to sync server.
18:27:58.147 No connection to sync server.
18:28:58.149 No connection to sync server.
18:29:58.163 No connection to sync server.
18:30:58.211 No connection to sync server.
18:31:58.167 No connection to sync server.
18:32:58.202 No connection to sync server.
18:33:58.204 No connection to sync server.
18:34:58.214 No connection to sync server.
18:35:58.266 No connection to sync server.
18:36:58.247 No connection to sync server.
18:37:58.266 No connection to sync server.
18:38:58.276 No connection to sync server.
18:39:58.292 No connection to sync server.
18:40:58.312 No connection to sync server.
18:41:58.312 No connection to sync server.
18:42:44.658 Error: Router not found for request GET /api/contents?type=directory
18:42:58.330 No connection to sync server.
18:43:58.348 No connection to sync server.
18:44:58.355 No connection to sync server.
18:45:58.382 No connection to sync server.
18:46:58.387 No connection to sync server.
18:47:58.397 No connection to sync server.
18:48:58.409 No connection to sync server.
18:49:58.417 No connection to sync server.
18:50:58.447 No connection to sync server.
18:51:58.443 No connection to sync server.
18:52:58.465 No connection to sync server.
18:53:58.472 No connection to sync server.
18:54:58.489 No connection to sync server.
18:55:58.505 No connection to sync server.
18:56:58.517 No connection to sync server.
18:57:58.522 No connection to sync server.
18:58:58.553 No connection to sync server.
18:59:58.556 No connection to sync server.
19:00:58.566 No connection to sync server.
19:01:58.575 No connection to sync server.
19:02:58.595 No connection to sync server.
19:03:58.606 No connection to sync server.
19:04:58.633 No connection to sync server.
19:05:58.638 No connection to sync server.
19:06:58.648 No connection to sync server.
19:07:58.668 No connection to sync server.
19:08:58.685 No connection to sync server.
19:09:58.700 No connection to sync server.
19:10:58.705 No connection to sync server.
19:11:58.726 No connection to sync server.
19:12:58.731 No connection to sync server.
19:13:58.745 No connection to sync server.
19:14:58.768 No connection to sync server.
19:15:58.782 No connection to sync server.
19:16:58.778 No connection to sync server.
19:17:06.831 Table counts: notes: 308, revisions: 122, attachments: 65, branches: 311, attributes: 457, etapi_tokens: 0, blobs: 333
19:17:06.856 All consistency checks passed with no errors detected (took 26ms)
19:17:58.804 No connection to sync server.
19:18:58.817 No connection to sync server.
19:19:58.841 No connection to sync server.
19:20:58.834 No connection to sync server.
19:21:58.873 No connection to sync server.
19:22:58.877 No connection to sync server.
19:23:58.896 No connection to sync server.
19:24:58.895 No connection to sync server.
19:25:58.922 No connection to sync server.
19:26:58.931 No connection to sync server.
19:27:58.935 No connection to sync server.
19:28:58.930 No connection to sync server.
19:29:58.952 No connection to sync server.
19:30:58.965 No connection to sync server.
19:31:58.976 No connection to sync server.
19:32:58.995 No connection to sync server.
19:33:58.995 No connection to sync server.
19:34:59.023 No connection to sync server.
19:35:59.020 No connection to sync server.
19:36:59.048 No connection to sync server.
19:37:59.056 No connection to sync server.
19:38:59.070 No connection to sync server.
19:39:59.073 No connection to sync server.
19:40:59.093 No connection to sync server.
19:41:59.105 No connection to sync server.
19:42:59.130 No connection to sync server.
19:43:59.125 No connection to sync server.
19:44:59.161 No connection to sync server.
19:45:59.148 No connection to sync server.
19:46:59.178 No connection to sync server.
19:47:59.175 No connection to sync server.
19:48:59.189 No connection to sync server.
19:49:59.217 No connection to sync server.
19:50:59.212 No connection to sync server.
19:51:59.246 No connection to sync server.
19:52:59.248 No connection to sync server.
19:53:59.268 No connection to sync server.
19:54:59.268 No connection to sync server.
19:55:59.298 No connection to sync server.
19:56:59.291 No connection to sync server.
19:57:59.316 No connection to sync server.
19:58:59.317 No connection to sync server.
19:59:59.347 No connection to sync server.
20:00:59.345 No connection to sync server.
20:01:59.351 No connection to sync server.
20:02:59.365 No connection to sync server.
20:03:59.383 No connection to sync server.
20:04:59.378 No connection to sync server.
20:05:59.400 No connection to sync server.
20:06:59.407 No connection to sync server.
20:07:59.439 No connection to sync server.
20:08:59.440 No connection to sync server.
20:09:59.465 No connection to sync server.
20:10:59.471 No connection to sync server.
20:11:59.479 No connection to sync server.
20:12:59.497 No connection to sync server.
20:13:59.506 No connection to sync server.
20:14:59.503 No connection to sync server.
20:15:59.528 No connection to sync server.
20:16:59.532 No connection to sync server.
20:17:06.832 Table counts: notes: 308, revisions: 122, attachments: 65, branches: 311, attributes: 457, etapi_tokens: 0, blobs: 333
20:17:06.850 All consistency checks passed with no errors detected (took 18ms)
20:17:59.559 No connection to sync server.
20:18:59.558 No connection to sync server.
20:19:59.575 No connection to sync server.
20:20:59.589 No connection to sync server.
20:21:59.601 No connection to sync server.
20:22:59.603 No connection to sync server.
20:23:59.609 No connection to sync server.
20:24:59.626 No connection to sync server.
20:25:59.641 No connection to sync server.
20:26:59.640 No connection to sync server.
20:27:59.654 No connection to sync server.
20:28:59.657 No connection to sync server.
20:29:59.682 No connection to sync server.
20:30:59.698 No connection to sync server.
20:31:59.701 No connection to sync server.
20:32:59.715 No connection to sync server.
20:33:59.716 No connection to sync server.
20:34:59.742 No connection to sync server.
20:35:59.763 No connection to sync server.
20:36:59.763 No connection to sync server.
20:37:59.781 No connection to sync server.
20:38:59.805 No connection to sync server.
20:39:59.794 No connection to sync server.
20:40:59.830 No connection to sync server.
20:41:59.835 No connection to sync server.
20:42:59.851 No connection to sync server.
20:43:59.863 No connection to sync server.
20:44:59.884 No connection to sync server.
20:45:59.888 No connection to sync server.
20:46:59.916 No connection to sync server.
20:47:59.914 No connection to sync server.
20:48:59.933 No connection to sync server.
20:49:59.935 No connection to sync server.
20:50:59.957 No connection to sync server.
20:51:59.972 No connection to sync server.
20:52:59.973 No connection to sync server.
20:54:00.001 No connection to sync server.
20:54:59.993 No connection to sync server.
20:56:00.018 No connection to sync server.
20:57:00.022 No connection to sync server.
20:58:00.021 No connection to sync server.
20:59:00.058 No connection to sync server.
21:00:00.053 No connection to sync server.
21:01:00.079 No connection to sync server.
21:02:00.084 No connection to sync server.
21:03:00.099 No connection to sync server.
21:04:00.101 No connection to sync server.
21:05:00.116 No connection to sync server.
21:06:00.123 No connection to sync server.
21:07:00.141 No connection to sync server.
21:08:00.173 No connection to sync server.
21:09:00.174 No connection to sync server.
21:10:00.186 No connection to sync server.
21:11:00.182 No connection to sync server.
21:12:00.211 No connection to sync server.
21:13:00.215 No connection to sync server.
21:14:00.228 No connection to sync server.
21:15:00.248 No connection to sync server.
21:16:00.251 No connection to sync server.
21:17:00.257 No connection to sync server.
21:17:06.835 Table counts: notes: 308, revisions: 122, attachments: 65, branches: 311, attributes: 457, etapi_tokens: 0, blobs: 333
21:17:06.854 All consistency checks passed with no errors detected (took 19ms)
21:18:00.275 No connection to sync server.
21:19:00.284 No connection to sync server.
21:20:00.294 No connection to sync server.
21:21:00.321 No connection to sync server.
21:22:00.331 No connection to sync server.
21:23:00.345 No connection to sync server.
21:24:00.347 No connection to sync server.
21:25:00.360 No connection to sync server.
21:26:00.363 No connection to sync server.
21:27:00.399 No connection to sync server.
21:28:00.393 No connection to sync server.
21:29:00.422 No connection to sync server.
21:30:00.427 No connection to sync server.
21:31:00.444 No connection to sync server.
21:32:00.453 No connection to sync server.
21:33:00.468 No connection to sync server.
21:34:00.477 No connection to sync server.
21:35:00.501 No connection to sync server.
21:36:00.503 No connection to sync server.
21:37:00.516 No connection to sync server.
21:38:00.533 No connection to sync server.
21:39:00.557 No connection to sync server.
21:40:00.547 No connection to sync server.
21:41:00.575 No connection to sync server.
21:42:00.569 No connection to sync server.
21:43:00.592 No connection to sync server.
21:44:00.596 No connection to sync server.
21:45:00.632 No connection to sync server.
21:46:00.632 No connection to sync server.
21:47:00.638 No connection to sync server.
21:48:00.647 No connection to sync server.
21:49:00.672 No connection to sync server.
21:50:00.687 No connection to sync server.
21:51:00.702 No connection to sync server.
21:52:00.697 No connection to sync server.
21:53:00.717 No connection to sync server.
21:54:00.727 No connection to sync server.
21:55:00.746 No connection to sync server.
21:56:00.744 No connection to sync server.
21:57:00.772 No connection to sync server.
21:58:00.780 No connection to sync server.
21:59:00.798 No connection to sync server.
22:00:00.804 No connection to sync server.
22:01:00.823 No connection to sync server.
22:02:00.835 No connection to sync server.
22:03:00.833 No connection to sync server.
22:04:00.846 No connection to sync server.
22:05:00.870 No connection to sync server.
22:06:00.869 No connection to sync server.
22:07:00.883 No connection to sync server.
22:08:00.909 No connection to sync server.
22:09:00.922 No connection to sync server.
22:10:00.925 No connection to sync server.
22:11:00.938 No connection to sync server.
22:12:00.958 No connection to sync server.
22:13:00.957 No connection to sync server.
22:14:00.988 No connection to sync server.
22:15:00.977 No connection to sync server.
22:16:01.005 No connection to sync server.
22:17:01.012 No connection to sync server.
22:17:06.836 Table counts: notes: 308, revisions: 122, attachments: 65, branches: 311, attributes: 457, etapi_tokens: 0, blobs: 333
22:17:06.864 All consistency checks passed with no errors detected (took 28ms)
22:18:01.027 No connection to sync server.
22:19:01.036 No connection to sync server.
22:20:01.060 No connection to sync server.
22:21:01.053 No connection to sync server.
22:22:01.065 No connection to sync server.
22:23:01.076 No connection to sync server.
22:24:01.092 No connection to sync server.
22:25:01.098 No connection to sync server.
22:26:01.115 No connection to sync server.
22:27:01.113 No connection to sync server.
22:28:01.133 No connection to sync server.
22:29:01.132 No connection to sync server.
22:30:01.165 No connection to sync server.
22:31:01.165 No connection to sync server.
22:32:01.178 No connection to sync server.
22:33:01.183 No connection to sync server.
22:34:01.187 No connection to sync server.
22:35:01.214 No connection to sync server.
22:36:01.224 No connection to sync server.
22:37:01.233 No connection to sync server.
22:38:01.243 No connection to sync server.
22:39:01.262 No connection to sync server.
22:40:01.269 No connection to sync server.
22:41:01.277 No connection to sync server.
22:42:01.294 No connection to sync server.
22:43:01.312 No connection to sync server.
22:44:01.330 No connection to sync server.
22:45:01.319 No connection to sync server.
22:46:01.342 No connection to sync server.
22:47:01.342 No connection to sync server.
22:48:01.365 No connection to sync server.
22:49:01.374 No connection to sync server.
22:50:01.391 No connection to sync server.
22:51:01.398 No connection to sync server.
22:52:01.411 No connection to sync server.
22:53:01.420 No connection to sync server.
22:54:01.451 No connection to sync server.
22:55:01.449 No connection to sync server.
22:56:01.459 No connection to sync server.
22:57:01.457 No connection to sync server.
22:58:01.468 No connection to sync server.
22:59:01.487 No connection to sync server.
23:00:01.496 No connection to sync server.
23:01:01.492 No connection to sync server.
23:02:01.508 No connection to sync server.
23:03:01.523 No connection to sync server.
23:04:01.534 No connection to sync server.
23:05:01.540 No connection to sync server.
23:06:01.555 No connection to sync server.
23:07:01.565 No connection to sync server.
23:08:01.570 No connection to sync server.
23:09:01.582 No connection to sync server.
23:10:01.582 No connection to sync server.
23:11:01.607 No connection to sync server.
23:12:01.606 No connection to sync server.
23:13:01.629 No connection to sync server.
23:14:01.626 No connection to sync server.
23:15:01.657 No connection to sync server.
23:16:01.657 No connection to sync server.
23:17:01.679 No connection to sync server.
23:17:06.840 Table counts: notes: 308, revisions: 122, attachments: 65, branches: 311, attributes: 457, etapi_tokens: 0, blobs: 333
23:17:06.862 All consistency checks passed with no errors detected (took 23ms)
23:18:01.687 No connection to sync server.
23:19:01.709 No connection to sync server.
23:20:01.710 No connection to sync server.
23:21:01.721 No connection to sync server.
23:22:01.736 No connection to sync server.
23:23:01.747 No connection to sync server.
23:24:01.756 No connection to sync server.
23:25:01.779 No connection to sync server.
23:26:01.773 No connection to sync server.
23:27:01.803 No connection to sync server.
23:28:01.814 No connection to sync server.
23:29:01.807 No connection to sync server.
23:30:01.827 No connection to sync server.
23:31:01.832 No connection to sync server.
23:32:01.848 No connection to sync server.
23:33:01.850 No connection to sync server.
23:34:01.869 No connection to sync server.
23:35:01.888 No connection to sync server.
23:36:01.901 No connection to sync server.
23:37:01.901 No connection to sync server.
23:38:01.933 No connection to sync server.
23:39:01.922 No connection to sync server.
23:40:01.944 No connection to sync server.
23:41:01.951 No connection to sync server.
23:42:01.964 No connection to sync server.
23:43:01.962 No connection to sync server.
23:44:01.984 No connection to sync server.
23:45:01.969 No connection to sync server.
23:46:01.985 No connection to sync server.
23:47:01.992 No connection to sync server.
23:48:02.022 No connection to sync server.
23:49:02.023 No connection to sync server.
23:50:02.054 No connection to sync server.
23:51:02.031 No connection to sync server.
23:52:02.053 No connection to sync server.
23:53:02.058 No connection to sync server.
23:54:02.090 No connection to sync server.
23:55:02.080 No connection to sync server.
23:56:02.107 No connection to sync server.
23:57:02.105 No connection to sync server.
23:58:02.132 No connection to sync server.
23:59:02.128 No connection to sync server.
