00:00:30.750 No connection to sync server.
00:01:30.756 No connection to sync server.
00:02:30.754 No connection to sync server.
00:03:30.772 No connection to sync server.
00:04:30.776 No connection to sync server.
00:05:30.770 No connection to sync server.
00:06:30.784 No connection to sync server.
00:07:30.787 No connection to sync server.
00:08:30.784 No connection to sync server.
00:09:30.800 No connection to sync server.
00:10:30.798 No connection to sync server.
00:11:30.806 No connection to sync server.
00:12:30.801 No connection to sync server.
00:13:30.811 No connection to sync server.
00:14:30.818 No connection to sync server.
00:15:30.828 No connection to sync server.
00:16:30.837 No connection to sync server.
00:17:06.923 Table counts: notes: 308, revisions: 122, attachments: 65, branches: 311, attributes: 457, etapi_tokens: 0, blobs: 333
00:17:06.941 All consistency checks passed with no errors detected (took 18ms)
00:17:30.827 No connection to sync server.
00:18:30.828 No connection to sync server.
00:19:30.840 No connection to sync server.
00:20:30.843 No connection to sync server.
00:21:30.852 No connection to sync server.
00:22:30.847 No connection to sync server.
00:23:30.859 No connection to sync server.
00:24:30.861 No connection to sync server.
00:25:30.868 No connection to sync server.
00:26:30.868 No connection to sync server.
00:27:30.871 No connection to sync server.
00:28:30.882 No connection to sync server.
00:29:30.876 No connection to sync server.
00:30:30.884 No connection to sync server.
00:31:30.886 No connection to sync server.
00:32:30.897 No connection to sync server.
00:33:30.904 No connection to sync server.
00:34:30.906 No connection to sync server.
00:35:30.919 No connection to sync server.
00:36:30.915 No connection to sync server.
00:37:30.917 No connection to sync server.
00:38:30.925 No connection to sync server.
00:39:30.925 No connection to sync server.
00:40:30.934 No connection to sync server.
00:41:30.929 No connection to sync server.
00:42:30.933 No connection to sync server.
00:43:30.946 No connection to sync server.
00:44:30.939 No connection to sync server.
00:45:30.959 No connection to sync server.
00:46:30.953 No connection to sync server.
00:47:30.963 No connection to sync server.
00:48:30.966 No connection to sync server.
00:48:58.938 Error: Router not found for request POST /
00:49:30.968 No connection to sync server.
00:50:30.968 No connection to sync server.
00:51:30.964 No connection to sync server.
00:52:30.980 No connection to sync server.
00:53:30.985 No connection to sync server.
00:54:30.983 No connection to sync server.
00:55:30.991 No connection to sync server.
00:56:30.991 No connection to sync server.
00:57:30.992 No connection to sync server.
00:58:30.999 No connection to sync server.
00:59:31.003 No connection to sync server.
01:00:31.012 No connection to sync server.
01:01:31.113 No connection to sync server.
01:02:31.019 No connection to sync server.
01:03:31.023 No connection to sync server.
01:04:31.023 No connection to sync server.
01:05:31.024 No connection to sync server.
01:06:31.024 No connection to sync server.
01:07:31.037 No connection to sync server.
01:08:31.041 No connection to sync server.
01:09:31.030 No connection to sync server.
01:10:31.037 No connection to sync server.
01:11:31.041 No connection to sync server.
01:12:31.053 No connection to sync server.
01:13:31.060 No connection to sync server.
01:14:31.051 No connection to sync server.
01:15:31.061 No connection to sync server.
01:16:31.065 No connection to sync server.
01:17:06.926 Table counts: notes: 308, revisions: 122, attachments: 65, branches: 311, attributes: 457, etapi_tokens: 0, blobs: 333
01:17:06.945 All consistency checks passed with no errors detected (took 20ms)
01:17:31.070 No connection to sync server.
01:18:31.075 No connection to sync server.
01:19:31.063 No connection to sync server.
01:20:31.072 No connection to sync server.
01:21:31.079 No connection to sync server.
01:22:31.081 No connection to sync server.
01:23:31.082 No connection to sync server.
01:24:31.076 No connection to sync server.
01:25:31.089 No connection to sync server.
01:26:31.081 No connection to sync server.
01:27:31.103 No connection to sync server.
01:28:31.094 No connection to sync server.
01:29:31.094 No connection to sync server.
01:30:31.097 No connection to sync server.
01:31:31.108 No connection to sync server.
01:32:31.110 No connection to sync server.
01:33:31.106 No connection to sync server.
01:34:31.109 No connection to sync server.
01:35:31.128 No connection to sync server.
01:36:31.112 No connection to sync server.
01:37:31.131 No connection to sync server.
01:38:31.121 No connection to sync server.
01:39:31.121 No connection to sync server.
01:40:31.126 No connection to sync server.
01:41:31.125 No connection to sync server.
01:42:31.168 No connection to sync server.
01:43:31.141 No connection to sync server.
01:44:38.354 No connection to sync server.
01:45:31.168 No connection to sync server.
01:46:31.172 No connection to sync server.
01:47:31.146 No connection to sync server.
01:48:31.141 No connection to sync server.
01:49:31.147 No connection to sync server.
01:50:31.159 No connection to sync server.
01:51:31.154 No connection to sync server.
01:52:31.142 No connection to sync server.
01:53:31.153 No connection to sync server.
01:54:31.145 No connection to sync server.
01:55:31.154 No connection to sync server.
01:56:31.162 No connection to sync server.
01:57:31.162 No connection to sync server.
01:58:31.151 No connection to sync server.
01:59:31.156 No connection to sync server.
02:00:31.169 No connection to sync server.
02:01:31.158 No connection to sync server.
02:02:31.162 No connection to sync server.
02:03:31.180 No connection to sync server.
02:04:31.174 No connection to sync server.
02:05:31.162 No connection to sync server.
02:06:31.167 No connection to sync server.
02:07:31.171 No connection to sync server.
02:08:31.168 No connection to sync server.
02:09:31.165 No connection to sync server.
02:10:31.168 No connection to sync server.
02:11:31.175 No connection to sync server.
02:12:31.179 No connection to sync server.
02:13:31.186 No connection to sync server.
02:14:31.165 No connection to sync server.
02:15:31.192 No connection to sync server.
02:16:31.179 No connection to sync server.
02:17:06.650 Optimizing database
02:17:06.651 Optimization finished in 1ms.
02:17:06.927 Table counts: notes: 308, revisions: 122, attachments: 65, branches: 311, attributes: 457, etapi_tokens: 0, blobs: 333
02:17:06.954 All consistency checks passed with no errors detected (took 28ms)
02:17:31.177 No connection to sync server.
02:18:31.180 No connection to sync server.
02:19:31.175 No connection to sync server.
02:20:31.185 No connection to sync server.
02:21:31.183 No connection to sync server.
02:22:31.201 No connection to sync server.
02:23:31.215 No connection to sync server.
02:24:31.230 No connection to sync server.
02:25:31.249 No connection to sync server.
02:26:31.270 No connection to sync server.
02:27:31.285 No connection to sync server.
02:28:31.305 No connection to sync server.
02:29:31.308 No connection to sync server.
02:30:31.313 No connection to sync server.
02:31:31.356 No connection to sync server.
02:32:31.348 No connection to sync server.
02:33:31.350 No connection to sync server.
02:34:31.368 No connection to sync server.
02:35:31.477 No connection to sync server.
02:36:31.393 No connection to sync server.
02:37:31.422 No connection to sync server.
02:38:31.425 No connection to sync server.
02:39:31.456 No connection to sync server.
02:40:31.442 No connection to sync server.
02:41:31.485 No connection to sync server.
02:42:31.477 No connection to sync server.
02:43:31.521 No connection to sync server.
02:44:31.513 No connection to sync server.
02:45:31.546 No connection to sync server.
02:46:31.542 No connection to sync server.
02:47:31.572 No connection to sync server.
02:48:31.577 No connection to sync server.
02:49:31.601 No connection to sync server.
02:50:31.610 No connection to sync server.
02:51:31.625 No connection to sync server.
02:52:31.638 No connection to sync server.
02:53:31.664 No connection to sync server.
02:54:31.673 No connection to sync server.
02:55:31.687 No connection to sync server.
02:56:31.709 No connection to sync server.
02:57:31.745 No connection to sync server.
02:58:31.749 No connection to sync server.
02:59:31.763 No connection to sync server.
03:00:31.772 No connection to sync server.
03:01:31.785 No connection to sync server.
03:02:31.791 No connection to sync server.
03:03:31.817 No connection to sync server.
03:04:31.814 No connection to sync server.
03:05:31.847 No connection to sync server.
03:06:31.853 No connection to sync server.
03:07:31.866 No connection to sync server.
03:08:31.873 No connection to sync server.
03:09:31.898 No connection to sync server.
03:10:31.916 No connection to sync server.
03:11:31.933 No connection to sync server.
03:12:31.940 No connection to sync server.
03:13:31.960 No connection to sync server.
03:14:31.977 No connection to sync server.
03:15:31.992 No connection to sync server.
03:16:32.005 No connection to sync server.
03:17:06.929 Table counts: notes: 308, revisions: 122, attachments: 65, branches: 311, attributes: 457, etapi_tokens: 0, blobs: 333
03:17:06.943 All consistency checks passed with no errors detected (took 15ms)
03:17:32.031 No connection to sync server.
03:18:32.036 No connection to sync server.
03:19:32.041 No connection to sync server.
03:20:32.078 No connection to sync server.
03:21:32.086 No connection to sync server.
03:22:32.094 No connection to sync server.
03:23:32.113 No connection to sync server.
03:24:32.142 No connection to sync server.
03:25:32.150 No connection to sync server.
03:26:32.196 No connection to sync server.
03:27:32.182 No connection to sync server.
03:28:32.178 No connection to sync server.
03:29:32.212 No connection to sync server.
03:30:32.254 No connection to sync server.
03:31:32.262 No connection to sync server.
03:32:32.247 No connection to sync server.
03:33:32.273 No connection to sync server.
03:34:32.286 No connection to sync server.
03:35:32.318 No connection to sync server.
03:36:32.304 No connection to sync server.
03:37:32.334 No connection to sync server.
03:38:32.329 No connection to sync server.
03:39:32.366 No connection to sync server.
03:40:32.367 No connection to sync server.
03:41:32.397 No connection to sync server.
03:42:32.405 No connection to sync server.
03:43:32.401 No connection to sync server.
03:44:32.440 No connection to sync server.
03:45:32.441 No connection to sync server.
03:46:32.457 No connection to sync server.
03:47:32.460 No connection to sync server.
03:48:32.479 No connection to sync server.
03:49:32.493 No connection to sync server.
03:50:32.519 No connection to sync server.
03:51:32.529 No connection to sync server.
03:52:32.543 No connection to sync server.
03:53:32.574 No connection to sync server.
03:54:32.580 No connection to sync server.
03:55:32.605 No connection to sync server.
03:56:32.616 No connection to sync server.
03:57:32.630 No connection to sync server.
03:58:32.628 No connection to sync server.
03:59:32.665 No connection to sync server.
04:00:32.667 No connection to sync server.
04:01:32.699 No connection to sync server.
04:02:32.700 No connection to sync server.
04:03:32.719 No connection to sync server.
04:04:32.731 No connection to sync server.
04:05:32.755 No connection to sync server.
04:06:32.759 No connection to sync server.
04:07:32.785 No connection to sync server.
04:08:32.791 No connection to sync server.
04:09:32.821 No connection to sync server.
04:10:32.826 No connection to sync server.
04:11:32.853 No connection to sync server.
04:12:32.854 No connection to sync server.
04:13:32.896 No connection to sync server.
04:14:32.891 No connection to sync server.
04:15:32.912 No connection to sync server.
04:16:32.921 No connection to sync server.
04:17:06.931 Table counts: notes: 308, revisions: 122, attachments: 65, branches: 311, attributes: 457, etapi_tokens: 0, blobs: 333
04:17:06.950 All consistency checks passed with no errors detected (took 19ms)
04:17:32.932 No connection to sync server.
04:18:32.949 No connection to sync server.
04:19:32.970 No connection to sync server.
04:20:32.981 No connection to sync server.
04:21:33.014 No connection to sync server.
04:22:33.021 No connection to sync server.
04:23:33.009 No connection to sync server.
04:24:33.046 No connection to sync server.
04:25:33.041 No connection to sync server.
04:26:33.084 No connection to sync server.
04:27:33.074 No connection to sync server.
04:28:33.116 No connection to sync server.
04:29:33.102 No connection to sync server.
04:30:33.134 No connection to sync server.
04:31:33.160 No connection to sync server.
04:32:33.159 No connection to sync server.
04:33:33.178 No connection to sync server.
04:34:33.175 No connection to sync server.
04:35:33.181 No connection to sync server.
04:36:33.202 No connection to sync server.
04:37:33.209 No connection to sync server.
04:38:33.243 No connection to sync server.
04:39:33.234 No connection to sync server.
04:40:33.275 No connection to sync server.
04:41:33.276 No connection to sync server.
04:42:33.297 No connection to sync server.
04:43:33.324 No connection to sync server.
04:44:33.315 No connection to sync server.
04:45:33.336 No connection to sync server.
04:46:33.352 No connection to sync server.
04:47:33.352 No connection to sync server.
04:48:33.375 No connection to sync server.
04:49:33.392 No connection to sync server.
04:50:33.391 No connection to sync server.
04:51:33.422 No connection to sync server.
04:52:33.431 No connection to sync server.
04:53:33.456 No connection to sync server.
04:54:33.461 No connection to sync server.
04:55:33.493 No connection to sync server.
04:56:33.498 No connection to sync server.
04:57:33.526 No connection to sync server.
04:58:33.521 No connection to sync server.
04:59:33.549 No connection to sync server.
05:00:33.550 No connection to sync server.
05:01:33.587 No connection to sync server.
05:02:33.587 No connection to sync server.
05:03:33.614 No connection to sync server.
05:04:33.616 No connection to sync server.
05:05:33.653 No connection to sync server.
05:06:33.644 No connection to sync server.
05:07:33.679 No connection to sync server.
05:08:33.675 No connection to sync server.
05:09:33.701 No connection to sync server.
05:10:33.702 No connection to sync server.
05:11:33.735 No connection to sync server.
05:12:33.736 No connection to sync server.
05:13:33.771 No connection to sync server.
05:14:33.771 No connection to sync server.
05:15:33.804 No connection to sync server.
05:16:33.809 No connection to sync server.
05:17:06.933 Table counts: notes: 308, revisions: 122, attachments: 65, branches: 311, attributes: 457, etapi_tokens: 0, blobs: 333
05:17:06.947 All consistency checks passed with no errors detected (took 14ms)
05:17:33.804 No connection to sync server.
05:18:33.827 No connection to sync server.
05:19:33.840 No connection to sync server.
05:20:33.861 No connection to sync server.
05:21:33.868 No connection to sync server.
05:22:33.900 No connection to sync server.
05:23:33.905 No connection to sync server.
05:24:33.937 No connection to sync server.
05:25:33.938 No connection to sync server.
05:26:33.953 No connection to sync server.
05:27:33.962 No connection to sync server.
05:28:33.986 No connection to sync server.
05:29:34.004 No connection to sync server.
05:30:34.018 No connection to sync server.
05:31:34.021 No connection to sync server.
05:32:34.035 No connection to sync server.
05:33:34.063 No connection to sync server.
05:34:34.067 No connection to sync server.
05:35:34.072 No connection to sync server.
05:36:34.101 No connection to sync server.
05:37:34.102 No connection to sync server.
05:38:34.134 No connection to sync server.
05:39:34.126 No connection to sync server.
05:40:34.146 No connection to sync server.
05:41:34.177 No connection to sync server.
05:42:34.165 No connection to sync server.
05:43:34.184 No connection to sync server.
05:44:34.168 No connection to sync server.
05:45:34.397 No connection to sync server.
05:46:34.214 No connection to sync server.
05:47:34.202 No connection to sync server.
05:48:34.233 No connection to sync server.
05:49:34.245 No connection to sync server.
05:50:34.259 No connection to sync server.
05:51:34.281 No connection to sync server.
05:52:34.294 No connection to sync server.
05:53:34.301 No connection to sync server.
05:54:34.324 No connection to sync server.
05:55:34.324 No connection to sync server.
05:56:34.357 No connection to sync server.
05:57:34.365 No connection to sync server.
05:58:34.389 No connection to sync server.
05:59:34.399 No connection to sync server.
06:00:34.416 No connection to sync server.
06:01:34.418 No connection to sync server.
06:02:34.446 No connection to sync server.
06:03:34.454 No connection to sync server.
06:04:34.479 No connection to sync server.
06:05:34.496 No connection to sync server.
06:06:34.509 No connection to sync server.
06:07:34.531 No connection to sync server.
06:08:34.551 No connection to sync server.
06:09:34.545 No connection to sync server.
06:10:34.573 No connection to sync server.
06:11:34.568 No connection to sync server.
06:12:34.778 No connection to sync server.
06:13:34.604 No connection to sync server.
06:14:34.597 No connection to sync server.
06:15:34.616 No connection to sync server.
06:16:34.632 No connection to sync server.
06:17:06.935 Table counts: notes: 308, revisions: 122, attachments: 65, branches: 311, attributes: 457, etapi_tokens: 0, blobs: 333
06:17:06.947 All consistency checks passed with no errors detected (took 13ms)
06:17:34.636 No connection to sync server.
06:18:34.669 No connection to sync server.
06:19:34.658 No connection to sync server.
06:20:34.673 No connection to sync server.
06:21:34.679 No connection to sync server.
06:22:34.683 No connection to sync server.
06:23:34.726 No connection to sync server.
06:24:34.713 No connection to sync server.
06:25:34.740 No connection to sync server.
06:26:34.750 No connection to sync server.
06:27:34.775 No connection to sync server.
06:28:34.777 No connection to sync server.
06:29:34.814 No connection to sync server.
06:30:34.810 No connection to sync server.
06:31:35.044 No connection to sync server.
06:32:34.845 No connection to sync server.
06:33:34.874 No connection to sync server.
06:34:34.876 No connection to sync server.
06:35:34.902 No connection to sync server.
06:36:34.902 No connection to sync server.
06:37:34.930 No connection to sync server.
06:38:34.933 No connection to sync server.
06:39:34.948 No connection to sync server.
06:40:34.962 No connection to sync server.
06:41:34.974 No connection to sync server.
06:42:34.995 No connection to sync server.
06:43:34.991 No connection to sync server.
06:44:35.029 No connection to sync server.
06:45:35.027 No connection to sync server.
06:46:35.061 No connection to sync server.
06:47:35.046 No connection to sync server.
06:48:35.074 No connection to sync server.
06:49:35.091 No connection to sync server.
06:50:35.079 No connection to sync server.
06:51:35.112 No connection to sync server.
06:52:35.112 No connection to sync server.
06:53:35.142 No connection to sync server.
06:54:35.130 No connection to sync server.
06:55:35.166 No connection to sync server.
06:56:35.163 No connection to sync server.
06:57:35.189 No connection to sync server.
06:58:35.207 No connection to sync server.
06:59:35.230 No connection to sync server.
07:00:35.234 No connection to sync server.
07:01:35.253 No connection to sync server.
07:02:35.263 No connection to sync server.
07:03:35.291 No connection to sync server.
07:04:35.294 No connection to sync server.
07:05:35.321 No connection to sync server.
07:06:35.317 No connection to sync server.
07:07:35.342 No connection to sync server.
07:08:35.345 No connection to sync server.
07:09:35.363 No connection to sync server.
07:10:35.362 No connection to sync server.
07:11:35.384 No connection to sync server.
07:12:35.390 No connection to sync server.
07:13:35.416 No connection to sync server.
07:14:35.442 No connection to sync server.
07:15:35.442 No connection to sync server.
07:16:35.459 No connection to sync server.
07:17:06.937 Table counts: notes: 308, revisions: 122, attachments: 65, branches: 311, attributes: 457, etapi_tokens: 0, blobs: 333
07:17:06.953 All consistency checks passed with no errors detected (took 17ms)
07:17:35.462 No connection to sync server.
07:18:35.478 No connection to sync server.
07:19:35.498 No connection to sync server.
07:20:35.499 No connection to sync server.
07:21:35.538 No connection to sync server.
07:22:35.530 No connection to sync server.
07:23:35.535 No connection to sync server.
07:24:35.556 No connection to sync server.
07:25:35.559 No connection to sync server.
07:26:35.558 No connection to sync server.
07:27:35.591 No connection to sync server.
07:28:35.592 No connection to sync server.
07:29:35.595 No connection to sync server.
07:30:35.625 No connection to sync server.
07:31:35.622 No connection to sync server.
07:32:35.646 No connection to sync server.
07:33:35.661 No connection to sync server.
07:34:35.664 No connection to sync server.
07:35:35.692 No connection to sync server.
07:36:35.704 No connection to sync server.
07:37:35.728 No connection to sync server.
07:38:35.735 No connection to sync server.
07:39:35.749 No connection to sync server.
07:40:35.761 No connection to sync server.
07:41:35.768 No connection to sync server.
07:42:35.765 No connection to sync server.
07:43:35.798 No connection to sync server.
07:44:35.798 No connection to sync server.
07:45:35.814 No connection to sync server.
07:46:35.831 No connection to sync server.
07:47:35.851 No connection to sync server.
07:48:35.853 No connection to sync server.
07:49:35.935 No connection to sync server.
07:50:35.865 No connection to sync server.
07:51:35.895 No connection to sync server.
07:52:35.893 No connection to sync server.
07:53:35.921 No connection to sync server.
07:54:35.920 No connection to sync server.
07:55:36.018 No connection to sync server.
07:56:35.963 No connection to sync server.
07:57:36.132 No connection to sync server.
07:58:35.993 No connection to sync server.
07:59:36.014 No connection to sync server.
08:00:36.009 No connection to sync server.
08:01:36.031 No connection to sync server.
08:02:36.055 No connection to sync server.
08:03:36.061 No connection to sync server.
08:04:36.072 No connection to sync server.
08:05:36.085 No connection to sync server.
08:06:36.114 No connection to sync server.
08:07:36.130 No connection to sync server.
08:08:36.141 No connection to sync server.
08:09:36.138 No connection to sync server.
08:10:36.150 No connection to sync server.
08:11:36.164 No connection to sync server.
08:12:36.169 No connection to sync server.
08:13:36.194 No connection to sync server.
08:14:36.199 No connection to sync server.
08:15:46.218 No connection to sync server.
08:16:36.234 No connection to sync server.
08:17:06.941 Table counts: notes: 308, revisions: 122, attachments: 65, branches: 311, attributes: 457, etapi_tokens: 0, blobs: 333
08:17:06.958 All consistency checks passed with no errors detected (took 18ms)
08:17:36.244 No connection to sync server.
08:18:36.271 No connection to sync server.
08:19:36.286 No connection to sync server.
08:20:36.291 No connection to sync server.
08:21:36.307 No connection to sync server.
08:22:36.328 No connection to sync server.
08:23:36.341 No connection to sync server.
08:24:36.342 No connection to sync server.
08:25:36.358 No connection to sync server.
08:26:36.389 No connection to sync server.
08:27:36.392 No connection to sync server.
08:28:36.396 No connection to sync server.
08:29:36.425 No connection to sync server.
08:30:36.426 No connection to sync server.
08:31:36.459 No connection to sync server.
08:32:36.455 No connection to sync server.
08:33:36.481 No connection to sync server.
08:34:36.475 No connection to sync server.
08:35:36.516 No connection to sync server.
08:36:36.516 No connection to sync server.
08:37:36.541 No connection to sync server.
08:38:36.542 No connection to sync server.
08:39:36.566 No connection to sync server.
08:40:36.563 No connection to sync server.
08:41:36.592 No connection to sync server.
08:42:36.600 No connection to sync server.
08:43:36.621 No connection to sync server.
08:44:36.783 No connection to sync server.
08:45:36.652 No connection to sync server.
08:46:36.659 No connection to sync server.
08:46:57.956 Error: Router not found for request GET //wp-includes/wlwmanifest.xml
08:46:58.131 Error: Router not found for request GET //xmlrpc.php?rsd
08:46:58.494 Error: Router not found for request GET //blog/wp-includes/wlwmanifest.xml
08:46:59.221 Error: Router not found for request GET //web/wp-includes/wlwmanifest.xml
08:46:59.394 Error: Router not found for request GET //wordpress/wp-includes/wlwmanifest.xml
08:46:59.592 Error: Router not found for request GET //website/wp-includes/wlwmanifest.xml
08:46:59.792 Error: Router not found for request GET //wp/wp-includes/wlwmanifest.xml
08:46:59.965 Error: Router not found for request GET //news/wp-includes/wlwmanifest.xml
08:47:00.135 Error: Router not found for request GET //2018/wp-includes/wlwmanifest.xml
08:47:00.327 Error: Router not found for request GET //2019/wp-includes/wlwmanifest.xml
08:47:00.498 Error: Router not found for request GET //shop/wp-includes/wlwmanifest.xml
08:47:00.900 Error: Router not found for request GET //wp1/wp-includes/wlwmanifest.xml
08:47:01.071 Error: Router not found for request GET //test/wp-includes/wlwmanifest.xml
08:47:01.489 Error: Router not found for request GET //media/wp-includes/wlwmanifest.xml
08:47:01.893 Error: Router not found for request GET //wp2/wp-includes/wlwmanifest.xml
08:47:02.081 Error: Router not found for request GET //site/wp-includes/wlwmanifest.xml
08:47:02.503 Error: Router not found for request GET //cms/wp-includes/wlwmanifest.xml
08:47:02.678 Error: Router not found for request GET //sito/wp-includes/wlwmanifest.xml
08:47:36.666 No connection to sync server.
08:48:36.667 No connection to sync server.
08:49:36.666 No connection to sync server.
08:50:36.693 No connection to sync server.
08:51:36.705 No connection to sync server.
08:52:36.724 No connection to sync server.
08:53:36.730 No connection to sync server.
08:54:36.987 No connection to sync server.
08:55:36.762 No connection to sync server.
08:56:36.800 No connection to sync server.
08:57:36.784 No connection to sync server.
08:58:36.809 No connection to sync server.
08:59:36.819 No connection to sync server.
09:00:36.844 No connection to sync server.
09:01:36.852 No connection to sync server.
09:02:36.843 No connection to sync server.
09:03:36.887 No connection to sync server.
09:04:36.890 No connection to sync server.
09:05:36.898 No connection to sync server.
09:06:36.903 No connection to sync server.
09:07:36.924 No connection to sync server.
09:08:36.929 No connection to sync server.
09:09:36.955 No connection to sync server.
09:10:36.958 No connection to sync server.
09:11:36.982 No connection to sync server.
09:12:36.986 No connection to sync server.
09:13:37.009 No connection to sync server.
09:14:37.024 No connection to sync server.
09:15:37.039 No connection to sync server.
09:16:37.046 No connection to sync server.
09:17:06.941 Table counts: notes: 308, revisions: 122, attachments: 65, branches: 311, attributes: 457, etapi_tokens: 0, blobs: 333
09:17:06.959 All consistency checks passed with no errors detected (took 19ms)
09:17:37.071 No connection to sync server.
09:18:37.069 No connection to sync server.
09:19:37.068 No connection to sync server.
09:20:37.074 No connection to sync server.
09:21:37.100 No connection to sync server.
09:22:37.116 No connection to sync server.
09:23:37.151 No connection to sync server.
09:24:37.135 No connection to sync server.
09:25:37.154 No connection to sync server.
09:26:37.144 No connection to sync server.
09:27:37.173 No connection to sync server.
09:28:37.180 No connection to sync server.
09:29:37.205 No connection to sync server.
09:30:37.221 No connection to sync server.
09:31:37.236 No connection to sync server.
09:32:37.240 No connection to sync server.
09:33:37.251 No connection to sync server.
09:34:37.268 No connection to sync server.
09:35:37.293 No connection to sync server.
09:36:37.294 No connection to sync server.
09:37:37.313 No connection to sync server.
09:38:37.322 No connection to sync server.
09:39:37.359 No connection to sync server.
09:40:37.352 No connection to sync server.
09:41:37.368 No connection to sync server.
09:42:37.384 No connection to sync server.
09:43:37.399 No connection to sync server.
09:44:37.401 No connection to sync server.
09:45:37.425 No connection to sync server.
09:46:37.429 No connection to sync server.
09:47:37.436 No connection to sync server.
09:48:37.436 No connection to sync server.
09:49:37.455 No connection to sync server.
09:50:37.457 No connection to sync server.
09:51:37.487 No connection to sync server.
09:52:37.498 No connection to sync server.
09:53:37.525 No connection to sync server.
09:54:37.519 No connection to sync server.
09:55:37.542 No connection to sync server.
09:56:37.542 No connection to sync server.
09:57:37.572 No connection to sync server.
09:58:37.576 No connection to sync server.
09:59:37.593 No connection to sync server.
10:00:37.597 No connection to sync server.
10:01:37.622 No connection to sync server.
10:02:37.639 No connection to sync server.
10:03:37.648 No connection to sync server.
10:04:37.665 No connection to sync server.
10:05:37.686 No connection to sync server.
10:06:37.680 No connection to sync server.
10:07:37.709 No connection to sync server.
10:08:37.714 No connection to sync server.
10:09:37.828 No connection to sync server.
10:10:37.744 No connection to sync server.
10:11:37.755 No connection to sync server.
10:12:37.764 No connection to sync server.
10:13:37.783 No connection to sync server.
10:14:37.799 No connection to sync server.
10:15:37.811 No connection to sync server.
10:16:37.821 No connection to sync server.
10:17:06.941 Table counts: notes: 308, revisions: 122, attachments: 65, branches: 311, attributes: 457, etapi_tokens: 0, blobs: 333
10:17:06.958 All consistency checks passed with no errors detected (took 17ms)
10:17:37.845 No connection to sync server.
10:18:37.844 No connection to sync server.
10:19:37.870 No connection to sync server.
10:20:37.878 No connection to sync server.
10:21:37.901 No connection to sync server.
10:22:37.910 No connection to sync server.
10:23:37.934 No connection to sync server.
10:24:37.936 No connection to sync server.
10:25:37.962 No connection to sync server.
10:26:37.960 No connection to sync server.
10:27:37.971 No connection to sync server.
10:28:37.984 No connection to sync server.
10:29:37.996 No connection to sync server.
10:30:38.008 No connection to sync server.
10:31:38.016 No connection to sync server.
10:32:38.029 No connection to sync server.
10:33:38.037 No connection to sync server.
10:34:38.073 No connection to sync server.
10:34:58.625 Error: Router not found for request GET /.env
10:34:58.848 Error: Router not found for request GET /phpinfo
10:34:59.033 Error: Router not found for request GET /phpinfo.php
10:34:59.223 Error: Router not found for request GET /portal/.env
10:34:59.533 Error: Router not found for request GET /env/.env
10:34:59.718 Error: Router not found for request GET /api/.env
10:34:59.902 Error: Router not found for request GET /app/.env
10:35:00.087 Error: Router not found for request GET /dev/.env
10:35:00.292 Error: Router not found for request GET /new/.env
10:35:00.587 Error: Router not found for request GET /new/.env.local
10:35:00.774 Error: Router not found for request GET /new/.env.production
10:35:00.961 Error: Router not found for request GET /new/.env.staging
10:35:01.152 Error: Router not found for request GET /_phpinfo.php
10:35:01.550 Error: Router not found for request GET /_profiler/phpinfo
10:35:01.759 Error: Router not found for request GET /_profiler/phpinfo/info.php
10:35:01.957 Error: Router not found for request GET /_profiler/phpinfo/phpinfo.php
10:35:02.151 Error: Router not found for request GET /wp-config
10:35:02.503 Error: Router not found for request GET /aws-secret.yaml
10:35:02.706 Error: Router not found for request GET /awstats/.env
10:35:02.921 Error: Router not found for request GET /conf/.env
10:35:03.152 Error: Router not found for request GET /cron/.env
10:35:03.448 Error: Router not found for request GET /www/.env
10:35:03.636 Error: Router not found for request GET /docker/.env
10:35:03.822 Error: Router not found for request GET /docker/app/.env
10:35:04.035 Error: Router not found for request GET /env.backup
10:35:04.228 Error: Router not found for request GET /xampp/phpinfo.php
10:35:04.481 Error: Router not found for request GET /lara/info.php
10:35:04.675 Error: Router not found for request GET /lara/phpinfo.php
10:35:04.863 Error: Router not found for request GET /laravel/info.php
10:35:05.195 Error: Router not found for request GET /.vscode/.env
10:35:05.385 Error: Router not found for request GET /js/.env
10:35:05.571 Error: Router not found for request GET /laravel/.env
10:35:05.760 Error: Router not found for request GET /laravel/core/.env
10:35:06.036 Error: Router not found for request GET /mail/.env
10:35:06.236 Error: Router not found for request GET /mailer/.env
10:35:06.421 Error: Router not found for request GET /nginx/.env
10:35:06.605 Error: Router not found for request GET /public/.env
10:35:06.872 Error: Router not found for request GET /site/.env
10:35:07.078 Error: Router not found for request GET /xampp/.env
10:35:07.264 Error: Router not found for request GET /main/.env
10:35:07.449 Error: Router not found for request GET /node_modules/.env
10:35:07.682 Error: Router not found for request GET /kyc/.env
10:35:07.959 Error: Router not found for request GET /admin/.env
10:35:08.237 Error: Router not found for request GET /prod/.env
10:35:08.466 Error: Router not found for request GET /.env.bak
10:35:08.712 Error: Router not found for request GET /api/shared/config/config.env
10:35:08.942 Error: Router not found for request GET /api/shared/config.env
10:35:09.127 Error: Router not found for request GET /config.env
10:35:09.313 Error: Router not found for request GET /website/.env
10:35:09.582 Error: Router not found for request GET /development/.env
10:35:09.909 Error: Router not found for request GET /backend/.env
10:35:10.093 Error: Router not found for request GET /api/shared/config/.env
10:35:10.278 Error: Router not found for request GET /api/shared/.env
10:35:10.528 Error: Router not found for request GET /api/config.env
10:35:10.769 Error: Router not found for request GET /service/email_service.py
10:35:10.956 Error: Router not found for request GET /node/.env_example
10:35:11.199 Error: Router not found for request GET /.env.production.local
10:35:11.440 Error: Router not found for request GET /.env.local
10:35:11.788 Error: Router not found for request GET /.env.example
10:35:11.973 Error: Router not found for request GET /.env.stage
10:35:12.160 Error: Router not found for request GET /server/config/database.js
10:35:12.357 Error: Router not found for request GET /.env.old
10:35:12.638 Error: Router not found for request GET /.env_sample
10:35:12.851 Error: Router not found for request GET /scripts/nodemailer.js
10:35:13.038 Error: Router not found for request GET /.env.prod
10:35:13.247 Error: Router not found for request GET /crm/.env
10:35:13.488 Error: Router not found for request GET /local/.env
10:35:13.676 Error: Router not found for request GET /core/.env
10:35:13.861 Error: Router not found for request GET /apps/.env
10:35:14.048 Error: Router not found for request GET /application/.env
10:35:14.280 Error: Router not found for request GET /web/.env
10:35:14.556 Error: Router not found for request GET /.aws/credentials
10:35:14.753 Error: Router not found for request GET /wp-config.php.bak
10:35:14.942 Error: Router not found for request GET /info.php
10:35:15.162 Error: Router not found for request GET /dashboard/phpinfo.php
10:35:15.403 Error: Router not found for request GET /static/js/main.141b0494.js
10:35:15.589 Error: Router not found for request GET /static/js/2.ca066a4b.chunk.js
10:35:15.780 Error: Router not found for request GET /static/js/main.e85f7a37.js
10:35:15.991 Error: Router not found for request GET /admin/server_info.php
10:35:16.246 Error: Router not found for request GET /server_info.php
10:35:16.490 Error: Router not found for request GET /app_dev.php/_profiler/phpinfo
10:35:16.676 Error: Router not found for request GET /test.php
10:35:16.877 Error: Router not found for request GET /server-info
10:35:17.150 Error: Router not found for request GET /server-info.php
10:35:17.417 Error: Router not found for request GET /secured/phpinfo.php
10:35:17.602 Error: Router not found for request GET /config.js
10:35:17.791 Error: Router not found for request GET /server.js
10:35:18.055 Error: Router not found for request GET /appsettings.json
10:35:18.242 Error: Router not found for request GET /shared/config/config.js
10:35:18.427 Error: Router not found for request GET /config/aws.yml
10:35:18.612 Error: Router not found for request GET /settings.py
10:35:18.797 Error: Router not found for request GET /config.json
10:35:19.089 Error: Router not found for request GET /main.js
10:35:19.306 Error: Router not found for request GET /config/constants.js
10:35:19.492 Error: Router not found for request GET /application.properties
10:35:19.679 Error: Router not found for request GET /public/js/main.js
10:35:20.018 Error: Router not found for request GET /js/main.js
10:35:20.623 Error: Router not found for request GET /storage/logs/laravel.log
10:35:20.932 Error: Router not found for request GET /karma.conf.json
10:35:21.136 Error: Router not found for request GET /swagger.json
10:35:21.321 Error: Router not found for request GET /swagger.js
10:35:21.510 Error: Router not found for request GET /gatsby-config.js
10:35:21.789 Error: Router not found for request GET /backend/config/default.yml
10:35:22.000 Error: Router not found for request GET /app.py
10:35:22.186 Error: Router not found for request GET /admin/controllers/merchant.js
10:35:22.372 Error: Router not found for request GET /admin/controllers/partner.js
10:35:22.611 Error: Router not found for request GET /api/config.js
10:35:22.797 Error: Router not found for request GET /api/objects/codes.php.save
10:35:22.983 Error: Router not found for request GET /apis/config/config.js
10:35:23.169 Error: Router not found for request GET /apis/controllers/users.js
10:35:23.355 Error: Router not found for request GET /app.js
10:35:23.638 Error: Router not found for request GET /backend/config/development.yml
10:35:23.862 Error: Router not found for request GET /cloud/Scraper.js
10:35:24.047 Error: Router not found for request GET /config/application.yml
10:35:24.232 Error: Router not found for request GET /config/storage.yml
10:35:24.569 Error: Router not found for request GET /configs/routes-4aug.js
10:35:24.976 Error: Router not found for request GET /configs/routes.js
10:35:25.354 Error: Router not found for request GET /configs/s3_config.json
10:35:25.718 Error: Router not found for request GET /controller/admin/post.js
10:35:25.966 Error: Router not found for request GET /controller/api/post.js
10:35:26.173 Error: Router not found for request GET /controllers/settings.js
10:35:26.362 Error: Router not found for request GET /getcpuutil.php-bakworking
10:35:26.622 Error: Router not found for request GET /helper.js
10:35:26.806 Error: Router not found for request GET /helper/EmailHelper.js
10:35:26.992 Error: Router not found for request GET /index.js
10:35:27.179 Error: Router not found for request GET /index.html
10:35:27.375 Error: Router not found for request GET /my_env/chakaash.py
10:35:27.639 Error: Router not found for request GET /my_env/newsletter.py
10:35:27.827 Error: Router not found for request GET /my_env/palash.py
10:35:28.012 Error: Router not found for request GET /mytest/astech_robot.js
10:35:28.199 Error: Router not found for request GET /partner/config/config.js
10:35:28.501 Error: Router not found for request GET /config/settings.json
10:35:28.690 Error: Router not found for request GET /config/settings.local
10:35:28.876 Error: Router not found for request GET /.circleci/configs/development.yml
10:35:29.062 Error: Router not found for request GET /config/settings.prod
10:35:29.288 Error: Router not found for request GET /app/config/parameters.yml
10:35:29.588 Error: Router not found for request GET /config/parameters.yml
10:35:29.824 Error: Router not found for request GET /user/config/config.js
10:35:30.009 Error: Router not found for request GET /user/controllers/index.js
10:35:30.196 Error: Router not found for request GET /.AWS_/credentials
10:35:30.446 Error: Router not found for request GET /config/local.yml
10:35:30.639 Error: Router not found for request GET /backend/config/settings.yml
10:35:30.824 Error: Router not found for request GET /api/config/config.yml
10:35:31.010 Error: Router not found for request GET /admin/config
10:35:31.199 Error: Router not found for request GET /appsettings.json
10:35:31.407 Error: Router not found for request GET /.travis.yml
10:35:31.594 Error: Router not found for request GET /aws.yml
10:35:31.780 Error: Router not found for request GET /sms.py
10:35:31.997 Error: Router not found for request GET /config/config.json
10:35:32.325 Error: Router not found for request GET /main.yml
10:35:32.585 Error: Router not found for request GET /helpers/utility.js
10:35:32.769 Error: Router not found for request GET /server/s3.js
10:35:32.954 Error: Router not found for request GET /s3.js
10:35:33.205 Error: Router not found for request GET /debug/default/view
10:35:33.391 Error: Router not found for request GET /aws/credentials
10:35:33.578 Error: Router not found for request GET /.aws/config
10:35:38.068 No connection to sync server.
10:36:38.081 No connection to sync server.
10:37:38.083 No connection to sync server.
10:38:38.088 No connection to sync server.
10:39:38.115 No connection to sync server.
10:40:38.122 No connection to sync server.
10:41:38.136 No connection to sync server.
10:42:38.148 No connection to sync server.
10:43:38.169 No connection to sync server.
10:44:38.174 No connection to sync server.
10:45:38.193 No connection to sync server.
10:46:38.194 No connection to sync server.
10:47:38.205 No connection to sync server.
10:48:38.209 No connection to sync server.
10:49:38.227 No connection to sync server.
10:50:38.242 No connection to sync server.
10:51:38.249 No connection to sync server.
10:52:38.264 No connection to sync server.
10:53:38.274 No connection to sync server.
10:54:38.293 No connection to sync server.
10:55:38.309 No connection to sync server.
10:56:38.295 No connection to sync server.
10:57:38.320 No connection to sync server.
10:58:38.331 No connection to sync server.
10:59:38.340 No connection to sync server.
11:00:38.352 No connection to sync server.
11:01:38.352 No connection to sync server.
11:02:38.370 No connection to sync server.
11:03:38.388 No connection to sync server.
11:04:38.398 No connection to sync server.
11:05:38.406 No connection to sync server.
11:06:38.426 No connection to sync server.
11:07:38.432 No connection to sync server.
11:08:38.452 No connection to sync server.
11:09:38.452 No connection to sync server.
11:10:38.479 No connection to sync server.
11:11:38.480 No connection to sync server.
11:12:38.504 No connection to sync server.
11:13:38.503 No connection to sync server.
11:14:38.540 No connection to sync server.
11:15:38.528 No connection to sync server.
11:16:38.578 No connection to sync server.
11:17:06.945 Table counts: notes: 308, revisions: 122, attachments: 65, branches: 311, attributes: 457, etapi_tokens: 0, blobs: 333
11:17:06.968 All consistency checks passed with no errors detected (took 24ms)
11:17:38.560 No connection to sync server.
11:18:38.560 No connection to sync server.
11:19:38.589 No connection to sync server.
11:20:38.587 No connection to sync server.
11:21:38.613 No connection to sync server.
11:22:38.621 No connection to sync server.
11:23:38.641 No connection to sync server.
11:24:38.650 No connection to sync server.
11:25:38.861 No connection to sync server.
11:26:38.676 No connection to sync server.
11:27:38.694 No connection to sync server.
11:28:38.695 No connection to sync server.
11:29:38.709 No connection to sync server.
11:30:38.723 No connection to sync server.
11:31:38.734 No connection to sync server.
11:32:38.758 No connection to sync server.
11:33:38.761 No connection to sync server.
11:34:38.782 No connection to sync server.
11:35:38.800 No connection to sync server.
11:36:38.801 No connection to sync server.
11:37:38.821 No connection to sync server.
11:38:38.836 No connection to sync server.
11:39:38.852 No connection to sync server.
11:40:38.848 No connection to sync server.
11:41:38.877 No connection to sync server.
11:42:38.875 No connection to sync server.
11:43:38.902 No connection to sync server.
11:44:38.924 No connection to sync server.
11:45:38.940 No connection to sync server.
11:46:38.933 No connection to sync server.
11:47:38.952 No connection to sync server.
11:48:38.964 No connection to sync server.
11:49:38.985 No connection to sync server.
11:50:38.968 No connection to sync server.
11:51:39.001 No connection to sync server.
11:52:38.996 No connection to sync server.
11:53:39.032 No connection to sync server.
11:54:39.030 No connection to sync server.
11:55:39.055 No connection to sync server.
11:56:39.049 No connection to sync server.
11:57:39.062 No connection to sync server.
11:58:39.068 No connection to sync server.
11:59:39.101 No connection to sync server.
12:00:39.111 No connection to sync server.
12:01:39.121 No connection to sync server.
12:02:39.130 No connection to sync server.
12:03:39.139 No connection to sync server.
12:04:39.166 No connection to sync server.
12:05:39.179 No connection to sync server.
12:06:39.195 No connection to sync server.
12:07:39.198 No connection to sync server.
12:08:39.203 No connection to sync server.
12:09:39.232 No connection to sync server.
12:10:39.235 No connection to sync server.
12:11:39.249 No connection to sync server.
12:12:39.248 No connection to sync server.
12:13:39.277 No connection to sync server.
12:14:39.282 No connection to sync server.
12:15:39.309 No connection to sync server.
12:16:39.300 No connection to sync server.
12:17:06.652 Optimizing database
12:17:06.653 Optimization finished in 0ms.
12:17:06.945 Table counts: notes: 308, revisions: 122, attachments: 65, branches: 311, attributes: 457, etapi_tokens: 0, blobs: 333
12:17:06.963 All consistency checks passed with no errors detected (took 19ms)
12:17:39.319 No connection to sync server.
12:18:39.325 No connection to sync server.
12:19:39.342 No connection to sync server.
12:20:39.352 No connection to sync server.
12:21:39.376 No connection to sync server.
12:22:39.379 No connection to sync server.
12:23:39.380 No connection to sync server.
12:24:39.409 No connection to sync server.
12:25:39.417 No connection to sync server.
12:26:39.429 No connection to sync server.
12:27:39.444 No connection to sync server.
12:28:39.462 No connection to sync server.
12:29:39.467 No connection to sync server.
12:30:39.465 No connection to sync server.
12:31:39.482 No connection to sync server.
12:32:39.499 No connection to sync server.
12:33:39.503 No connection to sync server.
12:34:39.518 No connection to sync server.
12:35:39.531 No connection to sync server.
12:36:39.558 No connection to sync server.
12:37:39.548 No connection to sync server.
12:38:39.573 No connection to sync server.
12:39:39.572 No connection to sync server.
12:40:39.599 No connection to sync server.
12:41:39.600 No connection to sync server.
12:42:39.625 No connection to sync server.
12:43:39.630 No connection to sync server.
12:44:39.651 No connection to sync server.
12:45:39.648 No connection to sync server.
12:46:39.669 No connection to sync server.
12:47:39.665 No connection to sync server.
12:48:39.681 No connection to sync server.
12:49:39.687 No connection to sync server.
12:50:39.695 No connection to sync server.
12:51:39.705 No connection to sync server.
12:52:39.728 No connection to sync server.
12:53:39.738 No connection to sync server.
12:54:39.749 No connection to sync server.
12:55:39.768 No connection to sync server.
12:56:39.770 No connection to sync server.
12:57:39.789 No connection to sync server.
12:58:39.803 No connection to sync server.
12:59:39.805 No connection to sync server.
13:00:39.836 No connection to sync server.
13:01:39.829 No connection to sync server.
13:02:39.860 No connection to sync server.
13:03:39.862 No connection to sync server.
13:04:39.874 No connection to sync server.
13:05:39.886 No connection to sync server.
13:06:39.899 No connection to sync server.
13:07:39.901 No connection to sync server.
13:08:39.920 No connection to sync server.
13:09:39.924 No connection to sync server.
13:10:39.945 No connection to sync server.
13:11:39.951 No connection to sync server.
13:12:39.969 No connection to sync server.
13:13:32.679 Error: Router not found for request GET /pdown
13:13:39.977 No connection to sync server.
13:14:40.079 No connection to sync server.
13:15:40.003 No connection to sync server.
13:16:40.000 No connection to sync server.
13:17:06.948 Table counts: notes: 308, revisions: 122, attachments: 65, branches: 311, attributes: 457, etapi_tokens: 0, blobs: 333
13:17:06.971 All consistency checks passed with no errors detected (took 24ms)
13:17:40.019 No connection to sync server.
13:18:40.039 No connection to sync server.
13:19:40.042 No connection to sync server.
13:20:40.043 No connection to sync server.
13:21:40.076 No connection to sync server.
13:22:40.064 No connection to sync server.
13:23:40.099 No connection to sync server.
13:24:40.090 No connection to sync server.
13:25:40.116 No connection to sync server.
13:26:40.125 No connection to sync server.
13:27:40.155 No connection to sync server.
13:28:40.148 No connection to sync server.
13:29:40.157 No connection to sync server.
13:30:40.165 No connection to sync server.
13:31:40.218 No connection to sync server.
13:32:40.180 No connection to sync server.
13:33:40.207 No connection to sync server.
13:34:40.209 No connection to sync server.
13:35:40.231 No connection to sync server.
13:36:40.239 No connection to sync server.
13:37:40.268 No connection to sync server.
13:38:40.255 No connection to sync server.
13:39:40.268 No connection to sync server.
13:40:40.278 No connection to sync server.
13:41:40.297 No connection to sync server.
13:42:40.305 No connection to sync server.
13:43:41.357 No connection to sync server.
13:44:40.316 No connection to sync server.
13:45:40.346 No connection to sync server.
13:46:40.337 No connection to sync server.
13:47:40.354 No connection to sync server.
13:48:40.372 No connection to sync server.
13:49:40.386 No connection to sync server.
13:50:40.388 No connection to sync server.
13:51:40.405 No connection to sync server.
13:52:40.421 No connection to sync server.
13:53:40.443 No connection to sync server.
13:54:40.440 No connection to sync server.
13:55:40.462 No connection to sync server.
13:56:40.451 No connection to sync server.
13:57:40.472 No connection to sync server.
13:58:40.473 No connection to sync server.
13:59:40.484 No connection to sync server.
14:00:40.493 No connection to sync server.
14:01:40.508 No connection to sync server.
14:02:40.535 No connection to sync server.
14:03:40.581 No connection to sync server.
14:04:40.559 No connection to sync server.
14:05:40.572 No connection to sync server.
14:06:40.578 No connection to sync server.
14:07:40.584 No connection to sync server.
14:08:40.603 No connection to sync server.
14:09:40.602 No connection to sync server.
14:10:40.622 No connection to sync server.
14:11:40.708 No connection to sync server.
14:12:40.636 No connection to sync server.
14:13:40.634 No connection to sync server.
14:14:40.646 No connection to sync server.
14:15:40.665 No connection to sync server.
14:16:40.662 No connection to sync server.
14:17:06.947 Table counts: notes: 308, revisions: 122, attachments: 65, branches: 311, attributes: 457, etapi_tokens: 0, blobs: 333
14:17:06.961 All consistency checks passed with no errors detected (took 14ms)
14:17:40.677 No connection to sync server.
14:18:40.690 No connection to sync server.
14:19:40.696 No connection to sync server.
14:20:40.720 No connection to sync server.
14:21:40.725 No connection to sync server.
14:22:40.742 No connection to sync server.
14:23:40.739 No connection to sync server.
14:24:40.764 No connection to sync server.
14:25:40.765 No connection to sync server.
14:26:40.784 No connection to sync server.
14:27:40.790 No connection to sync server.
14:28:40.802 No connection to sync server.
14:29:40.818 No connection to sync server.
14:30:40.832 No connection to sync server.
14:31:40.838 No connection to sync server.
14:32:40.850 No connection to sync server.
14:33:40.852 No connection to sync server.
14:34:40.870 No connection to sync server.
14:35:40.888 No connection to sync server.
14:36:40.903 No connection to sync server.
14:37:40.911 No connection to sync server.
14:38:40.924 No connection to sync server.
14:39:40.922 No connection to sync server.
14:40:40.942 No connection to sync server.
14:41:40.952 No connection to sync server.
14:42:40.957 No connection to sync server.
14:43:40.977 No connection to sync server.
14:44:40.980 No connection to sync server.
14:45:40.992 No connection to sync server.
14:46:41.007 No connection to sync server.
14:47:41.016 No connection to sync server.
14:48:41.031 No connection to sync server.
14:49:41.030 No connection to sync server.
14:50:46.050 No connection to sync server.
14:51:41.058 No connection to sync server.
14:52:41.070 No connection to sync server.
14:53:41.075 No connection to sync server.
14:54:41.084 No connection to sync server.
14:55:41.093 No connection to sync server.
14:56:41.108 No connection to sync server.
14:57:41.116 No connection to sync server.
14:58:41.149 No connection to sync server.
14:59:41.130 No connection to sync server.
15:00:13.848 Error: Router not found for request GET //wp-includes/wlwmanifest.xml
15:00:14.193 Error: Router not found for request GET //xmlrpc.php?rsd
15:00:14.655 Error: Router not found for request GET //blog/wp-includes/wlwmanifest.xml
15:00:14.805 Error: Router not found for request GET //web/wp-includes/wlwmanifest.xml
15:00:14.956 Error: Router not found for request GET //wordpress/wp-includes/wlwmanifest.xml
15:00:15.126 Error: Router not found for request GET //website/wp-includes/wlwmanifest.xml
15:00:15.325 Error: Router not found for request GET //wp/wp-includes/wlwmanifest.xml
15:00:15.478 Error: Router not found for request GET //news/wp-includes/wlwmanifest.xml
15:00:15.633 Error: Router not found for request GET //2020/wp-includes/wlwmanifest.xml
15:00:15.986 Error: Router not found for request GET //2019/wp-includes/wlwmanifest.xml
15:00:16.136 Error: Router not found for request GET //shop/wp-includes/wlwmanifest.xml
15:00:16.285 Error: Router not found for request GET //wp1/wp-includes/wlwmanifest.xml
15:00:16.562 Error: Router not found for request GET //test/wp-includes/wlwmanifest.xml
15:00:16.757 Error: Router not found for request GET //wp2/wp-includes/wlwmanifest.xml
15:00:17.085 Error: Router not found for request GET //site/wp-includes/wlwmanifest.xml
15:00:17.244 Error: Router not found for request GET //cms/wp-includes/wlwmanifest.xml
15:00:17.397 Error: Router not found for request GET //sito/wp-includes/wlwmanifest.xml
15:00:41.154 No connection to sync server.
15:01:41.157 No connection to sync server.
15:02:41.190 No connection to sync server.
15:03:41.173 No connection to sync server.
15:04:41.180 No connection to sync server.
15:05:41.205 No connection to sync server.
15:06:41.200 No connection to sync server.
15:07:41.218 No connection to sync server.
15:08:41.218 No connection to sync server.
15:09:41.238 No connection to sync server.
15:10:41.243 No connection to sync server.
15:11:41.258 No connection to sync server.
15:12:41.270 No connection to sync server.
15:13:41.288 No connection to sync server.
15:14:41.290 No connection to sync server.
15:15:41.297 No connection to sync server.
15:16:41.317 No connection to sync server.
15:17:06.950 Table counts: notes: 308, revisions: 122, attachments: 65, branches: 311, attributes: 457, etapi_tokens: 0, blobs: 333
15:17:06.974 All consistency checks passed with no errors detected (took 25ms)
15:17:41.311 No connection to sync server.
15:18:41.315 No connection to sync server.
15:19:41.328 No connection to sync server.
15:20:41.354 No connection to sync server.
15:21:41.352 No connection to sync server.
15:22:41.368 No connection to sync server.
15:23:41.366 No connection to sync server.
15:24:41.396 No connection to sync server.
15:25:41.404 No connection to sync server.
15:26:41.398 No connection to sync server.
15:27:41.397 No connection to sync server.
15:28:41.440 No connection to sync server.
15:29:41.423 No connection to sync server.
15:30:41.443 No connection to sync server.
15:31:41.443 No connection to sync server.
15:32:41.468 No connection to sync server.
15:33:41.479 No connection to sync server.
15:34:41.499 No connection to sync server.
15:35:41.519 No connection to sync server.
15:36:41.510 No connection to sync server.
15:37:41.516 No connection to sync server.
15:38:41.525 No connection to sync server.
15:39:41.529 No connection to sync server.
15:40:41.532 No connection to sync server.
15:41:41.632 No connection to sync server.
15:42:41.563 No connection to sync server.
15:43:41.569 No connection to sync server.
15:44:41.578 No connection to sync server.
15:45:41.588 No connection to sync server.
15:46:41.597 No connection to sync server.
15:47:41.612 No connection to sync server.
15:48:41.618 No connection to sync server.
15:49:41.629 No connection to sync server.
15:50:41.714 No connection to sync server.
15:51:41.648 No connection to sync server.
15:52:41.661 No connection to sync server.
15:53:41.674 No connection to sync server.
15:54:41.691 No connection to sync server.
15:55:41.704 No connection to sync server.
15:56:41.708 No connection to sync server.
15:57:41.729 No connection to sync server.
15:58:41.715 No connection to sync server.
15:59:41.739 No connection to sync server.
16:00:41.742 No connection to sync server.
16:01:41.766 No connection to sync server.
16:02:41.760 No connection to sync server.
16:03:41.769 No connection to sync server.
16:04:41.781 No connection to sync server.
16:05:41.793 No connection to sync server.
16:06:41.813 No connection to sync server.
16:07:41.812 No connection to sync server.
16:08:41.819 No connection to sync server.
16:09:41.818 No connection to sync server.
16:10:41.828 No connection to sync server.
16:11:41.845 No connection to sync server.
16:12:41.855 No connection to sync server.
16:13:41.864 No connection to sync server.
16:14:41.872 No connection to sync server.
16:15:41.875 No connection to sync server.
16:16:41.891 No connection to sync server.
16:17:06.949 Table counts: notes: 308, revisions: 122, attachments: 65, branches: 311, attributes: 457, etapi_tokens: 0, blobs: 333
16:17:06.967 All consistency checks passed with no errors detected (took 18ms)
16:17:41.905 No connection to sync server.
16:18:41.921 No connection to sync server.
16:19:41.921 No connection to sync server.
16:20:41.925 No connection to sync server.
16:21:41.932 No connection to sync server.
16:22:41.948 No connection to sync server.
16:23:41.965 No connection to sync server.
16:24:41.962 No connection to sync server.
16:25:41.985 No connection to sync server.
16:26:41.978 No connection to sync server.
16:27:42.012 No connection to sync server.
16:28:42.015 No connection to sync server.
16:29:42.025 No connection to sync server.
16:30:42.032 No connection to sync server.
16:31:42.046 No connection to sync server.
16:32:42.039 No connection to sync server.
16:33:42.058 No connection to sync server.
16:34:42.056 No connection to sync server.
16:35:42.075 No connection to sync server.
16:36:42.090 No connection to sync server.
16:37:42.097 No connection to sync server.
16:38:42.097 No connection to sync server.
16:39:42.110 No connection to sync server.
16:40:42.117 No connection to sync server.
16:41:42.130 No connection to sync server.
16:42:42.132 No connection to sync server.
16:43:42.152 No connection to sync server.
16:44:42.157 No connection to sync server.
16:45:42.156 No connection to sync server.
16:46:42.179 No connection to sync server.
16:47:42.173 No connection to sync server.
16:48:42.173 No connection to sync server.
16:49:42.196 No connection to sync server.
16:50:42.204 No connection to sync server.
16:51:42.211 No connection to sync server.
16:52:42.212 No connection to sync server.
16:53:42.238 No connection to sync server.
16:54:42.230 No connection to sync server.
16:55:42.246 No connection to sync server.
16:56:42.248 No connection to sync server.
16:57:42.264 No connection to sync server.
16:58:42.265 No connection to sync server.
16:59:42.261 No connection to sync server.
17:00:42.272 No connection to sync server.
17:01:42.289 No connection to sync server.
17:02:42.292 No connection to sync server.
17:03:42.309 No connection to sync server.
17:04:42.305 No connection to sync server.
17:05:42.315 No connection to sync server.
17:06:42.324 No connection to sync server.
17:07:42.340 No connection to sync server.
17:08:42.347 No connection to sync server.
17:09:42.362 No connection to sync server.
17:10:42.362 No connection to sync server.
17:11:42.366 No connection to sync server.
17:12:42.391 No connection to sync server.
17:13:42.392 No connection to sync server.
17:14:42.390 No connection to sync server.
17:15:42.405 No connection to sync server.
17:16:42.416 No connection to sync server.
17:17:06.952 Table counts: notes: 308, revisions: 122, attachments: 65, branches: 311, attributes: 457, etapi_tokens: 0, blobs: 333
17:17:06.974 All consistency checks passed with no errors detected (took 23ms)
17:17:42.415 No connection to sync server.
17:18:42.422 No connection to sync server.
17:19:42.439 No connection to sync server.
17:20:42.440 No connection to sync server.
17:21:42.452 No connection to sync server.
17:22:42.470 No connection to sync server.
17:23:42.472 No connection to sync server.
17:24:42.482 No connection to sync server.
17:25:42.497 No connection to sync server.
17:26:42.498 No connection to sync server.
17:27:42.510 No connection to sync server.
17:28:42.512 No connection to sync server.
17:29:42.535 No connection to sync server.
17:30:42.518 No connection to sync server.
17:31:42.537 No connection to sync server.
17:32:42.556 No connection to sync server.
17:33:42.558 No connection to sync server.
17:34:42.550 No connection to sync server.
17:35:42.577 No connection to sync server.
17:36:42.585 No connection to sync server.
17:37:42.592 No connection to sync server.
17:38:42.592 No connection to sync server.
17:39:42.603 No connection to sync server.
17:40:42.616 No connection to sync server.
17:41:42.630 No connection to sync server.
17:42:42.638 No connection to sync server.
17:43:42.652 No connection to sync server.
17:44:42.647 No connection to sync server.
17:45:42.656 No connection to sync server.
17:46:42.670 No connection to sync server.
17:47:42.666 No connection to sync server.
17:48:42.684 No connection to sync server.
17:49:42.684 No connection to sync server.
17:50:42.703 No connection to sync server.
17:51:42.708 No connection to sync server.
17:52:42.720 No connection to sync server.
17:53:42.726 No connection to sync server.
17:54:42.724 No connection to sync server.
17:55:42.726 No connection to sync server.
17:56:42.744 No connection to sync server.
17:57:42.744 No connection to sync server.
17:58:42.773 No connection to sync server.
17:59:42.762 No connection to sync server.
18:00:42.785 No connection to sync server.
18:01:42.796 No connection to sync server.
18:02:42.791 No connection to sync server.
18:03:42.799 No connection to sync server.
18:04:42.818 No connection to sync server.
18:05:42.811 No connection to sync server.
18:06:42.828 No connection to sync server.
18:07:42.835 No connection to sync server.
18:08:42.846 No connection to sync server.
18:09:42.854 No connection to sync server.
18:10:42.856 No connection to sync server.
18:11:42.870 No connection to sync server.
18:12:42.874 No connection to sync server.
18:13:42.892 No connection to sync server.
18:14:42.908 No connection to sync server.
18:15:42.894 No connection to sync server.
18:16:42.909 No connection to sync server.
18:17:06.952 Table counts: notes: 308, revisions: 122, attachments: 65, branches: 311, attributes: 457, etapi_tokens: 0, blobs: 333
18:17:06.977 All consistency checks passed with no errors detected (took 26ms)
18:17:42.913 No connection to sync server.
18:18:42.917 No connection to sync server.
18:19:42.929 No connection to sync server.
18:20:42.939 No connection to sync server.
18:21:42.941 No connection to sync server.
18:22:42.958 No connection to sync server.
18:23:42.961 No connection to sync server.
18:24:42.964 No connection to sync server.
18:25:42.972 No connection to sync server.
18:26:42.985 No connection to sync server.
18:27:42.982 No connection to sync server.
18:28:42.997 No connection to sync server.
18:29:42.999 No connection to sync server.
18:30:43.023 No connection to sync server.
18:31:43.030 No connection to sync server.
18:32:43.025 No connection to sync server.
18:33:43.037 No connection to sync server.
18:34:43.033 No connection to sync server.
18:35:43.043 No connection to sync server.
18:36:43.037 No connection to sync server.
18:37:43.058 No connection to sync server.
18:38:43.040 No connection to sync server.
18:39:43.040 No connection to sync server.
18:40:43.035 No connection to sync server.
18:41:43.053 No connection to sync server.
18:42:43.052 No connection to sync server.
18:43:43.068 No connection to sync server.
18:44:43.068 No connection to sync server.
18:45:43.077 No connection to sync server.
18:46:43.084 No connection to sync server.
18:47:43.098 No connection to sync server.
18:48:43.095 No connection to sync server.
18:49:43.115 No connection to sync server.
18:50:43.113 No connection to sync server.
18:51:43.114 No connection to sync server.
18:52:43.115 No connection to sync server.
18:53:43.138 No connection to sync server.
18:54:43.133 No connection to sync server.
18:55:43.137 No connection to sync server.
18:56:43.158 No connection to sync server.
18:57:43.158 No connection to sync server.
18:58:43.167 No connection to sync server.
18:59:43.169 No connection to sync server.
19:00:43.174 No connection to sync server.
19:01:43.180 No connection to sync server.
19:02:43.197 No connection to sync server.
19:03:43.198 No connection to sync server.
19:04:43.202 No connection to sync server.
19:05:43.209 No connection to sync server.
19:06:43.223 No connection to sync server.
19:07:43.213 No connection to sync server.
19:08:43.229 No connection to sync server.
19:09:43.238 No connection to sync server.
19:10:43.240 No connection to sync server.
19:11:43.244 No connection to sync server.
19:12:43.255 No connection to sync server.
19:13:43.258 No connection to sync server.
19:14:43.265 No connection to sync server.
19:15:43.275 No connection to sync server.
19:16:43.284 No connection to sync server.
19:17:06.954 Table counts: notes: 308, revisions: 122, attachments: 65, branches: 311, attributes: 457, etapi_tokens: 0, blobs: 333
19:17:06.975 All consistency checks passed with no errors detected (took 22ms)
19:17:43.282 No connection to sync server.
19:18:43.293 No connection to sync server.
19:19:43.297 No connection to sync server.
19:20:43.313 No connection to sync server.
19:21:43.312 No connection to sync server.
19:22:43.316 No connection to sync server.
19:23:43.331 No connection to sync server.
19:24:43.340 No connection to sync server.
19:25:43.340 No connection to sync server.
19:26:43.345 No connection to sync server.
19:27:43.351 No connection to sync server.
19:28:43.362 No connection to sync server.
19:29:43.366 No connection to sync server.
19:30:43.379 No connection to sync server.
19:31:43.380 No connection to sync server.
19:32:43.392 No connection to sync server.
19:33:43.408 No connection to sync server.
19:34:43.412 No connection to sync server.
19:35:43.407 No connection to sync server.
19:36:43.415 No connection to sync server.
19:37:43.412 No connection to sync server.
19:38:43.426 No connection to sync server.
19:39:43.430 No connection to sync server.
19:40:43.439 No connection to sync server.
19:41:43.447 No connection to sync server.
19:42:43.456 No connection to sync server.
19:43:43.450 No connection to sync server.
19:44:43.466 No connection to sync server.
19:45:43.464 No connection to sync server.
19:46:43.474 No connection to sync server.
19:47:43.472 No connection to sync server.
19:48:43.484 No connection to sync server.
19:49:43.494 No connection to sync server.
19:50:43.493 No connection to sync server.
19:51:43.508 No connection to sync server.
19:52:43.513 No connection to sync server.
19:53:43.525 No connection to sync server.
19:54:43.547 No connection to sync server.
19:55:43.531 No connection to sync server.
19:56:43.531 No connection to sync server.
19:57:43.541 No connection to sync server.
19:58:43.552 No connection to sync server.
19:59:43.559 No connection to sync server.
20:00:43.553 No connection to sync server.
20:01:43.567 No connection to sync server.
20:02:43.580 No connection to sync server.
20:03:43.579 No connection to sync server.
20:04:43.576 No connection to sync server.
20:05:43.581 No connection to sync server.
20:06:43.580 No connection to sync server.
20:07:43.596 No connection to sync server.
20:08:43.593 No connection to sync server.
20:09:43.609 No connection to sync server.
20:10:43.610 No connection to sync server.
20:11:43.619 No connection to sync server.
20:12:43.634 No connection to sync server.
20:13:43.635 No connection to sync server.
20:14:43.634 No connection to sync server.
20:15:43.643 No connection to sync server.
20:16:43.648 No connection to sync server.
20:17:06.955 Table counts: notes: 308, revisions: 122, attachments: 65, branches: 311, attributes: 457, etapi_tokens: 0, blobs: 333
20:17:06.980 All consistency checks passed with no errors detected (took 26ms)
20:17:43.650 No connection to sync server.
20:18:43.658 No connection to sync server.
20:19:43.670 No connection to sync server.
20:20:43.666 No connection to sync server.
20:21:43.670 No connection to sync server.
20:22:43.692 No connection to sync server.
20:23:43.690 No connection to sync server.
20:24:43.690 No connection to sync server.
20:25:43.697 No connection to sync server.
20:26:43.700 No connection to sync server.
20:27:43.716 No connection to sync server.
20:28:43.713 No connection to sync server.
20:29:43.717 No connection to sync server.
20:30:43.727 No connection to sync server.
20:31:43.735 No connection to sync server.
20:32:43.737 No connection to sync server.
20:33:43.744 No connection to sync server.
20:34:43.749 No connection to sync server.
20:35:43.752 No connection to sync server.
20:36:43.768 No connection to sync server.
20:37:43.762 No connection to sync server.
20:38:43.772 No connection to sync server.
20:39:43.775 No connection to sync server.
20:40:43.783 No connection to sync server.
20:41:43.795 No connection to sync server.
20:42:43.784 No connection to sync server.
20:43:43.800 No connection to sync server.
20:44:43.787 No connection to sync server.
20:45:43.804 No connection to sync server.
20:46:43.800 No connection to sync server.
20:47:43.808 No connection to sync server.
20:48:43.822 No connection to sync server.
20:49:43.816 No connection to sync server.
20:50:43.831 No connection to sync server.
20:51:43.826 No connection to sync server.
20:52:43.834 No connection to sync server.
20:53:43.832 No connection to sync server.
20:54:43.836 No connection to sync server.
20:55:43.840 No connection to sync server.
20:56:43.861 No connection to sync server.
20:57:43.865 No connection to sync server.
20:58:43.862 No connection to sync server.
20:59:43.866 No connection to sync server.
21:00:43.876 No connection to sync server.
21:01:43.876 No connection to sync server.
21:02:43.881 No connection to sync server.
21:03:43.891 No connection to sync server.
21:04:43.883 No connection to sync server.
21:05:43.890 No connection to sync server.
21:06:43.889 No connection to sync server.
21:07:43.900 No connection to sync server.
21:08:43.904 No connection to sync server.
21:09:43.917 No connection to sync server.
21:10:43.910 No connection to sync server.
21:11:43.930 No connection to sync server.
21:12:43.928 No connection to sync server.
21:13:43.934 No connection to sync server.
21:14:43.935 No connection to sync server.
21:15:43.942 No connection to sync server.
21:16:43.939 No connection to sync server.
21:17:06.958 Table counts: notes: 308, revisions: 122, attachments: 65, branches: 311, attributes: 457, etapi_tokens: 0, blobs: 333
21:17:06.982 All consistency checks passed with no errors detected (took 25ms)
21:17:43.944 No connection to sync server.
21:18:43.951 No connection to sync server.
21:19:43.957 No connection to sync server.
21:20:44.014 No connection to sync server.
21:21:43.961 No connection to sync server.
21:22:43.966 No connection to sync server.
21:23:43.972 No connection to sync server.
21:24:43.986 No connection to sync server.
21:25:43.983 No connection to sync server.
21:26:43.991 No connection to sync server.
21:27:43.987 No connection to sync server.
21:28:43.993 No connection to sync server.
21:29:44.005 No connection to sync server.
21:30:44.007 No connection to sync server.
21:31:44.003 No connection to sync server.
21:32:44.004 No connection to sync server.
21:33:44.012 No connection to sync server.
21:34:44.028 No connection to sync server.
21:35:44.018 No connection to sync server.
21:36:44.028 No connection to sync server.
21:37:44.031 No connection to sync server.
21:38:44.024 No connection to sync server.
21:39:44.033 No connection to sync server.
21:40:44.042 No connection to sync server.
21:41:44.033 No connection to sync server.
21:42:44.058 No connection to sync server.
21:43:44.057 No connection to sync server.
21:44:44.068 No connection to sync server.
21:45:44.059 No connection to sync server.
21:46:44.068 No connection to sync server.
21:47:44.059 No connection to sync server.
21:48:44.079 No connection to sync server.
21:49:44.069 No connection to sync server.
21:50:44.086 No connection to sync server.
21:51:44.090 No connection to sync server.
21:52:44.089 No connection to sync server.
21:53:44.093 No connection to sync server.
21:54:44.101 No connection to sync server.
21:55:44.103 No connection to sync server.
21:56:44.106 No connection to sync server.
21:57:44.098 No connection to sync server.
21:58:44.115 No connection to sync server.
21:59:44.120 No connection to sync server.
22:00:44.113 No connection to sync server.
22:01:44.108 No connection to sync server.
22:02:44.132 No connection to sync server.
22:03:44.124 No connection to sync server.
22:04:44.124 No connection to sync server.
22:05:44.137 No connection to sync server.
22:06:44.138 No connection to sync server.
22:07:44.129 No connection to sync server.
22:08:44.153 No connection to sync server.
22:09:44.142 No connection to sync server.
22:10:44.146 No connection to sync server.
22:11:44.145 No connection to sync server.
22:12:44.153 No connection to sync server.
22:13:44.167 No connection to sync server.
22:14:44.152 No connection to sync server.
22:15:44.162 No connection to sync server.
22:16:44.166 No connection to sync server.
22:17:06.654 Optimizing database
22:17:06.655 Optimization finished in 1ms.
22:17:06.958 Table counts: notes: 308, revisions: 122, attachments: 65, branches: 311, attributes: 457, etapi_tokens: 0, blobs: 333
22:17:06.975 All consistency checks passed with no errors detected (took 18ms)
22:17:44.167 No connection to sync server.
22:18:44.162 No connection to sync server.
22:19:44.176 No connection to sync server.
22:20:44.173 No connection to sync server.
22:21:44.172 No connection to sync server.
22:22:44.176 No connection to sync server.
22:23:44.170 No connection to sync server.
22:24:44.180 No connection to sync server.
22:25:44.180 No connection to sync server.
22:26:44.184 No connection to sync server.
22:27:44.186 No connection to sync server.
22:28:44.188 No connection to sync server.
22:29:44.190 No connection to sync server.
22:30:44.186 No connection to sync server.
22:31:44.195 No connection to sync server.
22:32:44.196 No connection to sync server.
22:33:44.190 No connection to sync server.
22:34:44.216 No connection to sync server.
22:35:44.197 No connection to sync server.
22:36:44.208 No connection to sync server.
22:37:44.207 No connection to sync server.
22:38:44.206 No connection to sync server.
22:39:44.200 No connection to sync server.
22:40:44.205 No connection to sync server.
22:41:44.218 No connection to sync server.
22:42:44.210 No connection to sync server.
22:43:44.215 No connection to sync server.
22:44:44.222 No connection to sync server.
22:45:44.218 No connection to sync server.
22:46:44.228 No connection to sync server.
22:47:44.212 No connection to sync server.
22:48:44.220 No connection to sync server.
22:49:44.228 No connection to sync server.
22:50:44.215 No connection to sync server.
22:51:44.219 No connection to sync server.
22:52:44.231 No connection to sync server.
22:53:44.228 No connection to sync server.
22:54:44.235 No connection to sync server.
22:55:44.241 No connection to sync server.
22:56:44.236 No connection to sync server.
22:57:44.221 No connection to sync server.
22:58:44.230 No connection to sync server.
22:59:44.235 No connection to sync server.
23:00:44.234 No connection to sync server.
23:01:44.233 No connection to sync server.
23:02:44.230 No connection to sync server.
23:03:44.231 No connection to sync server.
23:04:44.248 No connection to sync server.
23:05:44.234 No connection to sync server.
23:06:44.235 No connection to sync server.
23:07:44.246 No connection to sync server.
23:08:44.241 No connection to sync server.
23:09:44.240 No connection to sync server.
23:10:44.243 No connection to sync server.
23:11:44.242 No connection to sync server.
23:12:44.242 No connection to sync server.
23:13:44.249 No connection to sync server.
23:14:44.241 No connection to sync server.
23:15:44.254 No connection to sync server.
23:16:44.242 No connection to sync server.
23:17:06.959 Table counts: notes: 308, revisions: 122, attachments: 65, branches: 311, attributes: 457, etapi_tokens: 0, blobs: 333
23:17:06.978 All consistency checks passed with no errors detected (took 20ms)
23:17:44.240 No connection to sync server.
23:18:44.243 No connection to sync server.
23:19:44.248 No connection to sync server.
23:20:44.255 No connection to sync server.
23:21:44.272 No connection to sync server.
23:22:44.286 No connection to sync server.
23:23:44.310 No connection to sync server.
23:24:44.321 No connection to sync server.
23:25:44.342 No connection to sync server.
23:26:44.356 No connection to sync server.
23:27:44.376 No connection to sync server.
23:28:44.391 No connection to sync server.
23:29:44.388 No connection to sync server.
23:30:44.418 No connection to sync server.
23:31:44.426 No connection to sync server.
23:32:44.431 No connection to sync server.
23:33:44.439 No connection to sync server.
23:34:44.444 No connection to sync server.
23:35:44.460 No connection to sync server.
23:36:44.469 No connection to sync server.
23:37:44.478 No connection to sync server.
23:38:44.512 No connection to sync server.
23:39:44.522 No connection to sync server.
23:40:44.532 No connection to sync server.
23:41:44.557 No connection to sync server.
23:42:44.566 No connection to sync server.
23:43:44.592 No connection to sync server.
23:44:44.605 No connection to sync server.
23:45:44.624 No connection to sync server.
23:46:44.639 No connection to sync server.
23:47:44.657 No connection to sync server.
23:48:44.667 No connection to sync server.
23:49:44.691 No connection to sync server.
23:50:44.715 No connection to sync server.
23:51:44.709 No connection to sync server.
23:52:44.739 No connection to sync server.
23:53:44.743 No connection to sync server.
23:54:44.763 No connection to sync server.
23:55:44.766 No connection to sync server.
23:56:44.802 No connection to sync server.
23:57:44.797 No connection to sync server.
23:58:44.821 No connection to sync server.
23:59:44.826 No connection to sync server.
