00:50:17.012 Table counts: notes: 301, revisions: 65, attachments: 38, branches: 304, attributes: 446, etapi_tokens: 0, blobs: 275
00:50:17.029 All consistency checks passed with no errors detected (took 18ms)
01:50:15.966 Optimizing database
01:50:15.970 Optimization finished in 2ms.
01:50:17.013 Table counts: notes: 301, revisions: 65, attachments: 38, branches: 304, attributes: 446, etapi_tokens: 0, blobs: 275
01:50:17.033 All consistency checks passed with no errors detected (took 21ms)
02:50:17.031 Table counts: notes: 301, revisions: 65, attachments: 38, branches: 304, attributes: 446, etapi_tokens: 0, blobs: 275
02:50:17.051 All consistency checks passed with no errors detected (took 20ms)
03:50:17.036 Table counts: notes: 301, revisions: 65, attachments: 38, branches: 304, attributes: 446, etapi_tokens: 0, blobs: 275
03:50:17.056 All consistency checks passed with no errors detected (took 20ms)
04:50:17.040 Table counts: notes: 301, revisions: 65, attachments: 38, branches: 304, attributes: 446, etapi_tokens: 0, blobs: 275
04:50:17.068 All consistency checks passed with no errors detected (took 28ms)
05:03:19.642 Error: Router not found for request GET /wiki
05:50:17.043 Table counts: notes: 301, revisions: 65, attachments: 38, branches: 304, attributes: 446, etapi_tokens: 0, blobs: 275
05:50:17.060 All consistency checks passed with no errors detected (took 18ms)
06:50:17.047 Table counts: notes: 301, revisions: 65, attachments: 38, branches: 304, attributes: 446, etapi_tokens: 0, blobs: 275
06:50:17.068 All consistency checks passed with no errors detected (took 21ms)
07:50:17.065 Table counts: notes: 301, revisions: 65, attachments: 38, branches: 304, attributes: 446, etapi_tokens: 0, blobs: 275
07:50:17.082 All consistency checks passed with no errors detected (took 18ms)
08:50:17.072 Table counts: notes: 301, revisions: 65, attachments: 38, branches: 304, attributes: 446, etapi_tokens: 0, blobs: 275
08:50:17.087 All consistency checks passed with no errors detected (took 15ms)
09:50:17.073 Table counts: notes: 301, revisions: 65, attachments: 38, branches: 304, attributes: 446, etapi_tokens: 0, blobs: 275
09:50:17.086 All consistency checks passed with no errors detected (took 14ms)
10:50:17.091 Table counts: notes: 301, revisions: 65, attachments: 38, branches: 304, attributes: 446, etapi_tokens: 0, blobs: 275
10:50:17.109 All consistency checks passed with no errors detected (took 19ms)
11:50:15.980 Optimizing database
11:50:15.984 Optimization finished in 1ms.
11:50:17.094 Table counts: notes: 301, revisions: 65, attachments: 38, branches: 304, attributes: 446, etapi_tokens: 0, blobs: 275
11:50:17.114 All consistency checks passed with no errors detected (took 22ms)
12:50:17.104 Table counts: notes: 301, revisions: 65, attachments: 38, branches: 304, attributes: 446, etapi_tokens: 0, blobs: 275
12:50:17.119 All consistency checks passed with no errors detected (took 15ms)
13:50:17.104 Table counts: notes: 301, revisions: 65, attachments: 38, branches: 304, attributes: 446, etapi_tokens: 0, blobs: 275
13:50:17.119 All consistency checks passed with no errors detected (took 15ms)
14:50:17.117 Table counts: notes: 301, revisions: 65, attachments: 38, branches: 304, attributes: 446, etapi_tokens: 0, blobs: 275
14:50:17.132 All consistency checks passed with no errors detected (took 16ms)
15:50:17.124 Table counts: notes: 301, revisions: 65, attachments: 38, branches: 304, attributes: 446, etapi_tokens: 0, blobs: 275
15:50:17.148 All consistency checks passed with no errors detected (took 23ms)
16:50:17.129 Table counts: notes: 301, revisions: 65, attachments: 38, branches: 304, attributes: 446, etapi_tokens: 0, blobs: 275
16:50:17.148 All consistency checks passed with no errors detected (took 20ms)
17:50:17.131 Table counts: notes: 301, revisions: 65, attachments: 38, branches: 304, attributes: 446, etapi_tokens: 0, blobs: 275
17:50:17.153 All consistency checks passed with no errors detected (took 23ms)
18:50:17.133 Table counts: notes: 301, revisions: 65, attachments: 38, branches: 304, attributes: 446, etapi_tokens: 0, blobs: 275
18:50:17.150 All consistency checks passed with no errors detected (took 16ms)
19:50:17.134 Table counts: notes: 301, revisions: 65, attachments: 38, branches: 304, attributes: 446, etapi_tokens: 0, blobs: 275
19:50:17.156 All consistency checks passed with no errors detected (took 22ms)
20:50:17.144 Table counts: notes: 301, revisions: 65, attachments: 38, branches: 304, attributes: 446, etapi_tokens: 0, blobs: 275
20:50:17.162 All consistency checks passed with no errors detected (took 19ms)
21:50:15.990 Optimizing database
21:50:15.993 Optimization finished in 1ms.
21:50:17.144 Table counts: notes: 301, revisions: 65, attachments: 38, branches: 304, attributes: 446, etapi_tokens: 0, blobs: 275
21:50:17.160 All consistency checks passed with no errors detected (took 17ms)
22:50:17.154 Table counts: notes: 301, revisions: 65, attachments: 38, branches: 304, attributes: 446, etapi_tokens: 0, blobs: 275
22:50:17.175 All consistency checks passed with no errors detected (took 22ms)
23:50:17.161 Table counts: notes: 301, revisions: 65, attachments: 38, branches: 304, attributes: 446, etapi_tokens: 0, blobs: 275
23:50:17.185 All consistency checks passed with no errors detected (took 23ms)
