00:50:15.892 Table counts: notes: 299, revisions: 59, attachments: 38, branches: 302, attributes: 446, etapi_tokens: 0, blobs: 270
00:50:15.914 All consistency checks passed with no errors detected (took 23ms)
01:50:15.892 Table counts: notes: 299, revisions: 59, attachments: 38, branches: 302, attributes: 446, etapi_tokens: 0, blobs: 270
01:50:15.910 All consistency checks passed with no errors detected (took 19ms)
02:50:15.894 Table counts: notes: 299, revisions: 59, attachments: 38, branches: 302, attributes: 446, etapi_tokens: 0, blobs: 270
02:50:15.914 All consistency checks passed with no errors detected (took 22ms)
03:50:15.741 Optimizing database
03:50:15.743 Optimization finished in 1ms.
03:50:15.894 Table counts: notes: 299, revisions: 59, attachments: 38, branches: 302, attributes: 446, etapi_tokens: 0, blobs: 270
03:50:15.925 All consistency checks passed with no errors detected (took 32ms)
04:50:15.898 Table counts: notes: 299, revisions: 59, attachments: 38, branches: 302, attributes: 446, etapi_tokens: 0, blobs: 270
04:50:15.917 All consistency checks passed with no errors detected (took 20ms)
05:50:15.898 Table counts: notes: 299, revisions: 59, attachments: 38, branches: 302, attributes: 446, etapi_tokens: 0, blobs: 270
05:50:15.919 All consistency checks passed with no errors detected (took 22ms)
06:50:15.899 Table counts: notes: 299, revisions: 59, attachments: 38, branches: 302, attributes: 446, etapi_tokens: 0, blobs: 270
06:50:15.914 All consistency checks passed with no errors detected (took 16ms)
07:50:15.900 Table counts: notes: 299, revisions: 59, attachments: 38, branches: 302, attributes: 446, etapi_tokens: 0, blobs: 270
07:50:15.915 All consistency checks passed with no errors detected (took 14ms)
08:50:15.905 Table counts: notes: 299, revisions: 59, attachments: 38, branches: 302, attributes: 446, etapi_tokens: 0, blobs: 270
08:50:15.921 All consistency checks passed with no errors detected (took 17ms)
09:50:15.905 Table counts: notes: 299, revisions: 59, attachments: 38, branches: 302, attributes: 446, etapi_tokens: 0, blobs: 270
09:50:15.923 All consistency checks passed with no errors detected (took 18ms)
10:50:15.908 Table counts: notes: 299, revisions: 59, attachments: 38, branches: 302, attributes: 446, etapi_tokens: 0, blobs: 270
10:50:15.928 All consistency checks passed with no errors detected (took 20ms)
11:46:58.074 Error: Router not found for request GET /.git/config
11:50:15.911 Table counts: notes: 299, revisions: 59, attachments: 38, branches: 302, attributes: 446, etapi_tokens: 0, blobs: 270
11:50:15.926 All consistency checks passed with no errors detected (took 15ms)
12:13:17.275 Error: Router not found for request GET /.git/config
12:50:15.915 Table counts: notes: 299, revisions: 59, attachments: 38, branches: 302, attributes: 446, etapi_tokens: 0, blobs: 270
12:50:15.934 All consistency checks passed with no errors detected (took 19ms)
13:50:15.745 Optimizing database
13:50:15.747 Optimization finished in 1ms.
13:50:15.915 Table counts: notes: 299, revisions: 59, attachments: 38, branches: 302, attributes: 446, etapi_tokens: 0, blobs: 270
13:50:15.937 All consistency checks passed with no errors detected (took 22ms)
14:50:15.919 Table counts: notes: 299, revisions: 59, attachments: 38, branches: 302, attributes: 446, etapi_tokens: 0, blobs: 270
14:50:15.940 All consistency checks passed with no errors detected (took 21ms)
15:50:15.923 Table counts: notes: 299, revisions: 59, attachments: 38, branches: 302, attributes: 446, etapi_tokens: 0, blobs: 270
15:50:15.940 All consistency checks passed with no errors detected (took 18ms)
16:50:15.925 Table counts: notes: 299, revisions: 59, attachments: 38, branches: 302, attributes: 446, etapi_tokens: 0, blobs: 270
16:50:15.942 All consistency checks passed with no errors detected (took 18ms)
17:50:15.930 Table counts: notes: 299, revisions: 59, attachments: 38, branches: 302, attributes: 446, etapi_tokens: 0, blobs: 270
17:50:15.944 All consistency checks passed with no errors detected (took 20ms)
18:50:15.928 Table counts: notes: 299, revisions: 59, attachments: 38, branches: 302, attributes: 446, etapi_tokens: 0, blobs: 270
18:50:15.951 All consistency checks passed with no errors detected (took 23ms)
19:50:15.932 Table counts: notes: 299, revisions: 59, attachments: 38, branches: 302, attributes: 446, etapi_tokens: 0, blobs: 270
19:50:15.953 All consistency checks passed with no errors detected (took 21ms)
20:50:15.937 Table counts: notes: 299, revisions: 59, attachments: 38, branches: 302, attributes: 446, etapi_tokens: 0, blobs: 270
20:50:15.958 All consistency checks passed with no errors detected (took 22ms)
21:37:00.643 Error: Router not found for request GET /.git/
21:50:15.937 Table counts: notes: 299, revisions: 59, attachments: 38, branches: 302, attributes: 446, etapi_tokens: 0, blobs: 270
21:50:15.951 All consistency checks passed with no errors detected (took 15ms)
22:50:15.941 Table counts: notes: 299, revisions: 59, attachments: 38, branches: 302, attributes: 446, etapi_tokens: 0, blobs: 270
22:50:15.961 All consistency checks passed with no errors detected (took 21ms)
23:50:15.746 Optimizing database
23:50:15.748 Optimization finished in 1ms.
23:50:15.941 Table counts: notes: 299, revisions: 59, attachments: 38, branches: 302, attributes: 446, etapi_tokens: 0, blobs: 270
23:50:15.960 All consistency checks passed with no errors detected (took 19ms)
